[2024-06-04T10:06:14.598+0000] {taskinstance.py:1979} INFO - Dependencies all met for dep_context=non-requeueable deps ti=<TaskInstance: dag_runs.create_postgres_table scheduled__2024-05-31T12:00:00+00:00 [queued]>
[2024-06-04T10:06:14.686+0000] {taskinstance.py:1979} INFO - Dependencies all met for dep_context=requeueable deps ti=<TaskInstance: dag_runs.create_postgres_table scheduled__2024-05-31T12:00:00+00:00 [queued]>
[2024-06-04T10:06:14.687+0000] {taskinstance.py:2193} INFO - Starting attempt 1 of 2
[2024-06-04T10:06:14.709+0000] {taskinstance.py:2217} INFO - Executing <Task(PostgresOperator): create_postgres_table> on 2024-05-31 12:00:00+00:00
[2024-06-04T10:06:14.795+0000] {standard_task_runner.py:60} INFO - Started process 484 to run task
[2024-06-04T10:06:14.801+0000] {standard_task_runner.py:87} INFO - Running: ['***', 'tasks', 'run', 'dag_runs', 'create_postgres_table', 'scheduled__2024-05-31T12:00:00+00:00', '--job-id', '358', '--raw', '--subdir', 'DAGS_FOLDER/dag_runs.py', '--cfg-path', '/tmp/tmpnkootben']
[2024-06-04T10:06:14.803+0000] {standard_task_runner.py:88} INFO - Job 358: Subtask create_postgres_table
[2024-06-04T10:06:15.291+0000] {task_command.py:423} INFO - Running <TaskInstance: dag_runs.create_postgres_table scheduled__2024-05-31T12:00:00+00:00 [running]> on host d20949f126de
[2024-06-04T10:06:15.813+0000] {taskinstance.py:2513} INFO - Exporting env vars: AIRFLOW_CTX_DAG_OWNER='***' AIRFLOW_CTX_DAG_ID='dag_runs' AIRFLOW_CTX_TASK_ID='create_postgres_table' AIRFLOW_CTX_EXECUTION_DATE='2024-05-31T12:00:00+00:00' AIRFLOW_CTX_TRY_NUMBER='1' AIRFLOW_CTX_DAG_RUN_ID='scheduled__2024-05-31T12:00:00+00:00'
[2024-06-04T10:06:15.815+0000] {sql.py:276} INFO - Executing: 
            create table if not exists dag_runs (
                dt date,
                dag_id character varying,
                primary key (dt, dag_id)
            )
        
[2024-06-04T10:06:15.891+0000] {base.py:83} INFO - Using connection ID 'postgres_localhost' for task execution.
[2024-06-04T10:06:15.987+0000] {base.py:83} INFO - Using connection ID 'postgres_localhost' for task execution.
[2024-06-04T10:06:15.995+0000] {sql.py:457} INFO - Running statement: 
            create table if not exists dag_runs (
                dt date,
                dag_id character varying,
                primary key (dt, dag_id)
            )
        , parameters: None
[2024-06-04T10:06:16.000+0000] {warnings.py:109} WARNING - /home/***/.local/lib/python3.8/site-packages/***/providers/common/sql/hooks/sql.py:407: AirflowProviderDeprecationWarning: Call to deprecated method _make_common_data_structure. (The `_make_serializable` method is deprecated and support will be removed in a future version of the common.sql provider. Please update the DbApiHook's provider to a version based on common.sql >= 1.9.1.)
  result = self._make_common_data_structure(handler(cur))

[2024-06-04T10:06:16.089+0000] {taskinstance.py:1149} INFO - Marking task as SUCCESS. dag_id=dag_runs, task_id=create_postgres_table, execution_date=20240531T120000, start_date=20240604T100614, end_date=20240604T100616
[2024-06-04T10:06:16.281+0000] {local_task_job_runner.py:234} INFO - Task exited with return code 0
[2024-06-04T10:06:16.611+0000] {warnings.py:109} WARNING - /home/***/.local/lib/python3.8/site-packages/***/models/baseoperator.py:1201: AirflowProviderDeprecationWarning: Call to deprecated class PostgresOperator. (Please use `***.providers.common.sql.operators.sql.SQLExecuteQueryOperator`.Also, you can provide `hook_params={'schema': <database>}`.)
  result = cls.__new__(cls)

[2024-06-04T10:06:16.783+0000] {taskinstance.py:3312} INFO - 0 downstream tasks scheduled from follow-on schedule check
[2024-06-04T12:02:53.029+0000] {taskinstance.py:1979} INFO - Dependencies all met for dep_context=non-requeueable deps ti=<TaskInstance: dag_runs.create_postgres_table scheduled__2024-05-31T12:00:00+00:00 [queued]>
[2024-06-04T12:02:53.127+0000] {taskinstance.py:1979} INFO - Dependencies all met for dep_context=requeueable deps ti=<TaskInstance: dag_runs.create_postgres_table scheduled__2024-05-31T12:00:00+00:00 [queued]>
[2024-06-04T12:02:53.128+0000] {taskinstance.py:2193} INFO - Starting attempt 1 of 4
[2024-06-04T12:02:53.224+0000] {taskinstance.py:2217} INFO - Executing <Task(PostgresOperator): create_postgres_table> on 2024-05-31 12:00:00+00:00
[2024-06-04T12:02:53.241+0000] {standard_task_runner.py:60} INFO - Started process 514 to run task
[2024-06-04T12:02:53.327+0000] {standard_task_runner.py:87} INFO - Running: ['***', 'tasks', 'run', 'dag_runs', 'create_postgres_table', 'scheduled__2024-05-31T12:00:00+00:00', '--job-id', '505', '--raw', '--subdir', 'DAGS_FOLDER/dag_runs.py', '--cfg-path', '/tmp/tmpvie17h0g']
[2024-06-04T12:02:53.329+0000] {standard_task_runner.py:88} INFO - Job 505: Subtask create_postgres_table
[2024-06-04T12:02:53.826+0000] {task_command.py:423} INFO - Running <TaskInstance: dag_runs.create_postgres_table scheduled__2024-05-31T12:00:00+00:00 [running]> on host d20949f126de
[2024-06-04T12:02:54.432+0000] {taskinstance.py:2513} INFO - Exporting env vars: AIRFLOW_CTX_DAG_OWNER='***' AIRFLOW_CTX_DAG_ID='dag_runs' AIRFLOW_CTX_TASK_ID='create_postgres_table' AIRFLOW_CTX_EXECUTION_DATE='2024-05-31T12:00:00+00:00' AIRFLOW_CTX_TRY_NUMBER='1' AIRFLOW_CTX_DAG_RUN_ID='scheduled__2024-05-31T12:00:00+00:00'
[2024-06-04T12:02:54.434+0000] {sql.py:276} INFO - Executing: 
            create table if not exists dag_runs (
                dt date,
                dag_id character varying,
                primary key (dt, dag_id)
            )
        
[2024-06-04T12:02:54.524+0000] {base.py:83} INFO - Using connection ID 'postgres_localhost' for task execution.
[2024-06-04T12:02:54.540+0000] {base.py:83} INFO - Using connection ID 'postgres_localhost' for task execution.
[2024-06-04T12:02:54.625+0000] {sql.py:457} INFO - Running statement: 
            create table if not exists dag_runs (
                dt date,
                dag_id character varying,
                primary key (dt, dag_id)
            )
        , parameters: None
[2024-06-04T12:02:54.627+0000] {warnings.py:109} WARNING - /home/***/.local/lib/python3.8/site-packages/***/providers/common/sql/hooks/sql.py:407: AirflowProviderDeprecationWarning: Call to deprecated method _make_common_data_structure. (The `_make_serializable` method is deprecated and support will be removed in a future version of the common.sql provider. Please update the DbApiHook's provider to a version based on common.sql >= 1.9.1.)
  result = self._make_common_data_structure(handler(cur))

[2024-06-04T12:02:54.722+0000] {taskinstance.py:1149} INFO - Marking task as SUCCESS. dag_id=dag_runs, task_id=create_postgres_table, execution_date=20240531T120000, start_date=20240604T120253, end_date=20240604T120254
[2024-06-04T12:02:54.915+0000] {local_task_job_runner.py:234} INFO - Task exited with return code 0
[2024-06-04T12:02:55.021+0000] {warnings.py:109} WARNING - /home/***/.local/lib/python3.8/site-packages/***/models/baseoperator.py:1201: AirflowProviderDeprecationWarning: Call to deprecated class PostgresOperator. (Please use `***.providers.common.sql.operators.sql.SQLExecuteQueryOperator`.Also, you can provide `hook_params={'schema': <database>}`.)
  result = cls.__new__(cls)

[2024-06-04T12:02:55.128+0000] {taskinstance.py:3312} INFO - 1 downstream tasks scheduled from follow-on schedule check
[2024-06-04T12:12:21.621+0000] {taskinstance.py:1979} INFO - Dependencies all met for dep_context=non-requeueable deps ti=<TaskInstance: dag_runs.create_postgres_table scheduled__2024-05-31T12:00:00+00:00 [queued]>
[2024-06-04T12:12:21.723+0000] {taskinstance.py:1979} INFO - Dependencies all met for dep_context=requeueable deps ti=<TaskInstance: dag_runs.create_postgres_table scheduled__2024-05-31T12:00:00+00:00 [queued]>
[2024-06-04T12:12:21.724+0000] {taskinstance.py:2193} INFO - Starting attempt 1 of 4
[2024-06-04T12:12:21.739+0000] {taskinstance.py:2217} INFO - Executing <Task(PostgresOperator): create_postgres_table> on 2024-05-31 12:00:00+00:00
[2024-06-04T12:12:21.832+0000] {standard_task_runner.py:60} INFO - Started process 539 to run task
[2024-06-04T12:12:21.839+0000] {standard_task_runner.py:87} INFO - Running: ['***', 'tasks', 'run', 'dag_runs', 'create_postgres_table', 'scheduled__2024-05-31T12:00:00+00:00', '--job-id', '655', '--raw', '--subdir', 'DAGS_FOLDER/dag_runs.py', '--cfg-path', '/tmp/tmpu2vyyvt1']
[2024-06-04T12:12:21.841+0000] {standard_task_runner.py:88} INFO - Job 655: Subtask create_postgres_table
[2024-06-04T12:12:22.133+0000] {task_command.py:423} INFO - Running <TaskInstance: dag_runs.create_postgres_table scheduled__2024-05-31T12:00:00+00:00 [running]> on host d20949f126de
[2024-06-04T12:12:22.720+0000] {taskinstance.py:2513} INFO - Exporting env vars: AIRFLOW_CTX_DAG_OWNER='***' AIRFLOW_CTX_DAG_ID='dag_runs' AIRFLOW_CTX_TASK_ID='create_postgres_table' AIRFLOW_CTX_EXECUTION_DATE='2024-05-31T12:00:00+00:00' AIRFLOW_CTX_TRY_NUMBER='1' AIRFLOW_CTX_DAG_RUN_ID='scheduled__2024-05-31T12:00:00+00:00'
[2024-06-04T12:12:22.723+0000] {sql.py:276} INFO - Executing: 
            create table if not exists dag_runs (
                dt date,
                dag_id character varying,
                primary key (dt, dag_id)
            )
        
[2024-06-04T12:12:22.737+0000] {base.py:83} INFO - Using connection ID 'postgres_localhost' for task execution.
[2024-06-04T12:12:22.830+0000] {base.py:83} INFO - Using connection ID 'postgres_localhost' for task execution.
[2024-06-04T12:12:22.916+0000] {sql.py:457} INFO - Running statement: 
            create table if not exists dag_runs (
                dt date,
                dag_id character varying,
                primary key (dt, dag_id)
            )
        , parameters: None
[2024-06-04T12:12:22.918+0000] {warnings.py:109} WARNING - /home/***/.local/lib/python3.8/site-packages/***/providers/common/sql/hooks/sql.py:407: AirflowProviderDeprecationWarning: Call to deprecated method _make_common_data_structure. (The `_make_serializable` method is deprecated and support will be removed in a future version of the common.sql provider. Please update the DbApiHook's provider to a version based on common.sql >= 1.9.1.)
  result = self._make_common_data_structure(handler(cur))

[2024-06-04T12:12:22.939+0000] {taskinstance.py:1149} INFO - Marking task as SUCCESS. dag_id=dag_runs, task_id=create_postgres_table, execution_date=20240531T120000, start_date=20240604T121221, end_date=20240604T121222
[2024-06-04T12:12:23.118+0000] {local_task_job_runner.py:234} INFO - Task exited with return code 0
[2024-06-04T12:12:23.238+0000] {warnings.py:109} WARNING - /home/***/.local/lib/python3.8/site-packages/***/models/baseoperator.py:1201: AirflowProviderDeprecationWarning: Call to deprecated class PostgresOperator. (Please use `***.providers.common.sql.operators.sql.SQLExecuteQueryOperator`.Also, you can provide `hook_params={'schema': <database>}`.)
  result = cls.__new__(cls)

[2024-06-04T12:12:23.339+0000] {taskinstance.py:3312} INFO - 1 downstream tasks scheduled from follow-on schedule check
