[2024-06-04T10:05:24.100+0000] {taskinstance.py:1979} INFO - Dependencies all met for dep_context=non-requeueable deps ti=<TaskInstance: dag_runs.delete_data_from_table scheduled__2024-05-07T12:00:00+00:00 [queued]>
[2024-06-04T10:05:24.112+0000] {taskinstance.py:1979} INFO - Dependencies all met for dep_context=requeueable deps ti=<TaskInstance: dag_runs.delete_data_from_table scheduled__2024-05-07T12:00:00+00:00 [queued]>
[2024-06-04T10:05:24.113+0000] {taskinstance.py:2193} INFO - Starting attempt 1 of 2
[2024-06-04T10:05:24.192+0000] {taskinstance.py:2217} INFO - Executing <Task(PostgresOperator): delete_data_from_table> on 2024-05-07 12:00:00+00:00
[2024-06-04T10:05:24.205+0000] {standard_task_runner.py:60} INFO - Started process 252 to run task
[2024-06-04T10:05:24.287+0000] {standard_task_runner.py:87} INFO - Running: ['***', 'tasks', 'run', 'dag_runs', 'delete_data_from_table', 'scheduled__2024-05-07T12:00:00+00:00', '--job-id', '286', '--raw', '--subdir', 'DAGS_FOLDER/dag_runs.py', '--cfg-path', '/tmp/tmpzfm9o7la']
[2024-06-04T10:05:24.290+0000] {standard_task_runner.py:88} INFO - Job 286: Subtask delete_data_from_table
[2024-06-04T10:05:24.609+0000] {task_command.py:423} INFO - Running <TaskInstance: dag_runs.delete_data_from_table scheduled__2024-05-07T12:00:00+00:00 [running]> on host d20949f126de
[2024-06-04T10:05:25.289+0000] {taskinstance.py:2513} INFO - Exporting env vars: AIRFLOW_CTX_DAG_OWNER='***' AIRFLOW_CTX_DAG_ID='dag_runs' AIRFLOW_CTX_TASK_ID='delete_data_from_table' AIRFLOW_CTX_EXECUTION_DATE='2024-05-07T12:00:00+00:00' AIRFLOW_CTX_TRY_NUMBER='1' AIRFLOW_CTX_DAG_RUN_ID='scheduled__2024-05-07T12:00:00+00:00'
[2024-06-04T10:05:25.290+0000] {sql.py:276} INFO - Executing: 
            delete from dag_runs where dt = '2024-05-07' and dag_id = 'dag_runs';
        
[2024-06-04T10:05:25.400+0000] {base.py:83} INFO - Using connection ID 'postgres_localhost' for task execution.
[2024-06-04T10:05:25.506+0000] {base.py:83} INFO - Using connection ID 'postgres_localhost' for task execution.
[2024-06-04T10:05:25.602+0000] {sql.py:457} INFO - Running statement: 
            delete from dag_runs where dt = '2024-05-07' and dag_id = 'dag_runs';
        , parameters: None
[2024-06-04T10:05:25.606+0000] {sql.py:466} INFO - Rows affected: 0
[2024-06-04T10:05:25.607+0000] {warnings.py:109} WARNING - /home/***/.local/lib/python3.8/site-packages/***/providers/common/sql/hooks/sql.py:407: AirflowProviderDeprecationWarning: Call to deprecated method _make_common_data_structure. (The `_make_serializable` method is deprecated and support will be removed in a future version of the common.sql provider. Please update the DbApiHook's provider to a version based on common.sql >= 1.9.1.)
  result = self._make_common_data_structure(handler(cur))

[2024-06-04T10:05:25.691+0000] {taskinstance.py:1149} INFO - Marking task as SUCCESS. dag_id=dag_runs, task_id=delete_data_from_table, execution_date=20240507T120000, start_date=20240604T100524, end_date=20240604T100525
[2024-06-04T10:05:25.981+0000] {local_task_job_runner.py:234} INFO - Task exited with return code 0
[2024-06-04T10:05:25.999+0000] {warnings.py:109} WARNING - /home/***/.local/lib/python3.8/site-packages/***/models/baseoperator.py:1201: AirflowProviderDeprecationWarning: Call to deprecated class PostgresOperator. (Please use `***.providers.common.sql.operators.sql.SQLExecuteQueryOperator`.Also, you can provide `hook_params={'schema': <database>}`.)
  result = cls.__new__(cls)

[2024-06-04T10:05:26.100+0000] {taskinstance.py:3312} INFO - 1 downstream tasks scheduled from follow-on schedule check
[2024-06-04T12:02:00.128+0000] {taskinstance.py:1979} INFO - Dependencies all met for dep_context=non-requeueable deps ti=<TaskInstance: dag_runs.delete_data_from_table scheduled__2024-05-07T12:00:00+00:00 [queued]>
[2024-06-04T12:02:00.225+0000] {taskinstance.py:1979} INFO - Dependencies all met for dep_context=requeueable deps ti=<TaskInstance: dag_runs.delete_data_from_table scheduled__2024-05-07T12:00:00+00:00 [queued]>
[2024-06-04T12:02:00.226+0000] {taskinstance.py:2193} INFO - Starting attempt 1 of 4
[2024-06-04T12:02:00.428+0000] {taskinstance.py:2217} INFO - Executing <Task(PostgresOperator): delete_data_from_table> on 2024-05-07 12:00:00+00:00
[2024-06-04T12:02:00.523+0000] {standard_task_runner.py:60} INFO - Started process 270 to run task
[2024-06-04T12:02:00.619+0000] {standard_task_runner.py:87} INFO - Running: ['***', 'tasks', 'run', 'dag_runs', 'delete_data_from_table', 'scheduled__2024-05-07T12:00:00+00:00', '--job-id', '424', '--raw', '--subdir', 'DAGS_FOLDER/dag_runs.py', '--cfg-path', '/tmp/tmp90s0g51l']
[2024-06-04T12:02:00.620+0000] {standard_task_runner.py:88} INFO - Job 424: Subtask delete_data_from_table
[2024-06-04T12:02:01.424+0000] {task_command.py:423} INFO - Running <TaskInstance: dag_runs.delete_data_from_table scheduled__2024-05-07T12:00:00+00:00 [running]> on host d20949f126de
[2024-06-04T12:02:02.720+0000] {taskinstance.py:2513} INFO - Exporting env vars: AIRFLOW_CTX_DAG_OWNER='***' AIRFLOW_CTX_DAG_ID='dag_runs' AIRFLOW_CTX_TASK_ID='delete_data_from_table' AIRFLOW_CTX_EXECUTION_DATE='2024-05-07T12:00:00+00:00' AIRFLOW_CTX_TRY_NUMBER='1' AIRFLOW_CTX_DAG_RUN_ID='scheduled__2024-05-07T12:00:00+00:00'
[2024-06-04T12:02:02.726+0000] {sql.py:276} INFO - Executing: 
            delete from dag_runs
        
[2024-06-04T12:02:02.923+0000] {base.py:83} INFO - Using connection ID 'postgres_localhost' for task execution.
[2024-06-04T12:02:03.126+0000] {base.py:83} INFO - Using connection ID 'postgres_localhost' for task execution.
[2024-06-04T12:02:03.415+0000] {sql.py:457} INFO - Running statement: 
            delete from dag_runs
        , parameters: None
[2024-06-04T12:02:03.515+0000] {sql.py:466} INFO - Rows affected: 0
[2024-06-04T12:02:03.516+0000] {warnings.py:109} WARNING - /home/***/.local/lib/python3.8/site-packages/***/providers/common/sql/hooks/sql.py:407: AirflowProviderDeprecationWarning: Call to deprecated method _make_common_data_structure. (The `_make_serializable` method is deprecated and support will be removed in a future version of the common.sql provider. Please update the DbApiHook's provider to a version based on common.sql >= 1.9.1.)
  result = self._make_common_data_structure(handler(cur))

[2024-06-04T12:02:03.724+0000] {taskinstance.py:1149} INFO - Marking task as SUCCESS. dag_id=dag_runs, task_id=delete_data_from_table, execution_date=20240507T120000, start_date=20240604T120200, end_date=20240604T120203
[2024-06-04T12:02:04.315+0000] {local_task_job_runner.py:234} INFO - Task exited with return code 0
[2024-06-04T12:02:06.118+0000] {warnings.py:109} WARNING - /home/***/.local/lib/python3.8/site-packages/***/models/baseoperator.py:1201: AirflowProviderDeprecationWarning: Call to deprecated class PostgresOperator. (Please use `***.providers.common.sql.operators.sql.SQLExecuteQueryOperator`.Also, you can provide `hook_params={'schema': <database>}`.)
  result = cls.__new__(cls)

[2024-06-04T12:02:06.230+0000] {taskinstance.py:3312} INFO - 0 downstream tasks scheduled from follow-on schedule check
[2024-06-04T12:11:00.546+0000] {taskinstance.py:1979} INFO - Dependencies all met for dep_context=non-requeueable deps ti=<TaskInstance: dag_runs.delete_data_from_table scheduled__2024-05-07T12:00:00+00:00 [queued]>
[2024-06-04T12:11:00.625+0000] {taskinstance.py:1979} INFO - Dependencies all met for dep_context=requeueable deps ti=<TaskInstance: dag_runs.delete_data_from_table scheduled__2024-05-07T12:00:00+00:00 [queued]>
[2024-06-04T12:11:00.626+0000] {taskinstance.py:2193} INFO - Starting attempt 1 of 4
[2024-06-04T12:11:00.641+0000] {taskinstance.py:2217} INFO - Executing <Task(PostgresOperator): delete_data_from_table> on 2024-05-07 12:00:00+00:00
[2024-06-04T12:11:00.726+0000] {standard_task_runner.py:60} INFO - Started process 255 to run task
[2024-06-04T12:11:00.732+0000] {standard_task_runner.py:87} INFO - Running: ['***', 'tasks', 'run', 'dag_runs', 'delete_data_from_table', 'scheduled__2024-05-07T12:00:00+00:00', '--job-id', '566', '--raw', '--subdir', 'DAGS_FOLDER/dag_runs.py', '--cfg-path', '/tmp/tmp5n12om_e']
[2024-06-04T12:11:00.733+0000] {standard_task_runner.py:88} INFO - Job 566: Subtask delete_data_from_table
[2024-06-04T12:11:01.027+0000] {task_command.py:423} INFO - Running <TaskInstance: dag_runs.delete_data_from_table scheduled__2024-05-07T12:00:00+00:00 [running]> on host d20949f126de
[2024-06-04T12:11:01.521+0000] {taskinstance.py:2513} INFO - Exporting env vars: AIRFLOW_CTX_DAG_OWNER='***' AIRFLOW_CTX_DAG_ID='dag_runs' AIRFLOW_CTX_TASK_ID='delete_data_from_table' AIRFLOW_CTX_EXECUTION_DATE='2024-05-07T12:00:00+00:00' AIRFLOW_CTX_TRY_NUMBER='1' AIRFLOW_CTX_DAG_RUN_ID='scheduled__2024-05-07T12:00:00+00:00'
[2024-06-04T12:11:01.523+0000] {sql.py:276} INFO - Executing: 
            delete from dag_runs where dt = '2024-05-07' and dag_id = 'dag_runs';
        
[2024-06-04T12:11:01.718+0000] {base.py:83} INFO - Using connection ID 'postgres_localhost' for task execution.
[2024-06-04T12:11:01.742+0000] {base.py:83} INFO - Using connection ID 'postgres_localhost' for task execution.
[2024-06-04T12:11:01.822+0000] {sql.py:457} INFO - Running statement: 
            delete from dag_runs where dt = '2024-05-07' and dag_id = 'dag_runs';
        , parameters: None
[2024-06-04T12:11:01.824+0000] {sql.py:466} INFO - Rows affected: 0
[2024-06-04T12:11:01.825+0000] {warnings.py:109} WARNING - /home/***/.local/lib/python3.8/site-packages/***/providers/common/sql/hooks/sql.py:407: AirflowProviderDeprecationWarning: Call to deprecated method _make_common_data_structure. (The `_make_serializable` method is deprecated and support will be removed in a future version of the common.sql provider. Please update the DbApiHook's provider to a version based on common.sql >= 1.9.1.)
  result = self._make_common_data_structure(handler(cur))

[2024-06-04T12:11:01.921+0000] {taskinstance.py:1149} INFO - Marking task as SUCCESS. dag_id=dag_runs, task_id=delete_data_from_table, execution_date=20240507T120000, start_date=20240604T121100, end_date=20240604T121101
[2024-06-04T12:11:02.055+0000] {local_task_job_runner.py:234} INFO - Task exited with return code 0
[2024-06-04T12:11:02.130+0000] {warnings.py:109} WARNING - /home/***/.local/lib/python3.8/site-packages/***/models/baseoperator.py:1201: AirflowProviderDeprecationWarning: Call to deprecated class PostgresOperator. (Please use `***.providers.common.sql.operators.sql.SQLExecuteQueryOperator`.Also, you can provide `hook_params={'schema': <database>}`.)
  result = cls.__new__(cls)

[2024-06-04T12:11:02.329+0000] {taskinstance.py:3312} INFO - 1 downstream tasks scheduled from follow-on schedule check
