[2024-06-04T08:22:37.105+0000] {taskinstance.py:1979} INFO - Dependencies all met for dep_context=non-requeueable deps ti=<TaskInstance: dag_runs.insert_into_table scheduled__2023-05-22T00:00:00+00:00 [queued]>
[2024-06-04T08:22:37.113+0000] {taskinstance.py:1979} INFO - Dependencies all met for dep_context=requeueable deps ti=<TaskInstance: dag_runs.insert_into_table scheduled__2023-05-22T00:00:00+00:00 [queued]>
[2024-06-04T08:22:37.114+0000] {taskinstance.py:2193} INFO - Starting attempt 1 of 3
[2024-06-04T08:22:37.128+0000] {taskinstance.py:2217} INFO - Executing <Task(PostgresOperator): insert_into_table> on 2023-05-22 00:00:00+00:00
[2024-06-04T08:22:37.139+0000] {standard_task_runner.py:60} INFO - Started process 302 to run task
[2024-06-04T08:22:37.143+0000] {standard_task_runner.py:87} INFO - Running: ['***', 'tasks', 'run', 'dag_runs', 'insert_into_table', 'scheduled__2023-05-22T00:00:00+00:00', '--job-id', '168', '--raw', '--subdir', 'DAGS_FOLDER/dag_runs.py', '--cfg-path', '/tmp/tmpfw4a7xb4']
[2024-06-04T08:22:37.146+0000] {standard_task_runner.py:88} INFO - Job 168: Subtask insert_into_table
[2024-06-04T08:22:37.195+0000] {task_command.py:423} INFO - Running <TaskInstance: dag_runs.insert_into_table scheduled__2023-05-22T00:00:00+00:00 [running]> on host d20949f126de
[2024-06-04T08:22:37.289+0000] {taskinstance.py:2513} INFO - Exporting env vars: AIRFLOW_CTX_DAG_OWNER='bsp' AIRFLOW_CTX_DAG_ID='dag_runs' AIRFLOW_CTX_TASK_ID='insert_into_table' AIRFLOW_CTX_EXECUTION_DATE='2023-05-22T00:00:00+00:00' AIRFLOW_CTX_TRY_NUMBER='1' AIRFLOW_CTX_DAG_RUN_ID='scheduled__2023-05-22T00:00:00+00:00'
[2024-06-04T08:22:37.291+0000] {sql.py:276} INFO - Executing: 
            insert into dag_runs (dt, dag_id) values ('2023-05-22', 'dag_runs')
        
[2024-06-04T08:22:37.302+0000] {base.py:83} INFO - Using connection ID 'postgres_localhost' for task execution.
[2024-06-04T08:22:37.313+0000] {base.py:83} INFO - Using connection ID 'postgres_localhost' for task execution.
[2024-06-04T08:22:37.321+0000] {sql.py:457} INFO - Running statement: 
            insert into dag_runs (dt, dag_id) values ('2023-05-22', 'dag_runs')
        , parameters: None
[2024-06-04T08:22:37.322+0000] {sql.py:466} INFO - Rows affected: 1
[2024-06-04T08:22:37.323+0000] {warnings.py:109} WARNING - /home/***/.local/lib/python3.8/site-packages/***/providers/common/sql/hooks/sql.py:407: AirflowProviderDeprecationWarning: Call to deprecated method _make_common_data_structure. (The `_make_serializable` method is deprecated and support will be removed in a future version of the common.sql provider. Please update the DbApiHook's provider to a version based on common.sql >= 1.9.1.)
  result = self._make_common_data_structure(handler(cur))

[2024-06-04T08:22:37.334+0000] {taskinstance.py:1149} INFO - Marking task as SUCCESS. dag_id=dag_runs, task_id=insert_into_table, execution_date=20230522T000000, start_date=20240604T082237, end_date=20240604T082237
[2024-06-04T08:22:37.395+0000] {local_task_job_runner.py:234} INFO - Task exited with return code 0
[2024-06-04T08:22:37.414+0000] {taskinstance.py:3312} INFO - 0 downstream tasks scheduled from follow-on schedule check
