[2024-06-04T10:06:19.387+0000] {taskinstance.py:1979} INFO - Dependencies all met for dep_context=non-requeueable deps ti=<TaskInstance: dag_runs.insert_into_table scheduled__2024-05-23T12:00:00+00:00 [queued]>
[2024-06-04T10:06:19.401+0000] {taskinstance.py:1979} INFO - Dependencies all met for dep_context=requeueable deps ti=<TaskInstance: dag_runs.insert_into_table scheduled__2024-05-23T12:00:00+00:00 [queued]>
[2024-06-04T10:06:19.401+0000] {taskinstance.py:2193} INFO - Starting attempt 1 of 2
[2024-06-04T10:06:19.491+0000] {taskinstance.py:2217} INFO - Executing <Task(PostgresOperator): insert_into_table> on 2024-05-23 12:00:00+00:00
[2024-06-04T10:06:19.504+0000] {standard_task_runner.py:60} INFO - Started process 512 to run task
[2024-06-04T10:06:19.592+0000] {standard_task_runner.py:87} INFO - Running: ['***', 'tasks', 'run', 'dag_runs', 'insert_into_table', 'scheduled__2024-05-23T12:00:00+00:00', '--job-id', '368', '--raw', '--subdir', 'DAGS_FOLDER/dag_runs.py', '--cfg-path', '/tmp/tmp5dokbm0x']
[2024-06-04T10:06:19.595+0000] {standard_task_runner.py:88} INFO - Job 368: Subtask insert_into_table
[2024-06-04T10:06:19.900+0000] {task_command.py:423} INFO - Running <TaskInstance: dag_runs.insert_into_table scheduled__2024-05-23T12:00:00+00:00 [running]> on host d20949f126de
[2024-06-04T10:06:20.682+0000] {taskinstance.py:2513} INFO - Exporting env vars: AIRFLOW_CTX_DAG_OWNER='***' AIRFLOW_CTX_DAG_ID='dag_runs' AIRFLOW_CTX_TASK_ID='insert_into_table' AIRFLOW_CTX_EXECUTION_DATE='2024-05-23T12:00:00+00:00' AIRFLOW_CTX_TRY_NUMBER='1' AIRFLOW_CTX_DAG_RUN_ID='scheduled__2024-05-23T12:00:00+00:00'
[2024-06-04T10:06:20.688+0000] {sql.py:276} INFO - Executing: 
            insert into dag_runs (dt, dag_id) values ('2024-05-23', 'dag_runs')
        
[2024-06-04T10:06:20.705+0000] {base.py:83} INFO - Using connection ID 'postgres_localhost' for task execution.
[2024-06-04T10:06:20.795+0000] {base.py:83} INFO - Using connection ID 'postgres_localhost' for task execution.
[2024-06-04T10:06:20.890+0000] {sql.py:457} INFO - Running statement: 
            insert into dag_runs (dt, dag_id) values ('2024-05-23', 'dag_runs')
        , parameters: None
[2024-06-04T10:06:20.893+0000] {sql.py:466} INFO - Rows affected: 1
[2024-06-04T10:06:20.894+0000] {warnings.py:109} WARNING - /home/***/.local/lib/python3.8/site-packages/***/providers/common/sql/hooks/sql.py:407: AirflowProviderDeprecationWarning: Call to deprecated method _make_common_data_structure. (The `_make_serializable` method is deprecated and support will be removed in a future version of the common.sql provider. Please update the DbApiHook's provider to a version based on common.sql >= 1.9.1.)
  result = self._make_common_data_structure(handler(cur))

[2024-06-04T10:06:20.997+0000] {taskinstance.py:1149} INFO - Marking task as SUCCESS. dag_id=dag_runs, task_id=insert_into_table, execution_date=20240523T120000, start_date=20240604T100619, end_date=20240604T100620
[2024-06-04T10:06:21.281+0000] {local_task_job_runner.py:234} INFO - Task exited with return code 0
[2024-06-04T10:06:21.303+0000] {warnings.py:109} WARNING - /home/***/.local/lib/python3.8/site-packages/***/models/baseoperator.py:1201: AirflowProviderDeprecationWarning: Call to deprecated class PostgresOperator. (Please use `***.providers.common.sql.operators.sql.SQLExecuteQueryOperator`.Also, you can provide `hook_params={'schema': <database>}`.)
  result = cls.__new__(cls)

[2024-06-04T10:06:21.605+0000] {taskinstance.py:3312} INFO - 1 downstream tasks scheduled from follow-on schedule check
[2024-06-04T12:02:57.533+0000] {taskinstance.py:1979} INFO - Dependencies all met for dep_context=non-requeueable deps ti=<TaskInstance: dag_runs.insert_into_table scheduled__2024-05-23T12:00:00+00:00 [queued]>
[2024-06-04T12:02:57.545+0000] {taskinstance.py:1979} INFO - Dependencies all met for dep_context=requeueable deps ti=<TaskInstance: dag_runs.insert_into_table scheduled__2024-05-23T12:00:00+00:00 [queued]>
[2024-06-04T12:02:57.545+0000] {taskinstance.py:2193} INFO - Starting attempt 1 of 4
[2024-06-04T12:02:57.630+0000] {taskinstance.py:2217} INFO - Executing <Task(PostgresOperator): insert_into_table> on 2024-05-23 12:00:00+00:00
[2024-06-04T12:02:57.646+0000] {standard_task_runner.py:60} INFO - Started process 530 to run task
[2024-06-04T12:02:57.725+0000] {standard_task_runner.py:87} INFO - Running: ['***', 'tasks', 'run', 'dag_runs', 'insert_into_table', 'scheduled__2024-05-23T12:00:00+00:00', '--job-id', '510', '--raw', '--subdir', 'DAGS_FOLDER/dag_runs.py', '--cfg-path', '/tmp/tmpvlb3pr2x']
[2024-06-04T12:02:57.727+0000] {standard_task_runner.py:88} INFO - Job 510: Subtask insert_into_table
[2024-06-04T12:02:57.936+0000] {task_command.py:423} INFO - Running <TaskInstance: dag_runs.insert_into_table scheduled__2024-05-23T12:00:00+00:00 [running]> on host d20949f126de
[2024-06-04T12:02:58.344+0000] {taskinstance.py:2513} INFO - Exporting env vars: AIRFLOW_CTX_DAG_OWNER='***' AIRFLOW_CTX_DAG_ID='dag_runs' AIRFLOW_CTX_TASK_ID='insert_into_table' AIRFLOW_CTX_EXECUTION_DATE='2024-05-23T12:00:00+00:00' AIRFLOW_CTX_TRY_NUMBER='1' AIRFLOW_CTX_DAG_RUN_ID='scheduled__2024-05-23T12:00:00+00:00'
[2024-06-04T12:02:58.345+0000] {sql.py:276} INFO - Executing: 
            insert into dag_runs (dt, dag_id) values ('2024-05-23', 'dag_runs')
        
[2024-06-04T12:02:58.430+0000] {base.py:83} INFO - Using connection ID 'postgres_localhost' for task execution.
[2024-06-04T12:02:58.441+0000] {base.py:83} INFO - Using connection ID 'postgres_localhost' for task execution.
[2024-06-04T12:02:58.518+0000] {sql.py:457} INFO - Running statement: 
            insert into dag_runs (dt, dag_id) values ('2024-05-23', 'dag_runs')
        , parameters: None
[2024-06-04T12:02:58.519+0000] {sql.py:466} INFO - Rows affected: 1
[2024-06-04T12:02:58.520+0000] {warnings.py:109} WARNING - /home/***/.local/lib/python3.8/site-packages/***/providers/common/sql/hooks/sql.py:407: AirflowProviderDeprecationWarning: Call to deprecated method _make_common_data_structure. (The `_make_serializable` method is deprecated and support will be removed in a future version of the common.sql provider. Please update the DbApiHook's provider to a version based on common.sql >= 1.9.1.)
  result = self._make_common_data_structure(handler(cur))

[2024-06-04T12:02:58.535+0000] {taskinstance.py:1149} INFO - Marking task as SUCCESS. dag_id=dag_runs, task_id=insert_into_table, execution_date=20240523T120000, start_date=20240604T120257, end_date=20240604T120258
[2024-06-04T12:02:58.715+0000] {local_task_job_runner.py:234} INFO - Task exited with return code 0
[2024-06-04T12:02:58.732+0000] {warnings.py:109} WARNING - /home/***/.local/lib/python3.8/site-packages/***/models/baseoperator.py:1201: AirflowProviderDeprecationWarning: Call to deprecated class PostgresOperator. (Please use `***.providers.common.sql.operators.sql.SQLExecuteQueryOperator`.Also, you can provide `hook_params={'schema': <database>}`.)
  result = cls.__new__(cls)

[2024-06-04T12:02:58.819+0000] {taskinstance.py:3312} INFO - 1 downstream tasks scheduled from follow-on schedule check
[2024-06-04T12:12:04.135+0000] {taskinstance.py:1979} INFO - Dependencies all met for dep_context=non-requeueable deps ti=<TaskInstance: dag_runs.insert_into_table scheduled__2024-05-23T12:00:00+00:00 [queued]>
[2024-06-04T12:12:04.231+0000] {taskinstance.py:1979} INFO - Dependencies all met for dep_context=requeueable deps ti=<TaskInstance: dag_runs.insert_into_table scheduled__2024-05-23T12:00:00+00:00 [queued]>
[2024-06-04T12:12:04.232+0000] {taskinstance.py:2193} INFO - Starting attempt 1 of 4
[2024-06-04T12:12:04.329+0000] {taskinstance.py:2217} INFO - Executing <Task(PostgresOperator): insert_into_table> on 2024-05-23 12:00:00+00:00
[2024-06-04T12:12:04.442+0000] {standard_task_runner.py:60} INFO - Started process 499 to run task
[2024-06-04T12:12:04.519+0000] {standard_task_runner.py:87} INFO - Running: ['***', 'tasks', 'run', 'dag_runs', 'insert_into_table', 'scheduled__2024-05-23T12:00:00+00:00', '--job-id', '642', '--raw', '--subdir', 'DAGS_FOLDER/dag_runs.py', '--cfg-path', '/tmp/tmpozmwp4n5']
[2024-06-04T12:12:04.521+0000] {standard_task_runner.py:88} INFO - Job 642: Subtask insert_into_table
[2024-06-04T12:12:04.925+0000] {task_command.py:423} INFO - Running <TaskInstance: dag_runs.insert_into_table scheduled__2024-05-23T12:00:00+00:00 [running]> on host d20949f126de
[2024-06-04T12:12:05.517+0000] {taskinstance.py:2513} INFO - Exporting env vars: AIRFLOW_CTX_DAG_OWNER='***' AIRFLOW_CTX_DAG_ID='dag_runs' AIRFLOW_CTX_TASK_ID='insert_into_table' AIRFLOW_CTX_EXECUTION_DATE='2024-05-23T12:00:00+00:00' AIRFLOW_CTX_TRY_NUMBER='1' AIRFLOW_CTX_DAG_RUN_ID='scheduled__2024-05-23T12:00:00+00:00'
[2024-06-04T12:12:05.519+0000] {sql.py:276} INFO - Executing: 
            insert into dag_runs (dt, dag_id) values ('2024-05-23', 'dag_runs')
        
[2024-06-04T12:12:05.538+0000] {base.py:83} INFO - Using connection ID 'postgres_localhost' for task execution.
[2024-06-04T12:12:05.636+0000] {base.py:83} INFO - Using connection ID 'postgres_localhost' for task execution.
[2024-06-04T12:12:05.719+0000] {sql.py:457} INFO - Running statement: 
            insert into dag_runs (dt, dag_id) values ('2024-05-23', 'dag_runs')
        , parameters: None
[2024-06-04T12:12:05.721+0000] {sql.py:466} INFO - Rows affected: 1
[2024-06-04T12:12:05.724+0000] {warnings.py:109} WARNING - /home/***/.local/lib/python3.8/site-packages/***/providers/common/sql/hooks/sql.py:407: AirflowProviderDeprecationWarning: Call to deprecated method _make_common_data_structure. (The `_make_serializable` method is deprecated and support will be removed in a future version of the common.sql provider. Please update the DbApiHook's provider to a version based on common.sql >= 1.9.1.)
  result = self._make_common_data_structure(handler(cur))

[2024-06-04T12:12:05.827+0000] {taskinstance.py:1149} INFO - Marking task as SUCCESS. dag_id=dag_runs, task_id=insert_into_table, execution_date=20240523T120000, start_date=20240604T121204, end_date=20240604T121205
[2024-06-04T12:12:06.215+0000] {local_task_job_runner.py:234} INFO - Task exited with return code 0
[2024-06-04T12:12:08.029+0000] {warnings.py:109} WARNING - /home/***/.local/lib/python3.8/site-packages/***/models/baseoperator.py:1201: AirflowProviderDeprecationWarning: Call to deprecated class PostgresOperator. (Please use `***.providers.common.sql.operators.sql.SQLExecuteQueryOperator`.Also, you can provide `hook_params={'schema': <database>}`.)
  result = cls.__new__(cls)

[2024-06-04T12:12:08.125+0000] {taskinstance.py:3312} INFO - 0 downstream tasks scheduled from follow-on schedule check
