[2024-06-04T10:05:45.191+0000] {taskinstance.py:1979} INFO - Dependencies all met for dep_context=non-requeueable deps ti=<TaskInstance: dag_runs.filter_and_log scheduled__2024-05-06T12:00:00+00:00 [queued]>
[2024-06-04T10:05:45.289+0000] {taskinstance.py:1979} INFO - Dependencies all met for dep_context=requeueable deps ti=<TaskInstance: dag_runs.filter_and_log scheduled__2024-05-06T12:00:00+00:00 [queued]>
[2024-06-04T10:05:45.290+0000] {taskinstance.py:2193} INFO - Starting attempt 1 of 2
[2024-06-04T10:05:45.390+0000] {taskinstance.py:2217} INFO - Executing <Task(PythonOperator): filter_and_log> on 2024-05-06 12:00:00+00:00
[2024-06-04T10:05:45.492+0000] {standard_task_runner.py:60} INFO - Started process 348 to run task
[2024-06-04T10:05:45.507+0000] {standard_task_runner.py:87} INFO - Running: ['***', 'tasks', 'run', 'dag_runs', 'filter_and_log', 'scheduled__2024-05-06T12:00:00+00:00', '--job-id', '315', '--raw', '--subdir', 'DAGS_FOLDER/dag_runs.py', '--cfg-path', '/tmp/tmpn71zniuy']
[2024-06-04T10:05:45.509+0000] {standard_task_runner.py:88} INFO - Job 315: Subtask filter_and_log
[2024-06-04T10:05:45.905+0000] {task_command.py:423} INFO - Running <TaskInstance: dag_runs.filter_and_log scheduled__2024-05-06T12:00:00+00:00 [running]> on host d20949f126de
[2024-06-04T10:05:46.497+0000] {taskinstance.py:2513} INFO - Exporting env vars: AIRFLOW_CTX_DAG_OWNER='***' AIRFLOW_CTX_DAG_ID='dag_runs' AIRFLOW_CTX_TASK_ID='filter_and_log' AIRFLOW_CTX_EXECUTION_DATE='2024-05-06T12:00:00+00:00' AIRFLOW_CTX_TRY_NUMBER='1' AIRFLOW_CTX_DAG_RUN_ID='scheduled__2024-05-06T12:00:00+00:00'
[2024-06-04T10:05:46.594+0000] {base.py:83} INFO - Using connection ID 'postgres_localhost' for task execution.
[2024-06-04T10:05:46.699+0000] {dag_runs.py:31} INFO -             dt    dag_id
0   2023-03-29  dag_runs
1   2023-03-30  dag_runs
2   2023-03-27  dag_runs
3   2023-04-02  dag_runs
4   2023-03-31  dag_runs
5   2023-03-28  dag_runs
6   2023-04-01  dag_runs
7   2023-03-26  dag_runs
8   2023-03-25  dag_runs
9   2023-04-05  dag_runs
10  2023-04-03  dag_runs
11  2023-04-04  dag_runs
12  2023-04-07  dag_runs
13  2023-04-06  dag_runs
14  2023-04-08  dag_runs
15  2023-04-09  dag_runs
16  2023-04-11  dag_runs
17  2023-04-10  dag_runs
18  2023-04-12  dag_runs
19  2023-04-13  dag_runs
20  2023-04-14  dag_runs
21  2023-04-15  dag_runs
22  2023-04-17  dag_runs
23  2023-04-16  dag_runs
24  2023-04-18  dag_runs
25  2023-04-19  dag_runs
26  2023-04-20  dag_runs
27  2023-04-21  dag_runs
28  2023-04-22  dag_runs
29  2023-04-23  dag_runs
30  2023-04-24  dag_runs
31  2023-04-25  dag_runs
32  2023-04-27  dag_runs
33  2023-05-05  dag_runs
34  2023-05-10  dag_runs
35  2023-05-12  dag_runs
36  2023-05-13  dag_runs
37  2023-05-14  dag_runs
38  2023-05-15  dag_runs
39  2023-05-17  dag_runs
40  2023-05-16  dag_runs
41  2023-05-18  dag_runs
42  2023-05-19  dag_runs
43  2023-05-20  dag_runs
44  2023-05-21  dag_runs
45  2023-05-22  dag_runs
46  2023-05-23  dag_runs
47  2023-05-24  dag_runs
48  2023-05-25  dag_runs
49  2023-05-27  dag_runs
50  2023-05-26  dag_runs
51  2023-05-29  dag_runs
52  2023-05-28  dag_runs
53  2023-05-30  dag_runs
54  2023-05-31  dag_runs
55  2023-06-01  dag_runs
56  2023-06-02  dag_runs
57  2023-06-03  dag_runs
58  2023-06-04  dag_runs
59  2023-06-06  dag_runs
60  2023-06-05  dag_runs
61  2023-06-08  dag_runs
62  2023-06-07  dag_runs
63  2023-06-10  dag_runs
64  2023-04-26  dag_runs
65  2023-06-09  dag_runs
66  2023-04-30  dag_runs
67  2024-06-03  dag_runs
68  2023-05-01  dag_runs
69  2023-05-03  dag_runs
70  2023-05-02  dag_runs
71  2023-04-28  dag_runs
72  2023-05-04  dag_runs
73  2023-04-29  dag_runs
74  2023-05-09  dag_runs
75  2023-05-06  dag_runs
76  2023-05-07  dag_runs
77  2023-05-08  dag_runs
78  2023-05-11  dag_runs
79  2024-05-01  dag_runs
80  2024-05-05  dag_runs
81  2024-05-03  dag_runs
82  2024-05-04  dag_runs
83  2024-05-07  dag_runs
84  2024-05-02  dag_runs
85  2024-05-06  dag_runs
86  2024-05-09  dag_runs
87  2024-05-08  dag_runs
88  2024-05-10  dag_runs
89  2024-06-04  dag_runs
90  2024-05-11  dag_runs
[2024-06-04T10:05:46.700+0000] {python.py:202} INFO - Done. Returned value was: None
[2024-06-04T10:05:46.798+0000] {taskinstance.py:1149} INFO - Marking task as SUCCESS. dag_id=dag_runs, task_id=filter_and_log, execution_date=20240506T120000, start_date=20240604T100545, end_date=20240604T100546
[2024-06-04T10:05:47.081+0000] {local_task_job_runner.py:234} INFO - Task exited with return code 0
[2024-06-04T10:05:47.285+0000] {taskinstance.py:3312} INFO - 0 downstream tasks scheduled from follow-on schedule check
[2024-06-04T12:02:23.620+0000] {taskinstance.py:1979} INFO - Dependencies all met for dep_context=non-requeueable deps ti=<TaskInstance: dag_runs.filter_and_log scheduled__2024-05-06T12:00:00+00:00 [queued]>
[2024-06-04T12:02:23.632+0000] {taskinstance.py:1979} INFO - Dependencies all met for dep_context=requeueable deps ti=<TaskInstance: dag_runs.filter_and_log scheduled__2024-05-06T12:00:00+00:00 [queued]>
[2024-06-04T12:02:23.632+0000] {taskinstance.py:2193} INFO - Starting attempt 1 of 4
[2024-06-04T12:02:23.726+0000] {taskinstance.py:2217} INFO - Executing <Task(PythonOperator): filter_and_log> on 2024-05-06 12:00:00+00:00
[2024-06-04T12:02:23.818+0000] {standard_task_runner.py:60} INFO - Started process 360 to run task
[2024-06-04T12:02:23.828+0000] {standard_task_runner.py:87} INFO - Running: ['***', 'tasks', 'run', 'dag_runs', 'filter_and_log', 'scheduled__2024-05-06T12:00:00+00:00', '--job-id', '459', '--raw', '--subdir', 'DAGS_FOLDER/dag_runs.py', '--cfg-path', '/tmp/tmpkoz6y_ob']
[2024-06-04T12:02:23.829+0000] {standard_task_runner.py:88} INFO - Job 459: Subtask filter_and_log
[2024-06-04T12:02:24.039+0000] {task_command.py:423} INFO - Running <TaskInstance: dag_runs.filter_and_log scheduled__2024-05-06T12:00:00+00:00 [running]> on host d20949f126de
[2024-06-04T12:02:24.529+0000] {taskinstance.py:2513} INFO - Exporting env vars: AIRFLOW_CTX_DAG_OWNER='***' AIRFLOW_CTX_DAG_ID='dag_runs' AIRFLOW_CTX_TASK_ID='filter_and_log' AIRFLOW_CTX_EXECUTION_DATE='2024-05-06T12:00:00+00:00' AIRFLOW_CTX_TRY_NUMBER='1' AIRFLOW_CTX_DAG_RUN_ID='scheduled__2024-05-06T12:00:00+00:00'
[2024-06-04T12:02:24.541+0000] {base.py:83} INFO - Using connection ID 'postgres_localhost' for task execution.
[2024-06-04T12:02:24.628+0000] {dag_runs.py:33} INFO -            dt    dag_id
0  2024-05-10  dag_runs
1  2024-05-13  dag_runs
2  2024-05-12  dag_runs
[2024-06-04T12:02:24.628+0000] {python.py:202} INFO - Done. Returned value was: None
[2024-06-04T12:02:24.717+0000] {taskinstance.py:1149} INFO - Marking task as SUCCESS. dag_id=dag_runs, task_id=filter_and_log, execution_date=20240506T120000, start_date=20240604T120223, end_date=20240604T120224
[2024-06-04T12:02:24.915+0000] {local_task_job_runner.py:234} INFO - Task exited with return code 0
[2024-06-04T12:02:25.119+0000] {taskinstance.py:3312} INFO - 0 downstream tasks scheduled from follow-on schedule check
[2024-06-04T12:11:27.118+0000] {taskinstance.py:1979} INFO - Dependencies all met for dep_context=non-requeueable deps ti=<TaskInstance: dag_runs.filter_and_log scheduled__2024-05-06T12:00:00+00:00 [queued]>
[2024-06-04T12:11:27.132+0000] {taskinstance.py:1979} INFO - Dependencies all met for dep_context=requeueable deps ti=<TaskInstance: dag_runs.filter_and_log scheduled__2024-05-06T12:00:00+00:00 [queued]>
[2024-06-04T12:11:27.132+0000] {taskinstance.py:2193} INFO - Starting attempt 1 of 4
[2024-06-04T12:11:27.237+0000] {taskinstance.py:2217} INFO - Executing <Task(PythonOperator): filter_and_log> on 2024-05-06 12:00:00+00:00
[2024-06-04T12:11:27.328+0000] {standard_task_runner.py:60} INFO - Started process 355 to run task
[2024-06-04T12:11:27.335+0000] {standard_task_runner.py:87} INFO - Running: ['***', 'tasks', 'run', 'dag_runs', 'filter_and_log', 'scheduled__2024-05-06T12:00:00+00:00', '--job-id', '600', '--raw', '--subdir', 'DAGS_FOLDER/dag_runs.py', '--cfg-path', '/tmp/tmpp0o_lp2l']
[2024-06-04T12:11:27.339+0000] {standard_task_runner.py:88} INFO - Job 600: Subtask filter_and_log
[2024-06-04T12:11:27.817+0000] {task_command.py:423} INFO - Running <TaskInstance: dag_runs.filter_and_log scheduled__2024-05-06T12:00:00+00:00 [running]> on host d20949f126de
[2024-06-04T12:11:28.333+0000] {taskinstance.py:2513} INFO - Exporting env vars: AIRFLOW_CTX_DAG_OWNER='***' AIRFLOW_CTX_DAG_ID='dag_runs' AIRFLOW_CTX_TASK_ID='filter_and_log' AIRFLOW_CTX_EXECUTION_DATE='2024-05-06T12:00:00+00:00' AIRFLOW_CTX_TRY_NUMBER='1' AIRFLOW_CTX_DAG_RUN_ID='scheduled__2024-05-06T12:00:00+00:00'
[2024-06-04T12:11:28.426+0000] {base.py:83} INFO - Using connection ID 'postgres_localhost' for task execution.
[2024-06-04T12:11:28.515+0000] {dag_runs.py:33} INFO -             dt    dag_id
0   2024-06-02  dag_runs
1   2024-06-01  dag_runs
2   2024-06-03  dag_runs
3   2024-05-01  dag_runs
4   2024-06-04  dag_runs
5   2024-05-03  dag_runs
6   2024-05-02  dag_runs
7   2024-05-04  dag_runs
8   2024-05-06  dag_runs
9   2024-05-05  dag_runs
10  2024-05-07  dag_runs
11  2024-05-08  dag_runs
12  2024-05-09  dag_runs
13  2024-05-11  dag_runs
14  2024-05-10  dag_runs
15  2024-05-12  dag_runs
[2024-06-04T12:11:28.516+0000] {python.py:202} INFO - Done. Returned value was: None
[2024-06-04T12:11:28.533+0000] {taskinstance.py:1149} INFO - Marking task as SUCCESS. dag_id=dag_runs, task_id=filter_and_log, execution_date=20240506T120000, start_date=20240604T121127, end_date=20240604T121128
[2024-06-04T12:11:28.815+0000] {local_task_job_runner.py:234} INFO - Task exited with return code 0
[2024-06-04T12:11:28.837+0000] {taskinstance.py:3312} INFO - 0 downstream tasks scheduled from follow-on schedule check
