[2024-06-04T10:06:06.210+0000] {taskinstance.py:1979} INFO - Dependencies all met for dep_context=non-requeueable deps ti=<TaskInstance: dag_runs.delete_data_from_table scheduled__2024-05-17T12:00:00+00:00 [queued]>
[2024-06-04T10:06:06.291+0000] {taskinstance.py:1979} INFO - Dependencies all met for dep_context=requeueable deps ti=<TaskInstance: dag_runs.delete_data_from_table scheduled__2024-05-17T12:00:00+00:00 [queued]>
[2024-06-04T10:06:06.291+0000] {taskinstance.py:2193} INFO - Starting attempt 1 of 2
[2024-06-04T10:06:06.307+0000] {taskinstance.py:2217} INFO - Executing <Task(PostgresOperator): delete_data_from_table> on 2024-05-17 12:00:00+00:00
[2024-06-04T10:06:06.390+0000] {standard_task_runner.py:60} INFO - Started process 436 to run task
[2024-06-04T10:06:06.394+0000] {standard_task_runner.py:87} INFO - Running: ['***', 'tasks', 'run', 'dag_runs', 'delete_data_from_table', 'scheduled__2024-05-17T12:00:00+00:00', '--job-id', '344', '--raw', '--subdir', 'DAGS_FOLDER/dag_runs.py', '--cfg-path', '/tmp/tmpavuwo04e']
[2024-06-04T10:06:06.395+0000] {standard_task_runner.py:88} INFO - Job 344: Subtask delete_data_from_table
[2024-06-04T10:06:06.807+0000] {task_command.py:423} INFO - Running <TaskInstance: dag_runs.delete_data_from_table scheduled__2024-05-17T12:00:00+00:00 [running]> on host d20949f126de
[2024-06-04T10:06:07.292+0000] {taskinstance.py:2513} INFO - Exporting env vars: AIRFLOW_CTX_DAG_OWNER='***' AIRFLOW_CTX_DAG_ID='dag_runs' AIRFLOW_CTX_TASK_ID='delete_data_from_table' AIRFLOW_CTX_EXECUTION_DATE='2024-05-17T12:00:00+00:00' AIRFLOW_CTX_TRY_NUMBER='1' AIRFLOW_CTX_DAG_RUN_ID='scheduled__2024-05-17T12:00:00+00:00'
[2024-06-04T10:06:07.293+0000] {sql.py:276} INFO - Executing: 
            delete from dag_runs where dt = '2024-05-17' and dag_id = 'dag_runs';
        
[2024-06-04T10:06:07.383+0000] {base.py:83} INFO - Using connection ID 'postgres_localhost' for task execution.
[2024-06-04T10:06:07.395+0000] {base.py:83} INFO - Using connection ID 'postgres_localhost' for task execution.
[2024-06-04T10:06:07.403+0000] {sql.py:457} INFO - Running statement: 
            delete from dag_runs where dt = '2024-05-17' and dag_id = 'dag_runs';
        , parameters: None
[2024-06-04T10:06:07.405+0000] {sql.py:466} INFO - Rows affected: 0
[2024-06-04T10:06:07.406+0000] {warnings.py:109} WARNING - /home/***/.local/lib/python3.8/site-packages/***/providers/common/sql/hooks/sql.py:407: AirflowProviderDeprecationWarning: Call to deprecated method _make_common_data_structure. (The `_make_serializable` method is deprecated and support will be removed in a future version of the common.sql provider. Please update the DbApiHook's provider to a version based on common.sql >= 1.9.1.)
  result = self._make_common_data_structure(handler(cur))

[2024-06-04T10:06:07.493+0000] {taskinstance.py:1149} INFO - Marking task as SUCCESS. dag_id=dag_runs, task_id=delete_data_from_table, execution_date=20240517T120000, start_date=20240604T100606, end_date=20240604T100607
[2024-06-04T10:06:07.602+0000] {local_task_job_runner.py:234} INFO - Task exited with return code 0
[2024-06-04T10:06:08.110+0000] {warnings.py:109} WARNING - /home/***/.local/lib/python3.8/site-packages/***/models/baseoperator.py:1201: AirflowProviderDeprecationWarning: Call to deprecated class PostgresOperator. (Please use `***.providers.common.sql.operators.sql.SQLExecuteQueryOperator`.Also, you can provide `hook_params={'schema': <database>}`.)
  result = cls.__new__(cls)

[2024-06-04T10:06:08.206+0000] {taskinstance.py:3312} INFO - 0 downstream tasks scheduled from follow-on schedule check
[2024-06-04T12:02:33.045+0000] {taskinstance.py:1979} INFO - Dependencies all met for dep_context=non-requeueable deps ti=<TaskInstance: dag_runs.delete_data_from_table scheduled__2024-05-17T12:00:00+00:00 [queued]>
[2024-06-04T12:02:33.121+0000] {taskinstance.py:1979} INFO - Dependencies all met for dep_context=requeueable deps ti=<TaskInstance: dag_runs.delete_data_from_table scheduled__2024-05-17T12:00:00+00:00 [queued]>
[2024-06-04T12:02:33.122+0000] {taskinstance.py:2193} INFO - Starting attempt 1 of 4
[2024-06-04T12:02:33.138+0000] {taskinstance.py:2217} INFO - Executing <Task(PostgresOperator): delete_data_from_table> on 2024-05-17 12:00:00+00:00
[2024-06-04T12:02:33.149+0000] {standard_task_runner.py:60} INFO - Started process 410 to run task
[2024-06-04T12:02:33.217+0000] {standard_task_runner.py:87} INFO - Running: ['***', 'tasks', 'run', 'dag_runs', 'delete_data_from_table', 'scheduled__2024-05-17T12:00:00+00:00', '--job-id', '474', '--raw', '--subdir', 'DAGS_FOLDER/dag_runs.py', '--cfg-path', '/tmp/tmpwmyo9as7']
[2024-06-04T12:02:33.219+0000] {standard_task_runner.py:88} INFO - Job 474: Subtask delete_data_from_table
[2024-06-04T12:02:33.343+0000] {task_command.py:423} INFO - Running <TaskInstance: dag_runs.delete_data_from_table scheduled__2024-05-17T12:00:00+00:00 [running]> on host d20949f126de
[2024-06-04T12:02:33.636+0000] {taskinstance.py:2513} INFO - Exporting env vars: AIRFLOW_CTX_DAG_OWNER='***' AIRFLOW_CTX_DAG_ID='dag_runs' AIRFLOW_CTX_TASK_ID='delete_data_from_table' AIRFLOW_CTX_EXECUTION_DATE='2024-05-17T12:00:00+00:00' AIRFLOW_CTX_TRY_NUMBER='1' AIRFLOW_CTX_DAG_RUN_ID='scheduled__2024-05-17T12:00:00+00:00'
[2024-06-04T12:02:33.638+0000] {sql.py:276} INFO - Executing: 
            delete from dag_runs
        
[2024-06-04T12:02:33.720+0000] {base.py:83} INFO - Using connection ID 'postgres_localhost' for task execution.
[2024-06-04T12:02:33.736+0000] {base.py:83} INFO - Using connection ID 'postgres_localhost' for task execution.
[2024-06-04T12:02:33.742+0000] {sql.py:457} INFO - Running statement: 
            delete from dag_runs
        , parameters: None
[2024-06-04T12:02:33.744+0000] {sql.py:466} INFO - Rows affected: 5
[2024-06-04T12:02:33.744+0000] {warnings.py:109} WARNING - /home/***/.local/lib/python3.8/site-packages/***/providers/common/sql/hooks/sql.py:407: AirflowProviderDeprecationWarning: Call to deprecated method _make_common_data_structure. (The `_make_serializable` method is deprecated and support will be removed in a future version of the common.sql provider. Please update the DbApiHook's provider to a version based on common.sql >= 1.9.1.)
  result = self._make_common_data_structure(handler(cur))

[2024-06-04T12:02:33.828+0000] {taskinstance.py:1149} INFO - Marking task as SUCCESS. dag_id=dag_runs, task_id=delete_data_from_table, execution_date=20240517T120000, start_date=20240604T120233, end_date=20240604T120233
[2024-06-04T12:02:34.017+0000] {local_task_job_runner.py:234} INFO - Task exited with return code 0
[2024-06-04T12:02:34.330+0000] {warnings.py:109} WARNING - /home/***/.local/lib/python3.8/site-packages/***/models/baseoperator.py:1201: AirflowProviderDeprecationWarning: Call to deprecated class PostgresOperator. (Please use `***.providers.common.sql.operators.sql.SQLExecuteQueryOperator`.Also, you can provide `hook_params={'schema': <database>}`.)
  result = cls.__new__(cls)

[2024-06-04T12:02:34.418+0000] {taskinstance.py:3312} INFO - 0 downstream tasks scheduled from follow-on schedule check
[2024-06-04T12:11:52.835+0000] {taskinstance.py:1979} INFO - Dependencies all met for dep_context=non-requeueable deps ti=<TaskInstance: dag_runs.delete_data_from_table scheduled__2024-05-17T12:00:00+00:00 [queued]>
[2024-06-04T12:11:52.847+0000] {taskinstance.py:1979} INFO - Dependencies all met for dep_context=requeueable deps ti=<TaskInstance: dag_runs.delete_data_from_table scheduled__2024-05-17T12:00:00+00:00 [queued]>
[2024-06-04T12:11:52.847+0000] {taskinstance.py:2193} INFO - Starting attempt 1 of 4
[2024-06-04T12:11:52.928+0000] {taskinstance.py:2217} INFO - Executing <Task(PostgresOperator): delete_data_from_table> on 2024-05-17 12:00:00+00:00
[2024-06-04T12:11:52.939+0000] {standard_task_runner.py:60} INFO - Started process 436 to run task
[2024-06-04T12:11:52.943+0000] {standard_task_runner.py:87} INFO - Running: ['***', 'tasks', 'run', 'dag_runs', 'delete_data_from_table', 'scheduled__2024-05-17T12:00:00+00:00', '--job-id', '625', '--raw', '--subdir', 'DAGS_FOLDER/dag_runs.py', '--cfg-path', '/tmp/tmpb90zu0u3']
[2024-06-04T12:11:52.944+0000] {standard_task_runner.py:88} INFO - Job 625: Subtask delete_data_from_table
[2024-06-04T12:11:53.142+0000] {task_command.py:423} INFO - Running <TaskInstance: dag_runs.delete_data_from_table scheduled__2024-05-17T12:00:00+00:00 [running]> on host d20949f126de
[2024-06-04T12:11:53.529+0000] {taskinstance.py:2513} INFO - Exporting env vars: AIRFLOW_CTX_DAG_OWNER='***' AIRFLOW_CTX_DAG_ID='dag_runs' AIRFLOW_CTX_TASK_ID='delete_data_from_table' AIRFLOW_CTX_EXECUTION_DATE='2024-05-17T12:00:00+00:00' AIRFLOW_CTX_TRY_NUMBER='1' AIRFLOW_CTX_DAG_RUN_ID='scheduled__2024-05-17T12:00:00+00:00'
[2024-06-04T12:11:53.531+0000] {sql.py:276} INFO - Executing: 
            delete from dag_runs where dt = '2024-05-17' and dag_id = 'dag_runs';
        
[2024-06-04T12:11:53.616+0000] {base.py:83} INFO - Using connection ID 'postgres_localhost' for task execution.
[2024-06-04T12:11:53.628+0000] {base.py:83} INFO - Using connection ID 'postgres_localhost' for task execution.
[2024-06-04T12:11:53.634+0000] {sql.py:457} INFO - Running statement: 
            delete from dag_runs where dt = '2024-05-17' and dag_id = 'dag_runs';
        , parameters: None
[2024-06-04T12:11:53.636+0000] {sql.py:466} INFO - Rows affected: 0
[2024-06-04T12:11:53.637+0000] {warnings.py:109} WARNING - /home/***/.local/lib/python3.8/site-packages/***/providers/common/sql/hooks/sql.py:407: AirflowProviderDeprecationWarning: Call to deprecated method _make_common_data_structure. (The `_make_serializable` method is deprecated and support will be removed in a future version of the common.sql provider. Please update the DbApiHook's provider to a version based on common.sql >= 1.9.1.)
  result = self._make_common_data_structure(handler(cur))

[2024-06-04T12:11:53.722+0000] {taskinstance.py:1149} INFO - Marking task as SUCCESS. dag_id=dag_runs, task_id=delete_data_from_table, execution_date=20240517T120000, start_date=20240604T121152, end_date=20240604T121153
[2024-06-04T12:11:53.855+0000] {local_task_job_runner.py:234} INFO - Task exited with return code 0
[2024-06-04T12:11:54.043+0000] {warnings.py:109} WARNING - /home/***/.local/lib/python3.8/site-packages/***/models/baseoperator.py:1201: AirflowProviderDeprecationWarning: Call to deprecated class PostgresOperator. (Please use `***.providers.common.sql.operators.sql.SQLExecuteQueryOperator`.Also, you can provide `hook_params={'schema': <database>}`.)
  result = cls.__new__(cls)

[2024-06-04T12:11:54.132+0000] {taskinstance.py:3312} INFO - 0 downstream tasks scheduled from follow-on schedule check
