[2024-06-04T10:01:33.258+0000] {taskinstance.py:1979} INFO - Dependencies all met for dep_context=non-requeueable deps ti=<TaskInstance: dag_runs.insert_into_table manual__2024-06-04T10:01:26.938700+00:00 [queued]>
[2024-06-04T10:01:33.265+0000] {taskinstance.py:1979} INFO - Dependencies all met for dep_context=requeueable deps ti=<TaskInstance: dag_runs.insert_into_table manual__2024-06-04T10:01:26.938700+00:00 [queued]>
[2024-06-04T10:01:33.265+0000] {taskinstance.py:2193} INFO - Starting attempt 1 of 2
[2024-06-04T10:01:33.276+0000] {taskinstance.py:2217} INFO - Executing <Task(PostgresOperator): insert_into_table> on 2024-06-04 10:01:26.938700+00:00
[2024-06-04T10:01:33.285+0000] {standard_task_runner.py:60} INFO - Started process 196 to run task
[2024-06-04T10:01:33.289+0000] {standard_task_runner.py:87} INFO - Running: ['***', 'tasks', 'run', 'dag_runs', 'insert_into_table', 'manual__2024-06-04T10:01:26.938700+00:00', '--job-id', '262', '--raw', '--subdir', 'DAGS_FOLDER/dag_runs.py', '--cfg-path', '/tmp/tmpnk_y1am2']
[2024-06-04T10:01:33.290+0000] {standard_task_runner.py:88} INFO - Job 262: Subtask insert_into_table
[2024-06-04T10:01:33.339+0000] {task_command.py:423} INFO - Running <TaskInstance: dag_runs.insert_into_table manual__2024-06-04T10:01:26.938700+00:00 [running]> on host d20949f126de
[2024-06-04T10:01:33.421+0000] {taskinstance.py:2513} INFO - Exporting env vars: AIRFLOW_CTX_DAG_OWNER='***' AIRFLOW_CTX_DAG_ID='dag_runs' AIRFLOW_CTX_TASK_ID='insert_into_table' AIRFLOW_CTX_EXECUTION_DATE='2024-06-04T10:01:26.938700+00:00' AIRFLOW_CTX_TRY_NUMBER='1' AIRFLOW_CTX_DAG_RUN_ID='manual__2024-06-04T10:01:26.938700+00:00'
[2024-06-04T10:01:33.422+0000] {sql.py:276} INFO - Executing: 
            insert into dag_runs (dt, dag_id) values ('2024-06-04', 'dag_runs')
        
[2024-06-04T10:01:33.430+0000] {base.py:83} INFO - Using connection ID 'postgres_localhost' for task execution.
[2024-06-04T10:01:33.437+0000] {base.py:83} INFO - Using connection ID 'postgres_localhost' for task execution.
[2024-06-04T10:01:33.442+0000] {sql.py:457} INFO - Running statement: 
            insert into dag_runs (dt, dag_id) values ('2024-06-04', 'dag_runs')
        , parameters: None
[2024-06-04T10:01:33.443+0000] {sql.py:466} INFO - Rows affected: 1
[2024-06-04T10:01:33.443+0000] {warnings.py:109} WARNING - /home/***/.local/lib/python3.8/site-packages/***/providers/common/sql/hooks/sql.py:407: AirflowProviderDeprecationWarning: Call to deprecated method _make_common_data_structure. (The `_make_serializable` method is deprecated and support will be removed in a future version of the common.sql provider. Please update the DbApiHook's provider to a version based on common.sql >= 1.9.1.)
  result = self._make_common_data_structure(handler(cur))

[2024-06-04T10:01:33.452+0000] {taskinstance.py:1149} INFO - Marking task as SUCCESS. dag_id=dag_runs, task_id=insert_into_table, execution_date=20240604T100126, start_date=20240604T100133, end_date=20240604T100133
[2024-06-04T10:01:33.501+0000] {local_task_job_runner.py:234} INFO - Task exited with return code 0
[2024-06-04T10:01:33.514+0000] {warnings.py:109} WARNING - /home/***/.local/lib/python3.8/site-packages/***/models/baseoperator.py:1201: AirflowProviderDeprecationWarning: Call to deprecated class PostgresOperator. (Please use `***.providers.common.sql.operators.sql.SQLExecuteQueryOperator`.Also, you can provide `hook_params={'schema': <database>}`.)
  result = cls.__new__(cls)

[2024-06-04T10:01:33.527+0000] {taskinstance.py:3312} INFO - 1 downstream tasks scheduled from follow-on schedule check
