[2024-06-04T10:06:09.911+0000] {taskinstance.py:1979} INFO - Dependencies all met for dep_context=non-requeueable deps ti=<TaskInstance: dag_runs.delete_data_from_table scheduled__2024-05-23T12:00:00+00:00 [queued]>
[2024-06-04T10:06:09.992+0000] {taskinstance.py:1979} INFO - Dependencies all met for dep_context=requeueable deps ti=<TaskInstance: dag_runs.delete_data_from_table scheduled__2024-05-23T12:00:00+00:00 [queued]>
[2024-06-04T10:06:09.993+0000] {taskinstance.py:2193} INFO - Starting attempt 1 of 2
[2024-06-04T10:06:10.012+0000] {taskinstance.py:2217} INFO - Executing <Task(PostgresOperator): delete_data_from_table> on 2024-05-23 12:00:00+00:00
[2024-06-04T10:06:10.086+0000] {standard_task_runner.py:60} INFO - Started process 458 to run task
[2024-06-04T10:06:10.093+0000] {standard_task_runner.py:87} INFO - Running: ['***', 'tasks', 'run', 'dag_runs', 'delete_data_from_table', 'scheduled__2024-05-23T12:00:00+00:00', '--job-id', '351', '--raw', '--subdir', 'DAGS_FOLDER/dag_runs.py', '--cfg-path', '/tmp/tmpzm4xeqjx']
[2024-06-04T10:06:10.095+0000] {standard_task_runner.py:88} INFO - Job 351: Subtask delete_data_from_table
[2024-06-04T10:06:10.400+0000] {task_command.py:423} INFO - Running <TaskInstance: dag_runs.delete_data_from_table scheduled__2024-05-23T12:00:00+00:00 [running]> on host d20949f126de
[2024-06-04T10:06:10.901+0000] {taskinstance.py:2513} INFO - Exporting env vars: AIRFLOW_CTX_DAG_OWNER='***' AIRFLOW_CTX_DAG_ID='dag_runs' AIRFLOW_CTX_TASK_ID='delete_data_from_table' AIRFLOW_CTX_EXECUTION_DATE='2024-05-23T12:00:00+00:00' AIRFLOW_CTX_TRY_NUMBER='1' AIRFLOW_CTX_DAG_RUN_ID='scheduled__2024-05-23T12:00:00+00:00'
[2024-06-04T10:06:10.906+0000] {sql.py:276} INFO - Executing: 
            delete from dag_runs where dt = '2024-05-23' and dag_id = 'dag_runs';
        
[2024-06-04T10:06:11.001+0000] {base.py:83} INFO - Using connection ID 'postgres_localhost' for task execution.
[2024-06-04T10:06:11.098+0000] {base.py:83} INFO - Using connection ID 'postgres_localhost' for task execution.
[2024-06-04T10:06:11.184+0000] {sql.py:457} INFO - Running statement: 
            delete from dag_runs where dt = '2024-05-23' and dag_id = 'dag_runs';
        , parameters: None
[2024-06-04T10:06:11.187+0000] {sql.py:466} INFO - Rows affected: 0
[2024-06-04T10:06:11.188+0000] {warnings.py:109} WARNING - /home/***/.local/lib/python3.8/site-packages/***/providers/common/sql/hooks/sql.py:407: AirflowProviderDeprecationWarning: Call to deprecated method _make_common_data_structure. (The `_make_serializable` method is deprecated and support will be removed in a future version of the common.sql provider. Please update the DbApiHook's provider to a version based on common.sql >= 1.9.1.)
  result = self._make_common_data_structure(handler(cur))

[2024-06-04T10:06:11.206+0000] {taskinstance.py:1149} INFO - Marking task as SUCCESS. dag_id=dag_runs, task_id=delete_data_from_table, execution_date=20240523T120000, start_date=20240604T100609, end_date=20240604T100611
[2024-06-04T10:06:11.481+0000] {local_task_job_runner.py:234} INFO - Task exited with return code 0
[2024-06-04T10:06:11.591+0000] {warnings.py:109} WARNING - /home/***/.local/lib/python3.8/site-packages/***/models/baseoperator.py:1201: AirflowProviderDeprecationWarning: Call to deprecated class PostgresOperator. (Please use `***.providers.common.sql.operators.sql.SQLExecuteQueryOperator`.Also, you can provide `hook_params={'schema': <database>}`.)
  result = cls.__new__(cls)

[2024-06-04T10:06:11.706+0000] {taskinstance.py:3312} INFO - 1 downstream tasks scheduled from follow-on schedule check
[2024-06-04T12:02:46.119+0000] {taskinstance.py:1979} INFO - Dependencies all met for dep_context=non-requeueable deps ti=<TaskInstance: dag_runs.delete_data_from_table scheduled__2024-05-23T12:00:00+00:00 [queued]>
[2024-06-04T12:02:46.133+0000] {taskinstance.py:1979} INFO - Dependencies all met for dep_context=requeueable deps ti=<TaskInstance: dag_runs.delete_data_from_table scheduled__2024-05-23T12:00:00+00:00 [queued]>
[2024-06-04T12:02:46.133+0000] {taskinstance.py:2193} INFO - Starting attempt 1 of 4
[2024-06-04T12:02:46.320+0000] {taskinstance.py:2217} INFO - Executing <Task(PostgresOperator): delete_data_from_table> on 2024-05-23 12:00:00+00:00
[2024-06-04T12:02:46.337+0000] {standard_task_runner.py:60} INFO - Started process 480 to run task
[2024-06-04T12:02:46.424+0000] {standard_task_runner.py:87} INFO - Running: ['***', 'tasks', 'run', 'dag_runs', 'delete_data_from_table', 'scheduled__2024-05-23T12:00:00+00:00', '--job-id', '493', '--raw', '--subdir', 'DAGS_FOLDER/dag_runs.py', '--cfg-path', '/tmp/tmpv5meifto']
[2024-06-04T12:02:46.425+0000] {standard_task_runner.py:88} INFO - Job 493: Subtask delete_data_from_table
[2024-06-04T12:02:46.923+0000] {task_command.py:423} INFO - Running <TaskInstance: dag_runs.delete_data_from_table scheduled__2024-05-23T12:00:00+00:00 [running]> on host d20949f126de
[2024-06-04T12:02:47.835+0000] {taskinstance.py:2513} INFO - Exporting env vars: AIRFLOW_CTX_DAG_OWNER='***' AIRFLOW_CTX_DAG_ID='dag_runs' AIRFLOW_CTX_TASK_ID='delete_data_from_table' AIRFLOW_CTX_EXECUTION_DATE='2024-05-23T12:00:00+00:00' AIRFLOW_CTX_TRY_NUMBER='1' AIRFLOW_CTX_DAG_RUN_ID='scheduled__2024-05-23T12:00:00+00:00'
[2024-06-04T12:02:47.836+0000] {sql.py:276} INFO - Executing: 
            delete from dag_runs
        
[2024-06-04T12:02:47.926+0000] {base.py:83} INFO - Using connection ID 'postgres_localhost' for task execution.
[2024-06-04T12:02:48.038+0000] {base.py:83} INFO - Using connection ID 'postgres_localhost' for task execution.
[2024-06-04T12:02:48.131+0000] {sql.py:457} INFO - Running statement: 
            delete from dag_runs
        , parameters: None
[2024-06-04T12:02:48.135+0000] {sql.py:466} INFO - Rows affected: 0
[2024-06-04T12:02:48.136+0000] {warnings.py:109} WARNING - /home/***/.local/lib/python3.8/site-packages/***/providers/common/sql/hooks/sql.py:407: AirflowProviderDeprecationWarning: Call to deprecated method _make_common_data_structure. (The `_make_serializable` method is deprecated and support will be removed in a future version of the common.sql provider. Please update the DbApiHook's provider to a version based on common.sql >= 1.9.1.)
  result = self._make_common_data_structure(handler(cur))

[2024-06-04T12:02:48.226+0000] {taskinstance.py:1149} INFO - Marking task as SUCCESS. dag_id=dag_runs, task_id=delete_data_from_table, execution_date=20240523T120000, start_date=20240604T120246, end_date=20240604T120248
[2024-06-04T12:02:48.423+0000] {local_task_job_runner.py:234} INFO - Task exited with return code 0
[2024-06-04T12:02:48.535+0000] {warnings.py:109} WARNING - /home/***/.local/lib/python3.8/site-packages/***/models/baseoperator.py:1201: AirflowProviderDeprecationWarning: Call to deprecated class PostgresOperator. (Please use `***.providers.common.sql.operators.sql.SQLExecuteQueryOperator`.Also, you can provide `hook_params={'schema': <database>}`.)
  result = cls.__new__(cls)

[2024-06-04T12:02:48.735+0000] {taskinstance.py:3312} INFO - 1 downstream tasks scheduled from follow-on schedule check
[2024-06-04T12:11:56.853+0000] {taskinstance.py:1979} INFO - Dependencies all met for dep_context=non-requeueable deps ti=<TaskInstance: dag_runs.delete_data_from_table scheduled__2024-05-23T12:00:00+00:00 [queued]>
[2024-06-04T12:11:56.926+0000] {taskinstance.py:1979} INFO - Dependencies all met for dep_context=requeueable deps ti=<TaskInstance: dag_runs.delete_data_from_table scheduled__2024-05-23T12:00:00+00:00 [queued]>
[2024-06-04T12:11:56.926+0000] {taskinstance.py:2193} INFO - Starting attempt 1 of 4
[2024-06-04T12:11:56.940+0000] {taskinstance.py:2217} INFO - Executing <Task(PostgresOperator): delete_data_from_table> on 2024-05-23 12:00:00+00:00
[2024-06-04T12:11:57.017+0000] {standard_task_runner.py:60} INFO - Started process 455 to run task
[2024-06-04T12:11:57.021+0000] {standard_task_runner.py:87} INFO - Running: ['***', 'tasks', 'run', 'dag_runs', 'delete_data_from_table', 'scheduled__2024-05-23T12:00:00+00:00', '--job-id', '632', '--raw', '--subdir', 'DAGS_FOLDER/dag_runs.py', '--cfg-path', '/tmp/tmp6glbu7pq']
[2024-06-04T12:11:57.023+0000] {standard_task_runner.py:88} INFO - Job 632: Subtask delete_data_from_table
[2024-06-04T12:11:57.147+0000] {task_command.py:423} INFO - Running <TaskInstance: dag_runs.delete_data_from_table scheduled__2024-05-23T12:00:00+00:00 [running]> on host d20949f126de
[2024-06-04T12:11:57.529+0000] {taskinstance.py:2513} INFO - Exporting env vars: AIRFLOW_CTX_DAG_OWNER='***' AIRFLOW_CTX_DAG_ID='dag_runs' AIRFLOW_CTX_TASK_ID='delete_data_from_table' AIRFLOW_CTX_EXECUTION_DATE='2024-05-23T12:00:00+00:00' AIRFLOW_CTX_TRY_NUMBER='1' AIRFLOW_CTX_DAG_RUN_ID='scheduled__2024-05-23T12:00:00+00:00'
[2024-06-04T12:11:57.531+0000] {sql.py:276} INFO - Executing: 
            delete from dag_runs where dt = '2024-05-23' and dag_id = 'dag_runs';
        
[2024-06-04T12:11:57.542+0000] {base.py:83} INFO - Using connection ID 'postgres_localhost' for task execution.
[2024-06-04T12:11:57.617+0000] {base.py:83} INFO - Using connection ID 'postgres_localhost' for task execution.
[2024-06-04T12:11:57.624+0000] {sql.py:457} INFO - Running statement: 
            delete from dag_runs where dt = '2024-05-23' and dag_id = 'dag_runs';
        , parameters: None
[2024-06-04T12:11:57.626+0000] {sql.py:466} INFO - Rows affected: 0
[2024-06-04T12:11:57.627+0000] {warnings.py:109} WARNING - /home/***/.local/lib/python3.8/site-packages/***/providers/common/sql/hooks/sql.py:407: AirflowProviderDeprecationWarning: Call to deprecated method _make_common_data_structure. (The `_make_serializable` method is deprecated and support will be removed in a future version of the common.sql provider. Please update the DbApiHook's provider to a version based on common.sql >= 1.9.1.)
  result = self._make_common_data_structure(handler(cur))

[2024-06-04T12:11:57.640+0000] {taskinstance.py:1149} INFO - Marking task as SUCCESS. dag_id=dag_runs, task_id=delete_data_from_table, execution_date=20240523T120000, start_date=20240604T121156, end_date=20240604T121157
[2024-06-04T12:11:57.755+0000] {local_task_job_runner.py:234} INFO - Task exited with return code 0
[2024-06-04T12:11:57.828+0000] {warnings.py:109} WARNING - /home/***/.local/lib/python3.8/site-packages/***/models/baseoperator.py:1201: AirflowProviderDeprecationWarning: Call to deprecated class PostgresOperator. (Please use `***.providers.common.sql.operators.sql.SQLExecuteQueryOperator`.Also, you can provide `hook_params={'schema': <database>}`.)
  result = cls.__new__(cls)

[2024-06-04T12:11:57.920+0000] {taskinstance.py:3312} INFO - 1 downstream tasks scheduled from follow-on schedule check
