[2024-06-04T10:06:12.487+0000] {taskinstance.py:1979} INFO - Dependencies all met for dep_context=non-requeueable deps ti=<TaskInstance: dag_runs.delete_data_from_table scheduled__2024-05-25T12:00:00+00:00 [queued]>
[2024-06-04T10:06:12.500+0000] {taskinstance.py:1979} INFO - Dependencies all met for dep_context=requeueable deps ti=<TaskInstance: dag_runs.delete_data_from_table scheduled__2024-05-25T12:00:00+00:00 [queued]>
[2024-06-04T10:06:12.501+0000] {taskinstance.py:2193} INFO - Starting attempt 1 of 2
[2024-06-04T10:06:12.592+0000] {taskinstance.py:2217} INFO - Executing <Task(PostgresOperator): delete_data_from_table> on 2024-05-25 12:00:00+00:00
[2024-06-04T10:06:12.683+0000] {standard_task_runner.py:60} INFO - Started process 470 to run task
[2024-06-04T10:06:12.691+0000] {standard_task_runner.py:87} INFO - Running: ['***', 'tasks', 'run', 'dag_runs', 'delete_data_from_table', 'scheduled__2024-05-25T12:00:00+00:00', '--job-id', '353', '--raw', '--subdir', 'DAGS_FOLDER/dag_runs.py', '--cfg-path', '/tmp/tmpn95b9ybo']
[2024-06-04T10:06:12.693+0000] {standard_task_runner.py:88} INFO - Job 353: Subtask delete_data_from_table
[2024-06-04T10:06:13.209+0000] {task_command.py:423} INFO - Running <TaskInstance: dag_runs.delete_data_from_table scheduled__2024-05-25T12:00:00+00:00 [running]> on host d20949f126de
[2024-06-04T10:06:13.995+0000] {taskinstance.py:2513} INFO - Exporting env vars: AIRFLOW_CTX_DAG_OWNER='***' AIRFLOW_CTX_DAG_ID='dag_runs' AIRFLOW_CTX_TASK_ID='delete_data_from_table' AIRFLOW_CTX_EXECUTION_DATE='2024-05-25T12:00:00+00:00' AIRFLOW_CTX_TRY_NUMBER='1' AIRFLOW_CTX_DAG_RUN_ID='scheduled__2024-05-25T12:00:00+00:00'
[2024-06-04T10:06:13.996+0000] {sql.py:276} INFO - Executing: 
            delete from dag_runs where dt = '2024-05-25' and dag_id = 'dag_runs';
        
[2024-06-04T10:06:14.090+0000] {base.py:83} INFO - Using connection ID 'postgres_localhost' for task execution.
[2024-06-04T10:06:14.187+0000] {base.py:83} INFO - Using connection ID 'postgres_localhost' for task execution.
[2024-06-04T10:06:14.195+0000] {sql.py:457} INFO - Running statement: 
            delete from dag_runs where dt = '2024-05-25' and dag_id = 'dag_runs';
        , parameters: None
[2024-06-04T10:06:14.197+0000] {sql.py:466} INFO - Rows affected: 0
[2024-06-04T10:06:14.198+0000] {warnings.py:109} WARNING - /home/***/.local/lib/python3.8/site-packages/***/providers/common/sql/hooks/sql.py:407: AirflowProviderDeprecationWarning: Call to deprecated method _make_common_data_structure. (The `_make_serializable` method is deprecated and support will be removed in a future version of the common.sql provider. Please update the DbApiHook's provider to a version based on common.sql >= 1.9.1.)
  result = self._make_common_data_structure(handler(cur))

[2024-06-04T10:06:14.291+0000] {taskinstance.py:1149} INFO - Marking task as SUCCESS. dag_id=dag_runs, task_id=delete_data_from_table, execution_date=20240525T120000, start_date=20240604T100612, end_date=20240604T100614
[2024-06-04T10:06:14.522+0000] {local_task_job_runner.py:234} INFO - Task exited with return code 0
[2024-06-04T10:06:14.809+0000] {warnings.py:109} WARNING - /home/***/.local/lib/python3.8/site-packages/***/models/baseoperator.py:1201: AirflowProviderDeprecationWarning: Call to deprecated class PostgresOperator. (Please use `***.providers.common.sql.operators.sql.SQLExecuteQueryOperator`.Also, you can provide `hook_params={'schema': <database>}`.)
  result = cls.__new__(cls)

[2024-06-04T10:06:14.998+0000] {taskinstance.py:3312} INFO - 1 downstream tasks scheduled from follow-on schedule check
[2024-06-04T12:02:50.319+0000] {taskinstance.py:1979} INFO - Dependencies all met for dep_context=non-requeueable deps ti=<TaskInstance: dag_runs.delete_data_from_table scheduled__2024-05-25T12:00:00+00:00 [queued]>
[2024-06-04T12:02:50.422+0000] {taskinstance.py:1979} INFO - Dependencies all met for dep_context=requeueable deps ti=<TaskInstance: dag_runs.delete_data_from_table scheduled__2024-05-25T12:00:00+00:00 [queued]>
[2024-06-04T12:02:50.423+0000] {taskinstance.py:2193} INFO - Starting attempt 1 of 4
[2024-06-04T12:02:50.440+0000] {taskinstance.py:2217} INFO - Executing <Task(PostgresOperator): delete_data_from_table> on 2024-05-25 12:00:00+00:00
[2024-06-04T12:02:50.534+0000] {standard_task_runner.py:87} INFO - Running: ['***', 'tasks', 'run', 'dag_runs', 'delete_data_from_table', 'scheduled__2024-05-25T12:00:00+00:00', '--job-id', '499', '--raw', '--subdir', 'DAGS_FOLDER/dag_runs.py', '--cfg-path', '/tmp/tmpaay2ev18']
[2024-06-04T12:02:50.536+0000] {standard_task_runner.py:88} INFO - Job 499: Subtask delete_data_from_table
[2024-06-04T12:02:50.529+0000] {standard_task_runner.py:60} INFO - Started process 498 to run task
[2024-06-04T12:02:51.025+0000] {task_command.py:423} INFO - Running <TaskInstance: dag_runs.delete_data_from_table scheduled__2024-05-25T12:00:00+00:00 [running]> on host d20949f126de
[2024-06-04T12:02:51.833+0000] {taskinstance.py:2513} INFO - Exporting env vars: AIRFLOW_CTX_DAG_OWNER='***' AIRFLOW_CTX_DAG_ID='dag_runs' AIRFLOW_CTX_TASK_ID='delete_data_from_table' AIRFLOW_CTX_EXECUTION_DATE='2024-05-25T12:00:00+00:00' AIRFLOW_CTX_TRY_NUMBER='1' AIRFLOW_CTX_DAG_RUN_ID='scheduled__2024-05-25T12:00:00+00:00'
[2024-06-04T12:02:51.834+0000] {sql.py:276} INFO - Executing: 
            delete from dag_runs
        
[2024-06-04T12:02:51.933+0000] {base.py:83} INFO - Using connection ID 'postgres_localhost' for task execution.
[2024-06-04T12:02:52.041+0000] {base.py:83} INFO - Using connection ID 'postgres_localhost' for task execution.
[2024-06-04T12:02:52.121+0000] {sql.py:457} INFO - Running statement: 
            delete from dag_runs
        , parameters: None
[2024-06-04T12:02:52.122+0000] {sql.py:466} INFO - Rows affected: 0
[2024-06-04T12:02:52.123+0000] {warnings.py:109} WARNING - /home/***/.local/lib/python3.8/site-packages/***/providers/common/sql/hooks/sql.py:407: AirflowProviderDeprecationWarning: Call to deprecated method _make_common_data_structure. (The `_make_serializable` method is deprecated and support will be removed in a future version of the common.sql provider. Please update the DbApiHook's provider to a version based on common.sql >= 1.9.1.)
  result = self._make_common_data_structure(handler(cur))

[2024-06-04T12:02:52.219+0000] {taskinstance.py:1149} INFO - Marking task as SUCCESS. dag_id=dag_runs, task_id=delete_data_from_table, execution_date=20240525T120000, start_date=20240604T120250, end_date=20240604T120252
[2024-06-04T12:02:52.415+0000] {local_task_job_runner.py:234} INFO - Task exited with return code 0
[2024-06-04T12:02:52.444+0000] {warnings.py:109} WARNING - /home/***/.local/lib/python3.8/site-packages/***/models/baseoperator.py:1201: AirflowProviderDeprecationWarning: Call to deprecated class PostgresOperator. (Please use `***.providers.common.sql.operators.sql.SQLExecuteQueryOperator`.Also, you can provide `hook_params={'schema': <database>}`.)
  result = cls.__new__(cls)

[2024-06-04T12:02:52.539+0000] {taskinstance.py:3312} INFO - 1 downstream tasks scheduled from follow-on schedule check
[2024-06-04T12:11:58.319+0000] {taskinstance.py:1979} INFO - Dependencies all met for dep_context=non-requeueable deps ti=<TaskInstance: dag_runs.delete_data_from_table scheduled__2024-05-25T12:00:00+00:00 [queued]>
[2024-06-04T12:11:58.330+0000] {taskinstance.py:1979} INFO - Dependencies all met for dep_context=requeueable deps ti=<TaskInstance: dag_runs.delete_data_from_table scheduled__2024-05-25T12:00:00+00:00 [queued]>
[2024-06-04T12:11:58.330+0000] {taskinstance.py:2193} INFO - Starting attempt 1 of 4
[2024-06-04T12:11:58.345+0000] {taskinstance.py:2217} INFO - Executing <Task(PostgresOperator): delete_data_from_table> on 2024-05-25 12:00:00+00:00
[2024-06-04T12:11:58.420+0000] {standard_task_runner.py:60} INFO - Started process 463 to run task
[2024-06-04T12:11:58.424+0000] {standard_task_runner.py:87} INFO - Running: ['***', 'tasks', 'run', 'dag_runs', 'delete_data_from_table', 'scheduled__2024-05-25T12:00:00+00:00', '--job-id', '634', '--raw', '--subdir', 'DAGS_FOLDER/dag_runs.py', '--cfg-path', '/tmp/tmpj3v1hss7']
[2024-06-04T12:11:58.426+0000] {standard_task_runner.py:88} INFO - Job 634: Subtask delete_data_from_table
[2024-06-04T12:11:58.627+0000] {task_command.py:423} INFO - Running <TaskInstance: dag_runs.delete_data_from_table scheduled__2024-05-25T12:00:00+00:00 [running]> on host d20949f126de
[2024-06-04T12:11:59.033+0000] {taskinstance.py:2513} INFO - Exporting env vars: AIRFLOW_CTX_DAG_OWNER='***' AIRFLOW_CTX_DAG_ID='dag_runs' AIRFLOW_CTX_TASK_ID='delete_data_from_table' AIRFLOW_CTX_EXECUTION_DATE='2024-05-25T12:00:00+00:00' AIRFLOW_CTX_TRY_NUMBER='1' AIRFLOW_CTX_DAG_RUN_ID='scheduled__2024-05-25T12:00:00+00:00'
[2024-06-04T12:11:59.034+0000] {sql.py:276} INFO - Executing: 
            delete from dag_runs where dt = '2024-05-25' and dag_id = 'dag_runs';
        
[2024-06-04T12:11:59.123+0000] {base.py:83} INFO - Using connection ID 'postgres_localhost' for task execution.
[2024-06-04T12:11:59.134+0000] {base.py:83} INFO - Using connection ID 'postgres_localhost' for task execution.
[2024-06-04T12:11:59.216+0000] {sql.py:457} INFO - Running statement: 
            delete from dag_runs where dt = '2024-05-25' and dag_id = 'dag_runs';
        , parameters: None
[2024-06-04T12:11:59.218+0000] {sql.py:466} INFO - Rows affected: 0
[2024-06-04T12:11:59.219+0000] {warnings.py:109} WARNING - /home/***/.local/lib/python3.8/site-packages/***/providers/common/sql/hooks/sql.py:407: AirflowProviderDeprecationWarning: Call to deprecated method _make_common_data_structure. (The `_make_serializable` method is deprecated and support will be removed in a future version of the common.sql provider. Please update the DbApiHook's provider to a version based on common.sql >= 1.9.1.)
  result = self._make_common_data_structure(handler(cur))

[2024-06-04T12:11:59.235+0000] {taskinstance.py:1149} INFO - Marking task as SUCCESS. dag_id=dag_runs, task_id=delete_data_from_table, execution_date=20240525T120000, start_date=20240604T121158, end_date=20240604T121159
[2024-06-04T12:11:59.415+0000] {local_task_job_runner.py:234} INFO - Task exited with return code 0
[2024-06-04T12:11:59.440+0000] {warnings.py:109} WARNING - /home/***/.local/lib/python3.8/site-packages/***/models/baseoperator.py:1201: AirflowProviderDeprecationWarning: Call to deprecated class PostgresOperator. (Please use `***.providers.common.sql.operators.sql.SQLExecuteQueryOperator`.Also, you can provide `hook_params={'schema': <database>}`.)
  result = cls.__new__(cls)

[2024-06-04T12:11:59.535+0000] {taskinstance.py:3312} INFO - 1 downstream tasks scheduled from follow-on schedule check
