[2024-06-04T12:03:15.531+0000] {taskinstance.py:1979} INFO - Dependencies all met for dep_context=non-requeueable deps ti=<TaskInstance: dag_runs.filter_and_log scheduled__2024-06-03T12:00:00+00:00 [queued]>
[2024-06-04T12:03:15.539+0000] {taskinstance.py:1979} INFO - Dependencies all met for dep_context=requeueable deps ti=<TaskInstance: dag_runs.filter_and_log scheduled__2024-06-03T12:00:00+00:00 [queued]>
[2024-06-04T12:03:15.540+0000] {taskinstance.py:2193} INFO - Starting attempt 1 of 4
[2024-06-04T12:03:15.550+0000] {taskinstance.py:2217} INFO - Executing <Task(PythonOperator): filter_and_log> on 2024-06-03 12:00:00+00:00
[2024-06-04T12:03:15.560+0000] {standard_task_runner.py:60} INFO - Started process 618 to run task
[2024-06-04T12:03:15.564+0000] {standard_task_runner.py:87} INFO - Running: ['***', 'tasks', 'run', 'dag_runs', 'filter_and_log', 'scheduled__2024-06-03T12:00:00+00:00', '--job-id', '544', '--raw', '--subdir', 'DAGS_FOLDER/dag_runs.py', '--cfg-path', '/tmp/tmp0pl21uqn']
[2024-06-04T12:03:15.565+0000] {standard_task_runner.py:88} INFO - Job 544: Subtask filter_and_log
[2024-06-04T12:03:15.616+0000] {task_command.py:423} INFO - Running <TaskInstance: dag_runs.filter_and_log scheduled__2024-06-03T12:00:00+00:00 [running]> on host d20949f126de
[2024-06-04T12:03:15.724+0000] {taskinstance.py:2513} INFO - Exporting env vars: AIRFLOW_CTX_DAG_OWNER='***' AIRFLOW_CTX_DAG_ID='dag_runs' AIRFLOW_CTX_TASK_ID='filter_and_log' AIRFLOW_CTX_EXECUTION_DATE='2024-06-03T12:00:00+00:00' AIRFLOW_CTX_TRY_NUMBER='1' AIRFLOW_CTX_DAG_RUN_ID='scheduled__2024-06-03T12:00:00+00:00'
[2024-06-04T12:03:15.735+0000] {base.py:83} INFO - Using connection ID 'postgres_localhost' for task execution.
[2024-06-04T12:03:15.747+0000] {dag_runs.py:33} INFO -            dt    dag_id
0  2024-06-02  dag_runs
1  2024-06-01  dag_runs
2  2024-06-03  dag_runs
[2024-06-04T12:03:15.748+0000] {python.py:202} INFO - Done. Returned value was: None
[2024-06-04T12:03:15.758+0000] {taskinstance.py:1149} INFO - Marking task as SUCCESS. dag_id=dag_runs, task_id=filter_and_log, execution_date=20240603T120000, start_date=20240604T120315, end_date=20240604T120315
[2024-06-04T12:03:15.855+0000] {local_task_job_runner.py:234} INFO - Task exited with return code 0
[2024-06-04T12:03:15.878+0000] {taskinstance.py:3312} INFO - 0 downstream tasks scheduled from follow-on schedule check
[2024-06-04T12:12:43.989+0000] {taskinstance.py:1979} INFO - Dependencies all met for dep_context=non-requeueable deps ti=<TaskInstance: dag_runs.filter_and_log scheduled__2024-06-03T12:00:00+00:00 [queued]>
[2024-06-04T12:12:43.998+0000] {taskinstance.py:1979} INFO - Dependencies all met for dep_context=requeueable deps ti=<TaskInstance: dag_runs.filter_and_log scheduled__2024-06-03T12:00:00+00:00 [queued]>
[2024-06-04T12:12:43.998+0000] {taskinstance.py:2193} INFO - Starting attempt 1 of 4
[2024-06-04T12:12:44.008+0000] {taskinstance.py:2217} INFO - Executing <Task(PythonOperator): filter_and_log> on 2024-06-03 12:00:00+00:00
[2024-06-04T12:12:44.017+0000] {standard_task_runner.py:60} INFO - Started process 617 to run task
[2024-06-04T12:12:44.020+0000] {standard_task_runner.py:87} INFO - Running: ['***', 'tasks', 'run', 'dag_runs', 'filter_and_log', 'scheduled__2024-06-03T12:00:00+00:00', '--job-id', '687', '--raw', '--subdir', 'DAGS_FOLDER/dag_runs.py', '--cfg-path', '/tmp/tmp5_w5dh82']
[2024-06-04T12:12:44.021+0000] {standard_task_runner.py:88} INFO - Job 687: Subtask filter_and_log
[2024-06-04T12:12:44.070+0000] {task_command.py:423} INFO - Running <TaskInstance: dag_runs.filter_and_log scheduled__2024-06-03T12:00:00+00:00 [running]> on host d20949f126de
[2024-06-04T12:12:44.250+0000] {taskinstance.py:2513} INFO - Exporting env vars: AIRFLOW_CTX_DAG_OWNER='***' AIRFLOW_CTX_DAG_ID='dag_runs' AIRFLOW_CTX_TASK_ID='filter_and_log' AIRFLOW_CTX_EXECUTION_DATE='2024-06-03T12:00:00+00:00' AIRFLOW_CTX_TRY_NUMBER='1' AIRFLOW_CTX_DAG_RUN_ID='scheduled__2024-06-03T12:00:00+00:00'
[2024-06-04T12:12:44.260+0000] {base.py:83} INFO - Using connection ID 'postgres_localhost' for task execution.
[2024-06-04T12:12:44.274+0000] {dag_runs.py:33} INFO -             dt    dag_id
0   2024-05-01  dag_runs
1   2024-06-04  dag_runs
2   2024-05-03  dag_runs
3   2024-05-02  dag_runs
4   2024-05-04  dag_runs
5   2024-05-06  dag_runs
6   2024-05-05  dag_runs
7   2024-05-07  dag_runs
8   2024-05-08  dag_runs
9   2024-05-09  dag_runs
10  2024-05-11  dag_runs
11  2024-05-10  dag_runs
12  2024-05-12  dag_runs
13  2024-05-13  dag_runs
14  2024-05-14  dag_runs
15  2024-05-15  dag_runs
16  2024-05-16  dag_runs
17  2024-05-17  dag_runs
18  2024-05-19  dag_runs
19  2024-05-18  dag_runs
20  2024-05-21  dag_runs
21  2024-05-20  dag_runs
22  2024-05-22  dag_runs
23  2024-05-23  dag_runs
24  2024-05-24  dag_runs
25  2024-05-25  dag_runs
26  2024-05-26  dag_runs
27  2024-05-27  dag_runs
28  2024-05-28  dag_runs
29  2024-05-29  dag_runs
30  2024-05-30  dag_runs
31  2024-05-31  dag_runs
32  2024-06-01  dag_runs
33  2024-06-02  dag_runs
34  2024-06-03  dag_runs
[2024-06-04T12:12:44.274+0000] {python.py:202} INFO - Done. Returned value was: None
[2024-06-04T12:12:44.284+0000] {taskinstance.py:1149} INFO - Marking task as SUCCESS. dag_id=dag_runs, task_id=filter_and_log, execution_date=20240603T120000, start_date=20240604T121243, end_date=20240604T121244
[2024-06-04T12:12:44.355+0000] {local_task_job_runner.py:234} INFO - Task exited with return code 0
[2024-06-04T12:12:44.372+0000] {taskinstance.py:3312} INFO - 0 downstream tasks scheduled from follow-on schedule check
