[2024-06-04T10:06:14.485+0000] {taskinstance.py:1979} INFO - Dependencies all met for dep_context=non-requeueable deps ti=<TaskInstance: dag_runs.delete_data_from_table scheduled__2024-05-26T12:00:00+00:00 [queued]>
[2024-06-04T10:06:14.497+0000] {taskinstance.py:1979} INFO - Dependencies all met for dep_context=requeueable deps ti=<TaskInstance: dag_runs.delete_data_from_table scheduled__2024-05-26T12:00:00+00:00 [queued]>
[2024-06-04T10:06:14.498+0000] {taskinstance.py:2193} INFO - Starting attempt 1 of 2
[2024-06-04T10:06:14.592+0000] {taskinstance.py:2217} INFO - Executing <Task(PostgresOperator): delete_data_from_table> on 2024-05-26 12:00:00+00:00
[2024-06-04T10:06:14.606+0000] {standard_task_runner.py:60} INFO - Started process 481 to run task
[2024-06-04T10:06:14.683+0000] {standard_task_runner.py:87} INFO - Running: ['***', 'tasks', 'run', 'dag_runs', 'delete_data_from_table', 'scheduled__2024-05-26T12:00:00+00:00', '--job-id', '356', '--raw', '--subdir', 'DAGS_FOLDER/dag_runs.py', '--cfg-path', '/tmp/tmpsetic6tu']
[2024-06-04T10:06:14.685+0000] {standard_task_runner.py:88} INFO - Job 356: Subtask delete_data_from_table
[2024-06-04T10:06:14.996+0000] {task_command.py:423} INFO - Running <TaskInstance: dag_runs.delete_data_from_table scheduled__2024-05-26T12:00:00+00:00 [running]> on host d20949f126de
[2024-06-04T10:06:15.517+0000] {taskinstance.py:2513} INFO - Exporting env vars: AIRFLOW_CTX_DAG_OWNER='***' AIRFLOW_CTX_DAG_ID='dag_runs' AIRFLOW_CTX_TASK_ID='delete_data_from_table' AIRFLOW_CTX_EXECUTION_DATE='2024-05-26T12:00:00+00:00' AIRFLOW_CTX_TRY_NUMBER='1' AIRFLOW_CTX_DAG_RUN_ID='scheduled__2024-05-26T12:00:00+00:00'
[2024-06-04T10:06:15.518+0000] {sql.py:276} INFO - Executing: 
            delete from dag_runs where dt = '2024-05-26' and dag_id = 'dag_runs';
        
[2024-06-04T10:06:15.594+0000] {base.py:83} INFO - Using connection ID 'postgres_localhost' for task execution.
[2024-06-04T10:06:15.686+0000] {base.py:83} INFO - Using connection ID 'postgres_localhost' for task execution.
[2024-06-04T10:06:15.698+0000] {sql.py:457} INFO - Running statement: 
            delete from dag_runs where dt = '2024-05-26' and dag_id = 'dag_runs';
        , parameters: None
[2024-06-04T10:06:15.701+0000] {sql.py:466} INFO - Rows affected: 0
[2024-06-04T10:06:15.702+0000] {warnings.py:109} WARNING - /home/***/.local/lib/python3.8/site-packages/***/providers/common/sql/hooks/sql.py:407: AirflowProviderDeprecationWarning: Call to deprecated method _make_common_data_structure. (The `_make_serializable` method is deprecated and support will be removed in a future version of the common.sql provider. Please update the DbApiHook's provider to a version based on common.sql >= 1.9.1.)
  result = self._make_common_data_structure(handler(cur))

[2024-06-04T10:06:15.886+0000] {taskinstance.py:1149} INFO - Marking task as SUCCESS. dag_id=dag_runs, task_id=delete_data_from_table, execution_date=20240526T120000, start_date=20240604T100614, end_date=20240604T100615
[2024-06-04T10:06:16.099+0000] {local_task_job_runner.py:234} INFO - Task exited with return code 0
[2024-06-04T10:06:16.608+0000] {warnings.py:109} WARNING - /home/***/.local/lib/python3.8/site-packages/***/models/baseoperator.py:1201: AirflowProviderDeprecationWarning: Call to deprecated class PostgresOperator. (Please use `***.providers.common.sql.operators.sql.SQLExecuteQueryOperator`.Also, you can provide `hook_params={'schema': <database>}`.)
  result = cls.__new__(cls)

[2024-06-04T10:06:16.708+0000] {taskinstance.py:3312} INFO - 0 downstream tasks scheduled from follow-on schedule check
[2024-06-04T12:02:48.837+0000] {taskinstance.py:1979} INFO - Dependencies all met for dep_context=non-requeueable deps ti=<TaskInstance: dag_runs.delete_data_from_table scheduled__2024-05-26T12:00:00+00:00 [queued]>
[2024-06-04T12:02:48.925+0000] {taskinstance.py:1979} INFO - Dependencies all met for dep_context=requeueable deps ti=<TaskInstance: dag_runs.delete_data_from_table scheduled__2024-05-26T12:00:00+00:00 [queued]>
[2024-06-04T12:02:48.925+0000] {taskinstance.py:2193} INFO - Starting attempt 1 of 4
[2024-06-04T12:02:49.019+0000] {taskinstance.py:2217} INFO - Executing <Task(PostgresOperator): delete_data_from_table> on 2024-05-26 12:00:00+00:00
[2024-06-04T12:02:49.120+0000] {standard_task_runner.py:60} INFO - Started process 492 to run task
[2024-06-04T12:02:49.126+0000] {standard_task_runner.py:87} INFO - Running: ['***', 'tasks', 'run', 'dag_runs', 'delete_data_from_table', 'scheduled__2024-05-26T12:00:00+00:00', '--job-id', '498', '--raw', '--subdir', 'DAGS_FOLDER/dag_runs.py', '--cfg-path', '/tmp/tmp032v0b_b']
[2024-06-04T12:02:49.127+0000] {standard_task_runner.py:88} INFO - Job 498: Subtask delete_data_from_table
[2024-06-04T12:02:49.620+0000] {task_command.py:423} INFO - Running <TaskInstance: dag_runs.delete_data_from_table scheduled__2024-05-26T12:00:00+00:00 [running]> on host d20949f126de
[2024-06-04T12:02:50.336+0000] {taskinstance.py:2513} INFO - Exporting env vars: AIRFLOW_CTX_DAG_OWNER='***' AIRFLOW_CTX_DAG_ID='dag_runs' AIRFLOW_CTX_TASK_ID='delete_data_from_table' AIRFLOW_CTX_EXECUTION_DATE='2024-05-26T12:00:00+00:00' AIRFLOW_CTX_TRY_NUMBER='1' AIRFLOW_CTX_DAG_RUN_ID='scheduled__2024-05-26T12:00:00+00:00'
[2024-06-04T12:02:50.341+0000] {sql.py:276} INFO - Executing: 
            delete from dag_runs
        
[2024-06-04T12:02:50.525+0000] {base.py:83} INFO - Using connection ID 'postgres_localhost' for task execution.
[2024-06-04T12:02:50.635+0000] {base.py:83} INFO - Using connection ID 'postgres_localhost' for task execution.
[2024-06-04T12:02:50.727+0000] {sql.py:457} INFO - Running statement: 
            delete from dag_runs
        , parameters: None
[2024-06-04T12:02:50.728+0000] {sql.py:466} INFO - Rows affected: 0
[2024-06-04T12:02:50.729+0000] {warnings.py:109} WARNING - /home/***/.local/lib/python3.8/site-packages/***/providers/common/sql/hooks/sql.py:407: AirflowProviderDeprecationWarning: Call to deprecated method _make_common_data_structure. (The `_make_serializable` method is deprecated and support will be removed in a future version of the common.sql provider. Please update the DbApiHook's provider to a version based on common.sql >= 1.9.1.)
  result = self._make_common_data_structure(handler(cur))

[2024-06-04T12:02:50.829+0000] {taskinstance.py:1149} INFO - Marking task as SUCCESS. dag_id=dag_runs, task_id=delete_data_from_table, execution_date=20240526T120000, start_date=20240604T120248, end_date=20240604T120250
[2024-06-04T12:02:51.115+0000] {local_task_job_runner.py:234} INFO - Task exited with return code 0
[2024-06-04T12:02:51.217+0000] {warnings.py:109} WARNING - /home/***/.local/lib/python3.8/site-packages/***/models/baseoperator.py:1201: AirflowProviderDeprecationWarning: Call to deprecated class PostgresOperator. (Please use `***.providers.common.sql.operators.sql.SQLExecuteQueryOperator`.Also, you can provide `hook_params={'schema': <database>}`.)
  result = cls.__new__(cls)

[2024-06-04T12:02:51.317+0000] {taskinstance.py:3312} INFO - 1 downstream tasks scheduled from follow-on schedule check
[2024-06-04T12:12:00.624+0000] {taskinstance.py:1979} INFO - Dependencies all met for dep_context=non-requeueable deps ti=<TaskInstance: dag_runs.delete_data_from_table scheduled__2024-05-26T12:00:00+00:00 [queued]>
[2024-06-04T12:12:00.640+0000] {taskinstance.py:1979} INFO - Dependencies all met for dep_context=requeueable deps ti=<TaskInstance: dag_runs.delete_data_from_table scheduled__2024-05-26T12:00:00+00:00 [queued]>
[2024-06-04T12:12:00.640+0000] {taskinstance.py:2193} INFO - Starting attempt 1 of 4
[2024-06-04T12:12:00.731+0000] {taskinstance.py:2217} INFO - Executing <Task(PostgresOperator): delete_data_from_table> on 2024-05-26 12:00:00+00:00
[2024-06-04T12:12:00.744+0000] {standard_task_runner.py:60} INFO - Started process 476 to run task
[2024-06-04T12:12:00.816+0000] {standard_task_runner.py:87} INFO - Running: ['***', 'tasks', 'run', 'dag_runs', 'delete_data_from_table', 'scheduled__2024-05-26T12:00:00+00:00', '--job-id', '638', '--raw', '--subdir', 'DAGS_FOLDER/dag_runs.py', '--cfg-path', '/tmp/tmp2uoo5h__']
[2024-06-04T12:12:00.818+0000] {standard_task_runner.py:88} INFO - Job 638: Subtask delete_data_from_table
[2024-06-04T12:12:01.018+0000] {task_command.py:423} INFO - Running <TaskInstance: dag_runs.delete_data_from_table scheduled__2024-05-26T12:00:00+00:00 [running]> on host d20949f126de
[2024-06-04T12:12:01.423+0000] {taskinstance.py:2513} INFO - Exporting env vars: AIRFLOW_CTX_DAG_OWNER='***' AIRFLOW_CTX_DAG_ID='dag_runs' AIRFLOW_CTX_TASK_ID='delete_data_from_table' AIRFLOW_CTX_EXECUTION_DATE='2024-05-26T12:00:00+00:00' AIRFLOW_CTX_TRY_NUMBER='1' AIRFLOW_CTX_DAG_RUN_ID='scheduled__2024-05-26T12:00:00+00:00'
[2024-06-04T12:12:01.424+0000] {sql.py:276} INFO - Executing: 
            delete from dag_runs where dt = '2024-05-26' and dag_id = 'dag_runs';
        
[2024-06-04T12:12:01.438+0000] {base.py:83} INFO - Using connection ID 'postgres_localhost' for task execution.
[2024-06-04T12:12:01.526+0000] {base.py:83} INFO - Using connection ID 'postgres_localhost' for task execution.
[2024-06-04T12:12:01.534+0000] {sql.py:457} INFO - Running statement: 
            delete from dag_runs where dt = '2024-05-26' and dag_id = 'dag_runs';
        , parameters: None
[2024-06-04T12:12:01.536+0000] {sql.py:466} INFO - Rows affected: 0
[2024-06-04T12:12:01.537+0000] {warnings.py:109} WARNING - /home/***/.local/lib/python3.8/site-packages/***/providers/common/sql/hooks/sql.py:407: AirflowProviderDeprecationWarning: Call to deprecated method _make_common_data_structure. (The `_make_serializable` method is deprecated and support will be removed in a future version of the common.sql provider. Please update the DbApiHook's provider to a version based on common.sql >= 1.9.1.)
  result = self._make_common_data_structure(handler(cur))

[2024-06-04T12:12:01.627+0000] {taskinstance.py:1149} INFO - Marking task as SUCCESS. dag_id=dag_runs, task_id=delete_data_from_table, execution_date=20240526T120000, start_date=20240604T121200, end_date=20240604T121201
[2024-06-04T12:12:01.815+0000] {local_task_job_runner.py:234} INFO - Task exited with return code 0
[2024-06-04T12:12:01.919+0000] {warnings.py:109} WARNING - /home/***/.local/lib/python3.8/site-packages/***/models/baseoperator.py:1201: AirflowProviderDeprecationWarning: Call to deprecated class PostgresOperator. (Please use `***.providers.common.sql.operators.sql.SQLExecuteQueryOperator`.Also, you can provide `hook_params={'schema': <database>}`.)
  result = cls.__new__(cls)

[2024-06-04T12:12:02.031+0000] {taskinstance.py:3312} INFO - 1 downstream tasks scheduled from follow-on schedule check
