[2024-06-04T12:11:23.841+0000] {taskinstance.py:1979} INFO - Dependencies all met for dep_context=non-requeueable deps ti=<TaskInstance: dag_runs.filter_and_log manual__2024-06-04T12:10:39.926634+00:00 [queued]>
[2024-06-04T12:11:23.924+0000] {taskinstance.py:1979} INFO - Dependencies all met for dep_context=requeueable deps ti=<TaskInstance: dag_runs.filter_and_log manual__2024-06-04T12:10:39.926634+00:00 [queued]>
[2024-06-04T12:11:23.924+0000] {taskinstance.py:2193} INFO - Starting attempt 1 of 4
[2024-06-04T12:11:24.021+0000] {taskinstance.py:2217} INFO - Executing <Task(PythonOperator): filter_and_log> on 2024-06-04 12:10:39.926634+00:00
[2024-06-04T12:11:24.034+0000] {standard_task_runner.py:60} INFO - Started process 341 to run task
[2024-06-04T12:11:24.120+0000] {standard_task_runner.py:87} INFO - Running: ['***', 'tasks', 'run', 'dag_runs', 'filter_and_log', 'manual__2024-06-04T12:10:39.926634+00:00', '--job-id', '591', '--raw', '--subdir', 'DAGS_FOLDER/dag_runs.py', '--cfg-path', '/tmp/tmpf_czx7p8']
[2024-06-04T12:11:24.123+0000] {standard_task_runner.py:88} INFO - Job 591: Subtask filter_and_log
[2024-06-04T12:11:24.617+0000] {task_command.py:423} INFO - Running <TaskInstance: dag_runs.filter_and_log manual__2024-06-04T12:10:39.926634+00:00 [running]> on host d20949f126de
[2024-06-04T12:11:25.335+0000] {taskinstance.py:2513} INFO - Exporting env vars: AIRFLOW_CTX_DAG_OWNER='***' AIRFLOW_CTX_DAG_ID='dag_runs' AIRFLOW_CTX_TASK_ID='filter_and_log' AIRFLOW_CTX_EXECUTION_DATE='2024-06-04T12:10:39.926634+00:00' AIRFLOW_CTX_TRY_NUMBER='1' AIRFLOW_CTX_DAG_RUN_ID='manual__2024-06-04T12:10:39.926634+00:00'
[2024-06-04T12:11:25.429+0000] {base.py:83} INFO - Using connection ID 'postgres_localhost' for task execution.
[2024-06-04T12:11:25.539+0000] {dag_runs.py:33} INFO -             dt    dag_id
0   2024-06-02  dag_runs
1   2024-06-01  dag_runs
2   2024-06-03  dag_runs
3   2024-05-01  dag_runs
4   2024-06-04  dag_runs
5   2024-05-03  dag_runs
6   2024-05-02  dag_runs
7   2024-05-04  dag_runs
8   2024-05-06  dag_runs
9   2024-05-05  dag_runs
10  2024-05-07  dag_runs
11  2024-05-08  dag_runs
12  2024-05-09  dag_runs
[2024-06-04T12:11:25.539+0000] {python.py:202} INFO - Done. Returned value was: None
[2024-06-04T12:11:25.724+0000] {taskinstance.py:1149} INFO - Marking task as SUCCESS. dag_id=dag_runs, task_id=filter_and_log, execution_date=20240604T121039, start_date=20240604T121123, end_date=20240604T121125
[2024-06-04T12:11:25.915+0000] {local_task_job_runner.py:234} INFO - Task exited with return code 0
[2024-06-04T12:11:26.035+0000] {taskinstance.py:3312} INFO - 0 downstream tasks scheduled from follow-on schedule check
