[2024-06-04T10:05:57.416+0000] {taskinstance.py:1979} INFO - Dependencies all met for dep_context=non-requeueable deps ti=<TaskInstance: dag_runs.delete_data_from_table scheduled__2024-05-16T12:00:00+00:00 [queued]>
[2024-06-04T10:05:57.489+0000] {taskinstance.py:1979} INFO - Dependencies all met for dep_context=requeueable deps ti=<TaskInstance: dag_runs.delete_data_from_table scheduled__2024-05-16T12:00:00+00:00 [queued]>
[2024-06-04T10:05:57.490+0000] {taskinstance.py:2193} INFO - Starting attempt 1 of 2
[2024-06-04T10:05:57.682+0000] {taskinstance.py:2217} INFO - Executing <Task(PostgresOperator): delete_data_from_table> on 2024-05-16 12:00:00+00:00
[2024-06-04T10:05:57.697+0000] {standard_task_runner.py:60} INFO - Started process 395 to run task
[2024-06-04T10:05:57.703+0000] {standard_task_runner.py:87} INFO - Running: ['***', 'tasks', 'run', 'dag_runs', 'delete_data_from_table', 'scheduled__2024-05-16T12:00:00+00:00', '--job-id', '331', '--raw', '--subdir', 'DAGS_FOLDER/dag_runs.py', '--cfg-path', '/tmp/tmpeen_f9n2']
[2024-06-04T10:05:57.705+0000] {standard_task_runner.py:88} INFO - Job 331: Subtask delete_data_from_table
[2024-06-04T10:05:57.983+0000] {task_command.py:423} INFO - Running <TaskInstance: dag_runs.delete_data_from_table scheduled__2024-05-16T12:00:00+00:00 [running]> on host d20949f126de
[2024-06-04T10:05:58.302+0000] {taskinstance.py:2513} INFO - Exporting env vars: AIRFLOW_CTX_DAG_OWNER='***' AIRFLOW_CTX_DAG_ID='dag_runs' AIRFLOW_CTX_TASK_ID='delete_data_from_table' AIRFLOW_CTX_EXECUTION_DATE='2024-05-16T12:00:00+00:00' AIRFLOW_CTX_TRY_NUMBER='1' AIRFLOW_CTX_DAG_RUN_ID='scheduled__2024-05-16T12:00:00+00:00'
[2024-06-04T10:05:58.303+0000] {sql.py:276} INFO - Executing: 
            delete from dag_runs where dt = '2024-05-16' and dag_id = 'dag_runs';
        
[2024-06-04T10:05:58.316+0000] {base.py:83} INFO - Using connection ID 'postgres_localhost' for task execution.
[2024-06-04T10:05:58.388+0000] {base.py:83} INFO - Using connection ID 'postgres_localhost' for task execution.
[2024-06-04T10:05:58.395+0000] {sql.py:457} INFO - Running statement: 
            delete from dag_runs where dt = '2024-05-16' and dag_id = 'dag_runs';
        , parameters: None
[2024-06-04T10:05:58.398+0000] {sql.py:466} INFO - Rows affected: 0
[2024-06-04T10:05:58.399+0000] {warnings.py:109} WARNING - /home/***/.local/lib/python3.8/site-packages/***/providers/common/sql/hooks/sql.py:407: AirflowProviderDeprecationWarning: Call to deprecated method _make_common_data_structure. (The `_make_serializable` method is deprecated and support will be removed in a future version of the common.sql provider. Please update the DbApiHook's provider to a version based on common.sql >= 1.9.1.)
  result = self._make_common_data_structure(handler(cur))

[2024-06-04T10:05:58.415+0000] {taskinstance.py:1149} INFO - Marking task as SUCCESS. dag_id=dag_runs, task_id=delete_data_from_table, execution_date=20240516T120000, start_date=20240604T100557, end_date=20240604T100558
[2024-06-04T10:05:58.582+0000] {local_task_job_runner.py:234} INFO - Task exited with return code 0
[2024-06-04T10:05:58.601+0000] {warnings.py:109} WARNING - /home/***/.local/lib/python3.8/site-packages/***/models/baseoperator.py:1201: AirflowProviderDeprecationWarning: Call to deprecated class PostgresOperator. (Please use `***.providers.common.sql.operators.sql.SQLExecuteQueryOperator`.Also, you can provide `hook_params={'schema': <database>}`.)
  result = cls.__new__(cls)

[2024-06-04T10:05:58.692+0000] {taskinstance.py:3312} INFO - 1 downstream tasks scheduled from follow-on schedule check
[2024-06-04T12:02:33.033+0000] {taskinstance.py:1979} INFO - Dependencies all met for dep_context=non-requeueable deps ti=<TaskInstance: dag_runs.delete_data_from_table scheduled__2024-05-16T12:00:00+00:00 [queued]>
[2024-06-04T12:02:33.043+0000] {taskinstance.py:1979} INFO - Dependencies all met for dep_context=requeueable deps ti=<TaskInstance: dag_runs.delete_data_from_table scheduled__2024-05-16T12:00:00+00:00 [queued]>
[2024-06-04T12:02:33.044+0000] {taskinstance.py:2193} INFO - Starting attempt 1 of 4
[2024-06-04T12:02:33.123+0000] {taskinstance.py:2217} INFO - Executing <Task(PostgresOperator): delete_data_from_table> on 2024-05-16 12:00:00+00:00
[2024-06-04T12:02:33.135+0000] {standard_task_runner.py:60} INFO - Started process 409 to run task
[2024-06-04T12:02:33.139+0000] {standard_task_runner.py:87} INFO - Running: ['***', 'tasks', 'run', 'dag_runs', 'delete_data_from_table', 'scheduled__2024-05-16T12:00:00+00:00', '--job-id', '473', '--raw', '--subdir', 'DAGS_FOLDER/dag_runs.py', '--cfg-path', '/tmp/tmp0fwao4c2']
[2024-06-04T12:02:33.141+0000] {standard_task_runner.py:88} INFO - Job 473: Subtask delete_data_from_table
[2024-06-04T12:02:33.331+0000] {task_command.py:423} INFO - Running <TaskInstance: dag_runs.delete_data_from_table scheduled__2024-05-16T12:00:00+00:00 [running]> on host d20949f126de
[2024-06-04T12:02:33.631+0000] {taskinstance.py:2513} INFO - Exporting env vars: AIRFLOW_CTX_DAG_OWNER='***' AIRFLOW_CTX_DAG_ID='dag_runs' AIRFLOW_CTX_TASK_ID='delete_data_from_table' AIRFLOW_CTX_EXECUTION_DATE='2024-05-16T12:00:00+00:00' AIRFLOW_CTX_TRY_NUMBER='1' AIRFLOW_CTX_DAG_RUN_ID='scheduled__2024-05-16T12:00:00+00:00'
[2024-06-04T12:02:33.634+0000] {sql.py:276} INFO - Executing: 
            delete from dag_runs
        
[2024-06-04T12:02:33.722+0000] {base.py:83} INFO - Using connection ID 'postgres_localhost' for task execution.
[2024-06-04T12:02:33.737+0000] {base.py:83} INFO - Using connection ID 'postgres_localhost' for task execution.
[2024-06-04T12:02:33.743+0000] {sql.py:457} INFO - Running statement: 
            delete from dag_runs
        , parameters: None
[2024-06-04T12:02:33.745+0000] {sql.py:466} INFO - Rows affected: 0
[2024-06-04T12:02:33.815+0000] {warnings.py:109} WARNING - /home/***/.local/lib/python3.8/site-packages/***/providers/common/sql/hooks/sql.py:407: AirflowProviderDeprecationWarning: Call to deprecated method _make_common_data_structure. (The `_make_serializable` method is deprecated and support will be removed in a future version of the common.sql provider. Please update the DbApiHook's provider to a version based on common.sql >= 1.9.1.)
  result = self._make_common_data_structure(handler(cur))

[2024-06-04T12:02:33.834+0000] {taskinstance.py:1149} INFO - Marking task as SUCCESS. dag_id=dag_runs, task_id=delete_data_from_table, execution_date=20240516T120000, start_date=20240604T120233, end_date=20240604T120233
[2024-06-04T12:02:33.955+0000] {local_task_job_runner.py:234} INFO - Task exited with return code 0
[2024-06-04T12:02:34.330+0000] {warnings.py:109} WARNING - /home/***/.local/lib/python3.8/site-packages/***/models/baseoperator.py:1201: AirflowProviderDeprecationWarning: Call to deprecated class PostgresOperator. (Please use `***.providers.common.sql.operators.sql.SQLExecuteQueryOperator`.Also, you can provide `hook_params={'schema': <database>}`.)
  result = cls.__new__(cls)

[2024-06-04T12:02:34.417+0000] {taskinstance.py:3312} INFO - 0 downstream tasks scheduled from follow-on schedule check
[2024-06-04T12:11:37.462+0000] {taskinstance.py:1979} INFO - Dependencies all met for dep_context=non-requeueable deps ti=<TaskInstance: dag_runs.delete_data_from_table scheduled__2024-05-16T12:00:00+00:00 [queued]>
[2024-06-04T12:11:37.470+0000] {taskinstance.py:1979} INFO - Dependencies all met for dep_context=requeueable deps ti=<TaskInstance: dag_runs.delete_data_from_table scheduled__2024-05-16T12:00:00+00:00 [queued]>
[2024-06-04T12:11:37.470+0000] {taskinstance.py:2193} INFO - Starting attempt 1 of 4
[2024-06-04T12:11:37.517+0000] {taskinstance.py:2217} INFO - Executing <Task(PostgresOperator): delete_data_from_table> on 2024-05-16 12:00:00+00:00
[2024-06-04T12:11:37.529+0000] {standard_task_runner.py:60} INFO - Started process 386 to run task
[2024-06-04T12:11:37.533+0000] {standard_task_runner.py:87} INFO - Running: ['***', 'tasks', 'run', 'dag_runs', 'delete_data_from_table', 'scheduled__2024-05-16T12:00:00+00:00', '--job-id', '612', '--raw', '--subdir', 'DAGS_FOLDER/dag_runs.py', '--cfg-path', '/tmp/tmplw2him7w']
[2024-06-04T12:11:37.534+0000] {standard_task_runner.py:88} INFO - Job 612: Subtask delete_data_from_table
[2024-06-04T12:11:37.725+0000] {task_command.py:423} INFO - Running <TaskInstance: dag_runs.delete_data_from_table scheduled__2024-05-16T12:00:00+00:00 [running]> on host d20949f126de
[2024-06-04T12:11:37.851+0000] {taskinstance.py:2513} INFO - Exporting env vars: AIRFLOW_CTX_DAG_OWNER='***' AIRFLOW_CTX_DAG_ID='dag_runs' AIRFLOW_CTX_TASK_ID='delete_data_from_table' AIRFLOW_CTX_EXECUTION_DATE='2024-05-16T12:00:00+00:00' AIRFLOW_CTX_TRY_NUMBER='1' AIRFLOW_CTX_DAG_RUN_ID='scheduled__2024-05-16T12:00:00+00:00'
[2024-06-04T12:11:37.852+0000] {sql.py:276} INFO - Executing: 
            delete from dag_runs where dt = '2024-05-16' and dag_id = 'dag_runs';
        
[2024-06-04T12:11:37.863+0000] {base.py:83} INFO - Using connection ID 'postgres_localhost' for task execution.
[2024-06-04T12:11:37.871+0000] {base.py:83} INFO - Using connection ID 'postgres_localhost' for task execution.
[2024-06-04T12:11:37.876+0000] {sql.py:457} INFO - Running statement: 
            delete from dag_runs where dt = '2024-05-16' and dag_id = 'dag_runs';
        , parameters: None
[2024-06-04T12:11:37.878+0000] {sql.py:466} INFO - Rows affected: 0
[2024-06-04T12:11:37.878+0000] {warnings.py:109} WARNING - /home/***/.local/lib/python3.8/site-packages/***/providers/common/sql/hooks/sql.py:407: AirflowProviderDeprecationWarning: Call to deprecated method _make_common_data_structure. (The `_make_serializable` method is deprecated and support will be removed in a future version of the common.sql provider. Please update the DbApiHook's provider to a version based on common.sql >= 1.9.1.)
  result = self._make_common_data_structure(handler(cur))

[2024-06-04T12:11:37.887+0000] {taskinstance.py:1149} INFO - Marking task as SUCCESS. dag_id=dag_runs, task_id=delete_data_from_table, execution_date=20240516T120000, start_date=20240604T121137, end_date=20240604T121137
[2024-06-04T12:11:37.956+0000] {local_task_job_runner.py:234} INFO - Task exited with return code 0
[2024-06-04T12:11:37.968+0000] {warnings.py:109} WARNING - /home/***/.local/lib/python3.8/site-packages/***/models/baseoperator.py:1201: AirflowProviderDeprecationWarning: Call to deprecated class PostgresOperator. (Please use `***.providers.common.sql.operators.sql.SQLExecuteQueryOperator`.Also, you can provide `hook_params={'schema': <database>}`.)
  result = cls.__new__(cls)

[2024-06-04T12:11:37.984+0000] {taskinstance.py:3312} INFO - 1 downstream tasks scheduled from follow-on schedule check
