[2024-06-04T10:06:42.682+0000] {taskinstance.py:1979} INFO - Dependencies all met for dep_context=non-requeueable deps ti=<TaskInstance: dag_runs.delete_data_from_table scheduled__2024-06-02T12:00:00+00:00 [queued]>
[2024-06-04T10:06:42.690+0000] {taskinstance.py:1979} INFO - Dependencies all met for dep_context=requeueable deps ti=<TaskInstance: dag_runs.delete_data_from_table scheduled__2024-06-02T12:00:00+00:00 [queued]>
[2024-06-04T10:06:42.690+0000] {taskinstance.py:2193} INFO - Starting attempt 1 of 2
[2024-06-04T10:06:42.701+0000] {taskinstance.py:2217} INFO - Executing <Task(PostgresOperator): delete_data_from_table> on 2024-06-02 12:00:00+00:00
[2024-06-04T10:06:42.710+0000] {standard_task_runner.py:60} INFO - Started process 594 to run task
[2024-06-04T10:06:42.713+0000] {standard_task_runner.py:87} INFO - Running: ['***', 'tasks', 'run', 'dag_runs', 'delete_data_from_table', 'scheduled__2024-06-02T12:00:00+00:00', '--job-id', '399', '--raw', '--subdir', 'DAGS_FOLDER/dag_runs.py', '--cfg-path', '/tmp/tmpsbz015pz']
[2024-06-04T10:06:42.715+0000] {standard_task_runner.py:88} INFO - Job 399: Subtask delete_data_from_table
[2024-06-04T10:06:42.767+0000] {task_command.py:423} INFO - Running <TaskInstance: dag_runs.delete_data_from_table scheduled__2024-06-02T12:00:00+00:00 [running]> on host d20949f126de
[2024-06-04T10:06:42.853+0000] {taskinstance.py:2513} INFO - Exporting env vars: AIRFLOW_CTX_DAG_OWNER='***' AIRFLOW_CTX_DAG_ID='dag_runs' AIRFLOW_CTX_TASK_ID='delete_data_from_table' AIRFLOW_CTX_EXECUTION_DATE='2024-06-02T12:00:00+00:00' AIRFLOW_CTX_TRY_NUMBER='1' AIRFLOW_CTX_DAG_RUN_ID='scheduled__2024-06-02T12:00:00+00:00'
[2024-06-04T10:06:42.854+0000] {sql.py:276} INFO - Executing: 
            delete from dag_runs where dt = '2024-06-02' and dag_id = 'dag_runs';
        
[2024-06-04T10:06:42.862+0000] {base.py:83} INFO - Using connection ID 'postgres_localhost' for task execution.
[2024-06-04T10:06:42.870+0000] {base.py:83} INFO - Using connection ID 'postgres_localhost' for task execution.
[2024-06-04T10:06:42.874+0000] {sql.py:457} INFO - Running statement: 
            delete from dag_runs where dt = '2024-06-02' and dag_id = 'dag_runs';
        , parameters: None
[2024-06-04T10:06:42.875+0000] {sql.py:466} INFO - Rows affected: 0
[2024-06-04T10:06:42.876+0000] {warnings.py:109} WARNING - /home/***/.local/lib/python3.8/site-packages/***/providers/common/sql/hooks/sql.py:407: AirflowProviderDeprecationWarning: Call to deprecated method _make_common_data_structure. (The `_make_serializable` method is deprecated and support will be removed in a future version of the common.sql provider. Please update the DbApiHook's provider to a version based on common.sql >= 1.9.1.)
  result = self._make_common_data_structure(handler(cur))

[2024-06-04T10:06:42.886+0000] {taskinstance.py:1149} INFO - Marking task as SUCCESS. dag_id=dag_runs, task_id=delete_data_from_table, execution_date=20240602T120000, start_date=20240604T100642, end_date=20240604T100642
[2024-06-04T10:06:42.926+0000] {local_task_job_runner.py:234} INFO - Task exited with return code 0
[2024-06-04T10:06:42.938+0000] {warnings.py:109} WARNING - /home/***/.local/lib/python3.8/site-packages/***/models/baseoperator.py:1201: AirflowProviderDeprecationWarning: Call to deprecated class PostgresOperator. (Please use `***.providers.common.sql.operators.sql.SQLExecuteQueryOperator`.Also, you can provide `hook_params={'schema': <database>}`.)
  result = cls.__new__(cls)

[2024-06-04T10:06:42.956+0000] {taskinstance.py:3312} INFO - 1 downstream tasks scheduled from follow-on schedule check
[2024-06-04T12:03:11.315+0000] {taskinstance.py:1979} INFO - Dependencies all met for dep_context=non-requeueable deps ti=<TaskInstance: dag_runs.delete_data_from_table scheduled__2024-06-02T12:00:00+00:00 [queued]>
[2024-06-04T12:03:11.323+0000] {taskinstance.py:1979} INFO - Dependencies all met for dep_context=requeueable deps ti=<TaskInstance: dag_runs.delete_data_from_table scheduled__2024-06-02T12:00:00+00:00 [queued]>
[2024-06-04T12:03:11.323+0000] {taskinstance.py:2193} INFO - Starting attempt 1 of 4
[2024-06-04T12:03:11.334+0000] {taskinstance.py:2217} INFO - Executing <Task(PostgresOperator): delete_data_from_table> on 2024-06-02 12:00:00+00:00
[2024-06-04T12:03:11.345+0000] {standard_task_runner.py:60} INFO - Started process 599 to run task
[2024-06-04T12:03:11.348+0000] {standard_task_runner.py:87} INFO - Running: ['***', 'tasks', 'run', 'dag_runs', 'delete_data_from_table', 'scheduled__2024-06-02T12:00:00+00:00', '--job-id', '538', '--raw', '--subdir', 'DAGS_FOLDER/dag_runs.py', '--cfg-path', '/tmp/tmpxde7h3s0']
[2024-06-04T12:03:11.350+0000] {standard_task_runner.py:88} INFO - Job 538: Subtask delete_data_from_table
[2024-06-04T12:03:11.395+0000] {task_command.py:423} INFO - Running <TaskInstance: dag_runs.delete_data_from_table scheduled__2024-06-02T12:00:00+00:00 [running]> on host d20949f126de
[2024-06-04T12:03:11.475+0000] {taskinstance.py:2513} INFO - Exporting env vars: AIRFLOW_CTX_DAG_OWNER='***' AIRFLOW_CTX_DAG_ID='dag_runs' AIRFLOW_CTX_TASK_ID='delete_data_from_table' AIRFLOW_CTX_EXECUTION_DATE='2024-06-02T12:00:00+00:00' AIRFLOW_CTX_TRY_NUMBER='1' AIRFLOW_CTX_DAG_RUN_ID='scheduled__2024-06-02T12:00:00+00:00'
[2024-06-04T12:03:11.476+0000] {sql.py:276} INFO - Executing: 
            delete from dag_runs
        
[2024-06-04T12:03:11.485+0000] {base.py:83} INFO - Using connection ID 'postgres_localhost' for task execution.
[2024-06-04T12:03:11.492+0000] {base.py:83} INFO - Using connection ID 'postgres_localhost' for task execution.
[2024-06-04T12:03:11.497+0000] {sql.py:457} INFO - Running statement: 
            delete from dag_runs
        , parameters: None
[2024-06-04T12:03:11.498+0000] {sql.py:466} INFO - Rows affected: 4
[2024-06-04T12:03:11.498+0000] {warnings.py:109} WARNING - /home/***/.local/lib/python3.8/site-packages/***/providers/common/sql/hooks/sql.py:407: AirflowProviderDeprecationWarning: Call to deprecated method _make_common_data_structure. (The `_make_serializable` method is deprecated and support will be removed in a future version of the common.sql provider. Please update the DbApiHook's provider to a version based on common.sql >= 1.9.1.)
  result = self._make_common_data_structure(handler(cur))

[2024-06-04T12:03:11.515+0000] {taskinstance.py:1149} INFO - Marking task as SUCCESS. dag_id=dag_runs, task_id=delete_data_from_table, execution_date=20240602T120000, start_date=20240604T120311, end_date=20240604T120311
[2024-06-04T12:03:11.561+0000] {local_task_job_runner.py:234} INFO - Task exited with return code 0
[2024-06-04T12:03:11.572+0000] {warnings.py:109} WARNING - /home/***/.local/lib/python3.8/site-packages/***/models/baseoperator.py:1201: AirflowProviderDeprecationWarning: Call to deprecated class PostgresOperator. (Please use `***.providers.common.sql.operators.sql.SQLExecuteQueryOperator`.Also, you can provide `hook_params={'schema': <database>}`.)
  result = cls.__new__(cls)

[2024-06-04T12:03:11.589+0000] {taskinstance.py:3312} INFO - 1 downstream tasks scheduled from follow-on schedule check
[2024-06-04T12:12:35.147+0000] {taskinstance.py:1979} INFO - Dependencies all met for dep_context=non-requeueable deps ti=<TaskInstance: dag_runs.delete_data_from_table scheduled__2024-06-02T12:00:00+00:00 [queued]>
[2024-06-04T12:12:35.157+0000] {taskinstance.py:1979} INFO - Dependencies all met for dep_context=requeueable deps ti=<TaskInstance: dag_runs.delete_data_from_table scheduled__2024-06-02T12:00:00+00:00 [queued]>
[2024-06-04T12:12:35.157+0000] {taskinstance.py:2193} INFO - Starting attempt 1 of 4
[2024-06-04T12:12:35.169+0000] {taskinstance.py:2217} INFO - Executing <Task(PostgresOperator): delete_data_from_table> on 2024-06-02 12:00:00+00:00
[2024-06-04T12:12:35.181+0000] {standard_task_runner.py:60} INFO - Started process 599 to run task
[2024-06-04T12:12:35.184+0000] {standard_task_runner.py:87} INFO - Running: ['***', 'tasks', 'run', 'dag_runs', 'delete_data_from_table', 'scheduled__2024-06-02T12:00:00+00:00', '--job-id', '681', '--raw', '--subdir', 'DAGS_FOLDER/dag_runs.py', '--cfg-path', '/tmp/tmpimh_muwo']
[2024-06-04T12:12:35.185+0000] {standard_task_runner.py:88} INFO - Job 681: Subtask delete_data_from_table
[2024-06-04T12:12:35.239+0000] {task_command.py:423} INFO - Running <TaskInstance: dag_runs.delete_data_from_table scheduled__2024-06-02T12:00:00+00:00 [running]> on host d20949f126de
[2024-06-04T12:12:35.325+0000] {taskinstance.py:2513} INFO - Exporting env vars: AIRFLOW_CTX_DAG_OWNER='***' AIRFLOW_CTX_DAG_ID='dag_runs' AIRFLOW_CTX_TASK_ID='delete_data_from_table' AIRFLOW_CTX_EXECUTION_DATE='2024-06-02T12:00:00+00:00' AIRFLOW_CTX_TRY_NUMBER='1' AIRFLOW_CTX_DAG_RUN_ID='scheduled__2024-06-02T12:00:00+00:00'
[2024-06-04T12:12:35.326+0000] {sql.py:276} INFO - Executing: 
            delete from dag_runs where dt = '2024-06-02' and dag_id = 'dag_runs';
        
[2024-06-04T12:12:35.336+0000] {base.py:83} INFO - Using connection ID 'postgres_localhost' for task execution.
[2024-06-04T12:12:35.344+0000] {base.py:83} INFO - Using connection ID 'postgres_localhost' for task execution.
[2024-06-04T12:12:35.348+0000] {sql.py:457} INFO - Running statement: 
            delete from dag_runs where dt = '2024-06-02' and dag_id = 'dag_runs';
        , parameters: None
[2024-06-04T12:12:35.350+0000] {sql.py:466} INFO - Rows affected: 1
[2024-06-04T12:12:35.351+0000] {warnings.py:109} WARNING - /home/***/.local/lib/python3.8/site-packages/***/providers/common/sql/hooks/sql.py:407: AirflowProviderDeprecationWarning: Call to deprecated method _make_common_data_structure. (The `_make_serializable` method is deprecated and support will be removed in a future version of the common.sql provider. Please update the DbApiHook's provider to a version based on common.sql >= 1.9.1.)
  result = self._make_common_data_structure(handler(cur))

[2024-06-04T12:12:35.360+0000] {taskinstance.py:1149} INFO - Marking task as SUCCESS. dag_id=dag_runs, task_id=delete_data_from_table, execution_date=20240602T120000, start_date=20240604T121235, end_date=20240604T121235
[2024-06-04T12:12:35.397+0000] {local_task_job_runner.py:234} INFO - Task exited with return code 0
[2024-06-04T12:12:35.410+0000] {warnings.py:109} WARNING - /home/***/.local/lib/python3.8/site-packages/***/models/baseoperator.py:1201: AirflowProviderDeprecationWarning: Call to deprecated class PostgresOperator. (Please use `***.providers.common.sql.operators.sql.SQLExecuteQueryOperator`.Also, you can provide `hook_params={'schema': <database>}`.)
  result = cls.__new__(cls)

[2024-06-04T12:12:35.427+0000] {taskinstance.py:3312} INFO - 1 downstream tasks scheduled from follow-on schedule check
