[2024-06-04T10:05:37.207+0000] {taskinstance.py:1979} INFO - Dependencies all met for dep_context=non-requeueable deps ti=<TaskInstance: dag_runs.delete_data_from_table scheduled__2024-05-14T12:00:00+00:00 [queued]>
[2024-06-04T10:05:37.294+0000] {taskinstance.py:1979} INFO - Dependencies all met for dep_context=requeueable deps ti=<TaskInstance: dag_runs.delete_data_from_table scheduled__2024-05-14T12:00:00+00:00 [queued]>
[2024-06-04T10:05:37.295+0000] {taskinstance.py:2193} INFO - Starting attempt 1 of 2
[2024-06-04T10:05:37.388+0000] {taskinstance.py:2217} INFO - Executing <Task(PostgresOperator): delete_data_from_table> on 2024-05-14 12:00:00+00:00
[2024-06-04T10:05:37.404+0000] {standard_task_runner.py:60} INFO - Started process 312 to run task
[2024-06-04T10:05:37.486+0000] {standard_task_runner.py:87} INFO - Running: ['***', 'tasks', 'run', 'dag_runs', 'delete_data_from_table', 'scheduled__2024-05-14T12:00:00+00:00', '--job-id', '306', '--raw', '--subdir', 'DAGS_FOLDER/dag_runs.py', '--cfg-path', '/tmp/tmpvvibbl4u']
[2024-06-04T10:05:37.488+0000] {standard_task_runner.py:88} INFO - Job 306: Subtask delete_data_from_table
[2024-06-04T10:05:37.703+0000] {task_command.py:423} INFO - Running <TaskInstance: dag_runs.delete_data_from_table scheduled__2024-05-14T12:00:00+00:00 [running]> on host d20949f126de
[2024-06-04T10:05:38.298+0000] {taskinstance.py:2513} INFO - Exporting env vars: AIRFLOW_CTX_DAG_OWNER='***' AIRFLOW_CTX_DAG_ID='dag_runs' AIRFLOW_CTX_TASK_ID='delete_data_from_table' AIRFLOW_CTX_EXECUTION_DATE='2024-05-14T12:00:00+00:00' AIRFLOW_CTX_TRY_NUMBER='1' AIRFLOW_CTX_DAG_RUN_ID='scheduled__2024-05-14T12:00:00+00:00'
[2024-06-04T10:05:38.299+0000] {sql.py:276} INFO - Executing: 
            delete from dag_runs where dt = '2024-05-14' and dag_id = 'dag_runs';
        
[2024-06-04T10:05:38.482+0000] {base.py:83} INFO - Using connection ID 'postgres_localhost' for task execution.
[2024-06-04T10:05:38.593+0000] {base.py:83} INFO - Using connection ID 'postgres_localhost' for task execution.
[2024-06-04T10:05:38.691+0000] {sql.py:457} INFO - Running statement: 
            delete from dag_runs where dt = '2024-05-14' and dag_id = 'dag_runs';
        , parameters: None
[2024-06-04T10:05:38.695+0000] {sql.py:466} INFO - Rows affected: 0
[2024-06-04T10:05:38.696+0000] {warnings.py:109} WARNING - /home/***/.local/lib/python3.8/site-packages/***/providers/common/sql/hooks/sql.py:407: AirflowProviderDeprecationWarning: Call to deprecated method _make_common_data_structure. (The `_make_serializable` method is deprecated and support will be removed in a future version of the common.sql provider. Please update the DbApiHook's provider to a version based on common.sql >= 1.9.1.)
  result = self._make_common_data_structure(handler(cur))

[2024-06-04T10:05:38.925+0000] {taskinstance.py:1149} INFO - Marking task as SUCCESS. dag_id=dag_runs, task_id=delete_data_from_table, execution_date=20240514T120000, start_date=20240604T100537, end_date=20240604T100538
[2024-06-04T10:05:39.381+0000] {local_task_job_runner.py:234} INFO - Task exited with return code 0
[2024-06-04T10:05:39.504+0000] {warnings.py:109} WARNING - /home/***/.local/lib/python3.8/site-packages/***/models/baseoperator.py:1201: AirflowProviderDeprecationWarning: Call to deprecated class PostgresOperator. (Please use `***.providers.common.sql.operators.sql.SQLExecuteQueryOperator`.Also, you can provide `hook_params={'schema': <database>}`.)
  result = cls.__new__(cls)

[2024-06-04T10:05:39.789+0000] {taskinstance.py:3312} INFO - 1 downstream tasks scheduled from follow-on schedule check
[2024-06-04T12:02:16.417+0000] {taskinstance.py:1979} INFO - Dependencies all met for dep_context=non-requeueable deps ti=<TaskInstance: dag_runs.delete_data_from_table scheduled__2024-05-14T12:00:00+00:00 [queued]>
[2024-06-04T12:02:16.429+0000] {taskinstance.py:1979} INFO - Dependencies all met for dep_context=requeueable deps ti=<TaskInstance: dag_runs.delete_data_from_table scheduled__2024-05-14T12:00:00+00:00 [queued]>
[2024-06-04T12:02:16.429+0000] {taskinstance.py:2193} INFO - Starting attempt 1 of 4
[2024-06-04T12:02:16.522+0000] {taskinstance.py:2217} INFO - Executing <Task(PostgresOperator): delete_data_from_table> on 2024-05-14 12:00:00+00:00
[2024-06-04T12:02:16.538+0000] {standard_task_runner.py:60} INFO - Started process 325 to run task
[2024-06-04T12:02:16.624+0000] {standard_task_runner.py:87} INFO - Running: ['***', 'tasks', 'run', 'dag_runs', 'delete_data_from_table', 'scheduled__2024-05-14T12:00:00+00:00', '--job-id', '446', '--raw', '--subdir', 'DAGS_FOLDER/dag_runs.py', '--cfg-path', '/tmp/tmp71d7qig9']
[2024-06-04T12:02:16.626+0000] {standard_task_runner.py:88} INFO - Job 446: Subtask delete_data_from_table
[2024-06-04T12:02:16.927+0000] {task_command.py:423} INFO - Running <TaskInstance: dag_runs.delete_data_from_table scheduled__2024-05-14T12:00:00+00:00 [running]> on host d20949f126de
[2024-06-04T12:02:17.538+0000] {taskinstance.py:2513} INFO - Exporting env vars: AIRFLOW_CTX_DAG_OWNER='***' AIRFLOW_CTX_DAG_ID='dag_runs' AIRFLOW_CTX_TASK_ID='delete_data_from_table' AIRFLOW_CTX_EXECUTION_DATE='2024-05-14T12:00:00+00:00' AIRFLOW_CTX_TRY_NUMBER='1' AIRFLOW_CTX_DAG_RUN_ID='scheduled__2024-05-14T12:00:00+00:00'
[2024-06-04T12:02:17.543+0000] {sql.py:276} INFO - Executing: 
            delete from dag_runs
        
[2024-06-04T12:02:17.626+0000] {base.py:83} INFO - Using connection ID 'postgres_localhost' for task execution.
[2024-06-04T12:02:17.723+0000] {base.py:83} INFO - Using connection ID 'postgres_localhost' for task execution.
[2024-06-04T12:02:17.824+0000] {sql.py:457} INFO - Running statement: 
            delete from dag_runs
        , parameters: None
[2024-06-04T12:02:17.832+0000] {sql.py:466} INFO - Rows affected: 4
[2024-06-04T12:02:17.833+0000] {warnings.py:109} WARNING - /home/***/.local/lib/python3.8/site-packages/***/providers/common/sql/hooks/sql.py:407: AirflowProviderDeprecationWarning: Call to deprecated method _make_common_data_structure. (The `_make_serializable` method is deprecated and support will be removed in a future version of the common.sql provider. Please update the DbApiHook's provider to a version based on common.sql >= 1.9.1.)
  result = self._make_common_data_structure(handler(cur))

[2024-06-04T12:02:17.934+0000] {taskinstance.py:1149} INFO - Marking task as SUCCESS. dag_id=dag_runs, task_id=delete_data_from_table, execution_date=20240514T120000, start_date=20240604T120216, end_date=20240604T120217
[2024-06-04T12:02:18.315+0000] {local_task_job_runner.py:234} INFO - Task exited with return code 0
[2024-06-04T12:02:18.433+0000] {warnings.py:109} WARNING - /home/***/.local/lib/python3.8/site-packages/***/models/baseoperator.py:1201: AirflowProviderDeprecationWarning: Call to deprecated class PostgresOperator. (Please use `***.providers.common.sql.operators.sql.SQLExecuteQueryOperator`.Also, you can provide `hook_params={'schema': <database>}`.)
  result = cls.__new__(cls)

[2024-06-04T12:02:18.535+0000] {taskinstance.py:3312} INFO - 1 downstream tasks scheduled from follow-on schedule check
[2024-06-04T12:11:23.138+0000] {taskinstance.py:1979} INFO - Dependencies all met for dep_context=non-requeueable deps ti=<TaskInstance: dag_runs.delete_data_from_table scheduled__2024-05-14T12:00:00+00:00 [queued]>
[2024-06-04T12:11:23.229+0000] {taskinstance.py:1979} INFO - Dependencies all met for dep_context=requeueable deps ti=<TaskInstance: dag_runs.delete_data_from_table scheduled__2024-05-14T12:00:00+00:00 [queued]>
[2024-06-04T12:11:23.230+0000] {taskinstance.py:2193} INFO - Starting attempt 1 of 4
[2024-06-04T12:11:23.322+0000] {taskinstance.py:2217} INFO - Executing <Task(PostgresOperator): delete_data_from_table> on 2024-05-14 12:00:00+00:00
[2024-06-04T12:11:23.336+0000] {standard_task_runner.py:60} INFO - Started process 334 to run task
[2024-06-04T12:11:23.414+0000] {standard_task_runner.py:87} INFO - Running: ['***', 'tasks', 'run', 'dag_runs', 'delete_data_from_table', 'scheduled__2024-05-14T12:00:00+00:00', '--job-id', '588', '--raw', '--subdir', 'DAGS_FOLDER/dag_runs.py', '--cfg-path', '/tmp/tmpwhj2ymr3']
[2024-06-04T12:11:23.416+0000] {standard_task_runner.py:88} INFO - Job 588: Subtask delete_data_from_table
[2024-06-04T12:11:23.821+0000] {task_command.py:423} INFO - Running <TaskInstance: dag_runs.delete_data_from_table scheduled__2024-05-14T12:00:00+00:00 [running]> on host d20949f126de
[2024-06-04T12:11:24.835+0000] {taskinstance.py:2513} INFO - Exporting env vars: AIRFLOW_CTX_DAG_OWNER='***' AIRFLOW_CTX_DAG_ID='dag_runs' AIRFLOW_CTX_TASK_ID='delete_data_from_table' AIRFLOW_CTX_EXECUTION_DATE='2024-05-14T12:00:00+00:00' AIRFLOW_CTX_TRY_NUMBER='1' AIRFLOW_CTX_DAG_RUN_ID='scheduled__2024-05-14T12:00:00+00:00'
[2024-06-04T12:11:24.919+0000] {sql.py:276} INFO - Executing: 
            delete from dag_runs where dt = '2024-05-14' and dag_id = 'dag_runs';
        
[2024-06-04T12:11:25.023+0000] {base.py:83} INFO - Using connection ID 'postgres_localhost' for task execution.
[2024-06-04T12:11:25.124+0000] {base.py:83} INFO - Using connection ID 'postgres_localhost' for task execution.
[2024-06-04T12:11:25.216+0000] {sql.py:457} INFO - Running statement: 
            delete from dag_runs where dt = '2024-05-14' and dag_id = 'dag_runs';
        , parameters: None
[2024-06-04T12:11:25.219+0000] {sql.py:466} INFO - Rows affected: 0
[2024-06-04T12:11:25.220+0000] {warnings.py:109} WARNING - /home/***/.local/lib/python3.8/site-packages/***/providers/common/sql/hooks/sql.py:407: AirflowProviderDeprecationWarning: Call to deprecated method _make_common_data_structure. (The `_make_serializable` method is deprecated and support will be removed in a future version of the common.sql provider. Please update the DbApiHook's provider to a version based on common.sql >= 1.9.1.)
  result = self._make_common_data_structure(handler(cur))

[2024-06-04T12:11:25.238+0000] {taskinstance.py:1149} INFO - Marking task as SUCCESS. dag_id=dag_runs, task_id=delete_data_from_table, execution_date=20240514T120000, start_date=20240604T121123, end_date=20240604T121125
[2024-06-04T12:11:25.615+0000] {local_task_job_runner.py:234} INFO - Task exited with return code 0
[2024-06-04T12:11:25.717+0000] {warnings.py:109} WARNING - /home/***/.local/lib/python3.8/site-packages/***/models/baseoperator.py:1201: AirflowProviderDeprecationWarning: Call to deprecated class PostgresOperator. (Please use `***.providers.common.sql.operators.sql.SQLExecuteQueryOperator`.Also, you can provide `hook_params={'schema': <database>}`.)
  result = cls.__new__(cls)

[2024-06-04T12:11:25.816+0000] {taskinstance.py:3312} INFO - 1 downstream tasks scheduled from follow-on schedule check
