[2024-06-04T10:06:06.205+0000] {taskinstance.py:1979} INFO - Dependencies all met for dep_context=non-requeueable deps ti=<TaskInstance: dag_runs.delete_data_from_table scheduled__2024-05-18T12:00:00+00:00 [queued]>
[2024-06-04T10:06:06.293+0000] {taskinstance.py:1979} INFO - Dependencies all met for dep_context=requeueable deps ti=<TaskInstance: dag_runs.delete_data_from_table scheduled__2024-05-18T12:00:00+00:00 [queued]>
[2024-06-04T10:06:06.293+0000] {taskinstance.py:2193} INFO - Starting attempt 1 of 2
[2024-06-04T10:06:06.382+0000] {taskinstance.py:2217} INFO - Executing <Task(PostgresOperator): delete_data_from_table> on 2024-05-18 12:00:00+00:00
[2024-06-04T10:06:06.398+0000] {standard_task_runner.py:60} INFO - Started process 437 to run task
[2024-06-04T10:06:06.403+0000] {standard_task_runner.py:87} INFO - Running: ['***', 'tasks', 'run', 'dag_runs', 'delete_data_from_table', 'scheduled__2024-05-18T12:00:00+00:00', '--job-id', '343', '--raw', '--subdir', 'DAGS_FOLDER/dag_runs.py', '--cfg-path', '/tmp/tmp6pkdaj2h']
[2024-06-04T10:06:06.405+0000] {standard_task_runner.py:88} INFO - Job 343: Subtask delete_data_from_table
[2024-06-04T10:06:06.899+0000] {task_command.py:423} INFO - Running <TaskInstance: dag_runs.delete_data_from_table scheduled__2024-05-18T12:00:00+00:00 [running]> on host d20949f126de
[2024-06-04T10:06:07.386+0000] {taskinstance.py:2513} INFO - Exporting env vars: AIRFLOW_CTX_DAG_OWNER='***' AIRFLOW_CTX_DAG_ID='dag_runs' AIRFLOW_CTX_TASK_ID='delete_data_from_table' AIRFLOW_CTX_EXECUTION_DATE='2024-05-18T12:00:00+00:00' AIRFLOW_CTX_TRY_NUMBER='1' AIRFLOW_CTX_DAG_RUN_ID='scheduled__2024-05-18T12:00:00+00:00'
[2024-06-04T10:06:07.387+0000] {sql.py:276} INFO - Executing: 
            delete from dag_runs where dt = '2024-05-18' and dag_id = 'dag_runs';
        
[2024-06-04T10:06:07.402+0000] {base.py:83} INFO - Using connection ID 'postgres_localhost' for task execution.
[2024-06-04T10:06:07.490+0000] {base.py:83} INFO - Using connection ID 'postgres_localhost' for task execution.
[2024-06-04T10:06:07.504+0000] {sql.py:457} INFO - Running statement: 
            delete from dag_runs where dt = '2024-05-18' and dag_id = 'dag_runs';
        , parameters: None
[2024-06-04T10:06:07.507+0000] {sql.py:466} INFO - Rows affected: 0
[2024-06-04T10:06:07.509+0000] {warnings.py:109} WARNING - /home/***/.local/lib/python3.8/site-packages/***/providers/common/sql/hooks/sql.py:407: AirflowProviderDeprecationWarning: Call to deprecated method _make_common_data_structure. (The `_make_serializable` method is deprecated and support will be removed in a future version of the common.sql provider. Please update the DbApiHook's provider to a version based on common.sql >= 1.9.1.)
  result = self._make_common_data_structure(handler(cur))

[2024-06-04T10:06:07.596+0000] {taskinstance.py:1149} INFO - Marking task as SUCCESS. dag_id=dag_runs, task_id=delete_data_from_table, execution_date=20240518T120000, start_date=20240604T100606, end_date=20240604T100607
[2024-06-04T10:06:07.781+0000] {local_task_job_runner.py:234} INFO - Task exited with return code 0
[2024-06-04T10:06:08.101+0000] {warnings.py:109} WARNING - /home/***/.local/lib/python3.8/site-packages/***/models/baseoperator.py:1201: AirflowProviderDeprecationWarning: Call to deprecated class PostgresOperator. (Please use `***.providers.common.sql.operators.sql.SQLExecuteQueryOperator`.Also, you can provide `hook_params={'schema': <database>}`.)
  result = cls.__new__(cls)

[2024-06-04T10:06:08.208+0000] {taskinstance.py:3312} INFO - 1 downstream tasks scheduled from follow-on schedule check
[2024-06-04T12:02:33.433+0000] {taskinstance.py:1979} INFO - Dependencies all met for dep_context=non-requeueable deps ti=<TaskInstance: dag_runs.delete_data_from_table scheduled__2024-05-18T12:00:00+00:00 [queued]>
[2024-06-04T12:02:33.445+0000] {taskinstance.py:1979} INFO - Dependencies all met for dep_context=requeueable deps ti=<TaskInstance: dag_runs.delete_data_from_table scheduled__2024-05-18T12:00:00+00:00 [queued]>
[2024-06-04T12:02:33.446+0000] {taskinstance.py:2193} INFO - Starting attempt 1 of 4
[2024-06-04T12:02:33.520+0000] {taskinstance.py:2217} INFO - Executing <Task(PostgresOperator): delete_data_from_table> on 2024-05-18 12:00:00+00:00
[2024-06-04T12:02:33.532+0000] {standard_task_runner.py:60} INFO - Started process 411 to run task
[2024-06-04T12:02:33.536+0000] {standard_task_runner.py:87} INFO - Running: ['***', 'tasks', 'run', 'dag_runs', 'delete_data_from_table', 'scheduled__2024-05-18T12:00:00+00:00', '--job-id', '475', '--raw', '--subdir', 'DAGS_FOLDER/dag_runs.py', '--cfg-path', '/tmp/tmpdvy9jjyl']
[2024-06-04T12:02:33.537+0000] {standard_task_runner.py:88} INFO - Job 475: Subtask delete_data_from_table
[2024-06-04T12:02:33.747+0000] {task_command.py:423} INFO - Running <TaskInstance: dag_runs.delete_data_from_table scheduled__2024-05-18T12:00:00+00:00 [running]> on host d20949f126de
[2024-06-04T12:02:34.048+0000] {taskinstance.py:2513} INFO - Exporting env vars: AIRFLOW_CTX_DAG_OWNER='***' AIRFLOW_CTX_DAG_ID='dag_runs' AIRFLOW_CTX_TASK_ID='delete_data_from_table' AIRFLOW_CTX_EXECUTION_DATE='2024-05-18T12:00:00+00:00' AIRFLOW_CTX_TRY_NUMBER='1' AIRFLOW_CTX_DAG_RUN_ID='scheduled__2024-05-18T12:00:00+00:00'
[2024-06-04T12:02:34.050+0000] {sql.py:276} INFO - Executing: 
            delete from dag_runs
        
[2024-06-04T12:02:34.121+0000] {base.py:83} INFO - Using connection ID 'postgres_localhost' for task execution.
[2024-06-04T12:02:34.131+0000] {base.py:83} INFO - Using connection ID 'postgres_localhost' for task execution.
[2024-06-04T12:02:34.137+0000] {sql.py:457} INFO - Running statement: 
            delete from dag_runs
        , parameters: None
[2024-06-04T12:02:34.138+0000] {sql.py:466} INFO - Rows affected: 0
[2024-06-04T12:02:34.139+0000] {warnings.py:109} WARNING - /home/***/.local/lib/python3.8/site-packages/***/providers/common/sql/hooks/sql.py:407: AirflowProviderDeprecationWarning: Call to deprecated method _make_common_data_structure. (The `_make_serializable` method is deprecated and support will be removed in a future version of the common.sql provider. Please update the DbApiHook's provider to a version based on common.sql >= 1.9.1.)
  result = self._make_common_data_structure(handler(cur))

[2024-06-04T12:02:34.153+0000] {taskinstance.py:1149} INFO - Marking task as SUCCESS. dag_id=dag_runs, task_id=delete_data_from_table, execution_date=20240518T120000, start_date=20240604T120233, end_date=20240604T120234
[2024-06-04T12:02:34.255+0000] {local_task_job_runner.py:234} INFO - Task exited with return code 0
[2024-06-04T12:02:34.330+0000] {warnings.py:109} WARNING - /home/***/.local/lib/python3.8/site-packages/***/models/baseoperator.py:1201: AirflowProviderDeprecationWarning: Call to deprecated class PostgresOperator. (Please use `***.providers.common.sql.operators.sql.SQLExecuteQueryOperator`.Also, you can provide `hook_params={'schema': <database>}`.)
  result = cls.__new__(cls)

[2024-06-04T12:02:34.349+0000] {taskinstance.py:3312} INFO - 0 downstream tasks scheduled from follow-on schedule check
[2024-06-04T12:11:54.029+0000] {taskinstance.py:1979} INFO - Dependencies all met for dep_context=non-requeueable deps ti=<TaskInstance: dag_runs.delete_data_from_table scheduled__2024-05-18T12:00:00+00:00 [queued]>
[2024-06-04T12:11:54.040+0000] {taskinstance.py:1979} INFO - Dependencies all met for dep_context=requeueable deps ti=<TaskInstance: dag_runs.delete_data_from_table scheduled__2024-05-18T12:00:00+00:00 [queued]>
[2024-06-04T12:11:54.041+0000] {taskinstance.py:2193} INFO - Starting attempt 1 of 4
[2024-06-04T12:11:54.127+0000] {taskinstance.py:2217} INFO - Executing <Task(PostgresOperator): delete_data_from_table> on 2024-05-18 12:00:00+00:00
[2024-06-04T12:11:54.140+0000] {standard_task_runner.py:60} INFO - Started process 440 to run task
[2024-06-04T12:11:54.144+0000] {standard_task_runner.py:87} INFO - Running: ['***', 'tasks', 'run', 'dag_runs', 'delete_data_from_table', 'scheduled__2024-05-18T12:00:00+00:00', '--job-id', '627', '--raw', '--subdir', 'DAGS_FOLDER/dag_runs.py', '--cfg-path', '/tmp/tmpvl3l4vib']
[2024-06-04T12:11:54.146+0000] {standard_task_runner.py:88} INFO - Job 627: Subtask delete_data_from_table
[2024-06-04T12:11:54.417+0000] {task_command.py:423} INFO - Running <TaskInstance: dag_runs.delete_data_from_table scheduled__2024-05-18T12:00:00+00:00 [running]> on host d20949f126de
[2024-06-04T12:11:54.725+0000] {taskinstance.py:2513} INFO - Exporting env vars: AIRFLOW_CTX_DAG_OWNER='***' AIRFLOW_CTX_DAG_ID='dag_runs' AIRFLOW_CTX_TASK_ID='delete_data_from_table' AIRFLOW_CTX_EXECUTION_DATE='2024-05-18T12:00:00+00:00' AIRFLOW_CTX_TRY_NUMBER='1' AIRFLOW_CTX_DAG_RUN_ID='scheduled__2024-05-18T12:00:00+00:00'
[2024-06-04T12:11:54.727+0000] {sql.py:276} INFO - Executing: 
            delete from dag_runs where dt = '2024-05-18' and dag_id = 'dag_runs';
        
[2024-06-04T12:11:54.739+0000] {base.py:83} INFO - Using connection ID 'postgres_localhost' for task execution.
[2024-06-04T12:11:54.820+0000] {base.py:83} INFO - Using connection ID 'postgres_localhost' for task execution.
[2024-06-04T12:11:54.830+0000] {sql.py:457} INFO - Running statement: 
            delete from dag_runs where dt = '2024-05-18' and dag_id = 'dag_runs';
        , parameters: None
[2024-06-04T12:11:54.833+0000] {sql.py:466} INFO - Rows affected: 0
[2024-06-04T12:11:54.834+0000] {warnings.py:109} WARNING - /home/***/.local/lib/python3.8/site-packages/***/providers/common/sql/hooks/sql.py:407: AirflowProviderDeprecationWarning: Call to deprecated method _make_common_data_structure. (The `_make_serializable` method is deprecated and support will be removed in a future version of the common.sql provider. Please update the DbApiHook's provider to a version based on common.sql >= 1.9.1.)
  result = self._make_common_data_structure(handler(cur))

[2024-06-04T12:11:54.850+0000] {taskinstance.py:1149} INFO - Marking task as SUCCESS. dag_id=dag_runs, task_id=delete_data_from_table, execution_date=20240518T120000, start_date=20240604T121154, end_date=20240604T121154
[2024-06-04T12:11:54.975+0000] {local_task_job_runner.py:234} INFO - Task exited with return code 0
[2024-06-04T12:11:55.043+0000] {warnings.py:109} WARNING - /home/***/.local/lib/python3.8/site-packages/***/models/baseoperator.py:1201: AirflowProviderDeprecationWarning: Call to deprecated class PostgresOperator. (Please use `***.providers.common.sql.operators.sql.SQLExecuteQueryOperator`.Also, you can provide `hook_params={'schema': <database>}`.)
  result = cls.__new__(cls)

[2024-06-04T12:11:55.135+0000] {taskinstance.py:3312} INFO - 0 downstream tasks scheduled from follow-on schedule check
