[2024-06-04T10:05:26.088+0000] {taskinstance.py:1979} INFO - Dependencies all met for dep_context=non-requeueable deps ti=<TaskInstance: dag_runs.delete_data_from_table scheduled__2024-05-08T12:00:00+00:00 [queued]>
[2024-06-04T10:05:26.101+0000] {taskinstance.py:1979} INFO - Dependencies all met for dep_context=requeueable deps ti=<TaskInstance: dag_runs.delete_data_from_table scheduled__2024-05-08T12:00:00+00:00 [queued]>
[2024-06-04T10:05:26.101+0000] {taskinstance.py:2193} INFO - Starting attempt 1 of 2
[2024-06-04T10:05:26.200+0000] {taskinstance.py:2217} INFO - Executing <Task(PostgresOperator): delete_data_from_table> on 2024-05-08 12:00:00+00:00
[2024-06-04T10:05:26.285+0000] {standard_task_runner.py:60} INFO - Started process 263 to run task
[2024-06-04T10:05:26.301+0000] {standard_task_runner.py:87} INFO - Running: ['***', 'tasks', 'run', 'dag_runs', 'delete_data_from_table', 'scheduled__2024-05-08T12:00:00+00:00', '--job-id', '287', '--raw', '--subdir', 'DAGS_FOLDER/dag_runs.py', '--cfg-path', '/tmp/tmp2g5e3atq']
[2024-06-04T10:05:26.304+0000] {standard_task_runner.py:88} INFO - Job 287: Subtask delete_data_from_table
[2024-06-04T10:05:26.683+0000] {task_command.py:423} INFO - Running <TaskInstance: dag_runs.delete_data_from_table scheduled__2024-05-08T12:00:00+00:00 [running]> on host d20949f126de
[2024-06-04T10:05:27.109+0000] {taskinstance.py:2513} INFO - Exporting env vars: AIRFLOW_CTX_DAG_OWNER='***' AIRFLOW_CTX_DAG_ID='dag_runs' AIRFLOW_CTX_TASK_ID='delete_data_from_table' AIRFLOW_CTX_EXECUTION_DATE='2024-05-08T12:00:00+00:00' AIRFLOW_CTX_TRY_NUMBER='1' AIRFLOW_CTX_DAG_RUN_ID='scheduled__2024-05-08T12:00:00+00:00'
[2024-06-04T10:05:27.183+0000] {sql.py:276} INFO - Executing: 
            delete from dag_runs where dt = '2024-05-08' and dag_id = 'dag_runs';
        
[2024-06-04T10:05:27.200+0000] {base.py:83} INFO - Using connection ID 'postgres_localhost' for task execution.
[2024-06-04T10:05:27.297+0000] {base.py:83} INFO - Using connection ID 'postgres_localhost' for task execution.
[2024-06-04T10:05:27.398+0000] {sql.py:457} INFO - Running statement: 
            delete from dag_runs where dt = '2024-05-08' and dag_id = 'dag_runs';
        , parameters: None
[2024-06-04T10:05:27.404+0000] {sql.py:466} INFO - Rows affected: 0
[2024-06-04T10:05:27.405+0000] {warnings.py:109} WARNING - /home/***/.local/lib/python3.8/site-packages/***/providers/common/sql/hooks/sql.py:407: AirflowProviderDeprecationWarning: Call to deprecated method _make_common_data_structure. (The `_make_serializable` method is deprecated and support will be removed in a future version of the common.sql provider. Please update the DbApiHook's provider to a version based on common.sql >= 1.9.1.)
  result = self._make_common_data_structure(handler(cur))

[2024-06-04T10:05:27.501+0000] {taskinstance.py:1149} INFO - Marking task as SUCCESS. dag_id=dag_runs, task_id=delete_data_from_table, execution_date=20240508T120000, start_date=20240604T100526, end_date=20240604T100527
[2024-06-04T10:05:27.884+0000] {local_task_job_runner.py:234} INFO - Task exited with return code 0
[2024-06-04T10:05:27.913+0000] {warnings.py:109} WARNING - /home/***/.local/lib/python3.8/site-packages/***/models/baseoperator.py:1201: AirflowProviderDeprecationWarning: Call to deprecated class PostgresOperator. (Please use `***.providers.common.sql.operators.sql.SQLExecuteQueryOperator`.Also, you can provide `hook_params={'schema': <database>}`.)
  result = cls.__new__(cls)

[2024-06-04T10:05:27.997+0000] {taskinstance.py:3312} INFO - 1 downstream tasks scheduled from follow-on schedule check
[2024-06-04T12:02:03.922+0000] {taskinstance.py:1979} INFO - Dependencies all met for dep_context=non-requeueable deps ti=<TaskInstance: dag_runs.delete_data_from_table scheduled__2024-05-08T12:00:00+00:00 [queued]>
[2024-06-04T12:02:04.022+0000] {taskinstance.py:1979} INFO - Dependencies all met for dep_context=requeueable deps ti=<TaskInstance: dag_runs.delete_data_from_table scheduled__2024-05-08T12:00:00+00:00 [queued]>
[2024-06-04T12:02:04.023+0000] {taskinstance.py:2193} INFO - Starting attempt 1 of 4
[2024-06-04T12:02:04.418+0000] {taskinstance.py:2217} INFO - Executing <Task(PostgresOperator): delete_data_from_table> on 2024-05-08 12:00:00+00:00
[2024-06-04T12:02:04.529+0000] {standard_task_runner.py:60} INFO - Started process 281 to run task
[2024-06-04T12:02:04.722+0000] {standard_task_runner.py:87} INFO - Running: ['***', 'tasks', 'run', 'dag_runs', 'delete_data_from_table', 'scheduled__2024-05-08T12:00:00+00:00', '--job-id', '428', '--raw', '--subdir', 'DAGS_FOLDER/dag_runs.py', '--cfg-path', '/tmp/tmpkbz8og1j']
[2024-06-04T12:02:04.727+0000] {standard_task_runner.py:88} INFO - Job 428: Subtask delete_data_from_table
[2024-06-04T12:02:05.618+0000] {task_command.py:423} INFO - Running <TaskInstance: dag_runs.delete_data_from_table scheduled__2024-05-08T12:00:00+00:00 [running]> on host d20949f126de
[2024-06-04T12:02:06.333+0000] {taskinstance.py:2513} INFO - Exporting env vars: AIRFLOW_CTX_DAG_OWNER='***' AIRFLOW_CTX_DAG_ID='dag_runs' AIRFLOW_CTX_TASK_ID='delete_data_from_table' AIRFLOW_CTX_EXECUTION_DATE='2024-05-08T12:00:00+00:00' AIRFLOW_CTX_TRY_NUMBER='1' AIRFLOW_CTX_DAG_RUN_ID='scheduled__2024-05-08T12:00:00+00:00'
[2024-06-04T12:02:06.338+0000] {sql.py:276} INFO - Executing: 
            delete from dag_runs
        
[2024-06-04T12:02:06.516+0000] {base.py:83} INFO - Using connection ID 'postgres_localhost' for task execution.
[2024-06-04T12:02:06.631+0000] {base.py:83} INFO - Using connection ID 'postgres_localhost' for task execution.
[2024-06-04T12:02:06.725+0000] {sql.py:457} INFO - Running statement: 
            delete from dag_runs
        , parameters: None
[2024-06-04T12:02:06.726+0000] {sql.py:466} INFO - Rows affected: 0
[2024-06-04T12:02:06.727+0000] {warnings.py:109} WARNING - /home/***/.local/lib/python3.8/site-packages/***/providers/common/sql/hooks/sql.py:407: AirflowProviderDeprecationWarning: Call to deprecated method _make_common_data_structure. (The `_make_serializable` method is deprecated and support will be removed in a future version of the common.sql provider. Please update the DbApiHook's provider to a version based on common.sql >= 1.9.1.)
  result = self._make_common_data_structure(handler(cur))

[2024-06-04T12:02:06.818+0000] {taskinstance.py:1149} INFO - Marking task as SUCCESS. dag_id=dag_runs, task_id=delete_data_from_table, execution_date=20240508T120000, start_date=20240604T120203, end_date=20240604T120206
[2024-06-04T12:02:07.116+0000] {local_task_job_runner.py:234} INFO - Task exited with return code 0
[2024-06-04T12:02:07.138+0000] {warnings.py:109} WARNING - /home/***/.local/lib/python3.8/site-packages/***/models/baseoperator.py:1201: AirflowProviderDeprecationWarning: Call to deprecated class PostgresOperator. (Please use `***.providers.common.sql.operators.sql.SQLExecuteQueryOperator`.Also, you can provide `hook_params={'schema': <database>}`.)
  result = cls.__new__(cls)

[2024-06-04T12:02:07.233+0000] {taskinstance.py:3312} INFO - 1 downstream tasks scheduled from follow-on schedule check
[2024-06-04T12:11:03.530+0000] {taskinstance.py:1979} INFO - Dependencies all met for dep_context=non-requeueable deps ti=<TaskInstance: dag_runs.delete_data_from_table scheduled__2024-05-08T12:00:00+00:00 [queued]>
[2024-06-04T12:11:03.633+0000] {taskinstance.py:1979} INFO - Dependencies all met for dep_context=requeueable deps ti=<TaskInstance: dag_runs.delete_data_from_table scheduled__2024-05-08T12:00:00+00:00 [queued]>
[2024-06-04T12:11:03.635+0000] {taskinstance.py:2193} INFO - Starting attempt 1 of 4
[2024-06-04T12:11:03.732+0000] {taskinstance.py:2217} INFO - Executing <Task(PostgresOperator): delete_data_from_table> on 2024-05-08 12:00:00+00:00
[2024-06-04T12:11:03.818+0000] {standard_task_runner.py:60} INFO - Started process 271 to run task
[2024-06-04T12:11:03.827+0000] {standard_task_runner.py:87} INFO - Running: ['***', 'tasks', 'run', 'dag_runs', 'delete_data_from_table', 'scheduled__2024-05-08T12:00:00+00:00', '--job-id', '570', '--raw', '--subdir', 'DAGS_FOLDER/dag_runs.py', '--cfg-path', '/tmp/tmpj9bia3gf']
[2024-06-04T12:11:03.829+0000] {standard_task_runner.py:88} INFO - Job 570: Subtask delete_data_from_table
[2024-06-04T12:11:04.232+0000] {task_command.py:423} INFO - Running <TaskInstance: dag_runs.delete_data_from_table scheduled__2024-05-08T12:00:00+00:00 [running]> on host d20949f126de
[2024-06-04T12:11:05.127+0000] {taskinstance.py:2513} INFO - Exporting env vars: AIRFLOW_CTX_DAG_OWNER='***' AIRFLOW_CTX_DAG_ID='dag_runs' AIRFLOW_CTX_TASK_ID='delete_data_from_table' AIRFLOW_CTX_EXECUTION_DATE='2024-05-08T12:00:00+00:00' AIRFLOW_CTX_TRY_NUMBER='1' AIRFLOW_CTX_DAG_RUN_ID='scheduled__2024-05-08T12:00:00+00:00'
[2024-06-04T12:11:05.128+0000] {sql.py:276} INFO - Executing: 
            delete from dag_runs where dt = '2024-05-08' and dag_id = 'dag_runs';
        
[2024-06-04T12:11:05.316+0000] {base.py:83} INFO - Using connection ID 'postgres_localhost' for task execution.
[2024-06-04T12:11:05.429+0000] {base.py:83} INFO - Using connection ID 'postgres_localhost' for task execution.
[2024-06-04T12:11:05.517+0000] {sql.py:457} INFO - Running statement: 
            delete from dag_runs where dt = '2024-05-08' and dag_id = 'dag_runs';
        , parameters: None
[2024-06-04T12:11:05.519+0000] {sql.py:466} INFO - Rows affected: 0
[2024-06-04T12:11:05.520+0000] {warnings.py:109} WARNING - /home/***/.local/lib/python3.8/site-packages/***/providers/common/sql/hooks/sql.py:407: AirflowProviderDeprecationWarning: Call to deprecated method _make_common_data_structure. (The `_make_serializable` method is deprecated and support will be removed in a future version of the common.sql provider. Please update the DbApiHook's provider to a version based on common.sql >= 1.9.1.)
  result = self._make_common_data_structure(handler(cur))

[2024-06-04T12:11:05.626+0000] {taskinstance.py:1149} INFO - Marking task as SUCCESS. dag_id=dag_runs, task_id=delete_data_from_table, execution_date=20240508T120000, start_date=20240604T121103, end_date=20240604T121105
[2024-06-04T12:11:06.015+0000] {local_task_job_runner.py:234} INFO - Task exited with return code 0
[2024-06-04T12:11:07.020+0000] {warnings.py:109} WARNING - /home/***/.local/lib/python3.8/site-packages/***/models/baseoperator.py:1201: AirflowProviderDeprecationWarning: Call to deprecated class PostgresOperator. (Please use `***.providers.common.sql.operators.sql.SQLExecuteQueryOperator`.Also, you can provide `hook_params={'schema': <database>}`.)
  result = cls.__new__(cls)

[2024-06-04T12:11:07.214+0000] {taskinstance.py:3312} INFO - 0 downstream tasks scheduled from follow-on schedule check
