[2024-06-04T10:06:37.337+0000] {taskinstance.py:1979} INFO - Dependencies all met for dep_context=non-requeueable deps ti=<TaskInstance: dag_runs.delete_data_from_table scheduled__2024-06-01T12:00:00+00:00 [queued]>
[2024-06-04T10:06:37.346+0000] {taskinstance.py:1979} INFO - Dependencies all met for dep_context=requeueable deps ti=<TaskInstance: dag_runs.delete_data_from_table scheduled__2024-06-01T12:00:00+00:00 [queued]>
[2024-06-04T10:06:37.346+0000] {taskinstance.py:2193} INFO - Starting attempt 1 of 2
[2024-06-04T10:06:37.357+0000] {taskinstance.py:2217} INFO - Executing <Task(PostgresOperator): delete_data_from_table> on 2024-06-01 12:00:00+00:00
[2024-06-04T10:06:37.366+0000] {standard_task_runner.py:60} INFO - Started process 581 to run task
[2024-06-04T10:06:37.369+0000] {standard_task_runner.py:87} INFO - Running: ['***', 'tasks', 'run', 'dag_runs', 'delete_data_from_table', 'scheduled__2024-06-01T12:00:00+00:00', '--job-id', '394', '--raw', '--subdir', 'DAGS_FOLDER/dag_runs.py', '--cfg-path', '/tmp/tmp7no0uoqi']
[2024-06-04T10:06:37.370+0000] {standard_task_runner.py:88} INFO - Job 394: Subtask delete_data_from_table
[2024-06-04T10:06:37.418+0000] {task_command.py:423} INFO - Running <TaskInstance: dag_runs.delete_data_from_table scheduled__2024-06-01T12:00:00+00:00 [running]> on host d20949f126de
[2024-06-04T10:06:37.506+0000] {taskinstance.py:2513} INFO - Exporting env vars: AIRFLOW_CTX_DAG_OWNER='***' AIRFLOW_CTX_DAG_ID='dag_runs' AIRFLOW_CTX_TASK_ID='delete_data_from_table' AIRFLOW_CTX_EXECUTION_DATE='2024-06-01T12:00:00+00:00' AIRFLOW_CTX_TRY_NUMBER='1' AIRFLOW_CTX_DAG_RUN_ID='scheduled__2024-06-01T12:00:00+00:00'
[2024-06-04T10:06:37.507+0000] {sql.py:276} INFO - Executing: 
            delete from dag_runs where dt = '2024-06-01' and dag_id = 'dag_runs';
        
[2024-06-04T10:06:37.517+0000] {base.py:83} INFO - Using connection ID 'postgres_localhost' for task execution.
[2024-06-04T10:06:37.526+0000] {base.py:83} INFO - Using connection ID 'postgres_localhost' for task execution.
[2024-06-04T10:06:37.531+0000] {sql.py:457} INFO - Running statement: 
            delete from dag_runs where dt = '2024-06-01' and dag_id = 'dag_runs';
        , parameters: None
[2024-06-04T10:06:37.533+0000] {sql.py:466} INFO - Rows affected: 0
[2024-06-04T10:06:37.534+0000] {warnings.py:109} WARNING - /home/***/.local/lib/python3.8/site-packages/***/providers/common/sql/hooks/sql.py:407: AirflowProviderDeprecationWarning: Call to deprecated method _make_common_data_structure. (The `_make_serializable` method is deprecated and support will be removed in a future version of the common.sql provider. Please update the DbApiHook's provider to a version based on common.sql >= 1.9.1.)
  result = self._make_common_data_structure(handler(cur))

[2024-06-04T10:06:37.545+0000] {taskinstance.py:1149} INFO - Marking task as SUCCESS. dag_id=dag_runs, task_id=delete_data_from_table, execution_date=20240601T120000, start_date=20240604T100637, end_date=20240604T100637
[2024-06-04T10:06:37.581+0000] {local_task_job_runner.py:234} INFO - Task exited with return code 0
[2024-06-04T10:06:37.595+0000] {warnings.py:109} WARNING - /home/***/.local/lib/python3.8/site-packages/***/models/baseoperator.py:1201: AirflowProviderDeprecationWarning: Call to deprecated class PostgresOperator. (Please use `***.providers.common.sql.operators.sql.SQLExecuteQueryOperator`.Also, you can provide `hook_params={'schema': <database>}`.)
  result = cls.__new__(cls)

[2024-06-04T10:06:37.613+0000] {taskinstance.py:3312} INFO - 1 downstream tasks scheduled from follow-on schedule check
[2024-06-04T12:03:11.313+0000] {taskinstance.py:1979} INFO - Dependencies all met for dep_context=non-requeueable deps ti=<TaskInstance: dag_runs.delete_data_from_table scheduled__2024-06-01T12:00:00+00:00 [queued]>
[2024-06-04T12:03:11.321+0000] {taskinstance.py:1979} INFO - Dependencies all met for dep_context=requeueable deps ti=<TaskInstance: dag_runs.delete_data_from_table scheduled__2024-06-01T12:00:00+00:00 [queued]>
[2024-06-04T12:03:11.321+0000] {taskinstance.py:2193} INFO - Starting attempt 1 of 4
[2024-06-04T12:03:11.333+0000] {taskinstance.py:2217} INFO - Executing <Task(PostgresOperator): delete_data_from_table> on 2024-06-01 12:00:00+00:00
[2024-06-04T12:03:11.342+0000] {standard_task_runner.py:60} INFO - Started process 598 to run task
[2024-06-04T12:03:11.345+0000] {standard_task_runner.py:87} INFO - Running: ['***', 'tasks', 'run', 'dag_runs', 'delete_data_from_table', 'scheduled__2024-06-01T12:00:00+00:00', '--job-id', '537', '--raw', '--subdir', 'DAGS_FOLDER/dag_runs.py', '--cfg-path', '/tmp/tmp920vkz1v']
[2024-06-04T12:03:11.347+0000] {standard_task_runner.py:88} INFO - Job 537: Subtask delete_data_from_table
[2024-06-04T12:03:11.396+0000] {task_command.py:423} INFO - Running <TaskInstance: dag_runs.delete_data_from_table scheduled__2024-06-01T12:00:00+00:00 [running]> on host d20949f126de
[2024-06-04T12:03:11.476+0000] {taskinstance.py:2513} INFO - Exporting env vars: AIRFLOW_CTX_DAG_OWNER='***' AIRFLOW_CTX_DAG_ID='dag_runs' AIRFLOW_CTX_TASK_ID='delete_data_from_table' AIRFLOW_CTX_EXECUTION_DATE='2024-06-01T12:00:00+00:00' AIRFLOW_CTX_TRY_NUMBER='1' AIRFLOW_CTX_DAG_RUN_ID='scheduled__2024-06-01T12:00:00+00:00'
[2024-06-04T12:03:11.477+0000] {sql.py:276} INFO - Executing: 
            delete from dag_runs
        
[2024-06-04T12:03:11.485+0000] {base.py:83} INFO - Using connection ID 'postgres_localhost' for task execution.
[2024-06-04T12:03:11.493+0000] {base.py:83} INFO - Using connection ID 'postgres_localhost' for task execution.
[2024-06-04T12:03:11.497+0000] {sql.py:457} INFO - Running statement: 
            delete from dag_runs
        , parameters: None
[2024-06-04T12:03:11.499+0000] {sql.py:466} INFO - Rows affected: 0
[2024-06-04T12:03:11.500+0000] {warnings.py:109} WARNING - /home/***/.local/lib/python3.8/site-packages/***/providers/common/sql/hooks/sql.py:407: AirflowProviderDeprecationWarning: Call to deprecated method _make_common_data_structure. (The `_make_serializable` method is deprecated and support will be removed in a future version of the common.sql provider. Please update the DbApiHook's provider to a version based on common.sql >= 1.9.1.)
  result = self._make_common_data_structure(handler(cur))

[2024-06-04T12:03:11.511+0000] {taskinstance.py:1149} INFO - Marking task as SUCCESS. dag_id=dag_runs, task_id=delete_data_from_table, execution_date=20240601T120000, start_date=20240604T120311, end_date=20240604T120311
[2024-06-04T12:03:11.557+0000] {local_task_job_runner.py:234} INFO - Task exited with return code 0
[2024-06-04T12:03:11.570+0000] {warnings.py:109} WARNING - /home/***/.local/lib/python3.8/site-packages/***/models/baseoperator.py:1201: AirflowProviderDeprecationWarning: Call to deprecated class PostgresOperator. (Please use `***.providers.common.sql.operators.sql.SQLExecuteQueryOperator`.Also, you can provide `hook_params={'schema': <database>}`.)
  result = cls.__new__(cls)

[2024-06-04T12:03:11.589+0000] {taskinstance.py:3312} INFO - 1 downstream tasks scheduled from follow-on schedule check
[2024-06-04T12:12:27.644+0000] {taskinstance.py:1979} INFO - Dependencies all met for dep_context=non-requeueable deps ti=<TaskInstance: dag_runs.delete_data_from_table scheduled__2024-06-01T12:00:00+00:00 [queued]>
[2024-06-04T12:12:27.653+0000] {taskinstance.py:1979} INFO - Dependencies all met for dep_context=requeueable deps ti=<TaskInstance: dag_runs.delete_data_from_table scheduled__2024-06-01T12:00:00+00:00 [queued]>
[2024-06-04T12:12:27.654+0000] {taskinstance.py:2193} INFO - Starting attempt 1 of 4
[2024-06-04T12:12:27.666+0000] {taskinstance.py:2217} INFO - Executing <Task(PostgresOperator): delete_data_from_table> on 2024-06-01 12:00:00+00:00
[2024-06-04T12:12:27.717+0000] {standard_task_runner.py:60} INFO - Started process 564 to run task
[2024-06-04T12:12:27.720+0000] {standard_task_runner.py:87} INFO - Running: ['***', 'tasks', 'run', 'dag_runs', 'delete_data_from_table', 'scheduled__2024-06-01T12:00:00+00:00', '--job-id', '666', '--raw', '--subdir', 'DAGS_FOLDER/dag_runs.py', '--cfg-path', '/tmp/tmpghxsirzx']
[2024-06-04T12:12:27.721+0000] {standard_task_runner.py:88} INFO - Job 666: Subtask delete_data_from_table
[2024-06-04T12:12:27.817+0000] {task_command.py:423} INFO - Running <TaskInstance: dag_runs.delete_data_from_table scheduled__2024-06-01T12:00:00+00:00 [running]> on host d20949f126de
[2024-06-04T12:12:27.954+0000] {taskinstance.py:2513} INFO - Exporting env vars: AIRFLOW_CTX_DAG_OWNER='***' AIRFLOW_CTX_DAG_ID='dag_runs' AIRFLOW_CTX_TASK_ID='delete_data_from_table' AIRFLOW_CTX_EXECUTION_DATE='2024-06-01T12:00:00+00:00' AIRFLOW_CTX_TRY_NUMBER='1' AIRFLOW_CTX_DAG_RUN_ID='scheduled__2024-06-01T12:00:00+00:00'
[2024-06-04T12:12:27.955+0000] {sql.py:276} INFO - Executing: 
            delete from dag_runs where dt = '2024-06-01' and dag_id = 'dag_runs';
        
[2024-06-04T12:12:27.966+0000] {base.py:83} INFO - Using connection ID 'postgres_localhost' for task execution.
[2024-06-04T12:12:28.017+0000] {base.py:83} INFO - Using connection ID 'postgres_localhost' for task execution.
[2024-06-04T12:12:28.021+0000] {sql.py:457} INFO - Running statement: 
            delete from dag_runs where dt = '2024-06-01' and dag_id = 'dag_runs';
        , parameters: None
[2024-06-04T12:12:28.023+0000] {sql.py:466} INFO - Rows affected: 1
[2024-06-04T12:12:28.024+0000] {warnings.py:109} WARNING - /home/***/.local/lib/python3.8/site-packages/***/providers/common/sql/hooks/sql.py:407: AirflowProviderDeprecationWarning: Call to deprecated method _make_common_data_structure. (The `_make_serializable` method is deprecated and support will be removed in a future version of the common.sql provider. Please update the DbApiHook's provider to a version based on common.sql >= 1.9.1.)
  result = self._make_common_data_structure(handler(cur))

[2024-06-04T12:12:28.035+0000] {taskinstance.py:1149} INFO - Marking task as SUCCESS. dag_id=dag_runs, task_id=delete_data_from_table, execution_date=20240601T120000, start_date=20240604T121227, end_date=20240604T121228
[2024-06-04T12:12:28.093+0000] {local_task_job_runner.py:234} INFO - Task exited with return code 0
[2024-06-04T12:12:28.125+0000] {warnings.py:109} WARNING - /home/***/.local/lib/python3.8/site-packages/***/models/baseoperator.py:1201: AirflowProviderDeprecationWarning: Call to deprecated class PostgresOperator. (Please use `***.providers.common.sql.operators.sql.SQLExecuteQueryOperator`.Also, you can provide `hook_params={'schema': <database>}`.)
  result = cls.__new__(cls)

[2024-06-04T12:12:28.143+0000] {taskinstance.py:3312} INFO - 1 downstream tasks scheduled from follow-on schedule check
