[2024-06-04T08:15:42.611+0000] {taskinstance.py:1979} INFO - Dependencies all met for dep_context=non-requeueable deps ti=<TaskInstance: dag_runs.insert_into_table scheduled__2023-03-30T00:00:00+00:00 [queued]>
[2024-06-04T08:15:42.802+0000] {taskinstance.py:1979} INFO - Dependencies all met for dep_context=requeueable deps ti=<TaskInstance: dag_runs.insert_into_table scheduled__2023-03-30T00:00:00+00:00 [queued]>
[2024-06-04T08:15:42.803+0000] {taskinstance.py:2193} INFO - Starting attempt 1 of 3
[2024-06-04T08:15:42.913+0000] {taskinstance.py:2217} INFO - Executing <Task(PostgresOperator): insert_into_table> on 2023-03-30 00:00:00+00:00
[2024-06-04T08:15:43.101+0000] {standard_task_runner.py:60} INFO - Started process 647 to run task
[2024-06-04T08:15:43.204+0000] {standard_task_runner.py:87} INFO - Running: ['***', 'tasks', 'run', 'dag_runs', 'insert_into_table', 'scheduled__2023-03-30T00:00:00+00:00', '--job-id', '37', '--raw', '--subdir', 'DAGS_FOLDER/dag_runs.py', '--cfg-path', '/tmp/tmpkmfpjebj']
[2024-06-04T08:15:43.210+0000] {standard_task_runner.py:88} INFO - Job 37: Subtask insert_into_table
[2024-06-04T08:15:44.417+0000] {task_command.py:423} INFO - Running <TaskInstance: dag_runs.insert_into_table scheduled__2023-03-30T00:00:00+00:00 [running]> on host d20949f126de
[2024-06-04T08:15:46.701+0000] {taskinstance.py:2513} INFO - Exporting env vars: AIRFLOW_CTX_DAG_OWNER='bsp' AIRFLOW_CTX_DAG_ID='dag_runs' AIRFLOW_CTX_TASK_ID='insert_into_table' AIRFLOW_CTX_EXECUTION_DATE='2023-03-30T00:00:00+00:00' AIRFLOW_CTX_TRY_NUMBER='1' AIRFLOW_CTX_DAG_RUN_ID='scheduled__2023-03-30T00:00:00+00:00'
[2024-06-04T08:15:46.703+0000] {sql.py:276} INFO - Executing: 
            insert into dag_runs (dt, dag_id) values ('2023-03-30', 'dag_runs')
        
[2024-06-04T08:15:46.902+0000] {base.py:83} INFO - Using connection ID 'postgres_localhost' for task execution.
[2024-06-04T08:15:47.016+0000] {base.py:83} INFO - Using connection ID 'postgres_localhost' for task execution.
[2024-06-04T08:15:47.127+0000] {sql.py:457} INFO - Running statement: 
            insert into dag_runs (dt, dag_id) values ('2023-03-30', 'dag_runs')
        , parameters: None
[2024-06-04T08:15:47.218+0000] {sql.py:466} INFO - Rows affected: 1
[2024-06-04T08:15:47.219+0000] {warnings.py:109} WARNING - /home/***/.local/lib/python3.8/site-packages/***/providers/common/sql/hooks/sql.py:407: AirflowProviderDeprecationWarning: Call to deprecated method _make_common_data_structure. (The `_make_serializable` method is deprecated and support will be removed in a future version of the common.sql provider. Please update the DbApiHook's provider to a version based on common.sql >= 1.9.1.)
  result = self._make_common_data_structure(handler(cur))

[2024-06-04T08:15:47.610+0000] {taskinstance.py:1149} INFO - Marking task as SUCCESS. dag_id=dag_runs, task_id=insert_into_table, execution_date=20230330T000000, start_date=20240604T081542, end_date=20240604T081547
[2024-06-04T08:15:48.617+0000] {local_task_job_runner.py:234} INFO - Task exited with return code 0
[2024-06-04T08:15:48.908+0000] {taskinstance.py:3312} INFO - 0 downstream tasks scheduled from follow-on schedule check
