[2024-06-04T12:03:12.989+0000] {taskinstance.py:1979} INFO - Dependencies all met for dep_context=non-requeueable deps ti=<TaskInstance: dag_runs.insert_into_table scheduled__2024-06-03T12:00:00+00:00 [queued]>
[2024-06-04T12:03:12.997+0000] {taskinstance.py:1979} INFO - Dependencies all met for dep_context=requeueable deps ti=<TaskInstance: dag_runs.insert_into_table scheduled__2024-06-03T12:00:00+00:00 [queued]>
[2024-06-04T12:03:12.997+0000] {taskinstance.py:2193} INFO - Starting attempt 1 of 4
[2024-06-04T12:03:13.009+0000] {taskinstance.py:2217} INFO - Executing <Task(PostgresOperator): insert_into_table> on 2024-06-03 12:00:00+00:00
[2024-06-04T12:03:13.018+0000] {standard_task_runner.py:60} INFO - Started process 609 to run task
[2024-06-04T12:03:13.021+0000] {standard_task_runner.py:87} INFO - Running: ['***', 'tasks', 'run', 'dag_runs', 'insert_into_table', 'scheduled__2024-06-03T12:00:00+00:00', '--job-id', '542', '--raw', '--subdir', 'DAGS_FOLDER/dag_runs.py', '--cfg-path', '/tmp/tmpcab50_sy']
[2024-06-04T12:03:13.022+0000] {standard_task_runner.py:88} INFO - Job 542: Subtask insert_into_table
[2024-06-04T12:03:13.068+0000] {task_command.py:423} INFO - Running <TaskInstance: dag_runs.insert_into_table scheduled__2024-06-03T12:00:00+00:00 [running]> on host d20949f126de
[2024-06-04T12:03:13.169+0000] {taskinstance.py:2513} INFO - Exporting env vars: AIRFLOW_CTX_DAG_OWNER='***' AIRFLOW_CTX_DAG_ID='dag_runs' AIRFLOW_CTX_TASK_ID='insert_into_table' AIRFLOW_CTX_EXECUTION_DATE='2024-06-03T12:00:00+00:00' AIRFLOW_CTX_TRY_NUMBER='1' AIRFLOW_CTX_DAG_RUN_ID='scheduled__2024-06-03T12:00:00+00:00'
[2024-06-04T12:03:13.171+0000] {sql.py:276} INFO - Executing: 
            insert into dag_runs (dt, dag_id) values ('2024-06-03', 'dag_runs')
        
[2024-06-04T12:03:13.225+0000] {base.py:83} INFO - Using connection ID 'postgres_localhost' for task execution.
[2024-06-04T12:03:13.237+0000] {base.py:83} INFO - Using connection ID 'postgres_localhost' for task execution.
[2024-06-04T12:03:13.242+0000] {sql.py:457} INFO - Running statement: 
            insert into dag_runs (dt, dag_id) values ('2024-06-03', 'dag_runs')
        , parameters: None
[2024-06-04T12:03:13.244+0000] {sql.py:466} INFO - Rows affected: 1
[2024-06-04T12:03:13.244+0000] {warnings.py:109} WARNING - /home/***/.local/lib/python3.8/site-packages/***/providers/common/sql/hooks/sql.py:407: AirflowProviderDeprecationWarning: Call to deprecated method _make_common_data_structure. (The `_make_serializable` method is deprecated and support will be removed in a future version of the common.sql provider. Please update the DbApiHook's provider to a version based on common.sql >= 1.9.1.)
  result = self._make_common_data_structure(handler(cur))

[2024-06-04T12:03:13.257+0000] {taskinstance.py:1149} INFO - Marking task as SUCCESS. dag_id=dag_runs, task_id=insert_into_table, execution_date=20240603T120000, start_date=20240604T120312, end_date=20240604T120313
[2024-06-04T12:03:13.335+0000] {local_task_job_runner.py:234} INFO - Task exited with return code 0
[2024-06-04T12:03:13.347+0000] {warnings.py:109} WARNING - /home/***/.local/lib/python3.8/site-packages/***/models/baseoperator.py:1201: AirflowProviderDeprecationWarning: Call to deprecated class PostgresOperator. (Please use `***.providers.common.sql.operators.sql.SQLExecuteQueryOperator`.Also, you can provide `hook_params={'schema': <database>}`.)
  result = cls.__new__(cls)

[2024-06-04T12:03:13.359+0000] {taskinstance.py:3312} INFO - 1 downstream tasks scheduled from follow-on schedule check
[2024-06-04T12:12:42.445+0000] {taskinstance.py:1979} INFO - Dependencies all met for dep_context=non-requeueable deps ti=<TaskInstance: dag_runs.insert_into_table scheduled__2024-06-03T12:00:00+00:00 [queued]>
[2024-06-04T12:12:42.456+0000] {taskinstance.py:1979} INFO - Dependencies all met for dep_context=requeueable deps ti=<TaskInstance: dag_runs.insert_into_table scheduled__2024-06-03T12:00:00+00:00 [queued]>
[2024-06-04T12:12:42.456+0000] {taskinstance.py:2193} INFO - Starting attempt 1 of 4
[2024-06-04T12:12:42.471+0000] {taskinstance.py:2217} INFO - Executing <Task(PostgresOperator): insert_into_table> on 2024-06-03 12:00:00+00:00
[2024-06-04T12:12:42.484+0000] {standard_task_runner.py:60} INFO - Started process 614 to run task
[2024-06-04T12:12:42.488+0000] {standard_task_runner.py:87} INFO - Running: ['***', 'tasks', 'run', 'dag_runs', 'insert_into_table', 'scheduled__2024-06-03T12:00:00+00:00', '--job-id', '686', '--raw', '--subdir', 'DAGS_FOLDER/dag_runs.py', '--cfg-path', '/tmp/tmpmc4ud59h']
[2024-06-04T12:12:42.489+0000] {standard_task_runner.py:88} INFO - Job 686: Subtask insert_into_table
[2024-06-04T12:12:42.556+0000] {task_command.py:423} INFO - Running <TaskInstance: dag_runs.insert_into_table scheduled__2024-06-03T12:00:00+00:00 [running]> on host d20949f126de
[2024-06-04T12:12:42.641+0000] {taskinstance.py:2513} INFO - Exporting env vars: AIRFLOW_CTX_DAG_OWNER='***' AIRFLOW_CTX_DAG_ID='dag_runs' AIRFLOW_CTX_TASK_ID='insert_into_table' AIRFLOW_CTX_EXECUTION_DATE='2024-06-03T12:00:00+00:00' AIRFLOW_CTX_TRY_NUMBER='1' AIRFLOW_CTX_DAG_RUN_ID='scheduled__2024-06-03T12:00:00+00:00'
[2024-06-04T12:12:42.642+0000] {sql.py:276} INFO - Executing: 
            insert into dag_runs (dt, dag_id) values ('2024-06-03', 'dag_runs')
        
[2024-06-04T12:12:42.652+0000] {base.py:83} INFO - Using connection ID 'postgres_localhost' for task execution.
[2024-06-04T12:12:42.661+0000] {base.py:83} INFO - Using connection ID 'postgres_localhost' for task execution.
[2024-06-04T12:12:42.665+0000] {sql.py:457} INFO - Running statement: 
            insert into dag_runs (dt, dag_id) values ('2024-06-03', 'dag_runs')
        , parameters: None
[2024-06-04T12:12:42.666+0000] {sql.py:466} INFO - Rows affected: 1
[2024-06-04T12:12:42.667+0000] {warnings.py:109} WARNING - /home/***/.local/lib/python3.8/site-packages/***/providers/common/sql/hooks/sql.py:407: AirflowProviderDeprecationWarning: Call to deprecated method _make_common_data_structure. (The `_make_serializable` method is deprecated and support will be removed in a future version of the common.sql provider. Please update the DbApiHook's provider to a version based on common.sql >= 1.9.1.)
  result = self._make_common_data_structure(handler(cur))

[2024-06-04T12:12:42.678+0000] {taskinstance.py:1149} INFO - Marking task as SUCCESS. dag_id=dag_runs, task_id=insert_into_table, execution_date=20240603T120000, start_date=20240604T121242, end_date=20240604T121242
[2024-06-04T12:12:42.740+0000] {local_task_job_runner.py:234} INFO - Task exited with return code 0
[2024-06-04T12:12:42.752+0000] {warnings.py:109} WARNING - /home/***/.local/lib/python3.8/site-packages/***/models/baseoperator.py:1201: AirflowProviderDeprecationWarning: Call to deprecated class PostgresOperator. (Please use `***.providers.common.sql.operators.sql.SQLExecuteQueryOperator`.Also, you can provide `hook_params={'schema': <database>}`.)
  result = cls.__new__(cls)

[2024-06-04T12:12:42.763+0000] {taskinstance.py:3312} INFO - 1 downstream tasks scheduled from follow-on schedule check
