[2024-06-04T10:05:31.690+0000] {taskinstance.py:1979} INFO - Dependencies all met for dep_context=non-requeueable deps ti=<TaskInstance: dag_runs.delete_data_from_table manual__2024-06-04T10:05:12.403154+00:00 [queued]>
[2024-06-04T10:05:31.708+0000] {taskinstance.py:1979} INFO - Dependencies all met for dep_context=requeueable deps ti=<TaskInstance: dag_runs.delete_data_from_table manual__2024-06-04T10:05:12.403154+00:00 [queued]>
[2024-06-04T10:05:31.709+0000] {taskinstance.py:2193} INFO - Starting attempt 1 of 2
[2024-06-04T10:05:31.797+0000] {taskinstance.py:2217} INFO - Executing <Task(PostgresOperator): delete_data_from_table> on 2024-06-04 10:05:12.403154+00:00
[2024-06-04T10:05:31.888+0000] {standard_task_runner.py:60} INFO - Started process 290 to run task
[2024-06-04T10:05:31.897+0000] {standard_task_runner.py:87} INFO - Running: ['***', 'tasks', 'run', 'dag_runs', 'delete_data_from_table', 'manual__2024-06-04T10:05:12.403154+00:00', '--job-id', '295', '--raw', '--subdir', 'DAGS_FOLDER/dag_runs.py', '--cfg-path', '/tmp/tmpzws9itm2']
[2024-06-04T10:05:31.899+0000] {standard_task_runner.py:88} INFO - Job 295: Subtask delete_data_from_table
[2024-06-04T10:05:32.386+0000] {task_command.py:423} INFO - Running <TaskInstance: dag_runs.delete_data_from_table manual__2024-06-04T10:05:12.403154+00:00 [running]> on host d20949f126de
[2024-06-04T10:05:33.193+0000] {taskinstance.py:2513} INFO - Exporting env vars: AIRFLOW_CTX_DAG_OWNER='***' AIRFLOW_CTX_DAG_ID='dag_runs' AIRFLOW_CTX_TASK_ID='delete_data_from_table' AIRFLOW_CTX_EXECUTION_DATE='2024-06-04T10:05:12.403154+00:00' AIRFLOW_CTX_TRY_NUMBER='1' AIRFLOW_CTX_DAG_RUN_ID='manual__2024-06-04T10:05:12.403154+00:00'
[2024-06-04T10:05:33.200+0000] {sql.py:276} INFO - Executing: 
            delete from dag_runs where dt = '2024-06-04' and dag_id = 'dag_runs';
        
[2024-06-04T10:05:33.314+0000] {base.py:83} INFO - Using connection ID 'postgres_localhost' for task execution.
[2024-06-04T10:05:33.489+0000] {base.py:83} INFO - Using connection ID 'postgres_localhost' for task execution.
[2024-06-04T10:05:33.583+0000] {sql.py:457} INFO - Running statement: 
            delete from dag_runs where dt = '2024-06-04' and dag_id = 'dag_runs';
        , parameters: None
[2024-06-04T10:05:33.589+0000] {sql.py:466} INFO - Rows affected: 1
[2024-06-04T10:05:33.590+0000] {warnings.py:109} WARNING - /home/***/.local/lib/python3.8/site-packages/***/providers/common/sql/hooks/sql.py:407: AirflowProviderDeprecationWarning: Call to deprecated method _make_common_data_structure. (The `_make_serializable` method is deprecated and support will be removed in a future version of the common.sql provider. Please update the DbApiHook's provider to a version based on common.sql >= 1.9.1.)
  result = self._make_common_data_structure(handler(cur))

[2024-06-04T10:05:33.707+0000] {taskinstance.py:1149} INFO - Marking task as SUCCESS. dag_id=dag_runs, task_id=delete_data_from_table, execution_date=20240604T100512, start_date=20240604T100531, end_date=20240604T100533
[2024-06-04T10:05:33.925+0000] {local_task_job_runner.py:234} INFO - Task exited with return code 0
[2024-06-04T10:05:34.007+0000] {warnings.py:109} WARNING - /home/***/.local/lib/python3.8/site-packages/***/models/baseoperator.py:1201: AirflowProviderDeprecationWarning: Call to deprecated class PostgresOperator. (Please use `***.providers.common.sql.operators.sql.SQLExecuteQueryOperator`.Also, you can provide `hook_params={'schema': <database>}`.)
  result = cls.__new__(cls)

[2024-06-04T10:05:34.115+0000] {taskinstance.py:3312} INFO - 1 downstream tasks scheduled from follow-on schedule check
