[2024-06-04T10:05:21.502+0000] {taskinstance.py:1979} INFO - Dependencies all met for dep_context=non-requeueable deps ti=<TaskInstance: dag_runs.delete_data_from_table scheduled__2024-05-05T12:00:00+00:00 [queued]>
[2024-06-04T10:05:21.514+0000] {taskinstance.py:1979} INFO - Dependencies all met for dep_context=requeueable deps ti=<TaskInstance: dag_runs.delete_data_from_table scheduled__2024-05-05T12:00:00+00:00 [queued]>
[2024-06-04T10:05:21.584+0000] {taskinstance.py:2193} INFO - Starting attempt 1 of 2
[2024-06-04T10:05:21.690+0000] {taskinstance.py:2217} INFO - Executing <Task(PostgresOperator): delete_data_from_table> on 2024-05-05 12:00:00+00:00
[2024-06-04T10:05:21.787+0000] {standard_task_runner.py:60} INFO - Started process 241 to run task
[2024-06-04T10:05:21.793+0000] {standard_task_runner.py:87} INFO - Running: ['***', 'tasks', 'run', 'dag_runs', 'delete_data_from_table', 'scheduled__2024-05-05T12:00:00+00:00', '--job-id', '280', '--raw', '--subdir', 'DAGS_FOLDER/dag_runs.py', '--cfg-path', '/tmp/tmp0uwct33m']
[2024-06-04T10:05:21.794+0000] {standard_task_runner.py:88} INFO - Job 280: Subtask delete_data_from_table
[2024-06-04T10:05:22.204+0000] {task_command.py:423} INFO - Running <TaskInstance: dag_runs.delete_data_from_table scheduled__2024-05-05T12:00:00+00:00 [running]> on host d20949f126de
[2024-06-04T10:05:22.892+0000] {taskinstance.py:2513} INFO - Exporting env vars: AIRFLOW_CTX_DAG_OWNER='***' AIRFLOW_CTX_DAG_ID='dag_runs' AIRFLOW_CTX_TASK_ID='delete_data_from_table' AIRFLOW_CTX_EXECUTION_DATE='2024-05-05T12:00:00+00:00' AIRFLOW_CTX_TRY_NUMBER='1' AIRFLOW_CTX_DAG_RUN_ID='scheduled__2024-05-05T12:00:00+00:00'
[2024-06-04T10:05:22.894+0000] {sql.py:276} INFO - Executing: 
            delete from dag_runs where dt = '2024-05-05' and dag_id = 'dag_runs';
        
[2024-06-04T10:05:22.982+0000] {base.py:83} INFO - Using connection ID 'postgres_localhost' for task execution.
[2024-06-04T10:05:23.008+0000] {base.py:83} INFO - Using connection ID 'postgres_localhost' for task execution.
[2024-06-04T10:05:23.093+0000] {sql.py:457} INFO - Running statement: 
            delete from dag_runs where dt = '2024-05-05' and dag_id = 'dag_runs';
        , parameters: None
[2024-06-04T10:05:23.097+0000] {sql.py:466} INFO - Rows affected: 0
[2024-06-04T10:05:23.098+0000] {warnings.py:109} WARNING - /home/***/.local/lib/python3.8/site-packages/***/providers/common/sql/hooks/sql.py:407: AirflowProviderDeprecationWarning: Call to deprecated method _make_common_data_structure. (The `_make_serializable` method is deprecated and support will be removed in a future version of the common.sql provider. Please update the DbApiHook's provider to a version based on common.sql >= 1.9.1.)
  result = self._make_common_data_structure(handler(cur))

[2024-06-04T10:05:23.218+0000] {taskinstance.py:1149} INFO - Marking task as SUCCESS. dag_id=dag_runs, task_id=delete_data_from_table, execution_date=20240505T120000, start_date=20240604T100521, end_date=20240604T100523
[2024-06-04T10:05:23.489+0000] {local_task_job_runner.py:234} INFO - Task exited with return code 0
[2024-06-04T10:05:24.187+0000] {warnings.py:109} WARNING - /home/***/.local/lib/python3.8/site-packages/***/models/baseoperator.py:1201: AirflowProviderDeprecationWarning: Call to deprecated class PostgresOperator. (Please use `***.providers.common.sql.operators.sql.SQLExecuteQueryOperator`.Also, you can provide `hook_params={'schema': <database>}`.)
  result = cls.__new__(cls)

[2024-06-04T10:05:24.293+0000] {taskinstance.py:3312} INFO - 0 downstream tasks scheduled from follow-on schedule check
[2024-06-04T12:01:55.518+0000] {taskinstance.py:1979} INFO - Dependencies all met for dep_context=non-requeueable deps ti=<TaskInstance: dag_runs.delete_data_from_table scheduled__2024-05-05T12:00:00+00:00 [queued]>
[2024-06-04T12:01:55.626+0000] {taskinstance.py:1979} INFO - Dependencies all met for dep_context=requeueable deps ti=<TaskInstance: dag_runs.delete_data_from_table scheduled__2024-05-05T12:00:00+00:00 [queued]>
[2024-06-04T12:01:55.626+0000] {taskinstance.py:2193} INFO - Starting attempt 1 of 4
[2024-06-04T12:01:55.817+0000] {taskinstance.py:2217} INFO - Executing <Task(PostgresOperator): delete_data_from_table> on 2024-05-05 12:00:00+00:00
[2024-06-04T12:01:55.829+0000] {standard_task_runner.py:60} INFO - Started process 250 to run task
[2024-06-04T12:01:55.918+0000] {standard_task_runner.py:87} INFO - Running: ['***', 'tasks', 'run', 'dag_runs', 'delete_data_from_table', 'scheduled__2024-05-05T12:00:00+00:00', '--job-id', '422', '--raw', '--subdir', 'DAGS_FOLDER/dag_runs.py', '--cfg-path', '/tmp/tmp3av_xn3a']
[2024-06-04T12:01:55.919+0000] {standard_task_runner.py:88} INFO - Job 422: Subtask delete_data_from_table
[2024-06-04T12:01:56.618+0000] {task_command.py:423} INFO - Running <TaskInstance: dag_runs.delete_data_from_table scheduled__2024-05-05T12:00:00+00:00 [running]> on host d20949f126de
[2024-06-04T12:01:57.716+0000] {taskinstance.py:2513} INFO - Exporting env vars: AIRFLOW_CTX_DAG_OWNER='***' AIRFLOW_CTX_DAG_ID='dag_runs' AIRFLOW_CTX_TASK_ID='delete_data_from_table' AIRFLOW_CTX_EXECUTION_DATE='2024-05-05T12:00:00+00:00' AIRFLOW_CTX_TRY_NUMBER='1' AIRFLOW_CTX_DAG_RUN_ID='scheduled__2024-05-05T12:00:00+00:00'
[2024-06-04T12:01:57.717+0000] {sql.py:276} INFO - Executing: 
            delete from dag_runs
        
[2024-06-04T12:01:57.923+0000] {base.py:83} INFO - Using connection ID 'postgres_localhost' for task execution.
[2024-06-04T12:01:58.024+0000] {base.py:83} INFO - Using connection ID 'postgres_localhost' for task execution.
[2024-06-04T12:01:58.121+0000] {sql.py:457} INFO - Running statement: 
            delete from dag_runs
        , parameters: None
[2024-06-04T12:01:58.122+0000] {sql.py:466} INFO - Rows affected: 0
[2024-06-04T12:01:58.123+0000] {warnings.py:109} WARNING - /home/***/.local/lib/python3.8/site-packages/***/providers/common/sql/hooks/sql.py:407: AirflowProviderDeprecationWarning: Call to deprecated method _make_common_data_structure. (The `_make_serializable` method is deprecated and support will be removed in a future version of the common.sql provider. Please update the DbApiHook's provider to a version based on common.sql >= 1.9.1.)
  result = self._make_common_data_structure(handler(cur))

[2024-06-04T12:01:58.322+0000] {taskinstance.py:1149} INFO - Marking task as SUCCESS. dag_id=dag_runs, task_id=delete_data_from_table, execution_date=20240505T120000, start_date=20240604T120155, end_date=20240604T120158
[2024-06-04T12:01:58.715+0000] {local_task_job_runner.py:234} INFO - Task exited with return code 0
[2024-06-04T12:01:58.826+0000] {warnings.py:109} WARNING - /home/***/.local/lib/python3.8/site-packages/***/models/baseoperator.py:1201: AirflowProviderDeprecationWarning: Call to deprecated class PostgresOperator. (Please use `***.providers.common.sql.operators.sql.SQLExecuteQueryOperator`.Also, you can provide `hook_params={'schema': <database>}`.)
  result = cls.__new__(cls)

[2024-06-04T12:01:59.122+0000] {taskinstance.py:3312} INFO - 1 downstream tasks scheduled from follow-on schedule check
[2024-06-04T12:11:00.726+0000] {taskinstance.py:1979} INFO - Dependencies all met for dep_context=non-requeueable deps ti=<TaskInstance: dag_runs.delete_data_from_table scheduled__2024-05-05T12:00:00+00:00 [queued]>
[2024-06-04T12:11:00.737+0000] {taskinstance.py:1979} INFO - Dependencies all met for dep_context=requeueable deps ti=<TaskInstance: dag_runs.delete_data_from_table scheduled__2024-05-05T12:00:00+00:00 [queued]>
[2024-06-04T12:11:00.737+0000] {taskinstance.py:2193} INFO - Starting attempt 1 of 4
[2024-06-04T12:11:00.827+0000] {taskinstance.py:2217} INFO - Executing <Task(PostgresOperator): delete_data_from_table> on 2024-05-05 12:00:00+00:00
[2024-06-04T12:11:00.839+0000] {standard_task_runner.py:60} INFO - Started process 256 to run task
[2024-06-04T12:11:00.917+0000] {standard_task_runner.py:87} INFO - Running: ['***', 'tasks', 'run', 'dag_runs', 'delete_data_from_table', 'scheduled__2024-05-05T12:00:00+00:00', '--job-id', '567', '--raw', '--subdir', 'DAGS_FOLDER/dag_runs.py', '--cfg-path', '/tmp/tmpz_ucm41k']
[2024-06-04T12:11:00.919+0000] {standard_task_runner.py:88} INFO - Job 567: Subtask delete_data_from_table
[2024-06-04T12:11:01.223+0000] {task_command.py:423} INFO - Running <TaskInstance: dag_runs.delete_data_from_table scheduled__2024-05-05T12:00:00+00:00 [running]> on host d20949f126de
[2024-06-04T12:11:01.815+0000] {taskinstance.py:2513} INFO - Exporting env vars: AIRFLOW_CTX_DAG_OWNER='***' AIRFLOW_CTX_DAG_ID='dag_runs' AIRFLOW_CTX_TASK_ID='delete_data_from_table' AIRFLOW_CTX_EXECUTION_DATE='2024-05-05T12:00:00+00:00' AIRFLOW_CTX_TRY_NUMBER='1' AIRFLOW_CTX_DAG_RUN_ID='scheduled__2024-05-05T12:00:00+00:00'
[2024-06-04T12:11:01.819+0000] {sql.py:276} INFO - Executing: 
            delete from dag_runs where dt = '2024-05-05' and dag_id = 'dag_runs';
        
[2024-06-04T12:11:01.840+0000] {base.py:83} INFO - Using connection ID 'postgres_localhost' for task execution.
[2024-06-04T12:11:02.015+0000] {base.py:83} INFO - Using connection ID 'postgres_localhost' for task execution.
[2024-06-04T12:11:02.032+0000] {sql.py:457} INFO - Running statement: 
            delete from dag_runs where dt = '2024-05-05' and dag_id = 'dag_runs';
        , parameters: None
[2024-06-04T12:11:02.034+0000] {sql.py:466} INFO - Rows affected: 0
[2024-06-04T12:11:02.035+0000] {warnings.py:109} WARNING - /home/***/.local/lib/python3.8/site-packages/***/providers/common/sql/hooks/sql.py:407: AirflowProviderDeprecationWarning: Call to deprecated method _make_common_data_structure. (The `_make_serializable` method is deprecated and support will be removed in a future version of the common.sql provider. Please update the DbApiHook's provider to a version based on common.sql >= 1.9.1.)
  result = self._make_common_data_structure(handler(cur))

[2024-06-04T12:11:02.134+0000] {taskinstance.py:1149} INFO - Marking task as SUCCESS. dag_id=dag_runs, task_id=delete_data_from_table, execution_date=20240505T120000, start_date=20240604T121100, end_date=20240604T121102
[2024-06-04T12:11:02.355+0000] {local_task_job_runner.py:234} INFO - Task exited with return code 0
[2024-06-04T12:11:02.436+0000] {warnings.py:109} WARNING - /home/***/.local/lib/python3.8/site-packages/***/models/baseoperator.py:1201: AirflowProviderDeprecationWarning: Call to deprecated class PostgresOperator. (Please use `***.providers.common.sql.operators.sql.SQLExecuteQueryOperator`.Also, you can provide `hook_params={'schema': <database>}`.)
  result = cls.__new__(cls)

[2024-06-04T12:11:02.534+0000] {taskinstance.py:3312} INFO - 1 downstream tasks scheduled from follow-on schedule check
