[2024-06-04T07:51:18.043+0000] {processor.py:161} INFO - Started process (PID=158) to work on /opt/airflow/dags/dag_example_hook.py
[2024-06-04T07:51:18.049+0000] {processor.py:830} INFO - Processing file /opt/airflow/dags/dag_example_hook.py for tasks to queue
[2024-06-04T07:51:18.051+0000] {logging_mixin.py:188} INFO - [2024-06-04T07:51:18.051+0000] {dagbag.py:540} INFO - Filling up the DagBag from /opt/airflow/dags/dag_example_hook.py
[2024-06-04T07:51:18.112+0000] {processor.py:840} INFO - DAG(s) 'dag_example_hook' retrieved from /opt/airflow/dags/dag_example_hook.py
[2024-06-04T07:51:18.432+0000] {logging_mixin.py:188} INFO - [2024-06-04T07:51:18.432+0000] {override.py:1769} INFO - Created Permission View: can edit on DAG:dag_example_hook
[2024-06-04T07:51:18.443+0000] {logging_mixin.py:188} INFO - [2024-06-04T07:51:18.442+0000] {override.py:1769} INFO - Created Permission View: can delete on DAG:dag_example_hook
[2024-06-04T07:51:18.501+0000] {logging_mixin.py:188} INFO - [2024-06-04T07:51:18.500+0000] {override.py:1769} INFO - Created Permission View: can read on DAG:dag_example_hook
[2024-06-04T07:51:18.501+0000] {logging_mixin.py:188} INFO - [2024-06-04T07:51:18.501+0000] {dag.py:3047} INFO - Sync 1 DAGs
[2024-06-04T07:51:18.517+0000] {logging_mixin.py:188} INFO - [2024-06-04T07:51:18.517+0000] {dag.py:3069} INFO - Creating ORM DAG for dag_example_hook
[2024-06-04T07:51:18.530+0000] {logging_mixin.py:188} INFO - [2024-06-04T07:51:18.529+0000] {dag.py:3834} INFO - Setting next_dagrun for dag_example_hook to 2024-06-01 00:00:00+00:00, run_after=2024-06-02 00:00:00+00:00
[2024-06-04T07:51:18.614+0000] {processor.py:183} INFO - Processing /opt/airflow/dags/dag_example_hook.py took 0.576 seconds
[2024-06-04T07:51:48.771+0000] {processor.py:161} INFO - Started process (PID=216) to work on /opt/airflow/dags/dag_example_hook.py
[2024-06-04T07:51:48.772+0000] {processor.py:830} INFO - Processing file /opt/airflow/dags/dag_example_hook.py for tasks to queue
[2024-06-04T07:51:48.774+0000] {logging_mixin.py:188} INFO - [2024-06-04T07:51:48.773+0000] {dagbag.py:540} INFO - Filling up the DagBag from /opt/airflow/dags/dag_example_hook.py
[2024-06-04T07:51:48.782+0000] {processor.py:840} INFO - DAG(s) 'dag_example_hook' retrieved from /opt/airflow/dags/dag_example_hook.py
[2024-06-04T07:51:48.804+0000] {logging_mixin.py:188} INFO - [2024-06-04T07:51:48.803+0000] {dag.py:3047} INFO - Sync 1 DAGs
[2024-06-04T07:51:48.830+0000] {logging_mixin.py:188} INFO - [2024-06-04T07:51:48.830+0000] {dag.py:3834} INFO - Setting next_dagrun for dag_example_hook to 2024-06-01 00:00:00+00:00, run_after=2024-06-02 00:00:00+00:00
[2024-06-04T07:51:48.851+0000] {processor.py:183} INFO - Processing /opt/airflow/dags/dag_example_hook.py took 0.084 seconds
[2024-06-04T07:52:19.033+0000] {processor.py:161} INFO - Started process (PID=274) to work on /opt/airflow/dags/dag_example_hook.py
[2024-06-04T07:52:19.035+0000] {processor.py:830} INFO - Processing file /opt/airflow/dags/dag_example_hook.py for tasks to queue
[2024-06-04T07:52:19.037+0000] {logging_mixin.py:188} INFO - [2024-06-04T07:52:19.037+0000] {dagbag.py:540} INFO - Filling up the DagBag from /opt/airflow/dags/dag_example_hook.py
[2024-06-04T07:52:19.103+0000] {processor.py:840} INFO - DAG(s) 'dag_example_hook' retrieved from /opt/airflow/dags/dag_example_hook.py
[2024-06-04T07:52:19.129+0000] {logging_mixin.py:188} INFO - [2024-06-04T07:52:19.129+0000] {dag.py:3047} INFO - Sync 1 DAGs
[2024-06-04T07:52:19.211+0000] {logging_mixin.py:188} INFO - [2024-06-04T07:52:19.210+0000] {dag.py:3834} INFO - Setting next_dagrun for dag_example_hook to 2024-06-01 00:00:00+00:00, run_after=2024-06-02 00:00:00+00:00
[2024-06-04T07:52:19.234+0000] {processor.py:183} INFO - Processing /opt/airflow/dags/dag_example_hook.py took 0.206 seconds
[2024-06-04T07:52:49.448+0000] {processor.py:161} INFO - Started process (PID=332) to work on /opt/airflow/dags/dag_example_hook.py
[2024-06-04T07:52:49.449+0000] {processor.py:830} INFO - Processing file /opt/airflow/dags/dag_example_hook.py for tasks to queue
[2024-06-04T07:52:49.451+0000] {logging_mixin.py:188} INFO - [2024-06-04T07:52:49.451+0000] {dagbag.py:540} INFO - Filling up the DagBag from /opt/airflow/dags/dag_example_hook.py
[2024-06-04T07:52:49.459+0000] {processor.py:840} INFO - DAG(s) 'dag_example_hook' retrieved from /opt/airflow/dags/dag_example_hook.py
[2024-06-04T07:52:49.482+0000] {logging_mixin.py:188} INFO - [2024-06-04T07:52:49.481+0000] {dag.py:3047} INFO - Sync 1 DAGs
[2024-06-04T07:52:49.506+0000] {logging_mixin.py:188} INFO - [2024-06-04T07:52:49.506+0000] {dag.py:3834} INFO - Setting next_dagrun for dag_example_hook to 2024-06-01 00:00:00+00:00, run_after=2024-06-02 00:00:00+00:00
[2024-06-04T07:52:49.525+0000] {processor.py:183} INFO - Processing /opt/airflow/dags/dag_example_hook.py took 0.080 seconds
[2024-06-04T07:53:19.704+0000] {processor.py:161} INFO - Started process (PID=390) to work on /opt/airflow/dags/dag_example_hook.py
[2024-06-04T07:53:19.705+0000] {processor.py:830} INFO - Processing file /opt/airflow/dags/dag_example_hook.py for tasks to queue
[2024-06-04T07:53:19.707+0000] {logging_mixin.py:188} INFO - [2024-06-04T07:53:19.707+0000] {dagbag.py:540} INFO - Filling up the DagBag from /opt/airflow/dags/dag_example_hook.py
[2024-06-04T07:53:19.717+0000] {processor.py:840} INFO - DAG(s) 'dag_example_hook' retrieved from /opt/airflow/dags/dag_example_hook.py
[2024-06-04T07:53:19.743+0000] {logging_mixin.py:188} INFO - [2024-06-04T07:53:19.742+0000] {dag.py:3047} INFO - Sync 1 DAGs
[2024-06-04T07:53:19.772+0000] {logging_mixin.py:188} INFO - [2024-06-04T07:53:19.771+0000] {dag.py:3834} INFO - Setting next_dagrun for dag_example_hook to 2024-06-01 00:00:00+00:00, run_after=2024-06-02 00:00:00+00:00
[2024-06-04T07:53:19.806+0000] {processor.py:183} INFO - Processing /opt/airflow/dags/dag_example_hook.py took 0.106 seconds
[2024-06-04T07:53:50.125+0000] {processor.py:161} INFO - Started process (PID=448) to work on /opt/airflow/dags/dag_example_hook.py
[2024-06-04T07:53:50.126+0000] {processor.py:830} INFO - Processing file /opt/airflow/dags/dag_example_hook.py for tasks to queue
[2024-06-04T07:53:50.129+0000] {logging_mixin.py:188} INFO - [2024-06-04T07:53:50.128+0000] {dagbag.py:540} INFO - Filling up the DagBag from /opt/airflow/dags/dag_example_hook.py
[2024-06-04T07:53:50.137+0000] {processor.py:840} INFO - DAG(s) 'dag_example_hook' retrieved from /opt/airflow/dags/dag_example_hook.py
[2024-06-04T07:53:50.161+0000] {logging_mixin.py:188} INFO - [2024-06-04T07:53:50.161+0000] {dag.py:3047} INFO - Sync 1 DAGs
[2024-06-04T07:53:50.189+0000] {logging_mixin.py:188} INFO - [2024-06-04T07:53:50.188+0000] {dag.py:3834} INFO - Setting next_dagrun for dag_example_hook to 2024-06-01 00:00:00+00:00, run_after=2024-06-02 00:00:00+00:00
[2024-06-04T07:53:50.218+0000] {processor.py:183} INFO - Processing /opt/airflow/dags/dag_example_hook.py took 0.097 seconds
[2024-06-04T07:54:20.537+0000] {processor.py:161} INFO - Started process (PID=506) to work on /opt/airflow/dags/dag_example_hook.py
[2024-06-04T07:54:20.538+0000] {processor.py:830} INFO - Processing file /opt/airflow/dags/dag_example_hook.py for tasks to queue
[2024-06-04T07:54:20.540+0000] {logging_mixin.py:188} INFO - [2024-06-04T07:54:20.540+0000] {dagbag.py:540} INFO - Filling up the DagBag from /opt/airflow/dags/dag_example_hook.py
[2024-06-04T07:54:20.550+0000] {processor.py:840} INFO - DAG(s) 'dag_example_hook' retrieved from /opt/airflow/dags/dag_example_hook.py
[2024-06-04T07:54:20.574+0000] {logging_mixin.py:188} INFO - [2024-06-04T07:54:20.574+0000] {dag.py:3047} INFO - Sync 1 DAGs
[2024-06-04T07:54:20.597+0000] {logging_mixin.py:188} INFO - [2024-06-04T07:54:20.596+0000] {dag.py:3834} INFO - Setting next_dagrun for dag_example_hook to 2024-06-01 00:00:00+00:00, run_after=2024-06-02 00:00:00+00:00
[2024-06-04T07:54:20.617+0000] {processor.py:183} INFO - Processing /opt/airflow/dags/dag_example_hook.py took 0.083 seconds
[2024-06-04T07:54:50.863+0000] {processor.py:161} INFO - Started process (PID=564) to work on /opt/airflow/dags/dag_example_hook.py
[2024-06-04T07:54:50.865+0000] {processor.py:830} INFO - Processing file /opt/airflow/dags/dag_example_hook.py for tasks to queue
[2024-06-04T07:54:50.867+0000] {logging_mixin.py:188} INFO - [2024-06-04T07:54:50.866+0000] {dagbag.py:540} INFO - Filling up the DagBag from /opt/airflow/dags/dag_example_hook.py
[2024-06-04T07:54:50.875+0000] {processor.py:840} INFO - DAG(s) 'dag_example_hook' retrieved from /opt/airflow/dags/dag_example_hook.py
[2024-06-04T07:54:50.895+0000] {logging_mixin.py:188} INFO - [2024-06-04T07:54:50.895+0000] {dag.py:3047} INFO - Sync 1 DAGs
[2024-06-04T07:54:50.926+0000] {logging_mixin.py:188} INFO - [2024-06-04T07:54:50.926+0000] {dag.py:3834} INFO - Setting next_dagrun for dag_example_hook to 2024-06-01 00:00:00+00:00, run_after=2024-06-02 00:00:00+00:00
[2024-06-04T07:54:50.946+0000] {processor.py:183} INFO - Processing /opt/airflow/dags/dag_example_hook.py took 0.086 seconds
[2024-06-04T07:55:21.101+0000] {processor.py:161} INFO - Started process (PID=622) to work on /opt/airflow/dags/dag_example_hook.py
[2024-06-04T07:55:21.102+0000] {processor.py:830} INFO - Processing file /opt/airflow/dags/dag_example_hook.py for tasks to queue
[2024-06-04T07:55:21.104+0000] {logging_mixin.py:188} INFO - [2024-06-04T07:55:21.104+0000] {dagbag.py:540} INFO - Filling up the DagBag from /opt/airflow/dags/dag_example_hook.py
[2024-06-04T07:55:21.112+0000] {processor.py:840} INFO - DAG(s) 'dag_example_hook' retrieved from /opt/airflow/dags/dag_example_hook.py
[2024-06-04T07:55:21.137+0000] {logging_mixin.py:188} INFO - [2024-06-04T07:55:21.137+0000] {dag.py:3047} INFO - Sync 1 DAGs
[2024-06-04T07:55:21.163+0000] {logging_mixin.py:188} INFO - [2024-06-04T07:55:21.162+0000] {dag.py:3834} INFO - Setting next_dagrun for dag_example_hook to 2024-06-01 00:00:00+00:00, run_after=2024-06-02 00:00:00+00:00
[2024-06-04T07:55:21.202+0000] {processor.py:183} INFO - Processing /opt/airflow/dags/dag_example_hook.py took 0.104 seconds
[2024-06-04T07:55:51.997+0000] {processor.py:161} INFO - Started process (PID=680) to work on /opt/airflow/dags/dag_example_hook.py
[2024-06-04T07:55:51.999+0000] {processor.py:830} INFO - Processing file /opt/airflow/dags/dag_example_hook.py for tasks to queue
[2024-06-04T07:55:52.001+0000] {logging_mixin.py:188} INFO - [2024-06-04T07:55:52.000+0000] {dagbag.py:540} INFO - Filling up the DagBag from /opt/airflow/dags/dag_example_hook.py
[2024-06-04T07:55:52.011+0000] {processor.py:840} INFO - DAG(s) 'dag_example_hook' retrieved from /opt/airflow/dags/dag_example_hook.py
[2024-06-04T07:55:52.037+0000] {logging_mixin.py:188} INFO - [2024-06-04T07:55:52.037+0000] {dag.py:3047} INFO - Sync 1 DAGs
[2024-06-04T07:55:52.064+0000] {logging_mixin.py:188} INFO - [2024-06-04T07:55:52.064+0000] {dag.py:3834} INFO - Setting next_dagrun for dag_example_hook to 2024-06-01 00:00:00+00:00, run_after=2024-06-02 00:00:00+00:00
[2024-06-04T07:55:52.088+0000] {processor.py:183} INFO - Processing /opt/airflow/dags/dag_example_hook.py took 0.094 seconds
[2024-06-04T07:56:22.738+0000] {processor.py:161} INFO - Started process (PID=738) to work on /opt/airflow/dags/dag_example_hook.py
[2024-06-04T07:56:22.740+0000] {processor.py:830} INFO - Processing file /opt/airflow/dags/dag_example_hook.py for tasks to queue
[2024-06-04T07:56:22.742+0000] {logging_mixin.py:188} INFO - [2024-06-04T07:56:22.741+0000] {dagbag.py:540} INFO - Filling up the DagBag from /opt/airflow/dags/dag_example_hook.py
[2024-06-04T07:56:22.750+0000] {processor.py:840} INFO - DAG(s) 'dag_example_hook' retrieved from /opt/airflow/dags/dag_example_hook.py
[2024-06-04T07:56:22.771+0000] {logging_mixin.py:188} INFO - [2024-06-04T07:56:22.771+0000] {dag.py:3047} INFO - Sync 1 DAGs
[2024-06-04T07:56:22.794+0000] {logging_mixin.py:188} INFO - [2024-06-04T07:56:22.793+0000] {dag.py:3834} INFO - Setting next_dagrun for dag_example_hook to 2024-06-01 00:00:00+00:00, run_after=2024-06-02 00:00:00+00:00
[2024-06-04T07:56:22.812+0000] {processor.py:183} INFO - Processing /opt/airflow/dags/dag_example_hook.py took 0.077 seconds
[2024-06-04T07:56:53.243+0000] {processor.py:161} INFO - Started process (PID=796) to work on /opt/airflow/dags/dag_example_hook.py
[2024-06-04T07:56:53.244+0000] {processor.py:830} INFO - Processing file /opt/airflow/dags/dag_example_hook.py for tasks to queue
[2024-06-04T07:56:53.246+0000] {logging_mixin.py:188} INFO - [2024-06-04T07:56:53.245+0000] {dagbag.py:540} INFO - Filling up the DagBag from /opt/airflow/dags/dag_example_hook.py
[2024-06-04T07:56:53.253+0000] {processor.py:840} INFO - DAG(s) 'dag_example_hook' retrieved from /opt/airflow/dags/dag_example_hook.py
[2024-06-04T07:56:53.278+0000] {logging_mixin.py:188} INFO - [2024-06-04T07:56:53.278+0000] {dag.py:3047} INFO - Sync 1 DAGs
[2024-06-04T07:56:53.306+0000] {logging_mixin.py:188} INFO - [2024-06-04T07:56:53.305+0000] {dag.py:3834} INFO - Setting next_dagrun for dag_example_hook to 2024-06-01 00:00:00+00:00, run_after=2024-06-02 00:00:00+00:00
[2024-06-04T07:56:53.328+0000] {processor.py:183} INFO - Processing /opt/airflow/dags/dag_example_hook.py took 0.089 seconds
[2024-06-04T07:57:23.785+0000] {processor.py:161} INFO - Started process (PID=854) to work on /opt/airflow/dags/dag_example_hook.py
[2024-06-04T07:57:23.786+0000] {processor.py:830} INFO - Processing file /opt/airflow/dags/dag_example_hook.py for tasks to queue
[2024-06-04T07:57:23.787+0000] {logging_mixin.py:188} INFO - [2024-06-04T07:57:23.787+0000] {dagbag.py:540} INFO - Filling up the DagBag from /opt/airflow/dags/dag_example_hook.py
[2024-06-04T07:57:23.795+0000] {processor.py:840} INFO - DAG(s) 'dag_example_hook' retrieved from /opt/airflow/dags/dag_example_hook.py
[2024-06-04T07:57:23.818+0000] {logging_mixin.py:188} INFO - [2024-06-04T07:57:23.818+0000] {dag.py:3047} INFO - Sync 1 DAGs
[2024-06-04T07:57:23.845+0000] {logging_mixin.py:188} INFO - [2024-06-04T07:57:23.845+0000] {dag.py:3834} INFO - Setting next_dagrun for dag_example_hook to 2024-06-01 00:00:00+00:00, run_after=2024-06-02 00:00:00+00:00
[2024-06-04T07:57:23.863+0000] {processor.py:183} INFO - Processing /opt/airflow/dags/dag_example_hook.py took 0.082 seconds
[2024-06-04T07:57:54.288+0000] {processor.py:161} INFO - Started process (PID=912) to work on /opt/airflow/dags/dag_example_hook.py
[2024-06-04T07:57:54.289+0000] {processor.py:830} INFO - Processing file /opt/airflow/dags/dag_example_hook.py for tasks to queue
[2024-06-04T07:57:54.291+0000] {logging_mixin.py:188} INFO - [2024-06-04T07:57:54.291+0000] {dagbag.py:540} INFO - Filling up the DagBag from /opt/airflow/dags/dag_example_hook.py
[2024-06-04T07:57:54.298+0000] {processor.py:840} INFO - DAG(s) 'dag_example_hook' retrieved from /opt/airflow/dags/dag_example_hook.py
[2024-06-04T07:57:54.319+0000] {logging_mixin.py:188} INFO - [2024-06-04T07:57:54.319+0000] {dag.py:3047} INFO - Sync 1 DAGs
[2024-06-04T07:57:54.343+0000] {logging_mixin.py:188} INFO - [2024-06-04T07:57:54.342+0000] {dag.py:3834} INFO - Setting next_dagrun for dag_example_hook to 2024-06-01 00:00:00+00:00, run_after=2024-06-02 00:00:00+00:00
[2024-06-04T07:57:54.362+0000] {processor.py:183} INFO - Processing /opt/airflow/dags/dag_example_hook.py took 0.078 seconds
[2024-06-04T07:58:24.717+0000] {processor.py:161} INFO - Started process (PID=970) to work on /opt/airflow/dags/dag_example_hook.py
[2024-06-04T07:58:24.718+0000] {processor.py:830} INFO - Processing file /opt/airflow/dags/dag_example_hook.py for tasks to queue
[2024-06-04T07:58:24.721+0000] {logging_mixin.py:188} INFO - [2024-06-04T07:58:24.720+0000] {dagbag.py:540} INFO - Filling up the DagBag from /opt/airflow/dags/dag_example_hook.py
[2024-06-04T07:58:24.731+0000] {processor.py:840} INFO - DAG(s) 'dag_example_hook' retrieved from /opt/airflow/dags/dag_example_hook.py
[2024-06-04T07:58:24.758+0000] {logging_mixin.py:188} INFO - [2024-06-04T07:58:24.757+0000] {dag.py:3047} INFO - Sync 1 DAGs
[2024-06-04T07:58:24.787+0000] {logging_mixin.py:188} INFO - [2024-06-04T07:58:24.786+0000] {dag.py:3834} INFO - Setting next_dagrun for dag_example_hook to 2024-06-01 00:00:00+00:00, run_after=2024-06-02 00:00:00+00:00
[2024-06-04T07:58:24.810+0000] {processor.py:183} INFO - Processing /opt/airflow/dags/dag_example_hook.py took 0.098 seconds
[2024-06-04T07:58:55.182+0000] {processor.py:161} INFO - Started process (PID=1028) to work on /opt/airflow/dags/dag_example_hook.py
[2024-06-04T07:58:55.183+0000] {processor.py:830} INFO - Processing file /opt/airflow/dags/dag_example_hook.py for tasks to queue
[2024-06-04T07:58:55.185+0000] {logging_mixin.py:188} INFO - [2024-06-04T07:58:55.185+0000] {dagbag.py:540} INFO - Filling up the DagBag from /opt/airflow/dags/dag_example_hook.py
[2024-06-04T07:58:55.193+0000] {processor.py:840} INFO - DAG(s) 'dag_example_hook' retrieved from /opt/airflow/dags/dag_example_hook.py
[2024-06-04T07:58:55.219+0000] {logging_mixin.py:188} INFO - [2024-06-04T07:58:55.219+0000] {dag.py:3047} INFO - Sync 1 DAGs
[2024-06-04T07:58:55.243+0000] {logging_mixin.py:188} INFO - [2024-06-04T07:58:55.243+0000] {dag.py:3834} INFO - Setting next_dagrun for dag_example_hook to 2024-06-01 00:00:00+00:00, run_after=2024-06-02 00:00:00+00:00
[2024-06-04T07:58:55.311+0000] {processor.py:183} INFO - Processing /opt/airflow/dags/dag_example_hook.py took 0.132 seconds
