[2024-06-04T08:11:17.670+0000] {processor.py:161} INFO - Started process (PID=2449) to work on /opt/airflow/dags/dag_runs.py
[2024-06-04T08:11:17.671+0000] {processor.py:830} INFO - Processing file /opt/airflow/dags/dag_runs.py for tasks to queue
[2024-06-04T08:11:17.673+0000] {logging_mixin.py:188} INFO - [2024-06-04T08:11:17.673+0000] {dagbag.py:540} INFO - Filling up the DagBag from /opt/airflow/dags/dag_runs.py
[2024-06-04T08:11:17.684+0000] {processor.py:840} INFO - DAG(s) 'dag_runs' retrieved from /opt/airflow/dags/dag_runs.py
[2024-06-04T08:11:17.803+0000] {logging_mixin.py:188} INFO - [2024-06-04T08:11:17.802+0000] {override.py:1769} INFO - Created Permission View: can edit on DAG:dag_runs
[2024-06-04T08:11:17.815+0000] {logging_mixin.py:188} INFO - [2024-06-04T08:11:17.814+0000] {override.py:1769} INFO - Created Permission View: can delete on DAG:dag_runs
[2024-06-04T08:11:17.824+0000] {logging_mixin.py:188} INFO - [2024-06-04T08:11:17.824+0000] {override.py:1769} INFO - Created Permission View: can read on DAG:dag_runs
[2024-06-04T08:11:17.825+0000] {logging_mixin.py:188} INFO - [2024-06-04T08:11:17.825+0000] {dag.py:3047} INFO - Sync 1 DAGs
[2024-06-04T08:11:17.840+0000] {logging_mixin.py:188} INFO - [2024-06-04T08:11:17.839+0000] {dag.py:3069} INFO - Creating ORM DAG for dag_runs
[2024-06-04T08:11:17.853+0000] {logging_mixin.py:188} INFO - [2024-06-04T08:11:17.852+0000] {dag.py:3834} INFO - Setting next_dagrun for dag_runs to 2023-03-25 00:00:00+00:00, run_after=2023-03-26 00:00:00+00:00
[2024-06-04T08:11:17.873+0000] {processor.py:183} INFO - Processing /opt/airflow/dags/dag_runs.py took 0.208 seconds
[2024-06-04T08:11:47.929+0000] {processor.py:161} INFO - Started process (PID=2508) to work on /opt/airflow/dags/dag_runs.py
[2024-06-04T08:11:47.930+0000] {processor.py:830} INFO - Processing file /opt/airflow/dags/dag_runs.py for tasks to queue
[2024-06-04T08:11:47.932+0000] {logging_mixin.py:188} INFO - [2024-06-04T08:11:47.932+0000] {dagbag.py:540} INFO - Filling up the DagBag from /opt/airflow/dags/dag_runs.py
[2024-06-04T08:11:47.941+0000] {processor.py:840} INFO - DAG(s) 'dag_runs' retrieved from /opt/airflow/dags/dag_runs.py
[2024-06-04T08:11:47.965+0000] {logging_mixin.py:188} INFO - [2024-06-04T08:11:47.965+0000] {dag.py:3047} INFO - Sync 1 DAGs
[2024-06-04T08:11:47.994+0000] {logging_mixin.py:188} INFO - [2024-06-04T08:11:47.994+0000] {dag.py:3834} INFO - Setting next_dagrun for dag_runs to 2023-03-25 00:00:00+00:00, run_after=2023-03-26 00:00:00+00:00
[2024-06-04T08:11:48.019+0000] {processor.py:183} INFO - Processing /opt/airflow/dags/dag_runs.py took 0.095 seconds
[2024-06-04T08:12:18.755+0000] {processor.py:161} INFO - Started process (PID=2565) to work on /opt/airflow/dags/dag_runs.py
[2024-06-04T08:12:18.757+0000] {processor.py:830} INFO - Processing file /opt/airflow/dags/dag_runs.py for tasks to queue
[2024-06-04T08:12:18.759+0000] {logging_mixin.py:188} INFO - [2024-06-04T08:12:18.759+0000] {dagbag.py:540} INFO - Filling up the DagBag from /opt/airflow/dags/dag_runs.py
[2024-06-04T08:12:18.770+0000] {processor.py:840} INFO - DAG(s) 'dag_runs' retrieved from /opt/airflow/dags/dag_runs.py
[2024-06-04T08:12:18.798+0000] {logging_mixin.py:188} INFO - [2024-06-04T08:12:18.798+0000] {dag.py:3047} INFO - Sync 1 DAGs
[2024-06-04T08:12:18.831+0000] {logging_mixin.py:188} INFO - [2024-06-04T08:12:18.831+0000] {dag.py:3834} INFO - Setting next_dagrun for dag_runs to 2023-03-25 00:00:00+00:00, run_after=2023-03-26 00:00:00+00:00
[2024-06-04T08:12:18.859+0000] {processor.py:183} INFO - Processing /opt/airflow/dags/dag_runs.py took 0.109 seconds
[2024-06-04T08:12:49.077+0000] {processor.py:161} INFO - Started process (PID=2624) to work on /opt/airflow/dags/dag_runs.py
[2024-06-04T08:12:49.078+0000] {processor.py:830} INFO - Processing file /opt/airflow/dags/dag_runs.py for tasks to queue
[2024-06-04T08:12:49.081+0000] {logging_mixin.py:188} INFO - [2024-06-04T08:12:49.080+0000] {dagbag.py:540} INFO - Filling up the DagBag from /opt/airflow/dags/dag_runs.py
[2024-06-04T08:12:49.091+0000] {processor.py:840} INFO - DAG(s) 'dag_runs' retrieved from /opt/airflow/dags/dag_runs.py
[2024-06-04T08:12:49.121+0000] {logging_mixin.py:188} INFO - [2024-06-04T08:12:49.120+0000] {dag.py:3047} INFO - Sync 1 DAGs
[2024-06-04T08:12:49.152+0000] {logging_mixin.py:188} INFO - [2024-06-04T08:12:49.151+0000] {dag.py:3834} INFO - Setting next_dagrun for dag_runs to 2023-03-25 00:00:00+00:00, run_after=2023-03-26 00:00:00+00:00
[2024-06-04T08:12:49.211+0000] {processor.py:183} INFO - Processing /opt/airflow/dags/dag_runs.py took 0.138 seconds
[2024-06-04T08:13:19.438+0000] {processor.py:161} INFO - Started process (PID=2682) to work on /opt/airflow/dags/dag_runs.py
[2024-06-04T08:13:19.444+0000] {processor.py:830} INFO - Processing file /opt/airflow/dags/dag_runs.py for tasks to queue
[2024-06-04T08:13:19.447+0000] {logging_mixin.py:188} INFO - [2024-06-04T08:13:19.446+0000] {dagbag.py:540} INFO - Filling up the DagBag from /opt/airflow/dags/dag_runs.py
[2024-06-04T08:13:19.458+0000] {processor.py:840} INFO - DAG(s) 'dag_runs' retrieved from /opt/airflow/dags/dag_runs.py
[2024-06-04T08:13:19.488+0000] {logging_mixin.py:188} INFO - [2024-06-04T08:13:19.488+0000] {dag.py:3047} INFO - Sync 1 DAGs
[2024-06-04T08:13:19.523+0000] {logging_mixin.py:188} INFO - [2024-06-04T08:13:19.522+0000] {dag.py:3834} INFO - Setting next_dagrun for dag_runs to 2023-03-25 00:00:00+00:00, run_after=2023-03-26 00:00:00+00:00
[2024-06-04T08:13:19.551+0000] {processor.py:183} INFO - Processing /opt/airflow/dags/dag_runs.py took 0.118 seconds
[2024-06-04T08:13:50.246+0000] {processor.py:161} INFO - Started process (PID=2741) to work on /opt/airflow/dags/dag_runs.py
[2024-06-04T08:13:50.248+0000] {processor.py:830} INFO - Processing file /opt/airflow/dags/dag_runs.py for tasks to queue
[2024-06-04T08:13:50.251+0000] {logging_mixin.py:188} INFO - [2024-06-04T08:13:50.250+0000] {dagbag.py:540} INFO - Filling up the DagBag from /opt/airflow/dags/dag_runs.py
[2024-06-04T08:13:50.263+0000] {processor.py:840} INFO - DAG(s) 'dag_runs' retrieved from /opt/airflow/dags/dag_runs.py
[2024-06-04T08:13:50.517+0000] {logging_mixin.py:188} INFO - [2024-06-04T08:13:50.516+0000] {dag.py:3047} INFO - Sync 1 DAGs
[2024-06-04T08:13:50.548+0000] {logging_mixin.py:188} INFO - [2024-06-04T08:13:50.548+0000] {dag.py:3834} INFO - Setting next_dagrun for dag_runs to 2023-03-25 00:00:00+00:00, run_after=2023-03-26 00:00:00+00:00
[2024-06-04T08:13:50.612+0000] {processor.py:183} INFO - Processing /opt/airflow/dags/dag_runs.py took 0.371 seconds
[2024-06-04T08:14:21.175+0000] {processor.py:161} INFO - Started process (PID=2800) to work on /opt/airflow/dags/dag_runs.py
[2024-06-04T08:14:21.176+0000] {processor.py:830} INFO - Processing file /opt/airflow/dags/dag_runs.py for tasks to queue
[2024-06-04T08:14:21.178+0000] {logging_mixin.py:188} INFO - [2024-06-04T08:14:21.178+0000] {dagbag.py:540} INFO - Filling up the DagBag from /opt/airflow/dags/dag_runs.py
[2024-06-04T08:14:21.188+0000] {processor.py:840} INFO - DAG(s) 'dag_runs' retrieved from /opt/airflow/dags/dag_runs.py
[2024-06-04T08:14:21.218+0000] {logging_mixin.py:188} INFO - [2024-06-04T08:14:21.217+0000] {dag.py:3047} INFO - Sync 1 DAGs
[2024-06-04T08:14:21.252+0000] {logging_mixin.py:188} INFO - [2024-06-04T08:14:21.251+0000] {dag.py:3834} INFO - Setting next_dagrun for dag_runs to 2023-03-25 00:00:00+00:00, run_after=2023-03-26 00:00:00+00:00
[2024-06-04T08:14:21.276+0000] {processor.py:183} INFO - Processing /opt/airflow/dags/dag_runs.py took 0.105 seconds
[2024-06-04T08:14:51.649+0000] {processor.py:161} INFO - Started process (PID=2859) to work on /opt/airflow/dags/dag_runs.py
[2024-06-04T08:14:51.651+0000] {processor.py:830} INFO - Processing file /opt/airflow/dags/dag_runs.py for tasks to queue
[2024-06-04T08:14:51.653+0000] {logging_mixin.py:188} INFO - [2024-06-04T08:14:51.653+0000] {dagbag.py:540} INFO - Filling up the DagBag from /opt/airflow/dags/dag_runs.py
[2024-06-04T08:14:51.663+0000] {processor.py:840} INFO - DAG(s) 'dag_runs' retrieved from /opt/airflow/dags/dag_runs.py
[2024-06-04T08:14:51.695+0000] {logging_mixin.py:188} INFO - [2024-06-04T08:14:51.694+0000] {dag.py:3047} INFO - Sync 1 DAGs
[2024-06-04T08:14:51.721+0000] {logging_mixin.py:188} INFO - [2024-06-04T08:14:51.721+0000] {dag.py:3834} INFO - Setting next_dagrun for dag_runs to 2023-03-25 00:00:00+00:00, run_after=2023-03-26 00:00:00+00:00
[2024-06-04T08:14:51.746+0000] {processor.py:183} INFO - Processing /opt/airflow/dags/dag_runs.py took 0.101 seconds
[2024-06-04T08:15:27.406+0000] {processor.py:161} INFO - Started process (PID=2950) to work on /opt/airflow/dags/dag_runs.py
[2024-06-04T08:15:27.407+0000] {processor.py:830} INFO - Processing file /opt/airflow/dags/dag_runs.py for tasks to queue
[2024-06-04T08:15:27.409+0000] {logging_mixin.py:188} INFO - [2024-06-04T08:15:27.409+0000] {dagbag.py:540} INFO - Filling up the DagBag from /opt/airflow/dags/dag_runs.py
[2024-06-04T08:15:27.420+0000] {processor.py:840} INFO - DAG(s) 'dag_runs' retrieved from /opt/airflow/dags/dag_runs.py
[2024-06-04T08:15:27.809+0000] {logging_mixin.py:188} INFO - [2024-06-04T08:15:27.808+0000] {dag.py:3047} INFO - Sync 1 DAGs
[2024-06-04T08:15:28.606+0000] {processor.py:183} INFO - Processing /opt/airflow/dags/dag_runs.py took 1.205 seconds
[2024-06-04T08:16:00.100+0000] {processor.py:161} INFO - Started process (PID=3015) to work on /opt/airflow/dags/dag_runs.py
[2024-06-04T08:16:00.102+0000] {processor.py:830} INFO - Processing file /opt/airflow/dags/dag_runs.py for tasks to queue
[2024-06-04T08:16:00.105+0000] {logging_mixin.py:188} INFO - [2024-06-04T08:16:00.105+0000] {dagbag.py:540} INFO - Filling up the DagBag from /opt/airflow/dags/dag_runs.py
[2024-06-04T08:16:00.118+0000] {processor.py:840} INFO - DAG(s) 'dag_runs' retrieved from /opt/airflow/dags/dag_runs.py
[2024-06-04T08:16:00.215+0000] {logging_mixin.py:188} INFO - [2024-06-04T08:16:00.214+0000] {dag.py:3047} INFO - Sync 1 DAGs
[2024-06-04T08:16:00.315+0000] {logging_mixin.py:188} INFO - [2024-06-04T08:16:00.315+0000] {dag.py:3834} INFO - Setting next_dagrun for dag_runs to 2023-04-10 00:00:00+00:00, run_after=2023-04-11 00:00:00+00:00
[2024-06-04T08:16:00.406+0000] {processor.py:183} INFO - Processing /opt/airflow/dags/dag_runs.py took 0.375 seconds
[2024-06-04T08:16:30.804+0000] {processor.py:161} INFO - Started process (PID=3105) to work on /opt/airflow/dags/dag_runs.py
[2024-06-04T08:16:30.808+0000] {processor.py:830} INFO - Processing file /opt/airflow/dags/dag_runs.py for tasks to queue
[2024-06-04T08:16:30.811+0000] {logging_mixin.py:188} INFO - [2024-06-04T08:16:30.810+0000] {dagbag.py:540} INFO - Filling up the DagBag from /opt/airflow/dags/dag_runs.py
[2024-06-04T08:16:30.901+0000] {processor.py:840} INFO - DAG(s) 'dag_runs' retrieved from /opt/airflow/dags/dag_runs.py
[2024-06-04T08:16:31.010+0000] {logging_mixin.py:188} INFO - [2024-06-04T08:16:31.009+0000] {dag.py:3047} INFO - Sync 1 DAGs
[2024-06-04T08:16:31.308+0000] {processor.py:183} INFO - Processing /opt/airflow/dags/dag_runs.py took 0.575 seconds
[2024-06-04T08:17:02.009+0000] {processor.py:161} INFO - Started process (PID=3178) to work on /opt/airflow/dags/dag_runs.py
[2024-06-04T08:17:02.011+0000] {processor.py:830} INFO - Processing file /opt/airflow/dags/dag_runs.py for tasks to queue
[2024-06-04T08:17:02.014+0000] {logging_mixin.py:188} INFO - [2024-06-04T08:17:02.013+0000] {dagbag.py:540} INFO - Filling up the DagBag from /opt/airflow/dags/dag_runs.py
[2024-06-04T08:17:02.027+0000] {processor.py:840} INFO - DAG(s) 'dag_runs' retrieved from /opt/airflow/dags/dag_runs.py
[2024-06-04T08:17:02.211+0000] {logging_mixin.py:188} INFO - [2024-06-04T08:17:02.210+0000] {dag.py:3047} INFO - Sync 1 DAGs
[2024-06-04T08:17:02.322+0000] {logging_mixin.py:188} INFO - [2024-06-04T08:17:02.322+0000] {dag.py:3834} INFO - Setting next_dagrun for dag_runs to 2023-04-26 00:00:00+00:00, run_after=2023-04-27 00:00:00+00:00
[2024-06-04T08:17:02.424+0000] {processor.py:183} INFO - Processing /opt/airflow/dags/dag_runs.py took 0.421 seconds
[2024-06-04T08:17:33.305+0000] {processor.py:161} INFO - Started process (PID=3268) to work on /opt/airflow/dags/dag_runs.py
[2024-06-04T08:17:33.307+0000] {processor.py:830} INFO - Processing file /opt/airflow/dags/dag_runs.py for tasks to queue
[2024-06-04T08:17:33.309+0000] {logging_mixin.py:188} INFO - [2024-06-04T08:17:33.309+0000] {dagbag.py:540} INFO - Filling up the DagBag from /opt/airflow/dags/dag_runs.py
[2024-06-04T08:17:33.331+0000] {processor.py:840} INFO - DAG(s) 'dag_runs' retrieved from /opt/airflow/dags/dag_runs.py
[2024-06-04T08:17:33.506+0000] {logging_mixin.py:188} INFO - [2024-06-04T08:17:33.505+0000] {dag.py:3047} INFO - Sync 1 DAGs
[2024-06-04T08:17:33.717+0000] {processor.py:183} INFO - Processing /opt/airflow/dags/dag_runs.py took 0.485 seconds
[2024-06-04T08:21:21.191+0000] {processor.py:161} INFO - Started process (PID=177) to work on /opt/airflow/dags/dag_runs.py
[2024-06-04T08:21:21.192+0000] {processor.py:830} INFO - Processing file /opt/airflow/dags/dag_runs.py for tasks to queue
[2024-06-04T08:21:21.194+0000] {logging_mixin.py:188} INFO - [2024-06-04T08:21:21.194+0000] {dagbag.py:540} INFO - Filling up the DagBag from /opt/airflow/dags/dag_runs.py
[2024-06-04T08:21:21.207+0000] {processor.py:840} INFO - DAG(s) 'dag_runs' retrieved from /opt/airflow/dags/dag_runs.py
[2024-06-04T08:21:21.292+0000] {logging_mixin.py:188} INFO - [2024-06-04T08:21:21.292+0000] {dag.py:3047} INFO - Sync 1 DAGs
[2024-06-04T08:21:21.338+0000] {processor.py:183} INFO - Processing /opt/airflow/dags/dag_runs.py took 0.151 seconds
[2024-06-04T08:21:51.690+0000] {processor.py:161} INFO - Started process (PID=253) to work on /opt/airflow/dags/dag_runs.py
[2024-06-04T08:21:51.691+0000] {processor.py:830} INFO - Processing file /opt/airflow/dags/dag_runs.py for tasks to queue
[2024-06-04T08:21:51.693+0000] {logging_mixin.py:188} INFO - [2024-06-04T08:21:51.693+0000] {dagbag.py:540} INFO - Filling up the DagBag from /opt/airflow/dags/dag_runs.py
[2024-06-04T08:21:51.705+0000] {processor.py:840} INFO - DAG(s) 'dag_runs' retrieved from /opt/airflow/dags/dag_runs.py
[2024-06-04T08:21:51.815+0000] {logging_mixin.py:188} INFO - [2024-06-04T08:21:51.815+0000] {dag.py:3047} INFO - Sync 1 DAGs
[2024-06-04T08:21:51.835+0000] {logging_mixin.py:188} INFO - [2024-06-04T08:21:51.835+0000] {dag.py:3834} INFO - Setting next_dagrun for dag_runs to 2023-05-12 00:00:00+00:00, run_after=2023-05-13 00:00:00+00:00
[2024-06-04T08:21:51.852+0000] {processor.py:183} INFO - Processing /opt/airflow/dags/dag_runs.py took 0.166 seconds
[2024-06-04T08:22:22.141+0000] {processor.py:161} INFO - Started process (PID=332) to work on /opt/airflow/dags/dag_runs.py
[2024-06-04T08:22:22.142+0000] {processor.py:830} INFO - Processing file /opt/airflow/dags/dag_runs.py for tasks to queue
[2024-06-04T08:22:22.144+0000] {logging_mixin.py:188} INFO - [2024-06-04T08:22:22.144+0000] {dagbag.py:540} INFO - Filling up the DagBag from /opt/airflow/dags/dag_runs.py
[2024-06-04T08:22:22.153+0000] {processor.py:840} INFO - DAG(s) 'dag_runs' retrieved from /opt/airflow/dags/dag_runs.py
[2024-06-04T08:22:22.177+0000] {logging_mixin.py:188} INFO - [2024-06-04T08:22:22.177+0000] {dag.py:3047} INFO - Sync 1 DAGs
[2024-06-04T08:22:22.223+0000] {processor.py:183} INFO - Processing /opt/airflow/dags/dag_runs.py took 0.086 seconds
[2024-06-04T08:22:42.801+0000] {processor.py:161} INFO - Started process (PID=399) to work on /opt/airflow/dags/dag_runs.py
[2024-06-04T08:22:42.802+0000] {processor.py:830} INFO - Processing file /opt/airflow/dags/dag_runs.py for tasks to queue
[2024-06-04T08:22:42.804+0000] {logging_mixin.py:188} INFO - [2024-06-04T08:22:42.804+0000] {dagbag.py:540} INFO - Filling up the DagBag from /opt/airflow/dags/dag_runs.py
[2024-06-04T08:22:42.812+0000] {processor.py:840} INFO - DAG(s) 'dag_runs' retrieved from /opt/airflow/dags/dag_runs.py
[2024-06-04T08:22:42.846+0000] {logging_mixin.py:188} INFO - [2024-06-04T08:22:42.845+0000] {taskinstance.py:2733} ERROR - {'DAG Id': 'dag_runs', 'Task Id': 'insert_into_table', 'Run Id': 'scheduled__2023-04-27T00:00:00+00:00', 'Hostname': 'd20949f126de', 'External Executor Id': 'dde6b5eb-c2ea-4652-9ce2-8ed26ae1bd4e'}
[2024-06-04T08:22:42.873+0000] {logging_mixin.py:188} INFO - [2024-06-04T08:22:42.872+0000] {taskinstance.py:1149} INFO - Marking task as UP_FOR_RETRY. dag_id=dag_runs, task_id=insert_into_table, execution_date=20230427T000000, start_date=20240604T081736, end_date=20240604T082242
[2024-06-04T08:22:42.886+0000] {processor.py:791} INFO - Executed failure callback for <TaskInstance: dag_runs.insert_into_table scheduled__2023-04-27T00:00:00+00:00 [up_for_retry]> in state up_for_retry
[2024-06-04T08:22:42.900+0000] {logging_mixin.py:188} INFO - [2024-06-04T08:22:42.900+0000] {dag.py:3047} INFO - Sync 1 DAGs
[2024-06-04T08:22:42.938+0000] {processor.py:183} INFO - Processing /opt/airflow/dags/dag_runs.py took 0.141 seconds
[2024-06-04T08:22:53.000+0000] {processor.py:161} INFO - Started process (PID=410) to work on /opt/airflow/dags/dag_runs.py
[2024-06-04T08:22:53.002+0000] {processor.py:830} INFO - Processing file /opt/airflow/dags/dag_runs.py for tasks to queue
[2024-06-04T08:22:53.004+0000] {logging_mixin.py:188} INFO - [2024-06-04T08:22:53.003+0000] {dagbag.py:540} INFO - Filling up the DagBag from /opt/airflow/dags/dag_runs.py
[2024-06-04T08:22:53.012+0000] {processor.py:840} INFO - DAG(s) 'dag_runs' retrieved from /opt/airflow/dags/dag_runs.py
[2024-06-04T08:22:53.040+0000] {logging_mixin.py:188} INFO - [2024-06-04T08:22:53.040+0000] {taskinstance.py:2733} ERROR - {'DAG Id': 'dag_runs', 'Task Id': 'insert_into_table', 'Run Id': 'scheduled__2023-04-26T00:00:00+00:00', 'Hostname': 'd20949f126de', 'External Executor Id': '49eb5b13-735d-4c51-809d-0a16252df751'}
[2024-06-04T08:22:53.064+0000] {logging_mixin.py:188} INFO - [2024-06-04T08:22:53.064+0000] {taskinstance.py:1149} INFO - Marking task as UP_FOR_RETRY. dag_id=dag_runs, task_id=insert_into_table, execution_date=20230426T000000, start_date=20240604T081740, end_date=20240604T082253
[2024-06-04T08:22:53.082+0000] {processor.py:791} INFO - Executed failure callback for <TaskInstance: dag_runs.insert_into_table scheduled__2023-04-26T00:00:00+00:00 [up_for_retry]> in state up_for_retry
[2024-06-04T08:22:53.086+0000] {logging_mixin.py:188} INFO - [2024-06-04T08:22:53.085+0000] {taskinstance.py:2733} ERROR - {'DAG Id': 'dag_runs', 'Task Id': 'insert_into_table', 'Run Id': 'scheduled__2023-04-30T00:00:00+00:00', 'Hostname': 'd20949f126de', 'External Executor Id': '0df4b86e-ef2d-4306-80b1-afd10176be51'}
[2024-06-04T08:22:53.099+0000] {logging_mixin.py:188} INFO - [2024-06-04T08:22:53.099+0000] {taskinstance.py:1149} INFO - Marking task as UP_FOR_RETRY. dag_id=dag_runs, task_id=insert_into_table, execution_date=20230430T000000, start_date=20240604T081740, end_date=20240604T082253
[2024-06-04T08:22:53.102+0000] {processor.py:791} INFO - Executed failure callback for <TaskInstance: dag_runs.insert_into_table scheduled__2023-04-30T00:00:00+00:00 [up_for_retry]> in state up_for_retry
[2024-06-04T08:22:53.105+0000] {logging_mixin.py:188} INFO - [2024-06-04T08:22:53.105+0000] {taskinstance.py:2733} ERROR - {'DAG Id': 'dag_runs', 'Task Id': 'insert_into_table', 'Run Id': 'scheduled__2023-04-26T00:00:00+00:00', 'Hostname': 'd20949f126de', 'External Executor Id': '49eb5b13-735d-4c51-809d-0a16252df751'}
[2024-06-04T08:22:53.114+0000] {logging_mixin.py:188} INFO - [2024-06-04T08:22:53.114+0000] {taskinstance.py:1149} INFO - Marking task as UP_FOR_RETRY. dag_id=dag_runs, task_id=insert_into_table, execution_date=20230426T000000, start_date=20240604T081740, end_date=20240604T082253
[2024-06-04T08:22:53.118+0000] {processor.py:791} INFO - Executed failure callback for <TaskInstance: dag_runs.insert_into_table scheduled__2023-04-26T00:00:00+00:00 [up_for_retry]> in state up_for_retry
[2024-06-04T08:22:53.120+0000] {logging_mixin.py:188} INFO - [2024-06-04T08:22:53.119+0000] {taskinstance.py:2733} ERROR - {'DAG Id': 'dag_runs', 'Task Id': 'insert_into_table', 'Run Id': 'scheduled__2023-04-30T00:00:00+00:00', 'Hostname': 'd20949f126de', 'External Executor Id': '0df4b86e-ef2d-4306-80b1-afd10176be51'}
[2024-06-04T08:22:53.127+0000] {logging_mixin.py:188} INFO - [2024-06-04T08:22:53.127+0000] {taskinstance.py:1149} INFO - Marking task as UP_FOR_RETRY. dag_id=dag_runs, task_id=insert_into_table, execution_date=20230430T000000, start_date=20240604T081740, end_date=20240604T082253
[2024-06-04T08:22:53.129+0000] {processor.py:791} INFO - Executed failure callback for <TaskInstance: dag_runs.insert_into_table scheduled__2023-04-30T00:00:00+00:00 [up_for_retry]> in state up_for_retry
[2024-06-04T08:22:53.140+0000] {logging_mixin.py:188} INFO - [2024-06-04T08:22:53.140+0000] {dag.py:3047} INFO - Sync 1 DAGs
[2024-06-04T08:22:53.171+0000] {processor.py:183} INFO - Processing /opt/airflow/dags/dag_runs.py took 0.175 seconds
[2024-06-04T08:23:23.376+0000] {processor.py:161} INFO - Started process (PID=487) to work on /opt/airflow/dags/dag_runs.py
[2024-06-04T08:23:23.378+0000] {processor.py:830} INFO - Processing file /opt/airflow/dags/dag_runs.py for tasks to queue
[2024-06-04T08:23:23.379+0000] {logging_mixin.py:188} INFO - [2024-06-04T08:23:23.379+0000] {dagbag.py:540} INFO - Filling up the DagBag from /opt/airflow/dags/dag_runs.py
[2024-06-04T08:23:23.389+0000] {processor.py:840} INFO - DAG(s) 'dag_runs' retrieved from /opt/airflow/dags/dag_runs.py
[2024-06-04T08:23:23.414+0000] {logging_mixin.py:188} INFO - [2024-06-04T08:23:23.414+0000] {dag.py:3047} INFO - Sync 1 DAGs
[2024-06-04T08:23:23.462+0000] {processor.py:183} INFO - Processing /opt/airflow/dags/dag_runs.py took 0.090 seconds
[2024-06-04T08:23:54.019+0000] {processor.py:161} INFO - Started process (PID=576) to work on /opt/airflow/dags/dag_runs.py
[2024-06-04T08:23:54.021+0000] {processor.py:830} INFO - Processing file /opt/airflow/dags/dag_runs.py for tasks to queue
[2024-06-04T08:23:54.024+0000] {logging_mixin.py:188} INFO - [2024-06-04T08:23:54.023+0000] {dagbag.py:540} INFO - Filling up the DagBag from /opt/airflow/dags/dag_runs.py
[2024-06-04T08:23:54.036+0000] {processor.py:840} INFO - DAG(s) 'dag_runs' retrieved from /opt/airflow/dags/dag_runs.py
[2024-06-04T08:23:54.185+0000] {logging_mixin.py:188} INFO - [2024-06-04T08:23:54.184+0000] {dag.py:3047} INFO - Sync 1 DAGs
[2024-06-04T08:23:54.297+0000] {processor.py:183} INFO - Processing /opt/airflow/dags/dag_runs.py took 0.283 seconds
[2024-06-04T08:25:27.384+0000] {processor.py:161} INFO - Started process (PID=149) to work on /opt/airflow/dags/dag_runs.py
[2024-06-04T08:25:27.386+0000] {processor.py:830} INFO - Processing file /opt/airflow/dags/dag_runs.py for tasks to queue
[2024-06-04T08:25:27.388+0000] {logging_mixin.py:188} INFO - [2024-06-04T08:25:27.387+0000] {dagbag.py:540} INFO - Filling up the DagBag from /opt/airflow/dags/dag_runs.py
[2024-06-04T08:25:27.403+0000] {processor.py:840} INFO - DAG(s) 'dag_runs' retrieved from /opt/airflow/dags/dag_runs.py
[2024-06-04T08:25:27.614+0000] {logging_mixin.py:188} INFO - [2024-06-04T08:25:27.614+0000] {dag.py:3047} INFO - Sync 1 DAGs
[2024-06-04T08:25:27.649+0000] {logging_mixin.py:188} INFO - [2024-06-04T08:25:27.649+0000] {dag.py:3834} INFO - Setting next_dagrun for dag_runs to 2024-06-03 00:00:00+00:00, run_after=2024-06-04 00:00:00+00:00
[2024-06-04T08:25:27.669+0000] {processor.py:183} INFO - Processing /opt/airflow/dags/dag_runs.py took 0.329 seconds
[2024-06-04T08:25:58.109+0000] {processor.py:161} INFO - Started process (PID=212) to work on /opt/airflow/dags/dag_runs.py
[2024-06-04T08:25:58.111+0000] {processor.py:830} INFO - Processing file /opt/airflow/dags/dag_runs.py for tasks to queue
[2024-06-04T08:25:58.113+0000] {logging_mixin.py:188} INFO - [2024-06-04T08:25:58.112+0000] {dagbag.py:540} INFO - Filling up the DagBag from /opt/airflow/dags/dag_runs.py
[2024-06-04T08:25:58.122+0000] {processor.py:840} INFO - DAG(s) 'dag_runs' retrieved from /opt/airflow/dags/dag_runs.py
[2024-06-04T08:25:58.145+0000] {logging_mixin.py:188} INFO - [2024-06-04T08:25:58.144+0000] {dag.py:3047} INFO - Sync 1 DAGs
[2024-06-04T08:25:58.169+0000] {logging_mixin.py:188} INFO - [2024-06-04T08:25:58.169+0000] {dag.py:3834} INFO - Setting next_dagrun for dag_runs to 2024-06-04 00:00:00+00:00, run_after=2024-06-05 00:00:00+00:00
[2024-06-04T08:25:58.187+0000] {processor.py:183} INFO - Processing /opt/airflow/dags/dag_runs.py took 0.082 seconds
[2024-06-04T08:26:28.351+0000] {processor.py:161} INFO - Started process (PID=271) to work on /opt/airflow/dags/dag_runs.py
[2024-06-04T08:26:28.352+0000] {processor.py:830} INFO - Processing file /opt/airflow/dags/dag_runs.py for tasks to queue
[2024-06-04T08:26:28.354+0000] {logging_mixin.py:188} INFO - [2024-06-04T08:26:28.353+0000] {dagbag.py:540} INFO - Filling up the DagBag from /opt/airflow/dags/dag_runs.py
[2024-06-04T08:26:28.363+0000] {processor.py:840} INFO - DAG(s) 'dag_runs' retrieved from /opt/airflow/dags/dag_runs.py
[2024-06-04T08:26:28.384+0000] {logging_mixin.py:188} INFO - [2024-06-04T08:26:28.384+0000] {dag.py:3047} INFO - Sync 1 DAGs
[2024-06-04T08:26:28.415+0000] {logging_mixin.py:188} INFO - [2024-06-04T08:26:28.415+0000] {dag.py:3834} INFO - Setting next_dagrun for dag_runs to 2024-06-04 00:00:00+00:00, run_after=2024-06-05 00:00:00+00:00
[2024-06-04T08:26:28.433+0000] {processor.py:183} INFO - Processing /opt/airflow/dags/dag_runs.py took 0.086 seconds
[2024-06-04T08:26:58.834+0000] {processor.py:161} INFO - Started process (PID=330) to work on /opt/airflow/dags/dag_runs.py
[2024-06-04T08:26:58.835+0000] {processor.py:830} INFO - Processing file /opt/airflow/dags/dag_runs.py for tasks to queue
[2024-06-04T08:26:58.837+0000] {logging_mixin.py:188} INFO - [2024-06-04T08:26:58.837+0000] {dagbag.py:540} INFO - Filling up the DagBag from /opt/airflow/dags/dag_runs.py
[2024-06-04T08:26:58.848+0000] {processor.py:840} INFO - DAG(s) 'dag_runs' retrieved from /opt/airflow/dags/dag_runs.py
[2024-06-04T08:26:58.871+0000] {logging_mixin.py:188} INFO - [2024-06-04T08:26:58.871+0000] {dag.py:3047} INFO - Sync 1 DAGs
[2024-06-04T08:26:58.903+0000] {logging_mixin.py:188} INFO - [2024-06-04T08:26:58.903+0000] {dag.py:3834} INFO - Setting next_dagrun for dag_runs to 2024-06-04 00:00:00+00:00, run_after=2024-06-05 00:00:00+00:00
[2024-06-04T08:26:58.925+0000] {processor.py:183} INFO - Processing /opt/airflow/dags/dag_runs.py took 0.095 seconds
[2024-06-04T08:27:29.302+0000] {processor.py:161} INFO - Started process (PID=389) to work on /opt/airflow/dags/dag_runs.py
[2024-06-04T08:27:29.304+0000] {processor.py:830} INFO - Processing file /opt/airflow/dags/dag_runs.py for tasks to queue
[2024-06-04T08:27:29.306+0000] {logging_mixin.py:188} INFO - [2024-06-04T08:27:29.305+0000] {dagbag.py:540} INFO - Filling up the DagBag from /opt/airflow/dags/dag_runs.py
[2024-06-04T08:27:29.315+0000] {processor.py:840} INFO - DAG(s) 'dag_runs' retrieved from /opt/airflow/dags/dag_runs.py
[2024-06-04T08:27:29.337+0000] {logging_mixin.py:188} INFO - [2024-06-04T08:27:29.337+0000] {dag.py:3047} INFO - Sync 1 DAGs
[2024-06-04T08:27:29.365+0000] {logging_mixin.py:188} INFO - [2024-06-04T08:27:29.364+0000] {dag.py:3834} INFO - Setting next_dagrun for dag_runs to 2024-06-04 00:00:00+00:00, run_after=2024-06-05 00:00:00+00:00
[2024-06-04T08:27:29.383+0000] {processor.py:183} INFO - Processing /opt/airflow/dags/dag_runs.py took 0.085 seconds
[2024-06-04T08:28:00.267+0000] {processor.py:161} INFO - Started process (PID=448) to work on /opt/airflow/dags/dag_runs.py
[2024-06-04T08:28:00.268+0000] {processor.py:830} INFO - Processing file /opt/airflow/dags/dag_runs.py for tasks to queue
[2024-06-04T08:28:00.271+0000] {logging_mixin.py:188} INFO - [2024-06-04T08:28:00.271+0000] {dagbag.py:540} INFO - Filling up the DagBag from /opt/airflow/dags/dag_runs.py
[2024-06-04T08:28:00.281+0000] {processor.py:840} INFO - DAG(s) 'dag_runs' retrieved from /opt/airflow/dags/dag_runs.py
[2024-06-04T08:28:00.305+0000] {logging_mixin.py:188} INFO - [2024-06-04T08:28:00.305+0000] {dag.py:3047} INFO - Sync 1 DAGs
[2024-06-04T08:28:00.333+0000] {logging_mixin.py:188} INFO - [2024-06-04T08:28:00.333+0000] {dag.py:3834} INFO - Setting next_dagrun for dag_runs to 2024-06-04 00:00:00+00:00, run_after=2024-06-05 00:00:00+00:00
[2024-06-04T08:28:00.354+0000] {processor.py:183} INFO - Processing /opt/airflow/dags/dag_runs.py took 0.091 seconds
[2024-06-04T08:28:30.866+0000] {processor.py:161} INFO - Started process (PID=506) to work on /opt/airflow/dags/dag_runs.py
[2024-06-04T08:28:30.881+0000] {processor.py:830} INFO - Processing file /opt/airflow/dags/dag_runs.py for tasks to queue
[2024-06-04T08:28:30.884+0000] {logging_mixin.py:188} INFO - [2024-06-04T08:28:30.884+0000] {dagbag.py:540} INFO - Filling up the DagBag from /opt/airflow/dags/dag_runs.py
[2024-06-04T08:28:30.894+0000] {processor.py:840} INFO - DAG(s) 'dag_runs' retrieved from /opt/airflow/dags/dag_runs.py
[2024-06-04T08:28:30.921+0000] {logging_mixin.py:188} INFO - [2024-06-04T08:28:30.920+0000] {dag.py:3047} INFO - Sync 1 DAGs
[2024-06-04T08:28:31.007+0000] {logging_mixin.py:188} INFO - [2024-06-04T08:28:31.006+0000] {dag.py:3834} INFO - Setting next_dagrun for dag_runs to 2024-06-04 00:00:00+00:00, run_after=2024-06-05 00:00:00+00:00
[2024-06-04T08:28:31.087+0000] {processor.py:183} INFO - Processing /opt/airflow/dags/dag_runs.py took 0.225 seconds
[2024-06-04T08:29:01.273+0000] {processor.py:161} INFO - Started process (PID=565) to work on /opt/airflow/dags/dag_runs.py
[2024-06-04T08:29:01.274+0000] {processor.py:830} INFO - Processing file /opt/airflow/dags/dag_runs.py for tasks to queue
[2024-06-04T08:29:01.277+0000] {logging_mixin.py:188} INFO - [2024-06-04T08:29:01.277+0000] {dagbag.py:540} INFO - Filling up the DagBag from /opt/airflow/dags/dag_runs.py
[2024-06-04T08:29:01.286+0000] {processor.py:840} INFO - DAG(s) 'dag_runs' retrieved from /opt/airflow/dags/dag_runs.py
[2024-06-04T08:29:01.313+0000] {logging_mixin.py:188} INFO - [2024-06-04T08:29:01.313+0000] {dag.py:3047} INFO - Sync 1 DAGs
[2024-06-04T08:29:01.339+0000] {logging_mixin.py:188} INFO - [2024-06-04T08:29:01.339+0000] {dag.py:3834} INFO - Setting next_dagrun for dag_runs to 2024-06-04 00:00:00+00:00, run_after=2024-06-05 00:00:00+00:00
[2024-06-04T08:29:01.356+0000] {processor.py:183} INFO - Processing /opt/airflow/dags/dag_runs.py took 0.087 seconds
[2024-06-04T08:29:31.771+0000] {processor.py:161} INFO - Started process (PID=624) to work on /opt/airflow/dags/dag_runs.py
[2024-06-04T08:29:31.773+0000] {processor.py:830} INFO - Processing file /opt/airflow/dags/dag_runs.py for tasks to queue
[2024-06-04T08:29:31.775+0000] {logging_mixin.py:188} INFO - [2024-06-04T08:29:31.775+0000] {dagbag.py:540} INFO - Filling up the DagBag from /opt/airflow/dags/dag_runs.py
[2024-06-04T08:29:31.784+0000] {processor.py:840} INFO - DAG(s) 'dag_runs' retrieved from /opt/airflow/dags/dag_runs.py
[2024-06-04T08:29:31.810+0000] {logging_mixin.py:188} INFO - [2024-06-04T08:29:31.810+0000] {dag.py:3047} INFO - Sync 1 DAGs
[2024-06-04T08:29:31.841+0000] {logging_mixin.py:188} INFO - [2024-06-04T08:29:31.841+0000] {dag.py:3834} INFO - Setting next_dagrun for dag_runs to 2024-06-04 00:00:00+00:00, run_after=2024-06-05 00:00:00+00:00
[2024-06-04T08:29:31.861+0000] {processor.py:183} INFO - Processing /opt/airflow/dags/dag_runs.py took 0.094 seconds
[2024-06-04T08:30:02.126+0000] {processor.py:161} INFO - Started process (PID=683) to work on /opt/airflow/dags/dag_runs.py
[2024-06-04T08:30:02.127+0000] {processor.py:830} INFO - Processing file /opt/airflow/dags/dag_runs.py for tasks to queue
[2024-06-04T08:30:02.130+0000] {logging_mixin.py:188} INFO - [2024-06-04T08:30:02.129+0000] {dagbag.py:540} INFO - Filling up the DagBag from /opt/airflow/dags/dag_runs.py
[2024-06-04T08:30:02.139+0000] {processor.py:840} INFO - DAG(s) 'dag_runs' retrieved from /opt/airflow/dags/dag_runs.py
[2024-06-04T08:30:02.162+0000] {logging_mixin.py:188} INFO - [2024-06-04T08:30:02.162+0000] {dag.py:3047} INFO - Sync 1 DAGs
[2024-06-04T08:30:02.187+0000] {logging_mixin.py:188} INFO - [2024-06-04T08:30:02.186+0000] {dag.py:3834} INFO - Setting next_dagrun for dag_runs to 2024-06-04 00:00:00+00:00, run_after=2024-06-05 00:00:00+00:00
[2024-06-04T08:30:02.203+0000] {processor.py:183} INFO - Processing /opt/airflow/dags/dag_runs.py took 0.082 seconds
[2024-06-04T08:30:32.491+0000] {processor.py:161} INFO - Started process (PID=754) to work on /opt/airflow/dags/dag_runs.py
[2024-06-04T08:30:32.493+0000] {processor.py:830} INFO - Processing file /opt/airflow/dags/dag_runs.py for tasks to queue
[2024-06-04T08:30:32.496+0000] {logging_mixin.py:188} INFO - [2024-06-04T08:30:32.495+0000] {dagbag.py:540} INFO - Filling up the DagBag from /opt/airflow/dags/dag_runs.py
[2024-06-04T08:30:32.508+0000] {processor.py:840} INFO - DAG(s) 'dag_runs' retrieved from /opt/airflow/dags/dag_runs.py
[2024-06-04T08:30:32.607+0000] {logging_mixin.py:188} INFO - [2024-06-04T08:30:32.607+0000] {dag.py:3047} INFO - Sync 1 DAGs
[2024-06-04T08:30:32.786+0000] {logging_mixin.py:188} INFO - [2024-06-04T08:30:32.786+0000] {dag.py:3834} INFO - Setting next_dagrun for dag_runs to 2024-06-04 00:00:00+00:00, run_after=2024-06-05 00:00:00+00:00
[2024-06-04T08:30:32.885+0000] {processor.py:183} INFO - Processing /opt/airflow/dags/dag_runs.py took 0.401 seconds
[2024-06-04T08:31:02.926+0000] {processor.py:161} INFO - Started process (PID=820) to work on /opt/airflow/dags/dag_runs.py
[2024-06-04T08:31:02.927+0000] {processor.py:830} INFO - Processing file /opt/airflow/dags/dag_runs.py for tasks to queue
[2024-06-04T08:31:02.929+0000] {logging_mixin.py:188} INFO - [2024-06-04T08:31:02.928+0000] {dagbag.py:540} INFO - Filling up the DagBag from /opt/airflow/dags/dag_runs.py
[2024-06-04T08:31:02.937+0000] {processor.py:840} INFO - DAG(s) 'dag_runs' retrieved from /opt/airflow/dags/dag_runs.py
[2024-06-04T08:31:02.958+0000] {logging_mixin.py:188} INFO - [2024-06-04T08:31:02.958+0000] {dag.py:3047} INFO - Sync 1 DAGs
[2024-06-04T08:31:02.982+0000] {logging_mixin.py:188} INFO - [2024-06-04T08:31:02.981+0000] {dag.py:3834} INFO - Setting next_dagrun for dag_runs to 2024-06-04 00:00:00+00:00, run_after=2024-06-05 00:00:00+00:00
[2024-06-04T08:31:02.999+0000] {processor.py:183} INFO - Processing /opt/airflow/dags/dag_runs.py took 0.077 seconds
[2024-06-04T08:31:33.084+0000] {processor.py:161} INFO - Started process (PID=879) to work on /opt/airflow/dags/dag_runs.py
[2024-06-04T08:31:33.085+0000] {processor.py:830} INFO - Processing file /opt/airflow/dags/dag_runs.py for tasks to queue
[2024-06-04T08:31:33.087+0000] {logging_mixin.py:188} INFO - [2024-06-04T08:31:33.087+0000] {dagbag.py:540} INFO - Filling up the DagBag from /opt/airflow/dags/dag_runs.py
[2024-06-04T08:31:33.096+0000] {processor.py:840} INFO - DAG(s) 'dag_runs' retrieved from /opt/airflow/dags/dag_runs.py
[2024-06-04T08:31:33.115+0000] {logging_mixin.py:188} INFO - [2024-06-04T08:31:33.115+0000] {dag.py:3047} INFO - Sync 1 DAGs
[2024-06-04T08:31:33.138+0000] {logging_mixin.py:188} INFO - [2024-06-04T08:31:33.137+0000] {dag.py:3834} INFO - Setting next_dagrun for dag_runs to 2024-06-04 00:00:00+00:00, run_after=2024-06-05 00:00:00+00:00
[2024-06-04T08:31:33.155+0000] {processor.py:183} INFO - Processing /opt/airflow/dags/dag_runs.py took 0.075 seconds
[2024-06-04T08:32:03.309+0000] {processor.py:161} INFO - Started process (PID=938) to work on /opt/airflow/dags/dag_runs.py
[2024-06-04T08:32:03.310+0000] {processor.py:830} INFO - Processing file /opt/airflow/dags/dag_runs.py for tasks to queue
[2024-06-04T08:32:03.312+0000] {logging_mixin.py:188} INFO - [2024-06-04T08:32:03.312+0000] {dagbag.py:540} INFO - Filling up the DagBag from /opt/airflow/dags/dag_runs.py
[2024-06-04T08:32:03.321+0000] {processor.py:840} INFO - DAG(s) 'dag_runs' retrieved from /opt/airflow/dags/dag_runs.py
[2024-06-04T08:32:03.342+0000] {logging_mixin.py:188} INFO - [2024-06-04T08:32:03.342+0000] {dag.py:3047} INFO - Sync 1 DAGs
[2024-06-04T08:32:03.365+0000] {logging_mixin.py:188} INFO - [2024-06-04T08:32:03.365+0000] {dag.py:3834} INFO - Setting next_dagrun for dag_runs to 2024-06-04 00:00:00+00:00, run_after=2024-06-05 00:00:00+00:00
[2024-06-04T08:32:03.381+0000] {processor.py:183} INFO - Processing /opt/airflow/dags/dag_runs.py took 0.076 seconds
[2024-06-04T08:32:33.554+0000] {processor.py:161} INFO - Started process (PID=998) to work on /opt/airflow/dags/dag_runs.py
[2024-06-04T08:32:33.556+0000] {processor.py:830} INFO - Processing file /opt/airflow/dags/dag_runs.py for tasks to queue
[2024-06-04T08:32:33.557+0000] {logging_mixin.py:188} INFO - [2024-06-04T08:32:33.557+0000] {dagbag.py:540} INFO - Filling up the DagBag from /opt/airflow/dags/dag_runs.py
[2024-06-04T08:32:33.566+0000] {processor.py:840} INFO - DAG(s) 'dag_runs' retrieved from /opt/airflow/dags/dag_runs.py
[2024-06-04T08:32:33.590+0000] {logging_mixin.py:188} INFO - [2024-06-04T08:32:33.589+0000] {dag.py:3047} INFO - Sync 1 DAGs
[2024-06-04T08:32:33.614+0000] {logging_mixin.py:188} INFO - [2024-06-04T08:32:33.614+0000] {dag.py:3834} INFO - Setting next_dagrun for dag_runs to 2024-06-04 00:00:00+00:00, run_after=2024-06-05 00:00:00+00:00
[2024-06-04T08:32:33.631+0000] {processor.py:183} INFO - Processing /opt/airflow/dags/dag_runs.py took 0.080 seconds
[2024-06-04T08:33:03.933+0000] {processor.py:161} INFO - Started process (PID=1057) to work on /opt/airflow/dags/dag_runs.py
[2024-06-04T08:33:03.935+0000] {processor.py:830} INFO - Processing file /opt/airflow/dags/dag_runs.py for tasks to queue
[2024-06-04T08:33:03.937+0000] {logging_mixin.py:188} INFO - [2024-06-04T08:33:03.937+0000] {dagbag.py:540} INFO - Filling up the DagBag from /opt/airflow/dags/dag_runs.py
[2024-06-04T08:33:03.947+0000] {processor.py:840} INFO - DAG(s) 'dag_runs' retrieved from /opt/airflow/dags/dag_runs.py
[2024-06-04T08:33:03.971+0000] {logging_mixin.py:188} INFO - [2024-06-04T08:33:03.971+0000] {dag.py:3047} INFO - Sync 1 DAGs
[2024-06-04T08:33:04.001+0000] {logging_mixin.py:188} INFO - [2024-06-04T08:33:04.001+0000] {dag.py:3834} INFO - Setting next_dagrun for dag_runs to 2024-06-04 00:00:00+00:00, run_after=2024-06-05 00:00:00+00:00
[2024-06-04T08:33:04.022+0000] {processor.py:183} INFO - Processing /opt/airflow/dags/dag_runs.py took 0.093 seconds
[2024-06-04T08:33:34.316+0000] {processor.py:161} INFO - Started process (PID=1116) to work on /opt/airflow/dags/dag_runs.py
[2024-06-04T08:33:34.317+0000] {processor.py:830} INFO - Processing file /opt/airflow/dags/dag_runs.py for tasks to queue
[2024-06-04T08:33:34.319+0000] {logging_mixin.py:188} INFO - [2024-06-04T08:33:34.319+0000] {dagbag.py:540} INFO - Filling up the DagBag from /opt/airflow/dags/dag_runs.py
[2024-06-04T08:33:34.328+0000] {processor.py:840} INFO - DAG(s) 'dag_runs' retrieved from /opt/airflow/dags/dag_runs.py
[2024-06-04T08:33:34.351+0000] {logging_mixin.py:188} INFO - [2024-06-04T08:33:34.351+0000] {dag.py:3047} INFO - Sync 1 DAGs
[2024-06-04T08:33:34.379+0000] {logging_mixin.py:188} INFO - [2024-06-04T08:33:34.379+0000] {dag.py:3834} INFO - Setting next_dagrun for dag_runs to 2024-06-04 00:00:00+00:00, run_after=2024-06-05 00:00:00+00:00
[2024-06-04T08:33:34.398+0000] {processor.py:183} INFO - Processing /opt/airflow/dags/dag_runs.py took 0.086 seconds
[2024-06-04T08:34:04.653+0000] {processor.py:161} INFO - Started process (PID=1175) to work on /opt/airflow/dags/dag_runs.py
[2024-06-04T08:34:04.654+0000] {processor.py:830} INFO - Processing file /opt/airflow/dags/dag_runs.py for tasks to queue
[2024-06-04T08:34:04.656+0000] {logging_mixin.py:188} INFO - [2024-06-04T08:34:04.656+0000] {dagbag.py:540} INFO - Filling up the DagBag from /opt/airflow/dags/dag_runs.py
[2024-06-04T08:34:04.664+0000] {processor.py:840} INFO - DAG(s) 'dag_runs' retrieved from /opt/airflow/dags/dag_runs.py
[2024-06-04T08:34:04.685+0000] {logging_mixin.py:188} INFO - [2024-06-04T08:34:04.685+0000] {dag.py:3047} INFO - Sync 1 DAGs
[2024-06-04T08:34:04.709+0000] {logging_mixin.py:188} INFO - [2024-06-04T08:34:04.709+0000] {dag.py:3834} INFO - Setting next_dagrun for dag_runs to 2024-06-04 00:00:00+00:00, run_after=2024-06-05 00:00:00+00:00
[2024-06-04T08:34:04.725+0000] {processor.py:183} INFO - Processing /opt/airflow/dags/dag_runs.py took 0.076 seconds
[2024-06-04T08:34:35.122+0000] {processor.py:161} INFO - Started process (PID=1234) to work on /opt/airflow/dags/dag_runs.py
[2024-06-04T08:34:35.124+0000] {processor.py:830} INFO - Processing file /opt/airflow/dags/dag_runs.py for tasks to queue
[2024-06-04T08:34:35.126+0000] {logging_mixin.py:188} INFO - [2024-06-04T08:34:35.126+0000] {dagbag.py:540} INFO - Filling up the DagBag from /opt/airflow/dags/dag_runs.py
[2024-06-04T08:34:35.137+0000] {processor.py:840} INFO - DAG(s) 'dag_runs' retrieved from /opt/airflow/dags/dag_runs.py
[2024-06-04T08:34:35.204+0000] {logging_mixin.py:188} INFO - [2024-06-04T08:34:35.204+0000] {dag.py:3047} INFO - Sync 1 DAGs
[2024-06-04T08:34:35.228+0000] {logging_mixin.py:188} INFO - [2024-06-04T08:34:35.228+0000] {dag.py:3834} INFO - Setting next_dagrun for dag_runs to 2024-06-04 00:00:00+00:00, run_after=2024-06-05 00:00:00+00:00
[2024-06-04T08:34:35.300+0000] {processor.py:183} INFO - Processing /opt/airflow/dags/dag_runs.py took 0.182 seconds
[2024-06-04T08:35:05.410+0000] {processor.py:161} INFO - Started process (PID=1293) to work on /opt/airflow/dags/dag_runs.py
[2024-06-04T08:35:05.412+0000] {processor.py:830} INFO - Processing file /opt/airflow/dags/dag_runs.py for tasks to queue
[2024-06-04T08:35:05.414+0000] {logging_mixin.py:188} INFO - [2024-06-04T08:35:05.413+0000] {dagbag.py:540} INFO - Filling up the DagBag from /opt/airflow/dags/dag_runs.py
[2024-06-04T08:35:05.422+0000] {processor.py:840} INFO - DAG(s) 'dag_runs' retrieved from /opt/airflow/dags/dag_runs.py
[2024-06-04T08:35:05.444+0000] {logging_mixin.py:188} INFO - [2024-06-04T08:35:05.444+0000] {dag.py:3047} INFO - Sync 1 DAGs
[2024-06-04T08:35:05.467+0000] {logging_mixin.py:188} INFO - [2024-06-04T08:35:05.467+0000] {dag.py:3834} INFO - Setting next_dagrun for dag_runs to 2024-06-04 00:00:00+00:00, run_after=2024-06-05 00:00:00+00:00
[2024-06-04T08:35:05.486+0000] {processor.py:183} INFO - Processing /opt/airflow/dags/dag_runs.py took 0.079 seconds
[2024-06-04T08:35:35.796+0000] {processor.py:161} INFO - Started process (PID=1352) to work on /opt/airflow/dags/dag_runs.py
[2024-06-04T08:35:35.797+0000] {processor.py:830} INFO - Processing file /opt/airflow/dags/dag_runs.py for tasks to queue
[2024-06-04T08:35:35.800+0000] {logging_mixin.py:188} INFO - [2024-06-04T08:35:35.800+0000] {dagbag.py:540} INFO - Filling up the DagBag from /opt/airflow/dags/dag_runs.py
[2024-06-04T08:35:35.809+0000] {processor.py:840} INFO - DAG(s) 'dag_runs' retrieved from /opt/airflow/dags/dag_runs.py
[2024-06-04T08:35:35.833+0000] {logging_mixin.py:188} INFO - [2024-06-04T08:35:35.832+0000] {dag.py:3047} INFO - Sync 1 DAGs
[2024-06-04T08:35:35.860+0000] {logging_mixin.py:188} INFO - [2024-06-04T08:35:35.859+0000] {dag.py:3834} INFO - Setting next_dagrun for dag_runs to 2024-06-04 00:00:00+00:00, run_after=2024-06-05 00:00:00+00:00
[2024-06-04T08:35:35.877+0000] {processor.py:183} INFO - Processing /opt/airflow/dags/dag_runs.py took 0.085 seconds
[2024-06-04T08:36:05.957+0000] {processor.py:161} INFO - Started process (PID=1411) to work on /opt/airflow/dags/dag_runs.py
[2024-06-04T08:36:05.958+0000] {processor.py:830} INFO - Processing file /opt/airflow/dags/dag_runs.py for tasks to queue
[2024-06-04T08:36:05.960+0000] {logging_mixin.py:188} INFO - [2024-06-04T08:36:05.960+0000] {dagbag.py:540} INFO - Filling up the DagBag from /opt/airflow/dags/dag_runs.py
[2024-06-04T08:36:05.969+0000] {processor.py:840} INFO - DAG(s) 'dag_runs' retrieved from /opt/airflow/dags/dag_runs.py
[2024-06-04T08:36:05.994+0000] {logging_mixin.py:188} INFO - [2024-06-04T08:36:05.994+0000] {dag.py:3047} INFO - Sync 1 DAGs
[2024-06-04T08:36:06.023+0000] {logging_mixin.py:188} INFO - [2024-06-04T08:36:06.022+0000] {dag.py:3834} INFO - Setting next_dagrun for dag_runs to 2024-06-04 00:00:00+00:00, run_after=2024-06-05 00:00:00+00:00
[2024-06-04T08:36:06.041+0000] {processor.py:183} INFO - Processing /opt/airflow/dags/dag_runs.py took 0.088 seconds
[2024-06-04T08:36:36.122+0000] {processor.py:161} INFO - Started process (PID=1470) to work on /opt/airflow/dags/dag_runs.py
[2024-06-04T08:36:36.123+0000] {processor.py:830} INFO - Processing file /opt/airflow/dags/dag_runs.py for tasks to queue
[2024-06-04T08:36:36.124+0000] {logging_mixin.py:188} INFO - [2024-06-04T08:36:36.124+0000] {dagbag.py:540} INFO - Filling up the DagBag from /opt/airflow/dags/dag_runs.py
[2024-06-04T08:36:36.135+0000] {processor.py:840} INFO - DAG(s) 'dag_runs' retrieved from /opt/airflow/dags/dag_runs.py
[2024-06-04T08:36:36.155+0000] {logging_mixin.py:188} INFO - [2024-06-04T08:36:36.155+0000] {dag.py:3047} INFO - Sync 1 DAGs
[2024-06-04T08:36:36.177+0000] {logging_mixin.py:188} INFO - [2024-06-04T08:36:36.177+0000] {dag.py:3834} INFO - Setting next_dagrun for dag_runs to 2024-06-04 00:00:00+00:00, run_after=2024-06-05 00:00:00+00:00
[2024-06-04T08:36:36.199+0000] {processor.py:183} INFO - Processing /opt/airflow/dags/dag_runs.py took 0.081 seconds
[2024-06-04T08:37:06.608+0000] {processor.py:161} INFO - Started process (PID=1529) to work on /opt/airflow/dags/dag_runs.py
[2024-06-04T08:37:06.610+0000] {processor.py:830} INFO - Processing file /opt/airflow/dags/dag_runs.py for tasks to queue
[2024-06-04T08:37:06.611+0000] {logging_mixin.py:188} INFO - [2024-06-04T08:37:06.611+0000] {dagbag.py:540} INFO - Filling up the DagBag from /opt/airflow/dags/dag_runs.py
[2024-06-04T08:37:06.620+0000] {processor.py:840} INFO - DAG(s) 'dag_runs' retrieved from /opt/airflow/dags/dag_runs.py
[2024-06-04T08:37:06.640+0000] {logging_mixin.py:188} INFO - [2024-06-04T08:37:06.640+0000] {dag.py:3047} INFO - Sync 1 DAGs
[2024-06-04T08:37:06.666+0000] {logging_mixin.py:188} INFO - [2024-06-04T08:37:06.666+0000] {dag.py:3834} INFO - Setting next_dagrun for dag_runs to 2024-06-04 00:00:00+00:00, run_after=2024-06-05 00:00:00+00:00
[2024-06-04T08:37:06.685+0000] {processor.py:183} INFO - Processing /opt/airflow/dags/dag_runs.py took 0.081 seconds
[2024-06-04T08:37:36.990+0000] {processor.py:161} INFO - Started process (PID=1588) to work on /opt/airflow/dags/dag_runs.py
[2024-06-04T08:37:36.991+0000] {processor.py:830} INFO - Processing file /opt/airflow/dags/dag_runs.py for tasks to queue
[2024-06-04T08:37:36.993+0000] {logging_mixin.py:188} INFO - [2024-06-04T08:37:36.992+0000] {dagbag.py:540} INFO - Filling up the DagBag from /opt/airflow/dags/dag_runs.py
[2024-06-04T08:37:37.001+0000] {processor.py:840} INFO - DAG(s) 'dag_runs' retrieved from /opt/airflow/dags/dag_runs.py
[2024-06-04T08:37:37.021+0000] {logging_mixin.py:188} INFO - [2024-06-04T08:37:37.021+0000] {dag.py:3047} INFO - Sync 1 DAGs
[2024-06-04T08:37:37.047+0000] {logging_mixin.py:188} INFO - [2024-06-04T08:37:37.047+0000] {dag.py:3834} INFO - Setting next_dagrun for dag_runs to 2024-06-04 00:00:00+00:00, run_after=2024-06-05 00:00:00+00:00
[2024-06-04T08:37:37.066+0000] {processor.py:183} INFO - Processing /opt/airflow/dags/dag_runs.py took 0.080 seconds
[2024-06-04T08:38:07.213+0000] {processor.py:161} INFO - Started process (PID=1647) to work on /opt/airflow/dags/dag_runs.py
[2024-06-04T08:38:07.214+0000] {processor.py:830} INFO - Processing file /opt/airflow/dags/dag_runs.py for tasks to queue
[2024-06-04T08:38:07.218+0000] {logging_mixin.py:188} INFO - [2024-06-04T08:38:07.217+0000] {dagbag.py:540} INFO - Filling up the DagBag from /opt/airflow/dags/dag_runs.py
[2024-06-04T08:38:07.227+0000] {processor.py:840} INFO - DAG(s) 'dag_runs' retrieved from /opt/airflow/dags/dag_runs.py
[2024-06-04T08:38:07.248+0000] {logging_mixin.py:188} INFO - [2024-06-04T08:38:07.247+0000] {dag.py:3047} INFO - Sync 1 DAGs
[2024-06-04T08:38:07.277+0000] {logging_mixin.py:188} INFO - [2024-06-04T08:38:07.277+0000] {dag.py:3834} INFO - Setting next_dagrun for dag_runs to 2024-06-04 00:00:00+00:00, run_after=2024-06-05 00:00:00+00:00
[2024-06-04T08:38:07.293+0000] {processor.py:183} INFO - Processing /opt/airflow/dags/dag_runs.py took 0.085 seconds
[2024-06-04T08:38:37.436+0000] {processor.py:161} INFO - Started process (PID=1706) to work on /opt/airflow/dags/dag_runs.py
[2024-06-04T08:38:37.437+0000] {processor.py:830} INFO - Processing file /opt/airflow/dags/dag_runs.py for tasks to queue
[2024-06-04T08:38:37.439+0000] {logging_mixin.py:188} INFO - [2024-06-04T08:38:37.439+0000] {dagbag.py:540} INFO - Filling up the DagBag from /opt/airflow/dags/dag_runs.py
[2024-06-04T08:38:37.448+0000] {processor.py:840} INFO - DAG(s) 'dag_runs' retrieved from /opt/airflow/dags/dag_runs.py
[2024-06-04T08:38:37.470+0000] {logging_mixin.py:188} INFO - [2024-06-04T08:38:37.469+0000] {dag.py:3047} INFO - Sync 1 DAGs
[2024-06-04T08:38:37.494+0000] {logging_mixin.py:188} INFO - [2024-06-04T08:38:37.493+0000] {dag.py:3834} INFO - Setting next_dagrun for dag_runs to 2024-06-04 00:00:00+00:00, run_after=2024-06-05 00:00:00+00:00
[2024-06-04T08:38:37.510+0000] {processor.py:183} INFO - Processing /opt/airflow/dags/dag_runs.py took 0.078 seconds
[2024-06-04T08:39:07.919+0000] {processor.py:161} INFO - Started process (PID=1765) to work on /opt/airflow/dags/dag_runs.py
[2024-06-04T08:39:07.921+0000] {processor.py:830} INFO - Processing file /opt/airflow/dags/dag_runs.py for tasks to queue
[2024-06-04T08:39:07.923+0000] {logging_mixin.py:188} INFO - [2024-06-04T08:39:07.923+0000] {dagbag.py:540} INFO - Filling up the DagBag from /opt/airflow/dags/dag_runs.py
[2024-06-04T08:39:07.931+0000] {processor.py:840} INFO - DAG(s) 'dag_runs' retrieved from /opt/airflow/dags/dag_runs.py
[2024-06-04T08:39:07.956+0000] {logging_mixin.py:188} INFO - [2024-06-04T08:39:07.955+0000] {dag.py:3047} INFO - Sync 1 DAGs
[2024-06-04T08:39:07.981+0000] {logging_mixin.py:188} INFO - [2024-06-04T08:39:07.981+0000] {dag.py:3834} INFO - Setting next_dagrun for dag_runs to 2024-06-04 00:00:00+00:00, run_after=2024-06-05 00:00:00+00:00
[2024-06-04T08:39:08.000+0000] {processor.py:183} INFO - Processing /opt/airflow/dags/dag_runs.py took 0.084 seconds
[2024-06-04T08:39:38.287+0000] {processor.py:161} INFO - Started process (PID=1824) to work on /opt/airflow/dags/dag_runs.py
[2024-06-04T08:39:38.291+0000] {processor.py:830} INFO - Processing file /opt/airflow/dags/dag_runs.py for tasks to queue
[2024-06-04T08:39:38.294+0000] {logging_mixin.py:188} INFO - [2024-06-04T08:39:38.293+0000] {dagbag.py:540} INFO - Filling up the DagBag from /opt/airflow/dags/dag_runs.py
[2024-06-04T08:39:38.304+0000] {processor.py:840} INFO - DAG(s) 'dag_runs' retrieved from /opt/airflow/dags/dag_runs.py
[2024-06-04T08:39:38.330+0000] {logging_mixin.py:188} INFO - [2024-06-04T08:39:38.329+0000] {dag.py:3047} INFO - Sync 1 DAGs
[2024-06-04T08:39:38.518+0000] {logging_mixin.py:188} INFO - [2024-06-04T08:39:38.518+0000] {dag.py:3834} INFO - Setting next_dagrun for dag_runs to 2024-06-04 00:00:00+00:00, run_after=2024-06-05 00:00:00+00:00
[2024-06-04T08:39:38.536+0000] {processor.py:183} INFO - Processing /opt/airflow/dags/dag_runs.py took 0.254 seconds
[2024-06-04T08:40:08.786+0000] {processor.py:161} INFO - Started process (PID=1883) to work on /opt/airflow/dags/dag_runs.py
[2024-06-04T08:40:08.788+0000] {processor.py:830} INFO - Processing file /opt/airflow/dags/dag_runs.py for tasks to queue
[2024-06-04T08:40:08.790+0000] {logging_mixin.py:188} INFO - [2024-06-04T08:40:08.790+0000] {dagbag.py:540} INFO - Filling up the DagBag from /opt/airflow/dags/dag_runs.py
[2024-06-04T08:40:08.802+0000] {processor.py:840} INFO - DAG(s) 'dag_runs' retrieved from /opt/airflow/dags/dag_runs.py
[2024-06-04T08:40:08.828+0000] {logging_mixin.py:188} INFO - [2024-06-04T08:40:08.827+0000] {dag.py:3047} INFO - Sync 1 DAGs
[2024-06-04T08:40:08.854+0000] {logging_mixin.py:188} INFO - [2024-06-04T08:40:08.854+0000] {dag.py:3834} INFO - Setting next_dagrun for dag_runs to 2024-06-04 00:00:00+00:00, run_after=2024-06-05 00:00:00+00:00
[2024-06-04T08:40:08.872+0000] {processor.py:183} INFO - Processing /opt/airflow/dags/dag_runs.py took 0.090 seconds
[2024-06-04T08:40:39.005+0000] {processor.py:161} INFO - Started process (PID=1941) to work on /opt/airflow/dags/dag_runs.py
[2024-06-04T08:40:39.006+0000] {processor.py:830} INFO - Processing file /opt/airflow/dags/dag_runs.py for tasks to queue
[2024-06-04T08:40:39.008+0000] {logging_mixin.py:188} INFO - [2024-06-04T08:40:39.007+0000] {dagbag.py:540} INFO - Filling up the DagBag from /opt/airflow/dags/dag_runs.py
[2024-06-04T08:40:39.016+0000] {processor.py:840} INFO - DAG(s) 'dag_runs' retrieved from /opt/airflow/dags/dag_runs.py
[2024-06-04T08:40:39.036+0000] {logging_mixin.py:188} INFO - [2024-06-04T08:40:39.036+0000] {dag.py:3047} INFO - Sync 1 DAGs
[2024-06-04T08:40:39.096+0000] {logging_mixin.py:188} INFO - [2024-06-04T08:40:39.095+0000] {dag.py:3834} INFO - Setting next_dagrun for dag_runs to 2024-06-04 00:00:00+00:00, run_after=2024-06-05 00:00:00+00:00
[2024-06-04T08:40:39.116+0000] {processor.py:183} INFO - Processing /opt/airflow/dags/dag_runs.py took 0.116 seconds
[2024-06-04T08:41:09.424+0000] {processor.py:161} INFO - Started process (PID=2000) to work on /opt/airflow/dags/dag_runs.py
[2024-06-04T08:41:09.426+0000] {processor.py:830} INFO - Processing file /opt/airflow/dags/dag_runs.py for tasks to queue
[2024-06-04T08:41:09.427+0000] {logging_mixin.py:188} INFO - [2024-06-04T08:41:09.427+0000] {dagbag.py:540} INFO - Filling up the DagBag from /opt/airflow/dags/dag_runs.py
[2024-06-04T08:41:09.436+0000] {processor.py:840} INFO - DAG(s) 'dag_runs' retrieved from /opt/airflow/dags/dag_runs.py
[2024-06-04T08:41:09.459+0000] {logging_mixin.py:188} INFO - [2024-06-04T08:41:09.458+0000] {dag.py:3047} INFO - Sync 1 DAGs
[2024-06-04T08:41:09.482+0000] {logging_mixin.py:188} INFO - [2024-06-04T08:41:09.482+0000] {dag.py:3834} INFO - Setting next_dagrun for dag_runs to 2024-06-04 00:00:00+00:00, run_after=2024-06-05 00:00:00+00:00
[2024-06-04T08:41:09.498+0000] {processor.py:183} INFO - Processing /opt/airflow/dags/dag_runs.py took 0.078 seconds
[2024-06-04T08:41:39.776+0000] {processor.py:161} INFO - Started process (PID=2059) to work on /opt/airflow/dags/dag_runs.py
[2024-06-04T08:41:39.777+0000] {processor.py:830} INFO - Processing file /opt/airflow/dags/dag_runs.py for tasks to queue
[2024-06-04T08:41:39.778+0000] {logging_mixin.py:188} INFO - [2024-06-04T08:41:39.778+0000] {dagbag.py:540} INFO - Filling up the DagBag from /opt/airflow/dags/dag_runs.py
[2024-06-04T08:41:39.788+0000] {processor.py:840} INFO - DAG(s) 'dag_runs' retrieved from /opt/airflow/dags/dag_runs.py
[2024-06-04T08:41:39.813+0000] {logging_mixin.py:188} INFO - [2024-06-04T08:41:39.812+0000] {dag.py:3047} INFO - Sync 1 DAGs
[2024-06-04T08:41:39.843+0000] {logging_mixin.py:188} INFO - [2024-06-04T08:41:39.843+0000] {dag.py:3834} INFO - Setting next_dagrun for dag_runs to 2024-06-04 00:00:00+00:00, run_after=2024-06-05 00:00:00+00:00
[2024-06-04T08:41:39.863+0000] {processor.py:183} INFO - Processing /opt/airflow/dags/dag_runs.py took 0.091 seconds
[2024-06-04T08:42:09.961+0000] {processor.py:161} INFO - Started process (PID=2118) to work on /opt/airflow/dags/dag_runs.py
[2024-06-04T08:42:09.962+0000] {processor.py:830} INFO - Processing file /opt/airflow/dags/dag_runs.py for tasks to queue
[2024-06-04T08:42:09.964+0000] {logging_mixin.py:188} INFO - [2024-06-04T08:42:09.964+0000] {dagbag.py:540} INFO - Filling up the DagBag from /opt/airflow/dags/dag_runs.py
[2024-06-04T08:42:09.972+0000] {processor.py:840} INFO - DAG(s) 'dag_runs' retrieved from /opt/airflow/dags/dag_runs.py
[2024-06-04T08:42:09.997+0000] {logging_mixin.py:188} INFO - [2024-06-04T08:42:09.996+0000] {dag.py:3047} INFO - Sync 1 DAGs
[2024-06-04T08:42:10.021+0000] {logging_mixin.py:188} INFO - [2024-06-04T08:42:10.021+0000] {dag.py:3834} INFO - Setting next_dagrun for dag_runs to 2024-06-04 00:00:00+00:00, run_after=2024-06-05 00:00:00+00:00
[2024-06-04T08:42:10.037+0000] {processor.py:183} INFO - Processing /opt/airflow/dags/dag_runs.py took 0.079 seconds
[2024-06-04T08:42:40.260+0000] {processor.py:161} INFO - Started process (PID=2177) to work on /opt/airflow/dags/dag_runs.py
[2024-06-04T08:42:40.261+0000] {processor.py:830} INFO - Processing file /opt/airflow/dags/dag_runs.py for tasks to queue
[2024-06-04T08:42:40.263+0000] {logging_mixin.py:188} INFO - [2024-06-04T08:42:40.263+0000] {dagbag.py:540} INFO - Filling up the DagBag from /opt/airflow/dags/dag_runs.py
[2024-06-04T08:42:40.273+0000] {processor.py:840} INFO - DAG(s) 'dag_runs' retrieved from /opt/airflow/dags/dag_runs.py
[2024-06-04T08:42:40.294+0000] {logging_mixin.py:188} INFO - [2024-06-04T08:42:40.294+0000] {dag.py:3047} INFO - Sync 1 DAGs
[2024-06-04T08:42:40.484+0000] {logging_mixin.py:188} INFO - [2024-06-04T08:42:40.484+0000] {dag.py:3834} INFO - Setting next_dagrun for dag_runs to 2024-06-04 00:00:00+00:00, run_after=2024-06-05 00:00:00+00:00
[2024-06-04T08:42:40.504+0000] {processor.py:183} INFO - Processing /opt/airflow/dags/dag_runs.py took 0.248 seconds
[2024-06-04T08:43:11.186+0000] {processor.py:161} INFO - Started process (PID=2236) to work on /opt/airflow/dags/dag_runs.py
[2024-06-04T08:43:11.187+0000] {processor.py:830} INFO - Processing file /opt/airflow/dags/dag_runs.py for tasks to queue
[2024-06-04T08:43:11.189+0000] {logging_mixin.py:188} INFO - [2024-06-04T08:43:11.189+0000] {dagbag.py:540} INFO - Filling up the DagBag from /opt/airflow/dags/dag_runs.py
[2024-06-04T08:43:11.197+0000] {processor.py:840} INFO - DAG(s) 'dag_runs' retrieved from /opt/airflow/dags/dag_runs.py
[2024-06-04T08:43:11.219+0000] {logging_mixin.py:188} INFO - [2024-06-04T08:43:11.219+0000] {dag.py:3047} INFO - Sync 1 DAGs
[2024-06-04T08:43:11.247+0000] {logging_mixin.py:188} INFO - [2024-06-04T08:43:11.247+0000] {dag.py:3834} INFO - Setting next_dagrun for dag_runs to 2024-06-04 00:00:00+00:00, run_after=2024-06-05 00:00:00+00:00
[2024-06-04T08:43:11.266+0000] {processor.py:183} INFO - Processing /opt/airflow/dags/dag_runs.py took 0.083 seconds
[2024-06-04T08:43:41.789+0000] {processor.py:161} INFO - Started process (PID=2295) to work on /opt/airflow/dags/dag_runs.py
[2024-06-04T08:43:41.791+0000] {processor.py:830} INFO - Processing file /opt/airflow/dags/dag_runs.py for tasks to queue
[2024-06-04T08:43:41.793+0000] {logging_mixin.py:188} INFO - [2024-06-04T08:43:41.792+0000] {dagbag.py:540} INFO - Filling up the DagBag from /opt/airflow/dags/dag_runs.py
[2024-06-04T08:43:41.804+0000] {processor.py:840} INFO - DAG(s) 'dag_runs' retrieved from /opt/airflow/dags/dag_runs.py
[2024-06-04T08:43:41.835+0000] {logging_mixin.py:188} INFO - [2024-06-04T08:43:41.835+0000] {dag.py:3047} INFO - Sync 1 DAGs
[2024-06-04T08:43:41.872+0000] {logging_mixin.py:188} INFO - [2024-06-04T08:43:41.872+0000] {dag.py:3834} INFO - Setting next_dagrun for dag_runs to 2024-06-04 00:00:00+00:00, run_after=2024-06-05 00:00:00+00:00
[2024-06-04T08:43:41.897+0000] {processor.py:183} INFO - Processing /opt/airflow/dags/dag_runs.py took 0.113 seconds
[2024-06-04T08:44:12.129+0000] {processor.py:161} INFO - Started process (PID=2354) to work on /opt/airflow/dags/dag_runs.py
[2024-06-04T08:44:12.130+0000] {processor.py:830} INFO - Processing file /opt/airflow/dags/dag_runs.py for tasks to queue
[2024-06-04T08:44:12.132+0000] {logging_mixin.py:188} INFO - [2024-06-04T08:44:12.132+0000] {dagbag.py:540} INFO - Filling up the DagBag from /opt/airflow/dags/dag_runs.py
[2024-06-04T08:44:12.140+0000] {processor.py:840} INFO - DAG(s) 'dag_runs' retrieved from /opt/airflow/dags/dag_runs.py
[2024-06-04T08:44:12.162+0000] {logging_mixin.py:188} INFO - [2024-06-04T08:44:12.161+0000] {dag.py:3047} INFO - Sync 1 DAGs
[2024-06-04T08:44:12.185+0000] {logging_mixin.py:188} INFO - [2024-06-04T08:44:12.184+0000] {dag.py:3834} INFO - Setting next_dagrun for dag_runs to 2024-06-04 00:00:00+00:00, run_after=2024-06-05 00:00:00+00:00
[2024-06-04T08:44:12.207+0000] {processor.py:183} INFO - Processing /opt/airflow/dags/dag_runs.py took 0.081 seconds
[2024-06-04T08:44:42.733+0000] {processor.py:161} INFO - Started process (PID=2413) to work on /opt/airflow/dags/dag_runs.py
[2024-06-04T08:44:42.734+0000] {processor.py:830} INFO - Processing file /opt/airflow/dags/dag_runs.py for tasks to queue
[2024-06-04T08:44:42.737+0000] {logging_mixin.py:188} INFO - [2024-06-04T08:44:42.736+0000] {dagbag.py:540} INFO - Filling up the DagBag from /opt/airflow/dags/dag_runs.py
[2024-06-04T08:44:42.747+0000] {processor.py:840} INFO - DAG(s) 'dag_runs' retrieved from /opt/airflow/dags/dag_runs.py
[2024-06-04T08:44:42.774+0000] {logging_mixin.py:188} INFO - [2024-06-04T08:44:42.774+0000] {dag.py:3047} INFO - Sync 1 DAGs
[2024-06-04T08:44:42.803+0000] {logging_mixin.py:188} INFO - [2024-06-04T08:44:42.803+0000] {dag.py:3834} INFO - Setting next_dagrun for dag_runs to 2024-06-04 00:00:00+00:00, run_after=2024-06-05 00:00:00+00:00
[2024-06-04T08:44:42.825+0000] {processor.py:183} INFO - Processing /opt/airflow/dags/dag_runs.py took 0.097 seconds
[2024-06-04T08:45:13.115+0000] {processor.py:161} INFO - Started process (PID=2472) to work on /opt/airflow/dags/dag_runs.py
[2024-06-04T08:45:13.116+0000] {processor.py:830} INFO - Processing file /opt/airflow/dags/dag_runs.py for tasks to queue
[2024-06-04T08:45:13.118+0000] {logging_mixin.py:188} INFO - [2024-06-04T08:45:13.118+0000] {dagbag.py:540} INFO - Filling up the DagBag from /opt/airflow/dags/dag_runs.py
[2024-06-04T08:45:13.127+0000] {processor.py:840} INFO - DAG(s) 'dag_runs' retrieved from /opt/airflow/dags/dag_runs.py
[2024-06-04T08:45:13.150+0000] {logging_mixin.py:188} INFO - [2024-06-04T08:45:13.150+0000] {dag.py:3047} INFO - Sync 1 DAGs
[2024-06-04T08:45:13.175+0000] {logging_mixin.py:188} INFO - [2024-06-04T08:45:13.175+0000] {dag.py:3834} INFO - Setting next_dagrun for dag_runs to 2024-06-04 00:00:00+00:00, run_after=2024-06-05 00:00:00+00:00
[2024-06-04T08:45:13.192+0000] {processor.py:183} INFO - Processing /opt/airflow/dags/dag_runs.py took 0.080 seconds
[2024-06-04T08:45:43.277+0000] {processor.py:161} INFO - Started process (PID=2531) to work on /opt/airflow/dags/dag_runs.py
[2024-06-04T08:45:43.278+0000] {processor.py:830} INFO - Processing file /opt/airflow/dags/dag_runs.py for tasks to queue
[2024-06-04T08:45:43.280+0000] {logging_mixin.py:188} INFO - [2024-06-04T08:45:43.279+0000] {dagbag.py:540} INFO - Filling up the DagBag from /opt/airflow/dags/dag_runs.py
[2024-06-04T08:45:43.289+0000] {processor.py:840} INFO - DAG(s) 'dag_runs' retrieved from /opt/airflow/dags/dag_runs.py
[2024-06-04T08:45:43.314+0000] {logging_mixin.py:188} INFO - [2024-06-04T08:45:43.313+0000] {dag.py:3047} INFO - Sync 1 DAGs
[2024-06-04T08:45:43.344+0000] {logging_mixin.py:188} INFO - [2024-06-04T08:45:43.343+0000] {dag.py:3834} INFO - Setting next_dagrun for dag_runs to 2024-06-04 00:00:00+00:00, run_after=2024-06-05 00:00:00+00:00
[2024-06-04T08:45:43.365+0000] {processor.py:183} INFO - Processing /opt/airflow/dags/dag_runs.py took 0.092 seconds
[2024-06-04T08:46:13.654+0000] {processor.py:161} INFO - Started process (PID=2590) to work on /opt/airflow/dags/dag_runs.py
[2024-06-04T08:46:13.655+0000] {processor.py:830} INFO - Processing file /opt/airflow/dags/dag_runs.py for tasks to queue
[2024-06-04T08:46:13.657+0000] {logging_mixin.py:188} INFO - [2024-06-04T08:46:13.656+0000] {dagbag.py:540} INFO - Filling up the DagBag from /opt/airflow/dags/dag_runs.py
[2024-06-04T08:46:13.667+0000] {processor.py:840} INFO - DAG(s) 'dag_runs' retrieved from /opt/airflow/dags/dag_runs.py
[2024-06-04T08:46:13.687+0000] {logging_mixin.py:188} INFO - [2024-06-04T08:46:13.687+0000] {dag.py:3047} INFO - Sync 1 DAGs
[2024-06-04T08:46:13.710+0000] {logging_mixin.py:188} INFO - [2024-06-04T08:46:13.710+0000] {dag.py:3834} INFO - Setting next_dagrun for dag_runs to 2024-06-04 00:00:00+00:00, run_after=2024-06-05 00:00:00+00:00
[2024-06-04T08:46:13.726+0000] {processor.py:183} INFO - Processing /opt/airflow/dags/dag_runs.py took 0.075 seconds
[2024-06-04T08:46:43.858+0000] {processor.py:161} INFO - Started process (PID=2649) to work on /opt/airflow/dags/dag_runs.py
[2024-06-04T08:46:43.859+0000] {processor.py:830} INFO - Processing file /opt/airflow/dags/dag_runs.py for tasks to queue
[2024-06-04T08:46:43.861+0000] {logging_mixin.py:188} INFO - [2024-06-04T08:46:43.861+0000] {dagbag.py:540} INFO - Filling up the DagBag from /opt/airflow/dags/dag_runs.py
[2024-06-04T08:46:43.870+0000] {processor.py:840} INFO - DAG(s) 'dag_runs' retrieved from /opt/airflow/dags/dag_runs.py
[2024-06-04T08:46:43.891+0000] {logging_mixin.py:188} INFO - [2024-06-04T08:46:43.890+0000] {dag.py:3047} INFO - Sync 1 DAGs
[2024-06-04T08:46:43.921+0000] {logging_mixin.py:188} INFO - [2024-06-04T08:46:43.921+0000] {dag.py:3834} INFO - Setting next_dagrun for dag_runs to 2024-06-04 00:00:00+00:00, run_after=2024-06-05 00:00:00+00:00
[2024-06-04T08:46:43.940+0000] {processor.py:183} INFO - Processing /opt/airflow/dags/dag_runs.py took 0.086 seconds
[2024-06-04T08:47:14.147+0000] {processor.py:161} INFO - Started process (PID=2708) to work on /opt/airflow/dags/dag_runs.py
[2024-06-04T08:47:14.149+0000] {processor.py:830} INFO - Processing file /opt/airflow/dags/dag_runs.py for tasks to queue
[2024-06-04T08:47:14.151+0000] {logging_mixin.py:188} INFO - [2024-06-04T08:47:14.150+0000] {dagbag.py:540} INFO - Filling up the DagBag from /opt/airflow/dags/dag_runs.py
[2024-06-04T08:47:14.159+0000] {processor.py:840} INFO - DAG(s) 'dag_runs' retrieved from /opt/airflow/dags/dag_runs.py
[2024-06-04T08:47:14.182+0000] {logging_mixin.py:188} INFO - [2024-06-04T08:47:14.182+0000] {dag.py:3047} INFO - Sync 1 DAGs
[2024-06-04T08:47:14.207+0000] {logging_mixin.py:188} INFO - [2024-06-04T08:47:14.206+0000] {dag.py:3834} INFO - Setting next_dagrun for dag_runs to 2024-06-04 00:00:00+00:00, run_after=2024-06-05 00:00:00+00:00
[2024-06-04T08:47:14.229+0000] {processor.py:183} INFO - Processing /opt/airflow/dags/dag_runs.py took 0.086 seconds
[2024-06-04T08:47:45.078+0000] {processor.py:161} INFO - Started process (PID=2765) to work on /opt/airflow/dags/dag_runs.py
[2024-06-04T08:47:45.079+0000] {processor.py:830} INFO - Processing file /opt/airflow/dags/dag_runs.py for tasks to queue
[2024-06-04T08:47:45.082+0000] {logging_mixin.py:188} INFO - [2024-06-04T08:47:45.081+0000] {dagbag.py:540} INFO - Filling up the DagBag from /opt/airflow/dags/dag_runs.py
[2024-06-04T08:47:45.092+0000] {processor.py:840} INFO - DAG(s) 'dag_runs' retrieved from /opt/airflow/dags/dag_runs.py
[2024-06-04T08:47:45.114+0000] {logging_mixin.py:188} INFO - [2024-06-04T08:47:45.114+0000] {dag.py:3047} INFO - Sync 1 DAGs
[2024-06-04T08:47:45.138+0000] {logging_mixin.py:188} INFO - [2024-06-04T08:47:45.137+0000] {dag.py:3834} INFO - Setting next_dagrun for dag_runs to 2024-06-04 00:00:00+00:00, run_after=2024-06-05 00:00:00+00:00
[2024-06-04T08:47:45.154+0000] {processor.py:183} INFO - Processing /opt/airflow/dags/dag_runs.py took 0.079 seconds
[2024-06-04T08:47:58.888+0000] {processor.py:161} INFO - Started process (PID=2800) to work on /opt/airflow/dags/dag_runs.py
[2024-06-04T08:47:58.890+0000] {processor.py:830} INFO - Processing file /opt/airflow/dags/dag_runs.py for tasks to queue
[2024-06-04T08:47:58.891+0000] {logging_mixin.py:188} INFO - [2024-06-04T08:47:58.891+0000] {dagbag.py:540} INFO - Filling up the DagBag from /opt/airflow/dags/dag_runs.py
[2024-06-04T08:47:58.902+0000] {processor.py:840} INFO - DAG(s) 'dag_runs' retrieved from /opt/airflow/dags/dag_runs.py
[2024-06-04T08:47:59.033+0000] {logging_mixin.py:188} INFO - [2024-06-04T08:47:59.033+0000] {dag.py:3047} INFO - Sync 1 DAGs
[2024-06-04T08:47:59.058+0000] {logging_mixin.py:188} INFO - [2024-06-04T08:47:59.058+0000] {dag.py:3834} INFO - Setting next_dagrun for dag_runs to 2024-06-04 00:00:00+00:00, run_after=2024-06-05 00:00:00+00:00
[2024-06-04T08:47:59.094+0000] {processor.py:183} INFO - Processing /opt/airflow/dags/dag_runs.py took 0.210 seconds
[2024-06-04T08:48:26.062+0000] {processor.py:161} INFO - Started process (PID=2853) to work on /opt/airflow/dags/dag_runs.py
[2024-06-04T08:48:26.063+0000] {processor.py:830} INFO - Processing file /opt/airflow/dags/dag_runs.py for tasks to queue
[2024-06-04T08:48:26.065+0000] {logging_mixin.py:188} INFO - [2024-06-04T08:48:26.064+0000] {dagbag.py:540} INFO - Filling up the DagBag from /opt/airflow/dags/dag_runs.py
[2024-06-04T08:48:26.073+0000] {processor.py:840} INFO - DAG(s) 'dag_runs' retrieved from /opt/airflow/dags/dag_runs.py
[2024-06-04T08:48:26.088+0000] {logging_mixin.py:188} INFO - [2024-06-04T08:48:26.088+0000] {dag.py:3047} INFO - Sync 1 DAGs
[2024-06-04T08:48:26.116+0000] {logging_mixin.py:188} INFO - [2024-06-04T08:48:26.116+0000] {dag.py:3834} INFO - Setting next_dagrun for dag_runs to 2024-06-04 00:00:00+00:00, run_after=2024-06-05 00:00:00+00:00
[2024-06-04T08:48:26.136+0000] {processor.py:183} INFO - Processing /opt/airflow/dags/dag_runs.py took 0.077 seconds
[2024-06-04T08:48:56.462+0000] {processor.py:161} INFO - Started process (PID=2912) to work on /opt/airflow/dags/dag_runs.py
[2024-06-04T08:48:56.464+0000] {processor.py:830} INFO - Processing file /opt/airflow/dags/dag_runs.py for tasks to queue
[2024-06-04T08:48:56.465+0000] {logging_mixin.py:188} INFO - [2024-06-04T08:48:56.465+0000] {dagbag.py:540} INFO - Filling up the DagBag from /opt/airflow/dags/dag_runs.py
[2024-06-04T08:48:56.473+0000] {processor.py:840} INFO - DAG(s) 'dag_runs' retrieved from /opt/airflow/dags/dag_runs.py
[2024-06-04T08:48:56.583+0000] {logging_mixin.py:188} INFO - [2024-06-04T08:48:56.582+0000] {dag.py:3047} INFO - Sync 1 DAGs
[2024-06-04T08:48:56.605+0000] {logging_mixin.py:188} INFO - [2024-06-04T08:48:56.605+0000] {dag.py:3834} INFO - Setting next_dagrun for dag_runs to 2024-06-04 00:00:00+00:00, run_after=2024-06-05 00:00:00+00:00
[2024-06-04T08:48:56.629+0000] {processor.py:183} INFO - Processing /opt/airflow/dags/dag_runs.py took 0.171 seconds
[2024-06-04T08:49:27.191+0000] {processor.py:161} INFO - Started process (PID=2971) to work on /opt/airflow/dags/dag_runs.py
[2024-06-04T08:49:27.192+0000] {processor.py:830} INFO - Processing file /opt/airflow/dags/dag_runs.py for tasks to queue
[2024-06-04T08:49:27.194+0000] {logging_mixin.py:188} INFO - [2024-06-04T08:49:27.194+0000] {dagbag.py:540} INFO - Filling up the DagBag from /opt/airflow/dags/dag_runs.py
[2024-06-04T08:49:27.202+0000] {processor.py:840} INFO - DAG(s) 'dag_runs' retrieved from /opt/airflow/dags/dag_runs.py
[2024-06-04T08:49:27.227+0000] {logging_mixin.py:188} INFO - [2024-06-04T08:49:27.227+0000] {dag.py:3047} INFO - Sync 1 DAGs
[2024-06-04T08:49:27.252+0000] {logging_mixin.py:188} INFO - [2024-06-04T08:49:27.251+0000] {dag.py:3834} INFO - Setting next_dagrun for dag_runs to 2024-06-04 00:00:00+00:00, run_after=2024-06-05 00:00:00+00:00
[2024-06-04T08:49:27.268+0000] {processor.py:183} INFO - Processing /opt/airflow/dags/dag_runs.py took 0.081 seconds
[2024-06-04T08:49:57.889+0000] {processor.py:161} INFO - Started process (PID=3030) to work on /opt/airflow/dags/dag_runs.py
[2024-06-04T08:49:57.891+0000] {processor.py:830} INFO - Processing file /opt/airflow/dags/dag_runs.py for tasks to queue
[2024-06-04T08:49:57.893+0000] {logging_mixin.py:188} INFO - [2024-06-04T08:49:57.892+0000] {dagbag.py:540} INFO - Filling up the DagBag from /opt/airflow/dags/dag_runs.py
[2024-06-04T08:49:57.901+0000] {processor.py:840} INFO - DAG(s) 'dag_runs' retrieved from /opt/airflow/dags/dag_runs.py
[2024-06-04T08:49:57.927+0000] {logging_mixin.py:188} INFO - [2024-06-04T08:49:57.927+0000] {dag.py:3047} INFO - Sync 1 DAGs
[2024-06-04T08:49:57.954+0000] {logging_mixin.py:188} INFO - [2024-06-04T08:49:57.954+0000] {dag.py:3834} INFO - Setting next_dagrun for dag_runs to 2024-06-04 00:00:00+00:00, run_after=2024-06-05 00:00:00+00:00
[2024-06-04T08:49:57.971+0000] {processor.py:183} INFO - Processing /opt/airflow/dags/dag_runs.py took 0.085 seconds
[2024-06-04T08:50:28.683+0000] {processor.py:161} INFO - Started process (PID=3089) to work on /opt/airflow/dags/dag_runs.py
[2024-06-04T08:50:28.685+0000] {processor.py:830} INFO - Processing file /opt/airflow/dags/dag_runs.py for tasks to queue
[2024-06-04T08:50:28.687+0000] {logging_mixin.py:188} INFO - [2024-06-04T08:50:28.686+0000] {dagbag.py:540} INFO - Filling up the DagBag from /opt/airflow/dags/dag_runs.py
[2024-06-04T08:50:28.696+0000] {processor.py:840} INFO - DAG(s) 'dag_runs' retrieved from /opt/airflow/dags/dag_runs.py
[2024-06-04T08:50:28.722+0000] {logging_mixin.py:188} INFO - [2024-06-04T08:50:28.722+0000] {dag.py:3047} INFO - Sync 1 DAGs
[2024-06-04T08:50:28.750+0000] {logging_mixin.py:188} INFO - [2024-06-04T08:50:28.750+0000] {dag.py:3834} INFO - Setting next_dagrun for dag_runs to 2024-06-04 00:00:00+00:00, run_after=2024-06-05 00:00:00+00:00
[2024-06-04T08:50:28.771+0000] {processor.py:183} INFO - Processing /opt/airflow/dags/dag_runs.py took 0.091 seconds
[2024-06-04T08:50:59.493+0000] {processor.py:161} INFO - Started process (PID=3148) to work on /opt/airflow/dags/dag_runs.py
[2024-06-04T08:50:59.495+0000] {processor.py:830} INFO - Processing file /opt/airflow/dags/dag_runs.py for tasks to queue
[2024-06-04T08:50:59.497+0000] {logging_mixin.py:188} INFO - [2024-06-04T08:50:59.497+0000] {dagbag.py:540} INFO - Filling up the DagBag from /opt/airflow/dags/dag_runs.py
[2024-06-04T08:50:59.507+0000] {processor.py:840} INFO - DAG(s) 'dag_runs' retrieved from /opt/airflow/dags/dag_runs.py
[2024-06-04T08:50:59.528+0000] {logging_mixin.py:188} INFO - [2024-06-04T08:50:59.528+0000] {dag.py:3047} INFO - Sync 1 DAGs
[2024-06-04T08:50:59.552+0000] {logging_mixin.py:188} INFO - [2024-06-04T08:50:59.551+0000] {dag.py:3834} INFO - Setting next_dagrun for dag_runs to 2024-06-04 00:00:00+00:00, run_after=2024-06-05 00:00:00+00:00
[2024-06-04T08:50:59.567+0000] {processor.py:183} INFO - Processing /opt/airflow/dags/dag_runs.py took 0.079 seconds
[2024-06-04T08:51:29.746+0000] {processor.py:161} INFO - Started process (PID=3207) to work on /opt/airflow/dags/dag_runs.py
[2024-06-04T08:51:29.748+0000] {processor.py:830} INFO - Processing file /opt/airflow/dags/dag_runs.py for tasks to queue
[2024-06-04T08:51:29.749+0000] {logging_mixin.py:188} INFO - [2024-06-04T08:51:29.749+0000] {dagbag.py:540} INFO - Filling up the DagBag from /opt/airflow/dags/dag_runs.py
[2024-06-04T08:51:29.757+0000] {processor.py:840} INFO - DAG(s) 'dag_runs' retrieved from /opt/airflow/dags/dag_runs.py
[2024-06-04T08:51:29.782+0000] {logging_mixin.py:188} INFO - [2024-06-04T08:51:29.781+0000] {dag.py:3047} INFO - Sync 1 DAGs
[2024-06-04T08:51:29.810+0000] {logging_mixin.py:188} INFO - [2024-06-04T08:51:29.809+0000] {dag.py:3834} INFO - Setting next_dagrun for dag_runs to 2024-06-04 00:00:00+00:00, run_after=2024-06-05 00:00:00+00:00
[2024-06-04T08:51:29.829+0000] {processor.py:183} INFO - Processing /opt/airflow/dags/dag_runs.py took 0.086 seconds
[2024-06-04T08:51:59.986+0000] {processor.py:161} INFO - Started process (PID=3266) to work on /opt/airflow/dags/dag_runs.py
[2024-06-04T08:51:59.987+0000] {processor.py:830} INFO - Processing file /opt/airflow/dags/dag_runs.py for tasks to queue
[2024-06-04T08:51:59.988+0000] {logging_mixin.py:188} INFO - [2024-06-04T08:51:59.988+0000] {dagbag.py:540} INFO - Filling up the DagBag from /opt/airflow/dags/dag_runs.py
[2024-06-04T08:51:59.997+0000] {processor.py:840} INFO - DAG(s) 'dag_runs' retrieved from /opt/airflow/dags/dag_runs.py
[2024-06-04T08:52:00.019+0000] {logging_mixin.py:188} INFO - [2024-06-04T08:52:00.019+0000] {dag.py:3047} INFO - Sync 1 DAGs
[2024-06-04T08:52:00.042+0000] {logging_mixin.py:188} INFO - [2024-06-04T08:52:00.042+0000] {dag.py:3834} INFO - Setting next_dagrun for dag_runs to 2024-06-04 00:00:00+00:00, run_after=2024-06-05 00:00:00+00:00
[2024-06-04T08:52:00.060+0000] {processor.py:183} INFO - Processing /opt/airflow/dags/dag_runs.py took 0.078 seconds
[2024-06-04T08:52:30.214+0000] {processor.py:161} INFO - Started process (PID=3325) to work on /opt/airflow/dags/dag_runs.py
[2024-06-04T08:52:30.215+0000] {processor.py:830} INFO - Processing file /opt/airflow/dags/dag_runs.py for tasks to queue
[2024-06-04T08:52:30.216+0000] {logging_mixin.py:188} INFO - [2024-06-04T08:52:30.216+0000] {dagbag.py:540} INFO - Filling up the DagBag from /opt/airflow/dags/dag_runs.py
[2024-06-04T08:52:30.224+0000] {processor.py:840} INFO - DAG(s) 'dag_runs' retrieved from /opt/airflow/dags/dag_runs.py
[2024-06-04T08:52:30.247+0000] {logging_mixin.py:188} INFO - [2024-06-04T08:52:30.246+0000] {dag.py:3047} INFO - Sync 1 DAGs
[2024-06-04T08:52:30.271+0000] {logging_mixin.py:188} INFO - [2024-06-04T08:52:30.271+0000] {dag.py:3834} INFO - Setting next_dagrun for dag_runs to 2024-06-04 00:00:00+00:00, run_after=2024-06-05 00:00:00+00:00
[2024-06-04T08:52:30.288+0000] {processor.py:183} INFO - Processing /opt/airflow/dags/dag_runs.py took 0.078 seconds
[2024-06-04T08:53:00.710+0000] {processor.py:161} INFO - Started process (PID=3384) to work on /opt/airflow/dags/dag_runs.py
[2024-06-04T08:53:00.711+0000] {processor.py:830} INFO - Processing file /opt/airflow/dags/dag_runs.py for tasks to queue
[2024-06-04T08:53:00.712+0000] {logging_mixin.py:188} INFO - [2024-06-04T08:53:00.712+0000] {dagbag.py:540} INFO - Filling up the DagBag from /opt/airflow/dags/dag_runs.py
[2024-06-04T08:53:00.723+0000] {processor.py:840} INFO - DAG(s) 'dag_runs' retrieved from /opt/airflow/dags/dag_runs.py
[2024-06-04T08:53:00.747+0000] {logging_mixin.py:188} INFO - [2024-06-04T08:53:00.747+0000] {dag.py:3047} INFO - Sync 1 DAGs
[2024-06-04T08:53:00.771+0000] {logging_mixin.py:188} INFO - [2024-06-04T08:53:00.771+0000] {dag.py:3834} INFO - Setting next_dagrun for dag_runs to 2024-06-04 00:00:00+00:00, run_after=2024-06-05 00:00:00+00:00
[2024-06-04T08:53:00.787+0000] {processor.py:183} INFO - Processing /opt/airflow/dags/dag_runs.py took 0.081 seconds
[2024-06-04T08:53:31.088+0000] {processor.py:161} INFO - Started process (PID=3443) to work on /opt/airflow/dags/dag_runs.py
[2024-06-04T08:53:31.090+0000] {processor.py:830} INFO - Processing file /opt/airflow/dags/dag_runs.py for tasks to queue
[2024-06-04T08:53:31.091+0000] {logging_mixin.py:188} INFO - [2024-06-04T08:53:31.091+0000] {dagbag.py:540} INFO - Filling up the DagBag from /opt/airflow/dags/dag_runs.py
[2024-06-04T08:53:31.099+0000] {processor.py:840} INFO - DAG(s) 'dag_runs' retrieved from /opt/airflow/dags/dag_runs.py
[2024-06-04T08:53:31.119+0000] {logging_mixin.py:188} INFO - [2024-06-04T08:53:31.119+0000] {dag.py:3047} INFO - Sync 1 DAGs
[2024-06-04T08:53:31.143+0000] {logging_mixin.py:188} INFO - [2024-06-04T08:53:31.143+0000] {dag.py:3834} INFO - Setting next_dagrun for dag_runs to 2024-06-04 00:00:00+00:00, run_after=2024-06-05 00:00:00+00:00
[2024-06-04T08:53:31.162+0000] {processor.py:183} INFO - Processing /opt/airflow/dags/dag_runs.py took 0.077 seconds
[2024-06-04T08:54:01.409+0000] {processor.py:161} INFO - Started process (PID=3502) to work on /opt/airflow/dags/dag_runs.py
[2024-06-04T08:54:01.411+0000] {processor.py:830} INFO - Processing file /opt/airflow/dags/dag_runs.py for tasks to queue
[2024-06-04T08:54:01.413+0000] {logging_mixin.py:188} INFO - [2024-06-04T08:54:01.413+0000] {dagbag.py:540} INFO - Filling up the DagBag from /opt/airflow/dags/dag_runs.py
[2024-06-04T08:54:01.423+0000] {processor.py:840} INFO - DAG(s) 'dag_runs' retrieved from /opt/airflow/dags/dag_runs.py
[2024-06-04T08:54:01.447+0000] {logging_mixin.py:188} INFO - [2024-06-04T08:54:01.447+0000] {dag.py:3047} INFO - Sync 1 DAGs
[2024-06-04T08:54:01.474+0000] {logging_mixin.py:188} INFO - [2024-06-04T08:54:01.474+0000] {dag.py:3834} INFO - Setting next_dagrun for dag_runs to 2024-06-04 00:00:00+00:00, run_after=2024-06-05 00:00:00+00:00
[2024-06-04T08:54:01.491+0000] {processor.py:183} INFO - Processing /opt/airflow/dags/dag_runs.py took 0.087 seconds
[2024-06-04T08:54:32.221+0000] {processor.py:161} INFO - Started process (PID=3561) to work on /opt/airflow/dags/dag_runs.py
[2024-06-04T08:54:32.222+0000] {processor.py:830} INFO - Processing file /opt/airflow/dags/dag_runs.py for tasks to queue
[2024-06-04T08:54:32.224+0000] {logging_mixin.py:188} INFO - [2024-06-04T08:54:32.224+0000] {dagbag.py:540} INFO - Filling up the DagBag from /opt/airflow/dags/dag_runs.py
[2024-06-04T08:54:32.234+0000] {processor.py:840} INFO - DAG(s) 'dag_runs' retrieved from /opt/airflow/dags/dag_runs.py
[2024-06-04T08:54:32.260+0000] {logging_mixin.py:188} INFO - [2024-06-04T08:54:32.259+0000] {dag.py:3047} INFO - Sync 1 DAGs
[2024-06-04T08:54:32.284+0000] {logging_mixin.py:188} INFO - [2024-06-04T08:54:32.284+0000] {dag.py:3834} INFO - Setting next_dagrun for dag_runs to 2024-06-04 00:00:00+00:00, run_after=2024-06-05 00:00:00+00:00
[2024-06-04T08:54:32.303+0000] {processor.py:183} INFO - Processing /opt/airflow/dags/dag_runs.py took 0.086 seconds
[2024-06-04T08:55:02.970+0000] {processor.py:161} INFO - Started process (PID=3620) to work on /opt/airflow/dags/dag_runs.py
[2024-06-04T08:55:02.971+0000] {processor.py:830} INFO - Processing file /opt/airflow/dags/dag_runs.py for tasks to queue
[2024-06-04T08:55:02.973+0000] {logging_mixin.py:188} INFO - [2024-06-04T08:55:02.973+0000] {dagbag.py:540} INFO - Filling up the DagBag from /opt/airflow/dags/dag_runs.py
[2024-06-04T08:55:02.982+0000] {processor.py:840} INFO - DAG(s) 'dag_runs' retrieved from /opt/airflow/dags/dag_runs.py
[2024-06-04T08:55:03.009+0000] {logging_mixin.py:188} INFO - [2024-06-04T08:55:03.008+0000] {dag.py:3047} INFO - Sync 1 DAGs
[2024-06-04T08:55:03.038+0000] {logging_mixin.py:188} INFO - [2024-06-04T08:55:03.038+0000] {dag.py:3834} INFO - Setting next_dagrun for dag_runs to 2024-06-04 00:00:00+00:00, run_after=2024-06-05 00:00:00+00:00
[2024-06-04T08:55:03.058+0000] {processor.py:183} INFO - Processing /opt/airflow/dags/dag_runs.py took 0.092 seconds
[2024-06-04T08:55:33.156+0000] {processor.py:161} INFO - Started process (PID=3679) to work on /opt/airflow/dags/dag_runs.py
[2024-06-04T08:55:33.158+0000] {processor.py:830} INFO - Processing file /opt/airflow/dags/dag_runs.py for tasks to queue
[2024-06-04T08:55:33.159+0000] {logging_mixin.py:188} INFO - [2024-06-04T08:55:33.159+0000] {dagbag.py:540} INFO - Filling up the DagBag from /opt/airflow/dags/dag_runs.py
[2024-06-04T08:55:33.167+0000] {processor.py:840} INFO - DAG(s) 'dag_runs' retrieved from /opt/airflow/dags/dag_runs.py
[2024-06-04T08:55:33.187+0000] {logging_mixin.py:188} INFO - [2024-06-04T08:55:33.187+0000] {dag.py:3047} INFO - Sync 1 DAGs
[2024-06-04T08:55:33.211+0000] {logging_mixin.py:188} INFO - [2024-06-04T08:55:33.211+0000] {dag.py:3834} INFO - Setting next_dagrun for dag_runs to 2024-06-04 00:00:00+00:00, run_after=2024-06-05 00:00:00+00:00
[2024-06-04T08:55:33.233+0000] {processor.py:183} INFO - Processing /opt/airflow/dags/dag_runs.py took 0.080 seconds
[2024-06-04T08:56:03.349+0000] {processor.py:161} INFO - Started process (PID=3738) to work on /opt/airflow/dags/dag_runs.py
[2024-06-04T08:56:03.351+0000] {processor.py:830} INFO - Processing file /opt/airflow/dags/dag_runs.py for tasks to queue
[2024-06-04T08:56:03.352+0000] {logging_mixin.py:188} INFO - [2024-06-04T08:56:03.352+0000] {dagbag.py:540} INFO - Filling up the DagBag from /opt/airflow/dags/dag_runs.py
[2024-06-04T08:56:03.361+0000] {processor.py:840} INFO - DAG(s) 'dag_runs' retrieved from /opt/airflow/dags/dag_runs.py
[2024-06-04T08:56:03.384+0000] {logging_mixin.py:188} INFO - [2024-06-04T08:56:03.384+0000] {dag.py:3047} INFO - Sync 1 DAGs
[2024-06-04T08:56:03.415+0000] {logging_mixin.py:188} INFO - [2024-06-04T08:56:03.415+0000] {dag.py:3834} INFO - Setting next_dagrun for dag_runs to 2024-06-04 00:00:00+00:00, run_after=2024-06-05 00:00:00+00:00
[2024-06-04T08:56:03.435+0000] {processor.py:183} INFO - Processing /opt/airflow/dags/dag_runs.py took 0.089 seconds
[2024-06-04T08:56:33.641+0000] {processor.py:161} INFO - Started process (PID=3797) to work on /opt/airflow/dags/dag_runs.py
[2024-06-04T08:56:33.642+0000] {processor.py:830} INFO - Processing file /opt/airflow/dags/dag_runs.py for tasks to queue
[2024-06-04T08:56:33.644+0000] {logging_mixin.py:188} INFO - [2024-06-04T08:56:33.644+0000] {dagbag.py:540} INFO - Filling up the DagBag from /opt/airflow/dags/dag_runs.py
[2024-06-04T08:56:33.653+0000] {processor.py:840} INFO - DAG(s) 'dag_runs' retrieved from /opt/airflow/dags/dag_runs.py
[2024-06-04T08:56:33.674+0000] {logging_mixin.py:188} INFO - [2024-06-04T08:56:33.673+0000] {dag.py:3047} INFO - Sync 1 DAGs
[2024-06-04T08:56:33.696+0000] {logging_mixin.py:188} INFO - [2024-06-04T08:56:33.696+0000] {dag.py:3834} INFO - Setting next_dagrun for dag_runs to 2024-06-04 00:00:00+00:00, run_after=2024-06-05 00:00:00+00:00
[2024-06-04T08:56:33.722+0000] {processor.py:183} INFO - Processing /opt/airflow/dags/dag_runs.py took 0.085 seconds
[2024-06-04T08:57:03.918+0000] {processor.py:161} INFO - Started process (PID=3856) to work on /opt/airflow/dags/dag_runs.py
[2024-06-04T08:57:03.920+0000] {processor.py:830} INFO - Processing file /opt/airflow/dags/dag_runs.py for tasks to queue
[2024-06-04T08:57:03.922+0000] {logging_mixin.py:188} INFO - [2024-06-04T08:57:03.921+0000] {dagbag.py:540} INFO - Filling up the DagBag from /opt/airflow/dags/dag_runs.py
[2024-06-04T08:57:03.931+0000] {processor.py:840} INFO - DAG(s) 'dag_runs' retrieved from /opt/airflow/dags/dag_runs.py
[2024-06-04T08:57:03.956+0000] {logging_mixin.py:188} INFO - [2024-06-04T08:57:03.956+0000] {dag.py:3047} INFO - Sync 1 DAGs
[2024-06-04T08:57:03.982+0000] {logging_mixin.py:188} INFO - [2024-06-04T08:57:03.981+0000] {dag.py:3834} INFO - Setting next_dagrun for dag_runs to 2024-06-04 00:00:00+00:00, run_after=2024-06-05 00:00:00+00:00
[2024-06-04T08:57:04.004+0000] {processor.py:183} INFO - Processing /opt/airflow/dags/dag_runs.py took 0.090 seconds
[2024-06-04T08:57:34.299+0000] {processor.py:161} INFO - Started process (PID=3915) to work on /opt/airflow/dags/dag_runs.py
[2024-06-04T08:57:34.300+0000] {processor.py:830} INFO - Processing file /opt/airflow/dags/dag_runs.py for tasks to queue
[2024-06-04T08:57:34.302+0000] {logging_mixin.py:188} INFO - [2024-06-04T08:57:34.302+0000] {dagbag.py:540} INFO - Filling up the DagBag from /opt/airflow/dags/dag_runs.py
[2024-06-04T08:57:34.312+0000] {processor.py:840} INFO - DAG(s) 'dag_runs' retrieved from /opt/airflow/dags/dag_runs.py
[2024-06-04T08:57:34.338+0000] {logging_mixin.py:188} INFO - [2024-06-04T08:57:34.338+0000] {dag.py:3047} INFO - Sync 1 DAGs
[2024-06-04T08:57:34.368+0000] {logging_mixin.py:188} INFO - [2024-06-04T08:57:34.368+0000] {dag.py:3834} INFO - Setting next_dagrun for dag_runs to 2024-06-04 00:00:00+00:00, run_after=2024-06-05 00:00:00+00:00
[2024-06-04T08:57:34.390+0000] {processor.py:183} INFO - Processing /opt/airflow/dags/dag_runs.py took 0.094 seconds
[2024-06-04T08:58:04.990+0000] {processor.py:161} INFO - Started process (PID=3974) to work on /opt/airflow/dags/dag_runs.py
[2024-06-04T08:58:04.992+0000] {processor.py:830} INFO - Processing file /opt/airflow/dags/dag_runs.py for tasks to queue
[2024-06-04T08:58:04.993+0000] {logging_mixin.py:188} INFO - [2024-06-04T08:58:04.993+0000] {dagbag.py:540} INFO - Filling up the DagBag from /opt/airflow/dags/dag_runs.py
[2024-06-04T08:58:05.002+0000] {processor.py:840} INFO - DAG(s) 'dag_runs' retrieved from /opt/airflow/dags/dag_runs.py
[2024-06-04T08:58:05.025+0000] {logging_mixin.py:188} INFO - [2024-06-04T08:58:05.025+0000] {dag.py:3047} INFO - Sync 1 DAGs
[2024-06-04T08:58:05.048+0000] {logging_mixin.py:188} INFO - [2024-06-04T08:58:05.048+0000] {dag.py:3834} INFO - Setting next_dagrun for dag_runs to 2024-06-04 00:00:00+00:00, run_after=2024-06-05 00:00:00+00:00
[2024-06-04T08:58:05.064+0000] {processor.py:183} INFO - Processing /opt/airflow/dags/dag_runs.py took 0.077 seconds
[2024-06-04T08:58:35.400+0000] {processor.py:161} INFO - Started process (PID=4033) to work on /opt/airflow/dags/dag_runs.py
[2024-06-04T08:58:35.401+0000] {processor.py:830} INFO - Processing file /opt/airflow/dags/dag_runs.py for tasks to queue
[2024-06-04T08:58:35.403+0000] {logging_mixin.py:188} INFO - [2024-06-04T08:58:35.403+0000] {dagbag.py:540} INFO - Filling up the DagBag from /opt/airflow/dags/dag_runs.py
[2024-06-04T08:58:35.414+0000] {processor.py:840} INFO - DAG(s) 'dag_runs' retrieved from /opt/airflow/dags/dag_runs.py
[2024-06-04T08:58:35.441+0000] {logging_mixin.py:188} INFO - [2024-06-04T08:58:35.440+0000] {dag.py:3047} INFO - Sync 1 DAGs
[2024-06-04T08:58:35.505+0000] {logging_mixin.py:188} INFO - [2024-06-04T08:58:35.504+0000] {dag.py:3834} INFO - Setting next_dagrun for dag_runs to 2024-06-04 00:00:00+00:00, run_after=2024-06-05 00:00:00+00:00
[2024-06-04T08:58:35.528+0000] {processor.py:183} INFO - Processing /opt/airflow/dags/dag_runs.py took 0.133 seconds
[2024-06-04T08:59:06.106+0000] {processor.py:161} INFO - Started process (PID=4092) to work on /opt/airflow/dags/dag_runs.py
[2024-06-04T08:59:06.107+0000] {processor.py:830} INFO - Processing file /opt/airflow/dags/dag_runs.py for tasks to queue
[2024-06-04T08:59:06.110+0000] {logging_mixin.py:188} INFO - [2024-06-04T08:59:06.109+0000] {dagbag.py:540} INFO - Filling up the DagBag from /opt/airflow/dags/dag_runs.py
[2024-06-04T08:59:06.120+0000] {processor.py:840} INFO - DAG(s) 'dag_runs' retrieved from /opt/airflow/dags/dag_runs.py
[2024-06-04T08:59:06.147+0000] {logging_mixin.py:188} INFO - [2024-06-04T08:59:06.146+0000] {dag.py:3047} INFO - Sync 1 DAGs
[2024-06-04T08:59:06.196+0000] {logging_mixin.py:188} INFO - [2024-06-04T08:59:06.196+0000] {dag.py:3834} INFO - Setting next_dagrun for dag_runs to 2024-06-04 00:00:00+00:00, run_after=2024-06-05 00:00:00+00:00
[2024-06-04T08:59:06.217+0000] {processor.py:183} INFO - Processing /opt/airflow/dags/dag_runs.py took 0.116 seconds
[2024-06-04T08:59:36.390+0000] {processor.py:161} INFO - Started process (PID=4151) to work on /opt/airflow/dags/dag_runs.py
[2024-06-04T08:59:36.391+0000] {processor.py:830} INFO - Processing file /opt/airflow/dags/dag_runs.py for tasks to queue
[2024-06-04T08:59:36.392+0000] {logging_mixin.py:188} INFO - [2024-06-04T08:59:36.392+0000] {dagbag.py:540} INFO - Filling up the DagBag from /opt/airflow/dags/dag_runs.py
[2024-06-04T08:59:36.400+0000] {processor.py:840} INFO - DAG(s) 'dag_runs' retrieved from /opt/airflow/dags/dag_runs.py
[2024-06-04T08:59:36.421+0000] {logging_mixin.py:188} INFO - [2024-06-04T08:59:36.421+0000] {dag.py:3047} INFO - Sync 1 DAGs
[2024-06-04T08:59:36.448+0000] {logging_mixin.py:188} INFO - [2024-06-04T08:59:36.448+0000] {dag.py:3834} INFO - Setting next_dagrun for dag_runs to 2024-06-04 00:00:00+00:00, run_after=2024-06-05 00:00:00+00:00
[2024-06-04T08:59:36.468+0000] {processor.py:183} INFO - Processing /opt/airflow/dags/dag_runs.py took 0.081 seconds
[2024-06-04T09:00:06.625+0000] {processor.py:161} INFO - Started process (PID=4210) to work on /opt/airflow/dags/dag_runs.py
[2024-06-04T09:00:06.626+0000] {processor.py:830} INFO - Processing file /opt/airflow/dags/dag_runs.py for tasks to queue
[2024-06-04T09:00:06.628+0000] {logging_mixin.py:188} INFO - [2024-06-04T09:00:06.627+0000] {dagbag.py:540} INFO - Filling up the DagBag from /opt/airflow/dags/dag_runs.py
[2024-06-04T09:00:06.636+0000] {processor.py:840} INFO - DAG(s) 'dag_runs' retrieved from /opt/airflow/dags/dag_runs.py
[2024-06-04T09:00:06.656+0000] {logging_mixin.py:188} INFO - [2024-06-04T09:00:06.656+0000] {dag.py:3047} INFO - Sync 1 DAGs
[2024-06-04T09:00:06.683+0000] {logging_mixin.py:188} INFO - [2024-06-04T09:00:06.683+0000] {dag.py:3834} INFO - Setting next_dagrun for dag_runs to 2024-06-04 00:00:00+00:00, run_after=2024-06-05 00:00:00+00:00
[2024-06-04T09:00:06.702+0000] {processor.py:183} INFO - Processing /opt/airflow/dags/dag_runs.py took 0.081 seconds
[2024-06-04T09:00:37.604+0000] {processor.py:161} INFO - Started process (PID=4267) to work on /opt/airflow/dags/dag_runs.py
[2024-06-04T09:00:37.606+0000] {processor.py:830} INFO - Processing file /opt/airflow/dags/dag_runs.py for tasks to queue
[2024-06-04T09:00:37.608+0000] {logging_mixin.py:188} INFO - [2024-06-04T09:00:37.607+0000] {dagbag.py:540} INFO - Filling up the DagBag from /opt/airflow/dags/dag_runs.py
[2024-06-04T09:00:37.620+0000] {processor.py:840} INFO - DAG(s) 'dag_runs' retrieved from /opt/airflow/dags/dag_runs.py
[2024-06-04T09:00:37.651+0000] {logging_mixin.py:188} INFO - [2024-06-04T09:00:37.651+0000] {dag.py:3047} INFO - Sync 1 DAGs
[2024-06-04T09:00:37.692+0000] {logging_mixin.py:188} INFO - [2024-06-04T09:00:37.692+0000] {dag.py:3834} INFO - Setting next_dagrun for dag_runs to 2024-06-04 00:00:00+00:00, run_after=2024-06-05 00:00:00+00:00
[2024-06-04T09:00:37.714+0000] {processor.py:183} INFO - Processing /opt/airflow/dags/dag_runs.py took 0.115 seconds
[2024-06-04T09:01:07.780+0000] {processor.py:161} INFO - Started process (PID=4325) to work on /opt/airflow/dags/dag_runs.py
[2024-06-04T09:01:07.782+0000] {processor.py:830} INFO - Processing file /opt/airflow/dags/dag_runs.py for tasks to queue
[2024-06-04T09:01:07.785+0000] {logging_mixin.py:188} INFO - [2024-06-04T09:01:07.785+0000] {dagbag.py:540} INFO - Filling up the DagBag from /opt/airflow/dags/dag_runs.py
[2024-06-04T09:01:07.798+0000] {processor.py:840} INFO - DAG(s) 'dag_runs' retrieved from /opt/airflow/dags/dag_runs.py
[2024-06-04T09:01:07.829+0000] {logging_mixin.py:188} INFO - [2024-06-04T09:01:07.829+0000] {dag.py:3047} INFO - Sync 1 DAGs
[2024-06-04T09:01:07.865+0000] {logging_mixin.py:188} INFO - [2024-06-04T09:01:07.865+0000] {dag.py:3834} INFO - Setting next_dagrun for dag_runs to 2024-06-04 00:00:00+00:00, run_after=2024-06-05 00:00:00+00:00
[2024-06-04T09:01:07.893+0000] {processor.py:183} INFO - Processing /opt/airflow/dags/dag_runs.py took 0.119 seconds
