[2024-06-04T07:51:16.429+0000] {processor.py:161} INFO - Started process (PID=157) to work on /opt/airflow/dags/dag_example_external_task_sensor.py
[2024-06-04T07:51:16.430+0000] {processor.py:830} INFO - Processing file /opt/airflow/dags/dag_example_external_task_sensor.py for tasks to queue
[2024-06-04T07:51:16.433+0000] {logging_mixin.py:188} INFO - [2024-06-04T07:51:16.432+0000] {dagbag.py:540} INFO - Filling up the DagBag from /opt/airflow/dags/dag_example_external_task_sensor.py
[2024-06-04T07:51:16.501+0000] {processor.py:840} INFO - DAG(s) 'dag_example_external_task_sensor' retrieved from /opt/airflow/dags/dag_example_external_task_sensor.py
[2024-06-04T07:51:17.037+0000] {logging_mixin.py:188} INFO - [2024-06-04T07:51:17.035+0000] {override.py:1769} INFO - Created Permission View: can edit on DAG:dag_example_external_task_sensor
[2024-06-04T07:51:17.110+0000] {logging_mixin.py:188} INFO - [2024-06-04T07:51:17.110+0000] {override.py:1769} INFO - Created Permission View: can delete on DAG:dag_example_external_task_sensor
[2024-06-04T07:51:17.119+0000] {logging_mixin.py:188} INFO - [2024-06-04T07:51:17.119+0000] {override.py:1769} INFO - Created Permission View: can read on DAG:dag_example_external_task_sensor
[2024-06-04T07:51:17.120+0000] {logging_mixin.py:188} INFO - [2024-06-04T07:51:17.120+0000] {dag.py:3047} INFO - Sync 1 DAGs
[2024-06-04T07:51:17.200+0000] {logging_mixin.py:188} INFO - [2024-06-04T07:51:17.135+0000] {dag.py:3069} INFO - Creating ORM DAG for dag_example_external_task_sensor
[2024-06-04T07:51:17.216+0000] {logging_mixin.py:188} INFO - [2024-06-04T07:51:17.216+0000] {dag.py:3834} INFO - Setting next_dagrun for dag_example_external_task_sensor to 2024-06-03 00:00:00+00:00, run_after=2024-06-04 00:00:00+00:00
[2024-06-04T07:51:17.238+0000] {processor.py:183} INFO - Processing /opt/airflow/dags/dag_example_external_task_sensor.py took 0.814 seconds
[2024-06-04T07:51:48.646+0000] {processor.py:161} INFO - Started process (PID=215) to work on /opt/airflow/dags/dag_example_external_task_sensor.py
[2024-06-04T07:51:48.647+0000] {processor.py:830} INFO - Processing file /opt/airflow/dags/dag_example_external_task_sensor.py for tasks to queue
[2024-06-04T07:51:48.650+0000] {logging_mixin.py:188} INFO - [2024-06-04T07:51:48.650+0000] {dagbag.py:540} INFO - Filling up the DagBag from /opt/airflow/dags/dag_example_external_task_sensor.py
[2024-06-04T07:51:48.658+0000] {processor.py:840} INFO - DAG(s) 'dag_example_external_task_sensor' retrieved from /opt/airflow/dags/dag_example_external_task_sensor.py
[2024-06-04T07:51:48.684+0000] {logging_mixin.py:188} INFO - [2024-06-04T07:51:48.683+0000] {dag.py:3047} INFO - Sync 1 DAGs
[2024-06-04T07:51:48.710+0000] {logging_mixin.py:188} INFO - [2024-06-04T07:51:48.710+0000] {dag.py:3834} INFO - Setting next_dagrun for dag_example_external_task_sensor to 2024-06-03 00:00:00+00:00, run_after=2024-06-04 00:00:00+00:00
[2024-06-04T07:51:48.733+0000] {processor.py:183} INFO - Processing /opt/airflow/dags/dag_example_external_task_sensor.py took 0.091 seconds
[2024-06-04T07:52:19.021+0000] {processor.py:161} INFO - Started process (PID=273) to work on /opt/airflow/dags/dag_example_external_task_sensor.py
[2024-06-04T07:52:19.023+0000] {processor.py:830} INFO - Processing file /opt/airflow/dags/dag_example_external_task_sensor.py for tasks to queue
[2024-06-04T07:52:19.025+0000] {logging_mixin.py:188} INFO - [2024-06-04T07:52:19.025+0000] {dagbag.py:540} INFO - Filling up the DagBag from /opt/airflow/dags/dag_example_external_task_sensor.py
[2024-06-04T07:52:19.033+0000] {processor.py:840} INFO - DAG(s) 'dag_example_external_task_sensor' retrieved from /opt/airflow/dags/dag_example_external_task_sensor.py
[2024-06-04T07:52:19.122+0000] {logging_mixin.py:188} INFO - [2024-06-04T07:52:19.122+0000] {dag.py:3047} INFO - Sync 1 DAGs
[2024-06-04T07:52:19.202+0000] {logging_mixin.py:188} INFO - [2024-06-04T07:52:19.202+0000] {dag.py:3834} INFO - Setting next_dagrun for dag_example_external_task_sensor to 2024-06-03 00:00:00+00:00, run_after=2024-06-04 00:00:00+00:00
[2024-06-04T07:52:19.228+0000] {processor.py:183} INFO - Processing /opt/airflow/dags/dag_example_external_task_sensor.py took 0.211 seconds
[2024-06-04T07:52:49.332+0000] {processor.py:161} INFO - Started process (PID=331) to work on /opt/airflow/dags/dag_example_external_task_sensor.py
[2024-06-04T07:52:49.333+0000] {processor.py:830} INFO - Processing file /opt/airflow/dags/dag_example_external_task_sensor.py for tasks to queue
[2024-06-04T07:52:49.335+0000] {logging_mixin.py:188} INFO - [2024-06-04T07:52:49.335+0000] {dagbag.py:540} INFO - Filling up the DagBag from /opt/airflow/dags/dag_example_external_task_sensor.py
[2024-06-04T07:52:49.343+0000] {processor.py:840} INFO - DAG(s) 'dag_example_external_task_sensor' retrieved from /opt/airflow/dags/dag_example_external_task_sensor.py
[2024-06-04T07:52:49.369+0000] {logging_mixin.py:188} INFO - [2024-06-04T07:52:49.369+0000] {dag.py:3047} INFO - Sync 1 DAGs
[2024-06-04T07:52:49.393+0000] {logging_mixin.py:188} INFO - [2024-06-04T07:52:49.393+0000] {dag.py:3834} INFO - Setting next_dagrun for dag_example_external_task_sensor to 2024-06-03 00:00:00+00:00, run_after=2024-06-04 00:00:00+00:00
[2024-06-04T07:52:49.415+0000] {processor.py:183} INFO - Processing /opt/airflow/dags/dag_example_external_task_sensor.py took 0.087 seconds
[2024-06-04T07:53:19.694+0000] {processor.py:161} INFO - Started process (PID=389) to work on /opt/airflow/dags/dag_example_external_task_sensor.py
[2024-06-04T07:53:19.695+0000] {processor.py:830} INFO - Processing file /opt/airflow/dags/dag_example_external_task_sensor.py for tasks to queue
[2024-06-04T07:53:19.697+0000] {logging_mixin.py:188} INFO - [2024-06-04T07:53:19.697+0000] {dagbag.py:540} INFO - Filling up the DagBag from /opt/airflow/dags/dag_example_external_task_sensor.py
[2024-06-04T07:53:19.705+0000] {processor.py:840} INFO - DAG(s) 'dag_example_external_task_sensor' retrieved from /opt/airflow/dags/dag_example_external_task_sensor.py
[2024-06-04T07:53:19.733+0000] {logging_mixin.py:188} INFO - [2024-06-04T07:53:19.733+0000] {dag.py:3047} INFO - Sync 1 DAGs
[2024-06-04T07:53:19.761+0000] {logging_mixin.py:188} INFO - [2024-06-04T07:53:19.761+0000] {dag.py:3834} INFO - Setting next_dagrun for dag_example_external_task_sensor to 2024-06-03 00:00:00+00:00, run_after=2024-06-04 00:00:00+00:00
[2024-06-04T07:53:19.781+0000] {processor.py:183} INFO - Processing /opt/airflow/dags/dag_example_external_task_sensor.py took 0.091 seconds
[2024-06-04T07:53:50.111+0000] {processor.py:161} INFO - Started process (PID=447) to work on /opt/airflow/dags/dag_example_external_task_sensor.py
[2024-06-04T07:53:50.113+0000] {processor.py:830} INFO - Processing file /opt/airflow/dags/dag_example_external_task_sensor.py for tasks to queue
[2024-06-04T07:53:50.115+0000] {logging_mixin.py:188} INFO - [2024-06-04T07:53:50.114+0000] {dagbag.py:540} INFO - Filling up the DagBag from /opt/airflow/dags/dag_example_external_task_sensor.py
[2024-06-04T07:53:50.122+0000] {processor.py:840} INFO - DAG(s) 'dag_example_external_task_sensor' retrieved from /opt/airflow/dags/dag_example_external_task_sensor.py
[2024-06-04T07:53:50.147+0000] {logging_mixin.py:188} INFO - [2024-06-04T07:53:50.146+0000] {dag.py:3047} INFO - Sync 1 DAGs
[2024-06-04T07:53:50.172+0000] {logging_mixin.py:188} INFO - [2024-06-04T07:53:50.171+0000] {dag.py:3834} INFO - Setting next_dagrun for dag_example_external_task_sensor to 2024-06-03 00:00:00+00:00, run_after=2024-06-04 00:00:00+00:00
[2024-06-04T07:53:50.189+0000] {processor.py:183} INFO - Processing /opt/airflow/dags/dag_example_external_task_sensor.py took 0.082 seconds
[2024-06-04T07:54:20.525+0000] {processor.py:161} INFO - Started process (PID=505) to work on /opt/airflow/dags/dag_example_external_task_sensor.py
[2024-06-04T07:54:20.526+0000] {processor.py:830} INFO - Processing file /opt/airflow/dags/dag_example_external_task_sensor.py for tasks to queue
[2024-06-04T07:54:20.528+0000] {logging_mixin.py:188} INFO - [2024-06-04T07:54:20.528+0000] {dagbag.py:540} INFO - Filling up the DagBag from /opt/airflow/dags/dag_example_external_task_sensor.py
[2024-06-04T07:54:20.535+0000] {processor.py:840} INFO - DAG(s) 'dag_example_external_task_sensor' retrieved from /opt/airflow/dags/dag_example_external_task_sensor.py
[2024-06-04T07:54:20.560+0000] {logging_mixin.py:188} INFO - [2024-06-04T07:54:20.560+0000] {dag.py:3047} INFO - Sync 1 DAGs
[2024-06-04T07:54:20.585+0000] {logging_mixin.py:188} INFO - [2024-06-04T07:54:20.584+0000] {dag.py:3834} INFO - Setting next_dagrun for dag_example_external_task_sensor to 2024-06-03 00:00:00+00:00, run_after=2024-06-04 00:00:00+00:00
[2024-06-04T07:54:20.605+0000] {processor.py:183} INFO - Processing /opt/airflow/dags/dag_example_external_task_sensor.py took 0.085 seconds
[2024-06-04T07:54:50.853+0000] {processor.py:161} INFO - Started process (PID=563) to work on /opt/airflow/dags/dag_example_external_task_sensor.py
[2024-06-04T07:54:50.854+0000] {processor.py:830} INFO - Processing file /opt/airflow/dags/dag_example_external_task_sensor.py for tasks to queue
[2024-06-04T07:54:50.857+0000] {logging_mixin.py:188} INFO - [2024-06-04T07:54:50.857+0000] {dagbag.py:540} INFO - Filling up the DagBag from /opt/airflow/dags/dag_example_external_task_sensor.py
[2024-06-04T07:54:50.866+0000] {processor.py:840} INFO - DAG(s) 'dag_example_external_task_sensor' retrieved from /opt/airflow/dags/dag_example_external_task_sensor.py
[2024-06-04T07:54:50.891+0000] {logging_mixin.py:188} INFO - [2024-06-04T07:54:50.890+0000] {dag.py:3047} INFO - Sync 1 DAGs
[2024-06-04T07:54:50.918+0000] {logging_mixin.py:188} INFO - [2024-06-04T07:54:50.917+0000] {dag.py:3834} INFO - Setting next_dagrun for dag_example_external_task_sensor to 2024-06-03 00:00:00+00:00, run_after=2024-06-04 00:00:00+00:00
[2024-06-04T07:54:50.942+0000] {processor.py:183} INFO - Processing /opt/airflow/dags/dag_example_external_task_sensor.py took 0.093 seconds
[2024-06-04T07:55:21.092+0000] {processor.py:161} INFO - Started process (PID=621) to work on /opt/airflow/dags/dag_example_external_task_sensor.py
[2024-06-04T07:55:21.094+0000] {processor.py:830} INFO - Processing file /opt/airflow/dags/dag_example_external_task_sensor.py for tasks to queue
[2024-06-04T07:55:21.095+0000] {logging_mixin.py:188} INFO - [2024-06-04T07:55:21.095+0000] {dagbag.py:540} INFO - Filling up the DagBag from /opt/airflow/dags/dag_example_external_task_sensor.py
[2024-06-04T07:55:21.102+0000] {processor.py:840} INFO - DAG(s) 'dag_example_external_task_sensor' retrieved from /opt/airflow/dags/dag_example_external_task_sensor.py
[2024-06-04T07:55:21.126+0000] {logging_mixin.py:188} INFO - [2024-06-04T07:55:21.126+0000] {dag.py:3047} INFO - Sync 1 DAGs
[2024-06-04T07:55:21.153+0000] {logging_mixin.py:188} INFO - [2024-06-04T07:55:21.153+0000] {dag.py:3834} INFO - Setting next_dagrun for dag_example_external_task_sensor to 2024-06-03 00:00:00+00:00, run_after=2024-06-04 00:00:00+00:00
[2024-06-04T07:55:21.172+0000] {processor.py:183} INFO - Processing /opt/airflow/dags/dag_example_external_task_sensor.py took 0.083 seconds
[2024-06-04T07:55:51.986+0000] {processor.py:161} INFO - Started process (PID=679) to work on /opt/airflow/dags/dag_example_external_task_sensor.py
[2024-06-04T07:55:51.987+0000] {processor.py:830} INFO - Processing file /opt/airflow/dags/dag_example_external_task_sensor.py for tasks to queue
[2024-06-04T07:55:51.989+0000] {logging_mixin.py:188} INFO - [2024-06-04T07:55:51.989+0000] {dagbag.py:540} INFO - Filling up the DagBag from /opt/airflow/dags/dag_example_external_task_sensor.py
[2024-06-04T07:55:51.996+0000] {processor.py:840} INFO - DAG(s) 'dag_example_external_task_sensor' retrieved from /opt/airflow/dags/dag_example_external_task_sensor.py
[2024-06-04T07:55:52.023+0000] {logging_mixin.py:188} INFO - [2024-06-04T07:55:52.022+0000] {dag.py:3047} INFO - Sync 1 DAGs
[2024-06-04T07:55:52.050+0000] {logging_mixin.py:188} INFO - [2024-06-04T07:55:52.049+0000] {dag.py:3834} INFO - Setting next_dagrun for dag_example_external_task_sensor to 2024-06-03 00:00:00+00:00, run_after=2024-06-04 00:00:00+00:00
[2024-06-04T07:55:52.074+0000] {processor.py:183} INFO - Processing /opt/airflow/dags/dag_example_external_task_sensor.py took 0.092 seconds
[2024-06-04T07:56:22.725+0000] {processor.py:161} INFO - Started process (PID=737) to work on /opt/airflow/dags/dag_example_external_task_sensor.py
[2024-06-04T07:56:22.726+0000] {processor.py:830} INFO - Processing file /opt/airflow/dags/dag_example_external_task_sensor.py for tasks to queue
[2024-06-04T07:56:22.727+0000] {logging_mixin.py:188} INFO - [2024-06-04T07:56:22.727+0000] {dagbag.py:540} INFO - Filling up the DagBag from /opt/airflow/dags/dag_example_external_task_sensor.py
[2024-06-04T07:56:22.734+0000] {processor.py:840} INFO - DAG(s) 'dag_example_external_task_sensor' retrieved from /opt/airflow/dags/dag_example_external_task_sensor.py
[2024-06-04T07:56:22.758+0000] {logging_mixin.py:188} INFO - [2024-06-04T07:56:22.758+0000] {dag.py:3047} INFO - Sync 1 DAGs
[2024-06-04T07:56:22.780+0000] {logging_mixin.py:188} INFO - [2024-06-04T07:56:22.780+0000] {dag.py:3834} INFO - Setting next_dagrun for dag_example_external_task_sensor to 2024-06-03 00:00:00+00:00, run_after=2024-06-04 00:00:00+00:00
[2024-06-04T07:56:22.797+0000] {processor.py:183} INFO - Processing /opt/airflow/dags/dag_example_external_task_sensor.py took 0.076 seconds
[2024-06-04T07:56:53.232+0000] {processor.py:161} INFO - Started process (PID=795) to work on /opt/airflow/dags/dag_example_external_task_sensor.py
[2024-06-04T07:56:53.233+0000] {processor.py:830} INFO - Processing file /opt/airflow/dags/dag_example_external_task_sensor.py for tasks to queue
[2024-06-04T07:56:53.235+0000] {logging_mixin.py:188} INFO - [2024-06-04T07:56:53.235+0000] {dagbag.py:540} INFO - Filling up the DagBag from /opt/airflow/dags/dag_example_external_task_sensor.py
[2024-06-04T07:56:53.242+0000] {processor.py:840} INFO - DAG(s) 'dag_example_external_task_sensor' retrieved from /opt/airflow/dags/dag_example_external_task_sensor.py
[2024-06-04T07:56:53.267+0000] {logging_mixin.py:188} INFO - [2024-06-04T07:56:53.267+0000] {dag.py:3047} INFO - Sync 1 DAGs
[2024-06-04T07:56:53.294+0000] {logging_mixin.py:188} INFO - [2024-06-04T07:56:53.294+0000] {dag.py:3834} INFO - Setting next_dagrun for dag_example_external_task_sensor to 2024-06-03 00:00:00+00:00, run_after=2024-06-04 00:00:00+00:00
[2024-06-04T07:56:53.315+0000] {processor.py:183} INFO - Processing /opt/airflow/dags/dag_example_external_task_sensor.py took 0.086 seconds
[2024-06-04T07:57:23.774+0000] {processor.py:161} INFO - Started process (PID=853) to work on /opt/airflow/dags/dag_example_external_task_sensor.py
[2024-06-04T07:57:23.775+0000] {processor.py:830} INFO - Processing file /opt/airflow/dags/dag_example_external_task_sensor.py for tasks to queue
[2024-06-04T07:57:23.777+0000] {logging_mixin.py:188} INFO - [2024-06-04T07:57:23.777+0000] {dagbag.py:540} INFO - Filling up the DagBag from /opt/airflow/dags/dag_example_external_task_sensor.py
[2024-06-04T07:57:23.784+0000] {processor.py:840} INFO - DAG(s) 'dag_example_external_task_sensor' retrieved from /opt/airflow/dags/dag_example_external_task_sensor.py
[2024-06-04T07:57:23.807+0000] {logging_mixin.py:188} INFO - [2024-06-04T07:57:23.807+0000] {dag.py:3047} INFO - Sync 1 DAGs
[2024-06-04T07:57:23.831+0000] {logging_mixin.py:188} INFO - [2024-06-04T07:57:23.831+0000] {dag.py:3834} INFO - Setting next_dagrun for dag_example_external_task_sensor to 2024-06-03 00:00:00+00:00, run_after=2024-06-04 00:00:00+00:00
[2024-06-04T07:57:23.851+0000] {processor.py:183} INFO - Processing /opt/airflow/dags/dag_example_external_task_sensor.py took 0.081 seconds
[2024-06-04T07:57:54.278+0000] {processor.py:161} INFO - Started process (PID=911) to work on /opt/airflow/dags/dag_example_external_task_sensor.py
[2024-06-04T07:57:54.279+0000] {processor.py:830} INFO - Processing file /opt/airflow/dags/dag_example_external_task_sensor.py for tasks to queue
[2024-06-04T07:57:54.281+0000] {logging_mixin.py:188} INFO - [2024-06-04T07:57:54.281+0000] {dagbag.py:540} INFO - Filling up the DagBag from /opt/airflow/dags/dag_example_external_task_sensor.py
[2024-06-04T07:57:54.288+0000] {processor.py:840} INFO - DAG(s) 'dag_example_external_task_sensor' retrieved from /opt/airflow/dags/dag_example_external_task_sensor.py
[2024-06-04T07:57:54.312+0000] {logging_mixin.py:188} INFO - [2024-06-04T07:57:54.312+0000] {dag.py:3047} INFO - Sync 1 DAGs
[2024-06-04T07:57:54.340+0000] {logging_mixin.py:188} INFO - [2024-06-04T07:57:54.339+0000] {dag.py:3834} INFO - Setting next_dagrun for dag_example_external_task_sensor to 2024-06-03 00:00:00+00:00, run_after=2024-06-04 00:00:00+00:00
[2024-06-04T07:57:54.360+0000] {processor.py:183} INFO - Processing /opt/airflow/dags/dag_example_external_task_sensor.py took 0.086 seconds
[2024-06-04T07:58:24.704+0000] {processor.py:161} INFO - Started process (PID=969) to work on /opt/airflow/dags/dag_example_external_task_sensor.py
[2024-06-04T07:58:24.706+0000] {processor.py:830} INFO - Processing file /opt/airflow/dags/dag_example_external_task_sensor.py for tasks to queue
[2024-06-04T07:58:24.709+0000] {logging_mixin.py:188} INFO - [2024-06-04T07:58:24.708+0000] {dagbag.py:540} INFO - Filling up the DagBag from /opt/airflow/dags/dag_example_external_task_sensor.py
[2024-06-04T07:58:24.715+0000] {processor.py:840} INFO - DAG(s) 'dag_example_external_task_sensor' retrieved from /opt/airflow/dags/dag_example_external_task_sensor.py
[2024-06-04T07:58:24.744+0000] {logging_mixin.py:188} INFO - [2024-06-04T07:58:24.743+0000] {dag.py:3047} INFO - Sync 1 DAGs
[2024-06-04T07:58:24.774+0000] {logging_mixin.py:188} INFO - [2024-06-04T07:58:24.773+0000] {dag.py:3834} INFO - Setting next_dagrun for dag_example_external_task_sensor to 2024-06-03 00:00:00+00:00, run_after=2024-06-04 00:00:00+00:00
[2024-06-04T07:58:24.795+0000] {processor.py:183} INFO - Processing /opt/airflow/dags/dag_example_external_task_sensor.py took 0.094 seconds
[2024-06-04T07:58:55.172+0000] {processor.py:161} INFO - Started process (PID=1027) to work on /opt/airflow/dags/dag_example_external_task_sensor.py
[2024-06-04T07:58:55.173+0000] {processor.py:830} INFO - Processing file /opt/airflow/dags/dag_example_external_task_sensor.py for tasks to queue
[2024-06-04T07:58:55.175+0000] {logging_mixin.py:188} INFO - [2024-06-04T07:58:55.175+0000] {dagbag.py:540} INFO - Filling up the DagBag from /opt/airflow/dags/dag_example_external_task_sensor.py
[2024-06-04T07:58:55.182+0000] {processor.py:840} INFO - DAG(s) 'dag_example_external_task_sensor' retrieved from /opt/airflow/dags/dag_example_external_task_sensor.py
[2024-06-04T07:58:55.206+0000] {logging_mixin.py:188} INFO - [2024-06-04T07:58:55.206+0000] {dag.py:3047} INFO - Sync 1 DAGs
[2024-06-04T07:58:55.230+0000] {logging_mixin.py:188} INFO - [2024-06-04T07:58:55.230+0000] {dag.py:3834} INFO - Setting next_dagrun for dag_example_external_task_sensor to 2024-06-03 00:00:00+00:00, run_after=2024-06-04 00:00:00+00:00
[2024-06-04T07:58:55.247+0000] {processor.py:183} INFO - Processing /opt/airflow/dags/dag_example_external_task_sensor.py took 0.079 seconds
[2024-06-04T07:59:25.434+0000] {processor.py:161} INFO - Started process (PID=1086) to work on /opt/airflow/dags/dag_example_external_task_sensor.py
[2024-06-04T07:59:25.435+0000] {processor.py:830} INFO - Processing file /opt/airflow/dags/dag_example_external_task_sensor.py for tasks to queue
[2024-06-04T07:59:25.437+0000] {logging_mixin.py:188} INFO - [2024-06-04T07:59:25.437+0000] {dagbag.py:540} INFO - Filling up the DagBag from /opt/airflow/dags/dag_example_external_task_sensor.py
[2024-06-04T07:59:25.444+0000] {processor.py:840} INFO - DAG(s) 'dag_example_external_task_sensor' retrieved from /opt/airflow/dags/dag_example_external_task_sensor.py
[2024-06-04T07:59:25.467+0000] {logging_mixin.py:188} INFO - [2024-06-04T07:59:25.467+0000] {dag.py:3047} INFO - Sync 1 DAGs
[2024-06-04T07:59:25.489+0000] {logging_mixin.py:188} INFO - [2024-06-04T07:59:25.489+0000] {dag.py:3834} INFO - Setting next_dagrun for dag_example_external_task_sensor to 2024-06-03 00:00:00+00:00, run_after=2024-06-04 00:00:00+00:00
[2024-06-04T07:59:25.506+0000] {processor.py:183} INFO - Processing /opt/airflow/dags/dag_example_external_task_sensor.py took 0.075 seconds
[2024-06-04T07:59:55.704+0000] {processor.py:161} INFO - Started process (PID=1144) to work on /opt/airflow/dags/dag_example_external_task_sensor.py
[2024-06-04T07:59:55.705+0000] {processor.py:830} INFO - Processing file /opt/airflow/dags/dag_example_external_task_sensor.py for tasks to queue
[2024-06-04T07:59:55.707+0000] {logging_mixin.py:188} INFO - [2024-06-04T07:59:55.707+0000] {dagbag.py:540} INFO - Filling up the DagBag from /opt/airflow/dags/dag_example_external_task_sensor.py
[2024-06-04T07:59:55.714+0000] {processor.py:840} INFO - DAG(s) 'dag_example_external_task_sensor' retrieved from /opt/airflow/dags/dag_example_external_task_sensor.py
[2024-06-04T07:59:55.738+0000] {logging_mixin.py:188} INFO - [2024-06-04T07:59:55.738+0000] {dag.py:3047} INFO - Sync 1 DAGs
[2024-06-04T07:59:55.762+0000] {logging_mixin.py:188} INFO - [2024-06-04T07:59:55.762+0000] {dag.py:3834} INFO - Setting next_dagrun for dag_example_external_task_sensor to 2024-06-03 00:00:00+00:00, run_after=2024-06-04 00:00:00+00:00
[2024-06-04T07:59:55.780+0000] {processor.py:183} INFO - Processing /opt/airflow/dags/dag_example_external_task_sensor.py took 0.081 seconds
[2024-06-04T08:00:25.959+0000] {processor.py:161} INFO - Started process (PID=1202) to work on /opt/airflow/dags/dag_example_external_task_sensor.py
[2024-06-04T08:00:25.959+0000] {processor.py:830} INFO - Processing file /opt/airflow/dags/dag_example_external_task_sensor.py for tasks to queue
[2024-06-04T08:00:25.961+0000] {logging_mixin.py:188} INFO - [2024-06-04T08:00:25.961+0000] {dagbag.py:540} INFO - Filling up the DagBag from /opt/airflow/dags/dag_example_external_task_sensor.py
[2024-06-04T08:00:25.968+0000] {processor.py:840} INFO - DAG(s) 'dag_example_external_task_sensor' retrieved from /opt/airflow/dags/dag_example_external_task_sensor.py
[2024-06-04T08:00:25.992+0000] {logging_mixin.py:188} INFO - [2024-06-04T08:00:25.991+0000] {dag.py:3047} INFO - Sync 1 DAGs
[2024-06-04T08:00:26.016+0000] {logging_mixin.py:188} INFO - [2024-06-04T08:00:26.016+0000] {dag.py:3834} INFO - Setting next_dagrun for dag_example_external_task_sensor to 2024-06-03 00:00:00+00:00, run_after=2024-06-04 00:00:00+00:00
[2024-06-04T08:00:26.036+0000] {processor.py:183} INFO - Processing /opt/airflow/dags/dag_example_external_task_sensor.py took 0.082 seconds
[2024-06-04T08:00:56.097+0000] {processor.py:161} INFO - Started process (PID=1260) to work on /opt/airflow/dags/dag_example_external_task_sensor.py
[2024-06-04T08:00:56.098+0000] {processor.py:830} INFO - Processing file /opt/airflow/dags/dag_example_external_task_sensor.py for tasks to queue
[2024-06-04T08:00:56.100+0000] {logging_mixin.py:188} INFO - [2024-06-04T08:00:56.100+0000] {dagbag.py:540} INFO - Filling up the DagBag from /opt/airflow/dags/dag_example_external_task_sensor.py
[2024-06-04T08:00:56.108+0000] {processor.py:840} INFO - DAG(s) 'dag_example_external_task_sensor' retrieved from /opt/airflow/dags/dag_example_external_task_sensor.py
[2024-06-04T08:00:56.133+0000] {logging_mixin.py:188} INFO - [2024-06-04T08:00:56.133+0000] {dag.py:3047} INFO - Sync 1 DAGs
[2024-06-04T08:00:56.157+0000] {logging_mixin.py:188} INFO - [2024-06-04T08:00:56.157+0000] {dag.py:3834} INFO - Setting next_dagrun for dag_example_external_task_sensor to 2024-06-03 00:00:00+00:00, run_after=2024-06-04 00:00:00+00:00
[2024-06-04T08:00:56.175+0000] {processor.py:183} INFO - Processing /opt/airflow/dags/dag_example_external_task_sensor.py took 0.081 seconds
[2024-06-04T08:01:26.350+0000] {processor.py:161} INFO - Started process (PID=1318) to work on /opt/airflow/dags/dag_example_external_task_sensor.py
[2024-06-04T08:01:26.351+0000] {processor.py:830} INFO - Processing file /opt/airflow/dags/dag_example_external_task_sensor.py for tasks to queue
[2024-06-04T08:01:26.353+0000] {logging_mixin.py:188} INFO - [2024-06-04T08:01:26.353+0000] {dagbag.py:540} INFO - Filling up the DagBag from /opt/airflow/dags/dag_example_external_task_sensor.py
[2024-06-04T08:01:26.361+0000] {processor.py:840} INFO - DAG(s) 'dag_example_external_task_sensor' retrieved from /opt/airflow/dags/dag_example_external_task_sensor.py
[2024-06-04T08:01:26.392+0000] {logging_mixin.py:188} INFO - [2024-06-04T08:01:26.392+0000] {dag.py:3047} INFO - Sync 1 DAGs
[2024-06-04T08:01:26.434+0000] {logging_mixin.py:188} INFO - [2024-06-04T08:01:26.434+0000] {dag.py:3834} INFO - Setting next_dagrun for dag_example_external_task_sensor to 2024-06-03 00:00:00+00:00, run_after=2024-06-04 00:00:00+00:00
[2024-06-04T08:01:26.461+0000] {processor.py:183} INFO - Processing /opt/airflow/dags/dag_example_external_task_sensor.py took 0.116 seconds
[2024-06-04T08:01:56.806+0000] {processor.py:161} INFO - Started process (PID=1376) to work on /opt/airflow/dags/dag_example_external_task_sensor.py
[2024-06-04T08:01:56.808+0000] {processor.py:830} INFO - Processing file /opt/airflow/dags/dag_example_external_task_sensor.py for tasks to queue
[2024-06-04T08:01:56.810+0000] {logging_mixin.py:188} INFO - [2024-06-04T08:01:56.810+0000] {dagbag.py:540} INFO - Filling up the DagBag from /opt/airflow/dags/dag_example_external_task_sensor.py
[2024-06-04T08:01:56.818+0000] {processor.py:840} INFO - DAG(s) 'dag_example_external_task_sensor' retrieved from /opt/airflow/dags/dag_example_external_task_sensor.py
[2024-06-04T08:01:56.844+0000] {logging_mixin.py:188} INFO - [2024-06-04T08:01:56.843+0000] {dag.py:3047} INFO - Sync 1 DAGs
[2024-06-04T08:01:56.873+0000] {logging_mixin.py:188} INFO - [2024-06-04T08:01:56.873+0000] {dag.py:3834} INFO - Setting next_dagrun for dag_example_external_task_sensor to 2024-06-03 00:00:00+00:00, run_after=2024-06-04 00:00:00+00:00
[2024-06-04T08:01:56.901+0000] {processor.py:183} INFO - Processing /opt/airflow/dags/dag_example_external_task_sensor.py took 0.099 seconds
[2024-06-04T08:02:26.973+0000] {processor.py:161} INFO - Started process (PID=1434) to work on /opt/airflow/dags/dag_example_external_task_sensor.py
[2024-06-04T08:02:26.975+0000] {processor.py:830} INFO - Processing file /opt/airflow/dags/dag_example_external_task_sensor.py for tasks to queue
[2024-06-04T08:02:26.977+0000] {logging_mixin.py:188} INFO - [2024-06-04T08:02:26.977+0000] {dagbag.py:540} INFO - Filling up the DagBag from /opt/airflow/dags/dag_example_external_task_sensor.py
[2024-06-04T08:02:26.984+0000] {processor.py:840} INFO - DAG(s) 'dag_example_external_task_sensor' retrieved from /opt/airflow/dags/dag_example_external_task_sensor.py
[2024-06-04T08:02:27.010+0000] {logging_mixin.py:188} INFO - [2024-06-04T08:02:27.010+0000] {dag.py:3047} INFO - Sync 1 DAGs
[2024-06-04T08:02:27.033+0000] {logging_mixin.py:188} INFO - [2024-06-04T08:02:27.032+0000] {dag.py:3834} INFO - Setting next_dagrun for dag_example_external_task_sensor to 2024-06-03 00:00:00+00:00, run_after=2024-06-04 00:00:00+00:00
[2024-06-04T08:02:27.050+0000] {processor.py:183} INFO - Processing /opt/airflow/dags/dag_example_external_task_sensor.py took 0.082 seconds
[2024-06-04T08:02:57.417+0000] {processor.py:161} INFO - Started process (PID=1492) to work on /opt/airflow/dags/dag_example_external_task_sensor.py
[2024-06-04T08:02:57.418+0000] {processor.py:830} INFO - Processing file /opt/airflow/dags/dag_example_external_task_sensor.py for tasks to queue
[2024-06-04T08:02:57.420+0000] {logging_mixin.py:188} INFO - [2024-06-04T08:02:57.420+0000] {dagbag.py:540} INFO - Filling up the DagBag from /opt/airflow/dags/dag_example_external_task_sensor.py
[2024-06-04T08:02:57.427+0000] {processor.py:840} INFO - DAG(s) 'dag_example_external_task_sensor' retrieved from /opt/airflow/dags/dag_example_external_task_sensor.py
[2024-06-04T08:02:57.455+0000] {logging_mixin.py:188} INFO - [2024-06-04T08:02:57.454+0000] {dag.py:3047} INFO - Sync 1 DAGs
[2024-06-04T08:02:57.481+0000] {logging_mixin.py:188} INFO - [2024-06-04T08:02:57.480+0000] {dag.py:3834} INFO - Setting next_dagrun for dag_example_external_task_sensor to 2024-06-03 00:00:00+00:00, run_after=2024-06-04 00:00:00+00:00
[2024-06-04T08:02:57.500+0000] {processor.py:183} INFO - Processing /opt/airflow/dags/dag_example_external_task_sensor.py took 0.086 seconds
[2024-06-04T08:03:27.805+0000] {processor.py:161} INFO - Started process (PID=1550) to work on /opt/airflow/dags/dag_example_external_task_sensor.py
[2024-06-04T08:03:27.806+0000] {processor.py:830} INFO - Processing file /opt/airflow/dags/dag_example_external_task_sensor.py for tasks to queue
[2024-06-04T08:03:27.808+0000] {logging_mixin.py:188} INFO - [2024-06-04T08:03:27.808+0000] {dagbag.py:540} INFO - Filling up the DagBag from /opt/airflow/dags/dag_example_external_task_sensor.py
[2024-06-04T08:03:27.814+0000] {processor.py:840} INFO - DAG(s) 'dag_example_external_task_sensor' retrieved from /opt/airflow/dags/dag_example_external_task_sensor.py
[2024-06-04T08:03:27.837+0000] {logging_mixin.py:188} INFO - [2024-06-04T08:03:27.837+0000] {dag.py:3047} INFO - Sync 1 DAGs
[2024-06-04T08:03:27.859+0000] {logging_mixin.py:188} INFO - [2024-06-04T08:03:27.858+0000] {dag.py:3834} INFO - Setting next_dagrun for dag_example_external_task_sensor to 2024-06-03 00:00:00+00:00, run_after=2024-06-04 00:00:00+00:00
[2024-06-04T08:03:27.876+0000] {processor.py:183} INFO - Processing /opt/airflow/dags/dag_example_external_task_sensor.py took 0.075 seconds
[2024-06-04T08:03:57.912+0000] {processor.py:161} INFO - Started process (PID=1608) to work on /opt/airflow/dags/dag_example_external_task_sensor.py
[2024-06-04T08:03:57.913+0000] {processor.py:830} INFO - Processing file /opt/airflow/dags/dag_example_external_task_sensor.py for tasks to queue
[2024-06-04T08:03:57.915+0000] {logging_mixin.py:188} INFO - [2024-06-04T08:03:57.914+0000] {dagbag.py:540} INFO - Filling up the DagBag from /opt/airflow/dags/dag_example_external_task_sensor.py
[2024-06-04T08:03:57.922+0000] {processor.py:840} INFO - DAG(s) 'dag_example_external_task_sensor' retrieved from /opt/airflow/dags/dag_example_external_task_sensor.py
[2024-06-04T08:03:57.947+0000] {logging_mixin.py:188} INFO - [2024-06-04T08:03:57.946+0000] {dag.py:3047} INFO - Sync 1 DAGs
[2024-06-04T08:03:57.972+0000] {logging_mixin.py:188} INFO - [2024-06-04T08:03:57.972+0000] {dag.py:3834} INFO - Setting next_dagrun for dag_example_external_task_sensor to 2024-06-03 00:00:00+00:00, run_after=2024-06-04 00:00:00+00:00
[2024-06-04T08:03:57.993+0000] {processor.py:183} INFO - Processing /opt/airflow/dags/dag_example_external_task_sensor.py took 0.085 seconds
[2024-06-04T08:04:28.258+0000] {processor.py:161} INFO - Started process (PID=1666) to work on /opt/airflow/dags/dag_example_external_task_sensor.py
[2024-06-04T08:04:28.259+0000] {processor.py:830} INFO - Processing file /opt/airflow/dags/dag_example_external_task_sensor.py for tasks to queue
[2024-06-04T08:04:28.261+0000] {logging_mixin.py:188} INFO - [2024-06-04T08:04:28.261+0000] {dagbag.py:540} INFO - Filling up the DagBag from /opt/airflow/dags/dag_example_external_task_sensor.py
[2024-06-04T08:04:28.269+0000] {processor.py:840} INFO - DAG(s) 'dag_example_external_task_sensor' retrieved from /opt/airflow/dags/dag_example_external_task_sensor.py
[2024-06-04T08:04:28.301+0000] {logging_mixin.py:188} INFO - [2024-06-04T08:04:28.300+0000] {dag.py:3047} INFO - Sync 1 DAGs
[2024-06-04T08:04:28.330+0000] {logging_mixin.py:188} INFO - [2024-06-04T08:04:28.330+0000] {dag.py:3834} INFO - Setting next_dagrun for dag_example_external_task_sensor to 2024-06-03 00:00:00+00:00, run_after=2024-06-04 00:00:00+00:00
[2024-06-04T08:04:28.354+0000] {processor.py:183} INFO - Processing /opt/airflow/dags/dag_example_external_task_sensor.py took 0.100 seconds
[2024-06-04T08:04:58.700+0000] {processor.py:161} INFO - Started process (PID=1722) to work on /opt/airflow/dags/dag_example_external_task_sensor.py
[2024-06-04T08:04:58.701+0000] {processor.py:830} INFO - Processing file /opt/airflow/dags/dag_example_external_task_sensor.py for tasks to queue
[2024-06-04T08:04:58.704+0000] {logging_mixin.py:188} INFO - [2024-06-04T08:04:58.703+0000] {dagbag.py:540} INFO - Filling up the DagBag from /opt/airflow/dags/dag_example_external_task_sensor.py
[2024-06-04T08:04:58.711+0000] {processor.py:840} INFO - DAG(s) 'dag_example_external_task_sensor' retrieved from /opt/airflow/dags/dag_example_external_task_sensor.py
[2024-06-04T08:04:58.736+0000] {logging_mixin.py:188} INFO - [2024-06-04T08:04:58.736+0000] {dag.py:3047} INFO - Sync 1 DAGs
[2024-06-04T08:04:58.762+0000] {logging_mixin.py:188} INFO - [2024-06-04T08:04:58.761+0000] {dag.py:3834} INFO - Setting next_dagrun for dag_example_external_task_sensor to 2024-06-03 00:00:00+00:00, run_after=2024-06-04 00:00:00+00:00
[2024-06-04T08:04:58.818+0000] {processor.py:183} INFO - Processing /opt/airflow/dags/dag_example_external_task_sensor.py took 0.122 seconds
[2024-06-04T08:05:29.403+0000] {processor.py:161} INFO - Started process (PID=1780) to work on /opt/airflow/dags/dag_example_external_task_sensor.py
[2024-06-04T08:05:29.405+0000] {processor.py:830} INFO - Processing file /opt/airflow/dags/dag_example_external_task_sensor.py for tasks to queue
[2024-06-04T08:05:29.407+0000] {logging_mixin.py:188} INFO - [2024-06-04T08:05:29.406+0000] {dagbag.py:540} INFO - Filling up the DagBag from /opt/airflow/dags/dag_example_external_task_sensor.py
[2024-06-04T08:05:29.414+0000] {processor.py:840} INFO - DAG(s) 'dag_example_external_task_sensor' retrieved from /opt/airflow/dags/dag_example_external_task_sensor.py
[2024-06-04T08:05:29.442+0000] {logging_mixin.py:188} INFO - [2024-06-04T08:05:29.442+0000] {dag.py:3047} INFO - Sync 1 DAGs
[2024-06-04T08:05:29.471+0000] {logging_mixin.py:188} INFO - [2024-06-04T08:05:29.471+0000] {dag.py:3834} INFO - Setting next_dagrun for dag_example_external_task_sensor to 2024-06-03 00:00:00+00:00, run_after=2024-06-04 00:00:00+00:00
[2024-06-04T08:05:29.495+0000] {processor.py:183} INFO - Processing /opt/airflow/dags/dag_example_external_task_sensor.py took 0.095 seconds
[2024-06-04T08:06:00.334+0000] {processor.py:161} INFO - Started process (PID=1838) to work on /opt/airflow/dags/dag_example_external_task_sensor.py
[2024-06-04T08:06:00.335+0000] {processor.py:830} INFO - Processing file /opt/airflow/dags/dag_example_external_task_sensor.py for tasks to queue
[2024-06-04T08:06:00.337+0000] {logging_mixin.py:188} INFO - [2024-06-04T08:06:00.336+0000] {dagbag.py:540} INFO - Filling up the DagBag from /opt/airflow/dags/dag_example_external_task_sensor.py
[2024-06-04T08:06:00.345+0000] {processor.py:840} INFO - DAG(s) 'dag_example_external_task_sensor' retrieved from /opt/airflow/dags/dag_example_external_task_sensor.py
[2024-06-04T08:06:00.374+0000] {logging_mixin.py:188} INFO - [2024-06-04T08:06:00.374+0000] {dag.py:3047} INFO - Sync 1 DAGs
[2024-06-04T08:06:00.407+0000] {logging_mixin.py:188} INFO - [2024-06-04T08:06:00.406+0000] {dag.py:3834} INFO - Setting next_dagrun for dag_example_external_task_sensor to 2024-06-03 00:00:00+00:00, run_after=2024-06-04 00:00:00+00:00
[2024-06-04T08:06:00.624+0000] {processor.py:183} INFO - Processing /opt/airflow/dags/dag_example_external_task_sensor.py took 0.294 seconds
[2024-06-04T08:06:31.618+0000] {processor.py:161} INFO - Started process (PID=1896) to work on /opt/airflow/dags/dag_example_external_task_sensor.py
[2024-06-04T08:06:31.620+0000] {processor.py:830} INFO - Processing file /opt/airflow/dags/dag_example_external_task_sensor.py for tasks to queue
[2024-06-04T08:06:31.622+0000] {logging_mixin.py:188} INFO - [2024-06-04T08:06:31.622+0000] {dagbag.py:540} INFO - Filling up the DagBag from /opt/airflow/dags/dag_example_external_task_sensor.py
[2024-06-04T08:06:31.630+0000] {processor.py:840} INFO - DAG(s) 'dag_example_external_task_sensor' retrieved from /opt/airflow/dags/dag_example_external_task_sensor.py
[2024-06-04T08:06:31.658+0000] {logging_mixin.py:188} INFO - [2024-06-04T08:06:31.657+0000] {dag.py:3047} INFO - Sync 1 DAGs
[2024-06-04T08:06:31.682+0000] {logging_mixin.py:188} INFO - [2024-06-04T08:06:31.682+0000] {dag.py:3834} INFO - Setting next_dagrun for dag_example_external_task_sensor to 2024-06-03 00:00:00+00:00, run_after=2024-06-04 00:00:00+00:00
[2024-06-04T08:06:31.705+0000] {processor.py:183} INFO - Processing /opt/airflow/dags/dag_example_external_task_sensor.py took 0.091 seconds
[2024-06-04T08:07:02.493+0000] {processor.py:161} INFO - Started process (PID=1954) to work on /opt/airflow/dags/dag_example_external_task_sensor.py
[2024-06-04T08:07:02.494+0000] {processor.py:830} INFO - Processing file /opt/airflow/dags/dag_example_external_task_sensor.py for tasks to queue
[2024-06-04T08:07:02.496+0000] {logging_mixin.py:188} INFO - [2024-06-04T08:07:02.496+0000] {dagbag.py:540} INFO - Filling up the DagBag from /opt/airflow/dags/dag_example_external_task_sensor.py
[2024-06-04T08:07:02.504+0000] {processor.py:840} INFO - DAG(s) 'dag_example_external_task_sensor' retrieved from /opt/airflow/dags/dag_example_external_task_sensor.py
[2024-06-04T08:07:02.543+0000] {logging_mixin.py:188} INFO - [2024-06-04T08:07:02.543+0000] {dag.py:3047} INFO - Sync 1 DAGs
[2024-06-04T08:07:02.573+0000] {logging_mixin.py:188} INFO - [2024-06-04T08:07:02.573+0000] {dag.py:3834} INFO - Setting next_dagrun for dag_example_external_task_sensor to 2024-06-03 00:00:00+00:00, run_after=2024-06-04 00:00:00+00:00
[2024-06-04T08:07:02.595+0000] {processor.py:183} INFO - Processing /opt/airflow/dags/dag_example_external_task_sensor.py took 0.106 seconds
[2024-06-04T08:07:32.817+0000] {processor.py:161} INFO - Started process (PID=2012) to work on /opt/airflow/dags/dag_example_external_task_sensor.py
[2024-06-04T08:07:32.818+0000] {processor.py:830} INFO - Processing file /opt/airflow/dags/dag_example_external_task_sensor.py for tasks to queue
[2024-06-04T08:07:32.820+0000] {logging_mixin.py:188} INFO - [2024-06-04T08:07:32.820+0000] {dagbag.py:540} INFO - Filling up the DagBag from /opt/airflow/dags/dag_example_external_task_sensor.py
[2024-06-04T08:07:32.829+0000] {processor.py:840} INFO - DAG(s) 'dag_example_external_task_sensor' retrieved from /opt/airflow/dags/dag_example_external_task_sensor.py
[2024-06-04T08:07:32.859+0000] {logging_mixin.py:188} INFO - [2024-06-04T08:07:32.859+0000] {dag.py:3047} INFO - Sync 1 DAGs
[2024-06-04T08:07:32.883+0000] {logging_mixin.py:188} INFO - [2024-06-04T08:07:32.883+0000] {dag.py:3834} INFO - Setting next_dagrun for dag_example_external_task_sensor to 2024-06-03 00:00:00+00:00, run_after=2024-06-04 00:00:00+00:00
[2024-06-04T08:07:32.899+0000] {processor.py:183} INFO - Processing /opt/airflow/dags/dag_example_external_task_sensor.py took 0.087 seconds
[2024-06-04T08:08:03.445+0000] {processor.py:161} INFO - Started process (PID=2070) to work on /opt/airflow/dags/dag_example_external_task_sensor.py
[2024-06-04T08:08:03.446+0000] {processor.py:830} INFO - Processing file /opt/airflow/dags/dag_example_external_task_sensor.py for tasks to queue
[2024-06-04T08:08:03.448+0000] {logging_mixin.py:188} INFO - [2024-06-04T08:08:03.448+0000] {dagbag.py:540} INFO - Filling up the DagBag from /opt/airflow/dags/dag_example_external_task_sensor.py
[2024-06-04T08:08:03.456+0000] {processor.py:840} INFO - DAG(s) 'dag_example_external_task_sensor' retrieved from /opt/airflow/dags/dag_example_external_task_sensor.py
[2024-06-04T08:08:03.492+0000] {logging_mixin.py:188} INFO - [2024-06-04T08:08:03.491+0000] {dag.py:3047} INFO - Sync 1 DAGs
[2024-06-04T08:08:03.520+0000] {logging_mixin.py:188} INFO - [2024-06-04T08:08:03.519+0000] {dag.py:3834} INFO - Setting next_dagrun for dag_example_external_task_sensor to 2024-06-03 00:00:00+00:00, run_after=2024-06-04 00:00:00+00:00
[2024-06-04T08:08:03.538+0000] {processor.py:183} INFO - Processing /opt/airflow/dags/dag_example_external_task_sensor.py took 0.098 seconds
[2024-06-04T08:08:33.844+0000] {processor.py:161} INFO - Started process (PID=2128) to work on /opt/airflow/dags/dag_example_external_task_sensor.py
[2024-06-04T08:08:33.846+0000] {processor.py:830} INFO - Processing file /opt/airflow/dags/dag_example_external_task_sensor.py for tasks to queue
[2024-06-04T08:08:33.848+0000] {logging_mixin.py:188} INFO - [2024-06-04T08:08:33.847+0000] {dagbag.py:540} INFO - Filling up the DagBag from /opt/airflow/dags/dag_example_external_task_sensor.py
[2024-06-04T08:08:33.855+0000] {processor.py:840} INFO - DAG(s) 'dag_example_external_task_sensor' retrieved from /opt/airflow/dags/dag_example_external_task_sensor.py
[2024-06-04T08:08:33.880+0000] {logging_mixin.py:188} INFO - [2024-06-04T08:08:33.880+0000] {dag.py:3047} INFO - Sync 1 DAGs
[2024-06-04T08:08:34.158+0000] {logging_mixin.py:188} INFO - [2024-06-04T08:08:34.158+0000] {dag.py:3834} INFO - Setting next_dagrun for dag_example_external_task_sensor to 2024-06-03 00:00:00+00:00, run_after=2024-06-04 00:00:00+00:00
[2024-06-04T08:08:34.191+0000] {processor.py:183} INFO - Processing /opt/airflow/dags/dag_example_external_task_sensor.py took 0.351 seconds
[2024-06-04T08:09:04.403+0000] {processor.py:161} INFO - Started process (PID=2185) to work on /opt/airflow/dags/dag_example_external_task_sensor.py
[2024-06-04T08:09:04.404+0000] {processor.py:830} INFO - Processing file /opt/airflow/dags/dag_example_external_task_sensor.py for tasks to queue
[2024-06-04T08:09:04.406+0000] {logging_mixin.py:188} INFO - [2024-06-04T08:09:04.405+0000] {dagbag.py:540} INFO - Filling up the DagBag from /opt/airflow/dags/dag_example_external_task_sensor.py
[2024-06-04T08:09:04.413+0000] {processor.py:840} INFO - DAG(s) 'dag_example_external_task_sensor' retrieved from /opt/airflow/dags/dag_example_external_task_sensor.py
[2024-06-04T08:09:04.441+0000] {logging_mixin.py:188} INFO - [2024-06-04T08:09:04.440+0000] {dag.py:3047} INFO - Sync 1 DAGs
[2024-06-04T08:09:04.706+0000] {logging_mixin.py:188} INFO - [2024-06-04T08:09:04.706+0000] {dag.py:3834} INFO - Setting next_dagrun for dag_example_external_task_sensor to 2024-06-03 00:00:00+00:00, run_after=2024-06-04 00:00:00+00:00
[2024-06-04T08:09:04.727+0000] {processor.py:183} INFO - Processing /opt/airflow/dags/dag_example_external_task_sensor.py took 0.328 seconds
[2024-06-04T08:09:34.894+0000] {processor.py:161} INFO - Started process (PID=2243) to work on /opt/airflow/dags/dag_example_external_task_sensor.py
[2024-06-04T08:09:34.895+0000] {processor.py:830} INFO - Processing file /opt/airflow/dags/dag_example_external_task_sensor.py for tasks to queue
[2024-06-04T08:09:34.897+0000] {logging_mixin.py:188} INFO - [2024-06-04T08:09:34.897+0000] {dagbag.py:540} INFO - Filling up the DagBag from /opt/airflow/dags/dag_example_external_task_sensor.py
[2024-06-04T08:09:34.905+0000] {processor.py:840} INFO - DAG(s) 'dag_example_external_task_sensor' retrieved from /opt/airflow/dags/dag_example_external_task_sensor.py
[2024-06-04T08:09:34.933+0000] {logging_mixin.py:188} INFO - [2024-06-04T08:09:34.933+0000] {dag.py:3047} INFO - Sync 1 DAGs
[2024-06-04T08:09:34.965+0000] {logging_mixin.py:188} INFO - [2024-06-04T08:09:34.965+0000] {dag.py:3834} INFO - Setting next_dagrun for dag_example_external_task_sensor to 2024-06-03 00:00:00+00:00, run_after=2024-06-04 00:00:00+00:00
[2024-06-04T08:09:34.990+0000] {processor.py:183} INFO - Processing /opt/airflow/dags/dag_example_external_task_sensor.py took 0.099 seconds
[2024-06-04T08:10:05.549+0000] {processor.py:161} INFO - Started process (PID=2301) to work on /opt/airflow/dags/dag_example_external_task_sensor.py
[2024-06-04T08:10:05.551+0000] {processor.py:830} INFO - Processing file /opt/airflow/dags/dag_example_external_task_sensor.py for tasks to queue
[2024-06-04T08:10:05.552+0000] {logging_mixin.py:188} INFO - [2024-06-04T08:10:05.552+0000] {dagbag.py:540} INFO - Filling up the DagBag from /opt/airflow/dags/dag_example_external_task_sensor.py
[2024-06-04T08:10:05.560+0000] {processor.py:840} INFO - DAG(s) 'dag_example_external_task_sensor' retrieved from /opt/airflow/dags/dag_example_external_task_sensor.py
[2024-06-04T08:10:05.590+0000] {logging_mixin.py:188} INFO - [2024-06-04T08:10:05.590+0000] {dag.py:3047} INFO - Sync 1 DAGs
[2024-06-04T08:10:05.613+0000] {logging_mixin.py:188} INFO - [2024-06-04T08:10:05.612+0000] {dag.py:3834} INFO - Setting next_dagrun for dag_example_external_task_sensor to 2024-06-03 00:00:00+00:00, run_after=2024-06-04 00:00:00+00:00
[2024-06-04T08:10:05.635+0000] {processor.py:183} INFO - Processing /opt/airflow/dags/dag_example_external_task_sensor.py took 0.090 seconds
[2024-06-04T08:10:35.853+0000] {processor.py:161} INFO - Started process (PID=2359) to work on /opt/airflow/dags/dag_example_external_task_sensor.py
[2024-06-04T08:10:35.854+0000] {processor.py:830} INFO - Processing file /opt/airflow/dags/dag_example_external_task_sensor.py for tasks to queue
[2024-06-04T08:10:35.856+0000] {logging_mixin.py:188} INFO - [2024-06-04T08:10:35.856+0000] {dagbag.py:540} INFO - Filling up the DagBag from /opt/airflow/dags/dag_example_external_task_sensor.py
[2024-06-04T08:10:35.864+0000] {processor.py:840} INFO - DAG(s) 'dag_example_external_task_sensor' retrieved from /opt/airflow/dags/dag_example_external_task_sensor.py
[2024-06-04T08:10:35.901+0000] {logging_mixin.py:188} INFO - [2024-06-04T08:10:35.901+0000] {dag.py:3047} INFO - Sync 1 DAGs
[2024-06-04T08:10:35.931+0000] {logging_mixin.py:188} INFO - [2024-06-04T08:10:35.931+0000] {dag.py:3834} INFO - Setting next_dagrun for dag_example_external_task_sensor to 2024-06-03 00:00:00+00:00, run_after=2024-06-04 00:00:00+00:00
[2024-06-04T08:10:35.955+0000] {processor.py:183} INFO - Processing /opt/airflow/dags/dag_example_external_task_sensor.py took 0.106 seconds
[2024-06-04T08:11:06.508+0000] {processor.py:161} INFO - Started process (PID=2417) to work on /opt/airflow/dags/dag_example_external_task_sensor.py
[2024-06-04T08:11:06.510+0000] {processor.py:830} INFO - Processing file /opt/airflow/dags/dag_example_external_task_sensor.py for tasks to queue
[2024-06-04T08:11:06.512+0000] {logging_mixin.py:188} INFO - [2024-06-04T08:11:06.511+0000] {dagbag.py:540} INFO - Filling up the DagBag from /opt/airflow/dags/dag_example_external_task_sensor.py
[2024-06-04T08:11:06.519+0000] {processor.py:840} INFO - DAG(s) 'dag_example_external_task_sensor' retrieved from /opt/airflow/dags/dag_example_external_task_sensor.py
[2024-06-04T08:11:06.547+0000] {logging_mixin.py:188} INFO - [2024-06-04T08:11:06.546+0000] {dag.py:3047} INFO - Sync 1 DAGs
[2024-06-04T08:11:06.606+0000] {logging_mixin.py:188} INFO - [2024-06-04T08:11:06.605+0000] {dag.py:3834} INFO - Setting next_dagrun for dag_example_external_task_sensor to 2024-06-03 00:00:00+00:00, run_after=2024-06-04 00:00:00+00:00
[2024-06-04T08:11:06.627+0000] {processor.py:183} INFO - Processing /opt/airflow/dags/dag_example_external_task_sensor.py took 0.122 seconds
[2024-06-04T08:11:36.795+0000] {processor.py:161} INFO - Started process (PID=2476) to work on /opt/airflow/dags/dag_example_external_task_sensor.py
[2024-06-04T08:11:36.797+0000] {processor.py:830} INFO - Processing file /opt/airflow/dags/dag_example_external_task_sensor.py for tasks to queue
[2024-06-04T08:11:36.799+0000] {logging_mixin.py:188} INFO - [2024-06-04T08:11:36.798+0000] {dagbag.py:540} INFO - Filling up the DagBag from /opt/airflow/dags/dag_example_external_task_sensor.py
[2024-06-04T08:11:36.807+0000] {processor.py:840} INFO - DAG(s) 'dag_example_external_task_sensor' retrieved from /opt/airflow/dags/dag_example_external_task_sensor.py
[2024-06-04T08:11:36.838+0000] {logging_mixin.py:188} INFO - [2024-06-04T08:11:36.838+0000] {dag.py:3047} INFO - Sync 1 DAGs
[2024-06-04T08:11:36.903+0000] {logging_mixin.py:188} INFO - [2024-06-04T08:11:36.903+0000] {dag.py:3834} INFO - Setting next_dagrun for dag_example_external_task_sensor to 2024-06-03 00:00:00+00:00, run_after=2024-06-04 00:00:00+00:00
[2024-06-04T08:11:36.929+0000] {processor.py:183} INFO - Processing /opt/airflow/dags/dag_example_external_task_sensor.py took 0.138 seconds
[2024-06-04T08:12:06.969+0000] {processor.py:161} INFO - Started process (PID=2535) to work on /opt/airflow/dags/dag_example_external_task_sensor.py
[2024-06-04T08:12:06.970+0000] {processor.py:830} INFO - Processing file /opt/airflow/dags/dag_example_external_task_sensor.py for tasks to queue
[2024-06-04T08:12:06.972+0000] {logging_mixin.py:188} INFO - [2024-06-04T08:12:06.971+0000] {dagbag.py:540} INFO - Filling up the DagBag from /opt/airflow/dags/dag_example_external_task_sensor.py
[2024-06-04T08:12:06.978+0000] {processor.py:840} INFO - DAG(s) 'dag_example_external_task_sensor' retrieved from /opt/airflow/dags/dag_example_external_task_sensor.py
[2024-06-04T08:12:07.000+0000] {logging_mixin.py:188} INFO - [2024-06-04T08:12:07.000+0000] {dag.py:3047} INFO - Sync 1 DAGs
[2024-06-04T08:12:07.040+0000] {logging_mixin.py:188} INFO - [2024-06-04T08:12:07.040+0000] {dag.py:3834} INFO - Setting next_dagrun for dag_example_external_task_sensor to 2024-06-03 00:00:00+00:00, run_after=2024-06-04 00:00:00+00:00
[2024-06-04T08:12:07.063+0000] {processor.py:183} INFO - Processing /opt/airflow/dags/dag_example_external_task_sensor.py took 0.097 seconds
[2024-06-04T08:12:37.175+0000] {processor.py:161} INFO - Started process (PID=2594) to work on /opt/airflow/dags/dag_example_external_task_sensor.py
[2024-06-04T08:12:37.176+0000] {processor.py:830} INFO - Processing file /opt/airflow/dags/dag_example_external_task_sensor.py for tasks to queue
[2024-06-04T08:12:37.179+0000] {logging_mixin.py:188} INFO - [2024-06-04T08:12:37.178+0000] {dagbag.py:540} INFO - Filling up the DagBag from /opt/airflow/dags/dag_example_external_task_sensor.py
[2024-06-04T08:12:37.186+0000] {processor.py:840} INFO - DAG(s) 'dag_example_external_task_sensor' retrieved from /opt/airflow/dags/dag_example_external_task_sensor.py
[2024-06-04T08:12:37.212+0000] {logging_mixin.py:188} INFO - [2024-06-04T08:12:37.211+0000] {dag.py:3047} INFO - Sync 1 DAGs
[2024-06-04T08:12:37.240+0000] {logging_mixin.py:188} INFO - [2024-06-04T08:12:37.239+0000] {dag.py:3834} INFO - Setting next_dagrun for dag_example_external_task_sensor to 2024-06-03 00:00:00+00:00, run_after=2024-06-04 00:00:00+00:00
[2024-06-04T08:12:37.263+0000] {processor.py:183} INFO - Processing /opt/airflow/dags/dag_example_external_task_sensor.py took 0.092 seconds
[2024-06-04T08:13:07.454+0000] {processor.py:161} INFO - Started process (PID=2658) to work on /opt/airflow/dags/dag_example_external_task_sensor.py
[2024-06-04T08:13:07.456+0000] {processor.py:830} INFO - Processing file /opt/airflow/dags/dag_example_external_task_sensor.py for tasks to queue
[2024-06-04T08:13:07.458+0000] {logging_mixin.py:188} INFO - [2024-06-04T08:13:07.458+0000] {dagbag.py:540} INFO - Filling up the DagBag from /opt/airflow/dags/dag_example_external_task_sensor.py
[2024-06-04T08:13:07.467+0000] {processor.py:840} INFO - DAG(s) 'dag_example_external_task_sensor' retrieved from /opt/airflow/dags/dag_example_external_task_sensor.py
[2024-06-04T08:13:07.499+0000] {logging_mixin.py:188} INFO - [2024-06-04T08:13:07.499+0000] {dag.py:3047} INFO - Sync 1 DAGs
[2024-06-04T08:13:07.533+0000] {logging_mixin.py:188} INFO - [2024-06-04T08:13:07.533+0000] {dag.py:3834} INFO - Setting next_dagrun for dag_example_external_task_sensor to 2024-06-03 00:00:00+00:00, run_after=2024-06-04 00:00:00+00:00
[2024-06-04T08:13:07.562+0000] {processor.py:183} INFO - Processing /opt/airflow/dags/dag_example_external_task_sensor.py took 0.112 seconds
[2024-06-04T08:13:38.410+0000] {processor.py:161} INFO - Started process (PID=2717) to work on /opt/airflow/dags/dag_example_external_task_sensor.py
[2024-06-04T08:13:38.411+0000] {processor.py:830} INFO - Processing file /opt/airflow/dags/dag_example_external_task_sensor.py for tasks to queue
[2024-06-04T08:13:38.414+0000] {logging_mixin.py:188} INFO - [2024-06-04T08:13:38.414+0000] {dagbag.py:540} INFO - Filling up the DagBag from /opt/airflow/dags/dag_example_external_task_sensor.py
[2024-06-04T08:13:38.424+0000] {processor.py:840} INFO - DAG(s) 'dag_example_external_task_sensor' retrieved from /opt/airflow/dags/dag_example_external_task_sensor.py
[2024-06-04T08:13:38.634+0000] {logging_mixin.py:188} INFO - [2024-06-04T08:13:38.632+0000] {dag.py:3047} INFO - Sync 1 DAGs
[2024-06-04T08:13:38.711+0000] {logging_mixin.py:188} INFO - [2024-06-04T08:13:38.711+0000] {dag.py:3834} INFO - Setting next_dagrun for dag_example_external_task_sensor to 2024-06-03 00:00:00+00:00, run_after=2024-06-04 00:00:00+00:00
[2024-06-04T08:13:38.760+0000] {processor.py:183} INFO - Processing /opt/airflow/dags/dag_example_external_task_sensor.py took 0.355 seconds
[2024-06-04T08:14:09.821+0000] {processor.py:161} INFO - Started process (PID=2776) to work on /opt/airflow/dags/dag_example_external_task_sensor.py
[2024-06-04T08:14:09.822+0000] {processor.py:830} INFO - Processing file /opt/airflow/dags/dag_example_external_task_sensor.py for tasks to queue
[2024-06-04T08:14:09.825+0000] {logging_mixin.py:188} INFO - [2024-06-04T08:14:09.824+0000] {dagbag.py:540} INFO - Filling up the DagBag from /opt/airflow/dags/dag_example_external_task_sensor.py
[2024-06-04T08:14:09.833+0000] {processor.py:840} INFO - DAG(s) 'dag_example_external_task_sensor' retrieved from /opt/airflow/dags/dag_example_external_task_sensor.py
[2024-06-04T08:14:09.864+0000] {logging_mixin.py:188} INFO - [2024-06-04T08:14:09.864+0000] {dag.py:3047} INFO - Sync 1 DAGs
[2024-06-04T08:14:09.894+0000] {logging_mixin.py:188} INFO - [2024-06-04T08:14:09.893+0000] {dag.py:3834} INFO - Setting next_dagrun for dag_example_external_task_sensor to 2024-06-03 00:00:00+00:00, run_after=2024-06-04 00:00:00+00:00
[2024-06-04T08:14:09.927+0000] {processor.py:183} INFO - Processing /opt/airflow/dags/dag_example_external_task_sensor.py took 0.111 seconds
[2024-06-04T08:14:40.629+0000] {processor.py:161} INFO - Started process (PID=2835) to work on /opt/airflow/dags/dag_example_external_task_sensor.py
[2024-06-04T08:14:40.630+0000] {processor.py:830} INFO - Processing file /opt/airflow/dags/dag_example_external_task_sensor.py for tasks to queue
[2024-06-04T08:14:40.632+0000] {logging_mixin.py:188} INFO - [2024-06-04T08:14:40.632+0000] {dagbag.py:540} INFO - Filling up the DagBag from /opt/airflow/dags/dag_example_external_task_sensor.py
[2024-06-04T08:14:40.640+0000] {processor.py:840} INFO - DAG(s) 'dag_example_external_task_sensor' retrieved from /opt/airflow/dags/dag_example_external_task_sensor.py
[2024-06-04T08:14:40.670+0000] {logging_mixin.py:188} INFO - [2024-06-04T08:14:40.669+0000] {dag.py:3047} INFO - Sync 1 DAGs
[2024-06-04T08:14:40.696+0000] {logging_mixin.py:188} INFO - [2024-06-04T08:14:40.696+0000] {dag.py:3834} INFO - Setting next_dagrun for dag_example_external_task_sensor to 2024-06-03 00:00:00+00:00, run_after=2024-06-04 00:00:00+00:00
[2024-06-04T08:14:40.718+0000] {processor.py:183} INFO - Processing /opt/airflow/dags/dag_example_external_task_sensor.py took 0.093 seconds
[2024-06-04T08:15:11.914+0000] {processor.py:161} INFO - Started process (PID=2913) to work on /opt/airflow/dags/dag_example_external_task_sensor.py
[2024-06-04T08:15:12.003+0000] {processor.py:830} INFO - Processing file /opt/airflow/dags/dag_example_external_task_sensor.py for tasks to queue
[2024-06-04T08:15:12.006+0000] {logging_mixin.py:188} INFO - [2024-06-04T08:15:12.006+0000] {dagbag.py:540} INFO - Filling up the DagBag from /opt/airflow/dags/dag_example_external_task_sensor.py
[2024-06-04T08:15:12.115+0000] {processor.py:840} INFO - DAG(s) 'dag_example_external_task_sensor' retrieved from /opt/airflow/dags/dag_example_external_task_sensor.py
[2024-06-04T08:15:12.507+0000] {logging_mixin.py:188} INFO - [2024-06-04T08:15:12.506+0000] {dag.py:3047} INFO - Sync 1 DAGs
[2024-06-04T08:15:12.808+0000] {logging_mixin.py:188} INFO - [2024-06-04T08:15:12.807+0000] {dag.py:3834} INFO - Setting next_dagrun for dag_example_external_task_sensor to 2024-06-03 00:00:00+00:00, run_after=2024-06-04 00:00:00+00:00
[2024-06-04T08:15:13.301+0000] {processor.py:183} INFO - Processing /opt/airflow/dags/dag_example_external_task_sensor.py took 1.401 seconds
[2024-06-04T08:15:44.708+0000] {processor.py:161} INFO - Started process (PID=2986) to work on /opt/airflow/dags/dag_example_external_task_sensor.py
[2024-06-04T08:15:44.710+0000] {processor.py:830} INFO - Processing file /opt/airflow/dags/dag_example_external_task_sensor.py for tasks to queue
[2024-06-04T08:15:44.723+0000] {logging_mixin.py:188} INFO - [2024-06-04T08:15:44.722+0000] {dagbag.py:540} INFO - Filling up the DagBag from /opt/airflow/dags/dag_example_external_task_sensor.py
[2024-06-04T08:15:44.813+0000] {processor.py:840} INFO - DAG(s) 'dag_example_external_task_sensor' retrieved from /opt/airflow/dags/dag_example_external_task_sensor.py
[2024-06-04T08:15:45.104+0000] {logging_mixin.py:188} INFO - [2024-06-04T08:15:45.104+0000] {dag.py:3047} INFO - Sync 1 DAGs
[2024-06-04T08:15:45.403+0000] {logging_mixin.py:188} INFO - [2024-06-04T08:15:45.402+0000] {dag.py:3834} INFO - Setting next_dagrun for dag_example_external_task_sensor to 2024-06-03 00:00:00+00:00, run_after=2024-06-04 00:00:00+00:00
[2024-06-04T08:15:45.714+0000] {processor.py:183} INFO - Processing /opt/airflow/dags/dag_example_external_task_sensor.py took 1.101 seconds
[2024-06-04T08:16:16.600+0000] {processor.py:161} INFO - Started process (PID=3052) to work on /opt/airflow/dags/dag_example_external_task_sensor.py
[2024-06-04T08:16:16.604+0000] {processor.py:830} INFO - Processing file /opt/airflow/dags/dag_example_external_task_sensor.py for tasks to queue
[2024-06-04T08:16:16.607+0000] {logging_mixin.py:188} INFO - [2024-06-04T08:16:16.606+0000] {dagbag.py:540} INFO - Filling up the DagBag from /opt/airflow/dags/dag_example_external_task_sensor.py
[2024-06-04T08:16:16.701+0000] {processor.py:840} INFO - DAG(s) 'dag_example_external_task_sensor' retrieved from /opt/airflow/dags/dag_example_external_task_sensor.py
[2024-06-04T08:16:16.913+0000] {logging_mixin.py:188} INFO - [2024-06-04T08:16:16.913+0000] {dag.py:3047} INFO - Sync 1 DAGs
[2024-06-04T08:16:17.211+0000] {logging_mixin.py:188} INFO - [2024-06-04T08:16:17.211+0000] {dag.py:3834} INFO - Setting next_dagrun for dag_example_external_task_sensor to 2024-06-03 00:00:00+00:00, run_after=2024-06-04 00:00:00+00:00
[2024-06-04T08:16:17.413+0000] {processor.py:183} INFO - Processing /opt/airflow/dags/dag_example_external_task_sensor.py took 0.896 seconds
[2024-06-04T08:16:48.523+0000] {processor.py:161} INFO - Started process (PID=3153) to work on /opt/airflow/dags/dag_example_external_task_sensor.py
[2024-06-04T08:16:48.601+0000] {processor.py:830} INFO - Processing file /opt/airflow/dags/dag_example_external_task_sensor.py for tasks to queue
[2024-06-04T08:16:48.605+0000] {logging_mixin.py:188} INFO - [2024-06-04T08:16:48.605+0000] {dagbag.py:540} INFO - Filling up the DagBag from /opt/airflow/dags/dag_example_external_task_sensor.py
[2024-06-04T08:16:48.616+0000] {processor.py:840} INFO - DAG(s) 'dag_example_external_task_sensor' retrieved from /opt/airflow/dags/dag_example_external_task_sensor.py
[2024-06-04T08:16:49.009+0000] {logging_mixin.py:188} INFO - [2024-06-04T08:16:49.009+0000] {dag.py:3047} INFO - Sync 1 DAGs
[2024-06-04T08:16:49.303+0000] {logging_mixin.py:188} INFO - [2024-06-04T08:16:49.302+0000] {dag.py:3834} INFO - Setting next_dagrun for dag_example_external_task_sensor to 2024-06-03 00:00:00+00:00, run_after=2024-06-04 00:00:00+00:00
[2024-06-04T08:16:49.511+0000] {processor.py:183} INFO - Processing /opt/airflow/dags/dag_example_external_task_sensor.py took 0.993 seconds
[2024-06-04T08:17:20.009+0000] {processor.py:161} INFO - Started process (PID=3216) to work on /opt/airflow/dags/dag_example_external_task_sensor.py
[2024-06-04T08:17:20.012+0000] {processor.py:830} INFO - Processing file /opt/airflow/dags/dag_example_external_task_sensor.py for tasks to queue
[2024-06-04T08:17:20.015+0000] {logging_mixin.py:188} INFO - [2024-06-04T08:17:20.014+0000] {dagbag.py:540} INFO - Filling up the DagBag from /opt/airflow/dags/dag_example_external_task_sensor.py
[2024-06-04T08:17:20.113+0000] {processor.py:840} INFO - DAG(s) 'dag_example_external_task_sensor' retrieved from /opt/airflow/dags/dag_example_external_task_sensor.py
[2024-06-04T08:17:20.305+0000] {logging_mixin.py:188} INFO - [2024-06-04T08:17:20.305+0000] {dag.py:3047} INFO - Sync 1 DAGs
[2024-06-04T08:17:20.510+0000] {logging_mixin.py:188} INFO - [2024-06-04T08:17:20.510+0000] {dag.py:3834} INFO - Setting next_dagrun for dag_example_external_task_sensor to 2024-06-03 00:00:00+00:00, run_after=2024-06-04 00:00:00+00:00
[2024-06-04T08:17:20.802+0000] {processor.py:183} INFO - Processing /opt/airflow/dags/dag_example_external_task_sensor.py took 0.891 seconds
