[2024-06-04T07:51:18.117+0000] {processor.py:161} INFO - Started process (PID=159) to work on /opt/airflow/dags/dag_example_versioning_branching.py
[2024-06-04T07:51:18.119+0000] {processor.py:830} INFO - Processing file /opt/airflow/dags/dag_example_versioning_branching.py for tasks to queue
[2024-06-04T07:51:18.121+0000] {logging_mixin.py:188} INFO - [2024-06-04T07:51:18.121+0000] {dagbag.py:540} INFO - Filling up the DagBag from /opt/airflow/dags/dag_example_versioning_branching.py
[2024-06-04T07:51:18.136+0000] {processor.py:840} INFO - DAG(s) 'dag_versioning_example' retrieved from /opt/airflow/dags/dag_example_versioning_branching.py
[2024-06-04T07:51:18.504+0000] {logging_mixin.py:188} INFO - [2024-06-04T07:51:18.503+0000] {override.py:1769} INFO - Created Permission View: can edit on DAG:dag_versioning_example
[2024-06-04T07:51:18.523+0000] {logging_mixin.py:188} INFO - [2024-06-04T07:51:18.523+0000] {override.py:1769} INFO - Created Permission View: can delete on DAG:dag_versioning_example
[2024-06-04T07:51:18.532+0000] {logging_mixin.py:188} INFO - [2024-06-04T07:51:18.532+0000] {override.py:1769} INFO - Created Permission View: can read on DAG:dag_versioning_example
[2024-06-04T07:51:18.533+0000] {logging_mixin.py:188} INFO - [2024-06-04T07:51:18.533+0000] {dag.py:3047} INFO - Sync 1 DAGs
[2024-06-04T07:51:18.605+0000] {logging_mixin.py:188} INFO - [2024-06-04T07:51:18.604+0000] {dag.py:3069} INFO - Creating ORM DAG for dag_versioning_example
[2024-06-04T07:51:18.635+0000] {logging_mixin.py:188} INFO - [2024-06-04T07:51:18.635+0000] {dag.py:3834} INFO - Setting next_dagrun for dag_versioning_example to 2024-06-03 00:00:00+00:00, run_after=2024-06-04 00:00:00+00:00
[2024-06-04T07:51:18.710+0000] {processor.py:183} INFO - Processing /opt/airflow/dags/dag_example_versioning_branching.py took 0.598 seconds
[2024-06-04T07:51:48.779+0000] {processor.py:161} INFO - Started process (PID=217) to work on /opt/airflow/dags/dag_example_versioning_branching.py
[2024-06-04T07:51:48.781+0000] {processor.py:830} INFO - Processing file /opt/airflow/dags/dag_example_versioning_branching.py for tasks to queue
[2024-06-04T07:51:48.782+0000] {logging_mixin.py:188} INFO - [2024-06-04T07:51:48.782+0000] {dagbag.py:540} INFO - Filling up the DagBag from /opt/airflow/dags/dag_example_versioning_branching.py
[2024-06-04T07:51:48.791+0000] {processor.py:840} INFO - DAG(s) 'dag_versioning_example' retrieved from /opt/airflow/dags/dag_example_versioning_branching.py
[2024-06-04T07:51:48.819+0000] {logging_mixin.py:188} INFO - [2024-06-04T07:51:48.819+0000] {dag.py:3047} INFO - Sync 1 DAGs
[2024-06-04T07:51:48.845+0000] {logging_mixin.py:188} INFO - [2024-06-04T07:51:48.845+0000] {dag.py:3834} INFO - Setting next_dagrun for dag_versioning_example to 2024-06-03 00:00:00+00:00, run_after=2024-06-04 00:00:00+00:00
[2024-06-04T07:51:48.867+0000] {processor.py:183} INFO - Processing /opt/airflow/dags/dag_example_versioning_branching.py took 0.092 seconds
[2024-06-04T07:52:19.329+0000] {processor.py:161} INFO - Started process (PID=275) to work on /opt/airflow/dags/dag_example_versioning_branching.py
[2024-06-04T07:52:19.330+0000] {processor.py:830} INFO - Processing file /opt/airflow/dags/dag_example_versioning_branching.py for tasks to queue
[2024-06-04T07:52:19.332+0000] {logging_mixin.py:188} INFO - [2024-06-04T07:52:19.332+0000] {dagbag.py:540} INFO - Filling up the DagBag from /opt/airflow/dags/dag_example_versioning_branching.py
[2024-06-04T07:52:19.342+0000] {processor.py:840} INFO - DAG(s) 'dag_versioning_example' retrieved from /opt/airflow/dags/dag_example_versioning_branching.py
[2024-06-04T07:52:19.419+0000] {logging_mixin.py:188} INFO - [2024-06-04T07:52:19.419+0000] {dag.py:3047} INFO - Sync 1 DAGs
[2024-06-04T07:52:19.447+0000] {logging_mixin.py:188} INFO - [2024-06-04T07:52:19.447+0000] {dag.py:3834} INFO - Setting next_dagrun for dag_versioning_example to 2024-06-03 00:00:00+00:00, run_after=2024-06-04 00:00:00+00:00
[2024-06-04T07:52:19.505+0000] {processor.py:183} INFO - Processing /opt/airflow/dags/dag_example_versioning_branching.py took 0.180 seconds
[2024-06-04T07:52:49.559+0000] {processor.py:161} INFO - Started process (PID=333) to work on /opt/airflow/dags/dag_example_versioning_branching.py
[2024-06-04T07:52:49.560+0000] {processor.py:830} INFO - Processing file /opt/airflow/dags/dag_example_versioning_branching.py for tasks to queue
[2024-06-04T07:52:49.562+0000] {logging_mixin.py:188} INFO - [2024-06-04T07:52:49.561+0000] {dagbag.py:540} INFO - Filling up the DagBag from /opt/airflow/dags/dag_example_versioning_branching.py
[2024-06-04T07:52:49.570+0000] {processor.py:840} INFO - DAG(s) 'dag_versioning_example' retrieved from /opt/airflow/dags/dag_example_versioning_branching.py
[2024-06-04T07:52:49.593+0000] {logging_mixin.py:188} INFO - [2024-06-04T07:52:49.593+0000] {dag.py:3047} INFO - Sync 1 DAGs
[2024-06-04T07:52:49.618+0000] {logging_mixin.py:188} INFO - [2024-06-04T07:52:49.617+0000] {dag.py:3834} INFO - Setting next_dagrun for dag_versioning_example to 2024-06-03 00:00:00+00:00, run_after=2024-06-04 00:00:00+00:00
[2024-06-04T07:52:49.637+0000] {processor.py:183} INFO - Processing /opt/airflow/dags/dag_example_versioning_branching.py took 0.082 seconds
[2024-06-04T07:53:19.827+0000] {processor.py:161} INFO - Started process (PID=391) to work on /opt/airflow/dags/dag_example_versioning_branching.py
[2024-06-04T07:53:19.829+0000] {processor.py:830} INFO - Processing file /opt/airflow/dags/dag_example_versioning_branching.py for tasks to queue
[2024-06-04T07:53:19.832+0000] {logging_mixin.py:188} INFO - [2024-06-04T07:53:19.831+0000] {dagbag.py:540} INFO - Filling up the DagBag from /opt/airflow/dags/dag_example_versioning_branching.py
[2024-06-04T07:53:19.843+0000] {processor.py:840} INFO - DAG(s) 'dag_versioning_example' retrieved from /opt/airflow/dags/dag_example_versioning_branching.py
[2024-06-04T07:53:19.868+0000] {logging_mixin.py:188} INFO - [2024-06-04T07:53:19.867+0000] {dag.py:3047} INFO - Sync 1 DAGs
[2024-06-04T07:53:19.891+0000] {logging_mixin.py:188} INFO - [2024-06-04T07:53:19.890+0000] {dag.py:3834} INFO - Setting next_dagrun for dag_versioning_example to 2024-06-03 00:00:00+00:00, run_after=2024-06-04 00:00:00+00:00
[2024-06-04T07:53:19.909+0000] {processor.py:183} INFO - Processing /opt/airflow/dags/dag_example_versioning_branching.py took 0.087 seconds
[2024-06-04T07:53:50.231+0000] {processor.py:161} INFO - Started process (PID=449) to work on /opt/airflow/dags/dag_example_versioning_branching.py
[2024-06-04T07:53:50.232+0000] {processor.py:830} INFO - Processing file /opt/airflow/dags/dag_example_versioning_branching.py for tasks to queue
[2024-06-04T07:53:50.235+0000] {logging_mixin.py:188} INFO - [2024-06-04T07:53:50.234+0000] {dagbag.py:540} INFO - Filling up the DagBag from /opt/airflow/dags/dag_example_versioning_branching.py
[2024-06-04T07:53:50.243+0000] {processor.py:840} INFO - DAG(s) 'dag_versioning_example' retrieved from /opt/airflow/dags/dag_example_versioning_branching.py
[2024-06-04T07:53:50.267+0000] {logging_mixin.py:188} INFO - [2024-06-04T07:53:50.267+0000] {dag.py:3047} INFO - Sync 1 DAGs
[2024-06-04T07:53:50.290+0000] {logging_mixin.py:188} INFO - [2024-06-04T07:53:50.290+0000] {dag.py:3834} INFO - Setting next_dagrun for dag_versioning_example to 2024-06-03 00:00:00+00:00, run_after=2024-06-04 00:00:00+00:00
[2024-06-04T07:53:50.309+0000] {processor.py:183} INFO - Processing /opt/airflow/dags/dag_example_versioning_branching.py took 0.081 seconds
[2024-06-04T07:54:20.643+0000] {processor.py:161} INFO - Started process (PID=507) to work on /opt/airflow/dags/dag_example_versioning_branching.py
[2024-06-04T07:54:20.645+0000] {processor.py:830} INFO - Processing file /opt/airflow/dags/dag_example_versioning_branching.py for tasks to queue
[2024-06-04T07:54:20.647+0000] {logging_mixin.py:188} INFO - [2024-06-04T07:54:20.646+0000] {dagbag.py:540} INFO - Filling up the DagBag from /opt/airflow/dags/dag_example_versioning_branching.py
[2024-06-04T07:54:20.655+0000] {processor.py:840} INFO - DAG(s) 'dag_versioning_example' retrieved from /opt/airflow/dags/dag_example_versioning_branching.py
[2024-06-04T07:54:20.678+0000] {logging_mixin.py:188} INFO - [2024-06-04T07:54:20.678+0000] {dag.py:3047} INFO - Sync 1 DAGs
[2024-06-04T07:54:20.703+0000] {logging_mixin.py:188} INFO - [2024-06-04T07:54:20.702+0000] {dag.py:3834} INFO - Setting next_dagrun for dag_versioning_example to 2024-06-03 00:00:00+00:00, run_after=2024-06-04 00:00:00+00:00
[2024-06-04T07:54:20.723+0000] {processor.py:183} INFO - Processing /opt/airflow/dags/dag_example_versioning_branching.py took 0.084 seconds
[2024-06-04T07:54:50.974+0000] {processor.py:161} INFO - Started process (PID=565) to work on /opt/airflow/dags/dag_example_versioning_branching.py
[2024-06-04T07:54:50.975+0000] {processor.py:830} INFO - Processing file /opt/airflow/dags/dag_example_versioning_branching.py for tasks to queue
[2024-06-04T07:54:50.977+0000] {logging_mixin.py:188} INFO - [2024-06-04T07:54:50.976+0000] {dagbag.py:540} INFO - Filling up the DagBag from /opt/airflow/dags/dag_example_versioning_branching.py
[2024-06-04T07:54:50.985+0000] {processor.py:840} INFO - DAG(s) 'dag_versioning_example' retrieved from /opt/airflow/dags/dag_example_versioning_branching.py
[2024-06-04T07:54:51.008+0000] {logging_mixin.py:188} INFO - [2024-06-04T07:54:51.008+0000] {dag.py:3047} INFO - Sync 1 DAGs
[2024-06-04T07:54:51.038+0000] {logging_mixin.py:188} INFO - [2024-06-04T07:54:51.037+0000] {dag.py:3834} INFO - Setting next_dagrun for dag_versioning_example to 2024-06-03 00:00:00+00:00, run_after=2024-06-04 00:00:00+00:00
[2024-06-04T07:54:51.058+0000] {processor.py:183} INFO - Processing /opt/airflow/dags/dag_example_versioning_branching.py took 0.088 seconds
[2024-06-04T07:55:21.225+0000] {processor.py:161} INFO - Started process (PID=623) to work on /opt/airflow/dags/dag_example_versioning_branching.py
[2024-06-04T07:55:21.227+0000] {processor.py:830} INFO - Processing file /opt/airflow/dags/dag_example_versioning_branching.py for tasks to queue
[2024-06-04T07:55:21.229+0000] {logging_mixin.py:188} INFO - [2024-06-04T07:55:21.228+0000] {dagbag.py:540} INFO - Filling up the DagBag from /opt/airflow/dags/dag_example_versioning_branching.py
[2024-06-04T07:55:21.237+0000] {processor.py:840} INFO - DAG(s) 'dag_versioning_example' retrieved from /opt/airflow/dags/dag_example_versioning_branching.py
[2024-06-04T07:55:21.263+0000] {logging_mixin.py:188} INFO - [2024-06-04T07:55:21.263+0000] {dag.py:3047} INFO - Sync 1 DAGs
[2024-06-04T07:55:21.287+0000] {logging_mixin.py:188} INFO - [2024-06-04T07:55:21.287+0000] {dag.py:3834} INFO - Setting next_dagrun for dag_versioning_example to 2024-06-03 00:00:00+00:00, run_after=2024-06-04 00:00:00+00:00
[2024-06-04T07:55:21.320+0000] {processor.py:183} INFO - Processing /opt/airflow/dags/dag_example_versioning_branching.py took 0.098 seconds
[2024-06-04T07:55:52.113+0000] {processor.py:161} INFO - Started process (PID=681) to work on /opt/airflow/dags/dag_example_versioning_branching.py
[2024-06-04T07:55:52.114+0000] {processor.py:830} INFO - Processing file /opt/airflow/dags/dag_example_versioning_branching.py for tasks to queue
[2024-06-04T07:55:52.116+0000] {logging_mixin.py:188} INFO - [2024-06-04T07:55:52.115+0000] {dagbag.py:540} INFO - Filling up the DagBag from /opt/airflow/dags/dag_example_versioning_branching.py
[2024-06-04T07:55:52.126+0000] {processor.py:840} INFO - DAG(s) 'dag_versioning_example' retrieved from /opt/airflow/dags/dag_example_versioning_branching.py
[2024-06-04T07:55:52.152+0000] {logging_mixin.py:188} INFO - [2024-06-04T07:55:52.151+0000] {dag.py:3047} INFO - Sync 1 DAGs
[2024-06-04T07:55:52.177+0000] {logging_mixin.py:188} INFO - [2024-06-04T07:55:52.177+0000] {dag.py:3834} INFO - Setting next_dagrun for dag_versioning_example to 2024-06-03 00:00:00+00:00, run_after=2024-06-04 00:00:00+00:00
[2024-06-04T07:55:52.194+0000] {processor.py:183} INFO - Processing /opt/airflow/dags/dag_example_versioning_branching.py took 0.086 seconds
[2024-06-04T07:56:22.830+0000] {processor.py:161} INFO - Started process (PID=739) to work on /opt/airflow/dags/dag_example_versioning_branching.py
[2024-06-04T07:56:22.832+0000] {processor.py:830} INFO - Processing file /opt/airflow/dags/dag_example_versioning_branching.py for tasks to queue
[2024-06-04T07:56:22.833+0000] {logging_mixin.py:188} INFO - [2024-06-04T07:56:22.833+0000] {dagbag.py:540} INFO - Filling up the DagBag from /opt/airflow/dags/dag_example_versioning_branching.py
[2024-06-04T07:56:22.842+0000] {processor.py:840} INFO - DAG(s) 'dag_versioning_example' retrieved from /opt/airflow/dags/dag_example_versioning_branching.py
[2024-06-04T07:56:22.865+0000] {logging_mixin.py:188} INFO - [2024-06-04T07:56:22.865+0000] {dag.py:3047} INFO - Sync 1 DAGs
[2024-06-04T07:56:22.891+0000] {logging_mixin.py:188} INFO - [2024-06-04T07:56:22.891+0000] {dag.py:3834} INFO - Setting next_dagrun for dag_versioning_example to 2024-06-03 00:00:00+00:00, run_after=2024-06-04 00:00:00+00:00
[2024-06-04T07:56:22.911+0000] {processor.py:183} INFO - Processing /opt/airflow/dags/dag_example_versioning_branching.py took 0.085 seconds
[2024-06-04T07:56:53.349+0000] {processor.py:161} INFO - Started process (PID=797) to work on /opt/airflow/dags/dag_example_versioning_branching.py
[2024-06-04T07:56:53.350+0000] {processor.py:830} INFO - Processing file /opt/airflow/dags/dag_example_versioning_branching.py for tasks to queue
[2024-06-04T07:56:53.352+0000] {logging_mixin.py:188} INFO - [2024-06-04T07:56:53.351+0000] {dagbag.py:540} INFO - Filling up the DagBag from /opt/airflow/dags/dag_example_versioning_branching.py
[2024-06-04T07:56:53.360+0000] {processor.py:840} INFO - DAG(s) 'dag_versioning_example' retrieved from /opt/airflow/dags/dag_example_versioning_branching.py
[2024-06-04T07:56:53.380+0000] {logging_mixin.py:188} INFO - [2024-06-04T07:56:53.379+0000] {dag.py:3047} INFO - Sync 1 DAGs
[2024-06-04T07:56:53.401+0000] {logging_mixin.py:188} INFO - [2024-06-04T07:56:53.401+0000] {dag.py:3834} INFO - Setting next_dagrun for dag_versioning_example to 2024-06-03 00:00:00+00:00, run_after=2024-06-04 00:00:00+00:00
[2024-06-04T07:56:53.419+0000] {processor.py:183} INFO - Processing /opt/airflow/dags/dag_example_versioning_branching.py took 0.075 seconds
[2024-06-04T07:57:23.880+0000] {processor.py:161} INFO - Started process (PID=855) to work on /opt/airflow/dags/dag_example_versioning_branching.py
[2024-06-04T07:57:23.881+0000] {processor.py:830} INFO - Processing file /opt/airflow/dags/dag_example_versioning_branching.py for tasks to queue
[2024-06-04T07:57:23.883+0000] {logging_mixin.py:188} INFO - [2024-06-04T07:57:23.883+0000] {dagbag.py:540} INFO - Filling up the DagBag from /opt/airflow/dags/dag_example_versioning_branching.py
[2024-06-04T07:57:23.891+0000] {processor.py:840} INFO - DAG(s) 'dag_versioning_example' retrieved from /opt/airflow/dags/dag_example_versioning_branching.py
[2024-06-04T07:57:23.913+0000] {logging_mixin.py:188} INFO - [2024-06-04T07:57:23.912+0000] {dag.py:3047} INFO - Sync 1 DAGs
[2024-06-04T07:57:23.939+0000] {logging_mixin.py:188} INFO - [2024-06-04T07:57:23.939+0000] {dag.py:3834} INFO - Setting next_dagrun for dag_versioning_example to 2024-06-03 00:00:00+00:00, run_after=2024-06-04 00:00:00+00:00
[2024-06-04T07:57:23.958+0000] {processor.py:183} INFO - Processing /opt/airflow/dags/dag_example_versioning_branching.py took 0.081 seconds
[2024-06-04T07:57:54.394+0000] {processor.py:161} INFO - Started process (PID=913) to work on /opt/airflow/dags/dag_example_versioning_branching.py
[2024-06-04T07:57:54.395+0000] {processor.py:830} INFO - Processing file /opt/airflow/dags/dag_example_versioning_branching.py for tasks to queue
[2024-06-04T07:57:54.397+0000] {logging_mixin.py:188} INFO - [2024-06-04T07:57:54.397+0000] {dagbag.py:540} INFO - Filling up the DagBag from /opt/airflow/dags/dag_example_versioning_branching.py
[2024-06-04T07:57:54.405+0000] {processor.py:840} INFO - DAG(s) 'dag_versioning_example' retrieved from /opt/airflow/dags/dag_example_versioning_branching.py
[2024-06-04T07:57:54.429+0000] {logging_mixin.py:188} INFO - [2024-06-04T07:57:54.428+0000] {dag.py:3047} INFO - Sync 1 DAGs
[2024-06-04T07:57:54.452+0000] {logging_mixin.py:188} INFO - [2024-06-04T07:57:54.452+0000] {dag.py:3834} INFO - Setting next_dagrun for dag_versioning_example to 2024-06-03 00:00:00+00:00, run_after=2024-06-04 00:00:00+00:00
[2024-06-04T07:57:54.470+0000] {processor.py:183} INFO - Processing /opt/airflow/dags/dag_example_versioning_branching.py took 0.080 seconds
[2024-06-04T07:58:24.830+0000] {processor.py:161} INFO - Started process (PID=971) to work on /opt/airflow/dags/dag_example_versioning_branching.py
[2024-06-04T07:58:24.832+0000] {processor.py:830} INFO - Processing file /opt/airflow/dags/dag_example_versioning_branching.py for tasks to queue
[2024-06-04T07:58:24.834+0000] {logging_mixin.py:188} INFO - [2024-06-04T07:58:24.833+0000] {dagbag.py:540} INFO - Filling up the DagBag from /opt/airflow/dags/dag_example_versioning_branching.py
[2024-06-04T07:58:24.843+0000] {processor.py:840} INFO - DAG(s) 'dag_versioning_example' retrieved from /opt/airflow/dags/dag_example_versioning_branching.py
[2024-06-04T07:58:24.867+0000] {logging_mixin.py:188} INFO - [2024-06-04T07:58:24.866+0000] {dag.py:3047} INFO - Sync 1 DAGs
[2024-06-04T07:58:24.891+0000] {logging_mixin.py:188} INFO - [2024-06-04T07:58:24.891+0000] {dag.py:3834} INFO - Setting next_dagrun for dag_versioning_example to 2024-06-03 00:00:00+00:00, run_after=2024-06-04 00:00:00+00:00
[2024-06-04T07:58:24.914+0000] {processor.py:183} INFO - Processing /opt/airflow/dags/dag_example_versioning_branching.py took 0.088 seconds
[2024-06-04T07:58:55.327+0000] {processor.py:161} INFO - Started process (PID=1029) to work on /opt/airflow/dags/dag_example_versioning_branching.py
[2024-06-04T07:58:55.329+0000] {processor.py:830} INFO - Processing file /opt/airflow/dags/dag_example_versioning_branching.py for tasks to queue
[2024-06-04T07:58:55.331+0000] {logging_mixin.py:188} INFO - [2024-06-04T07:58:55.330+0000] {dagbag.py:540} INFO - Filling up the DagBag from /opt/airflow/dags/dag_example_versioning_branching.py
[2024-06-04T07:58:55.339+0000] {processor.py:840} INFO - DAG(s) 'dag_versioning_example' retrieved from /opt/airflow/dags/dag_example_versioning_branching.py
[2024-06-04T07:58:55.419+0000] {logging_mixin.py:188} INFO - [2024-06-04T07:58:55.418+0000] {dag.py:3047} INFO - Sync 1 DAGs
[2024-06-04T07:58:55.443+0000] {logging_mixin.py:188} INFO - [2024-06-04T07:58:55.443+0000] {dag.py:3834} INFO - Setting next_dagrun for dag_versioning_example to 2024-06-03 00:00:00+00:00, run_after=2024-06-04 00:00:00+00:00
[2024-06-04T07:58:55.510+0000] {processor.py:183} INFO - Processing /opt/airflow/dags/dag_example_versioning_branching.py took 0.187 seconds
[2024-06-04T07:59:25.552+0000] {processor.py:161} INFO - Started process (PID=1088) to work on /opt/airflow/dags/dag_example_versioning_branching.py
[2024-06-04T07:59:25.553+0000] {processor.py:830} INFO - Processing file /opt/airflow/dags/dag_example_versioning_branching.py for tasks to queue
[2024-06-04T07:59:25.555+0000] {logging_mixin.py:188} INFO - [2024-06-04T07:59:25.555+0000] {dagbag.py:540} INFO - Filling up the DagBag from /opt/airflow/dags/dag_example_versioning_branching.py
[2024-06-04T07:59:25.563+0000] {processor.py:840} INFO - DAG(s) 'dag_versioning_example' retrieved from /opt/airflow/dags/dag_example_versioning_branching.py
[2024-06-04T07:59:25.587+0000] {logging_mixin.py:188} INFO - [2024-06-04T07:59:25.587+0000] {dag.py:3047} INFO - Sync 1 DAGs
[2024-06-04T07:59:25.611+0000] {logging_mixin.py:188} INFO - [2024-06-04T07:59:25.611+0000] {dag.py:3834} INFO - Setting next_dagrun for dag_versioning_example to 2024-06-03 00:00:00+00:00, run_after=2024-06-04 00:00:00+00:00
[2024-06-04T07:59:25.629+0000] {processor.py:183} INFO - Processing /opt/airflow/dags/dag_example_versioning_branching.py took 0.081 seconds
[2024-06-04T07:59:55.816+0000] {processor.py:161} INFO - Started process (PID=1146) to work on /opt/airflow/dags/dag_example_versioning_branching.py
[2024-06-04T07:59:55.818+0000] {processor.py:830} INFO - Processing file /opt/airflow/dags/dag_example_versioning_branching.py for tasks to queue
[2024-06-04T07:59:55.820+0000] {logging_mixin.py:188} INFO - [2024-06-04T07:59:55.820+0000] {dagbag.py:540} INFO - Filling up the DagBag from /opt/airflow/dags/dag_example_versioning_branching.py
[2024-06-04T07:59:55.829+0000] {processor.py:840} INFO - DAG(s) 'dag_versioning_example' retrieved from /opt/airflow/dags/dag_example_versioning_branching.py
[2024-06-04T07:59:55.849+0000] {logging_mixin.py:188} INFO - [2024-06-04T07:59:55.849+0000] {dag.py:3047} INFO - Sync 1 DAGs
[2024-06-04T07:59:55.874+0000] {logging_mixin.py:188} INFO - [2024-06-04T07:59:55.873+0000] {dag.py:3834} INFO - Setting next_dagrun for dag_versioning_example to 2024-06-03 00:00:00+00:00, run_after=2024-06-04 00:00:00+00:00
[2024-06-04T07:59:55.890+0000] {processor.py:183} INFO - Processing /opt/airflow/dags/dag_example_versioning_branching.py took 0.077 seconds
[2024-06-04T08:00:26.067+0000] {processor.py:161} INFO - Started process (PID=1204) to work on /opt/airflow/dags/dag_example_versioning_branching.py
[2024-06-04T08:00:26.068+0000] {processor.py:830} INFO - Processing file /opt/airflow/dags/dag_example_versioning_branching.py for tasks to queue
[2024-06-04T08:00:26.070+0000] {logging_mixin.py:188} INFO - [2024-06-04T08:00:26.070+0000] {dagbag.py:540} INFO - Filling up the DagBag from /opt/airflow/dags/dag_example_versioning_branching.py
[2024-06-04T08:00:26.078+0000] {processor.py:840} INFO - DAG(s) 'dag_versioning_example' retrieved from /opt/airflow/dags/dag_example_versioning_branching.py
[2024-06-04T08:00:26.100+0000] {logging_mixin.py:188} INFO - [2024-06-04T08:00:26.100+0000] {dag.py:3047} INFO - Sync 1 DAGs
[2024-06-04T08:00:26.124+0000] {logging_mixin.py:188} INFO - [2024-06-04T08:00:26.124+0000] {dag.py:3834} INFO - Setting next_dagrun for dag_versioning_example to 2024-06-03 00:00:00+00:00, run_after=2024-06-04 00:00:00+00:00
[2024-06-04T08:00:26.147+0000] {processor.py:183} INFO - Processing /opt/airflow/dags/dag_example_versioning_branching.py took 0.083 seconds
[2024-06-04T08:00:56.208+0000] {processor.py:161} INFO - Started process (PID=1262) to work on /opt/airflow/dags/dag_example_versioning_branching.py
[2024-06-04T08:00:56.209+0000] {processor.py:830} INFO - Processing file /opt/airflow/dags/dag_example_versioning_branching.py for tasks to queue
[2024-06-04T08:00:56.211+0000] {logging_mixin.py:188} INFO - [2024-06-04T08:00:56.211+0000] {dagbag.py:540} INFO - Filling up the DagBag from /opt/airflow/dags/dag_example_versioning_branching.py
[2024-06-04T08:00:56.219+0000] {processor.py:840} INFO - DAG(s) 'dag_versioning_example' retrieved from /opt/airflow/dags/dag_example_versioning_branching.py
[2024-06-04T08:00:56.240+0000] {logging_mixin.py:188} INFO - [2024-06-04T08:00:56.240+0000] {dag.py:3047} INFO - Sync 1 DAGs
[2024-06-04T08:00:56.261+0000] {logging_mixin.py:188} INFO - [2024-06-04T08:00:56.261+0000] {dag.py:3834} INFO - Setting next_dagrun for dag_versioning_example to 2024-06-03 00:00:00+00:00, run_after=2024-06-04 00:00:00+00:00
[2024-06-04T08:00:56.277+0000] {processor.py:183} INFO - Processing /opt/airflow/dags/dag_example_versioning_branching.py took 0.073 seconds
[2024-06-04T08:01:26.507+0000] {processor.py:161} INFO - Started process (PID=1320) to work on /opt/airflow/dags/dag_example_versioning_branching.py
[2024-06-04T08:01:26.509+0000] {processor.py:830} INFO - Processing file /opt/airflow/dags/dag_example_versioning_branching.py for tasks to queue
[2024-06-04T08:01:26.511+0000] {logging_mixin.py:188} INFO - [2024-06-04T08:01:26.511+0000] {dagbag.py:540} INFO - Filling up the DagBag from /opt/airflow/dags/dag_example_versioning_branching.py
[2024-06-04T08:01:26.523+0000] {processor.py:840} INFO - DAG(s) 'dag_versioning_example' retrieved from /opt/airflow/dags/dag_example_versioning_branching.py
[2024-06-04T08:01:26.555+0000] {logging_mixin.py:188} INFO - [2024-06-04T08:01:26.554+0000] {dag.py:3047} INFO - Sync 1 DAGs
[2024-06-04T08:01:26.589+0000] {logging_mixin.py:188} INFO - [2024-06-04T08:01:26.588+0000] {dag.py:3834} INFO - Setting next_dagrun for dag_versioning_example to 2024-06-03 00:00:00+00:00, run_after=2024-06-04 00:00:00+00:00
[2024-06-04T08:01:26.614+0000] {processor.py:183} INFO - Processing /opt/airflow/dags/dag_example_versioning_branching.py took 0.112 seconds
[2024-06-04T08:01:56.936+0000] {processor.py:161} INFO - Started process (PID=1378) to work on /opt/airflow/dags/dag_example_versioning_branching.py
[2024-06-04T08:01:56.938+0000] {processor.py:830} INFO - Processing file /opt/airflow/dags/dag_example_versioning_branching.py for tasks to queue
[2024-06-04T08:01:56.940+0000] {logging_mixin.py:188} INFO - [2024-06-04T08:01:56.939+0000] {dagbag.py:540} INFO - Filling up the DagBag from /opt/airflow/dags/dag_example_versioning_branching.py
[2024-06-04T08:01:56.949+0000] {processor.py:840} INFO - DAG(s) 'dag_versioning_example' retrieved from /opt/airflow/dags/dag_example_versioning_branching.py
[2024-06-04T08:01:56.977+0000] {logging_mixin.py:188} INFO - [2024-06-04T08:01:56.976+0000] {dag.py:3047} INFO - Sync 1 DAGs
[2024-06-04T08:01:57.003+0000] {logging_mixin.py:188} INFO - [2024-06-04T08:01:57.002+0000] {dag.py:3834} INFO - Setting next_dagrun for dag_versioning_example to 2024-06-03 00:00:00+00:00, run_after=2024-06-04 00:00:00+00:00
[2024-06-04T08:01:57.025+0000] {processor.py:183} INFO - Processing /opt/airflow/dags/dag_example_versioning_branching.py took 0.093 seconds
[2024-06-04T08:02:27.082+0000] {processor.py:161} INFO - Started process (PID=1436) to work on /opt/airflow/dags/dag_example_versioning_branching.py
[2024-06-04T08:02:27.083+0000] {processor.py:830} INFO - Processing file /opt/airflow/dags/dag_example_versioning_branching.py for tasks to queue
[2024-06-04T08:02:27.085+0000] {logging_mixin.py:188} INFO - [2024-06-04T08:02:27.085+0000] {dagbag.py:540} INFO - Filling up the DagBag from /opt/airflow/dags/dag_example_versioning_branching.py
[2024-06-04T08:02:27.094+0000] {processor.py:840} INFO - DAG(s) 'dag_versioning_example' retrieved from /opt/airflow/dags/dag_example_versioning_branching.py
[2024-06-04T08:02:27.116+0000] {logging_mixin.py:188} INFO - [2024-06-04T08:02:27.115+0000] {dag.py:3047} INFO - Sync 1 DAGs
[2024-06-04T08:02:27.143+0000] {logging_mixin.py:188} INFO - [2024-06-04T08:02:27.142+0000] {dag.py:3834} INFO - Setting next_dagrun for dag_versioning_example to 2024-06-03 00:00:00+00:00, run_after=2024-06-04 00:00:00+00:00
[2024-06-04T08:02:27.167+0000] {processor.py:183} INFO - Processing /opt/airflow/dags/dag_example_versioning_branching.py took 0.088 seconds
[2024-06-04T08:02:57.538+0000] {processor.py:161} INFO - Started process (PID=1494) to work on /opt/airflow/dags/dag_example_versioning_branching.py
[2024-06-04T08:02:57.540+0000] {processor.py:830} INFO - Processing file /opt/airflow/dags/dag_example_versioning_branching.py for tasks to queue
[2024-06-04T08:02:57.542+0000] {logging_mixin.py:188} INFO - [2024-06-04T08:02:57.542+0000] {dagbag.py:540} INFO - Filling up the DagBag from /opt/airflow/dags/dag_example_versioning_branching.py
[2024-06-04T08:02:57.551+0000] {processor.py:840} INFO - DAG(s) 'dag_versioning_example' retrieved from /opt/airflow/dags/dag_example_versioning_branching.py
[2024-06-04T08:02:57.574+0000] {logging_mixin.py:188} INFO - [2024-06-04T08:02:57.574+0000] {dag.py:3047} INFO - Sync 1 DAGs
[2024-06-04T08:02:57.602+0000] {logging_mixin.py:188} INFO - [2024-06-04T08:02:57.601+0000] {dag.py:3834} INFO - Setting next_dagrun for dag_versioning_example to 2024-06-03 00:00:00+00:00, run_after=2024-06-04 00:00:00+00:00
[2024-06-04T08:02:57.620+0000] {processor.py:183} INFO - Processing /opt/airflow/dags/dag_example_versioning_branching.py took 0.086 seconds
[2024-06-04T08:03:27.913+0000] {processor.py:161} INFO - Started process (PID=1552) to work on /opt/airflow/dags/dag_example_versioning_branching.py
[2024-06-04T08:03:27.914+0000] {processor.py:830} INFO - Processing file /opt/airflow/dags/dag_example_versioning_branching.py for tasks to queue
[2024-06-04T08:03:27.915+0000] {logging_mixin.py:188} INFO - [2024-06-04T08:03:27.915+0000] {dagbag.py:540} INFO - Filling up the DagBag from /opt/airflow/dags/dag_example_versioning_branching.py
[2024-06-04T08:03:27.924+0000] {processor.py:840} INFO - DAG(s) 'dag_versioning_example' retrieved from /opt/airflow/dags/dag_example_versioning_branching.py
[2024-06-04T08:03:27.947+0000] {logging_mixin.py:188} INFO - [2024-06-04T08:03:27.947+0000] {dag.py:3047} INFO - Sync 1 DAGs
[2024-06-04T08:03:27.974+0000] {logging_mixin.py:188} INFO - [2024-06-04T08:03:27.974+0000] {dag.py:3834} INFO - Setting next_dagrun for dag_versioning_example to 2024-06-03 00:00:00+00:00, run_after=2024-06-04 00:00:00+00:00
[2024-06-04T08:03:27.993+0000] {processor.py:183} INFO - Processing /opt/airflow/dags/dag_example_versioning_branching.py took 0.084 seconds
[2024-06-04T08:03:58.036+0000] {processor.py:161} INFO - Started process (PID=1610) to work on /opt/airflow/dags/dag_example_versioning_branching.py
[2024-06-04T08:03:58.037+0000] {processor.py:830} INFO - Processing file /opt/airflow/dags/dag_example_versioning_branching.py for tasks to queue
[2024-06-04T08:03:58.039+0000] {logging_mixin.py:188} INFO - [2024-06-04T08:03:58.039+0000] {dagbag.py:540} INFO - Filling up the DagBag from /opt/airflow/dags/dag_example_versioning_branching.py
[2024-06-04T08:03:58.049+0000] {processor.py:840} INFO - DAG(s) 'dag_versioning_example' retrieved from /opt/airflow/dags/dag_example_versioning_branching.py
[2024-06-04T08:03:58.072+0000] {logging_mixin.py:188} INFO - [2024-06-04T08:03:58.072+0000] {dag.py:3047} INFO - Sync 1 DAGs
[2024-06-04T08:03:58.097+0000] {logging_mixin.py:188} INFO - [2024-06-04T08:03:58.097+0000] {dag.py:3834} INFO - Setting next_dagrun for dag_versioning_example to 2024-06-03 00:00:00+00:00, run_after=2024-06-04 00:00:00+00:00
[2024-06-04T08:03:58.118+0000] {processor.py:183} INFO - Processing /opt/airflow/dags/dag_example_versioning_branching.py took 0.086 seconds
[2024-06-04T08:04:28.423+0000] {processor.py:161} INFO - Started process (PID=1668) to work on /opt/airflow/dags/dag_example_versioning_branching.py
[2024-06-04T08:04:28.425+0000] {processor.py:830} INFO - Processing file /opt/airflow/dags/dag_example_versioning_branching.py for tasks to queue
[2024-06-04T08:04:28.427+0000] {logging_mixin.py:188} INFO - [2024-06-04T08:04:28.426+0000] {dagbag.py:540} INFO - Filling up the DagBag from /opt/airflow/dags/dag_example_versioning_branching.py
[2024-06-04T08:04:28.436+0000] {processor.py:840} INFO - DAG(s) 'dag_versioning_example' retrieved from /opt/airflow/dags/dag_example_versioning_branching.py
[2024-06-04T08:04:28.461+0000] {logging_mixin.py:188} INFO - [2024-06-04T08:04:28.461+0000] {dag.py:3047} INFO - Sync 1 DAGs
[2024-06-04T08:04:28.504+0000] {logging_mixin.py:188} INFO - [2024-06-04T08:04:28.503+0000] {dag.py:3834} INFO - Setting next_dagrun for dag_versioning_example to 2024-06-03 00:00:00+00:00, run_after=2024-06-04 00:00:00+00:00
[2024-06-04T08:04:28.525+0000] {processor.py:183} INFO - Processing /opt/airflow/dags/dag_example_versioning_branching.py took 0.106 seconds
[2024-06-04T08:04:58.852+0000] {processor.py:161} INFO - Started process (PID=1724) to work on /opt/airflow/dags/dag_example_versioning_branching.py
[2024-06-04T08:04:58.854+0000] {processor.py:830} INFO - Processing file /opt/airflow/dags/dag_example_versioning_branching.py for tasks to queue
[2024-06-04T08:04:58.855+0000] {logging_mixin.py:188} INFO - [2024-06-04T08:04:58.855+0000] {dagbag.py:540} INFO - Filling up the DagBag from /opt/airflow/dags/dag_example_versioning_branching.py
[2024-06-04T08:04:58.910+0000] {processor.py:840} INFO - DAG(s) 'dag_versioning_example' retrieved from /opt/airflow/dags/dag_example_versioning_branching.py
[2024-06-04T08:04:58.936+0000] {logging_mixin.py:188} INFO - [2024-06-04T08:04:58.936+0000] {dag.py:3047} INFO - Sync 1 DAGs
[2024-06-04T08:04:58.963+0000] {logging_mixin.py:188} INFO - [2024-06-04T08:04:58.963+0000] {dag.py:3834} INFO - Setting next_dagrun for dag_versioning_example to 2024-06-03 00:00:00+00:00, run_after=2024-06-04 00:00:00+00:00
[2024-06-04T08:04:59.023+0000] {processor.py:183} INFO - Processing /opt/airflow/dags/dag_example_versioning_branching.py took 0.175 seconds
[2024-06-04T08:05:29.531+0000] {processor.py:161} INFO - Started process (PID=1782) to work on /opt/airflow/dags/dag_example_versioning_branching.py
[2024-06-04T08:05:29.532+0000] {processor.py:830} INFO - Processing file /opt/airflow/dags/dag_example_versioning_branching.py for tasks to queue
[2024-06-04T08:05:29.534+0000] {logging_mixin.py:188} INFO - [2024-06-04T08:05:29.533+0000] {dagbag.py:540} INFO - Filling up the DagBag from /opt/airflow/dags/dag_example_versioning_branching.py
[2024-06-04T08:05:29.542+0000] {processor.py:840} INFO - DAG(s) 'dag_versioning_example' retrieved from /opt/airflow/dags/dag_example_versioning_branching.py
[2024-06-04T08:05:29.565+0000] {logging_mixin.py:188} INFO - [2024-06-04T08:05:29.565+0000] {dag.py:3047} INFO - Sync 1 DAGs
[2024-06-04T08:05:29.591+0000] {logging_mixin.py:188} INFO - [2024-06-04T08:05:29.590+0000] {dag.py:3834} INFO - Setting next_dagrun for dag_versioning_example to 2024-06-03 00:00:00+00:00, run_after=2024-06-04 00:00:00+00:00
[2024-06-04T08:05:29.608+0000] {processor.py:183} INFO - Processing /opt/airflow/dags/dag_example_versioning_branching.py took 0.081 seconds
[2024-06-04T08:06:00.657+0000] {processor.py:161} INFO - Started process (PID=1840) to work on /opt/airflow/dags/dag_example_versioning_branching.py
[2024-06-04T08:06:00.658+0000] {processor.py:830} INFO - Processing file /opt/airflow/dags/dag_example_versioning_branching.py for tasks to queue
[2024-06-04T08:06:00.661+0000] {logging_mixin.py:188} INFO - [2024-06-04T08:06:00.660+0000] {dagbag.py:540} INFO - Filling up the DagBag from /opt/airflow/dags/dag_example_versioning_branching.py
[2024-06-04T08:06:00.671+0000] {processor.py:840} INFO - DAG(s) 'dag_versioning_example' retrieved from /opt/airflow/dags/dag_example_versioning_branching.py
[2024-06-04T08:06:00.695+0000] {logging_mixin.py:188} INFO - [2024-06-04T08:06:00.695+0000] {dag.py:3047} INFO - Sync 1 DAGs
[2024-06-04T08:06:00.723+0000] {logging_mixin.py:188} INFO - [2024-06-04T08:06:00.722+0000] {dag.py:3834} INFO - Setting next_dagrun for dag_versioning_example to 2024-06-03 00:00:00+00:00, run_after=2024-06-04 00:00:00+00:00
[2024-06-04T08:06:00.923+0000] {processor.py:183} INFO - Processing /opt/airflow/dags/dag_example_versioning_branching.py took 0.270 seconds
[2024-06-04T08:06:31.741+0000] {processor.py:161} INFO - Started process (PID=1898) to work on /opt/airflow/dags/dag_example_versioning_branching.py
[2024-06-04T08:06:31.743+0000] {processor.py:830} INFO - Processing file /opt/airflow/dags/dag_example_versioning_branching.py for tasks to queue
[2024-06-04T08:06:31.745+0000] {logging_mixin.py:188} INFO - [2024-06-04T08:06:31.745+0000] {dagbag.py:540} INFO - Filling up the DagBag from /opt/airflow/dags/dag_example_versioning_branching.py
[2024-06-04T08:06:31.755+0000] {processor.py:840} INFO - DAG(s) 'dag_versioning_example' retrieved from /opt/airflow/dags/dag_example_versioning_branching.py
[2024-06-04T08:06:31.779+0000] {logging_mixin.py:188} INFO - [2024-06-04T08:06:31.778+0000] {dag.py:3047} INFO - Sync 1 DAGs
[2024-06-04T08:06:31.807+0000] {logging_mixin.py:188} INFO - [2024-06-04T08:06:31.807+0000] {dag.py:3834} INFO - Setting next_dagrun for dag_versioning_example to 2024-06-03 00:00:00+00:00, run_after=2024-06-04 00:00:00+00:00
[2024-06-04T08:06:31.833+0000] {processor.py:183} INFO - Processing /opt/airflow/dags/dag_example_versioning_branching.py took 0.096 seconds
[2024-06-04T08:07:02.636+0000] {processor.py:161} INFO - Started process (PID=1956) to work on /opt/airflow/dags/dag_example_versioning_branching.py
[2024-06-04T08:07:02.637+0000] {processor.py:830} INFO - Processing file /opt/airflow/dags/dag_example_versioning_branching.py for tasks to queue
[2024-06-04T08:07:02.639+0000] {logging_mixin.py:188} INFO - [2024-06-04T08:07:02.639+0000] {dagbag.py:540} INFO - Filling up the DagBag from /opt/airflow/dags/dag_example_versioning_branching.py
[2024-06-04T08:07:02.654+0000] {processor.py:840} INFO - DAG(s) 'dag_versioning_example' retrieved from /opt/airflow/dags/dag_example_versioning_branching.py
[2024-06-04T08:07:02.676+0000] {logging_mixin.py:188} INFO - [2024-06-04T08:07:02.676+0000] {dag.py:3047} INFO - Sync 1 DAGs
[2024-06-04T08:07:02.713+0000] {logging_mixin.py:188} INFO - [2024-06-04T08:07:02.713+0000] {dag.py:3834} INFO - Setting next_dagrun for dag_versioning_example to 2024-06-03 00:00:00+00:00, run_after=2024-06-04 00:00:00+00:00
[2024-06-04T08:07:02.742+0000] {processor.py:183} INFO - Processing /opt/airflow/dags/dag_example_versioning_branching.py took 0.111 seconds
[2024-06-04T08:07:32.938+0000] {processor.py:161} INFO - Started process (PID=2014) to work on /opt/airflow/dags/dag_example_versioning_branching.py
[2024-06-04T08:07:32.939+0000] {processor.py:830} INFO - Processing file /opt/airflow/dags/dag_example_versioning_branching.py for tasks to queue
[2024-06-04T08:07:32.942+0000] {logging_mixin.py:188} INFO - [2024-06-04T08:07:32.941+0000] {dagbag.py:540} INFO - Filling up the DagBag from /opt/airflow/dags/dag_example_versioning_branching.py
[2024-06-04T08:07:32.954+0000] {processor.py:840} INFO - DAG(s) 'dag_versioning_example' retrieved from /opt/airflow/dags/dag_example_versioning_branching.py
[2024-06-04T08:07:32.977+0000] {logging_mixin.py:188} INFO - [2024-06-04T08:07:32.977+0000] {dag.py:3047} INFO - Sync 1 DAGs
[2024-06-04T08:07:33.003+0000] {logging_mixin.py:188} INFO - [2024-06-04T08:07:33.002+0000] {dag.py:3834} INFO - Setting next_dagrun for dag_versioning_example to 2024-06-03 00:00:00+00:00, run_after=2024-06-04 00:00:00+00:00
[2024-06-04T08:07:33.032+0000] {processor.py:183} INFO - Processing /opt/airflow/dags/dag_example_versioning_branching.py took 0.099 seconds
[2024-06-04T08:08:03.571+0000] {processor.py:161} INFO - Started process (PID=2072) to work on /opt/airflow/dags/dag_example_versioning_branching.py
[2024-06-04T08:08:03.572+0000] {processor.py:830} INFO - Processing file /opt/airflow/dags/dag_example_versioning_branching.py for tasks to queue
[2024-06-04T08:08:03.574+0000] {logging_mixin.py:188} INFO - [2024-06-04T08:08:03.574+0000] {dagbag.py:540} INFO - Filling up the DagBag from /opt/airflow/dags/dag_example_versioning_branching.py
[2024-06-04T08:08:03.582+0000] {processor.py:840} INFO - DAG(s) 'dag_versioning_example' retrieved from /opt/airflow/dags/dag_example_versioning_branching.py
[2024-06-04T08:08:03.609+0000] {logging_mixin.py:188} INFO - [2024-06-04T08:08:03.609+0000] {dag.py:3047} INFO - Sync 1 DAGs
[2024-06-04T08:08:03.635+0000] {logging_mixin.py:188} INFO - [2024-06-04T08:08:03.635+0000] {dag.py:3834} INFO - Setting next_dagrun for dag_versioning_example to 2024-06-03 00:00:00+00:00, run_after=2024-06-04 00:00:00+00:00
[2024-06-04T08:08:03.653+0000] {processor.py:183} INFO - Processing /opt/airflow/dags/dag_example_versioning_branching.py took 0.086 seconds
[2024-06-04T08:08:34.238+0000] {processor.py:161} INFO - Started process (PID=2130) to work on /opt/airflow/dags/dag_example_versioning_branching.py
[2024-06-04T08:08:34.239+0000] {processor.py:830} INFO - Processing file /opt/airflow/dags/dag_example_versioning_branching.py for tasks to queue
[2024-06-04T08:08:34.242+0000] {logging_mixin.py:188} INFO - [2024-06-04T08:08:34.241+0000] {dagbag.py:540} INFO - Filling up the DagBag from /opt/airflow/dags/dag_example_versioning_branching.py
[2024-06-04T08:08:34.253+0000] {processor.py:840} INFO - DAG(s) 'dag_versioning_example' retrieved from /opt/airflow/dags/dag_example_versioning_branching.py
[2024-06-04T08:08:34.280+0000] {logging_mixin.py:188} INFO - [2024-06-04T08:08:34.279+0000] {dag.py:3047} INFO - Sync 1 DAGs
[2024-06-04T08:08:34.562+0000] {logging_mixin.py:188} INFO - [2024-06-04T08:08:34.562+0000] {dag.py:3834} INFO - Setting next_dagrun for dag_versioning_example to 2024-06-03 00:00:00+00:00, run_after=2024-06-04 00:00:00+00:00
[2024-06-04T08:08:34.584+0000] {processor.py:183} INFO - Processing /opt/airflow/dags/dag_example_versioning_branching.py took 0.351 seconds
[2024-06-04T08:09:04.750+0000] {processor.py:161} INFO - Started process (PID=2187) to work on /opt/airflow/dags/dag_example_versioning_branching.py
[2024-06-04T08:09:04.752+0000] {processor.py:830} INFO - Processing file /opt/airflow/dags/dag_example_versioning_branching.py for tasks to queue
[2024-06-04T08:09:04.754+0000] {logging_mixin.py:188} INFO - [2024-06-04T08:09:04.753+0000] {dagbag.py:540} INFO - Filling up the DagBag from /opt/airflow/dags/dag_example_versioning_branching.py
[2024-06-04T08:09:04.808+0000] {processor.py:840} INFO - DAG(s) 'dag_versioning_example' retrieved from /opt/airflow/dags/dag_example_versioning_branching.py
[2024-06-04T08:09:04.838+0000] {logging_mixin.py:188} INFO - [2024-06-04T08:09:04.838+0000] {dag.py:3047} INFO - Sync 1 DAGs
[2024-06-04T08:09:05.230+0000] {logging_mixin.py:188} INFO - [2024-06-04T08:09:05.229+0000] {dag.py:3834} INFO - Setting next_dagrun for dag_versioning_example to 2024-06-03 00:00:00+00:00, run_after=2024-06-04 00:00:00+00:00
[2024-06-04T08:09:05.254+0000] {processor.py:183} INFO - Processing /opt/airflow/dags/dag_example_versioning_branching.py took 0.508 seconds
[2024-06-04T08:09:36.040+0000] {processor.py:161} INFO - Started process (PID=2245) to work on /opt/airflow/dags/dag_example_versioning_branching.py
[2024-06-04T08:09:36.042+0000] {processor.py:830} INFO - Processing file /opt/airflow/dags/dag_example_versioning_branching.py for tasks to queue
[2024-06-04T08:09:36.044+0000] {logging_mixin.py:188} INFO - [2024-06-04T08:09:36.044+0000] {dagbag.py:540} INFO - Filling up the DagBag from /opt/airflow/dags/dag_example_versioning_branching.py
[2024-06-04T08:09:36.054+0000] {processor.py:840} INFO - DAG(s) 'dag_versioning_example' retrieved from /opt/airflow/dags/dag_example_versioning_branching.py
[2024-06-04T08:09:36.078+0000] {logging_mixin.py:188} INFO - [2024-06-04T08:09:36.078+0000] {dag.py:3047} INFO - Sync 1 DAGs
[2024-06-04T08:09:36.103+0000] {logging_mixin.py:188} INFO - [2024-06-04T08:09:36.103+0000] {dag.py:3834} INFO - Setting next_dagrun for dag_versioning_example to 2024-06-03 00:00:00+00:00, run_after=2024-06-04 00:00:00+00:00
[2024-06-04T08:09:36.126+0000] {processor.py:183} INFO - Processing /opt/airflow/dags/dag_example_versioning_branching.py took 0.090 seconds
[2024-06-04T08:10:06.674+0000] {processor.py:161} INFO - Started process (PID=2309) to work on /opt/airflow/dags/dag_example_versioning_branching.py
[2024-06-04T08:10:06.675+0000] {processor.py:830} INFO - Processing file /opt/airflow/dags/dag_example_versioning_branching.py for tasks to queue
[2024-06-04T08:10:06.677+0000] {logging_mixin.py:188} INFO - [2024-06-04T08:10:06.677+0000] {dagbag.py:540} INFO - Filling up the DagBag from /opt/airflow/dags/dag_example_versioning_branching.py
[2024-06-04T08:10:06.686+0000] {processor.py:840} INFO - DAG(s) 'dag_versioning_example' retrieved from /opt/airflow/dags/dag_example_versioning_branching.py
[2024-06-04T08:10:06.713+0000] {logging_mixin.py:188} INFO - [2024-06-04T08:10:06.712+0000] {dag.py:3047} INFO - Sync 1 DAGs
[2024-06-04T08:10:06.740+0000] {logging_mixin.py:188} INFO - [2024-06-04T08:10:06.740+0000] {dag.py:3834} INFO - Setting next_dagrun for dag_versioning_example to 2024-06-03 00:00:00+00:00, run_after=2024-06-04 00:00:00+00:00
[2024-06-04T08:10:06.764+0000] {processor.py:183} INFO - Processing /opt/airflow/dags/dag_example_versioning_branching.py took 0.094 seconds
[2024-06-04T08:10:37.034+0000] {processor.py:161} INFO - Started process (PID=2367) to work on /opt/airflow/dags/dag_example_versioning_branching.py
[2024-06-04T08:10:37.035+0000] {processor.py:830} INFO - Processing file /opt/airflow/dags/dag_example_versioning_branching.py for tasks to queue
[2024-06-04T08:10:37.037+0000] {logging_mixin.py:188} INFO - [2024-06-04T08:10:37.037+0000] {dagbag.py:540} INFO - Filling up the DagBag from /opt/airflow/dags/dag_example_versioning_branching.py
[2024-06-04T08:10:37.047+0000] {processor.py:840} INFO - DAG(s) 'dag_versioning_example' retrieved from /opt/airflow/dags/dag_example_versioning_branching.py
[2024-06-04T08:10:37.070+0000] {logging_mixin.py:188} INFO - [2024-06-04T08:10:37.070+0000] {dag.py:3047} INFO - Sync 1 DAGs
[2024-06-04T08:10:37.093+0000] {logging_mixin.py:188} INFO - [2024-06-04T08:10:37.092+0000] {dag.py:3834} INFO - Setting next_dagrun for dag_versioning_example to 2024-06-03 00:00:00+00:00, run_after=2024-06-04 00:00:00+00:00
[2024-06-04T08:10:37.112+0000] {processor.py:183} INFO - Processing /opt/airflow/dags/dag_example_versioning_branching.py took 0.083 seconds
[2024-06-04T08:11:07.666+0000] {processor.py:161} INFO - Started process (PID=2425) to work on /opt/airflow/dags/dag_example_versioning_branching.py
[2024-06-04T08:11:07.668+0000] {processor.py:830} INFO - Processing file /opt/airflow/dags/dag_example_versioning_branching.py for tasks to queue
[2024-06-04T08:11:07.670+0000] {logging_mixin.py:188} INFO - [2024-06-04T08:11:07.670+0000] {dagbag.py:540} INFO - Filling up the DagBag from /opt/airflow/dags/dag_example_versioning_branching.py
[2024-06-04T08:11:07.681+0000] {processor.py:840} INFO - DAG(s) 'dag_versioning_example' retrieved from /opt/airflow/dags/dag_example_versioning_branching.py
[2024-06-04T08:11:07.712+0000] {logging_mixin.py:188} INFO - [2024-06-04T08:11:07.712+0000] {dag.py:3047} INFO - Sync 1 DAGs
[2024-06-04T08:11:07.738+0000] {logging_mixin.py:188} INFO - [2024-06-04T08:11:07.738+0000] {dag.py:3834} INFO - Setting next_dagrun for dag_versioning_example to 2024-06-03 00:00:00+00:00, run_after=2024-06-04 00:00:00+00:00
[2024-06-04T08:11:07.757+0000] {processor.py:183} INFO - Processing /opt/airflow/dags/dag_example_versioning_branching.py took 0.096 seconds
[2024-06-04T08:11:37.973+0000] {processor.py:161} INFO - Started process (PID=2484) to work on /opt/airflow/dags/dag_example_versioning_branching.py
[2024-06-04T08:11:37.974+0000] {processor.py:830} INFO - Processing file /opt/airflow/dags/dag_example_versioning_branching.py for tasks to queue
[2024-06-04T08:11:37.978+0000] {logging_mixin.py:188} INFO - [2024-06-04T08:11:37.977+0000] {dagbag.py:540} INFO - Filling up the DagBag from /opt/airflow/dags/dag_example_versioning_branching.py
[2024-06-04T08:11:37.990+0000] {processor.py:840} INFO - DAG(s) 'dag_versioning_example' retrieved from /opt/airflow/dags/dag_example_versioning_branching.py
[2024-06-04T08:11:38.021+0000] {logging_mixin.py:188} INFO - [2024-06-04T08:11:38.021+0000] {dag.py:3047} INFO - Sync 1 DAGs
[2024-06-04T08:11:38.049+0000] {logging_mixin.py:188} INFO - [2024-06-04T08:11:38.049+0000] {dag.py:3834} INFO - Setting next_dagrun for dag_versioning_example to 2024-06-03 00:00:00+00:00, run_after=2024-06-04 00:00:00+00:00
[2024-06-04T08:11:38.111+0000] {processor.py:183} INFO - Processing /opt/airflow/dags/dag_example_versioning_branching.py took 0.142 seconds
[2024-06-04T08:12:08.237+0000] {processor.py:161} INFO - Started process (PID=2543) to work on /opt/airflow/dags/dag_example_versioning_branching.py
[2024-06-04T08:12:08.239+0000] {processor.py:830} INFO - Processing file /opt/airflow/dags/dag_example_versioning_branching.py for tasks to queue
[2024-06-04T08:12:08.241+0000] {logging_mixin.py:188} INFO - [2024-06-04T08:12:08.241+0000] {dagbag.py:540} INFO - Filling up the DagBag from /opt/airflow/dags/dag_example_versioning_branching.py
[2024-06-04T08:12:08.250+0000] {processor.py:840} INFO - DAG(s) 'dag_versioning_example' retrieved from /opt/airflow/dags/dag_example_versioning_branching.py
[2024-06-04T08:12:08.274+0000] {logging_mixin.py:188} INFO - [2024-06-04T08:12:08.274+0000] {dag.py:3047} INFO - Sync 1 DAGs
[2024-06-04T08:12:08.298+0000] {logging_mixin.py:188} INFO - [2024-06-04T08:12:08.297+0000] {dag.py:3834} INFO - Setting next_dagrun for dag_versioning_example to 2024-06-03 00:00:00+00:00, run_after=2024-06-04 00:00:00+00:00
[2024-06-04T08:12:08.327+0000] {processor.py:183} INFO - Processing /opt/airflow/dags/dag_example_versioning_branching.py took 0.096 seconds
[2024-06-04T08:12:38.423+0000] {processor.py:161} INFO - Started process (PID=2602) to work on /opt/airflow/dags/dag_example_versioning_branching.py
[2024-06-04T08:12:38.425+0000] {processor.py:830} INFO - Processing file /opt/airflow/dags/dag_example_versioning_branching.py for tasks to queue
[2024-06-04T08:12:38.427+0000] {logging_mixin.py:188} INFO - [2024-06-04T08:12:38.426+0000] {dagbag.py:540} INFO - Filling up the DagBag from /opt/airflow/dags/dag_example_versioning_branching.py
[2024-06-04T08:12:38.437+0000] {processor.py:840} INFO - DAG(s) 'dag_versioning_example' retrieved from /opt/airflow/dags/dag_example_versioning_branching.py
[2024-06-04T08:12:38.465+0000] {logging_mixin.py:188} INFO - [2024-06-04T08:12:38.465+0000] {dag.py:3047} INFO - Sync 1 DAGs
[2024-06-04T08:12:38.491+0000] {logging_mixin.py:188} INFO - [2024-06-04T08:12:38.491+0000] {dag.py:3834} INFO - Setting next_dagrun for dag_versioning_example to 2024-06-03 00:00:00+00:00, run_after=2024-06-04 00:00:00+00:00
[2024-06-04T08:12:38.515+0000] {processor.py:183} INFO - Processing /opt/airflow/dags/dag_example_versioning_branching.py took 0.096 seconds
[2024-06-04T08:13:08.610+0000] {processor.py:161} INFO - Started process (PID=2660) to work on /opt/airflow/dags/dag_example_versioning_branching.py
[2024-06-04T08:13:08.612+0000] {processor.py:830} INFO - Processing file /opt/airflow/dags/dag_example_versioning_branching.py for tasks to queue
[2024-06-04T08:13:08.614+0000] {logging_mixin.py:188} INFO - [2024-06-04T08:13:08.613+0000] {dagbag.py:540} INFO - Filling up the DagBag from /opt/airflow/dags/dag_example_versioning_branching.py
[2024-06-04T08:13:08.625+0000] {processor.py:840} INFO - DAG(s) 'dag_versioning_example' retrieved from /opt/airflow/dags/dag_example_versioning_branching.py
[2024-06-04T08:13:08.656+0000] {logging_mixin.py:188} INFO - [2024-06-04T08:13:08.655+0000] {dag.py:3047} INFO - Sync 1 DAGs
[2024-06-04T08:13:08.688+0000] {logging_mixin.py:188} INFO - [2024-06-04T08:13:08.687+0000] {dag.py:3834} INFO - Setting next_dagrun for dag_versioning_example to 2024-06-03 00:00:00+00:00, run_after=2024-06-04 00:00:00+00:00
[2024-06-04T08:13:08.716+0000] {processor.py:183} INFO - Processing /opt/airflow/dags/dag_example_versioning_branching.py took 0.110 seconds
[2024-06-04T08:13:38.906+0000] {processor.py:161} INFO - Started process (PID=2719) to work on /opt/airflow/dags/dag_example_versioning_branching.py
[2024-06-04T08:13:38.908+0000] {processor.py:830} INFO - Processing file /opt/airflow/dags/dag_example_versioning_branching.py for tasks to queue
[2024-06-04T08:13:38.911+0000] {logging_mixin.py:188} INFO - [2024-06-04T08:13:38.910+0000] {dagbag.py:540} INFO - Filling up the DagBag from /opt/airflow/dags/dag_example_versioning_branching.py
[2024-06-04T08:13:38.926+0000] {processor.py:840} INFO - DAG(s) 'dag_versioning_example' retrieved from /opt/airflow/dags/dag_example_versioning_branching.py
[2024-06-04T08:13:39.175+0000] {logging_mixin.py:188} INFO - [2024-06-04T08:13:39.174+0000] {dag.py:3047} INFO - Sync 1 DAGs
[2024-06-04T08:13:39.234+0000] {logging_mixin.py:188} INFO - [2024-06-04T08:13:39.233+0000] {dag.py:3834} INFO - Setting next_dagrun for dag_versioning_example to 2024-06-03 00:00:00+00:00, run_after=2024-06-04 00:00:00+00:00
[2024-06-04T08:13:39.272+0000] {processor.py:183} INFO - Processing /opt/airflow/dags/dag_example_versioning_branching.py took 0.408 seconds
[2024-06-04T08:14:09.966+0000] {processor.py:161} INFO - Started process (PID=2778) to work on /opt/airflow/dags/dag_example_versioning_branching.py
[2024-06-04T08:14:09.967+0000] {processor.py:830} INFO - Processing file /opt/airflow/dags/dag_example_versioning_branching.py for tasks to queue
[2024-06-04T08:14:09.969+0000] {logging_mixin.py:188} INFO - [2024-06-04T08:14:09.969+0000] {dagbag.py:540} INFO - Filling up the DagBag from /opt/airflow/dags/dag_example_versioning_branching.py
[2024-06-04T08:14:09.979+0000] {processor.py:840} INFO - DAG(s) 'dag_versioning_example' retrieved from /opt/airflow/dags/dag_example_versioning_branching.py
[2024-06-04T08:14:10.014+0000] {logging_mixin.py:188} INFO - [2024-06-04T08:14:10.013+0000] {dag.py:3047} INFO - Sync 1 DAGs
[2024-06-04T08:14:10.051+0000] {logging_mixin.py:188} INFO - [2024-06-04T08:14:10.050+0000] {dag.py:3834} INFO - Setting next_dagrun for dag_versioning_example to 2024-06-03 00:00:00+00:00, run_after=2024-06-04 00:00:00+00:00
[2024-06-04T08:14:10.080+0000] {processor.py:183} INFO - Processing /opt/airflow/dags/dag_example_versioning_branching.py took 0.118 seconds
[2024-06-04T08:14:40.757+0000] {processor.py:161} INFO - Started process (PID=2837) to work on /opt/airflow/dags/dag_example_versioning_branching.py
[2024-06-04T08:14:40.759+0000] {processor.py:830} INFO - Processing file /opt/airflow/dags/dag_example_versioning_branching.py for tasks to queue
[2024-06-04T08:14:40.761+0000] {logging_mixin.py:188} INFO - [2024-06-04T08:14:40.760+0000] {dagbag.py:540} INFO - Filling up the DagBag from /opt/airflow/dags/dag_example_versioning_branching.py
[2024-06-04T08:14:40.771+0000] {processor.py:840} INFO - DAG(s) 'dag_versioning_example' retrieved from /opt/airflow/dags/dag_example_versioning_branching.py
[2024-06-04T08:14:40.807+0000] {logging_mixin.py:188} INFO - [2024-06-04T08:14:40.806+0000] {dag.py:3047} INFO - Sync 1 DAGs
[2024-06-04T08:14:40.837+0000] {logging_mixin.py:188} INFO - [2024-06-04T08:14:40.836+0000] {dag.py:3834} INFO - Setting next_dagrun for dag_versioning_example to 2024-06-03 00:00:00+00:00, run_after=2024-06-04 00:00:00+00:00
[2024-06-04T08:14:40.861+0000] {processor.py:183} INFO - Processing /opt/airflow/dags/dag_example_versioning_branching.py took 0.108 seconds
[2024-06-04T08:15:13.604+0000] {processor.py:161} INFO - Started process (PID=2915) to work on /opt/airflow/dags/dag_example_versioning_branching.py
[2024-06-04T08:15:13.606+0000] {processor.py:830} INFO - Processing file /opt/airflow/dags/dag_example_versioning_branching.py for tasks to queue
[2024-06-04T08:15:13.608+0000] {logging_mixin.py:188} INFO - [2024-06-04T08:15:13.607+0000] {dagbag.py:540} INFO - Filling up the DagBag from /opt/airflow/dags/dag_example_versioning_branching.py
[2024-06-04T08:15:13.619+0000] {processor.py:840} INFO - DAG(s) 'dag_versioning_example' retrieved from /opt/airflow/dags/dag_example_versioning_branching.py
[2024-06-04T08:15:13.916+0000] {logging_mixin.py:188} INFO - [2024-06-04T08:15:13.916+0000] {dag.py:3047} INFO - Sync 1 DAGs
[2024-06-04T08:15:14.309+0000] {logging_mixin.py:188} INFO - [2024-06-04T08:15:14.308+0000] {dag.py:3834} INFO - Setting next_dagrun for dag_versioning_example to 2024-06-03 00:00:00+00:00, run_after=2024-06-04 00:00:00+00:00
[2024-06-04T08:15:14.705+0000] {processor.py:183} INFO - Processing /opt/airflow/dags/dag_example_versioning_branching.py took 1.196 seconds
[2024-06-04T08:15:55.611+0000] {processor.py:161} INFO - Started process (PID=3002) to work on /opt/airflow/dags/dag_example_versioning_branching.py
[2024-06-04T08:15:55.618+0000] {processor.py:830} INFO - Processing file /opt/airflow/dags/dag_example_versioning_branching.py for tasks to queue
[2024-06-04T08:15:55.622+0000] {logging_mixin.py:188} INFO - [2024-06-04T08:15:55.622+0000] {dagbag.py:540} INFO - Filling up the DagBag from /opt/airflow/dags/dag_example_versioning_branching.py
[2024-06-04T08:15:55.714+0000] {processor.py:840} INFO - DAG(s) 'dag_versioning_example' retrieved from /opt/airflow/dags/dag_example_versioning_branching.py
[2024-06-04T08:15:55.824+0000] {logging_mixin.py:188} INFO - [2024-06-04T08:15:55.824+0000] {dag.py:3047} INFO - Sync 1 DAGs
[2024-06-04T08:15:56.025+0000] {logging_mixin.py:188} INFO - [2024-06-04T08:15:56.025+0000] {dag.py:3834} INFO - Setting next_dagrun for dag_versioning_example to 2024-06-03 00:00:00+00:00, run_after=2024-06-04 00:00:00+00:00
[2024-06-04T08:15:56.211+0000] {processor.py:183} INFO - Processing /opt/airflow/dags/dag_example_versioning_branching.py took 0.606 seconds
[2024-06-04T08:16:26.930+0000] {processor.py:161} INFO - Started process (PID=3086) to work on /opt/airflow/dags/dag_example_versioning_branching.py
[2024-06-04T08:16:27.007+0000] {processor.py:830} INFO - Processing file /opt/airflow/dags/dag_example_versioning_branching.py for tasks to queue
[2024-06-04T08:16:27.010+0000] {logging_mixin.py:188} INFO - [2024-06-04T08:16:27.009+0000] {dagbag.py:540} INFO - Filling up the DagBag from /opt/airflow/dags/dag_example_versioning_branching.py
[2024-06-04T08:16:27.028+0000] {processor.py:840} INFO - DAG(s) 'dag_versioning_example' retrieved from /opt/airflow/dags/dag_example_versioning_branching.py
[2024-06-04T08:16:27.207+0000] {logging_mixin.py:188} INFO - [2024-06-04T08:16:27.207+0000] {dag.py:3047} INFO - Sync 1 DAGs
[2024-06-04T08:16:27.407+0000] {logging_mixin.py:188} INFO - [2024-06-04T08:16:27.407+0000] {dag.py:3834} INFO - Setting next_dagrun for dag_versioning_example to 2024-06-03 00:00:00+00:00, run_after=2024-06-04 00:00:00+00:00
[2024-06-04T08:16:27.513+0000] {processor.py:183} INFO - Processing /opt/airflow/dags/dag_example_versioning_branching.py took 0.588 seconds
[2024-06-04T08:16:58.715+0000] {processor.py:161} INFO - Started process (PID=3170) to work on /opt/airflow/dags/dag_example_versioning_branching.py
[2024-06-04T08:16:58.717+0000] {processor.py:830} INFO - Processing file /opt/airflow/dags/dag_example_versioning_branching.py for tasks to queue
[2024-06-04T08:16:58.719+0000] {logging_mixin.py:188} INFO - [2024-06-04T08:16:58.719+0000] {dagbag.py:540} INFO - Filling up the DagBag from /opt/airflow/dags/dag_example_versioning_branching.py
[2024-06-04T08:16:58.812+0000] {processor.py:840} INFO - DAG(s) 'dag_versioning_example' retrieved from /opt/airflow/dags/dag_example_versioning_branching.py
[2024-06-04T08:16:59.012+0000] {logging_mixin.py:188} INFO - [2024-06-04T08:16:59.012+0000] {dag.py:3047} INFO - Sync 1 DAGs
[2024-06-04T08:16:59.122+0000] {logging_mixin.py:188} INFO - [2024-06-04T08:16:59.122+0000] {dag.py:3834} INFO - Setting next_dagrun for dag_versioning_example to 2024-06-03 00:00:00+00:00, run_after=2024-06-04 00:00:00+00:00
[2024-06-04T08:16:59.312+0000] {processor.py:183} INFO - Processing /opt/airflow/dags/dag_example_versioning_branching.py took 0.602 seconds
[2024-06-04T08:17:29.917+0000] {processor.py:161} INFO - Started process (PID=3253) to work on /opt/airflow/dags/dag_example_versioning_branching.py
[2024-06-04T08:17:29.920+0000] {processor.py:830} INFO - Processing file /opt/airflow/dags/dag_example_versioning_branching.py for tasks to queue
[2024-06-04T08:17:29.923+0000] {logging_mixin.py:188} INFO - [2024-06-04T08:17:29.923+0000] {dagbag.py:540} INFO - Filling up the DagBag from /opt/airflow/dags/dag_example_versioning_branching.py
[2024-06-04T08:17:29.939+0000] {processor.py:840} INFO - DAG(s) 'dag_versioning_example' retrieved from /opt/airflow/dags/dag_example_versioning_branching.py
[2024-06-04T08:17:30.110+0000] {logging_mixin.py:188} INFO - [2024-06-04T08:17:30.110+0000] {dag.py:3047} INFO - Sync 1 DAGs
[2024-06-04T08:17:30.235+0000] {logging_mixin.py:188} INFO - [2024-06-04T08:17:30.234+0000] {dag.py:3834} INFO - Setting next_dagrun for dag_versioning_example to 2024-06-03 00:00:00+00:00, run_after=2024-06-04 00:00:00+00:00
[2024-06-04T08:17:30.402+0000] {processor.py:183} INFO - Processing /opt/airflow/dags/dag_example_versioning_branching.py took 0.495 seconds
