[2024-06-04T09:46:38.877+0000] {processor.py:161} INFO - Started process (PID=1950) to work on /opt/airflow/dags/dag_manip.py
[2024-06-04T09:46:38.878+0000] {processor.py:830} INFO - Processing file /opt/airflow/dags/dag_manip.py for tasks to queue
[2024-06-04T09:46:38.879+0000] {logging_mixin.py:188} INFO - [2024-06-04T09:46:38.879+0000] {dagbag.py:540} INFO - Filling up the DagBag from /opt/airflow/dags/dag_manip.py
[2024-06-04T09:46:39.313+0000] {processor.py:840} INFO - DAG(s) 'dag_runs' retrieved from /opt/airflow/dags/dag_manip.py
[2024-06-04T09:46:39.406+0000] {logging_mixin.py:188} INFO - [2024-06-04T09:46:39.406+0000] {dag.py:3047} INFO - Sync 1 DAGs
[2024-06-04T09:46:39.425+0000] {logging_mixin.py:188} INFO - [2024-06-04T09:46:39.424+0000] {dag.py:3834} INFO - Setting next_dagrun for dag_runs to 2024-06-04 00:00:00+00:00, run_after=2024-06-05 00:00:00+00:00
[2024-06-04T09:46:39.443+0000] {processor.py:183} INFO - Processing /opt/airflow/dags/dag_manip.py took 0.570 seconds
[2024-06-04T09:47:10.008+0000] {processor.py:161} INFO - Started process (PID=2012) to work on /opt/airflow/dags/dag_manip.py
[2024-06-04T09:47:10.010+0000] {processor.py:830} INFO - Processing file /opt/airflow/dags/dag_manip.py for tasks to queue
[2024-06-04T09:47:10.011+0000] {logging_mixin.py:188} INFO - [2024-06-04T09:47:10.011+0000] {dagbag.py:540} INFO - Filling up the DagBag from /opt/airflow/dags/dag_manip.py
[2024-06-04T09:47:10.413+0000] {processor.py:840} INFO - DAG(s) 'dag_runs' retrieved from /opt/airflow/dags/dag_manip.py
[2024-06-04T09:47:10.429+0000] {logging_mixin.py:188} INFO - [2024-06-04T09:47:10.429+0000] {dag.py:3047} INFO - Sync 1 DAGs
[2024-06-04T09:47:10.450+0000] {logging_mixin.py:188} INFO - [2024-06-04T09:47:10.449+0000] {dag.py:3834} INFO - Setting next_dagrun for dag_runs to 2024-06-04 00:00:00+00:00, run_after=2024-06-05 00:00:00+00:00
[2024-06-04T09:47:10.466+0000] {processor.py:183} INFO - Processing /opt/airflow/dags/dag_manip.py took 0.461 seconds
[2024-06-04T09:47:40.774+0000] {processor.py:161} INFO - Started process (PID=2074) to work on /opt/airflow/dags/dag_manip.py
[2024-06-04T09:47:40.775+0000] {processor.py:830} INFO - Processing file /opt/airflow/dags/dag_manip.py for tasks to queue
[2024-06-04T09:47:40.777+0000] {logging_mixin.py:188} INFO - [2024-06-04T09:47:40.777+0000] {dagbag.py:540} INFO - Filling up the DagBag from /opt/airflow/dags/dag_manip.py
[2024-06-04T09:47:41.206+0000] {processor.py:840} INFO - DAG(s) 'dag_runs' retrieved from /opt/airflow/dags/dag_manip.py
[2024-06-04T09:47:41.220+0000] {logging_mixin.py:188} INFO - [2024-06-04T09:47:41.219+0000] {dag.py:3047} INFO - Sync 1 DAGs
[2024-06-04T09:47:41.249+0000] {logging_mixin.py:188} INFO - [2024-06-04T09:47:41.248+0000] {dag.py:3834} INFO - Setting next_dagrun for dag_runs to 2024-06-04 00:00:00+00:00, run_after=2024-06-05 00:00:00+00:00
[2024-06-04T09:47:41.269+0000] {processor.py:183} INFO - Processing /opt/airflow/dags/dag_manip.py took 0.498 seconds
[2024-06-04T09:47:43.277+0000] {processor.py:161} INFO - Started process (PID=2076) to work on /opt/airflow/dags/dag_manip.py
[2024-06-04T09:47:43.278+0000] {processor.py:830} INFO - Processing file /opt/airflow/dags/dag_manip.py for tasks to queue
[2024-06-04T09:47:43.280+0000] {logging_mixin.py:188} INFO - [2024-06-04T09:47:43.279+0000] {dagbag.py:540} INFO - Filling up the DagBag from /opt/airflow/dags/dag_manip.py
[2024-06-04T09:47:43.729+0000] {processor.py:840} INFO - DAG(s) 'dag_runs' retrieved from /opt/airflow/dags/dag_manip.py
[2024-06-04T09:47:43.742+0000] {logging_mixin.py:188} INFO - [2024-06-04T09:47:43.742+0000] {dag.py:3047} INFO - Sync 1 DAGs
[2024-06-04T09:47:43.766+0000] {logging_mixin.py:188} INFO - [2024-06-04T09:47:43.766+0000] {dag.py:3834} INFO - Setting next_dagrun for dag_runs to 2024-06-04 00:00:00+00:00, run_after=2024-06-05 00:00:00+00:00
[2024-06-04T09:47:43.786+0000] {processor.py:183} INFO - Processing /opt/airflow/dags/dag_manip.py took 0.513 seconds
[2024-06-04T09:48:13.967+0000] {processor.py:161} INFO - Started process (PID=2138) to work on /opt/airflow/dags/dag_manip.py
[2024-06-04T09:48:13.968+0000] {processor.py:830} INFO - Processing file /opt/airflow/dags/dag_manip.py for tasks to queue
[2024-06-04T09:48:13.970+0000] {logging_mixin.py:188} INFO - [2024-06-04T09:48:13.970+0000] {dagbag.py:540} INFO - Filling up the DagBag from /opt/airflow/dags/dag_manip.py
[2024-06-04T09:48:14.395+0000] {processor.py:840} INFO - DAG(s) 'dag_runs' retrieved from /opt/airflow/dags/dag_manip.py
[2024-06-04T09:48:14.484+0000] {logging_mixin.py:188} INFO - [2024-06-04T09:48:14.483+0000] {dag.py:3047} INFO - Sync 1 DAGs
[2024-06-04T09:48:14.509+0000] {logging_mixin.py:188} INFO - [2024-06-04T09:48:14.509+0000] {dag.py:3834} INFO - Setting next_dagrun for dag_runs to 2024-06-04 00:00:00+00:00, run_after=2024-06-05 00:00:00+00:00
[2024-06-04T09:48:14.525+0000] {processor.py:183} INFO - Processing /opt/airflow/dags/dag_manip.py took 0.562 seconds
[2024-06-04T09:48:44.768+0000] {processor.py:161} INFO - Started process (PID=2200) to work on /opt/airflow/dags/dag_manip.py
[2024-06-04T09:48:44.770+0000] {processor.py:830} INFO - Processing file /opt/airflow/dags/dag_manip.py for tasks to queue
[2024-06-04T09:48:44.771+0000] {logging_mixin.py:188} INFO - [2024-06-04T09:48:44.771+0000] {dagbag.py:540} INFO - Filling up the DagBag from /opt/airflow/dags/dag_manip.py
[2024-06-04T09:48:45.189+0000] {processor.py:840} INFO - DAG(s) 'dag_runs' retrieved from /opt/airflow/dags/dag_manip.py
[2024-06-04T09:48:45.209+0000] {logging_mixin.py:188} INFO - [2024-06-04T09:48:45.209+0000] {dag.py:3047} INFO - Sync 1 DAGs
[2024-06-04T09:48:45.232+0000] {logging_mixin.py:188} INFO - [2024-06-04T09:48:45.231+0000] {dag.py:3834} INFO - Setting next_dagrun for dag_runs to 2024-06-04 00:00:00+00:00, run_after=2024-06-05 00:00:00+00:00
[2024-06-04T09:48:45.248+0000] {processor.py:183} INFO - Processing /opt/airflow/dags/dag_manip.py took 0.483 seconds
[2024-06-04T09:49:15.693+0000] {processor.py:161} INFO - Started process (PID=2262) to work on /opt/airflow/dags/dag_manip.py
[2024-06-04T09:49:15.694+0000] {processor.py:830} INFO - Processing file /opt/airflow/dags/dag_manip.py for tasks to queue
[2024-06-04T09:49:15.696+0000] {logging_mixin.py:188} INFO - [2024-06-04T09:49:15.696+0000] {dagbag.py:540} INFO - Filling up the DagBag from /opt/airflow/dags/dag_manip.py
[2024-06-04T09:49:16.097+0000] {processor.py:840} INFO - DAG(s) 'dag_runs' retrieved from /opt/airflow/dags/dag_manip.py
[2024-06-04T09:49:16.111+0000] {logging_mixin.py:188} INFO - [2024-06-04T09:49:16.110+0000] {dag.py:3047} INFO - Sync 1 DAGs
[2024-06-04T09:49:16.134+0000] {logging_mixin.py:188} INFO - [2024-06-04T09:49:16.133+0000] {dag.py:3834} INFO - Setting next_dagrun for dag_runs to 2024-06-04 00:00:00+00:00, run_after=2024-06-05 00:00:00+00:00
[2024-06-04T09:49:16.148+0000] {processor.py:183} INFO - Processing /opt/airflow/dags/dag_manip.py took 0.458 seconds
[2024-06-04T09:49:46.479+0000] {processor.py:161} INFO - Started process (PID=2324) to work on /opt/airflow/dags/dag_manip.py
[2024-06-04T09:49:46.480+0000] {processor.py:830} INFO - Processing file /opt/airflow/dags/dag_manip.py for tasks to queue
[2024-06-04T09:49:46.482+0000] {logging_mixin.py:188} INFO - [2024-06-04T09:49:46.482+0000] {dagbag.py:540} INFO - Filling up the DagBag from /opt/airflow/dags/dag_manip.py
[2024-06-04T09:49:46.749+0000] {processor.py:840} INFO - DAG(s) 'dag_runs' retrieved from /opt/airflow/dags/dag_manip.py
[2024-06-04T09:49:46.843+0000] {logging_mixin.py:188} INFO - [2024-06-04T09:49:46.843+0000] {dag.py:3047} INFO - Sync 1 DAGs
[2024-06-04T09:49:46.863+0000] {logging_mixin.py:188} INFO - [2024-06-04T09:49:46.863+0000] {dag.py:3834} INFO - Setting next_dagrun for dag_runs to 2024-06-04 00:00:00+00:00, run_after=2024-06-05 00:00:00+00:00
[2024-06-04T09:49:46.881+0000] {processor.py:183} INFO - Processing /opt/airflow/dags/dag_manip.py took 0.405 seconds
[2024-06-04T09:50:17.130+0000] {processor.py:161} INFO - Started process (PID=2386) to work on /opt/airflow/dags/dag_manip.py
[2024-06-04T09:50:17.131+0000] {processor.py:830} INFO - Processing file /opt/airflow/dags/dag_manip.py for tasks to queue
[2024-06-04T09:50:17.133+0000] {logging_mixin.py:188} INFO - [2024-06-04T09:50:17.132+0000] {dagbag.py:540} INFO - Filling up the DagBag from /opt/airflow/dags/dag_manip.py
[2024-06-04T09:50:17.412+0000] {processor.py:840} INFO - DAG(s) 'dag_runs' retrieved from /opt/airflow/dags/dag_manip.py
[2024-06-04T09:50:17.432+0000] {logging_mixin.py:188} INFO - [2024-06-04T09:50:17.431+0000] {dag.py:3047} INFO - Sync 1 DAGs
[2024-06-04T09:50:17.456+0000] {logging_mixin.py:188} INFO - [2024-06-04T09:50:17.456+0000] {dag.py:3834} INFO - Setting next_dagrun for dag_runs to 2024-06-04 00:00:00+00:00, run_after=2024-06-05 00:00:00+00:00
[2024-06-04T09:50:17.474+0000] {processor.py:183} INFO - Processing /opt/airflow/dags/dag_manip.py took 0.348 seconds
[2024-06-04T09:50:34.805+0000] {processor.py:161} INFO - Started process (PID=2417) to work on /opt/airflow/dags/dag_manip.py
[2024-06-04T09:50:34.807+0000] {processor.py:830} INFO - Processing file /opt/airflow/dags/dag_manip.py for tasks to queue
[2024-06-04T09:50:34.809+0000] {logging_mixin.py:188} INFO - [2024-06-04T09:50:34.809+0000] {dagbag.py:540} INFO - Filling up the DagBag from /opt/airflow/dags/dag_manip.py
[2024-06-04T09:50:34.814+0000] {logging_mixin.py:188} INFO - [2024-06-04T09:50:34.812+0000] {dagbag.py:350} ERROR - Failed to import: /opt/airflow/dags/dag_manip.py
Traceback (most recent call last):
  File "/home/airflow/.local/lib/python3.8/site-packages/airflow/models/dagbag.py", line 346, in parse
    loader.exec_module(new_module)
  File "<frozen importlib._bootstrap_external>", line 839, in exec_module
  File "<frozen importlib._bootstrap_external>", line 976, in get_code
  File "<frozen importlib._bootstrap_external>", line 906, in source_to_code
  File "<frozen importlib._bootstrap>", line 219, in _call_with_frames_removed
  File "/opt/airflow/dags/dag_manip.py", line 74
    python_callable=lambda,
                          ^
SyntaxError: invalid syntax
[2024-06-04T09:50:34.814+0000] {processor.py:842} WARNING - No viable dags retrieved from /opt/airflow/dags/dag_manip.py
[2024-06-04T09:50:34.842+0000] {processor.py:183} INFO - Processing /opt/airflow/dags/dag_manip.py took 0.041 seconds
[2024-06-04T09:51:05.108+0000] {processor.py:161} INFO - Started process (PID=2478) to work on /opt/airflow/dags/dag_manip.py
[2024-06-04T09:51:05.109+0000] {processor.py:830} INFO - Processing file /opt/airflow/dags/dag_manip.py for tasks to queue
[2024-06-04T09:51:05.111+0000] {logging_mixin.py:188} INFO - [2024-06-04T09:51:05.110+0000] {dagbag.py:540} INFO - Filling up the DagBag from /opt/airflow/dags/dag_manip.py
[2024-06-04T09:51:05.114+0000] {logging_mixin.py:188} INFO - [2024-06-04T09:51:05.113+0000] {dagbag.py:350} ERROR - Failed to import: /opt/airflow/dags/dag_manip.py
Traceback (most recent call last):
  File "/home/airflow/.local/lib/python3.8/site-packages/airflow/models/dagbag.py", line 346, in parse
    loader.exec_module(new_module)
  File "<frozen importlib._bootstrap_external>", line 839, in exec_module
  File "<frozen importlib._bootstrap_external>", line 976, in get_code
  File "<frozen importlib._bootstrap_external>", line 906, in source_to_code
  File "<frozen importlib._bootstrap>", line 219, in _call_with_frames_removed
  File "/opt/airflow/dags/dag_manip.py", line 74
    python_callable=lambda,
                          ^
SyntaxError: invalid syntax
[2024-06-04T09:51:05.114+0000] {processor.py:842} WARNING - No viable dags retrieved from /opt/airflow/dags/dag_manip.py
[2024-06-04T09:51:05.133+0000] {processor.py:183} INFO - Processing /opt/airflow/dags/dag_manip.py took 0.029 seconds
[2024-06-04T09:51:07.451+0000] {processor.py:161} INFO - Started process (PID=2485) to work on /opt/airflow/dags/dag_manip.py
[2024-06-04T09:51:07.452+0000] {processor.py:830} INFO - Processing file /opt/airflow/dags/dag_manip.py for tasks to queue
[2024-06-04T09:51:07.454+0000] {logging_mixin.py:188} INFO - [2024-06-04T09:51:07.454+0000] {dagbag.py:540} INFO - Filling up the DagBag from /opt/airflow/dags/dag_manip.py
[2024-06-04T09:51:07.457+0000] {logging_mixin.py:188} INFO - [2024-06-04T09:51:07.456+0000] {dagbag.py:350} ERROR - Failed to import: /opt/airflow/dags/dag_manip.py
Traceback (most recent call last):
  File "/home/airflow/.local/lib/python3.8/site-packages/airflow/models/dagbag.py", line 346, in parse
    loader.exec_module(new_module)
  File "<frozen importlib._bootstrap_external>", line 839, in exec_module
  File "<frozen importlib._bootstrap_external>", line 976, in get_code
  File "<frozen importlib._bootstrap_external>", line 906, in source_to_code
  File "<frozen importlib._bootstrap>", line 219, in _call_with_frames_removed
  File "/opt/airflow/dags/dag_manip.py", line 74
    python_callable=lambda x: ,
                              ^
SyntaxError: invalid syntax
[2024-06-04T09:51:07.457+0000] {processor.py:842} WARNING - No viable dags retrieved from /opt/airflow/dags/dag_manip.py
[2024-06-04T09:51:07.476+0000] {processor.py:183} INFO - Processing /opt/airflow/dags/dag_manip.py took 0.028 seconds
[2024-06-04T09:51:15.993+0000] {processor.py:161} INFO - Started process (PID=2511) to work on /opt/airflow/dags/dag_manip.py
[2024-06-04T09:51:15.994+0000] {processor.py:830} INFO - Processing file /opt/airflow/dags/dag_manip.py for tasks to queue
[2024-06-04T09:51:15.996+0000] {logging_mixin.py:188} INFO - [2024-06-04T09:51:15.996+0000] {dagbag.py:540} INFO - Filling up the DagBag from /opt/airflow/dags/dag_manip.py
[2024-06-04T09:51:16.274+0000] {processor.py:840} INFO - DAG(s) 'dag_runs' retrieved from /opt/airflow/dags/dag_manip.py
[2024-06-04T09:51:16.376+0000] {logging_mixin.py:188} INFO - [2024-06-04T09:51:16.375+0000] {dag.py:3047} INFO - Sync 1 DAGs
[2024-06-04T09:51:16.400+0000] {logging_mixin.py:188} INFO - [2024-06-04T09:51:16.399+0000] {dag.py:3834} INFO - Setting next_dagrun for dag_runs to 2024-06-04 00:00:00+00:00, run_after=2024-06-05 00:00:00+00:00
[2024-06-04T09:51:16.420+0000] {processor.py:183} INFO - Processing /opt/airflow/dags/dag_manip.py took 0.432 seconds
[2024-06-04T09:51:20.019+0000] {processor.py:161} INFO - Started process (PID=2513) to work on /opt/airflow/dags/dag_manip.py
[2024-06-04T09:51:20.021+0000] {processor.py:830} INFO - Processing file /opt/airflow/dags/dag_manip.py for tasks to queue
[2024-06-04T09:51:20.023+0000] {logging_mixin.py:188} INFO - [2024-06-04T09:51:20.022+0000] {dagbag.py:540} INFO - Filling up the DagBag from /opt/airflow/dags/dag_manip.py
[2024-06-04T09:51:20.277+0000] {processor.py:840} INFO - DAG(s) 'dag_runs' retrieved from /opt/airflow/dags/dag_manip.py
[2024-06-04T09:51:20.292+0000] {logging_mixin.py:188} INFO - [2024-06-04T09:51:20.292+0000] {dag.py:3047} INFO - Sync 1 DAGs
[2024-06-04T09:51:20.317+0000] {logging_mixin.py:188} INFO - [2024-06-04T09:51:20.317+0000] {dag.py:3834} INFO - Setting next_dagrun for dag_runs to 2024-06-04 00:00:00+00:00, run_after=2024-06-05 00:00:00+00:00
[2024-06-04T09:51:20.334+0000] {processor.py:183} INFO - Processing /opt/airflow/dags/dag_manip.py took 0.319 seconds
[2024-06-04T09:51:21.376+0000] {processor.py:161} INFO - Started process (PID=2515) to work on /opt/airflow/dags/dag_manip.py
[2024-06-04T09:51:21.377+0000] {processor.py:830} INFO - Processing file /opt/airflow/dags/dag_manip.py for tasks to queue
[2024-06-04T09:51:21.379+0000] {logging_mixin.py:188} INFO - [2024-06-04T09:51:21.379+0000] {dagbag.py:540} INFO - Filling up the DagBag from /opt/airflow/dags/dag_manip.py
[2024-06-04T09:51:21.643+0000] {processor.py:840} INFO - DAG(s) 'dag_runs' retrieved from /opt/airflow/dags/dag_manip.py
[2024-06-04T09:51:21.656+0000] {logging_mixin.py:188} INFO - [2024-06-04T09:51:21.655+0000] {dag.py:3047} INFO - Sync 1 DAGs
[2024-06-04T09:51:21.679+0000] {logging_mixin.py:188} INFO - [2024-06-04T09:51:21.679+0000] {dag.py:3834} INFO - Setting next_dagrun for dag_runs to 2024-06-04 00:00:00+00:00, run_after=2024-06-05 00:00:00+00:00
[2024-06-04T09:51:21.699+0000] {processor.py:183} INFO - Processing /opt/airflow/dags/dag_manip.py took 0.326 seconds
[2024-06-04T09:51:22.389+0000] {processor.py:161} INFO - Started process (PID=2517) to work on /opt/airflow/dags/dag_manip.py
[2024-06-04T09:51:22.390+0000] {processor.py:830} INFO - Processing file /opt/airflow/dags/dag_manip.py for tasks to queue
[2024-06-04T09:51:22.392+0000] {logging_mixin.py:188} INFO - [2024-06-04T09:51:22.391+0000] {dagbag.py:540} INFO - Filling up the DagBag from /opt/airflow/dags/dag_manip.py
[2024-06-04T09:51:22.656+0000] {processor.py:840} INFO - DAG(s) 'dag_runs' retrieved from /opt/airflow/dags/dag_manip.py
[2024-06-04T09:51:22.670+0000] {logging_mixin.py:188} INFO - [2024-06-04T09:51:22.669+0000] {dag.py:3047} INFO - Sync 1 DAGs
[2024-06-04T09:51:22.700+0000] {logging_mixin.py:188} INFO - [2024-06-04T09:51:22.699+0000] {dag.py:3834} INFO - Setting next_dagrun for dag_runs to 2024-06-04 00:00:00+00:00, run_after=2024-06-05 00:00:00+00:00
[2024-06-04T09:51:22.722+0000] {processor.py:183} INFO - Processing /opt/airflow/dags/dag_manip.py took 0.338 seconds
[2024-06-04T09:51:31.337+0000] {processor.py:161} INFO - Started process (PID=2532) to work on /opt/airflow/dags/dag_manip.py
[2024-06-04T09:51:31.338+0000] {processor.py:830} INFO - Processing file /opt/airflow/dags/dag_manip.py for tasks to queue
[2024-06-04T09:51:31.340+0000] {logging_mixin.py:188} INFO - [2024-06-04T09:51:31.340+0000] {dagbag.py:540} INFO - Filling up the DagBag from /opt/airflow/dags/dag_manip.py
[2024-06-04T09:51:31.603+0000] {processor.py:840} INFO - DAG(s) 'dag_runs' retrieved from /opt/airflow/dags/dag_manip.py
[2024-06-04T09:51:31.617+0000] {logging_mixin.py:188} INFO - [2024-06-04T09:51:31.616+0000] {dag.py:3047} INFO - Sync 1 DAGs
[2024-06-04T09:51:31.639+0000] {logging_mixin.py:188} INFO - [2024-06-04T09:51:31.638+0000] {dag.py:3834} INFO - Setting next_dagrun for dag_runs to 2024-06-04 00:00:00+00:00, run_after=2024-06-05 00:00:00+00:00
[2024-06-04T09:51:31.654+0000] {processor.py:183} INFO - Processing /opt/airflow/dags/dag_manip.py took 0.321 seconds
[2024-06-04T09:52:02.153+0000] {processor.py:161} INFO - Started process (PID=2594) to work on /opt/airflow/dags/dag_manip.py
[2024-06-04T09:52:02.155+0000] {processor.py:830} INFO - Processing file /opt/airflow/dags/dag_manip.py for tasks to queue
[2024-06-04T09:52:02.157+0000] {logging_mixin.py:188} INFO - [2024-06-04T09:52:02.156+0000] {dagbag.py:540} INFO - Filling up the DagBag from /opt/airflow/dags/dag_manip.py
[2024-06-04T09:52:02.446+0000] {processor.py:840} INFO - DAG(s) 'dag_runs' retrieved from /opt/airflow/dags/dag_manip.py
[2024-06-04T09:52:02.466+0000] {logging_mixin.py:188} INFO - [2024-06-04T09:52:02.465+0000] {dag.py:3047} INFO - Sync 1 DAGs
[2024-06-04T09:52:02.487+0000] {logging_mixin.py:188} INFO - [2024-06-04T09:52:02.487+0000] {dag.py:3834} INFO - Setting next_dagrun for dag_runs to 2024-06-04 00:00:00+00:00, run_after=2024-06-05 00:00:00+00:00
[2024-06-04T09:52:02.505+0000] {processor.py:183} INFO - Processing /opt/airflow/dags/dag_manip.py took 0.355 seconds
[2024-06-04T09:52:32.636+0000] {processor.py:161} INFO - Started process (PID=2665) to work on /opt/airflow/dags/dag_manip.py
[2024-06-04T09:52:32.637+0000] {processor.py:830} INFO - Processing file /opt/airflow/dags/dag_manip.py for tasks to queue
[2024-06-04T09:52:32.639+0000] {logging_mixin.py:188} INFO - [2024-06-04T09:52:32.638+0000] {dagbag.py:540} INFO - Filling up the DagBag from /opt/airflow/dags/dag_manip.py
[2024-06-04T09:52:32.904+0000] {processor.py:840} INFO - DAG(s) 'dag_runs' retrieved from /opt/airflow/dags/dag_manip.py
[2024-06-04T09:52:32.916+0000] {logging_mixin.py:188} INFO - [2024-06-04T09:52:32.916+0000] {dag.py:3047} INFO - Sync 1 DAGs
[2024-06-04T09:52:32.941+0000] {logging_mixin.py:188} INFO - [2024-06-04T09:52:32.941+0000] {dag.py:3834} INFO - Setting next_dagrun for dag_runs to 2024-06-04 00:00:00+00:00, run_after=2024-06-05 00:00:00+00:00
[2024-06-04T09:52:32.960+0000] {processor.py:183} INFO - Processing /opt/airflow/dags/dag_manip.py took 0.327 seconds
[2024-06-04T09:53:03.070+0000] {processor.py:161} INFO - Started process (PID=2728) to work on /opt/airflow/dags/dag_manip.py
[2024-06-04T09:53:03.071+0000] {processor.py:830} INFO - Processing file /opt/airflow/dags/dag_manip.py for tasks to queue
[2024-06-04T09:53:03.073+0000] {logging_mixin.py:188} INFO - [2024-06-04T09:53:03.073+0000] {dagbag.py:540} INFO - Filling up the DagBag from /opt/airflow/dags/dag_manip.py
[2024-06-04T09:53:03.333+0000] {processor.py:840} INFO - DAG(s) 'dag_runs' retrieved from /opt/airflow/dags/dag_manip.py
[2024-06-04T09:53:03.430+0000] {logging_mixin.py:188} INFO - [2024-06-04T09:53:03.430+0000] {dag.py:3047} INFO - Sync 1 DAGs
[2024-06-04T09:53:03.449+0000] {logging_mixin.py:188} INFO - [2024-06-04T09:53:03.449+0000] {dag.py:3834} INFO - Setting next_dagrun for dag_runs to 2024-06-04 00:00:00+00:00, run_after=2024-06-05 00:00:00+00:00
[2024-06-04T09:53:03.466+0000] {processor.py:183} INFO - Processing /opt/airflow/dags/dag_manip.py took 0.399 seconds
