[2024-06-04T10:06:16.485+0000] {taskinstance.py:1979} INFO - Dependencies all met for dep_context=non-requeueable deps ti=<TaskInstance: dag_runs.delete_data_from_table scheduled__2024-05-27T12:00:00+00:00 [queued]>
[2024-06-04T10:06:16.496+0000] {taskinstance.py:1979} INFO - Dependencies all met for dep_context=requeueable deps ti=<TaskInstance: dag_runs.delete_data_from_table scheduled__2024-05-27T12:00:00+00:00 [queued]>
[2024-06-04T10:06:16.496+0000] {taskinstance.py:2193} INFO - Starting attempt 1 of 2
[2024-06-04T10:06:16.512+0000] {taskinstance.py:2217} INFO - Executing <Task(PostgresOperator): delete_data_from_table> on 2024-05-27 12:00:00+00:00
[2024-06-04T10:06:16.584+0000] {standard_task_runner.py:60} INFO - Started process 485 to run task
[2024-06-04T10:06:16.589+0000] {standard_task_runner.py:87} INFO - Running: ['***', 'tasks', 'run', 'dag_runs', 'delete_data_from_table', 'scheduled__2024-05-27T12:00:00+00:00', '--job-id', '360', '--raw', '--subdir', 'DAGS_FOLDER/dag_runs.py', '--cfg-path', '/tmp/tmp85zj47pa']
[2024-06-04T10:06:16.590+0000] {standard_task_runner.py:88} INFO - Job 360: Subtask delete_data_from_table
[2024-06-04T10:06:16.886+0000] {task_command.py:423} INFO - Running <TaskInstance: dag_runs.delete_data_from_table scheduled__2024-05-27T12:00:00+00:00 [running]> on host d20949f126de
[2024-06-04T10:06:17.401+0000] {taskinstance.py:2513} INFO - Exporting env vars: AIRFLOW_CTX_DAG_OWNER='***' AIRFLOW_CTX_DAG_ID='dag_runs' AIRFLOW_CTX_TASK_ID='delete_data_from_table' AIRFLOW_CTX_EXECUTION_DATE='2024-05-27T12:00:00+00:00' AIRFLOW_CTX_TRY_NUMBER='1' AIRFLOW_CTX_DAG_RUN_ID='scheduled__2024-05-27T12:00:00+00:00'
[2024-06-04T10:06:17.405+0000] {sql.py:276} INFO - Executing: 
            delete from dag_runs where dt = '2024-05-27' and dag_id = 'dag_runs';
        
[2024-06-04T10:06:17.508+0000] {base.py:83} INFO - Using connection ID 'postgres_localhost' for task execution.
[2024-06-04T10:06:17.682+0000] {base.py:83} INFO - Using connection ID 'postgres_localhost' for task execution.
[2024-06-04T10:06:17.697+0000] {sql.py:457} INFO - Running statement: 
            delete from dag_runs where dt = '2024-05-27' and dag_id = 'dag_runs';
        , parameters: None
[2024-06-04T10:06:17.701+0000] {sql.py:466} INFO - Rows affected: 0
[2024-06-04T10:06:17.702+0000] {warnings.py:109} WARNING - /home/***/.local/lib/python3.8/site-packages/***/providers/common/sql/hooks/sql.py:407: AirflowProviderDeprecationWarning: Call to deprecated method _make_common_data_structure. (The `_make_serializable` method is deprecated and support will be removed in a future version of the common.sql provider. Please update the DbApiHook's provider to a version based on common.sql >= 1.9.1.)
  result = self._make_common_data_structure(handler(cur))

[2024-06-04T10:06:17.799+0000] {taskinstance.py:1149} INFO - Marking task as SUCCESS. dag_id=dag_runs, task_id=delete_data_from_table, execution_date=20240527T120000, start_date=20240604T100616, end_date=20240604T100617
[2024-06-04T10:06:17.981+0000] {local_task_job_runner.py:234} INFO - Task exited with return code 0
[2024-06-04T10:06:18.087+0000] {warnings.py:109} WARNING - /home/***/.local/lib/python3.8/site-packages/***/models/baseoperator.py:1201: AirflowProviderDeprecationWarning: Call to deprecated class PostgresOperator. (Please use `***.providers.common.sql.operators.sql.SQLExecuteQueryOperator`.Also, you can provide `hook_params={'schema': <database>}`.)
  result = cls.__new__(cls)

[2024-06-04T10:06:18.185+0000] {taskinstance.py:3312} INFO - 1 downstream tasks scheduled from follow-on schedule check
[2024-06-04T12:02:52.935+0000] {taskinstance.py:1979} INFO - Dependencies all met for dep_context=non-requeueable deps ti=<TaskInstance: dag_runs.delete_data_from_table scheduled__2024-05-27T12:00:00+00:00 [queued]>
[2024-06-04T12:02:53.024+0000] {taskinstance.py:1979} INFO - Dependencies all met for dep_context=requeueable deps ti=<TaskInstance: dag_runs.delete_data_from_table scheduled__2024-05-27T12:00:00+00:00 [queued]>
[2024-06-04T12:02:53.024+0000] {taskinstance.py:2193} INFO - Starting attempt 1 of 4
[2024-06-04T12:02:53.115+0000] {taskinstance.py:2217} INFO - Executing <Task(PostgresOperator): delete_data_from_table> on 2024-05-27 12:00:00+00:00
[2024-06-04T12:02:53.130+0000] {standard_task_runner.py:60} INFO - Started process 512 to run task
[2024-06-04T12:02:53.139+0000] {standard_task_runner.py:87} INFO - Running: ['***', 'tasks', 'run', 'dag_runs', 'delete_data_from_table', 'scheduled__2024-05-27T12:00:00+00:00', '--job-id', '502', '--raw', '--subdir', 'DAGS_FOLDER/dag_runs.py', '--cfg-path', '/tmp/tmpo971dfg1']
[2024-06-04T12:02:53.141+0000] {standard_task_runner.py:88} INFO - Job 502: Subtask delete_data_from_table
[2024-06-04T12:02:53.526+0000] {task_command.py:423} INFO - Running <TaskInstance: dag_runs.delete_data_from_table scheduled__2024-05-27T12:00:00+00:00 [running]> on host d20949f126de
[2024-06-04T12:02:54.144+0000] {taskinstance.py:2513} INFO - Exporting env vars: AIRFLOW_CTX_DAG_OWNER='***' AIRFLOW_CTX_DAG_ID='dag_runs' AIRFLOW_CTX_TASK_ID='delete_data_from_table' AIRFLOW_CTX_EXECUTION_DATE='2024-05-27T12:00:00+00:00' AIRFLOW_CTX_TRY_NUMBER='1' AIRFLOW_CTX_DAG_RUN_ID='scheduled__2024-05-27T12:00:00+00:00'
[2024-06-04T12:02:54.224+0000] {sql.py:276} INFO - Executing: 
            delete from dag_runs
        
[2024-06-04T12:02:54.321+0000] {base.py:83} INFO - Using connection ID 'postgres_localhost' for task execution.
[2024-06-04T12:02:54.421+0000] {base.py:83} INFO - Using connection ID 'postgres_localhost' for task execution.
[2024-06-04T12:02:54.431+0000] {sql.py:457} INFO - Running statement: 
            delete from dag_runs
        , parameters: None
[2024-06-04T12:02:54.433+0000] {sql.py:466} INFO - Rows affected: 1
[2024-06-04T12:02:54.434+0000] {warnings.py:109} WARNING - /home/***/.local/lib/python3.8/site-packages/***/providers/common/sql/hooks/sql.py:407: AirflowProviderDeprecationWarning: Call to deprecated method _make_common_data_structure. (The `_make_serializable` method is deprecated and support will be removed in a future version of the common.sql provider. Please update the DbApiHook's provider to a version based on common.sql >= 1.9.1.)
  result = self._make_common_data_structure(handler(cur))

[2024-06-04T12:02:54.531+0000] {taskinstance.py:1149} INFO - Marking task as SUCCESS. dag_id=dag_runs, task_id=delete_data_from_table, execution_date=20240527T120000, start_date=20240604T120252, end_date=20240604T120254
[2024-06-04T12:02:54.715+0000] {local_task_job_runner.py:234} INFO - Task exited with return code 0
[2024-06-04T12:02:54.737+0000] {warnings.py:109} WARNING - /home/***/.local/lib/python3.8/site-packages/***/models/baseoperator.py:1201: AirflowProviderDeprecationWarning: Call to deprecated class PostgresOperator. (Please use `***.providers.common.sql.operators.sql.SQLExecuteQueryOperator`.Also, you can provide `hook_params={'schema': <database>}`.)
  result = cls.__new__(cls)

[2024-06-04T12:02:54.830+0000] {taskinstance.py:3312} INFO - 1 downstream tasks scheduled from follow-on schedule check
[2024-06-04T12:12:23.921+0000] {taskinstance.py:1979} INFO - Dependencies all met for dep_context=non-requeueable deps ti=<TaskInstance: dag_runs.delete_data_from_table scheduled__2024-05-27T12:00:00+00:00 [queued]>
[2024-06-04T12:12:23.933+0000] {taskinstance.py:1979} INFO - Dependencies all met for dep_context=requeueable deps ti=<TaskInstance: dag_runs.delete_data_from_table scheduled__2024-05-27T12:00:00+00:00 [queued]>
[2024-06-04T12:12:23.934+0000] {taskinstance.py:2193} INFO - Starting attempt 1 of 4
[2024-06-04T12:12:24.015+0000] {taskinstance.py:2217} INFO - Executing <Task(PostgresOperator): delete_data_from_table> on 2024-05-27 12:00:00+00:00
[2024-06-04T12:12:24.029+0000] {standard_task_runner.py:60} INFO - Started process 546 to run task
[2024-06-04T12:12:24.033+0000] {standard_task_runner.py:87} INFO - Running: ['***', 'tasks', 'run', 'dag_runs', 'delete_data_from_table', 'scheduled__2024-05-27T12:00:00+00:00', '--job-id', '660', '--raw', '--subdir', 'DAGS_FOLDER/dag_runs.py', '--cfg-path', '/tmp/tmpii2jzy5e']
[2024-06-04T12:12:24.034+0000] {standard_task_runner.py:88} INFO - Job 660: Subtask delete_data_from_table
[2024-06-04T12:12:24.221+0000] {task_command.py:423} INFO - Running <TaskInstance: dag_runs.delete_data_from_table scheduled__2024-05-27T12:00:00+00:00 [running]> on host d20949f126de
[2024-06-04T12:12:24.444+0000] {taskinstance.py:2513} INFO - Exporting env vars: AIRFLOW_CTX_DAG_OWNER='***' AIRFLOW_CTX_DAG_ID='dag_runs' AIRFLOW_CTX_TASK_ID='delete_data_from_table' AIRFLOW_CTX_EXECUTION_DATE='2024-05-27T12:00:00+00:00' AIRFLOW_CTX_TRY_NUMBER='1' AIRFLOW_CTX_DAG_RUN_ID='scheduled__2024-05-27T12:00:00+00:00'
[2024-06-04T12:12:24.446+0000] {sql.py:276} INFO - Executing: 
            delete from dag_runs where dt = '2024-05-27' and dag_id = 'dag_runs';
        
[2024-06-04T12:12:24.518+0000] {base.py:83} INFO - Using connection ID 'postgres_localhost' for task execution.
[2024-06-04T12:12:24.530+0000] {base.py:83} INFO - Using connection ID 'postgres_localhost' for task execution.
[2024-06-04T12:12:24.537+0000] {sql.py:457} INFO - Running statement: 
            delete from dag_runs where dt = '2024-05-27' and dag_id = 'dag_runs';
        , parameters: None
[2024-06-04T12:12:24.539+0000] {sql.py:466} INFO - Rows affected: 0
[2024-06-04T12:12:24.540+0000] {warnings.py:109} WARNING - /home/***/.local/lib/python3.8/site-packages/***/providers/common/sql/hooks/sql.py:407: AirflowProviderDeprecationWarning: Call to deprecated method _make_common_data_structure. (The `_make_serializable` method is deprecated and support will be removed in a future version of the common.sql provider. Please update the DbApiHook's provider to a version based on common.sql >= 1.9.1.)
  result = self._make_common_data_structure(handler(cur))

[2024-06-04T12:12:24.617+0000] {taskinstance.py:1149} INFO - Marking task as SUCCESS. dag_id=dag_runs, task_id=delete_data_from_table, execution_date=20240527T120000, start_date=20240604T121223, end_date=20240604T121224
[2024-06-04T12:12:24.716+0000] {local_task_job_runner.py:234} INFO - Task exited with return code 0
[2024-06-04T12:12:24.842+0000] {warnings.py:109} WARNING - /home/***/.local/lib/python3.8/site-packages/***/models/baseoperator.py:1201: AirflowProviderDeprecationWarning: Call to deprecated class PostgresOperator. (Please use `***.providers.common.sql.operators.sql.SQLExecuteQueryOperator`.Also, you can provide `hook_params={'schema': <database>}`.)
  result = cls.__new__(cls)

[2024-06-04T12:12:24.921+0000] {taskinstance.py:3312} INFO - 0 downstream tasks scheduled from follow-on schedule check
