[2024-06-04T10:06:24.411+0000] {taskinstance.py:1979} INFO - Dependencies all met for dep_context=non-requeueable deps ti=<TaskInstance: dag_runs.insert_into_table scheduled__2024-05-25T12:00:00+00:00 [queued]>
[2024-06-04T10:06:24.584+0000] {taskinstance.py:1979} INFO - Dependencies all met for dep_context=requeueable deps ti=<TaskInstance: dag_runs.insert_into_table scheduled__2024-05-25T12:00:00+00:00 [queued]>
[2024-06-04T10:06:24.585+0000] {taskinstance.py:2193} INFO - Starting attempt 1 of 2
[2024-06-04T10:06:24.688+0000] {taskinstance.py:2217} INFO - Executing <Task(PostgresOperator): insert_into_table> on 2024-05-25 12:00:00+00:00
[2024-06-04T10:06:24.712+0000] {standard_task_runner.py:60} INFO - Started process 534 to run task
[2024-06-04T10:06:24.795+0000] {standard_task_runner.py:87} INFO - Running: ['***', 'tasks', 'run', 'dag_runs', 'insert_into_table', 'scheduled__2024-05-25T12:00:00+00:00', '--job-id', '370', '--raw', '--subdir', 'DAGS_FOLDER/dag_runs.py', '--cfg-path', '/tmp/tmpgz8rmq_4']
[2024-06-04T10:06:24.803+0000] {standard_task_runner.py:88} INFO - Job 370: Subtask insert_into_table
[2024-06-04T10:06:25.388+0000] {task_command.py:423} INFO - Running <TaskInstance: dag_runs.insert_into_table scheduled__2024-05-25T12:00:00+00:00 [running]> on host d20949f126de
[2024-06-04T10:06:26.282+0000] {taskinstance.py:2513} INFO - Exporting env vars: AIRFLOW_CTX_DAG_OWNER='***' AIRFLOW_CTX_DAG_ID='dag_runs' AIRFLOW_CTX_TASK_ID='insert_into_table' AIRFLOW_CTX_EXECUTION_DATE='2024-05-25T12:00:00+00:00' AIRFLOW_CTX_TRY_NUMBER='1' AIRFLOW_CTX_DAG_RUN_ID='scheduled__2024-05-25T12:00:00+00:00'
[2024-06-04T10:06:26.288+0000] {sql.py:276} INFO - Executing: 
            insert into dag_runs (dt, dag_id) values ('2024-05-25', 'dag_runs')
        
[2024-06-04T10:06:26.385+0000] {base.py:83} INFO - Using connection ID 'postgres_localhost' for task execution.
[2024-06-04T10:06:26.488+0000] {base.py:83} INFO - Using connection ID 'postgres_localhost' for task execution.
[2024-06-04T10:06:26.499+0000] {sql.py:457} INFO - Running statement: 
            insert into dag_runs (dt, dag_id) values ('2024-05-25', 'dag_runs')
        , parameters: None
[2024-06-04T10:06:26.501+0000] {sql.py:466} INFO - Rows affected: 1
[2024-06-04T10:06:26.502+0000] {warnings.py:109} WARNING - /home/***/.local/lib/python3.8/site-packages/***/providers/common/sql/hooks/sql.py:407: AirflowProviderDeprecationWarning: Call to deprecated method _make_common_data_structure. (The `_make_serializable` method is deprecated and support will be removed in a future version of the common.sql provider. Please update the DbApiHook's provider to a version based on common.sql >= 1.9.1.)
  result = self._make_common_data_structure(handler(cur))

[2024-06-04T10:06:26.689+0000] {taskinstance.py:1149} INFO - Marking task as SUCCESS. dag_id=dag_runs, task_id=insert_into_table, execution_date=20240525T120000, start_date=20240604T100624, end_date=20240604T100626
[2024-06-04T10:06:27.029+0000] {local_task_job_runner.py:234} INFO - Task exited with return code 0
[2024-06-04T10:06:27.290+0000] {warnings.py:109} WARNING - /home/***/.local/lib/python3.8/site-packages/***/models/baseoperator.py:1201: AirflowProviderDeprecationWarning: Call to deprecated class PostgresOperator. (Please use `***.providers.common.sql.operators.sql.SQLExecuteQueryOperator`.Also, you can provide `hook_params={'schema': <database>}`.)
  result = cls.__new__(cls)

[2024-06-04T10:06:27.384+0000] {taskinstance.py:3312} INFO - 1 downstream tasks scheduled from follow-on schedule check
[2024-06-04T12:02:59.626+0000] {taskinstance.py:1979} INFO - Dependencies all met for dep_context=non-requeueable deps ti=<TaskInstance: dag_runs.insert_into_table scheduled__2024-05-25T12:00:00+00:00 [queued]>
[2024-06-04T12:02:59.638+0000] {taskinstance.py:1979} INFO - Dependencies all met for dep_context=requeueable deps ti=<TaskInstance: dag_runs.insert_into_table scheduled__2024-05-25T12:00:00+00:00 [queued]>
[2024-06-04T12:02:59.639+0000] {taskinstance.py:2193} INFO - Starting attempt 1 of 4
[2024-06-04T12:02:59.726+0000] {taskinstance.py:2217} INFO - Executing <Task(PostgresOperator): insert_into_table> on 2024-05-25 12:00:00+00:00
[2024-06-04T12:02:59.740+0000] {standard_task_runner.py:60} INFO - Started process 544 to run task
[2024-06-04T12:02:59.820+0000] {standard_task_runner.py:87} INFO - Running: ['***', 'tasks', 'run', 'dag_runs', 'insert_into_table', 'scheduled__2024-05-25T12:00:00+00:00', '--job-id', '515', '--raw', '--subdir', 'DAGS_FOLDER/dag_runs.py', '--cfg-path', '/tmp/tmppe36j27e']
[2024-06-04T12:02:59.822+0000] {standard_task_runner.py:88} INFO - Job 515: Subtask insert_into_table
[2024-06-04T12:03:00.115+0000] {task_command.py:423} INFO - Running <TaskInstance: dag_runs.insert_into_table scheduled__2024-05-25T12:00:00+00:00 [running]> on host d20949f126de
[2024-06-04T12:03:00.545+0000] {taskinstance.py:2513} INFO - Exporting env vars: AIRFLOW_CTX_DAG_OWNER='***' AIRFLOW_CTX_DAG_ID='dag_runs' AIRFLOW_CTX_TASK_ID='insert_into_table' AIRFLOW_CTX_EXECUTION_DATE='2024-05-25T12:00:00+00:00' AIRFLOW_CTX_TRY_NUMBER='1' AIRFLOW_CTX_DAG_RUN_ID='scheduled__2024-05-25T12:00:00+00:00'
[2024-06-04T12:03:00.546+0000] {sql.py:276} INFO - Executing: 
            insert into dag_runs (dt, dag_id) values ('2024-05-25', 'dag_runs')
        
[2024-06-04T12:03:00.630+0000] {base.py:83} INFO - Using connection ID 'postgres_localhost' for task execution.
[2024-06-04T12:03:00.640+0000] {base.py:83} INFO - Using connection ID 'postgres_localhost' for task execution.
[2024-06-04T12:03:00.725+0000] {sql.py:457} INFO - Running statement: 
            insert into dag_runs (dt, dag_id) values ('2024-05-25', 'dag_runs')
        , parameters: None
[2024-06-04T12:03:00.727+0000] {sql.py:466} INFO - Rows affected: 1
[2024-06-04T12:03:00.728+0000] {warnings.py:109} WARNING - /home/***/.local/lib/python3.8/site-packages/***/providers/common/sql/hooks/sql.py:407: AirflowProviderDeprecationWarning: Call to deprecated method _make_common_data_structure. (The `_make_serializable` method is deprecated and support will be removed in a future version of the common.sql provider. Please update the DbApiHook's provider to a version based on common.sql >= 1.9.1.)
  result = self._make_common_data_structure(handler(cur))

[2024-06-04T12:03:00.823+0000] {taskinstance.py:1149} INFO - Marking task as SUCCESS. dag_id=dag_runs, task_id=insert_into_table, execution_date=20240525T120000, start_date=20240604T120259, end_date=20240604T120300
[2024-06-04T12:03:01.015+0000] {local_task_job_runner.py:234} INFO - Task exited with return code 0
[2024-06-04T12:03:01.137+0000] {warnings.py:109} WARNING - /home/***/.local/lib/python3.8/site-packages/***/models/baseoperator.py:1201: AirflowProviderDeprecationWarning: Call to deprecated class PostgresOperator. (Please use `***.providers.common.sql.operators.sql.SQLExecuteQueryOperator`.Also, you can provide `hook_params={'schema': <database>}`.)
  result = cls.__new__(cls)

[2024-06-04T12:03:01.223+0000] {taskinstance.py:3312} INFO - 0 downstream tasks scheduled from follow-on schedule check
[2024-06-04T12:12:05.424+0000] {taskinstance.py:1979} INFO - Dependencies all met for dep_context=non-requeueable deps ti=<TaskInstance: dag_runs.insert_into_table scheduled__2024-05-25T12:00:00+00:00 [queued]>
[2024-06-04T12:12:05.437+0000] {taskinstance.py:1979} INFO - Dependencies all met for dep_context=requeueable deps ti=<TaskInstance: dag_runs.insert_into_table scheduled__2024-05-25T12:00:00+00:00 [queued]>
[2024-06-04T12:12:05.515+0000] {taskinstance.py:2193} INFO - Starting attempt 1 of 4
[2024-06-04T12:12:05.536+0000] {taskinstance.py:2217} INFO - Executing <Task(PostgresOperator): insert_into_table> on 2024-05-25 12:00:00+00:00
[2024-06-04T12:12:05.626+0000] {standard_task_runner.py:60} INFO - Started process 504 to run task
[2024-06-04T12:12:05.718+0000] {standard_task_runner.py:87} INFO - Running: ['***', 'tasks', 'run', 'dag_runs', 'insert_into_table', 'scheduled__2024-05-25T12:00:00+00:00', '--job-id', '644', '--raw', '--subdir', 'DAGS_FOLDER/dag_runs.py', '--cfg-path', '/tmp/tmpk24mdqw_']
[2024-06-04T12:12:05.720+0000] {standard_task_runner.py:88} INFO - Job 644: Subtask insert_into_table
[2024-06-04T12:12:06.724+0000] {task_command.py:423} INFO - Running <TaskInstance: dag_runs.insert_into_table scheduled__2024-05-25T12:00:00+00:00 [running]> on host d20949f126de
[2024-06-04T12:12:08.126+0000] {taskinstance.py:2513} INFO - Exporting env vars: AIRFLOW_CTX_DAG_OWNER='***' AIRFLOW_CTX_DAG_ID='dag_runs' AIRFLOW_CTX_TASK_ID='insert_into_table' AIRFLOW_CTX_EXECUTION_DATE='2024-05-25T12:00:00+00:00' AIRFLOW_CTX_TRY_NUMBER='1' AIRFLOW_CTX_DAG_RUN_ID='scheduled__2024-05-25T12:00:00+00:00'
[2024-06-04T12:12:08.127+0000] {sql.py:276} INFO - Executing: 
            insert into dag_runs (dt, dag_id) values ('2024-05-25', 'dag_runs')
        
[2024-06-04T12:12:08.515+0000] {base.py:83} INFO - Using connection ID 'postgres_localhost' for task execution.
[2024-06-04T12:12:08.624+0000] {base.py:83} INFO - Using connection ID 'postgres_localhost' for task execution.
[2024-06-04T12:12:08.820+0000] {sql.py:457} INFO - Running statement: 
            insert into dag_runs (dt, dag_id) values ('2024-05-25', 'dag_runs')
        , parameters: None
[2024-06-04T12:12:08.823+0000] {sql.py:466} INFO - Rows affected: 1
[2024-06-04T12:12:08.824+0000] {warnings.py:109} WARNING - /home/***/.local/lib/python3.8/site-packages/***/providers/common/sql/hooks/sql.py:407: AirflowProviderDeprecationWarning: Call to deprecated method _make_common_data_structure. (The `_make_serializable` method is deprecated and support will be removed in a future version of the common.sql provider. Please update the DbApiHook's provider to a version based on common.sql >= 1.9.1.)
  result = self._make_common_data_structure(handler(cur))

[2024-06-04T12:12:09.118+0000] {taskinstance.py:1149} INFO - Marking task as SUCCESS. dag_id=dag_runs, task_id=insert_into_table, execution_date=20240525T120000, start_date=20240604T121205, end_date=20240604T121209
[2024-06-04T12:12:09.515+0000] {local_task_job_runner.py:234} INFO - Task exited with return code 0
[2024-06-04T12:12:09.719+0000] {warnings.py:109} WARNING - /home/***/.local/lib/python3.8/site-packages/***/models/baseoperator.py:1201: AirflowProviderDeprecationWarning: Call to deprecated class PostgresOperator. (Please use `***.providers.common.sql.operators.sql.SQLExecuteQueryOperator`.Also, you can provide `hook_params={'schema': <database>}`.)
  result = cls.__new__(cls)

[2024-06-04T12:12:09.823+0000] {taskinstance.py:3312} INFO - 1 downstream tasks scheduled from follow-on schedule check
