[2024-06-04T10:06:19.106+0000] {taskinstance.py:1979} INFO - Dependencies all met for dep_context=non-requeueable deps ti=<TaskInstance: dag_runs.delete_data_from_table scheduled__2024-05-29T12:00:00+00:00 [queued]>
[2024-06-04T10:06:19.192+0000] {taskinstance.py:1979} INFO - Dependencies all met for dep_context=requeueable deps ti=<TaskInstance: dag_runs.delete_data_from_table scheduled__2024-05-29T12:00:00+00:00 [queued]>
[2024-06-04T10:06:19.195+0000] {taskinstance.py:2193} INFO - Starting attempt 1 of 2
[2024-06-04T10:06:19.288+0000] {taskinstance.py:2217} INFO - Executing <Task(PostgresOperator): delete_data_from_table> on 2024-05-29 12:00:00+00:00
[2024-06-04T10:06:19.302+0000] {standard_task_runner.py:60} INFO - Started process 510 to run task
[2024-06-04T10:06:19.386+0000] {standard_task_runner.py:87} INFO - Running: ['***', 'tasks', 'run', 'dag_runs', 'delete_data_from_table', 'scheduled__2024-05-29T12:00:00+00:00', '--job-id', '366', '--raw', '--subdir', 'DAGS_FOLDER/dag_runs.py', '--cfg-path', '/tmp/tmpikuif7mw']
[2024-06-04T10:06:19.388+0000] {standard_task_runner.py:88} INFO - Job 366: Subtask delete_data_from_table
[2024-06-04T10:06:19.699+0000] {task_command.py:423} INFO - Running <TaskInstance: dag_runs.delete_data_from_table scheduled__2024-05-29T12:00:00+00:00 [running]> on host d20949f126de
[2024-06-04T10:06:20.400+0000] {taskinstance.py:2513} INFO - Exporting env vars: AIRFLOW_CTX_DAG_OWNER='***' AIRFLOW_CTX_DAG_ID='dag_runs' AIRFLOW_CTX_TASK_ID='delete_data_from_table' AIRFLOW_CTX_EXECUTION_DATE='2024-05-29T12:00:00+00:00' AIRFLOW_CTX_TRY_NUMBER='1' AIRFLOW_CTX_DAG_RUN_ID='scheduled__2024-05-29T12:00:00+00:00'
[2024-06-04T10:06:20.406+0000] {sql.py:276} INFO - Executing: 
            delete from dag_runs where dt = '2024-05-29' and dag_id = 'dag_runs';
        
[2024-06-04T10:06:20.600+0000] {base.py:83} INFO - Using connection ID 'postgres_localhost' for task execution.
[2024-06-04T10:06:20.699+0000] {base.py:83} INFO - Using connection ID 'postgres_localhost' for task execution.
[2024-06-04T10:06:20.800+0000] {sql.py:457} INFO - Running statement: 
            delete from dag_runs where dt = '2024-05-29' and dag_id = 'dag_runs';
        , parameters: None
[2024-06-04T10:06:20.884+0000] {sql.py:466} INFO - Rows affected: 0
[2024-06-04T10:06:20.886+0000] {warnings.py:109} WARNING - /home/***/.local/lib/python3.8/site-packages/***/providers/common/sql/hooks/sql.py:407: AirflowProviderDeprecationWarning: Call to deprecated method _make_common_data_structure. (The `_make_serializable` method is deprecated and support will be removed in a future version of the common.sql provider. Please update the DbApiHook's provider to a version based on common.sql >= 1.9.1.)
  result = self._make_common_data_structure(handler(cur))

[2024-06-04T10:06:21.002+0000] {taskinstance.py:1149} INFO - Marking task as SUCCESS. dag_id=dag_runs, task_id=delete_data_from_table, execution_date=20240529T120000, start_date=20240604T100619, end_date=20240604T100621
[2024-06-04T10:06:21.281+0000] {local_task_job_runner.py:234} INFO - Task exited with return code 0
[2024-06-04T10:06:21.384+0000] {warnings.py:109} WARNING - /home/***/.local/lib/python3.8/site-packages/***/models/baseoperator.py:1201: AirflowProviderDeprecationWarning: Call to deprecated class PostgresOperator. (Please use `***.providers.common.sql.operators.sql.SQLExecuteQueryOperator`.Also, you can provide `hook_params={'schema': <database>}`.)
  result = cls.__new__(cls)

[2024-06-04T10:06:21.692+0000] {taskinstance.py:3312} INFO - 1 downstream tasks scheduled from follow-on schedule check
[2024-06-04T12:02:57.432+0000] {taskinstance.py:1979} INFO - Dependencies all met for dep_context=non-requeueable deps ti=<TaskInstance: dag_runs.delete_data_from_table scheduled__2024-05-29T12:00:00+00:00 [queued]>
[2024-06-04T12:02:57.442+0000] {taskinstance.py:1979} INFO - Dependencies all met for dep_context=requeueable deps ti=<TaskInstance: dag_runs.delete_data_from_table scheduled__2024-05-29T12:00:00+00:00 [queued]>
[2024-06-04T12:02:57.443+0000] {taskinstance.py:2193} INFO - Starting attempt 1 of 4
[2024-06-04T12:02:57.527+0000] {taskinstance.py:2217} INFO - Executing <Task(PostgresOperator): delete_data_from_table> on 2024-05-29 12:00:00+00:00
[2024-06-04T12:02:57.543+0000] {standard_task_runner.py:60} INFO - Started process 528 to run task
[2024-06-04T12:02:57.616+0000] {standard_task_runner.py:87} INFO - Running: ['***', 'tasks', 'run', 'dag_runs', 'delete_data_from_table', 'scheduled__2024-05-29T12:00:00+00:00', '--job-id', '509', '--raw', '--subdir', 'DAGS_FOLDER/dag_runs.py', '--cfg-path', '/tmp/tmploo8fubv']
[2024-06-04T12:02:57.618+0000] {standard_task_runner.py:88} INFO - Job 509: Subtask delete_data_from_table
[2024-06-04T12:02:57.825+0000] {task_command.py:423} INFO - Running <TaskInstance: dag_runs.delete_data_from_table scheduled__2024-05-29T12:00:00+00:00 [running]> on host d20949f126de
[2024-06-04T12:02:58.137+0000] {taskinstance.py:2513} INFO - Exporting env vars: AIRFLOW_CTX_DAG_OWNER='***' AIRFLOW_CTX_DAG_ID='dag_runs' AIRFLOW_CTX_TASK_ID='delete_data_from_table' AIRFLOW_CTX_EXECUTION_DATE='2024-05-29T12:00:00+00:00' AIRFLOW_CTX_TRY_NUMBER='1' AIRFLOW_CTX_DAG_RUN_ID='scheduled__2024-05-29T12:00:00+00:00'
[2024-06-04T12:02:58.142+0000] {sql.py:276} INFO - Executing: 
            delete from dag_runs
        
[2024-06-04T12:02:58.225+0000] {base.py:83} INFO - Using connection ID 'postgres_localhost' for task execution.
[2024-06-04T12:02:58.235+0000] {base.py:83} INFO - Using connection ID 'postgres_localhost' for task execution.
[2024-06-04T12:02:58.244+0000] {sql.py:457} INFO - Running statement: 
            delete from dag_runs
        , parameters: None
[2024-06-04T12:02:58.316+0000] {sql.py:466} INFO - Rows affected: 2
[2024-06-04T12:02:58.318+0000] {warnings.py:109} WARNING - /home/***/.local/lib/python3.8/site-packages/***/providers/common/sql/hooks/sql.py:407: AirflowProviderDeprecationWarning: Call to deprecated method _make_common_data_structure. (The `_make_serializable` method is deprecated and support will be removed in a future version of the common.sql provider. Please update the DbApiHook's provider to a version based on common.sql >= 1.9.1.)
  result = self._make_common_data_structure(handler(cur))

[2024-06-04T12:02:58.342+0000] {taskinstance.py:1149} INFO - Marking task as SUCCESS. dag_id=dag_runs, task_id=delete_data_from_table, execution_date=20240529T120000, start_date=20240604T120257, end_date=20240604T120258
[2024-06-04T12:02:58.535+0000] {local_task_job_runner.py:234} INFO - Task exited with return code 0
[2024-06-04T12:02:58.628+0000] {warnings.py:109} WARNING - /home/***/.local/lib/python3.8/site-packages/***/models/baseoperator.py:1201: AirflowProviderDeprecationWarning: Call to deprecated class PostgresOperator. (Please use `***.providers.common.sql.operators.sql.SQLExecuteQueryOperator`.Also, you can provide `hook_params={'schema': <database>}`.)
  result = cls.__new__(cls)

[2024-06-04T12:02:58.727+0000] {taskinstance.py:3312} INFO - 1 downstream tasks scheduled from follow-on schedule check
[2024-06-04T12:12:25.458+0000] {taskinstance.py:1979} INFO - Dependencies all met for dep_context=non-requeueable deps ti=<TaskInstance: dag_runs.delete_data_from_table scheduled__2024-05-29T12:00:00+00:00 [queued]>
[2024-06-04T12:12:25.521+0000] {taskinstance.py:1979} INFO - Dependencies all met for dep_context=requeueable deps ti=<TaskInstance: dag_runs.delete_data_from_table scheduled__2024-05-29T12:00:00+00:00 [queued]>
[2024-06-04T12:12:25.522+0000] {taskinstance.py:2193} INFO - Starting attempt 1 of 4
[2024-06-04T12:12:25.536+0000] {taskinstance.py:2217} INFO - Executing <Task(PostgresOperator): delete_data_from_table> on 2024-05-29 12:00:00+00:00
[2024-06-04T12:12:25.549+0000] {standard_task_runner.py:60} INFO - Started process 554 to run task
[2024-06-04T12:12:25.553+0000] {standard_task_runner.py:87} INFO - Running: ['***', 'tasks', 'run', 'dag_runs', 'delete_data_from_table', 'scheduled__2024-05-29T12:00:00+00:00', '--job-id', '663', '--raw', '--subdir', 'DAGS_FOLDER/dag_runs.py', '--cfg-path', '/tmp/tmpwgsv155_']
[2024-06-04T12:12:25.555+0000] {standard_task_runner.py:88} INFO - Job 663: Subtask delete_data_from_table
[2024-06-04T12:12:25.719+0000] {task_command.py:423} INFO - Running <TaskInstance: dag_runs.delete_data_from_table scheduled__2024-05-29T12:00:00+00:00 [running]> on host d20949f126de
[2024-06-04T12:12:25.953+0000] {taskinstance.py:2513} INFO - Exporting env vars: AIRFLOW_CTX_DAG_OWNER='***' AIRFLOW_CTX_DAG_ID='dag_runs' AIRFLOW_CTX_TASK_ID='delete_data_from_table' AIRFLOW_CTX_EXECUTION_DATE='2024-05-29T12:00:00+00:00' AIRFLOW_CTX_TRY_NUMBER='1' AIRFLOW_CTX_DAG_RUN_ID='scheduled__2024-05-29T12:00:00+00:00'
[2024-06-04T12:12:26.015+0000] {sql.py:276} INFO - Executing: 
            delete from dag_runs where dt = '2024-05-29' and dag_id = 'dag_runs';
        
[2024-06-04T12:12:26.027+0000] {base.py:83} INFO - Using connection ID 'postgres_localhost' for task execution.
[2024-06-04T12:12:26.038+0000] {base.py:83} INFO - Using connection ID 'postgres_localhost' for task execution.
[2024-06-04T12:12:26.043+0000] {sql.py:457} INFO - Running statement: 
            delete from dag_runs where dt = '2024-05-29' and dag_id = 'dag_runs';
        , parameters: None
[2024-06-04T12:12:26.045+0000] {sql.py:466} INFO - Rows affected: 0
[2024-06-04T12:12:26.046+0000] {warnings.py:109} WARNING - /home/***/.local/lib/python3.8/site-packages/***/providers/common/sql/hooks/sql.py:407: AirflowProviderDeprecationWarning: Call to deprecated method _make_common_data_structure. (The `_make_serializable` method is deprecated and support will be removed in a future version of the common.sql provider. Please update the DbApiHook's provider to a version based on common.sql >= 1.9.1.)
  result = self._make_common_data_structure(handler(cur))

[2024-06-04T12:12:26.125+0000] {taskinstance.py:1149} INFO - Marking task as SUCCESS. dag_id=dag_runs, task_id=delete_data_from_table, execution_date=20240529T120000, start_date=20240604T121225, end_date=20240604T121226
[2024-06-04T12:12:26.215+0000] {local_task_job_runner.py:234} INFO - Task exited with return code 0
[2024-06-04T12:12:26.230+0000] {warnings.py:109} WARNING - /home/***/.local/lib/python3.8/site-packages/***/models/baseoperator.py:1201: AirflowProviderDeprecationWarning: Call to deprecated class PostgresOperator. (Please use `***.providers.common.sql.operators.sql.SQLExecuteQueryOperator`.Also, you can provide `hook_params={'schema': <database>}`.)
  result = cls.__new__(cls)

[2024-06-04T12:12:26.253+0000] {taskinstance.py:3312} INFO - 1 downstream tasks scheduled from follow-on schedule check
