[2024-06-04T10:06:07.885+0000] {taskinstance.py:1979} INFO - Dependencies all met for dep_context=non-requeueable deps ti=<TaskInstance: dag_runs.delete_data_from_table scheduled__2024-05-21T12:00:00+00:00 [queued]>
[2024-06-04T10:06:07.899+0000] {taskinstance.py:1979} INFO - Dependencies all met for dep_context=requeueable deps ti=<TaskInstance: dag_runs.delete_data_from_table scheduled__2024-05-21T12:00:00+00:00 [queued]>
[2024-06-04T10:06:07.900+0000] {taskinstance.py:2193} INFO - Starting attempt 1 of 2
[2024-06-04T10:06:07.993+0000] {taskinstance.py:2217} INFO - Executing <Task(PostgresOperator): delete_data_from_table> on 2024-05-21 12:00:00+00:00
[2024-06-04T10:06:08.007+0000] {standard_task_runner.py:60} INFO - Started process 446 to run task
[2024-06-04T10:06:08.081+0000] {standard_task_runner.py:87} INFO - Running: ['***', 'tasks', 'run', 'dag_runs', 'delete_data_from_table', 'scheduled__2024-05-21T12:00:00+00:00', '--job-id', '347', '--raw', '--subdir', 'DAGS_FOLDER/dag_runs.py', '--cfg-path', '/tmp/tmpfcmxomzz']
[2024-06-04T10:06:08.083+0000] {standard_task_runner.py:88} INFO - Job 347: Subtask delete_data_from_table
[2024-06-04T10:06:08.407+0000] {task_command.py:423} INFO - Running <TaskInstance: dag_runs.delete_data_from_table scheduled__2024-05-21T12:00:00+00:00 [running]> on host d20949f126de
[2024-06-04T10:06:09.000+0000] {taskinstance.py:2513} INFO - Exporting env vars: AIRFLOW_CTX_DAG_OWNER='***' AIRFLOW_CTX_DAG_ID='dag_runs' AIRFLOW_CTX_TASK_ID='delete_data_from_table' AIRFLOW_CTX_EXECUTION_DATE='2024-05-21T12:00:00+00:00' AIRFLOW_CTX_TRY_NUMBER='1' AIRFLOW_CTX_DAG_RUN_ID='scheduled__2024-05-21T12:00:00+00:00'
[2024-06-04T10:06:09.001+0000] {sql.py:276} INFO - Executing: 
            delete from dag_runs where dt = '2024-05-21' and dag_id = 'dag_runs';
        
[2024-06-04T10:06:09.102+0000] {base.py:83} INFO - Using connection ID 'postgres_localhost' for task execution.
[2024-06-04T10:06:09.189+0000] {base.py:83} INFO - Using connection ID 'postgres_localhost' for task execution.
[2024-06-04T10:06:09.206+0000] {sql.py:457} INFO - Running statement: 
            delete from dag_runs where dt = '2024-05-21' and dag_id = 'dag_runs';
        , parameters: None
[2024-06-04T10:06:09.283+0000] {sql.py:466} INFO - Rows affected: 0
[2024-06-04T10:06:09.284+0000] {warnings.py:109} WARNING - /home/***/.local/lib/python3.8/site-packages/***/providers/common/sql/hooks/sql.py:407: AirflowProviderDeprecationWarning: Call to deprecated method _make_common_data_structure. (The `_make_serializable` method is deprecated and support will be removed in a future version of the common.sql provider. Please update the DbApiHook's provider to a version based on common.sql >= 1.9.1.)
  result = self._make_common_data_structure(handler(cur))

[2024-06-04T10:06:09.303+0000] {taskinstance.py:1149} INFO - Marking task as SUCCESS. dag_id=dag_runs, task_id=delete_data_from_table, execution_date=20240521T120000, start_date=20240604T100607, end_date=20240604T100609
[2024-06-04T10:06:09.581+0000] {local_task_job_runner.py:234} INFO - Task exited with return code 0
[2024-06-04T10:06:10.193+0000] {warnings.py:109} WARNING - /home/***/.local/lib/python3.8/site-packages/***/models/baseoperator.py:1201: AirflowProviderDeprecationWarning: Call to deprecated class PostgresOperator. (Please use `***.providers.common.sql.operators.sql.SQLExecuteQueryOperator`.Also, you can provide `hook_params={'schema': <database>}`.)
  result = cls.__new__(cls)

[2024-06-04T10:06:10.287+0000] {taskinstance.py:3312} INFO - 0 downstream tasks scheduled from follow-on schedule check
[2024-06-04T12:02:43.920+0000] {taskinstance.py:1979} INFO - Dependencies all met for dep_context=non-requeueable deps ti=<TaskInstance: dag_runs.delete_data_from_table scheduled__2024-05-21T12:00:00+00:00 [queued]>
[2024-06-04T12:02:43.938+0000] {taskinstance.py:1979} INFO - Dependencies all met for dep_context=requeueable deps ti=<TaskInstance: dag_runs.delete_data_from_table scheduled__2024-05-21T12:00:00+00:00 [queued]>
[2024-06-04T12:02:43.939+0000] {taskinstance.py:2193} INFO - Starting attempt 1 of 4
[2024-06-04T12:02:44.028+0000] {taskinstance.py:2217} INFO - Executing <Task(PostgresOperator): delete_data_from_table> on 2024-05-21 12:00:00+00:00
[2024-06-04T12:02:44.118+0000] {standard_task_runner.py:60} INFO - Started process 471 to run task
[2024-06-04T12:02:44.127+0000] {standard_task_runner.py:87} INFO - Running: ['***', 'tasks', 'run', 'dag_runs', 'delete_data_from_table', 'scheduled__2024-05-21T12:00:00+00:00', '--job-id', '490', '--raw', '--subdir', 'DAGS_FOLDER/dag_runs.py', '--cfg-path', '/tmp/tmpd0y5o3au']
[2024-06-04T12:02:44.129+0000] {standard_task_runner.py:88} INFO - Job 490: Subtask delete_data_from_table
[2024-06-04T12:02:44.529+0000] {task_command.py:423} INFO - Running <TaskInstance: dag_runs.delete_data_from_table scheduled__2024-05-21T12:00:00+00:00 [running]> on host d20949f126de
[2024-06-04T12:02:45.533+0000] {taskinstance.py:2513} INFO - Exporting env vars: AIRFLOW_CTX_DAG_OWNER='***' AIRFLOW_CTX_DAG_ID='dag_runs' AIRFLOW_CTX_TASK_ID='delete_data_from_table' AIRFLOW_CTX_EXECUTION_DATE='2024-05-21T12:00:00+00:00' AIRFLOW_CTX_TRY_NUMBER='1' AIRFLOW_CTX_DAG_RUN_ID='scheduled__2024-05-21T12:00:00+00:00'
[2024-06-04T12:02:45.535+0000] {sql.py:276} INFO - Executing: 
            delete from dag_runs
        
[2024-06-04T12:02:45.635+0000] {base.py:83} INFO - Using connection ID 'postgres_localhost' for task execution.
[2024-06-04T12:02:45.839+0000] {base.py:83} INFO - Using connection ID 'postgres_localhost' for task execution.
[2024-06-04T12:02:45.932+0000] {sql.py:457} INFO - Running statement: 
            delete from dag_runs
        , parameters: None
[2024-06-04T12:02:46.015+0000] {sql.py:466} INFO - Rows affected: 0
[2024-06-04T12:02:46.016+0000] {warnings.py:109} WARNING - /home/***/.local/lib/python3.8/site-packages/***/providers/common/sql/hooks/sql.py:407: AirflowProviderDeprecationWarning: Call to deprecated method _make_common_data_structure. (The `_make_serializable` method is deprecated and support will be removed in a future version of the common.sql provider. Please update the DbApiHook's provider to a version based on common.sql >= 1.9.1.)
  result = self._make_common_data_structure(handler(cur))

[2024-06-04T12:02:46.122+0000] {taskinstance.py:1149} INFO - Marking task as SUCCESS. dag_id=dag_runs, task_id=delete_data_from_table, execution_date=20240521T120000, start_date=20240604T120243, end_date=20240604T120246
[2024-06-04T12:02:46.616+0000] {local_task_job_runner.py:234} INFO - Task exited with return code 0
[2024-06-04T12:02:46.736+0000] {warnings.py:109} WARNING - /home/***/.local/lib/python3.8/site-packages/***/models/baseoperator.py:1201: AirflowProviderDeprecationWarning: Call to deprecated class PostgresOperator. (Please use `***.providers.common.sql.operators.sql.SQLExecuteQueryOperator`.Also, you can provide `hook_params={'schema': <database>}`.)
  result = cls.__new__(cls)

[2024-06-04T12:02:47.316+0000] {taskinstance.py:3312} INFO - 1 downstream tasks scheduled from follow-on schedule check
[2024-06-04T12:11:55.435+0000] {taskinstance.py:1979} INFO - Dependencies all met for dep_context=non-requeueable deps ti=<TaskInstance: dag_runs.delete_data_from_table scheduled__2024-05-21T12:00:00+00:00 [queued]>
[2024-06-04T12:11:55.521+0000] {taskinstance.py:1979} INFO - Dependencies all met for dep_context=requeueable deps ti=<TaskInstance: dag_runs.delete_data_from_table scheduled__2024-05-21T12:00:00+00:00 [queued]>
[2024-06-04T12:11:55.521+0000] {taskinstance.py:2193} INFO - Starting attempt 1 of 4
[2024-06-04T12:11:55.539+0000] {taskinstance.py:2217} INFO - Executing <Task(PostgresOperator): delete_data_from_table> on 2024-05-21 12:00:00+00:00
[2024-06-04T12:11:55.621+0000] {standard_task_runner.py:60} INFO - Started process 450 to run task
[2024-06-04T12:11:55.625+0000] {standard_task_runner.py:87} INFO - Running: ['***', 'tasks', 'run', 'dag_runs', 'delete_data_from_table', 'scheduled__2024-05-21T12:00:00+00:00', '--job-id', '630', '--raw', '--subdir', 'DAGS_FOLDER/dag_runs.py', '--cfg-path', '/tmp/tmpez93bf3u']
[2024-06-04T12:11:55.626+0000] {standard_task_runner.py:88} INFO - Job 630: Subtask delete_data_from_table
[2024-06-04T12:11:55.824+0000] {task_command.py:423} INFO - Running <TaskInstance: dag_runs.delete_data_from_table scheduled__2024-05-21T12:00:00+00:00 [running]> on host d20949f126de
[2024-06-04T12:11:56.120+0000] {taskinstance.py:2513} INFO - Exporting env vars: AIRFLOW_CTX_DAG_OWNER='***' AIRFLOW_CTX_DAG_ID='dag_runs' AIRFLOW_CTX_TASK_ID='delete_data_from_table' AIRFLOW_CTX_EXECUTION_DATE='2024-05-21T12:00:00+00:00' AIRFLOW_CTX_TRY_NUMBER='1' AIRFLOW_CTX_DAG_RUN_ID='scheduled__2024-05-21T12:00:00+00:00'
[2024-06-04T12:11:56.121+0000] {sql.py:276} INFO - Executing: 
            delete from dag_runs where dt = '2024-05-21' and dag_id = 'dag_runs';
        
[2024-06-04T12:11:56.133+0000] {base.py:83} INFO - Using connection ID 'postgres_localhost' for task execution.
[2024-06-04T12:11:56.143+0000] {base.py:83} INFO - Using connection ID 'postgres_localhost' for task execution.
[2024-06-04T12:11:56.148+0000] {sql.py:457} INFO - Running statement: 
            delete from dag_runs where dt = '2024-05-21' and dag_id = 'dag_runs';
        , parameters: None
[2024-06-04T12:11:56.216+0000] {sql.py:466} INFO - Rows affected: 0
[2024-06-04T12:11:56.217+0000] {warnings.py:109} WARNING - /home/***/.local/lib/python3.8/site-packages/***/providers/common/sql/hooks/sql.py:407: AirflowProviderDeprecationWarning: Call to deprecated method _make_common_data_structure. (The `_make_serializable` method is deprecated and support will be removed in a future version of the common.sql provider. Please update the DbApiHook's provider to a version based on common.sql >= 1.9.1.)
  result = self._make_common_data_structure(handler(cur))

[2024-06-04T12:11:56.229+0000] {taskinstance.py:1149} INFO - Marking task as SUCCESS. dag_id=dag_runs, task_id=delete_data_from_table, execution_date=20240521T120000, start_date=20240604T121155, end_date=20240604T121156
[2024-06-04T12:11:56.415+0000] {local_task_job_runner.py:234} INFO - Task exited with return code 0
[2024-06-04T12:11:56.432+0000] {warnings.py:109} WARNING - /home/***/.local/lib/python3.8/site-packages/***/models/baseoperator.py:1201: AirflowProviderDeprecationWarning: Call to deprecated class PostgresOperator. (Please use `***.providers.common.sql.operators.sql.SQLExecuteQueryOperator`.Also, you can provide `hook_params={'schema': <database>}`.)
  result = cls.__new__(cls)

[2024-06-04T12:11:56.523+0000] {taskinstance.py:3312} INFO - 1 downstream tasks scheduled from follow-on schedule check
