[2024-06-04T10:06:24.403+0000] {taskinstance.py:1979} INFO - Dependencies all met for dep_context=non-requeueable deps ti=<TaskInstance: dag_runs.delete_data_from_table scheduled__2024-05-30T12:00:00+00:00 [queued]>
[2024-06-04T10:06:24.488+0000] {taskinstance.py:1979} INFO - Dependencies all met for dep_context=requeueable deps ti=<TaskInstance: dag_runs.delete_data_from_table scheduled__2024-05-30T12:00:00+00:00 [queued]>
[2024-06-04T10:06:24.489+0000] {taskinstance.py:2193} INFO - Starting attempt 1 of 2
[2024-06-04T10:06:24.508+0000] {taskinstance.py:2217} INFO - Executing <Task(PostgresOperator): delete_data_from_table> on 2024-05-30 12:00:00+00:00
[2024-06-04T10:06:24.594+0000] {standard_task_runner.py:60} INFO - Started process 533 to run task
[2024-06-04T10:06:24.601+0000] {standard_task_runner.py:87} INFO - Running: ['***', 'tasks', 'run', 'dag_runs', 'delete_data_from_table', 'scheduled__2024-05-30T12:00:00+00:00', '--job-id', '371', '--raw', '--subdir', 'DAGS_FOLDER/dag_runs.py', '--cfg-path', '/tmp/tmp3jvlmfx2']
[2024-06-04T10:06:24.603+0000] {standard_task_runner.py:88} INFO - Job 371: Subtask delete_data_from_table
[2024-06-04T10:06:25.183+0000] {task_command.py:423} INFO - Running <TaskInstance: dag_runs.delete_data_from_table scheduled__2024-05-30T12:00:00+00:00 [running]> on host d20949f126de
[2024-06-04T10:06:26.186+0000] {taskinstance.py:2513} INFO - Exporting env vars: AIRFLOW_CTX_DAG_OWNER='***' AIRFLOW_CTX_DAG_ID='dag_runs' AIRFLOW_CTX_TASK_ID='delete_data_from_table' AIRFLOW_CTX_EXECUTION_DATE='2024-05-30T12:00:00+00:00' AIRFLOW_CTX_TRY_NUMBER='1' AIRFLOW_CTX_DAG_RUN_ID='scheduled__2024-05-30T12:00:00+00:00'
[2024-06-04T10:06:26.190+0000] {sql.py:276} INFO - Executing: 
            delete from dag_runs where dt = '2024-05-30' and dag_id = 'dag_runs';
        
[2024-06-04T10:06:26.303+0000] {base.py:83} INFO - Using connection ID 'postgres_localhost' for task execution.
[2024-06-04T10:06:26.401+0000] {base.py:83} INFO - Using connection ID 'postgres_localhost' for task execution.
[2024-06-04T10:06:26.485+0000] {sql.py:457} INFO - Running statement: 
            delete from dag_runs where dt = '2024-05-30' and dag_id = 'dag_runs';
        , parameters: None
[2024-06-04T10:06:26.488+0000] {sql.py:466} INFO - Rows affected: 0
[2024-06-04T10:06:26.489+0000] {warnings.py:109} WARNING - /home/***/.local/lib/python3.8/site-packages/***/providers/common/sql/hooks/sql.py:407: AirflowProviderDeprecationWarning: Call to deprecated method _make_common_data_structure. (The `_make_serializable` method is deprecated and support will be removed in a future version of the common.sql provider. Please update the DbApiHook's provider to a version based on common.sql >= 1.9.1.)
  result = self._make_common_data_structure(handler(cur))

[2024-06-04T10:06:26.589+0000] {taskinstance.py:1149} INFO - Marking task as SUCCESS. dag_id=dag_runs, task_id=delete_data_from_table, execution_date=20240530T120000, start_date=20240604T100624, end_date=20240604T100626
[2024-06-04T10:06:26.883+0000] {local_task_job_runner.py:234} INFO - Task exited with return code 0
[2024-06-04T10:06:27.288+0000] {warnings.py:109} WARNING - /home/***/.local/lib/python3.8/site-packages/***/models/baseoperator.py:1201: AirflowProviderDeprecationWarning: Call to deprecated class PostgresOperator. (Please use `***.providers.common.sql.operators.sql.SQLExecuteQueryOperator`.Also, you can provide `hook_params={'schema': <database>}`.)
  result = cls.__new__(cls)

[2024-06-04T10:06:27.398+0000] {taskinstance.py:3312} INFO - 1 downstream tasks scheduled from follow-on schedule check
[2024-06-04T12:02:57.642+0000] {taskinstance.py:1979} INFO - Dependencies all met for dep_context=non-requeueable deps ti=<TaskInstance: dag_runs.delete_data_from_table scheduled__2024-05-30T12:00:00+00:00 [queued]>
[2024-06-04T12:02:57.721+0000] {taskinstance.py:1979} INFO - Dependencies all met for dep_context=requeueable deps ti=<TaskInstance: dag_runs.delete_data_from_table scheduled__2024-05-30T12:00:00+00:00 [queued]>
[2024-06-04T12:02:57.722+0000] {taskinstance.py:2193} INFO - Starting attempt 1 of 4
[2024-06-04T12:02:57.737+0000] {taskinstance.py:2217} INFO - Executing <Task(PostgresOperator): delete_data_from_table> on 2024-05-30 12:00:00+00:00
[2024-06-04T12:02:57.746+0000] {standard_task_runner.py:60} INFO - Started process 532 to run task
[2024-06-04T12:02:57.821+0000] {standard_task_runner.py:87} INFO - Running: ['***', 'tasks', 'run', 'dag_runs', 'delete_data_from_table', 'scheduled__2024-05-30T12:00:00+00:00', '--job-id', '513', '--raw', '--subdir', 'DAGS_FOLDER/dag_runs.py', '--cfg-path', '/tmp/tmpnm5q3ao5']
[2024-06-04T12:02:57.822+0000] {standard_task_runner.py:88} INFO - Job 513: Subtask delete_data_from_table
[2024-06-04T12:02:58.022+0000] {task_command.py:423} INFO - Running <TaskInstance: dag_runs.delete_data_from_table scheduled__2024-05-30T12:00:00+00:00 [running]> on host d20949f126de
[2024-06-04T12:02:58.440+0000] {taskinstance.py:2513} INFO - Exporting env vars: AIRFLOW_CTX_DAG_OWNER='***' AIRFLOW_CTX_DAG_ID='dag_runs' AIRFLOW_CTX_TASK_ID='delete_data_from_table' AIRFLOW_CTX_EXECUTION_DATE='2024-05-30T12:00:00+00:00' AIRFLOW_CTX_TRY_NUMBER='1' AIRFLOW_CTX_DAG_RUN_ID='scheduled__2024-05-30T12:00:00+00:00'
[2024-06-04T12:02:58.441+0000] {sql.py:276} INFO - Executing: 
            delete from dag_runs
        
[2024-06-04T12:02:58.527+0000] {base.py:83} INFO - Using connection ID 'postgres_localhost' for task execution.
[2024-06-04T12:02:58.539+0000] {base.py:83} INFO - Using connection ID 'postgres_localhost' for task execution.
[2024-06-04T12:02:58.620+0000] {sql.py:457} INFO - Running statement: 
            delete from dag_runs
        , parameters: None
[2024-06-04T12:02:58.621+0000] {sql.py:466} INFO - Rows affected: 2
[2024-06-04T12:02:58.622+0000] {warnings.py:109} WARNING - /home/***/.local/lib/python3.8/site-packages/***/providers/common/sql/hooks/sql.py:407: AirflowProviderDeprecationWarning: Call to deprecated method _make_common_data_structure. (The `_make_serializable` method is deprecated and support will be removed in a future version of the common.sql provider. Please update the DbApiHook's provider to a version based on common.sql >= 1.9.1.)
  result = self._make_common_data_structure(handler(cur))

[2024-06-04T12:02:58.736+0000] {taskinstance.py:1149} INFO - Marking task as SUCCESS. dag_id=dag_runs, task_id=delete_data_from_table, execution_date=20240530T120000, start_date=20240604T120257, end_date=20240604T120258
[2024-06-04T12:02:58.919+0000] {local_task_job_runner.py:234} INFO - Task exited with return code 0
[2024-06-04T12:02:59.120+0000] {warnings.py:109} WARNING - /home/***/.local/lib/python3.8/site-packages/***/models/baseoperator.py:1201: AirflowProviderDeprecationWarning: Call to deprecated class PostgresOperator. (Please use `***.providers.common.sql.operators.sql.SQLExecuteQueryOperator`.Also, you can provide `hook_params={'schema': <database>}`.)
  result = cls.__new__(cls)

[2024-06-04T12:02:59.143+0000] {taskinstance.py:3312} INFO - 0 downstream tasks scheduled from follow-on schedule check
[2024-06-04T12:12:26.326+0000] {taskinstance.py:1979} INFO - Dependencies all met for dep_context=non-requeueable deps ti=<TaskInstance: dag_runs.delete_data_from_table scheduled__2024-05-30T12:00:00+00:00 [queued]>
[2024-06-04T12:12:26.337+0000] {taskinstance.py:1979} INFO - Dependencies all met for dep_context=requeueable deps ti=<TaskInstance: dag_runs.delete_data_from_table scheduled__2024-05-30T12:00:00+00:00 [queued]>
[2024-06-04T12:12:26.337+0000] {taskinstance.py:2193} INFO - Starting attempt 1 of 4
[2024-06-04T12:12:26.354+0000] {taskinstance.py:2217} INFO - Executing <Task(PostgresOperator): delete_data_from_table> on 2024-05-30 12:00:00+00:00
[2024-06-04T12:12:26.365+0000] {standard_task_runner.py:60} INFO - Started process 559 to run task
[2024-06-04T12:12:26.417+0000] {standard_task_runner.py:87} INFO - Running: ['***', 'tasks', 'run', 'dag_runs', 'delete_data_from_table', 'scheduled__2024-05-30T12:00:00+00:00', '--job-id', '665', '--raw', '--subdir', 'DAGS_FOLDER/dag_runs.py', '--cfg-path', '/tmp/tmpd67hqk02']
[2024-06-04T12:12:26.419+0000] {standard_task_runner.py:88} INFO - Job 665: Subtask delete_data_from_table
[2024-06-04T12:12:26.518+0000] {task_command.py:423} INFO - Running <TaskInstance: dag_runs.delete_data_from_table scheduled__2024-05-30T12:00:00+00:00 [running]> on host d20949f126de
[2024-06-04T12:12:26.653+0000] {taskinstance.py:2513} INFO - Exporting env vars: AIRFLOW_CTX_DAG_OWNER='***' AIRFLOW_CTX_DAG_ID='dag_runs' AIRFLOW_CTX_TASK_ID='delete_data_from_table' AIRFLOW_CTX_EXECUTION_DATE='2024-05-30T12:00:00+00:00' AIRFLOW_CTX_TRY_NUMBER='1' AIRFLOW_CTX_DAG_RUN_ID='scheduled__2024-05-30T12:00:00+00:00'
[2024-06-04T12:12:26.654+0000] {sql.py:276} INFO - Executing: 
            delete from dag_runs where dt = '2024-05-30' and dag_id = 'dag_runs';
        
[2024-06-04T12:12:26.665+0000] {base.py:83} INFO - Using connection ID 'postgres_localhost' for task execution.
[2024-06-04T12:12:26.675+0000] {base.py:83} INFO - Using connection ID 'postgres_localhost' for task execution.
[2024-06-04T12:12:26.681+0000] {sql.py:457} INFO - Running statement: 
            delete from dag_runs where dt = '2024-05-30' and dag_id = 'dag_runs';
        , parameters: None
[2024-06-04T12:12:26.715+0000] {sql.py:466} INFO - Rows affected: 0
[2024-06-04T12:12:26.716+0000] {warnings.py:109} WARNING - /home/***/.local/lib/python3.8/site-packages/***/providers/common/sql/hooks/sql.py:407: AirflowProviderDeprecationWarning: Call to deprecated method _make_common_data_structure. (The `_make_serializable` method is deprecated and support will be removed in a future version of the common.sql provider. Please update the DbApiHook's provider to a version based on common.sql >= 1.9.1.)
  result = self._make_common_data_structure(handler(cur))

[2024-06-04T12:12:26.728+0000] {taskinstance.py:1149} INFO - Marking task as SUCCESS. dag_id=dag_runs, task_id=delete_data_from_table, execution_date=20240530T120000, start_date=20240604T121226, end_date=20240604T121226
[2024-06-04T12:12:26.815+0000] {local_task_job_runner.py:234} INFO - Task exited with return code 0
[2024-06-04T12:12:26.831+0000] {warnings.py:109} WARNING - /home/***/.local/lib/python3.8/site-packages/***/models/baseoperator.py:1201: AirflowProviderDeprecationWarning: Call to deprecated class PostgresOperator. (Please use `***.providers.common.sql.operators.sql.SQLExecuteQueryOperator`.Also, you can provide `hook_params={'schema': <database>}`.)
  result = cls.__new__(cls)

[2024-06-04T12:12:26.853+0000] {taskinstance.py:3312} INFO - 1 downstream tasks scheduled from follow-on schedule check
