[2024-06-04T10:06:34.300+0000] {taskinstance.py:1979} INFO - Dependencies all met for dep_context=non-requeueable deps ti=<TaskInstance: dag_runs.insert_into_table scheduled__2024-05-30T12:00:00+00:00 [queued]>
[2024-06-04T10:06:34.310+0000] {taskinstance.py:1979} INFO - Dependencies all met for dep_context=requeueable deps ti=<TaskInstance: dag_runs.insert_into_table scheduled__2024-05-30T12:00:00+00:00 [queued]>
[2024-06-04T10:06:34.310+0000] {taskinstance.py:2193} INFO - Starting attempt 1 of 2
[2024-06-04T10:06:34.393+0000] {taskinstance.py:2217} INFO - Executing <Task(PostgresOperator): insert_into_table> on 2024-05-30 12:00:00+00:00
[2024-06-04T10:06:34.408+0000] {standard_task_runner.py:60} INFO - Started process 570 to run task
[2024-06-04T10:06:34.413+0000] {standard_task_runner.py:87} INFO - Running: ['***', 'tasks', 'run', 'dag_runs', 'insert_into_table', 'scheduled__2024-05-30T12:00:00+00:00', '--job-id', '389', '--raw', '--subdir', 'DAGS_FOLDER/dag_runs.py', '--cfg-path', '/tmp/tmp0454pv30']
[2024-06-04T10:06:34.481+0000] {standard_task_runner.py:88} INFO - Job 389: Subtask insert_into_table
[2024-06-04T10:06:34.684+0000] {task_command.py:423} INFO - Running <TaskInstance: dag_runs.insert_into_table scheduled__2024-05-30T12:00:00+00:00 [running]> on host d20949f126de
[2024-06-04T10:06:34.917+0000] {taskinstance.py:2513} INFO - Exporting env vars: AIRFLOW_CTX_DAG_OWNER='***' AIRFLOW_CTX_DAG_ID='dag_runs' AIRFLOW_CTX_TASK_ID='insert_into_table' AIRFLOW_CTX_EXECUTION_DATE='2024-05-30T12:00:00+00:00' AIRFLOW_CTX_TRY_NUMBER='1' AIRFLOW_CTX_DAG_RUN_ID='scheduled__2024-05-30T12:00:00+00:00'
[2024-06-04T10:06:34.919+0000] {sql.py:276} INFO - Executing: 
            insert into dag_runs (dt, dag_id) values ('2024-05-30', 'dag_runs')
        
[2024-06-04T10:06:34.992+0000] {base.py:83} INFO - Using connection ID 'postgres_localhost' for task execution.
[2024-06-04T10:06:35.001+0000] {base.py:83} INFO - Using connection ID 'postgres_localhost' for task execution.
[2024-06-04T10:06:35.006+0000] {sql.py:457} INFO - Running statement: 
            insert into dag_runs (dt, dag_id) values ('2024-05-30', 'dag_runs')
        , parameters: None
[2024-06-04T10:06:35.008+0000] {sql.py:466} INFO - Rows affected: 1
[2024-06-04T10:06:35.009+0000] {warnings.py:109} WARNING - /home/***/.local/lib/python3.8/site-packages/***/providers/common/sql/hooks/sql.py:407: AirflowProviderDeprecationWarning: Call to deprecated method _make_common_data_structure. (The `_make_serializable` method is deprecated and support will be removed in a future version of the common.sql provider. Please update the DbApiHook's provider to a version based on common.sql >= 1.9.1.)
  result = self._make_common_data_structure(handler(cur))

[2024-06-04T10:06:35.088+0000] {taskinstance.py:1149} INFO - Marking task as SUCCESS. dag_id=dag_runs, task_id=insert_into_table, execution_date=20240530T120000, start_date=20240604T100634, end_date=20240604T100635
[2024-06-04T10:06:35.222+0000] {local_task_job_runner.py:234} INFO - Task exited with return code 0
[2024-06-04T10:06:35.292+0000] {warnings.py:109} WARNING - /home/***/.local/lib/python3.8/site-packages/***/models/baseoperator.py:1201: AirflowProviderDeprecationWarning: Call to deprecated class PostgresOperator. (Please use `***.providers.common.sql.operators.sql.SQLExecuteQueryOperator`.Also, you can provide `hook_params={'schema': <database>}`.)
  result = cls.__new__(cls)

[2024-06-04T10:06:35.308+0000] {taskinstance.py:3312} INFO - 1 downstream tasks scheduled from follow-on schedule check
[2024-06-04T12:03:04.140+0000] {taskinstance.py:1979} INFO - Dependencies all met for dep_context=non-requeueable deps ti=<TaskInstance: dag_runs.insert_into_table scheduled__2024-05-30T12:00:00+00:00 [queued]>
[2024-06-04T12:03:04.215+0000] {taskinstance.py:1979} INFO - Dependencies all met for dep_context=requeueable deps ti=<TaskInstance: dag_runs.insert_into_table scheduled__2024-05-30T12:00:00+00:00 [queued]>
[2024-06-04T12:03:04.216+0000] {taskinstance.py:2193} INFO - Starting attempt 1 of 4
[2024-06-04T12:03:04.232+0000] {taskinstance.py:2217} INFO - Executing <Task(PostgresOperator): insert_into_table> on 2024-05-30 12:00:00+00:00
[2024-06-04T12:03:04.244+0000] {standard_task_runner.py:60} INFO - Started process 563 to run task
[2024-06-04T12:03:04.248+0000] {standard_task_runner.py:87} INFO - Running: ['***', 'tasks', 'run', 'dag_runs', 'insert_into_table', 'scheduled__2024-05-30T12:00:00+00:00', '--job-id', '524', '--raw', '--subdir', 'DAGS_FOLDER/dag_runs.py', '--cfg-path', '/tmp/tmp3afjmbjn']
[2024-06-04T12:03:04.250+0000] {standard_task_runner.py:88} INFO - Job 524: Subtask insert_into_table
[2024-06-04T12:03:04.435+0000] {task_command.py:423} INFO - Running <TaskInstance: dag_runs.insert_into_table scheduled__2024-05-30T12:00:00+00:00 [running]> on host d20949f126de
[2024-06-04T12:03:04.716+0000] {taskinstance.py:2513} INFO - Exporting env vars: AIRFLOW_CTX_DAG_OWNER='***' AIRFLOW_CTX_DAG_ID='dag_runs' AIRFLOW_CTX_TASK_ID='insert_into_table' AIRFLOW_CTX_EXECUTION_DATE='2024-05-30T12:00:00+00:00' AIRFLOW_CTX_TRY_NUMBER='1' AIRFLOW_CTX_DAG_RUN_ID='scheduled__2024-05-30T12:00:00+00:00'
[2024-06-04T12:03:04.718+0000] {sql.py:276} INFO - Executing: 
            insert into dag_runs (dt, dag_id) values ('2024-05-30', 'dag_runs')
        
[2024-06-04T12:03:04.729+0000] {base.py:83} INFO - Using connection ID 'postgres_localhost' for task execution.
[2024-06-04T12:03:04.739+0000] {base.py:83} INFO - Using connection ID 'postgres_localhost' for task execution.
[2024-06-04T12:03:04.744+0000] {sql.py:457} INFO - Running statement: 
            insert into dag_runs (dt, dag_id) values ('2024-05-30', 'dag_runs')
        , parameters: None
[2024-06-04T12:03:04.745+0000] {sql.py:466} INFO - Rows affected: 1
[2024-06-04T12:03:04.746+0000] {warnings.py:109} WARNING - /home/***/.local/lib/python3.8/site-packages/***/providers/common/sql/hooks/sql.py:407: AirflowProviderDeprecationWarning: Call to deprecated method _make_common_data_structure. (The `_make_serializable` method is deprecated and support will be removed in a future version of the common.sql provider. Please update the DbApiHook's provider to a version based on common.sql >= 1.9.1.)
  result = self._make_common_data_structure(handler(cur))

[2024-06-04T12:03:04.831+0000] {taskinstance.py:1149} INFO - Marking task as SUCCESS. dag_id=dag_runs, task_id=insert_into_table, execution_date=20240530T120000, start_date=20240604T120304, end_date=20240604T120304
[2024-06-04T12:03:05.015+0000] {local_task_job_runner.py:234} INFO - Task exited with return code 0
[2024-06-04T12:03:05.054+0000] {warnings.py:109} WARNING - /home/***/.local/lib/python3.8/site-packages/***/models/baseoperator.py:1201: AirflowProviderDeprecationWarning: Call to deprecated class PostgresOperator. (Please use `***.providers.common.sql.operators.sql.SQLExecuteQueryOperator`.Also, you can provide `hook_params={'schema': <database>}`.)
  result = cls.__new__(cls)

[2024-06-04T12:03:05.116+0000] {taskinstance.py:3312} INFO - 0 downstream tasks scheduled from follow-on schedule check
[2024-06-04T12:12:29.044+0000] {taskinstance.py:1979} INFO - Dependencies all met for dep_context=non-requeueable deps ti=<TaskInstance: dag_runs.insert_into_table scheduled__2024-05-30T12:00:00+00:00 [queued]>
[2024-06-04T12:12:29.054+0000] {taskinstance.py:1979} INFO - Dependencies all met for dep_context=requeueable deps ti=<TaskInstance: dag_runs.insert_into_table scheduled__2024-05-30T12:00:00+00:00 [queued]>
[2024-06-04T12:12:29.054+0000] {taskinstance.py:2193} INFO - Starting attempt 1 of 4
[2024-06-04T12:12:29.121+0000] {taskinstance.py:2217} INFO - Executing <Task(PostgresOperator): insert_into_table> on 2024-05-30 12:00:00+00:00
[2024-06-04T12:12:29.132+0000] {standard_task_runner.py:60} INFO - Started process 577 to run task
[2024-06-04T12:12:29.136+0000] {standard_task_runner.py:87} INFO - Running: ['***', 'tasks', 'run', 'dag_runs', 'insert_into_table', 'scheduled__2024-05-30T12:00:00+00:00', '--job-id', '671', '--raw', '--subdir', 'DAGS_FOLDER/dag_runs.py', '--cfg-path', '/tmp/tmpyujonyob']
[2024-06-04T12:12:29.137+0000] {standard_task_runner.py:88} INFO - Job 671: Subtask insert_into_table
[2024-06-04T12:12:29.241+0000] {task_command.py:423} INFO - Running <TaskInstance: dag_runs.insert_into_table scheduled__2024-05-30T12:00:00+00:00 [running]> on host d20949f126de
[2024-06-04T12:12:29.432+0000] {taskinstance.py:2513} INFO - Exporting env vars: AIRFLOW_CTX_DAG_OWNER='***' AIRFLOW_CTX_DAG_ID='dag_runs' AIRFLOW_CTX_TASK_ID='insert_into_table' AIRFLOW_CTX_EXECUTION_DATE='2024-05-30T12:00:00+00:00' AIRFLOW_CTX_TRY_NUMBER='1' AIRFLOW_CTX_DAG_RUN_ID='scheduled__2024-05-30T12:00:00+00:00'
[2024-06-04T12:12:29.433+0000] {sql.py:276} INFO - Executing: 
            insert into dag_runs (dt, dag_id) values ('2024-05-30', 'dag_runs')
        
[2024-06-04T12:12:29.444+0000] {base.py:83} INFO - Using connection ID 'postgres_localhost' for task execution.
[2024-06-04T12:12:29.453+0000] {base.py:83} INFO - Using connection ID 'postgres_localhost' for task execution.
[2024-06-04T12:12:29.459+0000] {sql.py:457} INFO - Running statement: 
            insert into dag_runs (dt, dag_id) values ('2024-05-30', 'dag_runs')
        , parameters: None
[2024-06-04T12:12:29.460+0000] {sql.py:466} INFO - Rows affected: 1
[2024-06-04T12:12:29.461+0000] {warnings.py:109} WARNING - /home/***/.local/lib/python3.8/site-packages/***/providers/common/sql/hooks/sql.py:407: AirflowProviderDeprecationWarning: Call to deprecated method _make_common_data_structure. (The `_make_serializable` method is deprecated and support will be removed in a future version of the common.sql provider. Please update the DbApiHook's provider to a version based on common.sql >= 1.9.1.)
  result = self._make_common_data_structure(handler(cur))

[2024-06-04T12:12:29.526+0000] {taskinstance.py:1149} INFO - Marking task as SUCCESS. dag_id=dag_runs, task_id=insert_into_table, execution_date=20240530T120000, start_date=20240604T121229, end_date=20240604T121229
[2024-06-04T12:12:29.576+0000] {local_task_job_runner.py:234} INFO - Task exited with return code 0
[2024-06-04T12:12:29.628+0000] {warnings.py:109} WARNING - /home/***/.local/lib/python3.8/site-packages/***/models/baseoperator.py:1201: AirflowProviderDeprecationWarning: Call to deprecated class PostgresOperator. (Please use `***.providers.common.sql.operators.sql.SQLExecuteQueryOperator`.Also, you can provide `hook_params={'schema': <database>}`.)
  result = cls.__new__(cls)

[2024-06-04T12:12:29.646+0000] {taskinstance.py:3312} INFO - 1 downstream tasks scheduled from follow-on schedule check
