[2024-06-04T07:51:19.528+0000] {processor.py:161} INFO - Started process (PID=163) to work on /home/airflow/.local/lib/python3.8/site-packages/airflow/example_dags/example_branch_labels.py
[2024-06-04T07:51:19.529+0000] {processor.py:830} INFO - Processing file /home/airflow/.local/lib/python3.8/site-packages/airflow/example_dags/example_branch_labels.py for tasks to queue
[2024-06-04T07:51:19.531+0000] {logging_mixin.py:188} INFO - [2024-06-04T07:51:19.530+0000] {dagbag.py:540} INFO - Filling up the DagBag from /home/airflow/.local/lib/python3.8/site-packages/airflow/example_dags/example_branch_labels.py
[2024-06-04T07:51:19.607+0000] {processor.py:840} INFO - DAG(s) 'example_branch_labels' retrieved from /home/airflow/.local/lib/python3.8/site-packages/airflow/example_dags/example_branch_labels.py
[2024-06-04T07:51:19.946+0000] {logging_mixin.py:188} INFO - [2024-06-04T07:51:19.946+0000] {dag.py:3047} INFO - Sync 1 DAGs
[2024-06-04T07:51:20.031+0000] {logging_mixin.py:188} INFO - [2024-06-04T07:51:20.031+0000] {dag.py:3834} INFO - Setting next_dagrun for example_branch_labels to 2024-06-03 00:00:00+00:00, run_after=2024-06-04 00:00:00+00:00
[2024-06-04T07:51:20.112+0000] {processor.py:183} INFO - Processing /home/airflow/.local/lib/python3.8/site-packages/airflow/example_dags/example_branch_labels.py took 0.589 seconds
[2024-06-04T07:51:50.181+0000] {processor.py:161} INFO - Started process (PID=221) to work on /home/airflow/.local/lib/python3.8/site-packages/airflow/example_dags/example_branch_labels.py
[2024-06-04T07:51:50.183+0000] {processor.py:830} INFO - Processing file /home/airflow/.local/lib/python3.8/site-packages/airflow/example_dags/example_branch_labels.py for tasks to queue
[2024-06-04T07:51:50.184+0000] {logging_mixin.py:188} INFO - [2024-06-04T07:51:50.184+0000] {dagbag.py:540} INFO - Filling up the DagBag from /home/airflow/.local/lib/python3.8/site-packages/airflow/example_dags/example_branch_labels.py
[2024-06-04T07:51:50.193+0000] {processor.py:840} INFO - DAG(s) 'example_branch_labels' retrieved from /home/airflow/.local/lib/python3.8/site-packages/airflow/example_dags/example_branch_labels.py
[2024-06-04T07:51:50.220+0000] {logging_mixin.py:188} INFO - [2024-06-04T07:51:50.220+0000] {dag.py:3047} INFO - Sync 1 DAGs
[2024-06-04T07:51:50.246+0000] {logging_mixin.py:188} INFO - [2024-06-04T07:51:50.246+0000] {dag.py:3834} INFO - Setting next_dagrun for example_branch_labels to 2024-06-03 00:00:00+00:00, run_after=2024-06-04 00:00:00+00:00
[2024-06-04T07:51:50.265+0000] {processor.py:183} INFO - Processing /home/airflow/.local/lib/python3.8/site-packages/airflow/example_dags/example_branch_labels.py took 0.088 seconds
[2024-06-04T07:52:20.607+0000] {processor.py:161} INFO - Started process (PID=279) to work on /home/airflow/.local/lib/python3.8/site-packages/airflow/example_dags/example_branch_labels.py
[2024-06-04T07:52:20.609+0000] {processor.py:830} INFO - Processing file /home/airflow/.local/lib/python3.8/site-packages/airflow/example_dags/example_branch_labels.py for tasks to queue
[2024-06-04T07:52:20.611+0000] {logging_mixin.py:188} INFO - [2024-06-04T07:52:20.611+0000] {dagbag.py:540} INFO - Filling up the DagBag from /home/airflow/.local/lib/python3.8/site-packages/airflow/example_dags/example_branch_labels.py
[2024-06-04T07:52:20.623+0000] {processor.py:840} INFO - DAG(s) 'example_branch_labels' retrieved from /home/airflow/.local/lib/python3.8/site-packages/airflow/example_dags/example_branch_labels.py
[2024-06-04T07:52:20.653+0000] {logging_mixin.py:188} INFO - [2024-06-04T07:52:20.653+0000] {dag.py:3047} INFO - Sync 1 DAGs
[2024-06-04T07:52:20.676+0000] {logging_mixin.py:188} INFO - [2024-06-04T07:52:20.676+0000] {dag.py:3834} INFO - Setting next_dagrun for example_branch_labels to 2024-06-03 00:00:00+00:00, run_after=2024-06-04 00:00:00+00:00
[2024-06-04T07:52:20.694+0000] {processor.py:183} INFO - Processing /home/airflow/.local/lib/python3.8/site-packages/airflow/example_dags/example_branch_labels.py took 0.092 seconds
[2024-06-04T07:52:50.833+0000] {processor.py:161} INFO - Started process (PID=337) to work on /home/airflow/.local/lib/python3.8/site-packages/airflow/example_dags/example_branch_labels.py
[2024-06-04T07:52:50.834+0000] {processor.py:830} INFO - Processing file /home/airflow/.local/lib/python3.8/site-packages/airflow/example_dags/example_branch_labels.py for tasks to queue
[2024-06-04T07:52:50.836+0000] {logging_mixin.py:188} INFO - [2024-06-04T07:52:50.836+0000] {dagbag.py:540} INFO - Filling up the DagBag from /home/airflow/.local/lib/python3.8/site-packages/airflow/example_dags/example_branch_labels.py
[2024-06-04T07:52:50.845+0000] {processor.py:840} INFO - DAG(s) 'example_branch_labels' retrieved from /home/airflow/.local/lib/python3.8/site-packages/airflow/example_dags/example_branch_labels.py
[2024-06-04T07:52:50.870+0000] {logging_mixin.py:188} INFO - [2024-06-04T07:52:50.870+0000] {dag.py:3047} INFO - Sync 1 DAGs
[2024-06-04T07:52:50.894+0000] {logging_mixin.py:188} INFO - [2024-06-04T07:52:50.894+0000] {dag.py:3834} INFO - Setting next_dagrun for example_branch_labels to 2024-06-03 00:00:00+00:00, run_after=2024-06-04 00:00:00+00:00
[2024-06-04T07:52:50.912+0000] {processor.py:183} INFO - Processing /home/airflow/.local/lib/python3.8/site-packages/airflow/example_dags/example_branch_labels.py took 0.083 seconds
[2024-06-04T07:53:21.001+0000] {processor.py:161} INFO - Started process (PID=395) to work on /home/airflow/.local/lib/python3.8/site-packages/airflow/example_dags/example_branch_labels.py
[2024-06-04T07:53:21.003+0000] {processor.py:830} INFO - Processing file /home/airflow/.local/lib/python3.8/site-packages/airflow/example_dags/example_branch_labels.py for tasks to queue
[2024-06-04T07:53:21.005+0000] {logging_mixin.py:188} INFO - [2024-06-04T07:53:21.005+0000] {dagbag.py:540} INFO - Filling up the DagBag from /home/airflow/.local/lib/python3.8/site-packages/airflow/example_dags/example_branch_labels.py
[2024-06-04T07:53:21.015+0000] {processor.py:840} INFO - DAG(s) 'example_branch_labels' retrieved from /home/airflow/.local/lib/python3.8/site-packages/airflow/example_dags/example_branch_labels.py
[2024-06-04T07:53:21.042+0000] {logging_mixin.py:188} INFO - [2024-06-04T07:53:21.042+0000] {dag.py:3047} INFO - Sync 1 DAGs
[2024-06-04T07:53:21.069+0000] {logging_mixin.py:188} INFO - [2024-06-04T07:53:21.068+0000] {dag.py:3834} INFO - Setting next_dagrun for example_branch_labels to 2024-06-03 00:00:00+00:00, run_after=2024-06-04 00:00:00+00:00
[2024-06-04T07:53:21.087+0000] {processor.py:183} INFO - Processing /home/airflow/.local/lib/python3.8/site-packages/airflow/example_dags/example_branch_labels.py took 0.094 seconds
[2024-06-04T07:53:51.497+0000] {processor.py:161} INFO - Started process (PID=453) to work on /home/airflow/.local/lib/python3.8/site-packages/airflow/example_dags/example_branch_labels.py
[2024-06-04T07:53:51.498+0000] {processor.py:830} INFO - Processing file /home/airflow/.local/lib/python3.8/site-packages/airflow/example_dags/example_branch_labels.py for tasks to queue
[2024-06-04T07:53:51.500+0000] {logging_mixin.py:188} INFO - [2024-06-04T07:53:51.500+0000] {dagbag.py:540} INFO - Filling up the DagBag from /home/airflow/.local/lib/python3.8/site-packages/airflow/example_dags/example_branch_labels.py
[2024-06-04T07:53:51.509+0000] {processor.py:840} INFO - DAG(s) 'example_branch_labels' retrieved from /home/airflow/.local/lib/python3.8/site-packages/airflow/example_dags/example_branch_labels.py
[2024-06-04T07:53:51.532+0000] {logging_mixin.py:188} INFO - [2024-06-04T07:53:51.532+0000] {dag.py:3047} INFO - Sync 1 DAGs
[2024-06-04T07:53:51.556+0000] {logging_mixin.py:188} INFO - [2024-06-04T07:53:51.556+0000] {dag.py:3834} INFO - Setting next_dagrun for example_branch_labels to 2024-06-03 00:00:00+00:00, run_after=2024-06-04 00:00:00+00:00
[2024-06-04T07:53:51.574+0000] {processor.py:183} INFO - Processing /home/airflow/.local/lib/python3.8/site-packages/airflow/example_dags/example_branch_labels.py took 0.081 seconds
[2024-06-04T07:54:21.908+0000] {processor.py:161} INFO - Started process (PID=511) to work on /home/airflow/.local/lib/python3.8/site-packages/airflow/example_dags/example_branch_labels.py
[2024-06-04T07:54:21.909+0000] {processor.py:830} INFO - Processing file /home/airflow/.local/lib/python3.8/site-packages/airflow/example_dags/example_branch_labels.py for tasks to queue
[2024-06-04T07:54:21.911+0000] {logging_mixin.py:188} INFO - [2024-06-04T07:54:21.911+0000] {dagbag.py:540} INFO - Filling up the DagBag from /home/airflow/.local/lib/python3.8/site-packages/airflow/example_dags/example_branch_labels.py
[2024-06-04T07:54:21.920+0000] {processor.py:840} INFO - DAG(s) 'example_branch_labels' retrieved from /home/airflow/.local/lib/python3.8/site-packages/airflow/example_dags/example_branch_labels.py
[2024-06-04T07:54:21.944+0000] {logging_mixin.py:188} INFO - [2024-06-04T07:54:21.944+0000] {dag.py:3047} INFO - Sync 1 DAGs
[2024-06-04T07:54:21.968+0000] {logging_mixin.py:188} INFO - [2024-06-04T07:54:21.968+0000] {dag.py:3834} INFO - Setting next_dagrun for example_branch_labels to 2024-06-03 00:00:00+00:00, run_after=2024-06-04 00:00:00+00:00
[2024-06-04T07:54:21.986+0000] {processor.py:183} INFO - Processing /home/airflow/.local/lib/python3.8/site-packages/airflow/example_dags/example_branch_labels.py took 0.081 seconds
[2024-06-04T07:54:52.147+0000] {processor.py:161} INFO - Started process (PID=569) to work on /home/airflow/.local/lib/python3.8/site-packages/airflow/example_dags/example_branch_labels.py
[2024-06-04T07:54:52.149+0000] {processor.py:830} INFO - Processing file /home/airflow/.local/lib/python3.8/site-packages/airflow/example_dags/example_branch_labels.py for tasks to queue
[2024-06-04T07:54:52.151+0000] {logging_mixin.py:188} INFO - [2024-06-04T07:54:52.150+0000] {dagbag.py:540} INFO - Filling up the DagBag from /home/airflow/.local/lib/python3.8/site-packages/airflow/example_dags/example_branch_labels.py
[2024-06-04T07:54:52.160+0000] {processor.py:840} INFO - DAG(s) 'example_branch_labels' retrieved from /home/airflow/.local/lib/python3.8/site-packages/airflow/example_dags/example_branch_labels.py
[2024-06-04T07:54:52.212+0000] {logging_mixin.py:188} INFO - [2024-06-04T07:54:52.211+0000] {dag.py:3047} INFO - Sync 1 DAGs
[2024-06-04T07:54:52.238+0000] {logging_mixin.py:188} INFO - [2024-06-04T07:54:52.238+0000] {dag.py:3834} INFO - Setting next_dagrun for example_branch_labels to 2024-06-03 00:00:00+00:00, run_after=2024-06-04 00:00:00+00:00
[2024-06-04T07:54:52.257+0000] {processor.py:183} INFO - Processing /home/airflow/.local/lib/python3.8/site-packages/airflow/example_dags/example_branch_labels.py took 0.114 seconds
[2024-06-04T07:55:22.389+0000] {processor.py:161} INFO - Started process (PID=627) to work on /home/airflow/.local/lib/python3.8/site-packages/airflow/example_dags/example_branch_labels.py
[2024-06-04T07:55:22.391+0000] {processor.py:830} INFO - Processing file /home/airflow/.local/lib/python3.8/site-packages/airflow/example_dags/example_branch_labels.py for tasks to queue
[2024-06-04T07:55:22.392+0000] {logging_mixin.py:188} INFO - [2024-06-04T07:55:22.392+0000] {dagbag.py:540} INFO - Filling up the DagBag from /home/airflow/.local/lib/python3.8/site-packages/airflow/example_dags/example_branch_labels.py
[2024-06-04T07:55:22.401+0000] {processor.py:840} INFO - DAG(s) 'example_branch_labels' retrieved from /home/airflow/.local/lib/python3.8/site-packages/airflow/example_dags/example_branch_labels.py
[2024-06-04T07:55:22.428+0000] {logging_mixin.py:188} INFO - [2024-06-04T07:55:22.428+0000] {dag.py:3047} INFO - Sync 1 DAGs
[2024-06-04T07:55:22.454+0000] {logging_mixin.py:188} INFO - [2024-06-04T07:55:22.453+0000] {dag.py:3834} INFO - Setting next_dagrun for example_branch_labels to 2024-06-03 00:00:00+00:00, run_after=2024-06-04 00:00:00+00:00
[2024-06-04T07:55:22.475+0000] {processor.py:183} INFO - Processing /home/airflow/.local/lib/python3.8/site-packages/airflow/example_dags/example_branch_labels.py took 0.089 seconds
[2024-06-04T07:55:53.369+0000] {processor.py:161} INFO - Started process (PID=685) to work on /home/airflow/.local/lib/python3.8/site-packages/airflow/example_dags/example_branch_labels.py
[2024-06-04T07:55:53.371+0000] {processor.py:830} INFO - Processing file /home/airflow/.local/lib/python3.8/site-packages/airflow/example_dags/example_branch_labels.py for tasks to queue
[2024-06-04T07:55:53.373+0000] {logging_mixin.py:188} INFO - [2024-06-04T07:55:53.372+0000] {dagbag.py:540} INFO - Filling up the DagBag from /home/airflow/.local/lib/python3.8/site-packages/airflow/example_dags/example_branch_labels.py
[2024-06-04T07:55:53.382+0000] {processor.py:840} INFO - DAG(s) 'example_branch_labels' retrieved from /home/airflow/.local/lib/python3.8/site-packages/airflow/example_dags/example_branch_labels.py
[2024-06-04T07:55:53.407+0000] {logging_mixin.py:188} INFO - [2024-06-04T07:55:53.407+0000] {dag.py:3047} INFO - Sync 1 DAGs
[2024-06-04T07:55:53.439+0000] {logging_mixin.py:188} INFO - [2024-06-04T07:55:53.439+0000] {dag.py:3834} INFO - Setting next_dagrun for example_branch_labels to 2024-06-03 00:00:00+00:00, run_after=2024-06-04 00:00:00+00:00
[2024-06-04T07:55:53.463+0000] {processor.py:183} INFO - Processing /home/airflow/.local/lib/python3.8/site-packages/airflow/example_dags/example_branch_labels.py took 0.098 seconds
[2024-06-04T07:56:24.006+0000] {processor.py:161} INFO - Started process (PID=743) to work on /home/airflow/.local/lib/python3.8/site-packages/airflow/example_dags/example_branch_labels.py
[2024-06-04T07:56:24.007+0000] {processor.py:830} INFO - Processing file /home/airflow/.local/lib/python3.8/site-packages/airflow/example_dags/example_branch_labels.py for tasks to queue
[2024-06-04T07:56:24.009+0000] {logging_mixin.py:188} INFO - [2024-06-04T07:56:24.008+0000] {dagbag.py:540} INFO - Filling up the DagBag from /home/airflow/.local/lib/python3.8/site-packages/airflow/example_dags/example_branch_labels.py
[2024-06-04T07:56:24.017+0000] {processor.py:840} INFO - DAG(s) 'example_branch_labels' retrieved from /home/airflow/.local/lib/python3.8/site-packages/airflow/example_dags/example_branch_labels.py
[2024-06-04T07:56:24.042+0000] {logging_mixin.py:188} INFO - [2024-06-04T07:56:24.042+0000] {dag.py:3047} INFO - Sync 1 DAGs
[2024-06-04T07:56:24.066+0000] {logging_mixin.py:188} INFO - [2024-06-04T07:56:24.065+0000] {dag.py:3834} INFO - Setting next_dagrun for example_branch_labels to 2024-06-03 00:00:00+00:00, run_after=2024-06-04 00:00:00+00:00
[2024-06-04T07:56:24.083+0000] {processor.py:183} INFO - Processing /home/airflow/.local/lib/python3.8/site-packages/airflow/example_dags/example_branch_labels.py took 0.081 seconds
[2024-06-04T07:56:54.510+0000] {processor.py:161} INFO - Started process (PID=801) to work on /home/airflow/.local/lib/python3.8/site-packages/airflow/example_dags/example_branch_labels.py
[2024-06-04T07:56:54.512+0000] {processor.py:830} INFO - Processing file /home/airflow/.local/lib/python3.8/site-packages/airflow/example_dags/example_branch_labels.py for tasks to queue
[2024-06-04T07:56:54.514+0000] {logging_mixin.py:188} INFO - [2024-06-04T07:56:54.514+0000] {dagbag.py:540} INFO - Filling up the DagBag from /home/airflow/.local/lib/python3.8/site-packages/airflow/example_dags/example_branch_labels.py
[2024-06-04T07:56:54.524+0000] {processor.py:840} INFO - DAG(s) 'example_branch_labels' retrieved from /home/airflow/.local/lib/python3.8/site-packages/airflow/example_dags/example_branch_labels.py
[2024-06-04T07:56:54.550+0000] {logging_mixin.py:188} INFO - [2024-06-04T07:56:54.550+0000] {dag.py:3047} INFO - Sync 1 DAGs
[2024-06-04T07:56:54.576+0000] {logging_mixin.py:188} INFO - [2024-06-04T07:56:54.576+0000] {dag.py:3834} INFO - Setting next_dagrun for example_branch_labels to 2024-06-03 00:00:00+00:00, run_after=2024-06-04 00:00:00+00:00
[2024-06-04T07:56:54.592+0000] {processor.py:183} INFO - Processing /home/airflow/.local/lib/python3.8/site-packages/airflow/example_dags/example_branch_labels.py took 0.086 seconds
[2024-06-04T07:57:25.044+0000] {processor.py:161} INFO - Started process (PID=859) to work on /home/airflow/.local/lib/python3.8/site-packages/airflow/example_dags/example_branch_labels.py
[2024-06-04T07:57:25.045+0000] {processor.py:830} INFO - Processing file /home/airflow/.local/lib/python3.8/site-packages/airflow/example_dags/example_branch_labels.py for tasks to queue
[2024-06-04T07:57:25.047+0000] {logging_mixin.py:188} INFO - [2024-06-04T07:57:25.047+0000] {dagbag.py:540} INFO - Filling up the DagBag from /home/airflow/.local/lib/python3.8/site-packages/airflow/example_dags/example_branch_labels.py
[2024-06-04T07:57:25.056+0000] {processor.py:840} INFO - DAG(s) 'example_branch_labels' retrieved from /home/airflow/.local/lib/python3.8/site-packages/airflow/example_dags/example_branch_labels.py
[2024-06-04T07:57:25.081+0000] {logging_mixin.py:188} INFO - [2024-06-04T07:57:25.081+0000] {dag.py:3047} INFO - Sync 1 DAGs
[2024-06-04T07:57:25.108+0000] {logging_mixin.py:188} INFO - [2024-06-04T07:57:25.108+0000] {dag.py:3834} INFO - Setting next_dagrun for example_branch_labels to 2024-06-03 00:00:00+00:00, run_after=2024-06-04 00:00:00+00:00
[2024-06-04T07:57:25.135+0000] {processor.py:183} INFO - Processing /home/airflow/.local/lib/python3.8/site-packages/airflow/example_dags/example_branch_labels.py took 0.096 seconds
[2024-06-04T07:57:55.543+0000] {processor.py:161} INFO - Started process (PID=917) to work on /home/airflow/.local/lib/python3.8/site-packages/airflow/example_dags/example_branch_labels.py
[2024-06-04T07:57:55.544+0000] {processor.py:830} INFO - Processing file /home/airflow/.local/lib/python3.8/site-packages/airflow/example_dags/example_branch_labels.py for tasks to queue
[2024-06-04T07:57:55.546+0000] {logging_mixin.py:188} INFO - [2024-06-04T07:57:55.545+0000] {dagbag.py:540} INFO - Filling up the DagBag from /home/airflow/.local/lib/python3.8/site-packages/airflow/example_dags/example_branch_labels.py
[2024-06-04T07:57:55.554+0000] {processor.py:840} INFO - DAG(s) 'example_branch_labels' retrieved from /home/airflow/.local/lib/python3.8/site-packages/airflow/example_dags/example_branch_labels.py
[2024-06-04T07:57:55.577+0000] {logging_mixin.py:188} INFO - [2024-06-04T07:57:55.577+0000] {dag.py:3047} INFO - Sync 1 DAGs
[2024-06-04T07:57:55.600+0000] {logging_mixin.py:188} INFO - [2024-06-04T07:57:55.600+0000] {dag.py:3834} INFO - Setting next_dagrun for example_branch_labels to 2024-06-03 00:00:00+00:00, run_after=2024-06-04 00:00:00+00:00
[2024-06-04T07:57:55.618+0000] {processor.py:183} INFO - Processing /home/airflow/.local/lib/python3.8/site-packages/airflow/example_dags/example_branch_labels.py took 0.079 seconds
[2024-06-04T07:58:26.097+0000] {processor.py:161} INFO - Started process (PID=975) to work on /home/airflow/.local/lib/python3.8/site-packages/airflow/example_dags/example_branch_labels.py
[2024-06-04T07:58:26.098+0000] {processor.py:830} INFO - Processing file /home/airflow/.local/lib/python3.8/site-packages/airflow/example_dags/example_branch_labels.py for tasks to queue
[2024-06-04T07:58:26.099+0000] {logging_mixin.py:188} INFO - [2024-06-04T07:58:26.099+0000] {dagbag.py:540} INFO - Filling up the DagBag from /home/airflow/.local/lib/python3.8/site-packages/airflow/example_dags/example_branch_labels.py
[2024-06-04T07:58:26.107+0000] {processor.py:840} INFO - DAG(s) 'example_branch_labels' retrieved from /home/airflow/.local/lib/python3.8/site-packages/airflow/example_dags/example_branch_labels.py
[2024-06-04T07:58:26.131+0000] {logging_mixin.py:188} INFO - [2024-06-04T07:58:26.131+0000] {dag.py:3047} INFO - Sync 1 DAGs
[2024-06-04T07:58:26.154+0000] {logging_mixin.py:188} INFO - [2024-06-04T07:58:26.153+0000] {dag.py:3834} INFO - Setting next_dagrun for example_branch_labels to 2024-06-03 00:00:00+00:00, run_after=2024-06-04 00:00:00+00:00
[2024-06-04T07:58:26.172+0000] {processor.py:183} INFO - Processing /home/airflow/.local/lib/python3.8/site-packages/airflow/example_dags/example_branch_labels.py took 0.079 seconds
[2024-06-04T07:58:56.645+0000] {processor.py:161} INFO - Started process (PID=1033) to work on /home/airflow/.local/lib/python3.8/site-packages/airflow/example_dags/example_branch_labels.py
[2024-06-04T07:58:56.700+0000] {processor.py:830} INFO - Processing file /home/airflow/.local/lib/python3.8/site-packages/airflow/example_dags/example_branch_labels.py for tasks to queue
[2024-06-04T07:58:56.702+0000] {logging_mixin.py:188} INFO - [2024-06-04T07:58:56.702+0000] {dagbag.py:540} INFO - Filling up the DagBag from /home/airflow/.local/lib/python3.8/site-packages/airflow/example_dags/example_branch_labels.py
[2024-06-04T07:58:56.712+0000] {processor.py:840} INFO - DAG(s) 'example_branch_labels' retrieved from /home/airflow/.local/lib/python3.8/site-packages/airflow/example_dags/example_branch_labels.py
[2024-06-04T07:58:56.736+0000] {logging_mixin.py:188} INFO - [2024-06-04T07:58:56.736+0000] {dag.py:3047} INFO - Sync 1 DAGs
[2024-06-04T07:58:56.814+0000] {logging_mixin.py:188} INFO - [2024-06-04T07:58:56.813+0000] {dag.py:3834} INFO - Setting next_dagrun for example_branch_labels to 2024-06-03 00:00:00+00:00, run_after=2024-06-04 00:00:00+00:00
[2024-06-04T07:58:56.834+0000] {processor.py:183} INFO - Processing /home/airflow/.local/lib/python3.8/site-packages/airflow/example_dags/example_branch_labels.py took 0.193 seconds
