[2024-06-04T07:51:24.263+0000] {processor.py:161} INFO - Started process (PID=177) to work on /home/airflow/.local/lib/python3.8/site-packages/airflow/example_dags/example_nested_branch_dag.py
[2024-06-04T07:51:24.264+0000] {processor.py:830} INFO - Processing file /home/airflow/.local/lib/python3.8/site-packages/airflow/example_dags/example_nested_branch_dag.py for tasks to queue
[2024-06-04T07:51:24.302+0000] {logging_mixin.py:188} INFO - [2024-06-04T07:51:24.302+0000] {dagbag.py:540} INFO - Filling up the DagBag from /home/airflow/.local/lib/python3.8/site-packages/airflow/example_dags/example_nested_branch_dag.py
[2024-06-04T07:51:24.320+0000] {processor.py:840} INFO - DAG(s) 'example_nested_branch_dag' retrieved from /home/airflow/.local/lib/python3.8/site-packages/airflow/example_dags/example_nested_branch_dag.py
[2024-06-04T07:51:24.523+0000] {logging_mixin.py:188} INFO - [2024-06-04T07:51:24.523+0000] {dag.py:3047} INFO - Sync 1 DAGs
[2024-06-04T07:51:24.551+0000] {logging_mixin.py:188} INFO - [2024-06-04T07:51:24.550+0000] {dag.py:3834} INFO - Setting next_dagrun for example_nested_branch_dag to 2024-06-03 00:00:00+00:00, run_after=2024-06-04 00:00:00+00:00
[2024-06-04T07:51:24.615+0000] {processor.py:183} INFO - Processing /home/airflow/.local/lib/python3.8/site-packages/airflow/example_dags/example_nested_branch_dag.py took 0.356 seconds
[2024-06-04T07:51:55.002+0000] {processor.py:161} INFO - Started process (PID=235) to work on /home/airflow/.local/lib/python3.8/site-packages/airflow/example_dags/example_nested_branch_dag.py
[2024-06-04T07:51:55.003+0000] {processor.py:830} INFO - Processing file /home/airflow/.local/lib/python3.8/site-packages/airflow/example_dags/example_nested_branch_dag.py for tasks to queue
[2024-06-04T07:51:55.005+0000] {logging_mixin.py:188} INFO - [2024-06-04T07:51:55.005+0000] {dagbag.py:540} INFO - Filling up the DagBag from /home/airflow/.local/lib/python3.8/site-packages/airflow/example_dags/example_nested_branch_dag.py
[2024-06-04T07:51:55.017+0000] {processor.py:840} INFO - DAG(s) 'example_nested_branch_dag' retrieved from /home/airflow/.local/lib/python3.8/site-packages/airflow/example_dags/example_nested_branch_dag.py
[2024-06-04T07:51:55.045+0000] {logging_mixin.py:188} INFO - [2024-06-04T07:51:55.045+0000] {dag.py:3047} INFO - Sync 1 DAGs
[2024-06-04T07:51:55.069+0000] {logging_mixin.py:188} INFO - [2024-06-04T07:51:55.069+0000] {dag.py:3834} INFO - Setting next_dagrun for example_nested_branch_dag to 2024-06-03 00:00:00+00:00, run_after=2024-06-04 00:00:00+00:00
[2024-06-04T07:51:55.086+0000] {processor.py:183} INFO - Processing /home/airflow/.local/lib/python3.8/site-packages/airflow/example_dags/example_nested_branch_dag.py took 0.088 seconds
[2024-06-04T07:52:25.451+0000] {processor.py:161} INFO - Started process (PID=293) to work on /home/airflow/.local/lib/python3.8/site-packages/airflow/example_dags/example_nested_branch_dag.py
[2024-06-04T07:52:25.453+0000] {processor.py:830} INFO - Processing file /home/airflow/.local/lib/python3.8/site-packages/airflow/example_dags/example_nested_branch_dag.py for tasks to queue
[2024-06-04T07:52:25.456+0000] {logging_mixin.py:188} INFO - [2024-06-04T07:52:25.455+0000] {dagbag.py:540} INFO - Filling up the DagBag from /home/airflow/.local/lib/python3.8/site-packages/airflow/example_dags/example_nested_branch_dag.py
[2024-06-04T07:52:25.470+0000] {processor.py:840} INFO - DAG(s) 'example_nested_branch_dag' retrieved from /home/airflow/.local/lib/python3.8/site-packages/airflow/example_dags/example_nested_branch_dag.py
[2024-06-04T07:52:25.528+0000] {logging_mixin.py:188} INFO - [2024-06-04T07:52:25.527+0000] {dag.py:3047} INFO - Sync 1 DAGs
[2024-06-04T07:52:25.556+0000] {logging_mixin.py:188} INFO - [2024-06-04T07:52:25.556+0000] {dag.py:3834} INFO - Setting next_dagrun for example_nested_branch_dag to 2024-06-03 00:00:00+00:00, run_after=2024-06-04 00:00:00+00:00
[2024-06-04T07:52:25.574+0000] {processor.py:183} INFO - Processing /home/airflow/.local/lib/python3.8/site-packages/airflow/example_dags/example_nested_branch_dag.py took 0.128 seconds
[2024-06-04T07:52:55.659+0000] {processor.py:161} INFO - Started process (PID=351) to work on /home/airflow/.local/lib/python3.8/site-packages/airflow/example_dags/example_nested_branch_dag.py
[2024-06-04T07:52:55.661+0000] {processor.py:830} INFO - Processing file /home/airflow/.local/lib/python3.8/site-packages/airflow/example_dags/example_nested_branch_dag.py for tasks to queue
[2024-06-04T07:52:55.662+0000] {logging_mixin.py:188} INFO - [2024-06-04T07:52:55.662+0000] {dagbag.py:540} INFO - Filling up the DagBag from /home/airflow/.local/lib/python3.8/site-packages/airflow/example_dags/example_nested_branch_dag.py
[2024-06-04T07:52:55.673+0000] {processor.py:840} INFO - DAG(s) 'example_nested_branch_dag' retrieved from /home/airflow/.local/lib/python3.8/site-packages/airflow/example_dags/example_nested_branch_dag.py
[2024-06-04T07:52:55.696+0000] {logging_mixin.py:188} INFO - [2024-06-04T07:52:55.696+0000] {dag.py:3047} INFO - Sync 1 DAGs
[2024-06-04T07:52:55.723+0000] {logging_mixin.py:188} INFO - [2024-06-04T07:52:55.722+0000] {dag.py:3834} INFO - Setting next_dagrun for example_nested_branch_dag to 2024-06-03 00:00:00+00:00, run_after=2024-06-04 00:00:00+00:00
[2024-06-04T07:52:55.744+0000] {processor.py:183} INFO - Processing /home/airflow/.local/lib/python3.8/site-packages/airflow/example_dags/example_nested_branch_dag.py took 0.088 seconds
[2024-06-04T07:53:25.946+0000] {processor.py:161} INFO - Started process (PID=409) to work on /home/airflow/.local/lib/python3.8/site-packages/airflow/example_dags/example_nested_branch_dag.py
[2024-06-04T07:53:25.947+0000] {processor.py:830} INFO - Processing file /home/airflow/.local/lib/python3.8/site-packages/airflow/example_dags/example_nested_branch_dag.py for tasks to queue
[2024-06-04T07:53:25.950+0000] {logging_mixin.py:188} INFO - [2024-06-04T07:53:25.949+0000] {dagbag.py:540} INFO - Filling up the DagBag from /home/airflow/.local/lib/python3.8/site-packages/airflow/example_dags/example_nested_branch_dag.py
[2024-06-04T07:53:25.963+0000] {processor.py:840} INFO - DAG(s) 'example_nested_branch_dag' retrieved from /home/airflow/.local/lib/python3.8/site-packages/airflow/example_dags/example_nested_branch_dag.py
[2024-06-04T07:53:25.990+0000] {logging_mixin.py:188} INFO - [2024-06-04T07:53:25.990+0000] {dag.py:3047} INFO - Sync 1 DAGs
[2024-06-04T07:53:26.022+0000] {logging_mixin.py:188} INFO - [2024-06-04T07:53:26.022+0000] {dag.py:3834} INFO - Setting next_dagrun for example_nested_branch_dag to 2024-06-03 00:00:00+00:00, run_after=2024-06-04 00:00:00+00:00
[2024-06-04T07:53:26.046+0000] {processor.py:183} INFO - Processing /home/airflow/.local/lib/python3.8/site-packages/airflow/example_dags/example_nested_branch_dag.py took 0.105 seconds
[2024-06-04T07:53:56.514+0000] {processor.py:161} INFO - Started process (PID=467) to work on /home/airflow/.local/lib/python3.8/site-packages/airflow/example_dags/example_nested_branch_dag.py
[2024-06-04T07:53:56.516+0000] {processor.py:830} INFO - Processing file /home/airflow/.local/lib/python3.8/site-packages/airflow/example_dags/example_nested_branch_dag.py for tasks to queue
[2024-06-04T07:53:56.518+0000] {logging_mixin.py:188} INFO - [2024-06-04T07:53:56.517+0000] {dagbag.py:540} INFO - Filling up the DagBag from /home/airflow/.local/lib/python3.8/site-packages/airflow/example_dags/example_nested_branch_dag.py
[2024-06-04T07:53:56.530+0000] {processor.py:840} INFO - DAG(s) 'example_nested_branch_dag' retrieved from /home/airflow/.local/lib/python3.8/site-packages/airflow/example_dags/example_nested_branch_dag.py
[2024-06-04T07:53:56.607+0000] {logging_mixin.py:188} INFO - [2024-06-04T07:53:56.607+0000] {dag.py:3047} INFO - Sync 1 DAGs
[2024-06-04T07:53:56.641+0000] {logging_mixin.py:188} INFO - [2024-06-04T07:53:56.641+0000] {dag.py:3834} INFO - Setting next_dagrun for example_nested_branch_dag to 2024-06-03 00:00:00+00:00, run_after=2024-06-04 00:00:00+00:00
[2024-06-04T07:53:56.719+0000] {processor.py:183} INFO - Processing /home/airflow/.local/lib/python3.8/site-packages/airflow/example_dags/example_nested_branch_dag.py took 0.210 seconds
[2024-06-04T07:54:27.548+0000] {processor.py:161} INFO - Started process (PID=525) to work on /home/airflow/.local/lib/python3.8/site-packages/airflow/example_dags/example_nested_branch_dag.py
[2024-06-04T07:54:27.549+0000] {processor.py:830} INFO - Processing file /home/airflow/.local/lib/python3.8/site-packages/airflow/example_dags/example_nested_branch_dag.py for tasks to queue
[2024-06-04T07:54:27.551+0000] {logging_mixin.py:188} INFO - [2024-06-04T07:54:27.551+0000] {dagbag.py:540} INFO - Filling up the DagBag from /home/airflow/.local/lib/python3.8/site-packages/airflow/example_dags/example_nested_branch_dag.py
[2024-06-04T07:54:27.563+0000] {processor.py:840} INFO - DAG(s) 'example_nested_branch_dag' retrieved from /home/airflow/.local/lib/python3.8/site-packages/airflow/example_dags/example_nested_branch_dag.py
[2024-06-04T07:54:27.588+0000] {logging_mixin.py:188} INFO - [2024-06-04T07:54:27.588+0000] {dag.py:3047} INFO - Sync 1 DAGs
[2024-06-04T07:54:27.615+0000] {logging_mixin.py:188} INFO - [2024-06-04T07:54:27.614+0000] {dag.py:3834} INFO - Setting next_dagrun for example_nested_branch_dag to 2024-06-03 00:00:00+00:00, run_after=2024-06-04 00:00:00+00:00
[2024-06-04T07:54:27.635+0000] {processor.py:183} INFO - Processing /home/airflow/.local/lib/python3.8/site-packages/airflow/example_dags/example_nested_branch_dag.py took 0.092 seconds
[2024-06-04T07:54:58.072+0000] {processor.py:161} INFO - Started process (PID=583) to work on /home/airflow/.local/lib/python3.8/site-packages/airflow/example_dags/example_nested_branch_dag.py
[2024-06-04T07:54:58.073+0000] {processor.py:830} INFO - Processing file /home/airflow/.local/lib/python3.8/site-packages/airflow/example_dags/example_nested_branch_dag.py for tasks to queue
[2024-06-04T07:54:58.075+0000] {logging_mixin.py:188} INFO - [2024-06-04T07:54:58.075+0000] {dagbag.py:540} INFO - Filling up the DagBag from /home/airflow/.local/lib/python3.8/site-packages/airflow/example_dags/example_nested_branch_dag.py
[2024-06-04T07:54:58.086+0000] {processor.py:840} INFO - DAG(s) 'example_nested_branch_dag' retrieved from /home/airflow/.local/lib/python3.8/site-packages/airflow/example_dags/example_nested_branch_dag.py
[2024-06-04T07:54:58.110+0000] {logging_mixin.py:188} INFO - [2024-06-04T07:54:58.110+0000] {dag.py:3047} INFO - Sync 1 DAGs
[2024-06-04T07:54:58.135+0000] {logging_mixin.py:188} INFO - [2024-06-04T07:54:58.135+0000] {dag.py:3834} INFO - Setting next_dagrun for example_nested_branch_dag to 2024-06-03 00:00:00+00:00, run_after=2024-06-04 00:00:00+00:00
[2024-06-04T07:54:58.155+0000] {processor.py:183} INFO - Processing /home/airflow/.local/lib/python3.8/site-packages/airflow/example_dags/example_nested_branch_dag.py took 0.087 seconds
[2024-06-04T07:55:28.350+0000] {processor.py:161} INFO - Started process (PID=641) to work on /home/airflow/.local/lib/python3.8/site-packages/airflow/example_dags/example_nested_branch_dag.py
[2024-06-04T07:55:28.351+0000] {processor.py:830} INFO - Processing file /home/airflow/.local/lib/python3.8/site-packages/airflow/example_dags/example_nested_branch_dag.py for tasks to queue
[2024-06-04T07:55:28.353+0000] {logging_mixin.py:188} INFO - [2024-06-04T07:55:28.352+0000] {dagbag.py:540} INFO - Filling up the DagBag from /home/airflow/.local/lib/python3.8/site-packages/airflow/example_dags/example_nested_branch_dag.py
[2024-06-04T07:55:28.364+0000] {processor.py:840} INFO - DAG(s) 'example_nested_branch_dag' retrieved from /home/airflow/.local/lib/python3.8/site-packages/airflow/example_dags/example_nested_branch_dag.py
[2024-06-04T07:55:28.389+0000] {logging_mixin.py:188} INFO - [2024-06-04T07:55:28.388+0000] {dag.py:3047} INFO - Sync 1 DAGs
[2024-06-04T07:55:28.413+0000] {logging_mixin.py:188} INFO - [2024-06-04T07:55:28.413+0000] {dag.py:3834} INFO - Setting next_dagrun for example_nested_branch_dag to 2024-06-03 00:00:00+00:00, run_after=2024-06-04 00:00:00+00:00
[2024-06-04T07:55:28.435+0000] {processor.py:183} INFO - Processing /home/airflow/.local/lib/python3.8/site-packages/airflow/example_dags/example_nested_branch_dag.py took 0.090 seconds
[2024-06-04T07:55:59.061+0000] {processor.py:161} INFO - Started process (PID=699) to work on /home/airflow/.local/lib/python3.8/site-packages/airflow/example_dags/example_nested_branch_dag.py
[2024-06-04T07:55:59.063+0000] {processor.py:830} INFO - Processing file /home/airflow/.local/lib/python3.8/site-packages/airflow/example_dags/example_nested_branch_dag.py for tasks to queue
[2024-06-04T07:55:59.065+0000] {logging_mixin.py:188} INFO - [2024-06-04T07:55:59.064+0000] {dagbag.py:540} INFO - Filling up the DagBag from /home/airflow/.local/lib/python3.8/site-packages/airflow/example_dags/example_nested_branch_dag.py
[2024-06-04T07:55:59.075+0000] {processor.py:840} INFO - DAG(s) 'example_nested_branch_dag' retrieved from /home/airflow/.local/lib/python3.8/site-packages/airflow/example_dags/example_nested_branch_dag.py
[2024-06-04T07:55:59.098+0000] {logging_mixin.py:188} INFO - [2024-06-04T07:55:59.098+0000] {dag.py:3047} INFO - Sync 1 DAGs
[2024-06-04T07:55:59.124+0000] {logging_mixin.py:188} INFO - [2024-06-04T07:55:59.124+0000] {dag.py:3834} INFO - Setting next_dagrun for example_nested_branch_dag to 2024-06-03 00:00:00+00:00, run_after=2024-06-04 00:00:00+00:00
[2024-06-04T07:55:59.145+0000] {processor.py:183} INFO - Processing /home/airflow/.local/lib/python3.8/site-packages/airflow/example_dags/example_nested_branch_dag.py took 0.087 seconds
[2024-06-04T07:56:29.804+0000] {processor.py:161} INFO - Started process (PID=757) to work on /home/airflow/.local/lib/python3.8/site-packages/airflow/example_dags/example_nested_branch_dag.py
[2024-06-04T07:56:29.806+0000] {processor.py:830} INFO - Processing file /home/airflow/.local/lib/python3.8/site-packages/airflow/example_dags/example_nested_branch_dag.py for tasks to queue
[2024-06-04T07:56:29.807+0000] {logging_mixin.py:188} INFO - [2024-06-04T07:56:29.807+0000] {dagbag.py:540} INFO - Filling up the DagBag from /home/airflow/.local/lib/python3.8/site-packages/airflow/example_dags/example_nested_branch_dag.py
[2024-06-04T07:56:29.819+0000] {processor.py:840} INFO - DAG(s) 'example_nested_branch_dag' retrieved from /home/airflow/.local/lib/python3.8/site-packages/airflow/example_dags/example_nested_branch_dag.py
[2024-06-04T07:56:29.844+0000] {logging_mixin.py:188} INFO - [2024-06-04T07:56:29.844+0000] {dag.py:3047} INFO - Sync 1 DAGs
[2024-06-04T07:56:29.867+0000] {logging_mixin.py:188} INFO - [2024-06-04T07:56:29.866+0000] {dag.py:3834} INFO - Setting next_dagrun for example_nested_branch_dag to 2024-06-03 00:00:00+00:00, run_after=2024-06-04 00:00:00+00:00
[2024-06-04T07:56:29.885+0000] {processor.py:183} INFO - Processing /home/airflow/.local/lib/python3.8/site-packages/airflow/example_dags/example_nested_branch_dag.py took 0.084 seconds
[2024-06-04T07:57:00.390+0000] {processor.py:161} INFO - Started process (PID=815) to work on /home/airflow/.local/lib/python3.8/site-packages/airflow/example_dags/example_nested_branch_dag.py
[2024-06-04T07:57:00.391+0000] {processor.py:830} INFO - Processing file /home/airflow/.local/lib/python3.8/site-packages/airflow/example_dags/example_nested_branch_dag.py for tasks to queue
[2024-06-04T07:57:00.393+0000] {logging_mixin.py:188} INFO - [2024-06-04T07:57:00.392+0000] {dagbag.py:540} INFO - Filling up the DagBag from /home/airflow/.local/lib/python3.8/site-packages/airflow/example_dags/example_nested_branch_dag.py
[2024-06-04T07:57:00.404+0000] {processor.py:840} INFO - DAG(s) 'example_nested_branch_dag' retrieved from /home/airflow/.local/lib/python3.8/site-packages/airflow/example_dags/example_nested_branch_dag.py
[2024-06-04T07:57:00.430+0000] {logging_mixin.py:188} INFO - [2024-06-04T07:57:00.430+0000] {dag.py:3047} INFO - Sync 1 DAGs
[2024-06-04T07:57:00.455+0000] {logging_mixin.py:188} INFO - [2024-06-04T07:57:00.455+0000] {dag.py:3834} INFO - Setting next_dagrun for example_nested_branch_dag to 2024-06-03 00:00:00+00:00, run_after=2024-06-04 00:00:00+00:00
[2024-06-04T07:57:00.474+0000] {processor.py:183} INFO - Processing /home/airflow/.local/lib/python3.8/site-packages/airflow/example_dags/example_nested_branch_dag.py took 0.088 seconds
[2024-06-04T07:57:30.933+0000] {processor.py:161} INFO - Started process (PID=873) to work on /home/airflow/.local/lib/python3.8/site-packages/airflow/example_dags/example_nested_branch_dag.py
[2024-06-04T07:57:30.934+0000] {processor.py:830} INFO - Processing file /home/airflow/.local/lib/python3.8/site-packages/airflow/example_dags/example_nested_branch_dag.py for tasks to queue
[2024-06-04T07:57:30.936+0000] {logging_mixin.py:188} INFO - [2024-06-04T07:57:30.935+0000] {dagbag.py:540} INFO - Filling up the DagBag from /home/airflow/.local/lib/python3.8/site-packages/airflow/example_dags/example_nested_branch_dag.py
[2024-06-04T07:57:30.947+0000] {processor.py:840} INFO - DAG(s) 'example_nested_branch_dag' retrieved from /home/airflow/.local/lib/python3.8/site-packages/airflow/example_dags/example_nested_branch_dag.py
[2024-06-04T07:57:30.972+0000] {logging_mixin.py:188} INFO - [2024-06-04T07:57:30.972+0000] {dag.py:3047} INFO - Sync 1 DAGs
[2024-06-04T07:57:30.999+0000] {logging_mixin.py:188} INFO - [2024-06-04T07:57:30.999+0000] {dag.py:3834} INFO - Setting next_dagrun for example_nested_branch_dag to 2024-06-03 00:00:00+00:00, run_after=2024-06-04 00:00:00+00:00
[2024-06-04T07:57:31.020+0000] {processor.py:183} INFO - Processing /home/airflow/.local/lib/python3.8/site-packages/airflow/example_dags/example_nested_branch_dag.py took 0.091 seconds
[2024-06-04T07:58:01.427+0000] {processor.py:161} INFO - Started process (PID=931) to work on /home/airflow/.local/lib/python3.8/site-packages/airflow/example_dags/example_nested_branch_dag.py
[2024-06-04T07:58:01.429+0000] {processor.py:830} INFO - Processing file /home/airflow/.local/lib/python3.8/site-packages/airflow/example_dags/example_nested_branch_dag.py for tasks to queue
[2024-06-04T07:58:01.431+0000] {logging_mixin.py:188} INFO - [2024-06-04T07:58:01.431+0000] {dagbag.py:540} INFO - Filling up the DagBag from /home/airflow/.local/lib/python3.8/site-packages/airflow/example_dags/example_nested_branch_dag.py
[2024-06-04T07:58:01.442+0000] {processor.py:840} INFO - DAG(s) 'example_nested_branch_dag' retrieved from /home/airflow/.local/lib/python3.8/site-packages/airflow/example_dags/example_nested_branch_dag.py
[2024-06-04T07:58:01.467+0000] {logging_mixin.py:188} INFO - [2024-06-04T07:58:01.467+0000] {dag.py:3047} INFO - Sync 1 DAGs
[2024-06-04T07:58:01.492+0000] {logging_mixin.py:188} INFO - [2024-06-04T07:58:01.492+0000] {dag.py:3834} INFO - Setting next_dagrun for example_nested_branch_dag to 2024-06-03 00:00:00+00:00, run_after=2024-06-04 00:00:00+00:00
[2024-06-04T07:58:01.513+0000] {processor.py:183} INFO - Processing /home/airflow/.local/lib/python3.8/site-packages/airflow/example_dags/example_nested_branch_dag.py took 0.091 seconds
[2024-06-04T07:58:31.879+0000] {processor.py:161} INFO - Started process (PID=989) to work on /home/airflow/.local/lib/python3.8/site-packages/airflow/example_dags/example_nested_branch_dag.py
[2024-06-04T07:58:31.880+0000] {processor.py:830} INFO - Processing file /home/airflow/.local/lib/python3.8/site-packages/airflow/example_dags/example_nested_branch_dag.py for tasks to queue
[2024-06-04T07:58:31.882+0000] {logging_mixin.py:188} INFO - [2024-06-04T07:58:31.882+0000] {dagbag.py:540} INFO - Filling up the DagBag from /home/airflow/.local/lib/python3.8/site-packages/airflow/example_dags/example_nested_branch_dag.py
[2024-06-04T07:58:31.893+0000] {processor.py:840} INFO - DAG(s) 'example_nested_branch_dag' retrieved from /home/airflow/.local/lib/python3.8/site-packages/airflow/example_dags/example_nested_branch_dag.py
[2024-06-04T07:58:31.917+0000] {logging_mixin.py:188} INFO - [2024-06-04T07:58:31.917+0000] {dag.py:3047} INFO - Sync 1 DAGs
[2024-06-04T07:58:31.944+0000] {logging_mixin.py:188} INFO - [2024-06-04T07:58:31.944+0000] {dag.py:3834} INFO - Setting next_dagrun for example_nested_branch_dag to 2024-06-03 00:00:00+00:00, run_after=2024-06-04 00:00:00+00:00
[2024-06-04T07:58:31.965+0000] {processor.py:183} INFO - Processing /home/airflow/.local/lib/python3.8/site-packages/airflow/example_dags/example_nested_branch_dag.py took 0.089 seconds
[2024-06-04T07:59:02.803+0000] {processor.py:161} INFO - Started process (PID=1047) to work on /home/airflow/.local/lib/python3.8/site-packages/airflow/example_dags/example_nested_branch_dag.py
[2024-06-04T07:59:02.805+0000] {processor.py:830} INFO - Processing file /home/airflow/.local/lib/python3.8/site-packages/airflow/example_dags/example_nested_branch_dag.py for tasks to queue
[2024-06-04T07:59:02.807+0000] {logging_mixin.py:188} INFO - [2024-06-04T07:59:02.807+0000] {dagbag.py:540} INFO - Filling up the DagBag from /home/airflow/.local/lib/python3.8/site-packages/airflow/example_dags/example_nested_branch_dag.py
[2024-06-04T07:59:02.819+0000] {processor.py:840} INFO - DAG(s) 'example_nested_branch_dag' retrieved from /home/airflow/.local/lib/python3.8/site-packages/airflow/example_dags/example_nested_branch_dag.py
[2024-06-04T07:59:02.848+0000] {logging_mixin.py:188} INFO - [2024-06-04T07:59:02.848+0000] {dag.py:3047} INFO - Sync 1 DAGs
[2024-06-04T07:59:02.872+0000] {logging_mixin.py:188} INFO - [2024-06-04T07:59:02.872+0000] {dag.py:3834} INFO - Setting next_dagrun for example_nested_branch_dag to 2024-06-03 00:00:00+00:00, run_after=2024-06-04 00:00:00+00:00
[2024-06-04T07:59:02.904+0000] {processor.py:183} INFO - Processing /home/airflow/.local/lib/python3.8/site-packages/airflow/example_dags/example_nested_branch_dag.py took 0.104 seconds
[2024-06-04T07:59:33.205+0000] {processor.py:161} INFO - Started process (PID=1106) to work on /home/airflow/.local/lib/python3.8/site-packages/airflow/example_dags/example_nested_branch_dag.py
[2024-06-04T07:59:33.206+0000] {processor.py:830} INFO - Processing file /home/airflow/.local/lib/python3.8/site-packages/airflow/example_dags/example_nested_branch_dag.py for tasks to queue
[2024-06-04T07:59:33.208+0000] {logging_mixin.py:188} INFO - [2024-06-04T07:59:33.208+0000] {dagbag.py:540} INFO - Filling up the DagBag from /home/airflow/.local/lib/python3.8/site-packages/airflow/example_dags/example_nested_branch_dag.py
[2024-06-04T07:59:33.219+0000] {processor.py:840} INFO - DAG(s) 'example_nested_branch_dag' retrieved from /home/airflow/.local/lib/python3.8/site-packages/airflow/example_dags/example_nested_branch_dag.py
[2024-06-04T07:59:33.245+0000] {logging_mixin.py:188} INFO - [2024-06-04T07:59:33.244+0000] {dag.py:3047} INFO - Sync 1 DAGs
[2024-06-04T07:59:33.270+0000] {logging_mixin.py:188} INFO - [2024-06-04T07:59:33.270+0000] {dag.py:3834} INFO - Setting next_dagrun for example_nested_branch_dag to 2024-06-03 00:00:00+00:00, run_after=2024-06-04 00:00:00+00:00
[2024-06-04T07:59:33.293+0000] {processor.py:183} INFO - Processing /home/airflow/.local/lib/python3.8/site-packages/airflow/example_dags/example_nested_branch_dag.py took 0.092 seconds
[2024-06-04T08:00:03.640+0000] {processor.py:161} INFO - Started process (PID=1164) to work on /home/airflow/.local/lib/python3.8/site-packages/airflow/example_dags/example_nested_branch_dag.py
[2024-06-04T08:00:03.641+0000] {processor.py:830} INFO - Processing file /home/airflow/.local/lib/python3.8/site-packages/airflow/example_dags/example_nested_branch_dag.py for tasks to queue
[2024-06-04T08:00:03.643+0000] {logging_mixin.py:188} INFO - [2024-06-04T08:00:03.643+0000] {dagbag.py:540} INFO - Filling up the DagBag from /home/airflow/.local/lib/python3.8/site-packages/airflow/example_dags/example_nested_branch_dag.py
[2024-06-04T08:00:03.702+0000] {processor.py:840} INFO - DAG(s) 'example_nested_branch_dag' retrieved from /home/airflow/.local/lib/python3.8/site-packages/airflow/example_dags/example_nested_branch_dag.py
[2024-06-04T08:00:03.727+0000] {logging_mixin.py:188} INFO - [2024-06-04T08:00:03.726+0000] {dag.py:3047} INFO - Sync 1 DAGs
[2024-06-04T08:00:03.805+0000] {logging_mixin.py:188} INFO - [2024-06-04T08:00:03.805+0000] {dag.py:3834} INFO - Setting next_dagrun for example_nested_branch_dag to 2024-06-03 00:00:00+00:00, run_after=2024-06-04 00:00:00+00:00
[2024-06-04T08:00:03.825+0000] {processor.py:183} INFO - Processing /home/airflow/.local/lib/python3.8/site-packages/airflow/example_dags/example_nested_branch_dag.py took 0.189 seconds
[2024-06-04T08:00:34.243+0000] {processor.py:161} INFO - Started process (PID=1222) to work on /home/airflow/.local/lib/python3.8/site-packages/airflow/example_dags/example_nested_branch_dag.py
[2024-06-04T08:00:34.244+0000] {processor.py:830} INFO - Processing file /home/airflow/.local/lib/python3.8/site-packages/airflow/example_dags/example_nested_branch_dag.py for tasks to queue
[2024-06-04T08:00:34.246+0000] {logging_mixin.py:188} INFO - [2024-06-04T08:00:34.245+0000] {dagbag.py:540} INFO - Filling up the DagBag from /home/airflow/.local/lib/python3.8/site-packages/airflow/example_dags/example_nested_branch_dag.py
[2024-06-04T08:00:34.257+0000] {processor.py:840} INFO - DAG(s) 'example_nested_branch_dag' retrieved from /home/airflow/.local/lib/python3.8/site-packages/airflow/example_dags/example_nested_branch_dag.py
[2024-06-04T08:00:34.284+0000] {logging_mixin.py:188} INFO - [2024-06-04T08:00:34.284+0000] {dag.py:3047} INFO - Sync 1 DAGs
[2024-06-04T08:00:34.321+0000] {logging_mixin.py:188} INFO - [2024-06-04T08:00:34.320+0000] {dag.py:3834} INFO - Setting next_dagrun for example_nested_branch_dag to 2024-06-03 00:00:00+00:00, run_after=2024-06-04 00:00:00+00:00
[2024-06-04T08:00:34.342+0000] {processor.py:183} INFO - Processing /home/airflow/.local/lib/python3.8/site-packages/airflow/example_dags/example_nested_branch_dag.py took 0.103 seconds
[2024-06-04T08:01:04.387+0000] {processor.py:161} INFO - Started process (PID=1279) to work on /home/airflow/.local/lib/python3.8/site-packages/airflow/example_dags/example_nested_branch_dag.py
[2024-06-04T08:01:04.389+0000] {processor.py:830} INFO - Processing file /home/airflow/.local/lib/python3.8/site-packages/airflow/example_dags/example_nested_branch_dag.py for tasks to queue
[2024-06-04T08:01:04.390+0000] {logging_mixin.py:188} INFO - [2024-06-04T08:01:04.390+0000] {dagbag.py:540} INFO - Filling up the DagBag from /home/airflow/.local/lib/python3.8/site-packages/airflow/example_dags/example_nested_branch_dag.py
[2024-06-04T08:01:04.402+0000] {processor.py:840} INFO - DAG(s) 'example_nested_branch_dag' retrieved from /home/airflow/.local/lib/python3.8/site-packages/airflow/example_dags/example_nested_branch_dag.py
[2024-06-04T08:01:04.427+0000] {logging_mixin.py:188} INFO - [2024-06-04T08:01:04.427+0000] {dag.py:3047} INFO - Sync 1 DAGs
[2024-06-04T08:01:04.452+0000] {logging_mixin.py:188} INFO - [2024-06-04T08:01:04.452+0000] {dag.py:3834} INFO - Setting next_dagrun for example_nested_branch_dag to 2024-06-03 00:00:00+00:00, run_after=2024-06-04 00:00:00+00:00
[2024-06-04T08:01:04.470+0000] {processor.py:183} INFO - Processing /home/airflow/.local/lib/python3.8/site-packages/airflow/example_dags/example_nested_branch_dag.py took 0.086 seconds
[2024-06-04T08:01:34.691+0000] {processor.py:161} INFO - Started process (PID=1337) to work on /home/airflow/.local/lib/python3.8/site-packages/airflow/example_dags/example_nested_branch_dag.py
[2024-06-04T08:01:34.692+0000] {processor.py:830} INFO - Processing file /home/airflow/.local/lib/python3.8/site-packages/airflow/example_dags/example_nested_branch_dag.py for tasks to queue
[2024-06-04T08:01:34.694+0000] {logging_mixin.py:188} INFO - [2024-06-04T08:01:34.694+0000] {dagbag.py:540} INFO - Filling up the DagBag from /home/airflow/.local/lib/python3.8/site-packages/airflow/example_dags/example_nested_branch_dag.py
[2024-06-04T08:01:34.706+0000] {processor.py:840} INFO - DAG(s) 'example_nested_branch_dag' retrieved from /home/airflow/.local/lib/python3.8/site-packages/airflow/example_dags/example_nested_branch_dag.py
[2024-06-04T08:01:34.735+0000] {logging_mixin.py:188} INFO - [2024-06-04T08:01:34.734+0000] {dag.py:3047} INFO - Sync 1 DAGs
[2024-06-04T08:01:34.765+0000] {logging_mixin.py:188} INFO - [2024-06-04T08:01:34.764+0000] {dag.py:3834} INFO - Setting next_dagrun for example_nested_branch_dag to 2024-06-03 00:00:00+00:00, run_after=2024-06-04 00:00:00+00:00
[2024-06-04T08:01:34.789+0000] {processor.py:183} INFO - Processing /home/airflow/.local/lib/python3.8/site-packages/airflow/example_dags/example_nested_branch_dag.py took 0.102 seconds
[2024-06-04T08:02:04.971+0000] {processor.py:161} INFO - Started process (PID=1395) to work on /home/airflow/.local/lib/python3.8/site-packages/airflow/example_dags/example_nested_branch_dag.py
[2024-06-04T08:02:04.972+0000] {processor.py:830} INFO - Processing file /home/airflow/.local/lib/python3.8/site-packages/airflow/example_dags/example_nested_branch_dag.py for tasks to queue
[2024-06-04T08:02:04.974+0000] {logging_mixin.py:188} INFO - [2024-06-04T08:02:04.973+0000] {dagbag.py:540} INFO - Filling up the DagBag from /home/airflow/.local/lib/python3.8/site-packages/airflow/example_dags/example_nested_branch_dag.py
[2024-06-04T08:02:04.986+0000] {processor.py:840} INFO - DAG(s) 'example_nested_branch_dag' retrieved from /home/airflow/.local/lib/python3.8/site-packages/airflow/example_dags/example_nested_branch_dag.py
[2024-06-04T08:02:05.015+0000] {logging_mixin.py:188} INFO - [2024-06-04T08:02:05.014+0000] {dag.py:3047} INFO - Sync 1 DAGs
[2024-06-04T08:02:05.046+0000] {logging_mixin.py:188} INFO - [2024-06-04T08:02:05.045+0000] {dag.py:3834} INFO - Setting next_dagrun for example_nested_branch_dag to 2024-06-03 00:00:00+00:00, run_after=2024-06-04 00:00:00+00:00
[2024-06-04T08:02:05.066+0000] {processor.py:183} INFO - Processing /home/airflow/.local/lib/python3.8/site-packages/airflow/example_dags/example_nested_branch_dag.py took 0.099 seconds
[2024-06-04T08:02:35.148+0000] {processor.py:161} INFO - Started process (PID=1453) to work on /home/airflow/.local/lib/python3.8/site-packages/airflow/example_dags/example_nested_branch_dag.py
[2024-06-04T08:02:35.149+0000] {processor.py:830} INFO - Processing file /home/airflow/.local/lib/python3.8/site-packages/airflow/example_dags/example_nested_branch_dag.py for tasks to queue
[2024-06-04T08:02:35.151+0000] {logging_mixin.py:188} INFO - [2024-06-04T08:02:35.151+0000] {dagbag.py:540} INFO - Filling up the DagBag from /home/airflow/.local/lib/python3.8/site-packages/airflow/example_dags/example_nested_branch_dag.py
[2024-06-04T08:02:35.163+0000] {processor.py:840} INFO - DAG(s) 'example_nested_branch_dag' retrieved from /home/airflow/.local/lib/python3.8/site-packages/airflow/example_dags/example_nested_branch_dag.py
[2024-06-04T08:02:35.189+0000] {logging_mixin.py:188} INFO - [2024-06-04T08:02:35.189+0000] {dag.py:3047} INFO - Sync 1 DAGs
[2024-06-04T08:02:35.217+0000] {logging_mixin.py:188} INFO - [2024-06-04T08:02:35.217+0000] {dag.py:3834} INFO - Setting next_dagrun for example_nested_branch_dag to 2024-06-03 00:00:00+00:00, run_after=2024-06-04 00:00:00+00:00
[2024-06-04T08:02:35.239+0000] {processor.py:183} INFO - Processing /home/airflow/.local/lib/python3.8/site-packages/airflow/example_dags/example_nested_branch_dag.py took 0.095 seconds
[2024-06-04T08:03:05.507+0000] {processor.py:161} INFO - Started process (PID=1517) to work on /home/airflow/.local/lib/python3.8/site-packages/airflow/example_dags/example_nested_branch_dag.py
[2024-06-04T08:03:05.509+0000] {processor.py:830} INFO - Processing file /home/airflow/.local/lib/python3.8/site-packages/airflow/example_dags/example_nested_branch_dag.py for tasks to queue
[2024-06-04T08:03:05.511+0000] {logging_mixin.py:188} INFO - [2024-06-04T08:03:05.511+0000] {dagbag.py:540} INFO - Filling up the DagBag from /home/airflow/.local/lib/python3.8/site-packages/airflow/example_dags/example_nested_branch_dag.py
[2024-06-04T08:03:05.522+0000] {processor.py:840} INFO - DAG(s) 'example_nested_branch_dag' retrieved from /home/airflow/.local/lib/python3.8/site-packages/airflow/example_dags/example_nested_branch_dag.py
[2024-06-04T08:03:05.550+0000] {logging_mixin.py:188} INFO - [2024-06-04T08:03:05.550+0000] {dag.py:3047} INFO - Sync 1 DAGs
[2024-06-04T08:03:05.577+0000] {logging_mixin.py:188} INFO - [2024-06-04T08:03:05.576+0000] {dag.py:3834} INFO - Setting next_dagrun for example_nested_branch_dag to 2024-06-03 00:00:00+00:00, run_after=2024-06-04 00:00:00+00:00
[2024-06-04T08:03:05.599+0000] {processor.py:183} INFO - Processing /home/airflow/.local/lib/python3.8/site-packages/airflow/example_dags/example_nested_branch_dag.py took 0.096 seconds
[2024-06-04T08:03:35.775+0000] {processor.py:161} INFO - Started process (PID=1575) to work on /home/airflow/.local/lib/python3.8/site-packages/airflow/example_dags/example_nested_branch_dag.py
[2024-06-04T08:03:35.800+0000] {processor.py:830} INFO - Processing file /home/airflow/.local/lib/python3.8/site-packages/airflow/example_dags/example_nested_branch_dag.py for tasks to queue
[2024-06-04T08:03:35.802+0000] {logging_mixin.py:188} INFO - [2024-06-04T08:03:35.802+0000] {dagbag.py:540} INFO - Filling up the DagBag from /home/airflow/.local/lib/python3.8/site-packages/airflow/example_dags/example_nested_branch_dag.py
[2024-06-04T08:03:35.813+0000] {processor.py:840} INFO - DAG(s) 'example_nested_branch_dag' retrieved from /home/airflow/.local/lib/python3.8/site-packages/airflow/example_dags/example_nested_branch_dag.py
[2024-06-04T08:03:35.839+0000] {logging_mixin.py:188} INFO - [2024-06-04T08:03:35.838+0000] {dag.py:3047} INFO - Sync 1 DAGs
[2024-06-04T08:03:35.864+0000] {logging_mixin.py:188} INFO - [2024-06-04T08:03:35.863+0000] {dag.py:3834} INFO - Setting next_dagrun for example_nested_branch_dag to 2024-06-03 00:00:00+00:00, run_after=2024-06-04 00:00:00+00:00
[2024-06-04T08:03:35.887+0000] {processor.py:183} INFO - Processing /home/airflow/.local/lib/python3.8/site-packages/airflow/example_dags/example_nested_branch_dag.py took 0.116 seconds
[2024-06-04T08:04:06.317+0000] {processor.py:161} INFO - Started process (PID=1633) to work on /home/airflow/.local/lib/python3.8/site-packages/airflow/example_dags/example_nested_branch_dag.py
[2024-06-04T08:04:06.318+0000] {processor.py:830} INFO - Processing file /home/airflow/.local/lib/python3.8/site-packages/airflow/example_dags/example_nested_branch_dag.py for tasks to queue
[2024-06-04T08:04:06.320+0000] {logging_mixin.py:188} INFO - [2024-06-04T08:04:06.320+0000] {dagbag.py:540} INFO - Filling up the DagBag from /home/airflow/.local/lib/python3.8/site-packages/airflow/example_dags/example_nested_branch_dag.py
[2024-06-04T08:04:06.331+0000] {processor.py:840} INFO - DAG(s) 'example_nested_branch_dag' retrieved from /home/airflow/.local/lib/python3.8/site-packages/airflow/example_dags/example_nested_branch_dag.py
[2024-06-04T08:04:06.357+0000] {logging_mixin.py:188} INFO - [2024-06-04T08:04:06.357+0000] {dag.py:3047} INFO - Sync 1 DAGs
[2024-06-04T08:04:06.388+0000] {logging_mixin.py:188} INFO - [2024-06-04T08:04:06.387+0000] {dag.py:3834} INFO - Setting next_dagrun for example_nested_branch_dag to 2024-06-03 00:00:00+00:00, run_after=2024-06-04 00:00:00+00:00
[2024-06-04T08:04:06.413+0000] {processor.py:183} INFO - Processing /home/airflow/.local/lib/python3.8/site-packages/airflow/example_dags/example_nested_branch_dag.py took 0.099 seconds
[2024-06-04T08:04:36.621+0000] {processor.py:161} INFO - Started process (PID=1691) to work on /home/airflow/.local/lib/python3.8/site-packages/airflow/example_dags/example_nested_branch_dag.py
[2024-06-04T08:04:36.622+0000] {processor.py:830} INFO - Processing file /home/airflow/.local/lib/python3.8/site-packages/airflow/example_dags/example_nested_branch_dag.py for tasks to queue
[2024-06-04T08:04:36.624+0000] {logging_mixin.py:188} INFO - [2024-06-04T08:04:36.624+0000] {dagbag.py:540} INFO - Filling up the DagBag from /home/airflow/.local/lib/python3.8/site-packages/airflow/example_dags/example_nested_branch_dag.py
[2024-06-04T08:04:36.634+0000] {processor.py:840} INFO - DAG(s) 'example_nested_branch_dag' retrieved from /home/airflow/.local/lib/python3.8/site-packages/airflow/example_dags/example_nested_branch_dag.py
[2024-06-04T08:04:36.658+0000] {logging_mixin.py:188} INFO - [2024-06-04T08:04:36.658+0000] {dag.py:3047} INFO - Sync 1 DAGs
[2024-06-04T08:04:36.682+0000] {logging_mixin.py:188} INFO - [2024-06-04T08:04:36.682+0000] {dag.py:3834} INFO - Setting next_dagrun for example_nested_branch_dag to 2024-06-03 00:00:00+00:00, run_after=2024-06-04 00:00:00+00:00
[2024-06-04T08:04:36.702+0000] {processor.py:183} INFO - Processing /home/airflow/.local/lib/python3.8/site-packages/airflow/example_dags/example_nested_branch_dag.py took 0.085 seconds
[2024-06-04T08:05:07.142+0000] {processor.py:161} INFO - Started process (PID=1749) to work on /home/airflow/.local/lib/python3.8/site-packages/airflow/example_dags/example_nested_branch_dag.py
[2024-06-04T08:05:07.143+0000] {processor.py:830} INFO - Processing file /home/airflow/.local/lib/python3.8/site-packages/airflow/example_dags/example_nested_branch_dag.py for tasks to queue
[2024-06-04T08:05:07.145+0000] {logging_mixin.py:188} INFO - [2024-06-04T08:05:07.145+0000] {dagbag.py:540} INFO - Filling up the DagBag from /home/airflow/.local/lib/python3.8/site-packages/airflow/example_dags/example_nested_branch_dag.py
[2024-06-04T08:05:07.157+0000] {processor.py:840} INFO - DAG(s) 'example_nested_branch_dag' retrieved from /home/airflow/.local/lib/python3.8/site-packages/airflow/example_dags/example_nested_branch_dag.py
[2024-06-04T08:05:07.188+0000] {logging_mixin.py:188} INFO - [2024-06-04T08:05:07.187+0000] {dag.py:3047} INFO - Sync 1 DAGs
[2024-06-04T08:05:07.219+0000] {logging_mixin.py:188} INFO - [2024-06-04T08:05:07.219+0000] {dag.py:3834} INFO - Setting next_dagrun for example_nested_branch_dag to 2024-06-03 00:00:00+00:00, run_after=2024-06-04 00:00:00+00:00
[2024-06-04T08:05:07.243+0000] {processor.py:183} INFO - Processing /home/airflow/.local/lib/python3.8/site-packages/airflow/example_dags/example_nested_branch_dag.py took 0.105 seconds
[2024-06-04T08:05:37.459+0000] {processor.py:161} INFO - Started process (PID=1807) to work on /home/airflow/.local/lib/python3.8/site-packages/airflow/example_dags/example_nested_branch_dag.py
[2024-06-04T08:05:37.460+0000] {processor.py:830} INFO - Processing file /home/airflow/.local/lib/python3.8/site-packages/airflow/example_dags/example_nested_branch_dag.py for tasks to queue
[2024-06-04T08:05:37.462+0000] {logging_mixin.py:188} INFO - [2024-06-04T08:05:37.461+0000] {dagbag.py:540} INFO - Filling up the DagBag from /home/airflow/.local/lib/python3.8/site-packages/airflow/example_dags/example_nested_branch_dag.py
[2024-06-04T08:05:37.473+0000] {processor.py:840} INFO - DAG(s) 'example_nested_branch_dag' retrieved from /home/airflow/.local/lib/python3.8/site-packages/airflow/example_dags/example_nested_branch_dag.py
[2024-06-04T08:05:37.499+0000] {logging_mixin.py:188} INFO - [2024-06-04T08:05:37.499+0000] {dag.py:3047} INFO - Sync 1 DAGs
[2024-06-04T08:05:37.526+0000] {logging_mixin.py:188} INFO - [2024-06-04T08:05:37.526+0000] {dag.py:3834} INFO - Setting next_dagrun for example_nested_branch_dag to 2024-06-03 00:00:00+00:00, run_after=2024-06-04 00:00:00+00:00
[2024-06-04T08:05:37.546+0000] {processor.py:183} INFO - Processing /home/airflow/.local/lib/python3.8/site-packages/airflow/example_dags/example_nested_branch_dag.py took 0.092 seconds
[2024-06-04T08:06:08.318+0000] {processor.py:161} INFO - Started process (PID=1865) to work on /home/airflow/.local/lib/python3.8/site-packages/airflow/example_dags/example_nested_branch_dag.py
[2024-06-04T08:06:08.319+0000] {processor.py:830} INFO - Processing file /home/airflow/.local/lib/python3.8/site-packages/airflow/example_dags/example_nested_branch_dag.py for tasks to queue
[2024-06-04T08:06:08.321+0000] {logging_mixin.py:188} INFO - [2024-06-04T08:06:08.321+0000] {dagbag.py:540} INFO - Filling up the DagBag from /home/airflow/.local/lib/python3.8/site-packages/airflow/example_dags/example_nested_branch_dag.py
[2024-06-04T08:06:08.333+0000] {processor.py:840} INFO - DAG(s) 'example_nested_branch_dag' retrieved from /home/airflow/.local/lib/python3.8/site-packages/airflow/example_dags/example_nested_branch_dag.py
[2024-06-04T08:06:08.358+0000] {logging_mixin.py:188} INFO - [2024-06-04T08:06:08.358+0000] {dag.py:3047} INFO - Sync 1 DAGs
[2024-06-04T08:06:08.406+0000] {logging_mixin.py:188} INFO - [2024-06-04T08:06:08.406+0000] {dag.py:3834} INFO - Setting next_dagrun for example_nested_branch_dag to 2024-06-03 00:00:00+00:00, run_after=2024-06-04 00:00:00+00:00
[2024-06-04T08:06:08.427+0000] {processor.py:183} INFO - Processing /home/airflow/.local/lib/python3.8/site-packages/airflow/example_dags/example_nested_branch_dag.py took 0.113 seconds
[2024-06-04T08:06:38.802+0000] {processor.py:161} INFO - Started process (PID=1923) to work on /home/airflow/.local/lib/python3.8/site-packages/airflow/example_dags/example_nested_branch_dag.py
[2024-06-04T08:06:38.804+0000] {processor.py:830} INFO - Processing file /home/airflow/.local/lib/python3.8/site-packages/airflow/example_dags/example_nested_branch_dag.py for tasks to queue
[2024-06-04T08:06:38.807+0000] {logging_mixin.py:188} INFO - [2024-06-04T08:06:38.806+0000] {dagbag.py:540} INFO - Filling up the DagBag from /home/airflow/.local/lib/python3.8/site-packages/airflow/example_dags/example_nested_branch_dag.py
[2024-06-04T08:06:38.822+0000] {processor.py:840} INFO - DAG(s) 'example_nested_branch_dag' retrieved from /home/airflow/.local/lib/python3.8/site-packages/airflow/example_dags/example_nested_branch_dag.py
[2024-06-04T08:06:38.901+0000] {logging_mixin.py:188} INFO - [2024-06-04T08:06:38.901+0000] {dag.py:3047} INFO - Sync 1 DAGs
[2024-06-04T08:06:38.940+0000] {logging_mixin.py:188} INFO - [2024-06-04T08:06:38.939+0000] {dag.py:3834} INFO - Setting next_dagrun for example_nested_branch_dag to 2024-06-03 00:00:00+00:00, run_after=2024-06-04 00:00:00+00:00
[2024-06-04T08:06:39.007+0000] {processor.py:183} INFO - Processing /home/airflow/.local/lib/python3.8/site-packages/airflow/example_dags/example_nested_branch_dag.py took 0.263 seconds
[2024-06-04T08:07:09.446+0000] {processor.py:161} INFO - Started process (PID=1981) to work on /home/airflow/.local/lib/python3.8/site-packages/airflow/example_dags/example_nested_branch_dag.py
[2024-06-04T08:07:09.448+0000] {processor.py:830} INFO - Processing file /home/airflow/.local/lib/python3.8/site-packages/airflow/example_dags/example_nested_branch_dag.py for tasks to queue
[2024-06-04T08:07:09.450+0000] {logging_mixin.py:188} INFO - [2024-06-04T08:07:09.450+0000] {dagbag.py:540} INFO - Filling up the DagBag from /home/airflow/.local/lib/python3.8/site-packages/airflow/example_dags/example_nested_branch_dag.py
[2024-06-04T08:07:09.464+0000] {processor.py:840} INFO - DAG(s) 'example_nested_branch_dag' retrieved from /home/airflow/.local/lib/python3.8/site-packages/airflow/example_dags/example_nested_branch_dag.py
[2024-06-04T08:07:09.498+0000] {logging_mixin.py:188} INFO - [2024-06-04T08:07:09.497+0000] {dag.py:3047} INFO - Sync 1 DAGs
[2024-06-04T08:07:09.763+0000] {logging_mixin.py:188} INFO - [2024-06-04T08:07:09.763+0000] {dag.py:3834} INFO - Setting next_dagrun for example_nested_branch_dag to 2024-06-03 00:00:00+00:00, run_after=2024-06-04 00:00:00+00:00
[2024-06-04T08:07:09.783+0000] {processor.py:183} INFO - Processing /home/airflow/.local/lib/python3.8/site-packages/airflow/example_dags/example_nested_branch_dag.py took 0.341 seconds
[2024-06-04T08:07:40.415+0000] {processor.py:161} INFO - Started process (PID=2039) to work on /home/airflow/.local/lib/python3.8/site-packages/airflow/example_dags/example_nested_branch_dag.py
[2024-06-04T08:07:40.417+0000] {processor.py:830} INFO - Processing file /home/airflow/.local/lib/python3.8/site-packages/airflow/example_dags/example_nested_branch_dag.py for tasks to queue
[2024-06-04T08:07:40.420+0000] {logging_mixin.py:188} INFO - [2024-06-04T08:07:40.419+0000] {dagbag.py:540} INFO - Filling up the DagBag from /home/airflow/.local/lib/python3.8/site-packages/airflow/example_dags/example_nested_branch_dag.py
[2024-06-04T08:07:40.434+0000] {processor.py:840} INFO - DAG(s) 'example_nested_branch_dag' retrieved from /home/airflow/.local/lib/python3.8/site-packages/airflow/example_dags/example_nested_branch_dag.py
[2024-06-04T08:07:40.467+0000] {logging_mixin.py:188} INFO - [2024-06-04T08:07:40.466+0000] {dag.py:3047} INFO - Sync 1 DAGs
[2024-06-04T08:07:40.495+0000] {logging_mixin.py:188} INFO - [2024-06-04T08:07:40.495+0000] {dag.py:3834} INFO - Setting next_dagrun for example_nested_branch_dag to 2024-06-03 00:00:00+00:00, run_after=2024-06-04 00:00:00+00:00
[2024-06-04T08:07:40.740+0000] {processor.py:183} INFO - Processing /home/airflow/.local/lib/python3.8/site-packages/airflow/example_dags/example_nested_branch_dag.py took 0.330 seconds
[2024-06-04T08:08:10.867+0000] {processor.py:161} INFO - Started process (PID=2097) to work on /home/airflow/.local/lib/python3.8/site-packages/airflow/example_dags/example_nested_branch_dag.py
[2024-06-04T08:08:10.869+0000] {processor.py:830} INFO - Processing file /home/airflow/.local/lib/python3.8/site-packages/airflow/example_dags/example_nested_branch_dag.py for tasks to queue
[2024-06-04T08:08:10.872+0000] {logging_mixin.py:188} INFO - [2024-06-04T08:08:10.871+0000] {dagbag.py:540} INFO - Filling up the DagBag from /home/airflow/.local/lib/python3.8/site-packages/airflow/example_dags/example_nested_branch_dag.py
[2024-06-04T08:08:10.891+0000] {processor.py:840} INFO - DAG(s) 'example_nested_branch_dag' retrieved from /home/airflow/.local/lib/python3.8/site-packages/airflow/example_dags/example_nested_branch_dag.py
[2024-06-04T08:08:10.995+0000] {logging_mixin.py:188} INFO - [2024-06-04T08:08:10.995+0000] {dag.py:3047} INFO - Sync 1 DAGs
[2024-06-04T08:08:11.030+0000] {logging_mixin.py:188} INFO - [2024-06-04T08:08:11.030+0000] {dag.py:3834} INFO - Setting next_dagrun for example_nested_branch_dag to 2024-06-03 00:00:00+00:00, run_after=2024-06-04 00:00:00+00:00
[2024-06-04T08:08:11.070+0000] {processor.py:183} INFO - Processing /home/airflow/.local/lib/python3.8/site-packages/airflow/example_dags/example_nested_branch_dag.py took 0.212 seconds
[2024-06-04T08:08:41.259+0000] {processor.py:161} INFO - Started process (PID=2154) to work on /home/airflow/.local/lib/python3.8/site-packages/airflow/example_dags/example_nested_branch_dag.py
[2024-06-04T08:08:41.263+0000] {processor.py:830} INFO - Processing file /home/airflow/.local/lib/python3.8/site-packages/airflow/example_dags/example_nested_branch_dag.py for tasks to queue
[2024-06-04T08:08:41.266+0000] {logging_mixin.py:188} INFO - [2024-06-04T08:08:41.266+0000] {dagbag.py:540} INFO - Filling up the DagBag from /home/airflow/.local/lib/python3.8/site-packages/airflow/example_dags/example_nested_branch_dag.py
[2024-06-04T08:08:41.279+0000] {processor.py:840} INFO - DAG(s) 'example_nested_branch_dag' retrieved from /home/airflow/.local/lib/python3.8/site-packages/airflow/example_dags/example_nested_branch_dag.py
[2024-06-04T08:08:41.319+0000] {logging_mixin.py:188} INFO - [2024-06-04T08:08:41.318+0000] {dag.py:3047} INFO - Sync 1 DAGs
[2024-06-04T08:08:41.360+0000] {logging_mixin.py:188} INFO - [2024-06-04T08:08:41.359+0000] {dag.py:3834} INFO - Setting next_dagrun for example_nested_branch_dag to 2024-06-03 00:00:00+00:00, run_after=2024-06-04 00:00:00+00:00
[2024-06-04T08:08:41.395+0000] {processor.py:183} INFO - Processing /home/airflow/.local/lib/python3.8/site-packages/airflow/example_dags/example_nested_branch_dag.py took 0.169 seconds
[2024-06-04T08:09:12.267+0000] {processor.py:161} INFO - Started process (PID=2212) to work on /home/airflow/.local/lib/python3.8/site-packages/airflow/example_dags/example_nested_branch_dag.py
[2024-06-04T08:09:12.269+0000] {processor.py:830} INFO - Processing file /home/airflow/.local/lib/python3.8/site-packages/airflow/example_dags/example_nested_branch_dag.py for tasks to queue
[2024-06-04T08:09:12.271+0000] {logging_mixin.py:188} INFO - [2024-06-04T08:09:12.270+0000] {dagbag.py:540} INFO - Filling up the DagBag from /home/airflow/.local/lib/python3.8/site-packages/airflow/example_dags/example_nested_branch_dag.py
[2024-06-04T08:09:12.283+0000] {processor.py:840} INFO - DAG(s) 'example_nested_branch_dag' retrieved from /home/airflow/.local/lib/python3.8/site-packages/airflow/example_dags/example_nested_branch_dag.py
[2024-06-04T08:09:12.517+0000] {logging_mixin.py:188} INFO - [2024-06-04T08:09:12.517+0000] {dag.py:3047} INFO - Sync 1 DAGs
[2024-06-04T08:09:12.542+0000] {logging_mixin.py:188} INFO - [2024-06-04T08:09:12.542+0000] {dag.py:3834} INFO - Setting next_dagrun for example_nested_branch_dag to 2024-06-03 00:00:00+00:00, run_after=2024-06-04 00:00:00+00:00
[2024-06-04T08:09:12.566+0000] {processor.py:183} INFO - Processing /home/airflow/.local/lib/python3.8/site-packages/airflow/example_dags/example_nested_branch_dag.py took 0.302 seconds
[2024-06-04T08:09:43.483+0000] {processor.py:161} INFO - Started process (PID=2270) to work on /home/airflow/.local/lib/python3.8/site-packages/airflow/example_dags/example_nested_branch_dag.py
[2024-06-04T08:09:43.485+0000] {processor.py:830} INFO - Processing file /home/airflow/.local/lib/python3.8/site-packages/airflow/example_dags/example_nested_branch_dag.py for tasks to queue
[2024-06-04T08:09:43.488+0000] {logging_mixin.py:188} INFO - [2024-06-04T08:09:43.487+0000] {dagbag.py:540} INFO - Filling up the DagBag from /home/airflow/.local/lib/python3.8/site-packages/airflow/example_dags/example_nested_branch_dag.py
[2024-06-04T08:09:43.499+0000] {processor.py:840} INFO - DAG(s) 'example_nested_branch_dag' retrieved from /home/airflow/.local/lib/python3.8/site-packages/airflow/example_dags/example_nested_branch_dag.py
[2024-06-04T08:09:43.530+0000] {logging_mixin.py:188} INFO - [2024-06-04T08:09:43.529+0000] {dag.py:3047} INFO - Sync 1 DAGs
[2024-06-04T08:09:43.559+0000] {logging_mixin.py:188} INFO - [2024-06-04T08:09:43.559+0000] {dag.py:3834} INFO - Setting next_dagrun for example_nested_branch_dag to 2024-06-03 00:00:00+00:00, run_after=2024-06-04 00:00:00+00:00
[2024-06-04T08:09:43.577+0000] {processor.py:183} INFO - Processing /home/airflow/.local/lib/python3.8/site-packages/airflow/example_dags/example_nested_branch_dag.py took 0.097 seconds
[2024-06-04T08:10:13.992+0000] {processor.py:161} INFO - Started process (PID=2328) to work on /home/airflow/.local/lib/python3.8/site-packages/airflow/example_dags/example_nested_branch_dag.py
[2024-06-04T08:10:13.994+0000] {processor.py:830} INFO - Processing file /home/airflow/.local/lib/python3.8/site-packages/airflow/example_dags/example_nested_branch_dag.py for tasks to queue
[2024-06-04T08:10:13.996+0000] {logging_mixin.py:188} INFO - [2024-06-04T08:10:13.995+0000] {dagbag.py:540} INFO - Filling up the DagBag from /home/airflow/.local/lib/python3.8/site-packages/airflow/example_dags/example_nested_branch_dag.py
[2024-06-04T08:10:14.007+0000] {processor.py:840} INFO - DAG(s) 'example_nested_branch_dag' retrieved from /home/airflow/.local/lib/python3.8/site-packages/airflow/example_dags/example_nested_branch_dag.py
[2024-06-04T08:10:14.033+0000] {logging_mixin.py:188} INFO - [2024-06-04T08:10:14.033+0000] {dag.py:3047} INFO - Sync 1 DAGs
[2024-06-04T08:10:14.058+0000] {logging_mixin.py:188} INFO - [2024-06-04T08:10:14.058+0000] {dag.py:3834} INFO - Setting next_dagrun for example_nested_branch_dag to 2024-06-03 00:00:00+00:00, run_after=2024-06-04 00:00:00+00:00
[2024-06-04T08:10:14.077+0000] {processor.py:183} INFO - Processing /home/airflow/.local/lib/python3.8/site-packages/airflow/example_dags/example_nested_branch_dag.py took 0.090 seconds
[2024-06-04T08:10:44.483+0000] {processor.py:161} INFO - Started process (PID=2386) to work on /home/airflow/.local/lib/python3.8/site-packages/airflow/example_dags/example_nested_branch_dag.py
[2024-06-04T08:10:44.485+0000] {processor.py:830} INFO - Processing file /home/airflow/.local/lib/python3.8/site-packages/airflow/example_dags/example_nested_branch_dag.py for tasks to queue
[2024-06-04T08:10:44.486+0000] {logging_mixin.py:188} INFO - [2024-06-04T08:10:44.486+0000] {dagbag.py:540} INFO - Filling up the DagBag from /home/airflow/.local/lib/python3.8/site-packages/airflow/example_dags/example_nested_branch_dag.py
[2024-06-04T08:10:44.497+0000] {processor.py:840} INFO - DAG(s) 'example_nested_branch_dag' retrieved from /home/airflow/.local/lib/python3.8/site-packages/airflow/example_dags/example_nested_branch_dag.py
[2024-06-04T08:10:44.525+0000] {logging_mixin.py:188} INFO - [2024-06-04T08:10:44.525+0000] {dag.py:3047} INFO - Sync 1 DAGs
[2024-06-04T08:10:44.555+0000] {logging_mixin.py:188} INFO - [2024-06-04T08:10:44.555+0000] {dag.py:3834} INFO - Setting next_dagrun for example_nested_branch_dag to 2024-06-03 00:00:00+00:00, run_after=2024-06-04 00:00:00+00:00
[2024-06-04T08:10:44.577+0000] {processor.py:183} INFO - Processing /home/airflow/.local/lib/python3.8/site-packages/airflow/example_dags/example_nested_branch_dag.py took 0.097 seconds
[2024-06-04T08:11:15.211+0000] {processor.py:161} INFO - Started process (PID=2444) to work on /home/airflow/.local/lib/python3.8/site-packages/airflow/example_dags/example_nested_branch_dag.py
[2024-06-04T08:11:15.212+0000] {processor.py:830} INFO - Processing file /home/airflow/.local/lib/python3.8/site-packages/airflow/example_dags/example_nested_branch_dag.py for tasks to queue
[2024-06-04T08:11:15.214+0000] {logging_mixin.py:188} INFO - [2024-06-04T08:11:15.214+0000] {dagbag.py:540} INFO - Filling up the DagBag from /home/airflow/.local/lib/python3.8/site-packages/airflow/example_dags/example_nested_branch_dag.py
[2024-06-04T08:11:15.226+0000] {processor.py:840} INFO - DAG(s) 'example_nested_branch_dag' retrieved from /home/airflow/.local/lib/python3.8/site-packages/airflow/example_dags/example_nested_branch_dag.py
[2024-06-04T08:11:15.251+0000] {logging_mixin.py:188} INFO - [2024-06-04T08:11:15.251+0000] {dag.py:3047} INFO - Sync 1 DAGs
[2024-06-04T08:11:15.279+0000] {logging_mixin.py:188} INFO - [2024-06-04T08:11:15.278+0000] {dag.py:3834} INFO - Setting next_dagrun for example_nested_branch_dag to 2024-06-03 00:00:00+00:00, run_after=2024-06-04 00:00:00+00:00
[2024-06-04T08:11:15.302+0000] {processor.py:183} INFO - Processing /home/airflow/.local/lib/python3.8/site-packages/airflow/example_dags/example_nested_branch_dag.py took 0.094 seconds
[2024-06-04T08:11:45.598+0000] {processor.py:161} INFO - Started process (PID=2503) to work on /home/airflow/.local/lib/python3.8/site-packages/airflow/example_dags/example_nested_branch_dag.py
[2024-06-04T08:11:45.599+0000] {processor.py:830} INFO - Processing file /home/airflow/.local/lib/python3.8/site-packages/airflow/example_dags/example_nested_branch_dag.py for tasks to queue
[2024-06-04T08:11:45.601+0000] {logging_mixin.py:188} INFO - [2024-06-04T08:11:45.601+0000] {dagbag.py:540} INFO - Filling up the DagBag from /home/airflow/.local/lib/python3.8/site-packages/airflow/example_dags/example_nested_branch_dag.py
[2024-06-04T08:11:45.612+0000] {processor.py:840} INFO - DAG(s) 'example_nested_branch_dag' retrieved from /home/airflow/.local/lib/python3.8/site-packages/airflow/example_dags/example_nested_branch_dag.py
[2024-06-04T08:11:45.639+0000] {logging_mixin.py:188} INFO - [2024-06-04T08:11:45.638+0000] {dag.py:3047} INFO - Sync 1 DAGs
[2024-06-04T08:11:45.667+0000] {logging_mixin.py:188} INFO - [2024-06-04T08:11:45.666+0000] {dag.py:3834} INFO - Setting next_dagrun for example_nested_branch_dag to 2024-06-03 00:00:00+00:00, run_after=2024-06-04 00:00:00+00:00
[2024-06-04T08:11:45.693+0000] {processor.py:183} INFO - Processing /home/airflow/.local/lib/python3.8/site-packages/airflow/example_dags/example_nested_branch_dag.py took 0.099 seconds
[2024-06-04T08:12:16.544+0000] {processor.py:161} INFO - Started process (PID=2562) to work on /home/airflow/.local/lib/python3.8/site-packages/airflow/example_dags/example_nested_branch_dag.py
[2024-06-04T08:12:16.546+0000] {processor.py:830} INFO - Processing file /home/airflow/.local/lib/python3.8/site-packages/airflow/example_dags/example_nested_branch_dag.py for tasks to queue
[2024-06-04T08:12:16.548+0000] {logging_mixin.py:188} INFO - [2024-06-04T08:12:16.548+0000] {dagbag.py:540} INFO - Filling up the DagBag from /home/airflow/.local/lib/python3.8/site-packages/airflow/example_dags/example_nested_branch_dag.py
[2024-06-04T08:12:16.559+0000] {processor.py:840} INFO - DAG(s) 'example_nested_branch_dag' retrieved from /home/airflow/.local/lib/python3.8/site-packages/airflow/example_dags/example_nested_branch_dag.py
[2024-06-04T08:12:16.584+0000] {logging_mixin.py:188} INFO - [2024-06-04T08:12:16.583+0000] {dag.py:3047} INFO - Sync 1 DAGs
[2024-06-04T08:12:16.610+0000] {logging_mixin.py:188} INFO - [2024-06-04T08:12:16.610+0000] {dag.py:3834} INFO - Setting next_dagrun for example_nested_branch_dag to 2024-06-03 00:00:00+00:00, run_after=2024-06-04 00:00:00+00:00
[2024-06-04T08:12:16.635+0000] {processor.py:183} INFO - Processing /home/airflow/.local/lib/python3.8/site-packages/airflow/example_dags/example_nested_branch_dag.py took 0.094 seconds
[2024-06-04T08:12:46.738+0000] {processor.py:161} INFO - Started process (PID=2621) to work on /home/airflow/.local/lib/python3.8/site-packages/airflow/example_dags/example_nested_branch_dag.py
[2024-06-04T08:12:46.740+0000] {processor.py:830} INFO - Processing file /home/airflow/.local/lib/python3.8/site-packages/airflow/example_dags/example_nested_branch_dag.py for tasks to queue
[2024-06-04T08:12:46.742+0000] {logging_mixin.py:188} INFO - [2024-06-04T08:12:46.742+0000] {dagbag.py:540} INFO - Filling up the DagBag from /home/airflow/.local/lib/python3.8/site-packages/airflow/example_dags/example_nested_branch_dag.py
[2024-06-04T08:12:46.754+0000] {processor.py:840} INFO - DAG(s) 'example_nested_branch_dag' retrieved from /home/airflow/.local/lib/python3.8/site-packages/airflow/example_dags/example_nested_branch_dag.py
[2024-06-04T08:12:46.784+0000] {logging_mixin.py:188} INFO - [2024-06-04T08:12:46.783+0000] {dag.py:3047} INFO - Sync 1 DAGs
[2024-06-04T08:12:46.814+0000] {logging_mixin.py:188} INFO - [2024-06-04T08:12:46.813+0000] {dag.py:3834} INFO - Setting next_dagrun for example_nested_branch_dag to 2024-06-03 00:00:00+00:00, run_after=2024-06-04 00:00:00+00:00
[2024-06-04T08:12:46.838+0000] {processor.py:183} INFO - Processing /home/airflow/.local/lib/python3.8/site-packages/airflow/example_dags/example_nested_branch_dag.py took 0.104 seconds
[2024-06-04T08:13:17.200+0000] {processor.py:161} INFO - Started process (PID=2679) to work on /home/airflow/.local/lib/python3.8/site-packages/airflow/example_dags/example_nested_branch_dag.py
[2024-06-04T08:13:17.201+0000] {processor.py:830} INFO - Processing file /home/airflow/.local/lib/python3.8/site-packages/airflow/example_dags/example_nested_branch_dag.py for tasks to queue
[2024-06-04T08:13:17.204+0000] {logging_mixin.py:188} INFO - [2024-06-04T08:13:17.203+0000] {dagbag.py:540} INFO - Filling up the DagBag from /home/airflow/.local/lib/python3.8/site-packages/airflow/example_dags/example_nested_branch_dag.py
[2024-06-04T08:13:17.219+0000] {processor.py:840} INFO - DAG(s) 'example_nested_branch_dag' retrieved from /home/airflow/.local/lib/python3.8/site-packages/airflow/example_dags/example_nested_branch_dag.py
[2024-06-04T08:13:17.257+0000] {logging_mixin.py:188} INFO - [2024-06-04T08:13:17.257+0000] {dag.py:3047} INFO - Sync 1 DAGs
[2024-06-04T08:13:17.290+0000] {logging_mixin.py:188} INFO - [2024-06-04T08:13:17.290+0000] {dag.py:3834} INFO - Setting next_dagrun for example_nested_branch_dag to 2024-06-03 00:00:00+00:00, run_after=2024-06-04 00:00:00+00:00
[2024-06-04T08:13:17.318+0000] {processor.py:183} INFO - Processing /home/airflow/.local/lib/python3.8/site-packages/airflow/example_dags/example_nested_branch_dag.py took 0.122 seconds
[2024-06-04T08:13:48.038+0000] {processor.py:161} INFO - Started process (PID=2738) to work on /home/airflow/.local/lib/python3.8/site-packages/airflow/example_dags/example_nested_branch_dag.py
[2024-06-04T08:13:48.039+0000] {processor.py:830} INFO - Processing file /home/airflow/.local/lib/python3.8/site-packages/airflow/example_dags/example_nested_branch_dag.py for tasks to queue
[2024-06-04T08:13:48.041+0000] {logging_mixin.py:188} INFO - [2024-06-04T08:13:48.041+0000] {dagbag.py:540} INFO - Filling up the DagBag from /home/airflow/.local/lib/python3.8/site-packages/airflow/example_dags/example_nested_branch_dag.py
[2024-06-04T08:13:48.056+0000] {processor.py:840} INFO - DAG(s) 'example_nested_branch_dag' retrieved from /home/airflow/.local/lib/python3.8/site-packages/airflow/example_dags/example_nested_branch_dag.py
[2024-06-04T08:13:48.073+0000] {logging_mixin.py:188} INFO - [2024-06-04T08:13:48.073+0000] {dag.py:3047} INFO - Sync 1 DAGs
[2024-06-04T08:13:48.107+0000] {logging_mixin.py:188} INFO - [2024-06-04T08:13:48.106+0000] {dag.py:3834} INFO - Setting next_dagrun for example_nested_branch_dag to 2024-06-03 00:00:00+00:00, run_after=2024-06-04 00:00:00+00:00
[2024-06-04T08:13:48.133+0000] {processor.py:183} INFO - Processing /home/airflow/.local/lib/python3.8/site-packages/airflow/example_dags/example_nested_branch_dag.py took 0.100 seconds
[2024-06-04T08:14:18.639+0000] {processor.py:161} INFO - Started process (PID=2797) to work on /home/airflow/.local/lib/python3.8/site-packages/airflow/example_dags/example_nested_branch_dag.py
[2024-06-04T08:14:18.640+0000] {processor.py:830} INFO - Processing file /home/airflow/.local/lib/python3.8/site-packages/airflow/example_dags/example_nested_branch_dag.py for tasks to queue
[2024-06-04T08:14:18.643+0000] {logging_mixin.py:188} INFO - [2024-06-04T08:14:18.642+0000] {dagbag.py:540} INFO - Filling up the DagBag from /home/airflow/.local/lib/python3.8/site-packages/airflow/example_dags/example_nested_branch_dag.py
[2024-06-04T08:14:18.658+0000] {processor.py:840} INFO - DAG(s) 'example_nested_branch_dag' retrieved from /home/airflow/.local/lib/python3.8/site-packages/airflow/example_dags/example_nested_branch_dag.py
[2024-06-04T08:14:18.791+0000] {logging_mixin.py:188} INFO - [2024-06-04T08:14:18.790+0000] {dag.py:3047} INFO - Sync 1 DAGs
[2024-06-04T08:14:18.822+0000] {logging_mixin.py:188} INFO - [2024-06-04T08:14:18.821+0000] {dag.py:3834} INFO - Setting next_dagrun for example_nested_branch_dag to 2024-06-03 00:00:00+00:00, run_after=2024-06-04 00:00:00+00:00
[2024-06-04T08:14:18.850+0000] {processor.py:183} INFO - Processing /home/airflow/.local/lib/python3.8/site-packages/airflow/example_dags/example_nested_branch_dag.py took 0.216 seconds
[2024-06-04T08:14:49.463+0000] {processor.py:161} INFO - Started process (PID=2856) to work on /home/airflow/.local/lib/python3.8/site-packages/airflow/example_dags/example_nested_branch_dag.py
[2024-06-04T08:14:49.464+0000] {processor.py:830} INFO - Processing file /home/airflow/.local/lib/python3.8/site-packages/airflow/example_dags/example_nested_branch_dag.py for tasks to queue
[2024-06-04T08:14:49.466+0000] {logging_mixin.py:188} INFO - [2024-06-04T08:14:49.466+0000] {dagbag.py:540} INFO - Filling up the DagBag from /home/airflow/.local/lib/python3.8/site-packages/airflow/example_dags/example_nested_branch_dag.py
[2024-06-04T08:14:49.478+0000] {processor.py:840} INFO - DAG(s) 'example_nested_branch_dag' retrieved from /home/airflow/.local/lib/python3.8/site-packages/airflow/example_dags/example_nested_branch_dag.py
[2024-06-04T08:14:49.507+0000] {logging_mixin.py:188} INFO - [2024-06-04T08:14:49.507+0000] {dag.py:3047} INFO - Sync 1 DAGs
[2024-06-04T08:14:49.537+0000] {logging_mixin.py:188} INFO - [2024-06-04T08:14:49.537+0000] {dag.py:3834} INFO - Setting next_dagrun for example_nested_branch_dag to 2024-06-03 00:00:00+00:00, run_after=2024-06-04 00:00:00+00:00
[2024-06-04T08:14:49.564+0000] {processor.py:183} INFO - Processing /home/airflow/.local/lib/python3.8/site-packages/airflow/example_dags/example_nested_branch_dag.py took 0.104 seconds
[2024-06-04T08:15:30.704+0000] {processor.py:161} INFO - Started process (PID=2954) to work on /home/airflow/.local/lib/python3.8/site-packages/airflow/example_dags/example_nested_branch_dag.py
[2024-06-04T08:15:30.710+0000] {processor.py:830} INFO - Processing file /home/airflow/.local/lib/python3.8/site-packages/airflow/example_dags/example_nested_branch_dag.py for tasks to queue
[2024-06-04T08:15:30.713+0000] {logging_mixin.py:188} INFO - [2024-06-04T08:15:30.712+0000] {dagbag.py:540} INFO - Filling up the DagBag from /home/airflow/.local/lib/python3.8/site-packages/airflow/example_dags/example_nested_branch_dag.py
[2024-06-04T08:15:30.907+0000] {processor.py:840} INFO - DAG(s) 'example_nested_branch_dag' retrieved from /home/airflow/.local/lib/python3.8/site-packages/airflow/example_dags/example_nested_branch_dag.py
[2024-06-04T08:15:31.214+0000] {logging_mixin.py:188} INFO - [2024-06-04T08:15:31.213+0000] {dag.py:3047} INFO - Sync 1 DAGs
[2024-06-04T08:15:31.513+0000] {logging_mixin.py:188} INFO - [2024-06-04T08:15:31.513+0000] {dag.py:3834} INFO - Setting next_dagrun for example_nested_branch_dag to 2024-06-03 00:00:00+00:00, run_after=2024-06-04 00:00:00+00:00
[2024-06-04T08:15:31.800+0000] {processor.py:183} INFO - Processing /home/airflow/.local/lib/python3.8/site-packages/airflow/example_dags/example_nested_branch_dag.py took 1.185 seconds
[2024-06-04T08:16:02.111+0000] {processor.py:161} INFO - Started process (PID=3022) to work on /home/airflow/.local/lib/python3.8/site-packages/airflow/example_dags/example_nested_branch_dag.py
[2024-06-04T08:16:02.117+0000] {processor.py:830} INFO - Processing file /home/airflow/.local/lib/python3.8/site-packages/airflow/example_dags/example_nested_branch_dag.py for tasks to queue
[2024-06-04T08:16:02.120+0000] {logging_mixin.py:188} INFO - [2024-06-04T08:16:02.120+0000] {dagbag.py:540} INFO - Filling up the DagBag from /home/airflow/.local/lib/python3.8/site-packages/airflow/example_dags/example_nested_branch_dag.py
[2024-06-04T08:16:02.141+0000] {processor.py:840} INFO - DAG(s) 'example_nested_branch_dag' retrieved from /home/airflow/.local/lib/python3.8/site-packages/airflow/example_dags/example_nested_branch_dag.py
[2024-06-04T08:16:02.231+0000] {logging_mixin.py:188} INFO - [2024-06-04T08:16:02.230+0000] {dag.py:3047} INFO - Sync 1 DAGs
[2024-06-04T08:16:02.321+0000] {logging_mixin.py:188} INFO - [2024-06-04T08:16:02.320+0000] {dag.py:3834} INFO - Setting next_dagrun for example_nested_branch_dag to 2024-06-03 00:00:00+00:00, run_after=2024-06-04 00:00:00+00:00
[2024-06-04T08:16:02.349+0000] {processor.py:183} INFO - Processing /home/airflow/.local/lib/python3.8/site-packages/airflow/example_dags/example_nested_branch_dag.py took 0.243 seconds
[2024-06-04T08:16:34.227+0000] {processor.py:161} INFO - Started process (PID=3118) to work on /home/airflow/.local/lib/python3.8/site-packages/airflow/example_dags/example_nested_branch_dag.py
[2024-06-04T08:16:34.229+0000] {processor.py:830} INFO - Processing file /home/airflow/.local/lib/python3.8/site-packages/airflow/example_dags/example_nested_branch_dag.py for tasks to queue
[2024-06-04T08:16:34.304+0000] {logging_mixin.py:188} INFO - [2024-06-04T08:16:34.303+0000] {dagbag.py:540} INFO - Filling up the DagBag from /home/airflow/.local/lib/python3.8/site-packages/airflow/example_dags/example_nested_branch_dag.py
[2024-06-04T08:16:34.321+0000] {processor.py:840} INFO - DAG(s) 'example_nested_branch_dag' retrieved from /home/airflow/.local/lib/python3.8/site-packages/airflow/example_dags/example_nested_branch_dag.py
[2024-06-04T08:16:34.506+0000] {logging_mixin.py:188} INFO - [2024-06-04T08:16:34.506+0000] {dag.py:3047} INFO - Sync 1 DAGs
[2024-06-04T08:16:34.605+0000] {logging_mixin.py:188} INFO - [2024-06-04T08:16:34.604+0000] {dag.py:3834} INFO - Setting next_dagrun for example_nested_branch_dag to 2024-06-03 00:00:00+00:00, run_after=2024-06-04 00:00:00+00:00
[2024-06-04T08:16:34.632+0000] {processor.py:183} INFO - Processing /home/airflow/.local/lib/python3.8/site-packages/airflow/example_dags/example_nested_branch_dag.py took 0.411 seconds
[2024-06-04T08:17:05.533+0000] {processor.py:161} INFO - Started process (PID=3188) to work on /home/airflow/.local/lib/python3.8/site-packages/airflow/example_dags/example_nested_branch_dag.py
[2024-06-04T08:17:05.535+0000] {processor.py:830} INFO - Processing file /home/airflow/.local/lib/python3.8/site-packages/airflow/example_dags/example_nested_branch_dag.py for tasks to queue
[2024-06-04T08:17:05.538+0000] {logging_mixin.py:188} INFO - [2024-06-04T08:17:05.537+0000] {dagbag.py:540} INFO - Filling up the DagBag from /home/airflow/.local/lib/python3.8/site-packages/airflow/example_dags/example_nested_branch_dag.py
[2024-06-04T08:17:05.609+0000] {processor.py:840} INFO - DAG(s) 'example_nested_branch_dag' retrieved from /home/airflow/.local/lib/python3.8/site-packages/airflow/example_dags/example_nested_branch_dag.py
[2024-06-04T08:17:05.705+0000] {logging_mixin.py:188} INFO - [2024-06-04T08:17:05.705+0000] {dag.py:3047} INFO - Sync 1 DAGs
[2024-06-04T08:17:05.738+0000] {logging_mixin.py:188} INFO - [2024-06-04T08:17:05.738+0000] {dag.py:3834} INFO - Setting next_dagrun for example_nested_branch_dag to 2024-06-03 00:00:00+00:00, run_after=2024-06-04 00:00:00+00:00
[2024-06-04T08:17:05.826+0000] {processor.py:183} INFO - Processing /home/airflow/.local/lib/python3.8/site-packages/airflow/example_dags/example_nested_branch_dag.py took 0.297 seconds
[2024-06-04T08:17:37.008+0000] {processor.py:161} INFO - Started process (PID=3291) to work on /home/airflow/.local/lib/python3.8/site-packages/airflow/example_dags/example_nested_branch_dag.py
[2024-06-04T08:17:37.010+0000] {processor.py:830} INFO - Processing file /home/airflow/.local/lib/python3.8/site-packages/airflow/example_dags/example_nested_branch_dag.py for tasks to queue
[2024-06-04T08:17:37.012+0000] {logging_mixin.py:188} INFO - [2024-06-04T08:17:37.012+0000] {dagbag.py:540} INFO - Filling up the DagBag from /home/airflow/.local/lib/python3.8/site-packages/airflow/example_dags/example_nested_branch_dag.py
[2024-06-04T08:17:37.032+0000] {processor.py:840} INFO - DAG(s) 'example_nested_branch_dag' retrieved from /home/airflow/.local/lib/python3.8/site-packages/airflow/example_dags/example_nested_branch_dag.py
[2024-06-04T08:17:37.303+0000] {logging_mixin.py:188} INFO - [2024-06-04T08:17:37.303+0000] {dag.py:3047} INFO - Sync 1 DAGs
[2024-06-04T08:17:37.604+0000] {logging_mixin.py:188} INFO - [2024-06-04T08:17:37.604+0000] {dag.py:3834} INFO - Setting next_dagrun for example_nested_branch_dag to 2024-06-03 00:00:00+00:00, run_after=2024-06-04 00:00:00+00:00
[2024-06-04T08:17:37.908+0000] {processor.py:183} INFO - Processing /home/airflow/.local/lib/python3.8/site-packages/airflow/example_dags/example_nested_branch_dag.py took 0.905 seconds
