[2024-06-04T07:51:25.307+0000] {processor.py:161} INFO - Started process (PID=182) to work on /home/airflow/.local/lib/python3.8/site-packages/airflow/example_dags/example_python_operator.py
[2024-06-04T07:51:25.308+0000] {processor.py:830} INFO - Processing file /home/airflow/.local/lib/python3.8/site-packages/airflow/example_dags/example_python_operator.py for tasks to queue
[2024-06-04T07:51:25.310+0000] {logging_mixin.py:188} INFO - [2024-06-04T07:51:25.310+0000] {dagbag.py:540} INFO - Filling up the DagBag from /home/airflow/.local/lib/python3.8/site-packages/airflow/example_dags/example_python_operator.py
[2024-06-04T07:51:25.328+0000] {processor.py:840} INFO - DAG(s) 'example_python_operator' retrieved from /home/airflow/.local/lib/python3.8/site-packages/airflow/example_dags/example_python_operator.py
[2024-06-04T07:51:25.527+0000] {logging_mixin.py:188} INFO - [2024-06-04T07:51:25.527+0000] {dag.py:3047} INFO - Sync 1 DAGs
[2024-06-04T07:51:25.539+0000] {logging_mixin.py:188} INFO - [2024-06-04T07:51:25.539+0000] {dag.py:3834} INFO - Setting next_dagrun for example_python_operator to None, run_after=None
[2024-06-04T07:51:25.559+0000] {processor.py:183} INFO - Processing /home/airflow/.local/lib/python3.8/site-packages/airflow/example_dags/example_python_operator.py took 0.256 seconds
[2024-06-04T07:51:56.388+0000] {processor.py:161} INFO - Started process (PID=240) to work on /home/airflow/.local/lib/python3.8/site-packages/airflow/example_dags/example_python_operator.py
[2024-06-04T07:51:56.390+0000] {processor.py:830} INFO - Processing file /home/airflow/.local/lib/python3.8/site-packages/airflow/example_dags/example_python_operator.py for tasks to queue
[2024-06-04T07:51:56.391+0000] {logging_mixin.py:188} INFO - [2024-06-04T07:51:56.391+0000] {dagbag.py:540} INFO - Filling up the DagBag from /home/airflow/.local/lib/python3.8/site-packages/airflow/example_dags/example_python_operator.py
[2024-06-04T07:51:56.403+0000] {processor.py:840} INFO - DAG(s) 'example_python_operator' retrieved from /home/airflow/.local/lib/python3.8/site-packages/airflow/example_dags/example_python_operator.py
[2024-06-04T07:51:56.431+0000] {logging_mixin.py:188} INFO - [2024-06-04T07:51:56.431+0000] {dag.py:3047} INFO - Sync 1 DAGs
[2024-06-04T07:51:56.444+0000] {logging_mixin.py:188} INFO - [2024-06-04T07:51:56.444+0000] {dag.py:3834} INFO - Setting next_dagrun for example_python_operator to None, run_after=None
[2024-06-04T07:51:56.465+0000] {processor.py:183} INFO - Processing /home/airflow/.local/lib/python3.8/site-packages/airflow/example_dags/example_python_operator.py took 0.081 seconds
[2024-06-04T07:52:26.866+0000] {processor.py:161} INFO - Started process (PID=298) to work on /home/airflow/.local/lib/python3.8/site-packages/airflow/example_dags/example_python_operator.py
[2024-06-04T07:52:26.868+0000] {processor.py:830} INFO - Processing file /home/airflow/.local/lib/python3.8/site-packages/airflow/example_dags/example_python_operator.py for tasks to queue
[2024-06-04T07:52:26.870+0000] {logging_mixin.py:188} INFO - [2024-06-04T07:52:26.869+0000] {dagbag.py:540} INFO - Filling up the DagBag from /home/airflow/.local/lib/python3.8/site-packages/airflow/example_dags/example_python_operator.py
[2024-06-04T07:52:26.881+0000] {processor.py:840} INFO - DAG(s) 'example_python_operator' retrieved from /home/airflow/.local/lib/python3.8/site-packages/airflow/example_dags/example_python_operator.py
[2024-06-04T07:52:26.909+0000] {logging_mixin.py:188} INFO - [2024-06-04T07:52:26.908+0000] {dag.py:3047} INFO - Sync 1 DAGs
[2024-06-04T07:52:26.923+0000] {logging_mixin.py:188} INFO - [2024-06-04T07:52:26.922+0000] {dag.py:3834} INFO - Setting next_dagrun for example_python_operator to None, run_after=None
[2024-06-04T07:52:26.943+0000] {processor.py:183} INFO - Processing /home/airflow/.local/lib/python3.8/site-packages/airflow/example_dags/example_python_operator.py took 0.080 seconds
[2024-06-04T07:52:57.035+0000] {processor.py:161} INFO - Started process (PID=356) to work on /home/airflow/.local/lib/python3.8/site-packages/airflow/example_dags/example_python_operator.py
[2024-06-04T07:52:57.036+0000] {processor.py:830} INFO - Processing file /home/airflow/.local/lib/python3.8/site-packages/airflow/example_dags/example_python_operator.py for tasks to queue
[2024-06-04T07:52:57.038+0000] {logging_mixin.py:188} INFO - [2024-06-04T07:52:57.038+0000] {dagbag.py:540} INFO - Filling up the DagBag from /home/airflow/.local/lib/python3.8/site-packages/airflow/example_dags/example_python_operator.py
[2024-06-04T07:52:57.052+0000] {processor.py:840} INFO - DAG(s) 'example_python_operator' retrieved from /home/airflow/.local/lib/python3.8/site-packages/airflow/example_dags/example_python_operator.py
[2024-06-04T07:52:57.077+0000] {logging_mixin.py:188} INFO - [2024-06-04T07:52:57.077+0000] {dag.py:3047} INFO - Sync 1 DAGs
[2024-06-04T07:52:57.089+0000] {logging_mixin.py:188} INFO - [2024-06-04T07:52:57.089+0000] {dag.py:3834} INFO - Setting next_dagrun for example_python_operator to None, run_after=None
[2024-06-04T07:52:57.109+0000] {processor.py:183} INFO - Processing /home/airflow/.local/lib/python3.8/site-packages/airflow/example_dags/example_python_operator.py took 0.078 seconds
[2024-06-04T07:53:27.365+0000] {processor.py:161} INFO - Started process (PID=414) to work on /home/airflow/.local/lib/python3.8/site-packages/airflow/example_dags/example_python_operator.py
[2024-06-04T07:53:27.366+0000] {processor.py:830} INFO - Processing file /home/airflow/.local/lib/python3.8/site-packages/airflow/example_dags/example_python_operator.py for tasks to queue
[2024-06-04T07:53:27.369+0000] {logging_mixin.py:188} INFO - [2024-06-04T07:53:27.368+0000] {dagbag.py:540} INFO - Filling up the DagBag from /home/airflow/.local/lib/python3.8/site-packages/airflow/example_dags/example_python_operator.py
[2024-06-04T07:53:27.380+0000] {processor.py:840} INFO - DAG(s) 'example_python_operator' retrieved from /home/airflow/.local/lib/python3.8/site-packages/airflow/example_dags/example_python_operator.py
[2024-06-04T07:53:27.411+0000] {logging_mixin.py:188} INFO - [2024-06-04T07:53:27.410+0000] {dag.py:3047} INFO - Sync 1 DAGs
[2024-06-04T07:53:27.428+0000] {logging_mixin.py:188} INFO - [2024-06-04T07:53:27.428+0000] {dag.py:3834} INFO - Setting next_dagrun for example_python_operator to None, run_after=None
[2024-06-04T07:53:27.454+0000] {processor.py:183} INFO - Processing /home/airflow/.local/lib/python3.8/site-packages/airflow/example_dags/example_python_operator.py took 0.092 seconds
[2024-06-04T07:53:58.349+0000] {processor.py:161} INFO - Started process (PID=472) to work on /home/airflow/.local/lib/python3.8/site-packages/airflow/example_dags/example_python_operator.py
[2024-06-04T07:53:58.351+0000] {processor.py:830} INFO - Processing file /home/airflow/.local/lib/python3.8/site-packages/airflow/example_dags/example_python_operator.py for tasks to queue
[2024-06-04T07:53:58.353+0000] {logging_mixin.py:188} INFO - [2024-06-04T07:53:58.353+0000] {dagbag.py:540} INFO - Filling up the DagBag from /home/airflow/.local/lib/python3.8/site-packages/airflow/example_dags/example_python_operator.py
[2024-06-04T07:53:58.365+0000] {processor.py:840} INFO - DAG(s) 'example_python_operator' retrieved from /home/airflow/.local/lib/python3.8/site-packages/airflow/example_dags/example_python_operator.py
[2024-06-04T07:53:58.429+0000] {logging_mixin.py:188} INFO - [2024-06-04T07:53:58.428+0000] {dag.py:3047} INFO - Sync 1 DAGs
[2024-06-04T07:53:58.445+0000] {logging_mixin.py:188} INFO - [2024-06-04T07:53:58.445+0000] {dag.py:3834} INFO - Setting next_dagrun for example_python_operator to None, run_after=None
[2024-06-04T07:53:58.517+0000] {processor.py:183} INFO - Processing /home/airflow/.local/lib/python3.8/site-packages/airflow/example_dags/example_python_operator.py took 0.172 seconds
[2024-06-04T07:54:28.966+0000] {processor.py:161} INFO - Started process (PID=530) to work on /home/airflow/.local/lib/python3.8/site-packages/airflow/example_dags/example_python_operator.py
[2024-06-04T07:54:28.968+0000] {processor.py:830} INFO - Processing file /home/airflow/.local/lib/python3.8/site-packages/airflow/example_dags/example_python_operator.py for tasks to queue
[2024-06-04T07:54:28.970+0000] {logging_mixin.py:188} INFO - [2024-06-04T07:54:28.969+0000] {dagbag.py:540} INFO - Filling up the DagBag from /home/airflow/.local/lib/python3.8/site-packages/airflow/example_dags/example_python_operator.py
[2024-06-04T07:54:28.981+0000] {processor.py:840} INFO - DAG(s) 'example_python_operator' retrieved from /home/airflow/.local/lib/python3.8/site-packages/airflow/example_dags/example_python_operator.py
[2024-06-04T07:54:29.009+0000] {logging_mixin.py:188} INFO - [2024-06-04T07:54:29.009+0000] {dag.py:3047} INFO - Sync 1 DAGs
[2024-06-04T07:54:29.025+0000] {logging_mixin.py:188} INFO - [2024-06-04T07:54:29.025+0000] {dag.py:3834} INFO - Setting next_dagrun for example_python_operator to None, run_after=None
[2024-06-04T07:54:29.042+0000] {processor.py:183} INFO - Processing /home/airflow/.local/lib/python3.8/site-packages/airflow/example_dags/example_python_operator.py took 0.079 seconds
[2024-06-04T07:54:59.466+0000] {processor.py:161} INFO - Started process (PID=588) to work on /home/airflow/.local/lib/python3.8/site-packages/airflow/example_dags/example_python_operator.py
[2024-06-04T07:54:59.468+0000] {processor.py:830} INFO - Processing file /home/airflow/.local/lib/python3.8/site-packages/airflow/example_dags/example_python_operator.py for tasks to queue
[2024-06-04T07:54:59.469+0000] {logging_mixin.py:188} INFO - [2024-06-04T07:54:59.469+0000] {dagbag.py:540} INFO - Filling up the DagBag from /home/airflow/.local/lib/python3.8/site-packages/airflow/example_dags/example_python_operator.py
[2024-06-04T07:54:59.480+0000] {processor.py:840} INFO - DAG(s) 'example_python_operator' retrieved from /home/airflow/.local/lib/python3.8/site-packages/airflow/example_dags/example_python_operator.py
[2024-06-04T07:54:59.509+0000] {logging_mixin.py:188} INFO - [2024-06-04T07:54:59.509+0000] {dag.py:3047} INFO - Sync 1 DAGs
[2024-06-04T07:54:59.525+0000] {logging_mixin.py:188} INFO - [2024-06-04T07:54:59.525+0000] {dag.py:3834} INFO - Setting next_dagrun for example_python_operator to None, run_after=None
[2024-06-04T07:54:59.545+0000] {processor.py:183} INFO - Processing /home/airflow/.local/lib/python3.8/site-packages/airflow/example_dags/example_python_operator.py took 0.083 seconds
[2024-06-04T07:55:29.746+0000] {processor.py:161} INFO - Started process (PID=646) to work on /home/airflow/.local/lib/python3.8/site-packages/airflow/example_dags/example_python_operator.py
[2024-06-04T07:55:29.748+0000] {processor.py:830} INFO - Processing file /home/airflow/.local/lib/python3.8/site-packages/airflow/example_dags/example_python_operator.py for tasks to queue
[2024-06-04T07:55:29.749+0000] {logging_mixin.py:188} INFO - [2024-06-04T07:55:29.749+0000] {dagbag.py:540} INFO - Filling up the DagBag from /home/airflow/.local/lib/python3.8/site-packages/airflow/example_dags/example_python_operator.py
[2024-06-04T07:55:29.761+0000] {processor.py:840} INFO - DAG(s) 'example_python_operator' retrieved from /home/airflow/.local/lib/python3.8/site-packages/airflow/example_dags/example_python_operator.py
[2024-06-04T07:55:29.785+0000] {logging_mixin.py:188} INFO - [2024-06-04T07:55:29.785+0000] {dag.py:3047} INFO - Sync 1 DAGs
[2024-06-04T07:55:29.797+0000] {logging_mixin.py:188} INFO - [2024-06-04T07:55:29.797+0000] {dag.py:3834} INFO - Setting next_dagrun for example_python_operator to None, run_after=None
[2024-06-04T07:55:29.817+0000] {processor.py:183} INFO - Processing /home/airflow/.local/lib/python3.8/site-packages/airflow/example_dags/example_python_operator.py took 0.074 seconds
[2024-06-04T07:56:00.430+0000] {processor.py:161} INFO - Started process (PID=704) to work on /home/airflow/.local/lib/python3.8/site-packages/airflow/example_dags/example_python_operator.py
[2024-06-04T07:56:00.431+0000] {processor.py:830} INFO - Processing file /home/airflow/.local/lib/python3.8/site-packages/airflow/example_dags/example_python_operator.py for tasks to queue
[2024-06-04T07:56:00.433+0000] {logging_mixin.py:188} INFO - [2024-06-04T07:56:00.433+0000] {dagbag.py:540} INFO - Filling up the DagBag from /home/airflow/.local/lib/python3.8/site-packages/airflow/example_dags/example_python_operator.py
[2024-06-04T07:56:00.445+0000] {processor.py:840} INFO - DAG(s) 'example_python_operator' retrieved from /home/airflow/.local/lib/python3.8/site-packages/airflow/example_dags/example_python_operator.py
[2024-06-04T07:56:00.473+0000] {logging_mixin.py:188} INFO - [2024-06-04T07:56:00.473+0000] {dag.py:3047} INFO - Sync 1 DAGs
[2024-06-04T07:56:00.487+0000] {logging_mixin.py:188} INFO - [2024-06-04T07:56:00.487+0000] {dag.py:3834} INFO - Setting next_dagrun for example_python_operator to None, run_after=None
[2024-06-04T07:56:00.507+0000] {processor.py:183} INFO - Processing /home/airflow/.local/lib/python3.8/site-packages/airflow/example_dags/example_python_operator.py took 0.081 seconds
[2024-06-04T07:56:31.164+0000] {processor.py:161} INFO - Started process (PID=762) to work on /home/airflow/.local/lib/python3.8/site-packages/airflow/example_dags/example_python_operator.py
[2024-06-04T07:56:31.166+0000] {processor.py:830} INFO - Processing file /home/airflow/.local/lib/python3.8/site-packages/airflow/example_dags/example_python_operator.py for tasks to queue
[2024-06-04T07:56:31.168+0000] {logging_mixin.py:188} INFO - [2024-06-04T07:56:31.167+0000] {dagbag.py:540} INFO - Filling up the DagBag from /home/airflow/.local/lib/python3.8/site-packages/airflow/example_dags/example_python_operator.py
[2024-06-04T07:56:31.180+0000] {processor.py:840} INFO - DAG(s) 'example_python_operator' retrieved from /home/airflow/.local/lib/python3.8/site-packages/airflow/example_dags/example_python_operator.py
[2024-06-04T07:56:31.206+0000] {logging_mixin.py:188} INFO - [2024-06-04T07:56:31.206+0000] {dag.py:3047} INFO - Sync 1 DAGs
[2024-06-04T07:56:31.219+0000] {logging_mixin.py:188} INFO - [2024-06-04T07:56:31.218+0000] {dag.py:3834} INFO - Setting next_dagrun for example_python_operator to None, run_after=None
[2024-06-04T07:56:31.237+0000] {processor.py:183} INFO - Processing /home/airflow/.local/lib/python3.8/site-packages/airflow/example_dags/example_python_operator.py took 0.078 seconds
[2024-06-04T07:57:01.750+0000] {processor.py:161} INFO - Started process (PID=820) to work on /home/airflow/.local/lib/python3.8/site-packages/airflow/example_dags/example_python_operator.py
[2024-06-04T07:57:01.751+0000] {processor.py:830} INFO - Processing file /home/airflow/.local/lib/python3.8/site-packages/airflow/example_dags/example_python_operator.py for tasks to queue
[2024-06-04T07:57:01.753+0000] {logging_mixin.py:188} INFO - [2024-06-04T07:57:01.752+0000] {dagbag.py:540} INFO - Filling up the DagBag from /home/airflow/.local/lib/python3.8/site-packages/airflow/example_dags/example_python_operator.py
[2024-06-04T07:57:01.764+0000] {processor.py:840} INFO - DAG(s) 'example_python_operator' retrieved from /home/airflow/.local/lib/python3.8/site-packages/airflow/example_dags/example_python_operator.py
[2024-06-04T07:57:01.795+0000] {logging_mixin.py:188} INFO - [2024-06-04T07:57:01.794+0000] {dag.py:3047} INFO - Sync 1 DAGs
[2024-06-04T07:57:01.811+0000] {logging_mixin.py:188} INFO - [2024-06-04T07:57:01.811+0000] {dag.py:3834} INFO - Setting next_dagrun for example_python_operator to None, run_after=None
[2024-06-04T07:57:01.833+0000] {processor.py:183} INFO - Processing /home/airflow/.local/lib/python3.8/site-packages/airflow/example_dags/example_python_operator.py took 0.088 seconds
[2024-06-04T07:57:32.306+0000] {processor.py:161} INFO - Started process (PID=878) to work on /home/airflow/.local/lib/python3.8/site-packages/airflow/example_dags/example_python_operator.py
[2024-06-04T07:57:32.307+0000] {processor.py:830} INFO - Processing file /home/airflow/.local/lib/python3.8/site-packages/airflow/example_dags/example_python_operator.py for tasks to queue
[2024-06-04T07:57:32.309+0000] {logging_mixin.py:188} INFO - [2024-06-04T07:57:32.309+0000] {dagbag.py:540} INFO - Filling up the DagBag from /home/airflow/.local/lib/python3.8/site-packages/airflow/example_dags/example_python_operator.py
[2024-06-04T07:57:32.322+0000] {processor.py:840} INFO - DAG(s) 'example_python_operator' retrieved from /home/airflow/.local/lib/python3.8/site-packages/airflow/example_dags/example_python_operator.py
[2024-06-04T07:57:32.346+0000] {logging_mixin.py:188} INFO - [2024-06-04T07:57:32.346+0000] {dag.py:3047} INFO - Sync 1 DAGs
[2024-06-04T07:57:32.358+0000] {logging_mixin.py:188} INFO - [2024-06-04T07:57:32.358+0000] {dag.py:3834} INFO - Setting next_dagrun for example_python_operator to None, run_after=None
[2024-06-04T07:57:32.375+0000] {processor.py:183} INFO - Processing /home/airflow/.local/lib/python3.8/site-packages/airflow/example_dags/example_python_operator.py took 0.073 seconds
[2024-06-04T07:58:02.802+0000] {processor.py:161} INFO - Started process (PID=936) to work on /home/airflow/.local/lib/python3.8/site-packages/airflow/example_dags/example_python_operator.py
[2024-06-04T07:58:02.803+0000] {processor.py:830} INFO - Processing file /home/airflow/.local/lib/python3.8/site-packages/airflow/example_dags/example_python_operator.py for tasks to queue
[2024-06-04T07:58:02.806+0000] {logging_mixin.py:188} INFO - [2024-06-04T07:58:02.805+0000] {dagbag.py:540} INFO - Filling up the DagBag from /home/airflow/.local/lib/python3.8/site-packages/airflow/example_dags/example_python_operator.py
[2024-06-04T07:58:02.819+0000] {processor.py:840} INFO - DAG(s) 'example_python_operator' retrieved from /home/airflow/.local/lib/python3.8/site-packages/airflow/example_dags/example_python_operator.py
[2024-06-04T07:58:02.846+0000] {logging_mixin.py:188} INFO - [2024-06-04T07:58:02.846+0000] {dag.py:3047} INFO - Sync 1 DAGs
[2024-06-04T07:58:02.859+0000] {logging_mixin.py:188} INFO - [2024-06-04T07:58:02.859+0000] {dag.py:3834} INFO - Setting next_dagrun for example_python_operator to None, run_after=None
[2024-06-04T07:58:02.877+0000] {processor.py:183} INFO - Processing /home/airflow/.local/lib/python3.8/site-packages/airflow/example_dags/example_python_operator.py took 0.079 seconds
[2024-06-04T07:58:33.247+0000] {processor.py:161} INFO - Started process (PID=994) to work on /home/airflow/.local/lib/python3.8/site-packages/airflow/example_dags/example_python_operator.py
[2024-06-04T07:58:33.248+0000] {processor.py:830} INFO - Processing file /home/airflow/.local/lib/python3.8/site-packages/airflow/example_dags/example_python_operator.py for tasks to queue
[2024-06-04T07:58:33.250+0000] {logging_mixin.py:188} INFO - [2024-06-04T07:58:33.250+0000] {dagbag.py:540} INFO - Filling up the DagBag from /home/airflow/.local/lib/python3.8/site-packages/airflow/example_dags/example_python_operator.py
[2024-06-04T07:58:33.263+0000] {processor.py:840} INFO - DAG(s) 'example_python_operator' retrieved from /home/airflow/.local/lib/python3.8/site-packages/airflow/example_dags/example_python_operator.py
[2024-06-04T07:58:33.289+0000] {logging_mixin.py:188} INFO - [2024-06-04T07:58:33.288+0000] {dag.py:3047} INFO - Sync 1 DAGs
[2024-06-04T07:58:33.302+0000] {logging_mixin.py:188} INFO - [2024-06-04T07:58:33.301+0000] {dag.py:3834} INFO - Setting next_dagrun for example_python_operator to None, run_after=None
[2024-06-04T07:58:33.322+0000] {processor.py:183} INFO - Processing /home/airflow/.local/lib/python3.8/site-packages/airflow/example_dags/example_python_operator.py took 0.079 seconds
[2024-06-04T07:59:04.194+0000] {processor.py:161} INFO - Started process (PID=1052) to work on /home/airflow/.local/lib/python3.8/site-packages/airflow/example_dags/example_python_operator.py
[2024-06-04T07:59:04.195+0000] {processor.py:830} INFO - Processing file /home/airflow/.local/lib/python3.8/site-packages/airflow/example_dags/example_python_operator.py for tasks to queue
[2024-06-04T07:59:04.197+0000] {logging_mixin.py:188} INFO - [2024-06-04T07:59:04.197+0000] {dagbag.py:540} INFO - Filling up the DagBag from /home/airflow/.local/lib/python3.8/site-packages/airflow/example_dags/example_python_operator.py
[2024-06-04T07:59:04.208+0000] {processor.py:840} INFO - DAG(s) 'example_python_operator' retrieved from /home/airflow/.local/lib/python3.8/site-packages/airflow/example_dags/example_python_operator.py
[2024-06-04T07:59:04.235+0000] {logging_mixin.py:188} INFO - [2024-06-04T07:59:04.234+0000] {dag.py:3047} INFO - Sync 1 DAGs
[2024-06-04T07:59:04.249+0000] {logging_mixin.py:188} INFO - [2024-06-04T07:59:04.248+0000] {dag.py:3834} INFO - Setting next_dagrun for example_python_operator to None, run_after=None
[2024-06-04T07:59:04.271+0000] {processor.py:183} INFO - Processing /home/airflow/.local/lib/python3.8/site-packages/airflow/example_dags/example_python_operator.py took 0.081 seconds
[2024-06-04T07:59:34.622+0000] {processor.py:161} INFO - Started process (PID=1111) to work on /home/airflow/.local/lib/python3.8/site-packages/airflow/example_dags/example_python_operator.py
[2024-06-04T07:59:34.623+0000] {processor.py:830} INFO - Processing file /home/airflow/.local/lib/python3.8/site-packages/airflow/example_dags/example_python_operator.py for tasks to queue
[2024-06-04T07:59:34.625+0000] {logging_mixin.py:188} INFO - [2024-06-04T07:59:34.625+0000] {dagbag.py:540} INFO - Filling up the DagBag from /home/airflow/.local/lib/python3.8/site-packages/airflow/example_dags/example_python_operator.py
[2024-06-04T07:59:34.636+0000] {processor.py:840} INFO - DAG(s) 'example_python_operator' retrieved from /home/airflow/.local/lib/python3.8/site-packages/airflow/example_dags/example_python_operator.py
[2024-06-04T07:59:34.663+0000] {logging_mixin.py:188} INFO - [2024-06-04T07:59:34.662+0000] {dag.py:3047} INFO - Sync 1 DAGs
[2024-06-04T07:59:34.676+0000] {logging_mixin.py:188} INFO - [2024-06-04T07:59:34.676+0000] {dag.py:3834} INFO - Setting next_dagrun for example_python_operator to None, run_after=None
[2024-06-04T07:59:34.712+0000] {processor.py:183} INFO - Processing /home/airflow/.local/lib/python3.8/site-packages/airflow/example_dags/example_python_operator.py took 0.093 seconds
[2024-06-04T08:00:05.529+0000] {processor.py:161} INFO - Started process (PID=1175) to work on /home/airflow/.local/lib/python3.8/site-packages/airflow/example_dags/example_python_operator.py
[2024-06-04T08:00:05.531+0000] {processor.py:830} INFO - Processing file /home/airflow/.local/lib/python3.8/site-packages/airflow/example_dags/example_python_operator.py for tasks to queue
[2024-06-04T08:00:05.533+0000] {logging_mixin.py:188} INFO - [2024-06-04T08:00:05.532+0000] {dagbag.py:540} INFO - Filling up the DagBag from /home/airflow/.local/lib/python3.8/site-packages/airflow/example_dags/example_python_operator.py
[2024-06-04T08:00:05.544+0000] {processor.py:840} INFO - DAG(s) 'example_python_operator' retrieved from /home/airflow/.local/lib/python3.8/site-packages/airflow/example_dags/example_python_operator.py
[2024-06-04T08:00:05.601+0000] {logging_mixin.py:188} INFO - [2024-06-04T08:00:05.600+0000] {dag.py:3047} INFO - Sync 1 DAGs
[2024-06-04T08:00:05.613+0000] {logging_mixin.py:188} INFO - [2024-06-04T08:00:05.613+0000] {dag.py:3834} INFO - Setting next_dagrun for example_python_operator to None, run_after=None
[2024-06-04T08:00:05.632+0000] {processor.py:183} INFO - Processing /home/airflow/.local/lib/python3.8/site-packages/airflow/example_dags/example_python_operator.py took 0.106 seconds
[2024-06-04T08:00:35.824+0000] {processor.py:161} INFO - Started process (PID=1233) to work on /home/airflow/.local/lib/python3.8/site-packages/airflow/example_dags/example_python_operator.py
[2024-06-04T08:00:35.825+0000] {processor.py:830} INFO - Processing file /home/airflow/.local/lib/python3.8/site-packages/airflow/example_dags/example_python_operator.py for tasks to queue
[2024-06-04T08:00:35.827+0000] {logging_mixin.py:188} INFO - [2024-06-04T08:00:35.827+0000] {dagbag.py:540} INFO - Filling up the DagBag from /home/airflow/.local/lib/python3.8/site-packages/airflow/example_dags/example_python_operator.py
[2024-06-04T08:00:35.838+0000] {processor.py:840} INFO - DAG(s) 'example_python_operator' retrieved from /home/airflow/.local/lib/python3.8/site-packages/airflow/example_dags/example_python_operator.py
[2024-06-04T08:00:35.864+0000] {logging_mixin.py:188} INFO - [2024-06-04T08:00:35.864+0000] {dag.py:3047} INFO - Sync 1 DAGs
[2024-06-04T08:00:35.903+0000] {logging_mixin.py:188} INFO - [2024-06-04T08:00:35.902+0000] {dag.py:3834} INFO - Setting next_dagrun for example_python_operator to None, run_after=None
[2024-06-04T08:00:35.927+0000] {processor.py:183} INFO - Processing /home/airflow/.local/lib/python3.8/site-packages/airflow/example_dags/example_python_operator.py took 0.107 seconds
[2024-06-04T08:01:06.839+0000] {processor.py:161} INFO - Started process (PID=1291) to work on /home/airflow/.local/lib/python3.8/site-packages/airflow/example_dags/example_python_operator.py
[2024-06-04T08:01:06.840+0000] {processor.py:830} INFO - Processing file /home/airflow/.local/lib/python3.8/site-packages/airflow/example_dags/example_python_operator.py for tasks to queue
[2024-06-04T08:01:06.842+0000] {logging_mixin.py:188} INFO - [2024-06-04T08:01:06.842+0000] {dagbag.py:540} INFO - Filling up the DagBag from /home/airflow/.local/lib/python3.8/site-packages/airflow/example_dags/example_python_operator.py
[2024-06-04T08:01:06.853+0000] {processor.py:840} INFO - DAG(s) 'example_python_operator' retrieved from /home/airflow/.local/lib/python3.8/site-packages/airflow/example_dags/example_python_operator.py
[2024-06-04T08:01:06.880+0000] {logging_mixin.py:188} INFO - [2024-06-04T08:01:06.880+0000] {dag.py:3047} INFO - Sync 1 DAGs
[2024-06-04T08:01:06.894+0000] {logging_mixin.py:188} INFO - [2024-06-04T08:01:06.894+0000] {dag.py:3834} INFO - Setting next_dagrun for example_python_operator to None, run_after=None
[2024-06-04T08:01:06.912+0000] {processor.py:183} INFO - Processing /home/airflow/.local/lib/python3.8/site-packages/airflow/example_dags/example_python_operator.py took 0.077 seconds
[2024-06-04T08:01:37.496+0000] {processor.py:161} INFO - Started process (PID=1349) to work on /home/airflow/.local/lib/python3.8/site-packages/airflow/example_dags/example_python_operator.py
[2024-06-04T08:01:37.497+0000] {processor.py:830} INFO - Processing file /home/airflow/.local/lib/python3.8/site-packages/airflow/example_dags/example_python_operator.py for tasks to queue
[2024-06-04T08:01:37.499+0000] {logging_mixin.py:188} INFO - [2024-06-04T08:01:37.499+0000] {dagbag.py:540} INFO - Filling up the DagBag from /home/airflow/.local/lib/python3.8/site-packages/airflow/example_dags/example_python_operator.py
[2024-06-04T08:01:37.512+0000] {processor.py:840} INFO - DAG(s) 'example_python_operator' retrieved from /home/airflow/.local/lib/python3.8/site-packages/airflow/example_dags/example_python_operator.py
[2024-06-04T08:01:37.540+0000] {logging_mixin.py:188} INFO - [2024-06-04T08:01:37.540+0000] {dag.py:3047} INFO - Sync 1 DAGs
[2024-06-04T08:01:37.554+0000] {logging_mixin.py:188} INFO - [2024-06-04T08:01:37.554+0000] {dag.py:3834} INFO - Setting next_dagrun for example_python_operator to None, run_after=None
[2024-06-04T08:01:37.576+0000] {processor.py:183} INFO - Processing /home/airflow/.local/lib/python3.8/site-packages/airflow/example_dags/example_python_operator.py took 0.084 seconds
[2024-06-04T08:02:07.646+0000] {processor.py:161} INFO - Started process (PID=1407) to work on /home/airflow/.local/lib/python3.8/site-packages/airflow/example_dags/example_python_operator.py
[2024-06-04T08:02:07.647+0000] {processor.py:830} INFO - Processing file /home/airflow/.local/lib/python3.8/site-packages/airflow/example_dags/example_python_operator.py for tasks to queue
[2024-06-04T08:02:07.650+0000] {logging_mixin.py:188} INFO - [2024-06-04T08:02:07.649+0000] {dagbag.py:540} INFO - Filling up the DagBag from /home/airflow/.local/lib/python3.8/site-packages/airflow/example_dags/example_python_operator.py
[2024-06-04T08:02:07.662+0000] {processor.py:840} INFO - DAG(s) 'example_python_operator' retrieved from /home/airflow/.local/lib/python3.8/site-packages/airflow/example_dags/example_python_operator.py
[2024-06-04T08:02:07.692+0000] {logging_mixin.py:188} INFO - [2024-06-04T08:02:07.692+0000] {dag.py:3047} INFO - Sync 1 DAGs
[2024-06-04T08:02:07.707+0000] {logging_mixin.py:188} INFO - [2024-06-04T08:02:07.706+0000] {dag.py:3834} INFO - Setting next_dagrun for example_python_operator to None, run_after=None
[2024-06-04T08:02:07.730+0000] {processor.py:183} INFO - Processing /home/airflow/.local/lib/python3.8/site-packages/airflow/example_dags/example_python_operator.py took 0.088 seconds
[2024-06-04T08:02:38.618+0000] {processor.py:161} INFO - Started process (PID=1465) to work on /home/airflow/.local/lib/python3.8/site-packages/airflow/example_dags/example_python_operator.py
[2024-06-04T08:02:38.619+0000] {processor.py:830} INFO - Processing file /home/airflow/.local/lib/python3.8/site-packages/airflow/example_dags/example_python_operator.py for tasks to queue
[2024-06-04T08:02:38.621+0000] {logging_mixin.py:188} INFO - [2024-06-04T08:02:38.621+0000] {dagbag.py:540} INFO - Filling up the DagBag from /home/airflow/.local/lib/python3.8/site-packages/airflow/example_dags/example_python_operator.py
[2024-06-04T08:02:38.635+0000] {processor.py:840} INFO - DAG(s) 'example_python_operator' retrieved from /home/airflow/.local/lib/python3.8/site-packages/airflow/example_dags/example_python_operator.py
[2024-06-04T08:02:38.665+0000] {logging_mixin.py:188} INFO - [2024-06-04T08:02:38.665+0000] {dag.py:3047} INFO - Sync 1 DAGs
[2024-06-04T08:02:38.679+0000] {logging_mixin.py:188} INFO - [2024-06-04T08:02:38.679+0000] {dag.py:3834} INFO - Setting next_dagrun for example_python_operator to None, run_after=None
[2024-06-04T08:02:38.699+0000] {processor.py:183} INFO - Processing /home/airflow/.local/lib/python3.8/site-packages/airflow/example_dags/example_python_operator.py took 0.085 seconds
[2024-06-04T08:03:08.765+0000] {processor.py:161} INFO - Started process (PID=1522) to work on /home/airflow/.local/lib/python3.8/site-packages/airflow/example_dags/example_python_operator.py
[2024-06-04T08:03:08.766+0000] {processor.py:830} INFO - Processing file /home/airflow/.local/lib/python3.8/site-packages/airflow/example_dags/example_python_operator.py for tasks to queue
[2024-06-04T08:03:08.768+0000] {logging_mixin.py:188} INFO - [2024-06-04T08:03:08.767+0000] {dagbag.py:540} INFO - Filling up the DagBag from /home/airflow/.local/lib/python3.8/site-packages/airflow/example_dags/example_python_operator.py
[2024-06-04T08:03:08.780+0000] {processor.py:840} INFO - DAG(s) 'example_python_operator' retrieved from /home/airflow/.local/lib/python3.8/site-packages/airflow/example_dags/example_python_operator.py
[2024-06-04T08:03:08.821+0000] {logging_mixin.py:188} INFO - [2024-06-04T08:03:08.820+0000] {dag.py:3047} INFO - Sync 1 DAGs
[2024-06-04T08:03:08.841+0000] {logging_mixin.py:188} INFO - [2024-06-04T08:03:08.840+0000] {dag.py:3834} INFO - Setting next_dagrun for example_python_operator to None, run_after=None
[2024-06-04T08:03:08.860+0000] {processor.py:183} INFO - Processing /home/airflow/.local/lib/python3.8/site-packages/airflow/example_dags/example_python_operator.py took 0.100 seconds
[2024-06-04T08:03:39.005+0000] {processor.py:161} INFO - Started process (PID=1580) to work on /home/airflow/.local/lib/python3.8/site-packages/airflow/example_dags/example_python_operator.py
[2024-06-04T08:03:39.006+0000] {processor.py:830} INFO - Processing file /home/airflow/.local/lib/python3.8/site-packages/airflow/example_dags/example_python_operator.py for tasks to queue
[2024-06-04T08:03:39.008+0000] {logging_mixin.py:188} INFO - [2024-06-04T08:03:39.008+0000] {dagbag.py:540} INFO - Filling up the DagBag from /home/airflow/.local/lib/python3.8/site-packages/airflow/example_dags/example_python_operator.py
[2024-06-04T08:03:39.020+0000] {processor.py:840} INFO - DAG(s) 'example_python_operator' retrieved from /home/airflow/.local/lib/python3.8/site-packages/airflow/example_dags/example_python_operator.py
[2024-06-04T08:03:39.048+0000] {logging_mixin.py:188} INFO - [2024-06-04T08:03:39.048+0000] {dag.py:3047} INFO - Sync 1 DAGs
[2024-06-04T08:03:39.061+0000] {logging_mixin.py:188} INFO - [2024-06-04T08:03:39.061+0000] {dag.py:3834} INFO - Setting next_dagrun for example_python_operator to None, run_after=None
[2024-06-04T08:03:39.078+0000] {processor.py:183} INFO - Processing /home/airflow/.local/lib/python3.8/site-packages/airflow/example_dags/example_python_operator.py took 0.077 seconds
[2024-06-04T08:04:09.528+0000] {processor.py:161} INFO - Started process (PID=1638) to work on /home/airflow/.local/lib/python3.8/site-packages/airflow/example_dags/example_python_operator.py
[2024-06-04T08:04:09.530+0000] {processor.py:830} INFO - Processing file /home/airflow/.local/lib/python3.8/site-packages/airflow/example_dags/example_python_operator.py for tasks to queue
[2024-06-04T08:04:09.532+0000] {logging_mixin.py:188} INFO - [2024-06-04T08:04:09.531+0000] {dagbag.py:540} INFO - Filling up the DagBag from /home/airflow/.local/lib/python3.8/site-packages/airflow/example_dags/example_python_operator.py
[2024-06-04T08:04:09.543+0000] {processor.py:840} INFO - DAG(s) 'example_python_operator' retrieved from /home/airflow/.local/lib/python3.8/site-packages/airflow/example_dags/example_python_operator.py
[2024-06-04T08:04:09.569+0000] {logging_mixin.py:188} INFO - [2024-06-04T08:04:09.569+0000] {dag.py:3047} INFO - Sync 1 DAGs
[2024-06-04T08:04:09.582+0000] {logging_mixin.py:188} INFO - [2024-06-04T08:04:09.582+0000] {dag.py:3834} INFO - Setting next_dagrun for example_python_operator to None, run_after=None
[2024-06-04T08:04:09.600+0000] {processor.py:183} INFO - Processing /home/airflow/.local/lib/python3.8/site-packages/airflow/example_dags/example_python_operator.py took 0.076 seconds
[2024-06-04T08:04:39.908+0000] {processor.py:161} INFO - Started process (PID=1696) to work on /home/airflow/.local/lib/python3.8/site-packages/airflow/example_dags/example_python_operator.py
[2024-06-04T08:04:39.909+0000] {processor.py:830} INFO - Processing file /home/airflow/.local/lib/python3.8/site-packages/airflow/example_dags/example_python_operator.py for tasks to queue
[2024-06-04T08:04:39.911+0000] {logging_mixin.py:188} INFO - [2024-06-04T08:04:39.910+0000] {dagbag.py:540} INFO - Filling up the DagBag from /home/airflow/.local/lib/python3.8/site-packages/airflow/example_dags/example_python_operator.py
[2024-06-04T08:04:39.923+0000] {processor.py:840} INFO - DAG(s) 'example_python_operator' retrieved from /home/airflow/.local/lib/python3.8/site-packages/airflow/example_dags/example_python_operator.py
[2024-06-04T08:04:39.951+0000] {logging_mixin.py:188} INFO - [2024-06-04T08:04:39.951+0000] {dag.py:3047} INFO - Sync 1 DAGs
[2024-06-04T08:04:39.965+0000] {logging_mixin.py:188} INFO - [2024-06-04T08:04:39.965+0000] {dag.py:3834} INFO - Setting next_dagrun for example_python_operator to None, run_after=None
[2024-06-04T08:04:39.985+0000] {processor.py:183} INFO - Processing /home/airflow/.local/lib/python3.8/site-packages/airflow/example_dags/example_python_operator.py took 0.081 seconds
[2024-06-04T08:05:10.334+0000] {processor.py:161} INFO - Started process (PID=1754) to work on /home/airflow/.local/lib/python3.8/site-packages/airflow/example_dags/example_python_operator.py
[2024-06-04T08:05:10.336+0000] {processor.py:830} INFO - Processing file /home/airflow/.local/lib/python3.8/site-packages/airflow/example_dags/example_python_operator.py for tasks to queue
[2024-06-04T08:05:10.338+0000] {logging_mixin.py:188} INFO - [2024-06-04T08:05:10.337+0000] {dagbag.py:540} INFO - Filling up the DagBag from /home/airflow/.local/lib/python3.8/site-packages/airflow/example_dags/example_python_operator.py
[2024-06-04T08:05:10.349+0000] {processor.py:840} INFO - DAG(s) 'example_python_operator' retrieved from /home/airflow/.local/lib/python3.8/site-packages/airflow/example_dags/example_python_operator.py
[2024-06-04T08:05:10.376+0000] {logging_mixin.py:188} INFO - [2024-06-04T08:05:10.376+0000] {dag.py:3047} INFO - Sync 1 DAGs
[2024-06-04T08:05:10.389+0000] {logging_mixin.py:188} INFO - [2024-06-04T08:05:10.389+0000] {dag.py:3834} INFO - Setting next_dagrun for example_python_operator to None, run_after=None
[2024-06-04T08:05:10.410+0000] {processor.py:183} INFO - Processing /home/airflow/.local/lib/python3.8/site-packages/airflow/example_dags/example_python_operator.py took 0.080 seconds
[2024-06-04T08:05:40.643+0000] {processor.py:161} INFO - Started process (PID=1812) to work on /home/airflow/.local/lib/python3.8/site-packages/airflow/example_dags/example_python_operator.py
[2024-06-04T08:05:40.644+0000] {processor.py:830} INFO - Processing file /home/airflow/.local/lib/python3.8/site-packages/airflow/example_dags/example_python_operator.py for tasks to queue
[2024-06-04T08:05:40.646+0000] {logging_mixin.py:188} INFO - [2024-06-04T08:05:40.646+0000] {dagbag.py:540} INFO - Filling up the DagBag from /home/airflow/.local/lib/python3.8/site-packages/airflow/example_dags/example_python_operator.py
[2024-06-04T08:05:40.657+0000] {processor.py:840} INFO - DAG(s) 'example_python_operator' retrieved from /home/airflow/.local/lib/python3.8/site-packages/airflow/example_dags/example_python_operator.py
[2024-06-04T08:05:40.683+0000] {logging_mixin.py:188} INFO - [2024-06-04T08:05:40.682+0000] {dag.py:3047} INFO - Sync 1 DAGs
[2024-06-04T08:05:40.696+0000] {logging_mixin.py:188} INFO - [2024-06-04T08:05:40.696+0000] {dag.py:3834} INFO - Setting next_dagrun for example_python_operator to None, run_after=None
[2024-06-04T08:05:40.717+0000] {processor.py:183} INFO - Processing /home/airflow/.local/lib/python3.8/site-packages/airflow/example_dags/example_python_operator.py took 0.078 seconds
[2024-06-04T08:06:11.551+0000] {processor.py:161} INFO - Started process (PID=1870) to work on /home/airflow/.local/lib/python3.8/site-packages/airflow/example_dags/example_python_operator.py
[2024-06-04T08:06:11.552+0000] {processor.py:830} INFO - Processing file /home/airflow/.local/lib/python3.8/site-packages/airflow/example_dags/example_python_operator.py for tasks to queue
[2024-06-04T08:06:11.555+0000] {logging_mixin.py:188} INFO - [2024-06-04T08:06:11.554+0000] {dagbag.py:540} INFO - Filling up the DagBag from /home/airflow/.local/lib/python3.8/site-packages/airflow/example_dags/example_python_operator.py
[2024-06-04T08:06:11.568+0000] {processor.py:840} INFO - DAG(s) 'example_python_operator' retrieved from /home/airflow/.local/lib/python3.8/site-packages/airflow/example_dags/example_python_operator.py
[2024-06-04T08:06:11.597+0000] {logging_mixin.py:188} INFO - [2024-06-04T08:06:11.597+0000] {dag.py:3047} INFO - Sync 1 DAGs
[2024-06-04T08:06:11.613+0000] {logging_mixin.py:188} INFO - [2024-06-04T08:06:11.613+0000] {dag.py:3834} INFO - Setting next_dagrun for example_python_operator to None, run_after=None
[2024-06-04T08:06:11.639+0000] {processor.py:183} INFO - Processing /home/airflow/.local/lib/python3.8/site-packages/airflow/example_dags/example_python_operator.py took 0.092 seconds
[2024-06-04T08:06:42.125+0000] {processor.py:161} INFO - Started process (PID=1928) to work on /home/airflow/.local/lib/python3.8/site-packages/airflow/example_dags/example_python_operator.py
[2024-06-04T08:06:42.126+0000] {processor.py:830} INFO - Processing file /home/airflow/.local/lib/python3.8/site-packages/airflow/example_dags/example_python_operator.py for tasks to queue
[2024-06-04T08:06:42.129+0000] {logging_mixin.py:188} INFO - [2024-06-04T08:06:42.128+0000] {dagbag.py:540} INFO - Filling up the DagBag from /home/airflow/.local/lib/python3.8/site-packages/airflow/example_dags/example_python_operator.py
[2024-06-04T08:06:42.143+0000] {processor.py:840} INFO - DAG(s) 'example_python_operator' retrieved from /home/airflow/.local/lib/python3.8/site-packages/airflow/example_dags/example_python_operator.py
[2024-06-04T08:06:42.201+0000] {logging_mixin.py:188} INFO - [2024-06-04T08:06:42.201+0000] {dag.py:3047} INFO - Sync 1 DAGs
[2024-06-04T08:06:42.219+0000] {logging_mixin.py:188} INFO - [2024-06-04T08:06:42.218+0000] {dag.py:3834} INFO - Setting next_dagrun for example_python_operator to None, run_after=None
[2024-06-04T08:06:42.246+0000] {processor.py:183} INFO - Processing /home/airflow/.local/lib/python3.8/site-packages/airflow/example_dags/example_python_operator.py took 0.126 seconds
[2024-06-04T08:07:12.774+0000] {processor.py:161} INFO - Started process (PID=1986) to work on /home/airflow/.local/lib/python3.8/site-packages/airflow/example_dags/example_python_operator.py
[2024-06-04T08:07:12.775+0000] {processor.py:830} INFO - Processing file /home/airflow/.local/lib/python3.8/site-packages/airflow/example_dags/example_python_operator.py for tasks to queue
[2024-06-04T08:07:12.777+0000] {logging_mixin.py:188} INFO - [2024-06-04T08:07:12.777+0000] {dagbag.py:540} INFO - Filling up the DagBag from /home/airflow/.local/lib/python3.8/site-packages/airflow/example_dags/example_python_operator.py
[2024-06-04T08:07:12.788+0000] {processor.py:840} INFO - DAG(s) 'example_python_operator' retrieved from /home/airflow/.local/lib/python3.8/site-packages/airflow/example_dags/example_python_operator.py
[2024-06-04T08:07:12.821+0000] {logging_mixin.py:188} INFO - [2024-06-04T08:07:12.820+0000] {dag.py:3047} INFO - Sync 1 DAGs
[2024-06-04T08:07:12.837+0000] {logging_mixin.py:188} INFO - [2024-06-04T08:07:12.837+0000] {dag.py:3834} INFO - Setting next_dagrun for example_python_operator to None, run_after=None
[2024-06-04T08:07:12.863+0000] {processor.py:183} INFO - Processing /home/airflow/.local/lib/python3.8/site-packages/airflow/example_dags/example_python_operator.py took 0.093 seconds
[2024-06-04T08:07:43.736+0000] {processor.py:161} INFO - Started process (PID=2044) to work on /home/airflow/.local/lib/python3.8/site-packages/airflow/example_dags/example_python_operator.py
[2024-06-04T08:07:43.737+0000] {processor.py:830} INFO - Processing file /home/airflow/.local/lib/python3.8/site-packages/airflow/example_dags/example_python_operator.py for tasks to queue
[2024-06-04T08:07:43.740+0000] {logging_mixin.py:188} INFO - [2024-06-04T08:07:43.739+0000] {dagbag.py:540} INFO - Filling up the DagBag from /home/airflow/.local/lib/python3.8/site-packages/airflow/example_dags/example_python_operator.py
[2024-06-04T08:07:43.754+0000] {processor.py:840} INFO - DAG(s) 'example_python_operator' retrieved from /home/airflow/.local/lib/python3.8/site-packages/airflow/example_dags/example_python_operator.py
[2024-06-04T08:07:43.802+0000] {logging_mixin.py:188} INFO - [2024-06-04T08:07:43.801+0000] {dag.py:3047} INFO - Sync 1 DAGs
[2024-06-04T08:07:44.147+0000] {logging_mixin.py:188} INFO - [2024-06-04T08:07:44.147+0000] {dag.py:3834} INFO - Setting next_dagrun for example_python_operator to None, run_after=None
[2024-06-04T08:07:44.209+0000] {processor.py:183} INFO - Processing /home/airflow/.local/lib/python3.8/site-packages/airflow/example_dags/example_python_operator.py took 0.477 seconds
[2024-06-04T08:08:14.603+0000] {processor.py:161} INFO - Started process (PID=2102) to work on /home/airflow/.local/lib/python3.8/site-packages/airflow/example_dags/example_python_operator.py
[2024-06-04T08:08:14.604+0000] {processor.py:830} INFO - Processing file /home/airflow/.local/lib/python3.8/site-packages/airflow/example_dags/example_python_operator.py for tasks to queue
[2024-06-04T08:08:14.606+0000] {logging_mixin.py:188} INFO - [2024-06-04T08:08:14.606+0000] {dagbag.py:540} INFO - Filling up the DagBag from /home/airflow/.local/lib/python3.8/site-packages/airflow/example_dags/example_python_operator.py
[2024-06-04T08:08:14.620+0000] {processor.py:840} INFO - DAG(s) 'example_python_operator' retrieved from /home/airflow/.local/lib/python3.8/site-packages/airflow/example_dags/example_python_operator.py
[2024-06-04T08:08:14.652+0000] {logging_mixin.py:188} INFO - [2024-06-04T08:08:14.652+0000] {dag.py:3047} INFO - Sync 1 DAGs
[2024-06-04T08:08:14.669+0000] {logging_mixin.py:188} INFO - [2024-06-04T08:08:14.669+0000] {dag.py:3834} INFO - Setting next_dagrun for example_python_operator to None, run_after=None
[2024-06-04T08:08:14.958+0000] {processor.py:183} INFO - Processing /home/airflow/.local/lib/python3.8/site-packages/airflow/example_dags/example_python_operator.py took 0.359 seconds
[2024-06-04T08:08:45.705+0000] {processor.py:161} INFO - Started process (PID=2159) to work on /home/airflow/.local/lib/python3.8/site-packages/airflow/example_dags/example_python_operator.py
[2024-06-04T08:08:45.706+0000] {processor.py:830} INFO - Processing file /home/airflow/.local/lib/python3.8/site-packages/airflow/example_dags/example_python_operator.py for tasks to queue
[2024-06-04T08:08:45.708+0000] {logging_mixin.py:188} INFO - [2024-06-04T08:08:45.708+0000] {dagbag.py:540} INFO - Filling up the DagBag from /home/airflow/.local/lib/python3.8/site-packages/airflow/example_dags/example_python_operator.py
[2024-06-04T08:08:45.721+0000] {processor.py:840} INFO - DAG(s) 'example_python_operator' retrieved from /home/airflow/.local/lib/python3.8/site-packages/airflow/example_dags/example_python_operator.py
[2024-06-04T08:08:45.754+0000] {logging_mixin.py:188} INFO - [2024-06-04T08:08:45.754+0000] {dag.py:3047} INFO - Sync 1 DAGs
[2024-06-04T08:08:45.769+0000] {logging_mixin.py:188} INFO - [2024-06-04T08:08:45.769+0000] {dag.py:3834} INFO - Setting next_dagrun for example_python_operator to None, run_after=None
[2024-06-04T08:08:45.791+0000] {processor.py:183} INFO - Processing /home/airflow/.local/lib/python3.8/site-packages/airflow/example_dags/example_python_operator.py took 0.091 seconds
[2024-06-04T08:09:16.131+0000] {processor.py:161} INFO - Started process (PID=2217) to work on /home/airflow/.local/lib/python3.8/site-packages/airflow/example_dags/example_python_operator.py
[2024-06-04T08:09:16.133+0000] {processor.py:830} INFO - Processing file /home/airflow/.local/lib/python3.8/site-packages/airflow/example_dags/example_python_operator.py for tasks to queue
[2024-06-04T08:09:16.135+0000] {logging_mixin.py:188} INFO - [2024-06-04T08:09:16.134+0000] {dagbag.py:540} INFO - Filling up the DagBag from /home/airflow/.local/lib/python3.8/site-packages/airflow/example_dags/example_python_operator.py
[2024-06-04T08:09:16.147+0000] {processor.py:840} INFO - DAG(s) 'example_python_operator' retrieved from /home/airflow/.local/lib/python3.8/site-packages/airflow/example_dags/example_python_operator.py
[2024-06-04T08:09:16.175+0000] {logging_mixin.py:188} INFO - [2024-06-04T08:09:16.175+0000] {dag.py:3047} INFO - Sync 1 DAGs
[2024-06-04T08:09:16.190+0000] {logging_mixin.py:188} INFO - [2024-06-04T08:09:16.190+0000] {dag.py:3834} INFO - Setting next_dagrun for example_python_operator to None, run_after=None
[2024-06-04T08:09:16.216+0000] {processor.py:183} INFO - Processing /home/airflow/.local/lib/python3.8/site-packages/airflow/example_dags/example_python_operator.py took 0.090 seconds
[2024-06-04T08:09:46.747+0000] {processor.py:161} INFO - Started process (PID=2275) to work on /home/airflow/.local/lib/python3.8/site-packages/airflow/example_dags/example_python_operator.py
[2024-06-04T08:09:46.749+0000] {processor.py:830} INFO - Processing file /home/airflow/.local/lib/python3.8/site-packages/airflow/example_dags/example_python_operator.py for tasks to queue
[2024-06-04T08:09:46.751+0000] {logging_mixin.py:188} INFO - [2024-06-04T08:09:46.751+0000] {dagbag.py:540} INFO - Filling up the DagBag from /home/airflow/.local/lib/python3.8/site-packages/airflow/example_dags/example_python_operator.py
[2024-06-04T08:09:46.766+0000] {processor.py:840} INFO - DAG(s) 'example_python_operator' retrieved from /home/airflow/.local/lib/python3.8/site-packages/airflow/example_dags/example_python_operator.py
[2024-06-04T08:09:46.798+0000] {logging_mixin.py:188} INFO - [2024-06-04T08:09:46.798+0000] {dag.py:3047} INFO - Sync 1 DAGs
[2024-06-04T08:09:46.816+0000] {logging_mixin.py:188} INFO - [2024-06-04T08:09:46.816+0000] {dag.py:3834} INFO - Setting next_dagrun for example_python_operator to None, run_after=None
[2024-06-04T08:09:46.844+0000] {processor.py:183} INFO - Processing /home/airflow/.local/lib/python3.8/site-packages/airflow/example_dags/example_python_operator.py took 0.101 seconds
[2024-06-04T08:10:17.207+0000] {processor.py:161} INFO - Started process (PID=2333) to work on /home/airflow/.local/lib/python3.8/site-packages/airflow/example_dags/example_python_operator.py
[2024-06-04T08:10:17.209+0000] {processor.py:830} INFO - Processing file /home/airflow/.local/lib/python3.8/site-packages/airflow/example_dags/example_python_operator.py for tasks to queue
[2024-06-04T08:10:17.211+0000] {logging_mixin.py:188} INFO - [2024-06-04T08:10:17.211+0000] {dagbag.py:540} INFO - Filling up the DagBag from /home/airflow/.local/lib/python3.8/site-packages/airflow/example_dags/example_python_operator.py
[2024-06-04T08:10:17.223+0000] {processor.py:840} INFO - DAG(s) 'example_python_operator' retrieved from /home/airflow/.local/lib/python3.8/site-packages/airflow/example_dags/example_python_operator.py
[2024-06-04T08:10:17.251+0000] {logging_mixin.py:188} INFO - [2024-06-04T08:10:17.251+0000] {dag.py:3047} INFO - Sync 1 DAGs
[2024-06-04T08:10:17.264+0000] {logging_mixin.py:188} INFO - [2024-06-04T08:10:17.263+0000] {dag.py:3834} INFO - Setting next_dagrun for example_python_operator to None, run_after=None
[2024-06-04T08:10:17.282+0000] {processor.py:183} INFO - Processing /home/airflow/.local/lib/python3.8/site-packages/airflow/example_dags/example_python_operator.py took 0.078 seconds
[2024-06-04T08:10:47.703+0000] {processor.py:161} INFO - Started process (PID=2391) to work on /home/airflow/.local/lib/python3.8/site-packages/airflow/example_dags/example_python_operator.py
[2024-06-04T08:10:47.705+0000] {processor.py:830} INFO - Processing file /home/airflow/.local/lib/python3.8/site-packages/airflow/example_dags/example_python_operator.py for tasks to queue
[2024-06-04T08:10:47.707+0000] {logging_mixin.py:188} INFO - [2024-06-04T08:10:47.706+0000] {dagbag.py:540} INFO - Filling up the DagBag from /home/airflow/.local/lib/python3.8/site-packages/airflow/example_dags/example_python_operator.py
[2024-06-04T08:10:47.719+0000] {processor.py:840} INFO - DAG(s) 'example_python_operator' retrieved from /home/airflow/.local/lib/python3.8/site-packages/airflow/example_dags/example_python_operator.py
[2024-06-04T08:10:47.750+0000] {logging_mixin.py:188} INFO - [2024-06-04T08:10:47.750+0000] {dag.py:3047} INFO - Sync 1 DAGs
[2024-06-04T08:10:47.766+0000] {logging_mixin.py:188} INFO - [2024-06-04T08:10:47.766+0000] {dag.py:3834} INFO - Setting next_dagrun for example_python_operator to None, run_after=None
[2024-06-04T08:10:47.786+0000] {processor.py:183} INFO - Processing /home/airflow/.local/lib/python3.8/site-packages/airflow/example_dags/example_python_operator.py took 0.086 seconds
[2024-06-04T08:11:17.912+0000] {processor.py:161} INFO - Started process (PID=2450) to work on /home/airflow/.local/lib/python3.8/site-packages/airflow/example_dags/example_python_operator.py
[2024-06-04T08:11:17.914+0000] {processor.py:830} INFO - Processing file /home/airflow/.local/lib/python3.8/site-packages/airflow/example_dags/example_python_operator.py for tasks to queue
[2024-06-04T08:11:17.916+0000] {logging_mixin.py:188} INFO - [2024-06-04T08:11:17.915+0000] {dagbag.py:540} INFO - Filling up the DagBag from /home/airflow/.local/lib/python3.8/site-packages/airflow/example_dags/example_python_operator.py
[2024-06-04T08:11:17.931+0000] {processor.py:840} INFO - DAG(s) 'example_python_operator' retrieved from /home/airflow/.local/lib/python3.8/site-packages/airflow/example_dags/example_python_operator.py
[2024-06-04T08:11:17.963+0000] {logging_mixin.py:188} INFO - [2024-06-04T08:11:17.962+0000] {dag.py:3047} INFO - Sync 1 DAGs
[2024-06-04T08:11:17.977+0000] {logging_mixin.py:188} INFO - [2024-06-04T08:11:17.977+0000] {dag.py:3834} INFO - Setting next_dagrun for example_python_operator to None, run_after=None
[2024-06-04T08:11:18.009+0000] {processor.py:183} INFO - Processing /home/airflow/.local/lib/python3.8/site-packages/airflow/example_dags/example_python_operator.py took 0.100 seconds
[2024-06-04T08:11:48.062+0000] {processor.py:161} INFO - Started process (PID=2509) to work on /home/airflow/.local/lib/python3.8/site-packages/airflow/example_dags/example_python_operator.py
[2024-06-04T08:11:48.063+0000] {processor.py:830} INFO - Processing file /home/airflow/.local/lib/python3.8/site-packages/airflow/example_dags/example_python_operator.py for tasks to queue
[2024-06-04T08:11:48.065+0000] {logging_mixin.py:188} INFO - [2024-06-04T08:11:48.065+0000] {dagbag.py:540} INFO - Filling up the DagBag from /home/airflow/.local/lib/python3.8/site-packages/airflow/example_dags/example_python_operator.py
[2024-06-04T08:11:48.076+0000] {processor.py:840} INFO - DAG(s) 'example_python_operator' retrieved from /home/airflow/.local/lib/python3.8/site-packages/airflow/example_dags/example_python_operator.py
[2024-06-04T08:11:48.109+0000] {logging_mixin.py:188} INFO - [2024-06-04T08:11:48.108+0000] {dag.py:3047} INFO - Sync 1 DAGs
[2024-06-04T08:11:48.127+0000] {logging_mixin.py:188} INFO - [2024-06-04T08:11:48.126+0000] {dag.py:3834} INFO - Setting next_dagrun for example_python_operator to None, run_after=None
[2024-06-04T08:11:48.152+0000] {processor.py:183} INFO - Processing /home/airflow/.local/lib/python3.8/site-packages/airflow/example_dags/example_python_operator.py took 0.094 seconds
[2024-06-04T08:12:18.913+0000] {processor.py:161} INFO - Started process (PID=2568) to work on /home/airflow/.local/lib/python3.8/site-packages/airflow/example_dags/example_python_operator.py
[2024-06-04T08:12:18.914+0000] {processor.py:830} INFO - Processing file /home/airflow/.local/lib/python3.8/site-packages/airflow/example_dags/example_python_operator.py for tasks to queue
[2024-06-04T08:12:18.917+0000] {logging_mixin.py:188} INFO - [2024-06-04T08:12:18.916+0000] {dagbag.py:540} INFO - Filling up the DagBag from /home/airflow/.local/lib/python3.8/site-packages/airflow/example_dags/example_python_operator.py
[2024-06-04T08:12:18.931+0000] {processor.py:840} INFO - DAG(s) 'example_python_operator' retrieved from /home/airflow/.local/lib/python3.8/site-packages/airflow/example_dags/example_python_operator.py
[2024-06-04T08:12:18.965+0000] {logging_mixin.py:188} INFO - [2024-06-04T08:12:18.965+0000] {dag.py:3047} INFO - Sync 1 DAGs
[2024-06-04T08:12:18.982+0000] {logging_mixin.py:188} INFO - [2024-06-04T08:12:18.982+0000] {dag.py:3834} INFO - Setting next_dagrun for example_python_operator to None, run_after=None
[2024-06-04T08:12:19.024+0000] {processor.py:183} INFO - Processing /home/airflow/.local/lib/python3.8/site-packages/airflow/example_dags/example_python_operator.py took 0.115 seconds
[2024-06-04T08:12:49.325+0000] {processor.py:161} INFO - Started process (PID=2627) to work on /home/airflow/.local/lib/python3.8/site-packages/airflow/example_dags/example_python_operator.py
[2024-06-04T08:12:49.327+0000] {processor.py:830} INFO - Processing file /home/airflow/.local/lib/python3.8/site-packages/airflow/example_dags/example_python_operator.py for tasks to queue
[2024-06-04T08:12:49.330+0000] {logging_mixin.py:188} INFO - [2024-06-04T08:12:49.329+0000] {dagbag.py:540} INFO - Filling up the DagBag from /home/airflow/.local/lib/python3.8/site-packages/airflow/example_dags/example_python_operator.py
[2024-06-04T08:12:49.347+0000] {processor.py:840} INFO - DAG(s) 'example_python_operator' retrieved from /home/airflow/.local/lib/python3.8/site-packages/airflow/example_dags/example_python_operator.py
[2024-06-04T08:12:49.428+0000] {logging_mixin.py:188} INFO - [2024-06-04T08:12:49.428+0000] {dag.py:3047} INFO - Sync 1 DAGs
[2024-06-04T08:12:49.445+0000] {logging_mixin.py:188} INFO - [2024-06-04T08:12:49.445+0000] {dag.py:3834} INFO - Setting next_dagrun for example_python_operator to None, run_after=None
[2024-06-04T08:12:49.511+0000] {processor.py:183} INFO - Processing /home/airflow/.local/lib/python3.8/site-packages/airflow/example_dags/example_python_operator.py took 0.191 seconds
[2024-06-04T08:13:19.624+0000] {processor.py:161} INFO - Started process (PID=2685) to work on /home/airflow/.local/lib/python3.8/site-packages/airflow/example_dags/example_python_operator.py
[2024-06-04T08:13:19.626+0000] {processor.py:830} INFO - Processing file /home/airflow/.local/lib/python3.8/site-packages/airflow/example_dags/example_python_operator.py for tasks to queue
[2024-06-04T08:13:19.628+0000] {logging_mixin.py:188} INFO - [2024-06-04T08:13:19.627+0000] {dagbag.py:540} INFO - Filling up the DagBag from /home/airflow/.local/lib/python3.8/site-packages/airflow/example_dags/example_python_operator.py
[2024-06-04T08:13:19.644+0000] {processor.py:840} INFO - DAG(s) 'example_python_operator' retrieved from /home/airflow/.local/lib/python3.8/site-packages/airflow/example_dags/example_python_operator.py
[2024-06-04T08:13:19.681+0000] {logging_mixin.py:188} INFO - [2024-06-04T08:13:19.681+0000] {dag.py:3047} INFO - Sync 1 DAGs
[2024-06-04T08:13:19.698+0000] {logging_mixin.py:188} INFO - [2024-06-04T08:13:19.698+0000] {dag.py:3834} INFO - Setting next_dagrun for example_python_operator to None, run_after=None
[2024-06-04T08:13:19.731+0000] {processor.py:183} INFO - Processing /home/airflow/.local/lib/python3.8/site-packages/airflow/example_dags/example_python_operator.py took 0.112 seconds
[2024-06-04T08:13:50.702+0000] {processor.py:161} INFO - Started process (PID=2744) to work on /home/airflow/.local/lib/python3.8/site-packages/airflow/example_dags/example_python_operator.py
[2024-06-04T08:13:50.703+0000] {processor.py:830} INFO - Processing file /home/airflow/.local/lib/python3.8/site-packages/airflow/example_dags/example_python_operator.py for tasks to queue
[2024-06-04T08:13:50.706+0000] {logging_mixin.py:188} INFO - [2024-06-04T08:13:50.705+0000] {dagbag.py:540} INFO - Filling up the DagBag from /home/airflow/.local/lib/python3.8/site-packages/airflow/example_dags/example_python_operator.py
[2024-06-04T08:13:50.721+0000] {processor.py:840} INFO - DAG(s) 'example_python_operator' retrieved from /home/airflow/.local/lib/python3.8/site-packages/airflow/example_dags/example_python_operator.py
[2024-06-04T08:13:50.741+0000] {logging_mixin.py:188} INFO - [2024-06-04T08:13:50.740+0000] {dag.py:3047} INFO - Sync 1 DAGs
[2024-06-04T08:13:50.762+0000] {logging_mixin.py:188} INFO - [2024-06-04T08:13:50.762+0000] {dag.py:3834} INFO - Setting next_dagrun for example_python_operator to None, run_after=None
[2024-06-04T08:13:50.829+0000] {processor.py:183} INFO - Processing /home/airflow/.local/lib/python3.8/site-packages/airflow/example_dags/example_python_operator.py took 0.169 seconds
[2024-06-04T08:14:21.464+0000] {processor.py:161} INFO - Started process (PID=2803) to work on /home/airflow/.local/lib/python3.8/site-packages/airflow/example_dags/example_python_operator.py
[2024-06-04T08:14:21.466+0000] {processor.py:830} INFO - Processing file /home/airflow/.local/lib/python3.8/site-packages/airflow/example_dags/example_python_operator.py for tasks to queue
[2024-06-04T08:14:21.468+0000] {logging_mixin.py:188} INFO - [2024-06-04T08:14:21.467+0000] {dagbag.py:540} INFO - Filling up the DagBag from /home/airflow/.local/lib/python3.8/site-packages/airflow/example_dags/example_python_operator.py
[2024-06-04T08:14:21.480+0000] {processor.py:840} INFO - DAG(s) 'example_python_operator' retrieved from /home/airflow/.local/lib/python3.8/site-packages/airflow/example_dags/example_python_operator.py
[2024-06-04T08:14:21.641+0000] {logging_mixin.py:188} INFO - [2024-06-04T08:14:21.641+0000] {dag.py:3047} INFO - Sync 1 DAGs
[2024-06-04T08:14:21.658+0000] {logging_mixin.py:188} INFO - [2024-06-04T08:14:21.658+0000] {dag.py:3834} INFO - Setting next_dagrun for example_python_operator to None, run_after=None
[2024-06-04T08:14:21.683+0000] {processor.py:183} INFO - Processing /home/airflow/.local/lib/python3.8/site-packages/airflow/example_dags/example_python_operator.py took 0.223 seconds
[2024-06-04T08:14:51.807+0000] {processor.py:161} INFO - Started process (PID=2862) to work on /home/airflow/.local/lib/python3.8/site-packages/airflow/example_dags/example_python_operator.py
[2024-06-04T08:14:51.808+0000] {processor.py:830} INFO - Processing file /home/airflow/.local/lib/python3.8/site-packages/airflow/example_dags/example_python_operator.py for tasks to queue
[2024-06-04T08:14:51.810+0000] {logging_mixin.py:188} INFO - [2024-06-04T08:14:51.810+0000] {dagbag.py:540} INFO - Filling up the DagBag from /home/airflow/.local/lib/python3.8/site-packages/airflow/example_dags/example_python_operator.py
[2024-06-04T08:14:51.823+0000] {processor.py:840} INFO - DAG(s) 'example_python_operator' retrieved from /home/airflow/.local/lib/python3.8/site-packages/airflow/example_dags/example_python_operator.py
[2024-06-04T08:14:51.853+0000] {logging_mixin.py:188} INFO - [2024-06-04T08:14:51.852+0000] {dag.py:3047} INFO - Sync 1 DAGs
[2024-06-04T08:14:51.872+0000] {logging_mixin.py:188} INFO - [2024-06-04T08:14:51.871+0000] {dag.py:3834} INFO - Setting next_dagrun for example_python_operator to None, run_after=None
[2024-06-04T08:14:51.901+0000] {processor.py:183} INFO - Processing /home/airflow/.local/lib/python3.8/site-packages/airflow/example_dags/example_python_operator.py took 0.099 seconds
[2024-06-04T08:15:34.517+0000] {processor.py:161} INFO - Started process (PID=2959) to work on /home/airflow/.local/lib/python3.8/site-packages/airflow/example_dags/example_python_operator.py
[2024-06-04T08:15:34.700+0000] {processor.py:830} INFO - Processing file /home/airflow/.local/lib/python3.8/site-packages/airflow/example_dags/example_python_operator.py for tasks to queue
[2024-06-04T08:15:34.703+0000] {logging_mixin.py:188} INFO - [2024-06-04T08:15:34.703+0000] {dagbag.py:540} INFO - Filling up the DagBag from /home/airflow/.local/lib/python3.8/site-packages/airflow/example_dags/example_python_operator.py
[2024-06-04T08:15:34.719+0000] {processor.py:840} INFO - DAG(s) 'example_python_operator' retrieved from /home/airflow/.local/lib/python3.8/site-packages/airflow/example_dags/example_python_operator.py
[2024-06-04T08:15:35.306+0000] {logging_mixin.py:188} INFO - [2024-06-04T08:15:35.306+0000] {dag.py:3047} INFO - Sync 1 DAGs
[2024-06-04T08:15:35.503+0000] {logging_mixin.py:188} INFO - [2024-06-04T08:15:35.503+0000] {dag.py:3834} INFO - Setting next_dagrun for example_python_operator to None, run_after=None
[2024-06-04T08:15:35.703+0000] {processor.py:183} INFO - Processing /home/airflow/.local/lib/python3.8/site-packages/airflow/example_dags/example_python_operator.py took 1.191 seconds
[2024-06-04T08:16:06.400+0000] {processor.py:161} INFO - Started process (PID=3032) to work on /home/airflow/.local/lib/python3.8/site-packages/airflow/example_dags/example_python_operator.py
[2024-06-04T08:16:06.402+0000] {processor.py:830} INFO - Processing file /home/airflow/.local/lib/python3.8/site-packages/airflow/example_dags/example_python_operator.py for tasks to queue
[2024-06-04T08:16:06.405+0000] {logging_mixin.py:188} INFO - [2024-06-04T08:16:06.404+0000] {dagbag.py:540} INFO - Filling up the DagBag from /home/airflow/.local/lib/python3.8/site-packages/airflow/example_dags/example_python_operator.py
[2024-06-04T08:16:06.422+0000] {processor.py:840} INFO - DAG(s) 'example_python_operator' retrieved from /home/airflow/.local/lib/python3.8/site-packages/airflow/example_dags/example_python_operator.py
[2024-06-04T08:16:06.604+0000] {logging_mixin.py:188} INFO - [2024-06-04T08:16:06.604+0000] {dag.py:3047} INFO - Sync 1 DAGs
[2024-06-04T08:16:06.626+0000] {logging_mixin.py:188} INFO - [2024-06-04T08:16:06.626+0000] {dag.py:3834} INFO - Setting next_dagrun for example_python_operator to None, run_after=None
[2024-06-04T08:16:06.808+0000] {processor.py:183} INFO - Processing /home/airflow/.local/lib/python3.8/site-packages/airflow/example_dags/example_python_operator.py took 0.493 seconds
[2024-06-04T08:16:37.807+0000] {processor.py:161} INFO - Started process (PID=3125) to work on /home/airflow/.local/lib/python3.8/site-packages/airflow/example_dags/example_python_operator.py
[2024-06-04T08:16:37.809+0000] {processor.py:830} INFO - Processing file /home/airflow/.local/lib/python3.8/site-packages/airflow/example_dags/example_python_operator.py for tasks to queue
[2024-06-04T08:16:37.814+0000] {logging_mixin.py:188} INFO - [2024-06-04T08:16:37.813+0000] {dagbag.py:540} INFO - Filling up the DagBag from /home/airflow/.local/lib/python3.8/site-packages/airflow/example_dags/example_python_operator.py
[2024-06-04T08:16:38.013+0000] {processor.py:840} INFO - DAG(s) 'example_python_operator' retrieved from /home/airflow/.local/lib/python3.8/site-packages/airflow/example_dags/example_python_operator.py
[2024-06-04T08:16:38.318+0000] {logging_mixin.py:188} INFO - [2024-06-04T08:16:38.318+0000] {dag.py:3047} INFO - Sync 1 DAGs
[2024-06-04T08:16:38.512+0000] {logging_mixin.py:188} INFO - [2024-06-04T08:16:38.511+0000] {dag.py:3834} INFO - Setting next_dagrun for example_python_operator to None, run_after=None
[2024-06-04T08:16:39.009+0000] {processor.py:183} INFO - Processing /home/airflow/.local/lib/python3.8/site-packages/airflow/example_dags/example_python_operator.py took 1.291 seconds
[2024-06-04T08:17:09.410+0000] {processor.py:161} INFO - Started process (PID=3195) to work on /home/airflow/.local/lib/python3.8/site-packages/airflow/example_dags/example_python_operator.py
[2024-06-04T08:17:09.412+0000] {processor.py:830} INFO - Processing file /home/airflow/.local/lib/python3.8/site-packages/airflow/example_dags/example_python_operator.py for tasks to queue
[2024-06-04T08:17:09.415+0000] {logging_mixin.py:188} INFO - [2024-06-04T08:17:09.414+0000] {dagbag.py:540} INFO - Filling up the DagBag from /home/airflow/.local/lib/python3.8/site-packages/airflow/example_dags/example_python_operator.py
[2024-06-04T08:17:09.505+0000] {processor.py:840} INFO - DAG(s) 'example_python_operator' retrieved from /home/airflow/.local/lib/python3.8/site-packages/airflow/example_dags/example_python_operator.py
[2024-06-04T08:17:09.617+0000] {logging_mixin.py:188} INFO - [2024-06-04T08:17:09.617+0000] {dag.py:3047} INFO - Sync 1 DAGs
[2024-06-04T08:17:09.711+0000] {logging_mixin.py:188} INFO - [2024-06-04T08:17:09.711+0000] {dag.py:3834} INFO - Setting next_dagrun for example_python_operator to None, run_after=None
[2024-06-04T08:17:09.815+0000] {processor.py:183} INFO - Processing /home/airflow/.local/lib/python3.8/site-packages/airflow/example_dags/example_python_operator.py took 0.409 seconds
