[2024-06-04T07:51:18.828+0000] {processor.py:161} INFO - Started process (PID=161) to work on /home/airflow/.local/lib/python3.8/site-packages/airflow/example_dags/example_branch_datetime_operator.py
[2024-06-04T07:51:18.829+0000] {processor.py:830} INFO - Processing file /home/airflow/.local/lib/python3.8/site-packages/airflow/example_dags/example_branch_datetime_operator.py for tasks to queue
[2024-06-04T07:51:18.831+0000] {logging_mixin.py:188} INFO - [2024-06-04T07:51:18.830+0000] {dagbag.py:540} INFO - Filling up the DagBag from /home/airflow/.local/lib/python3.8/site-packages/airflow/example_dags/example_branch_datetime_operator.py
[2024-06-04T07:51:18.903+0000] {processor.py:840} INFO - DAG(s) 'example_branch_datetime_operator_3', 'example_branch_datetime_operator_2', 'example_branch_datetime_operator' retrieved from /home/airflow/.local/lib/python3.8/site-packages/airflow/example_dags/example_branch_datetime_operator.py
[2024-06-04T07:51:19.315+0000] {logging_mixin.py:188} INFO - [2024-06-04T07:51:19.315+0000] {dag.py:3047} INFO - Sync 3 DAGs
[2024-06-04T07:51:19.346+0000] {logging_mixin.py:188} INFO - [2024-06-04T07:51:19.346+0000] {dag.py:3834} INFO - Setting next_dagrun for example_branch_datetime_operator to 2024-06-03 00:00:00+00:00, run_after=2024-06-04 00:00:00+00:00
[2024-06-04T07:51:19.406+0000] {logging_mixin.py:188} INFO - [2024-06-04T07:51:19.405+0000] {dag.py:3834} INFO - Setting next_dagrun for example_branch_datetime_operator_2 to 2024-06-03 00:00:00+00:00, run_after=2024-06-04 00:00:00+00:00
[2024-06-04T07:51:19.409+0000] {logging_mixin.py:188} INFO - [2024-06-04T07:51:19.409+0000] {dag.py:3834} INFO - Setting next_dagrun for example_branch_datetime_operator_3 to 2024-06-03 00:00:00+00:00, run_after=2024-06-04 00:00:00+00:00
[2024-06-04T07:51:19.437+0000] {processor.py:183} INFO - Processing /home/airflow/.local/lib/python3.8/site-packages/airflow/example_dags/example_branch_datetime_operator.py took 0.615 seconds
[2024-06-04T07:51:49.897+0000] {processor.py:161} INFO - Started process (PID=219) to work on /home/airflow/.local/lib/python3.8/site-packages/airflow/example_dags/example_branch_datetime_operator.py
[2024-06-04T07:51:49.898+0000] {processor.py:830} INFO - Processing file /home/airflow/.local/lib/python3.8/site-packages/airflow/example_dags/example_branch_datetime_operator.py for tasks to queue
[2024-06-04T07:51:49.900+0000] {logging_mixin.py:188} INFO - [2024-06-04T07:51:49.899+0000] {dagbag.py:540} INFO - Filling up the DagBag from /home/airflow/.local/lib/python3.8/site-packages/airflow/example_dags/example_branch_datetime_operator.py
[2024-06-04T07:51:49.916+0000] {processor.py:840} INFO - DAG(s) 'example_branch_datetime_operator_2', 'example_branch_datetime_operator_3', 'example_branch_datetime_operator' retrieved from /home/airflow/.local/lib/python3.8/site-packages/airflow/example_dags/example_branch_datetime_operator.py
[2024-06-04T07:51:49.955+0000] {logging_mixin.py:188} INFO - [2024-06-04T07:51:49.955+0000] {dag.py:3047} INFO - Sync 3 DAGs
[2024-06-04T07:51:49.986+0000] {logging_mixin.py:188} INFO - [2024-06-04T07:51:49.986+0000] {dag.py:3834} INFO - Setting next_dagrun for example_branch_datetime_operator to 2024-06-03 00:00:00+00:00, run_after=2024-06-04 00:00:00+00:00
[2024-06-04T07:51:49.992+0000] {logging_mixin.py:188} INFO - [2024-06-04T07:51:49.992+0000] {dag.py:3834} INFO - Setting next_dagrun for example_branch_datetime_operator_2 to 2024-06-03 00:00:00+00:00, run_after=2024-06-04 00:00:00+00:00
[2024-06-04T07:51:49.995+0000] {logging_mixin.py:188} INFO - [2024-06-04T07:51:49.995+0000] {dag.py:3834} INFO - Setting next_dagrun for example_branch_datetime_operator_3 to 2024-06-03 00:00:00+00:00, run_after=2024-06-04 00:00:00+00:00
[2024-06-04T07:51:50.023+0000] {processor.py:183} INFO - Processing /home/airflow/.local/lib/python3.8/site-packages/airflow/example_dags/example_branch_datetime_operator.py took 0.130 seconds
[2024-06-04T07:52:20.355+0000] {processor.py:161} INFO - Started process (PID=277) to work on /home/airflow/.local/lib/python3.8/site-packages/airflow/example_dags/example_branch_datetime_operator.py
[2024-06-04T07:52:20.356+0000] {processor.py:830} INFO - Processing file /home/airflow/.local/lib/python3.8/site-packages/airflow/example_dags/example_branch_datetime_operator.py for tasks to queue
[2024-06-04T07:52:20.358+0000] {logging_mixin.py:188} INFO - [2024-06-04T07:52:20.358+0000] {dagbag.py:540} INFO - Filling up the DagBag from /home/airflow/.local/lib/python3.8/site-packages/airflow/example_dags/example_branch_datetime_operator.py
[2024-06-04T07:52:20.370+0000] {processor.py:840} INFO - DAG(s) 'example_branch_datetime_operator_2', 'example_branch_datetime_operator', 'example_branch_datetime_operator_3' retrieved from /home/airflow/.local/lib/python3.8/site-packages/airflow/example_dags/example_branch_datetime_operator.py
[2024-06-04T07:52:20.402+0000] {logging_mixin.py:188} INFO - [2024-06-04T07:52:20.402+0000] {dag.py:3047} INFO - Sync 3 DAGs
[2024-06-04T07:52:20.432+0000] {logging_mixin.py:188} INFO - [2024-06-04T07:52:20.432+0000] {dag.py:3834} INFO - Setting next_dagrun for example_branch_datetime_operator to 2024-06-03 00:00:00+00:00, run_after=2024-06-04 00:00:00+00:00
[2024-06-04T07:52:20.439+0000] {logging_mixin.py:188} INFO - [2024-06-04T07:52:20.438+0000] {dag.py:3834} INFO - Setting next_dagrun for example_branch_datetime_operator_2 to 2024-06-03 00:00:00+00:00, run_after=2024-06-04 00:00:00+00:00
[2024-06-04T07:52:20.442+0000] {logging_mixin.py:188} INFO - [2024-06-04T07:52:20.442+0000] {dag.py:3834} INFO - Setting next_dagrun for example_branch_datetime_operator_3 to 2024-06-03 00:00:00+00:00, run_after=2024-06-04 00:00:00+00:00
[2024-06-04T07:52:20.461+0000] {processor.py:183} INFO - Processing /home/airflow/.local/lib/python3.8/site-packages/airflow/example_dags/example_branch_datetime_operator.py took 0.110 seconds
[2024-06-04T07:52:50.582+0000] {processor.py:161} INFO - Started process (PID=335) to work on /home/airflow/.local/lib/python3.8/site-packages/airflow/example_dags/example_branch_datetime_operator.py
[2024-06-04T07:52:50.583+0000] {processor.py:830} INFO - Processing file /home/airflow/.local/lib/python3.8/site-packages/airflow/example_dags/example_branch_datetime_operator.py for tasks to queue
[2024-06-04T07:52:50.586+0000] {logging_mixin.py:188} INFO - [2024-06-04T07:52:50.586+0000] {dagbag.py:540} INFO - Filling up the DagBag from /home/airflow/.local/lib/python3.8/site-packages/airflow/example_dags/example_branch_datetime_operator.py
[2024-06-04T07:52:50.596+0000] {processor.py:840} INFO - DAG(s) 'example_branch_datetime_operator_3', 'example_branch_datetime_operator', 'example_branch_datetime_operator_2' retrieved from /home/airflow/.local/lib/python3.8/site-packages/airflow/example_dags/example_branch_datetime_operator.py
[2024-06-04T07:52:50.630+0000] {logging_mixin.py:188} INFO - [2024-06-04T07:52:50.629+0000] {dag.py:3047} INFO - Sync 3 DAGs
[2024-06-04T07:52:50.658+0000] {logging_mixin.py:188} INFO - [2024-06-04T07:52:50.658+0000] {dag.py:3834} INFO - Setting next_dagrun for example_branch_datetime_operator to 2024-06-03 00:00:00+00:00, run_after=2024-06-04 00:00:00+00:00
[2024-06-04T07:52:50.665+0000] {logging_mixin.py:188} INFO - [2024-06-04T07:52:50.665+0000] {dag.py:3834} INFO - Setting next_dagrun for example_branch_datetime_operator_2 to 2024-06-03 00:00:00+00:00, run_after=2024-06-04 00:00:00+00:00
[2024-06-04T07:52:50.669+0000] {logging_mixin.py:188} INFO - [2024-06-04T07:52:50.669+0000] {dag.py:3834} INFO - Setting next_dagrun for example_branch_datetime_operator_3 to 2024-06-03 00:00:00+00:00, run_after=2024-06-04 00:00:00+00:00
[2024-06-04T07:52:50.689+0000] {processor.py:183} INFO - Processing /home/airflow/.local/lib/python3.8/site-packages/airflow/example_dags/example_branch_datetime_operator.py took 0.111 seconds
[2024-06-04T07:53:20.863+0000] {processor.py:161} INFO - Started process (PID=393) to work on /home/airflow/.local/lib/python3.8/site-packages/airflow/example_dags/example_branch_datetime_operator.py
[2024-06-04T07:53:20.865+0000] {processor.py:830} INFO - Processing file /home/airflow/.local/lib/python3.8/site-packages/airflow/example_dags/example_branch_datetime_operator.py for tasks to queue
[2024-06-04T07:53:20.866+0000] {logging_mixin.py:188} INFO - [2024-06-04T07:53:20.866+0000] {dagbag.py:540} INFO - Filling up the DagBag from /home/airflow/.local/lib/python3.8/site-packages/airflow/example_dags/example_branch_datetime_operator.py
[2024-06-04T07:53:20.877+0000] {processor.py:840} INFO - DAG(s) 'example_branch_datetime_operator_2', 'example_branch_datetime_operator_3', 'example_branch_datetime_operator' retrieved from /home/airflow/.local/lib/python3.8/site-packages/airflow/example_dags/example_branch_datetime_operator.py
[2024-06-04T07:53:20.911+0000] {logging_mixin.py:188} INFO - [2024-06-04T07:53:20.911+0000] {dag.py:3047} INFO - Sync 3 DAGs
[2024-06-04T07:53:20.940+0000] {logging_mixin.py:188} INFO - [2024-06-04T07:53:20.940+0000] {dag.py:3834} INFO - Setting next_dagrun for example_branch_datetime_operator to 2024-06-03 00:00:00+00:00, run_after=2024-06-04 00:00:00+00:00
[2024-06-04T07:53:20.945+0000] {logging_mixin.py:188} INFO - [2024-06-04T07:53:20.945+0000] {dag.py:3834} INFO - Setting next_dagrun for example_branch_datetime_operator_2 to 2024-06-03 00:00:00+00:00, run_after=2024-06-04 00:00:00+00:00
[2024-06-04T07:53:20.948+0000] {logging_mixin.py:188} INFO - [2024-06-04T07:53:20.948+0000] {dag.py:3834} INFO - Setting next_dagrun for example_branch_datetime_operator_3 to 2024-06-03 00:00:00+00:00, run_after=2024-06-04 00:00:00+00:00
[2024-06-04T07:53:20.964+0000] {processor.py:183} INFO - Processing /home/airflow/.local/lib/python3.8/site-packages/airflow/example_dags/example_branch_datetime_operator.py took 0.104 seconds
[2024-06-04T07:53:51.269+0000] {processor.py:161} INFO - Started process (PID=451) to work on /home/airflow/.local/lib/python3.8/site-packages/airflow/example_dags/example_branch_datetime_operator.py
[2024-06-04T07:53:51.271+0000] {processor.py:830} INFO - Processing file /home/airflow/.local/lib/python3.8/site-packages/airflow/example_dags/example_branch_datetime_operator.py for tasks to queue
[2024-06-04T07:53:51.273+0000] {logging_mixin.py:188} INFO - [2024-06-04T07:53:51.272+0000] {dagbag.py:540} INFO - Filling up the DagBag from /home/airflow/.local/lib/python3.8/site-packages/airflow/example_dags/example_branch_datetime_operator.py
[2024-06-04T07:53:51.284+0000] {processor.py:840} INFO - DAG(s) 'example_branch_datetime_operator_2', 'example_branch_datetime_operator_3', 'example_branch_datetime_operator' retrieved from /home/airflow/.local/lib/python3.8/site-packages/airflow/example_dags/example_branch_datetime_operator.py
[2024-06-04T07:53:51.314+0000] {logging_mixin.py:188} INFO - [2024-06-04T07:53:51.314+0000] {dag.py:3047} INFO - Sync 3 DAGs
[2024-06-04T07:53:51.337+0000] {logging_mixin.py:188} INFO - [2024-06-04T07:53:51.337+0000] {dag.py:3834} INFO - Setting next_dagrun for example_branch_datetime_operator to 2024-06-03 00:00:00+00:00, run_after=2024-06-04 00:00:00+00:00
[2024-06-04T07:53:51.342+0000] {logging_mixin.py:188} INFO - [2024-06-04T07:53:51.342+0000] {dag.py:3834} INFO - Setting next_dagrun for example_branch_datetime_operator_2 to 2024-06-03 00:00:00+00:00, run_after=2024-06-04 00:00:00+00:00
[2024-06-04T07:53:51.344+0000] {logging_mixin.py:188} INFO - [2024-06-04T07:53:51.344+0000] {dag.py:3834} INFO - Setting next_dagrun for example_branch_datetime_operator_3 to 2024-06-03 00:00:00+00:00, run_after=2024-06-04 00:00:00+00:00
[2024-06-04T07:53:51.360+0000] {processor.py:183} INFO - Processing /home/airflow/.local/lib/python3.8/site-packages/airflow/example_dags/example_branch_datetime_operator.py took 0.094 seconds
[2024-06-04T07:54:21.670+0000] {processor.py:161} INFO - Started process (PID=509) to work on /home/airflow/.local/lib/python3.8/site-packages/airflow/example_dags/example_branch_datetime_operator.py
[2024-06-04T07:54:21.671+0000] {processor.py:830} INFO - Processing file /home/airflow/.local/lib/python3.8/site-packages/airflow/example_dags/example_branch_datetime_operator.py for tasks to queue
[2024-06-04T07:54:21.673+0000] {logging_mixin.py:188} INFO - [2024-06-04T07:54:21.673+0000] {dagbag.py:540} INFO - Filling up the DagBag from /home/airflow/.local/lib/python3.8/site-packages/airflow/example_dags/example_branch_datetime_operator.py
[2024-06-04T07:54:21.683+0000] {processor.py:840} INFO - DAG(s) 'example_branch_datetime_operator_2', 'example_branch_datetime_operator', 'example_branch_datetime_operator_3' retrieved from /home/airflow/.local/lib/python3.8/site-packages/airflow/example_dags/example_branch_datetime_operator.py
[2024-06-04T07:54:21.713+0000] {logging_mixin.py:188} INFO - [2024-06-04T07:54:21.713+0000] {dag.py:3047} INFO - Sync 3 DAGs
[2024-06-04T07:54:21.739+0000] {logging_mixin.py:188} INFO - [2024-06-04T07:54:21.739+0000] {dag.py:3834} INFO - Setting next_dagrun for example_branch_datetime_operator to 2024-06-03 00:00:00+00:00, run_after=2024-06-04 00:00:00+00:00
[2024-06-04T07:54:21.745+0000] {logging_mixin.py:188} INFO - [2024-06-04T07:54:21.745+0000] {dag.py:3834} INFO - Setting next_dagrun for example_branch_datetime_operator_2 to 2024-06-03 00:00:00+00:00, run_after=2024-06-04 00:00:00+00:00
[2024-06-04T07:54:21.748+0000] {logging_mixin.py:188} INFO - [2024-06-04T07:54:21.748+0000] {dag.py:3834} INFO - Setting next_dagrun for example_branch_datetime_operator_3 to 2024-06-03 00:00:00+00:00, run_after=2024-06-04 00:00:00+00:00
[2024-06-04T07:54:21.767+0000] {processor.py:183} INFO - Processing /home/airflow/.local/lib/python3.8/site-packages/airflow/example_dags/example_branch_datetime_operator.py took 0.100 seconds
[2024-06-04T07:54:51.997+0000] {processor.py:161} INFO - Started process (PID=567) to work on /home/airflow/.local/lib/python3.8/site-packages/airflow/example_dags/example_branch_datetime_operator.py
[2024-06-04T07:54:51.998+0000] {processor.py:830} INFO - Processing file /home/airflow/.local/lib/python3.8/site-packages/airflow/example_dags/example_branch_datetime_operator.py for tasks to queue
[2024-06-04T07:54:52.000+0000] {logging_mixin.py:188} INFO - [2024-06-04T07:54:52.000+0000] {dagbag.py:540} INFO - Filling up the DagBag from /home/airflow/.local/lib/python3.8/site-packages/airflow/example_dags/example_branch_datetime_operator.py
[2024-06-04T07:54:52.013+0000] {processor.py:840} INFO - DAG(s) 'example_branch_datetime_operator_2', 'example_branch_datetime_operator', 'example_branch_datetime_operator_3' retrieved from /home/airflow/.local/lib/python3.8/site-packages/airflow/example_dags/example_branch_datetime_operator.py
[2024-06-04T07:54:52.051+0000] {logging_mixin.py:188} INFO - [2024-06-04T07:54:52.051+0000] {dag.py:3047} INFO - Sync 3 DAGs
[2024-06-04T07:54:52.080+0000] {logging_mixin.py:188} INFO - [2024-06-04T07:54:52.080+0000] {dag.py:3834} INFO - Setting next_dagrun for example_branch_datetime_operator to 2024-06-03 00:00:00+00:00, run_after=2024-06-04 00:00:00+00:00
[2024-06-04T07:54:52.086+0000] {logging_mixin.py:188} INFO - [2024-06-04T07:54:52.086+0000] {dag.py:3834} INFO - Setting next_dagrun for example_branch_datetime_operator_2 to 2024-06-03 00:00:00+00:00, run_after=2024-06-04 00:00:00+00:00
[2024-06-04T07:54:52.089+0000] {logging_mixin.py:188} INFO - [2024-06-04T07:54:52.089+0000] {dag.py:3834} INFO - Setting next_dagrun for example_branch_datetime_operator_3 to 2024-06-03 00:00:00+00:00, run_after=2024-06-04 00:00:00+00:00
[2024-06-04T07:54:52.108+0000] {processor.py:183} INFO - Processing /home/airflow/.local/lib/python3.8/site-packages/airflow/example_dags/example_branch_datetime_operator.py took 0.115 seconds
[2024-06-04T07:55:22.257+0000] {processor.py:161} INFO - Started process (PID=625) to work on /home/airflow/.local/lib/python3.8/site-packages/airflow/example_dags/example_branch_datetime_operator.py
[2024-06-04T07:55:22.259+0000] {processor.py:830} INFO - Processing file /home/airflow/.local/lib/python3.8/site-packages/airflow/example_dags/example_branch_datetime_operator.py for tasks to queue
[2024-06-04T07:55:22.261+0000] {logging_mixin.py:188} INFO - [2024-06-04T07:55:22.260+0000] {dagbag.py:540} INFO - Filling up the DagBag from /home/airflow/.local/lib/python3.8/site-packages/airflow/example_dags/example_branch_datetime_operator.py
[2024-06-04T07:55:22.272+0000] {processor.py:840} INFO - DAG(s) 'example_branch_datetime_operator_2', 'example_branch_datetime_operator', 'example_branch_datetime_operator_3' retrieved from /home/airflow/.local/lib/python3.8/site-packages/airflow/example_dags/example_branch_datetime_operator.py
[2024-06-04T07:55:22.303+0000] {logging_mixin.py:188} INFO - [2024-06-04T07:55:22.303+0000] {dag.py:3047} INFO - Sync 3 DAGs
[2024-06-04T07:55:22.329+0000] {logging_mixin.py:188} INFO - [2024-06-04T07:55:22.328+0000] {dag.py:3834} INFO - Setting next_dagrun for example_branch_datetime_operator to 2024-06-03 00:00:00+00:00, run_after=2024-06-04 00:00:00+00:00
[2024-06-04T07:55:22.334+0000] {logging_mixin.py:188} INFO - [2024-06-04T07:55:22.334+0000] {dag.py:3834} INFO - Setting next_dagrun for example_branch_datetime_operator_2 to 2024-06-03 00:00:00+00:00, run_after=2024-06-04 00:00:00+00:00
[2024-06-04T07:55:22.337+0000] {logging_mixin.py:188} INFO - [2024-06-04T07:55:22.336+0000] {dag.py:3834} INFO - Setting next_dagrun for example_branch_datetime_operator_3 to 2024-06-03 00:00:00+00:00, run_after=2024-06-04 00:00:00+00:00
[2024-06-04T07:55:22.355+0000] {processor.py:183} INFO - Processing /home/airflow/.local/lib/python3.8/site-packages/airflow/example_dags/example_branch_datetime_operator.py took 0.101 seconds
[2024-06-04T07:55:53.138+0000] {processor.py:161} INFO - Started process (PID=683) to work on /home/airflow/.local/lib/python3.8/site-packages/airflow/example_dags/example_branch_datetime_operator.py
[2024-06-04T07:55:53.139+0000] {processor.py:830} INFO - Processing file /home/airflow/.local/lib/python3.8/site-packages/airflow/example_dags/example_branch_datetime_operator.py for tasks to queue
[2024-06-04T07:55:53.141+0000] {logging_mixin.py:188} INFO - [2024-06-04T07:55:53.141+0000] {dagbag.py:540} INFO - Filling up the DagBag from /home/airflow/.local/lib/python3.8/site-packages/airflow/example_dags/example_branch_datetime_operator.py
[2024-06-04T07:55:53.151+0000] {processor.py:840} INFO - DAG(s) 'example_branch_datetime_operator_2', 'example_branch_datetime_operator', 'example_branch_datetime_operator_3' retrieved from /home/airflow/.local/lib/python3.8/site-packages/airflow/example_dags/example_branch_datetime_operator.py
[2024-06-04T07:55:53.180+0000] {logging_mixin.py:188} INFO - [2024-06-04T07:55:53.180+0000] {dag.py:3047} INFO - Sync 3 DAGs
[2024-06-04T07:55:53.206+0000] {logging_mixin.py:188} INFO - [2024-06-04T07:55:53.206+0000] {dag.py:3834} INFO - Setting next_dagrun for example_branch_datetime_operator to 2024-06-03 00:00:00+00:00, run_after=2024-06-04 00:00:00+00:00
[2024-06-04T07:55:53.212+0000] {logging_mixin.py:188} INFO - [2024-06-04T07:55:53.211+0000] {dag.py:3834} INFO - Setting next_dagrun for example_branch_datetime_operator_2 to 2024-06-03 00:00:00+00:00, run_after=2024-06-04 00:00:00+00:00
[2024-06-04T07:55:53.215+0000] {logging_mixin.py:188} INFO - [2024-06-04T07:55:53.214+0000] {dag.py:3834} INFO - Setting next_dagrun for example_branch_datetime_operator_3 to 2024-06-03 00:00:00+00:00, run_after=2024-06-04 00:00:00+00:00
[2024-06-04T07:55:53.234+0000] {processor.py:183} INFO - Processing /home/airflow/.local/lib/python3.8/site-packages/airflow/example_dags/example_branch_datetime_operator.py took 0.100 seconds
[2024-06-04T07:56:23.861+0000] {processor.py:161} INFO - Started process (PID=741) to work on /home/airflow/.local/lib/python3.8/site-packages/airflow/example_dags/example_branch_datetime_operator.py
[2024-06-04T07:56:23.862+0000] {processor.py:830} INFO - Processing file /home/airflow/.local/lib/python3.8/site-packages/airflow/example_dags/example_branch_datetime_operator.py for tasks to queue
[2024-06-04T07:56:23.864+0000] {logging_mixin.py:188} INFO - [2024-06-04T07:56:23.864+0000] {dagbag.py:540} INFO - Filling up the DagBag from /home/airflow/.local/lib/python3.8/site-packages/airflow/example_dags/example_branch_datetime_operator.py
[2024-06-04T07:56:23.875+0000] {processor.py:840} INFO - DAG(s) 'example_branch_datetime_operator_2', 'example_branch_datetime_operator_3', 'example_branch_datetime_operator' retrieved from /home/airflow/.local/lib/python3.8/site-packages/airflow/example_dags/example_branch_datetime_operator.py
[2024-06-04T07:56:23.915+0000] {logging_mixin.py:188} INFO - [2024-06-04T07:56:23.915+0000] {dag.py:3047} INFO - Sync 3 DAGs
[2024-06-04T07:56:23.944+0000] {logging_mixin.py:188} INFO - [2024-06-04T07:56:23.943+0000] {dag.py:3834} INFO - Setting next_dagrun for example_branch_datetime_operator to 2024-06-03 00:00:00+00:00, run_after=2024-06-04 00:00:00+00:00
[2024-06-04T07:56:23.949+0000] {logging_mixin.py:188} INFO - [2024-06-04T07:56:23.949+0000] {dag.py:3834} INFO - Setting next_dagrun for example_branch_datetime_operator_2 to 2024-06-03 00:00:00+00:00, run_after=2024-06-04 00:00:00+00:00
[2024-06-04T07:56:23.952+0000] {logging_mixin.py:188} INFO - [2024-06-04T07:56:23.952+0000] {dag.py:3834} INFO - Setting next_dagrun for example_branch_datetime_operator_3 to 2024-06-03 00:00:00+00:00, run_after=2024-06-04 00:00:00+00:00
[2024-06-04T07:56:23.971+0000] {processor.py:183} INFO - Processing /home/airflow/.local/lib/python3.8/site-packages/airflow/example_dags/example_branch_datetime_operator.py took 0.113 seconds
[2024-06-04T07:56:54.374+0000] {processor.py:161} INFO - Started process (PID=799) to work on /home/airflow/.local/lib/python3.8/site-packages/airflow/example_dags/example_branch_datetime_operator.py
[2024-06-04T07:56:54.376+0000] {processor.py:830} INFO - Processing file /home/airflow/.local/lib/python3.8/site-packages/airflow/example_dags/example_branch_datetime_operator.py for tasks to queue
[2024-06-04T07:56:54.377+0000] {logging_mixin.py:188} INFO - [2024-06-04T07:56:54.377+0000] {dagbag.py:540} INFO - Filling up the DagBag from /home/airflow/.local/lib/python3.8/site-packages/airflow/example_dags/example_branch_datetime_operator.py
[2024-06-04T07:56:54.388+0000] {processor.py:840} INFO - DAG(s) 'example_branch_datetime_operator', 'example_branch_datetime_operator_2', 'example_branch_datetime_operator_3' retrieved from /home/airflow/.local/lib/python3.8/site-packages/airflow/example_dags/example_branch_datetime_operator.py
[2024-06-04T07:56:54.421+0000] {logging_mixin.py:188} INFO - [2024-06-04T07:56:54.421+0000] {dag.py:3047} INFO - Sync 3 DAGs
[2024-06-04T07:56:54.450+0000] {logging_mixin.py:188} INFO - [2024-06-04T07:56:54.450+0000] {dag.py:3834} INFO - Setting next_dagrun for example_branch_datetime_operator to 2024-06-03 00:00:00+00:00, run_after=2024-06-04 00:00:00+00:00
[2024-06-04T07:56:54.456+0000] {logging_mixin.py:188} INFO - [2024-06-04T07:56:54.455+0000] {dag.py:3834} INFO - Setting next_dagrun for example_branch_datetime_operator_2 to 2024-06-03 00:00:00+00:00, run_after=2024-06-04 00:00:00+00:00
[2024-06-04T07:56:54.458+0000] {logging_mixin.py:188} INFO - [2024-06-04T07:56:54.458+0000] {dag.py:3834} INFO - Setting next_dagrun for example_branch_datetime_operator_3 to 2024-06-03 00:00:00+00:00, run_after=2024-06-04 00:00:00+00:00
[2024-06-04T07:56:54.476+0000] {processor.py:183} INFO - Processing /home/airflow/.local/lib/python3.8/site-packages/airflow/example_dags/example_branch_datetime_operator.py took 0.105 seconds
[2024-06-04T07:57:24.905+0000] {processor.py:161} INFO - Started process (PID=857) to work on /home/airflow/.local/lib/python3.8/site-packages/airflow/example_dags/example_branch_datetime_operator.py
[2024-06-04T07:57:24.906+0000] {processor.py:830} INFO - Processing file /home/airflow/.local/lib/python3.8/site-packages/airflow/example_dags/example_branch_datetime_operator.py for tasks to queue
[2024-06-04T07:57:24.908+0000] {logging_mixin.py:188} INFO - [2024-06-04T07:57:24.908+0000] {dagbag.py:540} INFO - Filling up the DagBag from /home/airflow/.local/lib/python3.8/site-packages/airflow/example_dags/example_branch_datetime_operator.py
[2024-06-04T07:57:24.920+0000] {processor.py:840} INFO - DAG(s) 'example_branch_datetime_operator', 'example_branch_datetime_operator_3', 'example_branch_datetime_operator_2' retrieved from /home/airflow/.local/lib/python3.8/site-packages/airflow/example_dags/example_branch_datetime_operator.py
[2024-06-04T07:57:24.951+0000] {logging_mixin.py:188} INFO - [2024-06-04T07:57:24.950+0000] {dag.py:3047} INFO - Sync 3 DAGs
[2024-06-04T07:57:24.978+0000] {logging_mixin.py:188} INFO - [2024-06-04T07:57:24.977+0000] {dag.py:3834} INFO - Setting next_dagrun for example_branch_datetime_operator to 2024-06-03 00:00:00+00:00, run_after=2024-06-04 00:00:00+00:00
[2024-06-04T07:57:24.985+0000] {logging_mixin.py:188} INFO - [2024-06-04T07:57:24.984+0000] {dag.py:3834} INFO - Setting next_dagrun for example_branch_datetime_operator_2 to 2024-06-03 00:00:00+00:00, run_after=2024-06-04 00:00:00+00:00
[2024-06-04T07:57:24.988+0000] {logging_mixin.py:188} INFO - [2024-06-04T07:57:24.988+0000] {dag.py:3834} INFO - Setting next_dagrun for example_branch_datetime_operator_3 to 2024-06-03 00:00:00+00:00, run_after=2024-06-04 00:00:00+00:00
[2024-06-04T07:57:25.007+0000] {processor.py:183} INFO - Processing /home/airflow/.local/lib/python3.8/site-packages/airflow/example_dags/example_branch_datetime_operator.py took 0.106 seconds
[2024-06-04T07:57:55.417+0000] {processor.py:161} INFO - Started process (PID=915) to work on /home/airflow/.local/lib/python3.8/site-packages/airflow/example_dags/example_branch_datetime_operator.py
[2024-06-04T07:57:55.418+0000] {processor.py:830} INFO - Processing file /home/airflow/.local/lib/python3.8/site-packages/airflow/example_dags/example_branch_datetime_operator.py for tasks to queue
[2024-06-04T07:57:55.420+0000] {logging_mixin.py:188} INFO - [2024-06-04T07:57:55.419+0000] {dagbag.py:540} INFO - Filling up the DagBag from /home/airflow/.local/lib/python3.8/site-packages/airflow/example_dags/example_branch_datetime_operator.py
[2024-06-04T07:57:55.432+0000] {processor.py:840} INFO - DAG(s) 'example_branch_datetime_operator_2', 'example_branch_datetime_operator_3', 'example_branch_datetime_operator' retrieved from /home/airflow/.local/lib/python3.8/site-packages/airflow/example_dags/example_branch_datetime_operator.py
[2024-06-04T07:57:55.464+0000] {logging_mixin.py:188} INFO - [2024-06-04T07:57:55.463+0000] {dag.py:3047} INFO - Sync 3 DAGs
[2024-06-04T07:57:55.488+0000] {logging_mixin.py:188} INFO - [2024-06-04T07:57:55.487+0000] {dag.py:3834} INFO - Setting next_dagrun for example_branch_datetime_operator to 2024-06-03 00:00:00+00:00, run_after=2024-06-04 00:00:00+00:00
[2024-06-04T07:57:55.492+0000] {logging_mixin.py:188} INFO - [2024-06-04T07:57:55.492+0000] {dag.py:3834} INFO - Setting next_dagrun for example_branch_datetime_operator_2 to 2024-06-03 00:00:00+00:00, run_after=2024-06-04 00:00:00+00:00
[2024-06-04T07:57:55.494+0000] {logging_mixin.py:188} INFO - [2024-06-04T07:57:55.494+0000] {dag.py:3834} INFO - Setting next_dagrun for example_branch_datetime_operator_3 to 2024-06-03 00:00:00+00:00, run_after=2024-06-04 00:00:00+00:00
[2024-06-04T07:57:55.511+0000] {processor.py:183} INFO - Processing /home/airflow/.local/lib/python3.8/site-packages/airflow/example_dags/example_branch_datetime_operator.py took 0.098 seconds
[2024-06-04T07:58:25.855+0000] {processor.py:161} INFO - Started process (PID=973) to work on /home/airflow/.local/lib/python3.8/site-packages/airflow/example_dags/example_branch_datetime_operator.py
[2024-06-04T07:58:25.857+0000] {processor.py:830} INFO - Processing file /home/airflow/.local/lib/python3.8/site-packages/airflow/example_dags/example_branch_datetime_operator.py for tasks to queue
[2024-06-04T07:58:25.859+0000] {logging_mixin.py:188} INFO - [2024-06-04T07:58:25.858+0000] {dagbag.py:540} INFO - Filling up the DagBag from /home/airflow/.local/lib/python3.8/site-packages/airflow/example_dags/example_branch_datetime_operator.py
[2024-06-04T07:58:25.870+0000] {processor.py:840} INFO - DAG(s) 'example_branch_datetime_operator_2', 'example_branch_datetime_operator_3', 'example_branch_datetime_operator' retrieved from /home/airflow/.local/lib/python3.8/site-packages/airflow/example_dags/example_branch_datetime_operator.py
[2024-06-04T07:58:25.900+0000] {logging_mixin.py:188} INFO - [2024-06-04T07:58:25.899+0000] {dag.py:3047} INFO - Sync 3 DAGs
[2024-06-04T07:58:25.924+0000] {logging_mixin.py:188} INFO - [2024-06-04T07:58:25.924+0000] {dag.py:3834} INFO - Setting next_dagrun for example_branch_datetime_operator to 2024-06-03 00:00:00+00:00, run_after=2024-06-04 00:00:00+00:00
[2024-06-04T07:58:25.929+0000] {logging_mixin.py:188} INFO - [2024-06-04T07:58:25.929+0000] {dag.py:3834} INFO - Setting next_dagrun for example_branch_datetime_operator_2 to 2024-06-03 00:00:00+00:00, run_after=2024-06-04 00:00:00+00:00
[2024-06-04T07:58:25.932+0000] {logging_mixin.py:188} INFO - [2024-06-04T07:58:25.932+0000] {dag.py:3834} INFO - Setting next_dagrun for example_branch_datetime_operator_3 to 2024-06-03 00:00:00+00:00, run_after=2024-06-04 00:00:00+00:00
[2024-06-04T07:58:25.949+0000] {processor.py:183} INFO - Processing /home/airflow/.local/lib/python3.8/site-packages/airflow/example_dags/example_branch_datetime_operator.py took 0.097 seconds
[2024-06-04T07:58:56.368+0000] {processor.py:161} INFO - Started process (PID=1031) to work on /home/airflow/.local/lib/python3.8/site-packages/airflow/example_dags/example_branch_datetime_operator.py
[2024-06-04T07:58:56.400+0000] {processor.py:830} INFO - Processing file /home/airflow/.local/lib/python3.8/site-packages/airflow/example_dags/example_branch_datetime_operator.py for tasks to queue
[2024-06-04T07:58:56.403+0000] {logging_mixin.py:188} INFO - [2024-06-04T07:58:56.402+0000] {dagbag.py:540} INFO - Filling up the DagBag from /home/airflow/.local/lib/python3.8/site-packages/airflow/example_dags/example_branch_datetime_operator.py
[2024-06-04T07:58:56.416+0000] {processor.py:840} INFO - DAG(s) 'example_branch_datetime_operator_3', 'example_branch_datetime_operator', 'example_branch_datetime_operator_2' retrieved from /home/airflow/.local/lib/python3.8/site-packages/airflow/example_dags/example_branch_datetime_operator.py
[2024-06-04T07:58:56.448+0000] {logging_mixin.py:188} INFO - [2024-06-04T07:58:56.447+0000] {dag.py:3047} INFO - Sync 3 DAGs
[2024-06-04T07:58:56.522+0000] {logging_mixin.py:188} INFO - [2024-06-04T07:58:56.522+0000] {dag.py:3834} INFO - Setting next_dagrun for example_branch_datetime_operator to 2024-06-03 00:00:00+00:00, run_after=2024-06-04 00:00:00+00:00
[2024-06-04T07:58:56.527+0000] {logging_mixin.py:188} INFO - [2024-06-04T07:58:56.527+0000] {dag.py:3834} INFO - Setting next_dagrun for example_branch_datetime_operator_2 to 2024-06-03 00:00:00+00:00, run_after=2024-06-04 00:00:00+00:00
[2024-06-04T07:58:56.530+0000] {logging_mixin.py:188} INFO - [2024-06-04T07:58:56.530+0000] {dag.py:3834} INFO - Setting next_dagrun for example_branch_datetime_operator_3 to 2024-06-03 00:00:00+00:00, run_after=2024-06-04 00:00:00+00:00
[2024-06-04T07:58:56.607+0000] {processor.py:183} INFO - Processing /home/airflow/.local/lib/python3.8/site-packages/airflow/example_dags/example_branch_datetime_operator.py took 0.243 seconds
