[2024-06-04T07:51:27.924+0000] {processor.py:161} INFO - Started process (PID=197) to work on /home/airflow/.local/lib/python3.8/site-packages/airflow/example_dags/example_xcom.py
[2024-06-04T07:51:27.925+0000] {processor.py:830} INFO - Processing file /home/airflow/.local/lib/python3.8/site-packages/airflow/example_dags/example_xcom.py for tasks to queue
[2024-06-04T07:51:27.927+0000] {logging_mixin.py:188} INFO - [2024-06-04T07:51:27.927+0000] {dagbag.py:540} INFO - Filling up the DagBag from /home/airflow/.local/lib/python3.8/site-packages/airflow/example_dags/example_xcom.py
[2024-06-04T07:51:27.936+0000] {processor.py:840} INFO - DAG(s) 'example_xcom' retrieved from /home/airflow/.local/lib/python3.8/site-packages/airflow/example_dags/example_xcom.py
[2024-06-04T07:51:28.145+0000] {logging_mixin.py:188} INFO - [2024-06-04T07:51:28.145+0000] {dag.py:3047} INFO - Sync 1 DAGs
[2024-06-04T07:51:28.225+0000] {logging_mixin.py:188} INFO - [2024-06-04T07:51:28.225+0000] {dag.py:3834} INFO - Setting next_dagrun for example_xcom to 2021-01-01 00:00:00+00:00, run_after=2021-01-01 00:00:00+00:00
[2024-06-04T07:51:28.249+0000] {processor.py:183} INFO - Processing /home/airflow/.local/lib/python3.8/site-packages/airflow/example_dags/example_xcom.py took 0.329 seconds
[2024-06-04T07:51:58.369+0000] {processor.py:161} INFO - Started process (PID=255) to work on /home/airflow/.local/lib/python3.8/site-packages/airflow/example_dags/example_xcom.py
[2024-06-04T07:51:58.370+0000] {processor.py:830} INFO - Processing file /home/airflow/.local/lib/python3.8/site-packages/airflow/example_dags/example_xcom.py for tasks to queue
[2024-06-04T07:51:58.372+0000] {logging_mixin.py:188} INFO - [2024-06-04T07:51:58.372+0000] {dagbag.py:540} INFO - Filling up the DagBag from /home/airflow/.local/lib/python3.8/site-packages/airflow/example_dags/example_xcom.py
[2024-06-04T07:51:58.381+0000] {processor.py:840} INFO - DAG(s) 'example_xcom' retrieved from /home/airflow/.local/lib/python3.8/site-packages/airflow/example_dags/example_xcom.py
[2024-06-04T07:51:58.404+0000] {logging_mixin.py:188} INFO - [2024-06-04T07:51:58.404+0000] {dag.py:3047} INFO - Sync 1 DAGs
[2024-06-04T07:51:58.431+0000] {logging_mixin.py:188} INFO - [2024-06-04T07:51:58.430+0000] {dag.py:3834} INFO - Setting next_dagrun for example_xcom to 2021-01-01 00:00:00+00:00, run_after=2021-01-01 00:00:00+00:00
[2024-06-04T07:51:58.455+0000] {processor.py:183} INFO - Processing /home/airflow/.local/lib/python3.8/site-packages/airflow/example_dags/example_xcom.py took 0.090 seconds
[2024-06-04T07:52:28.736+0000] {processor.py:161} INFO - Started process (PID=313) to work on /home/airflow/.local/lib/python3.8/site-packages/airflow/example_dags/example_xcom.py
[2024-06-04T07:52:28.737+0000] {processor.py:830} INFO - Processing file /home/airflow/.local/lib/python3.8/site-packages/airflow/example_dags/example_xcom.py for tasks to queue
[2024-06-04T07:52:28.739+0000] {logging_mixin.py:188} INFO - [2024-06-04T07:52:28.738+0000] {dagbag.py:540} INFO - Filling up the DagBag from /home/airflow/.local/lib/python3.8/site-packages/airflow/example_dags/example_xcom.py
[2024-06-04T07:52:28.747+0000] {processor.py:840} INFO - DAG(s) 'example_xcom' retrieved from /home/airflow/.local/lib/python3.8/site-packages/airflow/example_dags/example_xcom.py
[2024-06-04T07:52:28.770+0000] {logging_mixin.py:188} INFO - [2024-06-04T07:52:28.769+0000] {dag.py:3047} INFO - Sync 1 DAGs
[2024-06-04T07:52:28.791+0000] {logging_mixin.py:188} INFO - [2024-06-04T07:52:28.791+0000] {dag.py:3834} INFO - Setting next_dagrun for example_xcom to 2021-01-01 00:00:00+00:00, run_after=2021-01-01 00:00:00+00:00
[2024-06-04T07:52:28.810+0000] {processor.py:183} INFO - Processing /home/airflow/.local/lib/python3.8/site-packages/airflow/example_dags/example_xcom.py took 0.079 seconds
[2024-06-04T07:52:59.090+0000] {processor.py:161} INFO - Started process (PID=371) to work on /home/airflow/.local/lib/python3.8/site-packages/airflow/example_dags/example_xcom.py
[2024-06-04T07:52:59.091+0000] {processor.py:830} INFO - Processing file /home/airflow/.local/lib/python3.8/site-packages/airflow/example_dags/example_xcom.py for tasks to queue
[2024-06-04T07:52:59.093+0000] {logging_mixin.py:188} INFO - [2024-06-04T07:52:59.093+0000] {dagbag.py:540} INFO - Filling up the DagBag from /home/airflow/.local/lib/python3.8/site-packages/airflow/example_dags/example_xcom.py
[2024-06-04T07:52:59.101+0000] {processor.py:840} INFO - DAG(s) 'example_xcom' retrieved from /home/airflow/.local/lib/python3.8/site-packages/airflow/example_dags/example_xcom.py
[2024-06-04T07:52:59.127+0000] {logging_mixin.py:188} INFO - [2024-06-04T07:52:59.127+0000] {dag.py:3047} INFO - Sync 1 DAGs
[2024-06-04T07:52:59.153+0000] {logging_mixin.py:188} INFO - [2024-06-04T07:52:59.153+0000] {dag.py:3834} INFO - Setting next_dagrun for example_xcom to 2021-01-01 00:00:00+00:00, run_after=2021-01-01 00:00:00+00:00
[2024-06-04T07:52:59.177+0000] {processor.py:183} INFO - Processing /home/airflow/.local/lib/python3.8/site-packages/airflow/example_dags/example_xcom.py took 0.091 seconds
[2024-06-04T07:53:29.429+0000] {processor.py:161} INFO - Started process (PID=429) to work on /home/airflow/.local/lib/python3.8/site-packages/airflow/example_dags/example_xcom.py
[2024-06-04T07:53:29.431+0000] {processor.py:830} INFO - Processing file /home/airflow/.local/lib/python3.8/site-packages/airflow/example_dags/example_xcom.py for tasks to queue
[2024-06-04T07:53:29.433+0000] {logging_mixin.py:188} INFO - [2024-06-04T07:53:29.433+0000] {dagbag.py:540} INFO - Filling up the DagBag from /home/airflow/.local/lib/python3.8/site-packages/airflow/example_dags/example_xcom.py
[2024-06-04T07:53:29.443+0000] {processor.py:840} INFO - DAG(s) 'example_xcom' retrieved from /home/airflow/.local/lib/python3.8/site-packages/airflow/example_dags/example_xcom.py
[2024-06-04T07:53:29.470+0000] {logging_mixin.py:188} INFO - [2024-06-04T07:53:29.469+0000] {dag.py:3047} INFO - Sync 1 DAGs
[2024-06-04T07:53:29.494+0000] {logging_mixin.py:188} INFO - [2024-06-04T07:53:29.494+0000] {dag.py:3834} INFO - Setting next_dagrun for example_xcom to 2021-01-01 00:00:00+00:00, run_after=2021-01-01 00:00:00+00:00
[2024-06-04T07:53:29.522+0000] {processor.py:183} INFO - Processing /home/airflow/.local/lib/python3.8/site-packages/airflow/example_dags/example_xcom.py took 0.097 seconds
[2024-06-04T07:54:00.431+0000] {processor.py:161} INFO - Started process (PID=487) to work on /home/airflow/.local/lib/python3.8/site-packages/airflow/example_dags/example_xcom.py
[2024-06-04T07:54:00.433+0000] {processor.py:830} INFO - Processing file /home/airflow/.local/lib/python3.8/site-packages/airflow/example_dags/example_xcom.py for tasks to queue
[2024-06-04T07:54:00.435+0000] {logging_mixin.py:188} INFO - [2024-06-04T07:54:00.435+0000] {dagbag.py:540} INFO - Filling up the DagBag from /home/airflow/.local/lib/python3.8/site-packages/airflow/example_dags/example_xcom.py
[2024-06-04T07:54:00.444+0000] {processor.py:840} INFO - DAG(s) 'example_xcom' retrieved from /home/airflow/.local/lib/python3.8/site-packages/airflow/example_dags/example_xcom.py
[2024-06-04T07:54:00.469+0000] {logging_mixin.py:188} INFO - [2024-06-04T07:54:00.469+0000] {dag.py:3047} INFO - Sync 1 DAGs
[2024-06-04T07:54:00.489+0000] {logging_mixin.py:188} INFO - [2024-06-04T07:54:00.489+0000] {dag.py:3834} INFO - Setting next_dagrun for example_xcom to 2021-01-01 00:00:00+00:00, run_after=2021-01-01 00:00:00+00:00
[2024-06-04T07:54:00.506+0000] {processor.py:183} INFO - Processing /home/airflow/.local/lib/python3.8/site-packages/airflow/example_dags/example_xcom.py took 0.079 seconds
[2024-06-04T07:54:31.430+0000] {processor.py:161} INFO - Started process (PID=545) to work on /home/airflow/.local/lib/python3.8/site-packages/airflow/example_dags/example_xcom.py
[2024-06-04T07:54:31.432+0000] {processor.py:830} INFO - Processing file /home/airflow/.local/lib/python3.8/site-packages/airflow/example_dags/example_xcom.py for tasks to queue
[2024-06-04T07:54:31.433+0000] {logging_mixin.py:188} INFO - [2024-06-04T07:54:31.433+0000] {dagbag.py:540} INFO - Filling up the DagBag from /home/airflow/.local/lib/python3.8/site-packages/airflow/example_dags/example_xcom.py
[2024-06-04T07:54:31.441+0000] {processor.py:840} INFO - DAG(s) 'example_xcom' retrieved from /home/airflow/.local/lib/python3.8/site-packages/airflow/example_dags/example_xcom.py
[2024-06-04T07:54:31.531+0000] {logging_mixin.py:188} INFO - [2024-06-04T07:54:31.530+0000] {dag.py:3047} INFO - Sync 1 DAGs
[2024-06-04T07:54:31.610+0000] {logging_mixin.py:188} INFO - [2024-06-04T07:54:31.610+0000] {dag.py:3834} INFO - Setting next_dagrun for example_xcom to 2021-01-01 00:00:00+00:00, run_after=2021-01-01 00:00:00+00:00
[2024-06-04T07:54:31.632+0000] {processor.py:183} INFO - Processing /home/airflow/.local/lib/python3.8/site-packages/airflow/example_dags/example_xcom.py took 0.206 seconds
[2024-06-04T07:55:02.399+0000] {processor.py:161} INFO - Started process (PID=603) to work on /home/airflow/.local/lib/python3.8/site-packages/airflow/example_dags/example_xcom.py
[2024-06-04T07:55:02.400+0000] {processor.py:830} INFO - Processing file /home/airflow/.local/lib/python3.8/site-packages/airflow/example_dags/example_xcom.py for tasks to queue
[2024-06-04T07:55:02.402+0000] {logging_mixin.py:188} INFO - [2024-06-04T07:55:02.401+0000] {dagbag.py:540} INFO - Filling up the DagBag from /home/airflow/.local/lib/python3.8/site-packages/airflow/example_dags/example_xcom.py
[2024-06-04T07:55:02.409+0000] {processor.py:840} INFO - DAG(s) 'example_xcom' retrieved from /home/airflow/.local/lib/python3.8/site-packages/airflow/example_dags/example_xcom.py
[2024-06-04T07:55:02.437+0000] {logging_mixin.py:188} INFO - [2024-06-04T07:55:02.437+0000] {dag.py:3047} INFO - Sync 1 DAGs
[2024-06-04T07:55:02.462+0000] {logging_mixin.py:188} INFO - [2024-06-04T07:55:02.461+0000] {dag.py:3834} INFO - Setting next_dagrun for example_xcom to 2021-01-01 00:00:00+00:00, run_after=2021-01-01 00:00:00+00:00
[2024-06-04T07:55:02.481+0000] {processor.py:183} INFO - Processing /home/airflow/.local/lib/python3.8/site-packages/airflow/example_dags/example_xcom.py took 0.086 seconds
[2024-06-04T07:55:32.564+0000] {processor.py:161} INFO - Started process (PID=661) to work on /home/airflow/.local/lib/python3.8/site-packages/airflow/example_dags/example_xcom.py
[2024-06-04T07:55:32.565+0000] {processor.py:830} INFO - Processing file /home/airflow/.local/lib/python3.8/site-packages/airflow/example_dags/example_xcom.py for tasks to queue
[2024-06-04T07:55:32.568+0000] {logging_mixin.py:188} INFO - [2024-06-04T07:55:32.567+0000] {dagbag.py:540} INFO - Filling up the DagBag from /home/airflow/.local/lib/python3.8/site-packages/airflow/example_dags/example_xcom.py
[2024-06-04T07:55:32.578+0000] {processor.py:840} INFO - DAG(s) 'example_xcom' retrieved from /home/airflow/.local/lib/python3.8/site-packages/airflow/example_dags/example_xcom.py
[2024-06-04T07:55:32.606+0000] {logging_mixin.py:188} INFO - [2024-06-04T07:55:32.606+0000] {dag.py:3047} INFO - Sync 1 DAGs
[2024-06-04T07:55:32.634+0000] {logging_mixin.py:188} INFO - [2024-06-04T07:55:32.634+0000] {dag.py:3834} INFO - Setting next_dagrun for example_xcom to 2021-01-01 00:00:00+00:00, run_after=2021-01-01 00:00:00+00:00
[2024-06-04T07:55:32.655+0000] {processor.py:183} INFO - Processing /home/airflow/.local/lib/python3.8/site-packages/airflow/example_dags/example_xcom.py took 0.095 seconds
[2024-06-04T07:56:03.365+0000] {processor.py:161} INFO - Started process (PID=719) to work on /home/airflow/.local/lib/python3.8/site-packages/airflow/example_dags/example_xcom.py
[2024-06-04T07:56:03.366+0000] {processor.py:830} INFO - Processing file /home/airflow/.local/lib/python3.8/site-packages/airflow/example_dags/example_xcom.py for tasks to queue
[2024-06-04T07:56:03.368+0000] {logging_mixin.py:188} INFO - [2024-06-04T07:56:03.367+0000] {dagbag.py:540} INFO - Filling up the DagBag from /home/airflow/.local/lib/python3.8/site-packages/airflow/example_dags/example_xcom.py
[2024-06-04T07:56:03.375+0000] {processor.py:840} INFO - DAG(s) 'example_xcom' retrieved from /home/airflow/.local/lib/python3.8/site-packages/airflow/example_dags/example_xcom.py
[2024-06-04T07:56:03.399+0000] {logging_mixin.py:188} INFO - [2024-06-04T07:56:03.398+0000] {dag.py:3047} INFO - Sync 1 DAGs
[2024-06-04T07:56:03.424+0000] {logging_mixin.py:188} INFO - [2024-06-04T07:56:03.423+0000] {dag.py:3834} INFO - Setting next_dagrun for example_xcom to 2021-01-01 00:00:00+00:00, run_after=2021-01-01 00:00:00+00:00
[2024-06-04T07:56:03.444+0000] {processor.py:183} INFO - Processing /home/airflow/.local/lib/python3.8/site-packages/airflow/example_dags/example_xcom.py took 0.084 seconds
[2024-06-04T07:56:34.103+0000] {processor.py:161} INFO - Started process (PID=777) to work on /home/airflow/.local/lib/python3.8/site-packages/airflow/example_dags/example_xcom.py
[2024-06-04T07:56:34.104+0000] {processor.py:830} INFO - Processing file /home/airflow/.local/lib/python3.8/site-packages/airflow/example_dags/example_xcom.py for tasks to queue
[2024-06-04T07:56:34.106+0000] {logging_mixin.py:188} INFO - [2024-06-04T07:56:34.105+0000] {dagbag.py:540} INFO - Filling up the DagBag from /home/airflow/.local/lib/python3.8/site-packages/airflow/example_dags/example_xcom.py
[2024-06-04T07:56:34.114+0000] {processor.py:840} INFO - DAG(s) 'example_xcom' retrieved from /home/airflow/.local/lib/python3.8/site-packages/airflow/example_dags/example_xcom.py
[2024-06-04T07:56:34.142+0000] {logging_mixin.py:188} INFO - [2024-06-04T07:56:34.141+0000] {dag.py:3047} INFO - Sync 1 DAGs
[2024-06-04T07:56:34.165+0000] {logging_mixin.py:188} INFO - [2024-06-04T07:56:34.165+0000] {dag.py:3834} INFO - Setting next_dagrun for example_xcom to 2021-01-01 00:00:00+00:00, run_after=2021-01-01 00:00:00+00:00
[2024-06-04T07:56:34.184+0000] {processor.py:183} INFO - Processing /home/airflow/.local/lib/python3.8/site-packages/airflow/example_dags/example_xcom.py took 0.085 seconds
[2024-06-04T07:57:04.699+0000] {processor.py:161} INFO - Started process (PID=841) to work on /home/airflow/.local/lib/python3.8/site-packages/airflow/example_dags/example_xcom.py
[2024-06-04T07:57:04.700+0000] {processor.py:830} INFO - Processing file /home/airflow/.local/lib/python3.8/site-packages/airflow/example_dags/example_xcom.py for tasks to queue
[2024-06-04T07:57:04.702+0000] {logging_mixin.py:188} INFO - [2024-06-04T07:57:04.702+0000] {dagbag.py:540} INFO - Filling up the DagBag from /home/airflow/.local/lib/python3.8/site-packages/airflow/example_dags/example_xcom.py
[2024-06-04T07:57:04.710+0000] {processor.py:840} INFO - DAG(s) 'example_xcom' retrieved from /home/airflow/.local/lib/python3.8/site-packages/airflow/example_dags/example_xcom.py
[2024-06-04T07:57:04.736+0000] {logging_mixin.py:188} INFO - [2024-06-04T07:57:04.736+0000] {dag.py:3047} INFO - Sync 1 DAGs
[2024-06-04T07:57:04.760+0000] {logging_mixin.py:188} INFO - [2024-06-04T07:57:04.760+0000] {dag.py:3834} INFO - Setting next_dagrun for example_xcom to 2021-01-01 00:00:00+00:00, run_after=2021-01-01 00:00:00+00:00
[2024-06-04T07:57:04.779+0000] {processor.py:183} INFO - Processing /home/airflow/.local/lib/python3.8/site-packages/airflow/example_dags/example_xcom.py took 0.084 seconds
[2024-06-04T07:57:35.188+0000] {processor.py:161} INFO - Started process (PID=899) to work on /home/airflow/.local/lib/python3.8/site-packages/airflow/example_dags/example_xcom.py
[2024-06-04T07:57:35.189+0000] {processor.py:830} INFO - Processing file /home/airflow/.local/lib/python3.8/site-packages/airflow/example_dags/example_xcom.py for tasks to queue
[2024-06-04T07:57:35.191+0000] {logging_mixin.py:188} INFO - [2024-06-04T07:57:35.190+0000] {dagbag.py:540} INFO - Filling up the DagBag from /home/airflow/.local/lib/python3.8/site-packages/airflow/example_dags/example_xcom.py
[2024-06-04T07:57:35.199+0000] {processor.py:840} INFO - DAG(s) 'example_xcom' retrieved from /home/airflow/.local/lib/python3.8/site-packages/airflow/example_dags/example_xcom.py
[2024-06-04T07:57:35.226+0000] {logging_mixin.py:188} INFO - [2024-06-04T07:57:35.225+0000] {dag.py:3047} INFO - Sync 1 DAGs
[2024-06-04T07:57:35.249+0000] {logging_mixin.py:188} INFO - [2024-06-04T07:57:35.248+0000] {dag.py:3834} INFO - Setting next_dagrun for example_xcom to 2021-01-01 00:00:00+00:00, run_after=2021-01-01 00:00:00+00:00
[2024-06-04T07:57:35.269+0000] {processor.py:183} INFO - Processing /home/airflow/.local/lib/python3.8/site-packages/airflow/example_dags/example_xcom.py took 0.085 seconds
[2024-06-04T07:58:05.616+0000] {processor.py:161} INFO - Started process (PID=957) to work on /home/airflow/.local/lib/python3.8/site-packages/airflow/example_dags/example_xcom.py
[2024-06-04T07:58:05.617+0000] {processor.py:830} INFO - Processing file /home/airflow/.local/lib/python3.8/site-packages/airflow/example_dags/example_xcom.py for tasks to queue
[2024-06-04T07:58:05.619+0000] {logging_mixin.py:188} INFO - [2024-06-04T07:58:05.619+0000] {dagbag.py:540} INFO - Filling up the DagBag from /home/airflow/.local/lib/python3.8/site-packages/airflow/example_dags/example_xcom.py
[2024-06-04T07:58:05.627+0000] {processor.py:840} INFO - DAG(s) 'example_xcom' retrieved from /home/airflow/.local/lib/python3.8/site-packages/airflow/example_dags/example_xcom.py
[2024-06-04T07:58:05.653+0000] {logging_mixin.py:188} INFO - [2024-06-04T07:58:05.653+0000] {dag.py:3047} INFO - Sync 1 DAGs
[2024-06-04T07:58:05.677+0000] {logging_mixin.py:188} INFO - [2024-06-04T07:58:05.677+0000] {dag.py:3834} INFO - Setting next_dagrun for example_xcom to 2021-01-01 00:00:00+00:00, run_after=2021-01-01 00:00:00+00:00
[2024-06-04T07:58:05.695+0000] {processor.py:183} INFO - Processing /home/airflow/.local/lib/python3.8/site-packages/airflow/example_dags/example_xcom.py took 0.083 seconds
[2024-06-04T07:58:36.052+0000] {processor.py:161} INFO - Started process (PID=1015) to work on /home/airflow/.local/lib/python3.8/site-packages/airflow/example_dags/example_xcom.py
[2024-06-04T07:58:36.054+0000] {processor.py:830} INFO - Processing file /home/airflow/.local/lib/python3.8/site-packages/airflow/example_dags/example_xcom.py for tasks to queue
[2024-06-04T07:58:36.056+0000] {logging_mixin.py:188} INFO - [2024-06-04T07:58:36.055+0000] {dagbag.py:540} INFO - Filling up the DagBag from /home/airflow/.local/lib/python3.8/site-packages/airflow/example_dags/example_xcom.py
[2024-06-04T07:58:36.065+0000] {processor.py:840} INFO - DAG(s) 'example_xcom' retrieved from /home/airflow/.local/lib/python3.8/site-packages/airflow/example_dags/example_xcom.py
[2024-06-04T07:58:36.093+0000] {logging_mixin.py:188} INFO - [2024-06-04T07:58:36.093+0000] {dag.py:3047} INFO - Sync 1 DAGs
[2024-06-04T07:58:36.120+0000] {logging_mixin.py:188} INFO - [2024-06-04T07:58:36.119+0000] {dag.py:3834} INFO - Setting next_dagrun for example_xcom to 2021-01-01 00:00:00+00:00, run_after=2021-01-01 00:00:00+00:00
[2024-06-04T07:58:36.142+0000] {processor.py:183} INFO - Processing /home/airflow/.local/lib/python3.8/site-packages/airflow/example_dags/example_xcom.py took 0.093 seconds
[2024-06-04T07:59:06.239+0000] {processor.py:161} INFO - Started process (PID=1074) to work on /home/airflow/.local/lib/python3.8/site-packages/airflow/example_dags/example_xcom.py
[2024-06-04T07:59:06.241+0000] {processor.py:830} INFO - Processing file /home/airflow/.local/lib/python3.8/site-packages/airflow/example_dags/example_xcom.py for tasks to queue
[2024-06-04T07:59:06.243+0000] {logging_mixin.py:188} INFO - [2024-06-04T07:59:06.242+0000] {dagbag.py:540} INFO - Filling up the DagBag from /home/airflow/.local/lib/python3.8/site-packages/airflow/example_dags/example_xcom.py
[2024-06-04T07:59:06.251+0000] {processor.py:840} INFO - DAG(s) 'example_xcom' retrieved from /home/airflow/.local/lib/python3.8/site-packages/airflow/example_dags/example_xcom.py
[2024-06-04T07:59:06.310+0000] {logging_mixin.py:188} INFO - [2024-06-04T07:59:06.309+0000] {dag.py:3047} INFO - Sync 1 DAGs
[2024-06-04T07:59:06.338+0000] {logging_mixin.py:188} INFO - [2024-06-04T07:59:06.337+0000] {dag.py:3834} INFO - Setting next_dagrun for example_xcom to 2021-01-01 00:00:00+00:00, run_after=2021-01-01 00:00:00+00:00
[2024-06-04T07:59:06.357+0000] {processor.py:183} INFO - Processing /home/airflow/.local/lib/python3.8/site-packages/airflow/example_dags/example_xcom.py took 0.122 seconds
[2024-06-04T07:59:36.574+0000] {processor.py:161} INFO - Started process (PID=1132) to work on /home/airflow/.local/lib/python3.8/site-packages/airflow/example_dags/example_xcom.py
[2024-06-04T07:59:36.576+0000] {processor.py:830} INFO - Processing file /home/airflow/.local/lib/python3.8/site-packages/airflow/example_dags/example_xcom.py for tasks to queue
[2024-06-04T07:59:36.578+0000] {logging_mixin.py:188} INFO - [2024-06-04T07:59:36.578+0000] {dagbag.py:540} INFO - Filling up the DagBag from /home/airflow/.local/lib/python3.8/site-packages/airflow/example_dags/example_xcom.py
[2024-06-04T07:59:36.587+0000] {processor.py:840} INFO - DAG(s) 'example_xcom' retrieved from /home/airflow/.local/lib/python3.8/site-packages/airflow/example_dags/example_xcom.py
[2024-06-04T07:59:36.621+0000] {logging_mixin.py:188} INFO - [2024-06-04T07:59:36.620+0000] {dag.py:3047} INFO - Sync 1 DAGs
[2024-06-04T07:59:36.644+0000] {logging_mixin.py:188} INFO - [2024-06-04T07:59:36.643+0000] {dag.py:3834} INFO - Setting next_dagrun for example_xcom to 2021-01-01 00:00:00+00:00, run_after=2021-01-01 00:00:00+00:00
[2024-06-04T07:59:36.663+0000] {processor.py:183} INFO - Processing /home/airflow/.local/lib/python3.8/site-packages/airflow/example_dags/example_xcom.py took 0.093 seconds
[2024-06-04T08:00:06.813+0000] {processor.py:161} INFO - Started process (PID=1190) to work on /home/airflow/.local/lib/python3.8/site-packages/airflow/example_dags/example_xcom.py
[2024-06-04T08:00:06.815+0000] {processor.py:830} INFO - Processing file /home/airflow/.local/lib/python3.8/site-packages/airflow/example_dags/example_xcom.py for tasks to queue
[2024-06-04T08:00:06.817+0000] {logging_mixin.py:188} INFO - [2024-06-04T08:00:06.816+0000] {dagbag.py:540} INFO - Filling up the DagBag from /home/airflow/.local/lib/python3.8/site-packages/airflow/example_dags/example_xcom.py
[2024-06-04T08:00:06.825+0000] {processor.py:840} INFO - DAG(s) 'example_xcom' retrieved from /home/airflow/.local/lib/python3.8/site-packages/airflow/example_dags/example_xcom.py
[2024-06-04T08:00:06.851+0000] {logging_mixin.py:188} INFO - [2024-06-04T08:00:06.850+0000] {dag.py:3047} INFO - Sync 1 DAGs
[2024-06-04T08:00:06.874+0000] {logging_mixin.py:188} INFO - [2024-06-04T08:00:06.874+0000] {dag.py:3834} INFO - Setting next_dagrun for example_xcom to 2021-01-01 00:00:00+00:00, run_after=2021-01-01 00:00:00+00:00
[2024-06-04T08:00:06.904+0000] {processor.py:183} INFO - Processing /home/airflow/.local/lib/python3.8/site-packages/airflow/example_dags/example_xcom.py took 0.095 seconds
[2024-06-04T08:00:37.419+0000] {processor.py:161} INFO - Started process (PID=1248) to work on /home/airflow/.local/lib/python3.8/site-packages/airflow/example_dags/example_xcom.py
[2024-06-04T08:00:37.420+0000] {processor.py:830} INFO - Processing file /home/airflow/.local/lib/python3.8/site-packages/airflow/example_dags/example_xcom.py for tasks to queue
[2024-06-04T08:00:37.422+0000] {logging_mixin.py:188} INFO - [2024-06-04T08:00:37.422+0000] {dagbag.py:540} INFO - Filling up the DagBag from /home/airflow/.local/lib/python3.8/site-packages/airflow/example_dags/example_xcom.py
[2024-06-04T08:00:37.430+0000] {processor.py:840} INFO - DAG(s) 'example_xcom' retrieved from /home/airflow/.local/lib/python3.8/site-packages/airflow/example_dags/example_xcom.py
[2024-06-04T08:00:37.461+0000] {logging_mixin.py:188} INFO - [2024-06-04T08:00:37.460+0000] {dag.py:3047} INFO - Sync 1 DAGs
[2024-06-04T08:00:37.490+0000] {logging_mixin.py:188} INFO - [2024-06-04T08:00:37.490+0000] {dag.py:3834} INFO - Setting next_dagrun for example_xcom to 2021-01-01 00:00:00+00:00, run_after=2021-01-01 00:00:00+00:00
[2024-06-04T08:00:37.514+0000] {processor.py:183} INFO - Processing /home/airflow/.local/lib/python3.8/site-packages/airflow/example_dags/example_xcom.py took 0.098 seconds
[2024-06-04T08:01:07.907+0000] {processor.py:161} INFO - Started process (PID=1306) to work on /home/airflow/.local/lib/python3.8/site-packages/airflow/example_dags/example_xcom.py
[2024-06-04T08:01:07.909+0000] {processor.py:830} INFO - Processing file /home/airflow/.local/lib/python3.8/site-packages/airflow/example_dags/example_xcom.py for tasks to queue
[2024-06-04T08:01:07.911+0000] {logging_mixin.py:188} INFO - [2024-06-04T08:01:07.910+0000] {dagbag.py:540} INFO - Filling up the DagBag from /home/airflow/.local/lib/python3.8/site-packages/airflow/example_dags/example_xcom.py
[2024-06-04T08:01:07.919+0000] {processor.py:840} INFO - DAG(s) 'example_xcom' retrieved from /home/airflow/.local/lib/python3.8/site-packages/airflow/example_dags/example_xcom.py
[2024-06-04T08:01:07.943+0000] {logging_mixin.py:188} INFO - [2024-06-04T08:01:07.942+0000] {dag.py:3047} INFO - Sync 1 DAGs
[2024-06-04T08:01:07.967+0000] {logging_mixin.py:188} INFO - [2024-06-04T08:01:07.966+0000] {dag.py:3834} INFO - Setting next_dagrun for example_xcom to 2021-01-01 00:00:00+00:00, run_after=2021-01-01 00:00:00+00:00
[2024-06-04T08:01:07.984+0000] {processor.py:183} INFO - Processing /home/airflow/.local/lib/python3.8/site-packages/airflow/example_dags/example_xcom.py took 0.080 seconds
[2024-06-04T08:01:38.562+0000] {processor.py:161} INFO - Started process (PID=1364) to work on /home/airflow/.local/lib/python3.8/site-packages/airflow/example_dags/example_xcom.py
[2024-06-04T08:01:38.563+0000] {processor.py:830} INFO - Processing file /home/airflow/.local/lib/python3.8/site-packages/airflow/example_dags/example_xcom.py for tasks to queue
[2024-06-04T08:01:38.566+0000] {logging_mixin.py:188} INFO - [2024-06-04T08:01:38.566+0000] {dagbag.py:540} INFO - Filling up the DagBag from /home/airflow/.local/lib/python3.8/site-packages/airflow/example_dags/example_xcom.py
[2024-06-04T08:01:38.576+0000] {processor.py:840} INFO - DAG(s) 'example_xcom' retrieved from /home/airflow/.local/lib/python3.8/site-packages/airflow/example_dags/example_xcom.py
[2024-06-04T08:01:38.607+0000] {logging_mixin.py:188} INFO - [2024-06-04T08:01:38.607+0000] {dag.py:3047} INFO - Sync 1 DAGs
[2024-06-04T08:01:38.638+0000] {logging_mixin.py:188} INFO - [2024-06-04T08:01:38.638+0000] {dag.py:3834} INFO - Setting next_dagrun for example_xcom to 2021-01-01 00:00:00+00:00, run_after=2021-01-01 00:00:00+00:00
[2024-06-04T08:01:38.665+0000] {processor.py:183} INFO - Processing /home/airflow/.local/lib/python3.8/site-packages/airflow/example_dags/example_xcom.py took 0.107 seconds
[2024-06-04T08:02:08.777+0000] {processor.py:161} INFO - Started process (PID=1422) to work on /home/airflow/.local/lib/python3.8/site-packages/airflow/example_dags/example_xcom.py
[2024-06-04T08:02:08.778+0000] {processor.py:830} INFO - Processing file /home/airflow/.local/lib/python3.8/site-packages/airflow/example_dags/example_xcom.py for tasks to queue
[2024-06-04T08:02:08.780+0000] {logging_mixin.py:188} INFO - [2024-06-04T08:02:08.780+0000] {dagbag.py:540} INFO - Filling up the DagBag from /home/airflow/.local/lib/python3.8/site-packages/airflow/example_dags/example_xcom.py
[2024-06-04T08:02:08.788+0000] {processor.py:840} INFO - DAG(s) 'example_xcom' retrieved from /home/airflow/.local/lib/python3.8/site-packages/airflow/example_dags/example_xcom.py
[2024-06-04T08:02:08.817+0000] {logging_mixin.py:188} INFO - [2024-06-04T08:02:08.817+0000] {dag.py:3047} INFO - Sync 1 DAGs
[2024-06-04T08:02:08.847+0000] {logging_mixin.py:188} INFO - [2024-06-04T08:02:08.846+0000] {dag.py:3834} INFO - Setting next_dagrun for example_xcom to 2021-01-01 00:00:00+00:00, run_after=2021-01-01 00:00:00+00:00
[2024-06-04T08:02:08.871+0000] {processor.py:183} INFO - Processing /home/airflow/.local/lib/python3.8/site-packages/airflow/example_dags/example_xcom.py took 0.098 seconds
[2024-06-04T08:02:39.778+0000] {processor.py:161} INFO - Started process (PID=1480) to work on /home/airflow/.local/lib/python3.8/site-packages/airflow/example_dags/example_xcom.py
[2024-06-04T08:02:39.779+0000] {processor.py:830} INFO - Processing file /home/airflow/.local/lib/python3.8/site-packages/airflow/example_dags/example_xcom.py for tasks to queue
[2024-06-04T08:02:39.781+0000] {logging_mixin.py:188} INFO - [2024-06-04T08:02:39.780+0000] {dagbag.py:540} INFO - Filling up the DagBag from /home/airflow/.local/lib/python3.8/site-packages/airflow/example_dags/example_xcom.py
[2024-06-04T08:02:39.788+0000] {processor.py:840} INFO - DAG(s) 'example_xcom' retrieved from /home/airflow/.local/lib/python3.8/site-packages/airflow/example_dags/example_xcom.py
[2024-06-04T08:02:39.813+0000] {logging_mixin.py:188} INFO - [2024-06-04T08:02:39.813+0000] {dag.py:3047} INFO - Sync 1 DAGs
[2024-06-04T08:02:39.838+0000] {logging_mixin.py:188} INFO - [2024-06-04T08:02:39.837+0000] {dag.py:3834} INFO - Setting next_dagrun for example_xcom to 2021-01-01 00:00:00+00:00, run_after=2021-01-01 00:00:00+00:00
[2024-06-04T08:02:39.861+0000] {processor.py:183} INFO - Processing /home/airflow/.local/lib/python3.8/site-packages/airflow/example_dags/example_xcom.py took 0.087 seconds
[2024-06-04T08:03:10.159+0000] {processor.py:161} INFO - Started process (PID=1538) to work on /home/airflow/.local/lib/python3.8/site-packages/airflow/example_dags/example_xcom.py
[2024-06-04T08:03:10.160+0000] {processor.py:830} INFO - Processing file /home/airflow/.local/lib/python3.8/site-packages/airflow/example_dags/example_xcom.py for tasks to queue
[2024-06-04T08:03:10.162+0000] {logging_mixin.py:188} INFO - [2024-06-04T08:03:10.162+0000] {dagbag.py:540} INFO - Filling up the DagBag from /home/airflow/.local/lib/python3.8/site-packages/airflow/example_dags/example_xcom.py
[2024-06-04T08:03:10.170+0000] {processor.py:840} INFO - DAG(s) 'example_xcom' retrieved from /home/airflow/.local/lib/python3.8/site-packages/airflow/example_dags/example_xcom.py
[2024-06-04T08:03:10.195+0000] {logging_mixin.py:188} INFO - [2024-06-04T08:03:10.195+0000] {dag.py:3047} INFO - Sync 1 DAGs
[2024-06-04T08:03:10.222+0000] {logging_mixin.py:188} INFO - [2024-06-04T08:03:10.222+0000] {dag.py:3834} INFO - Setting next_dagrun for example_xcom to 2021-01-01 00:00:00+00:00, run_after=2021-01-01 00:00:00+00:00
[2024-06-04T08:03:10.240+0000] {processor.py:183} INFO - Processing /home/airflow/.local/lib/python3.8/site-packages/airflow/example_dags/example_xcom.py took 0.085 seconds
[2024-06-04T08:03:40.725+0000] {processor.py:161} INFO - Started process (PID=1596) to work on /home/airflow/.local/lib/python3.8/site-packages/airflow/example_dags/example_xcom.py
[2024-06-04T08:03:40.726+0000] {processor.py:830} INFO - Processing file /home/airflow/.local/lib/python3.8/site-packages/airflow/example_dags/example_xcom.py for tasks to queue
[2024-06-04T08:03:40.728+0000] {logging_mixin.py:188} INFO - [2024-06-04T08:03:40.728+0000] {dagbag.py:540} INFO - Filling up the DagBag from /home/airflow/.local/lib/python3.8/site-packages/airflow/example_dags/example_xcom.py
[2024-06-04T08:03:40.738+0000] {processor.py:840} INFO - DAG(s) 'example_xcom' retrieved from /home/airflow/.local/lib/python3.8/site-packages/airflow/example_dags/example_xcom.py
[2024-06-04T08:03:40.768+0000] {logging_mixin.py:188} INFO - [2024-06-04T08:03:40.768+0000] {dag.py:3047} INFO - Sync 1 DAGs
[2024-06-04T08:03:40.798+0000] {logging_mixin.py:188} INFO - [2024-06-04T08:03:40.798+0000] {dag.py:3834} INFO - Setting next_dagrun for example_xcom to 2021-01-01 00:00:00+00:00, run_after=2021-01-01 00:00:00+00:00
[2024-06-04T08:03:40.823+0000] {processor.py:183} INFO - Processing /home/airflow/.local/lib/python3.8/site-packages/airflow/example_dags/example_xcom.py took 0.102 seconds
[2024-06-04T08:04:11.656+0000] {processor.py:161} INFO - Started process (PID=1654) to work on /home/airflow/.local/lib/python3.8/site-packages/airflow/example_dags/example_xcom.py
[2024-06-04T08:04:11.657+0000] {processor.py:830} INFO - Processing file /home/airflow/.local/lib/python3.8/site-packages/airflow/example_dags/example_xcom.py for tasks to queue
[2024-06-04T08:04:11.659+0000] {logging_mixin.py:188} INFO - [2024-06-04T08:04:11.659+0000] {dagbag.py:540} INFO - Filling up the DagBag from /home/airflow/.local/lib/python3.8/site-packages/airflow/example_dags/example_xcom.py
[2024-06-04T08:04:11.667+0000] {processor.py:840} INFO - DAG(s) 'example_xcom' retrieved from /home/airflow/.local/lib/python3.8/site-packages/airflow/example_dags/example_xcom.py
[2024-06-04T08:04:11.694+0000] {logging_mixin.py:188} INFO - [2024-06-04T08:04:11.694+0000] {dag.py:3047} INFO - Sync 1 DAGs
[2024-06-04T08:04:11.719+0000] {logging_mixin.py:188} INFO - [2024-06-04T08:04:11.719+0000] {dag.py:3834} INFO - Setting next_dagrun for example_xcom to 2021-01-01 00:00:00+00:00, run_after=2021-01-01 00:00:00+00:00
[2024-06-04T08:04:11.742+0000] {processor.py:183} INFO - Processing /home/airflow/.local/lib/python3.8/site-packages/airflow/example_dags/example_xcom.py took 0.090 seconds
[2024-06-04T08:04:42.123+0000] {processor.py:161} INFO - Started process (PID=1712) to work on /home/airflow/.local/lib/python3.8/site-packages/airflow/example_dags/example_xcom.py
[2024-06-04T08:04:42.124+0000] {processor.py:830} INFO - Processing file /home/airflow/.local/lib/python3.8/site-packages/airflow/example_dags/example_xcom.py for tasks to queue
[2024-06-04T08:04:42.126+0000] {logging_mixin.py:188} INFO - [2024-06-04T08:04:42.126+0000] {dagbag.py:540} INFO - Filling up the DagBag from /home/airflow/.local/lib/python3.8/site-packages/airflow/example_dags/example_xcom.py
[2024-06-04T08:04:42.135+0000] {processor.py:840} INFO - DAG(s) 'example_xcom' retrieved from /home/airflow/.local/lib/python3.8/site-packages/airflow/example_dags/example_xcom.py
[2024-06-04T08:04:42.160+0000] {logging_mixin.py:188} INFO - [2024-06-04T08:04:42.160+0000] {dag.py:3047} INFO - Sync 1 DAGs
[2024-06-04T08:04:42.185+0000] {logging_mixin.py:188} INFO - [2024-06-04T08:04:42.184+0000] {dag.py:3834} INFO - Setting next_dagrun for example_xcom to 2021-01-01 00:00:00+00:00, run_after=2021-01-01 00:00:00+00:00
[2024-06-04T08:04:42.203+0000] {processor.py:183} INFO - Processing /home/airflow/.local/lib/python3.8/site-packages/airflow/example_dags/example_xcom.py took 0.084 seconds
[2024-06-04T08:05:13.710+0000] {processor.py:161} INFO - Started process (PID=1770) to work on /home/airflow/.local/lib/python3.8/site-packages/airflow/example_dags/example_xcom.py
[2024-06-04T08:05:13.711+0000] {processor.py:830} INFO - Processing file /home/airflow/.local/lib/python3.8/site-packages/airflow/example_dags/example_xcom.py for tasks to queue
[2024-06-04T08:05:13.713+0000] {logging_mixin.py:188} INFO - [2024-06-04T08:05:13.712+0000] {dagbag.py:540} INFO - Filling up the DagBag from /home/airflow/.local/lib/python3.8/site-packages/airflow/example_dags/example_xcom.py
[2024-06-04T08:05:13.720+0000] {processor.py:840} INFO - DAG(s) 'example_xcom' retrieved from /home/airflow/.local/lib/python3.8/site-packages/airflow/example_dags/example_xcom.py
[2024-06-04T08:05:13.742+0000] {logging_mixin.py:188} INFO - [2024-06-04T08:05:13.742+0000] {dag.py:3047} INFO - Sync 1 DAGs
[2024-06-04T08:05:13.764+0000] {logging_mixin.py:188} INFO - [2024-06-04T08:05:13.764+0000] {dag.py:3834} INFO - Setting next_dagrun for example_xcom to 2021-01-01 00:00:00+00:00, run_after=2021-01-01 00:00:00+00:00
[2024-06-04T08:05:13.781+0000] {processor.py:183} INFO - Processing /home/airflow/.local/lib/python3.8/site-packages/airflow/example_dags/example_xcom.py took 0.074 seconds
[2024-06-04T08:05:44.669+0000] {processor.py:161} INFO - Started process (PID=1828) to work on /home/airflow/.local/lib/python3.8/site-packages/airflow/example_dags/example_xcom.py
[2024-06-04T08:05:44.670+0000] {processor.py:830} INFO - Processing file /home/airflow/.local/lib/python3.8/site-packages/airflow/example_dags/example_xcom.py for tasks to queue
[2024-06-04T08:05:44.672+0000] {logging_mixin.py:188} INFO - [2024-06-04T08:05:44.671+0000] {dagbag.py:540} INFO - Filling up the DagBag from /home/airflow/.local/lib/python3.8/site-packages/airflow/example_dags/example_xcom.py
[2024-06-04T08:05:44.679+0000] {processor.py:840} INFO - DAG(s) 'example_xcom' retrieved from /home/airflow/.local/lib/python3.8/site-packages/airflow/example_dags/example_xcom.py
[2024-06-04T08:05:44.705+0000] {logging_mixin.py:188} INFO - [2024-06-04T08:05:44.704+0000] {dag.py:3047} INFO - Sync 1 DAGs
[2024-06-04T08:05:44.731+0000] {logging_mixin.py:188} INFO - [2024-06-04T08:05:44.731+0000] {dag.py:3834} INFO - Setting next_dagrun for example_xcom to 2021-01-01 00:00:00+00:00, run_after=2021-01-01 00:00:00+00:00
[2024-06-04T08:05:44.754+0000] {processor.py:183} INFO - Processing /home/airflow/.local/lib/python3.8/site-packages/airflow/example_dags/example_xcom.py took 0.089 seconds
[2024-06-04T08:06:15.849+0000] {processor.py:161} INFO - Started process (PID=1886) to work on /home/airflow/.local/lib/python3.8/site-packages/airflow/example_dags/example_xcom.py
[2024-06-04T08:06:15.850+0000] {processor.py:830} INFO - Processing file /home/airflow/.local/lib/python3.8/site-packages/airflow/example_dags/example_xcom.py for tasks to queue
[2024-06-04T08:06:15.853+0000] {logging_mixin.py:188} INFO - [2024-06-04T08:06:15.852+0000] {dagbag.py:540} INFO - Filling up the DagBag from /home/airflow/.local/lib/python3.8/site-packages/airflow/example_dags/example_xcom.py
[2024-06-04T08:06:15.862+0000] {processor.py:840} INFO - DAG(s) 'example_xcom' retrieved from /home/airflow/.local/lib/python3.8/site-packages/airflow/example_dags/example_xcom.py
[2024-06-04T08:06:15.890+0000] {logging_mixin.py:188} INFO - [2024-06-04T08:06:15.889+0000] {dag.py:3047} INFO - Sync 1 DAGs
[2024-06-04T08:06:15.926+0000] {logging_mixin.py:188} INFO - [2024-06-04T08:06:15.926+0000] {dag.py:3834} INFO - Setting next_dagrun for example_xcom to 2021-01-01 00:00:00+00:00, run_after=2021-01-01 00:00:00+00:00
[2024-06-04T08:06:15.953+0000] {processor.py:183} INFO - Processing /home/airflow/.local/lib/python3.8/site-packages/airflow/example_dags/example_xcom.py took 0.108 seconds
[2024-06-04T08:06:46.468+0000] {processor.py:161} INFO - Started process (PID=1944) to work on /home/airflow/.local/lib/python3.8/site-packages/airflow/example_dags/example_xcom.py
[2024-06-04T08:06:46.469+0000] {processor.py:830} INFO - Processing file /home/airflow/.local/lib/python3.8/site-packages/airflow/example_dags/example_xcom.py for tasks to queue
[2024-06-04T08:06:46.471+0000] {logging_mixin.py:188} INFO - [2024-06-04T08:06:46.471+0000] {dagbag.py:540} INFO - Filling up the DagBag from /home/airflow/.local/lib/python3.8/site-packages/airflow/example_dags/example_xcom.py
[2024-06-04T08:06:46.479+0000] {processor.py:840} INFO - DAG(s) 'example_xcom' retrieved from /home/airflow/.local/lib/python3.8/site-packages/airflow/example_dags/example_xcom.py
[2024-06-04T08:06:46.508+0000] {logging_mixin.py:188} INFO - [2024-06-04T08:06:46.508+0000] {dag.py:3047} INFO - Sync 1 DAGs
[2024-06-04T08:06:46.544+0000] {logging_mixin.py:188} INFO - [2024-06-04T08:06:46.543+0000] {dag.py:3834} INFO - Setting next_dagrun for example_xcom to 2021-01-01 00:00:00+00:00, run_after=2021-01-01 00:00:00+00:00
[2024-06-04T08:06:46.572+0000] {processor.py:183} INFO - Processing /home/airflow/.local/lib/python3.8/site-packages/airflow/example_dags/example_xcom.py took 0.108 seconds
[2024-06-04T08:07:17.099+0000] {processor.py:161} INFO - Started process (PID=2002) to work on /home/airflow/.local/lib/python3.8/site-packages/airflow/example_dags/example_xcom.py
[2024-06-04T08:07:17.100+0000] {processor.py:830} INFO - Processing file /home/airflow/.local/lib/python3.8/site-packages/airflow/example_dags/example_xcom.py for tasks to queue
[2024-06-04T08:07:17.102+0000] {logging_mixin.py:188} INFO - [2024-06-04T08:07:17.102+0000] {dagbag.py:540} INFO - Filling up the DagBag from /home/airflow/.local/lib/python3.8/site-packages/airflow/example_dags/example_xcom.py
[2024-06-04T08:07:17.113+0000] {processor.py:840} INFO - DAG(s) 'example_xcom' retrieved from /home/airflow/.local/lib/python3.8/site-packages/airflow/example_dags/example_xcom.py
[2024-06-04T08:07:17.144+0000] {logging_mixin.py:188} INFO - [2024-06-04T08:07:17.144+0000] {dag.py:3047} INFO - Sync 1 DAGs
[2024-06-04T08:07:17.173+0000] {logging_mixin.py:188} INFO - [2024-06-04T08:07:17.173+0000] {dag.py:3834} INFO - Setting next_dagrun for example_xcom to 2021-01-01 00:00:00+00:00, run_after=2021-01-01 00:00:00+00:00
[2024-06-04T08:07:17.192+0000] {processor.py:183} INFO - Processing /home/airflow/.local/lib/python3.8/site-packages/airflow/example_dags/example_xcom.py took 0.097 seconds
[2024-06-04T08:07:49.051+0000] {processor.py:161} INFO - Started process (PID=2060) to work on /home/airflow/.local/lib/python3.8/site-packages/airflow/example_dags/example_xcom.py
[2024-06-04T08:07:49.053+0000] {processor.py:830} INFO - Processing file /home/airflow/.local/lib/python3.8/site-packages/airflow/example_dags/example_xcom.py for tasks to queue
[2024-06-04T08:07:49.055+0000] {logging_mixin.py:188} INFO - [2024-06-04T08:07:49.054+0000] {dagbag.py:540} INFO - Filling up the DagBag from /home/airflow/.local/lib/python3.8/site-packages/airflow/example_dags/example_xcom.py
[2024-06-04T08:07:49.063+0000] {processor.py:840} INFO - DAG(s) 'example_xcom' retrieved from /home/airflow/.local/lib/python3.8/site-packages/airflow/example_dags/example_xcom.py
[2024-06-04T08:07:49.129+0000] {logging_mixin.py:188} INFO - [2024-06-04T08:07:49.129+0000] {dag.py:3047} INFO - Sync 1 DAGs
[2024-06-04T08:07:49.506+0000] {logging_mixin.py:188} INFO - [2024-06-04T08:07:49.505+0000] {dag.py:3834} INFO - Setting next_dagrun for example_xcom to 2021-01-01 00:00:00+00:00, run_after=2021-01-01 00:00:00+00:00
[2024-06-04T08:07:49.535+0000] {processor.py:183} INFO - Processing /home/airflow/.local/lib/python3.8/site-packages/airflow/example_dags/example_xcom.py took 0.487 seconds
[2024-06-04T08:08:19.726+0000] {processor.py:161} INFO - Started process (PID=2118) to work on /home/airflow/.local/lib/python3.8/site-packages/airflow/example_dags/example_xcom.py
[2024-06-04T08:08:19.727+0000] {processor.py:830} INFO - Processing file /home/airflow/.local/lib/python3.8/site-packages/airflow/example_dags/example_xcom.py for tasks to queue
[2024-06-04T08:08:19.729+0000] {logging_mixin.py:188} INFO - [2024-06-04T08:08:19.729+0000] {dagbag.py:540} INFO - Filling up the DagBag from /home/airflow/.local/lib/python3.8/site-packages/airflow/example_dags/example_xcom.py
[2024-06-04T08:08:19.739+0000] {processor.py:840} INFO - DAG(s) 'example_xcom' retrieved from /home/airflow/.local/lib/python3.8/site-packages/airflow/example_dags/example_xcom.py
[2024-06-04T08:08:19.804+0000] {logging_mixin.py:188} INFO - [2024-06-04T08:08:19.803+0000] {dag.py:3047} INFO - Sync 1 DAGs
[2024-06-04T08:08:20.081+0000] {logging_mixin.py:188} INFO - [2024-06-04T08:08:20.081+0000] {dag.py:3834} INFO - Setting next_dagrun for example_xcom to 2021-01-01 00:00:00+00:00, run_after=2021-01-01 00:00:00+00:00
[2024-06-04T08:08:20.108+0000] {processor.py:183} INFO - Processing /home/airflow/.local/lib/python3.8/site-packages/airflow/example_dags/example_xcom.py took 0.386 seconds
[2024-06-04T08:08:50.912+0000] {processor.py:161} INFO - Started process (PID=2175) to work on /home/airflow/.local/lib/python3.8/site-packages/airflow/example_dags/example_xcom.py
[2024-06-04T08:08:50.913+0000] {processor.py:830} INFO - Processing file /home/airflow/.local/lib/python3.8/site-packages/airflow/example_dags/example_xcom.py for tasks to queue
[2024-06-04T08:08:50.915+0000] {logging_mixin.py:188} INFO - [2024-06-04T08:08:50.915+0000] {dagbag.py:540} INFO - Filling up the DagBag from /home/airflow/.local/lib/python3.8/site-packages/airflow/example_dags/example_xcom.py
[2024-06-04T08:08:50.925+0000] {processor.py:840} INFO - DAG(s) 'example_xcom' retrieved from /home/airflow/.local/lib/python3.8/site-packages/airflow/example_dags/example_xcom.py
[2024-06-04T08:08:50.959+0000] {logging_mixin.py:188} INFO - [2024-06-04T08:08:50.959+0000] {dag.py:3047} INFO - Sync 1 DAGs
[2024-06-04T08:08:51.029+0000] {logging_mixin.py:188} INFO - [2024-06-04T08:08:51.029+0000] {dag.py:3834} INFO - Setting next_dagrun for example_xcom to 2021-01-01 00:00:00+00:00, run_after=2021-01-01 00:00:00+00:00
[2024-06-04T08:08:51.463+0000] {processor.py:183} INFO - Processing /home/airflow/.local/lib/python3.8/site-packages/airflow/example_dags/example_xcom.py took 0.555 seconds
[2024-06-04T08:09:22.264+0000] {processor.py:161} INFO - Started process (PID=2234) to work on /home/airflow/.local/lib/python3.8/site-packages/airflow/example_dags/example_xcom.py
[2024-06-04T08:09:22.266+0000] {processor.py:830} INFO - Processing file /home/airflow/.local/lib/python3.8/site-packages/airflow/example_dags/example_xcom.py for tasks to queue
[2024-06-04T08:09:22.268+0000] {logging_mixin.py:188} INFO - [2024-06-04T08:09:22.267+0000] {dagbag.py:540} INFO - Filling up the DagBag from /home/airflow/.local/lib/python3.8/site-packages/airflow/example_dags/example_xcom.py
[2024-06-04T08:09:22.277+0000] {processor.py:840} INFO - DAG(s) 'example_xcom' retrieved from /home/airflow/.local/lib/python3.8/site-packages/airflow/example_dags/example_xcom.py
[2024-06-04T08:09:22.305+0000] {logging_mixin.py:188} INFO - [2024-06-04T08:09:22.305+0000] {dag.py:3047} INFO - Sync 1 DAGs
[2024-06-04T08:09:22.335+0000] {logging_mixin.py:188} INFO - [2024-06-04T08:09:22.335+0000] {dag.py:3834} INFO - Setting next_dagrun for example_xcom to 2021-01-01 00:00:00+00:00, run_after=2021-01-01 00:00:00+00:00
[2024-06-04T08:09:22.361+0000] {processor.py:183} INFO - Processing /home/airflow/.local/lib/python3.8/site-packages/airflow/example_dags/example_xcom.py took 0.101 seconds
[2024-06-04T08:09:52.962+0000] {processor.py:161} INFO - Started process (PID=2292) to work on /home/airflow/.local/lib/python3.8/site-packages/airflow/example_dags/example_xcom.py
[2024-06-04T08:09:52.964+0000] {processor.py:830} INFO - Processing file /home/airflow/.local/lib/python3.8/site-packages/airflow/example_dags/example_xcom.py for tasks to queue
[2024-06-04T08:09:52.966+0000] {logging_mixin.py:188} INFO - [2024-06-04T08:09:52.965+0000] {dagbag.py:540} INFO - Filling up the DagBag from /home/airflow/.local/lib/python3.8/site-packages/airflow/example_dags/example_xcom.py
[2024-06-04T08:09:52.974+0000] {processor.py:840} INFO - DAG(s) 'example_xcom' retrieved from /home/airflow/.local/lib/python3.8/site-packages/airflow/example_dags/example_xcom.py
[2024-06-04T08:09:53.005+0000] {logging_mixin.py:188} INFO - [2024-06-04T08:09:53.004+0000] {dag.py:3047} INFO - Sync 1 DAGs
[2024-06-04T08:09:53.034+0000] {logging_mixin.py:188} INFO - [2024-06-04T08:09:53.033+0000] {dag.py:3834} INFO - Setting next_dagrun for example_xcom to 2021-01-01 00:00:00+00:00, run_after=2021-01-01 00:00:00+00:00
[2024-06-04T08:09:53.055+0000] {processor.py:183} INFO - Processing /home/airflow/.local/lib/python3.8/site-packages/airflow/example_dags/example_xcom.py took 0.097 seconds
[2024-06-04T08:10:23.294+0000] {processor.py:161} INFO - Started process (PID=2350) to work on /home/airflow/.local/lib/python3.8/site-packages/airflow/example_dags/example_xcom.py
[2024-06-04T08:10:23.295+0000] {processor.py:830} INFO - Processing file /home/airflow/.local/lib/python3.8/site-packages/airflow/example_dags/example_xcom.py for tasks to queue
[2024-06-04T08:10:23.297+0000] {logging_mixin.py:188} INFO - [2024-06-04T08:10:23.297+0000] {dagbag.py:540} INFO - Filling up the DagBag from /home/airflow/.local/lib/python3.8/site-packages/airflow/example_dags/example_xcom.py
[2024-06-04T08:10:23.305+0000] {processor.py:840} INFO - DAG(s) 'example_xcom' retrieved from /home/airflow/.local/lib/python3.8/site-packages/airflow/example_dags/example_xcom.py
[2024-06-04T08:10:23.334+0000] {logging_mixin.py:188} INFO - [2024-06-04T08:10:23.333+0000] {dag.py:3047} INFO - Sync 1 DAGs
[2024-06-04T08:10:23.358+0000] {logging_mixin.py:188} INFO - [2024-06-04T08:10:23.358+0000] {dag.py:3834} INFO - Setting next_dagrun for example_xcom to 2021-01-01 00:00:00+00:00, run_after=2021-01-01 00:00:00+00:00
[2024-06-04T08:10:23.381+0000] {processor.py:183} INFO - Processing /home/airflow/.local/lib/python3.8/site-packages/airflow/example_dags/example_xcom.py took 0.091 seconds
[2024-06-04T08:10:53.871+0000] {processor.py:161} INFO - Started process (PID=2408) to work on /home/airflow/.local/lib/python3.8/site-packages/airflow/example_dags/example_xcom.py
[2024-06-04T08:10:53.872+0000] {processor.py:830} INFO - Processing file /home/airflow/.local/lib/python3.8/site-packages/airflow/example_dags/example_xcom.py for tasks to queue
[2024-06-04T08:10:53.874+0000] {logging_mixin.py:188} INFO - [2024-06-04T08:10:53.874+0000] {dagbag.py:540} INFO - Filling up the DagBag from /home/airflow/.local/lib/python3.8/site-packages/airflow/example_dags/example_xcom.py
[2024-06-04T08:10:53.882+0000] {processor.py:840} INFO - DAG(s) 'example_xcom' retrieved from /home/airflow/.local/lib/python3.8/site-packages/airflow/example_dags/example_xcom.py
[2024-06-04T08:10:53.910+0000] {logging_mixin.py:188} INFO - [2024-06-04T08:10:53.910+0000] {dag.py:3047} INFO - Sync 1 DAGs
[2024-06-04T08:10:53.941+0000] {logging_mixin.py:188} INFO - [2024-06-04T08:10:53.941+0000] {dag.py:3834} INFO - Setting next_dagrun for example_xcom to 2021-01-01 00:00:00+00:00, run_after=2021-01-01 00:00:00+00:00
[2024-06-04T08:10:53.965+0000] {processor.py:183} INFO - Processing /home/airflow/.local/lib/python3.8/site-packages/airflow/example_dags/example_xcom.py took 0.097 seconds
[2024-06-04T08:11:24.120+0000] {processor.py:161} INFO - Started process (PID=2467) to work on /home/airflow/.local/lib/python3.8/site-packages/airflow/example_dags/example_xcom.py
[2024-06-04T08:11:24.122+0000] {processor.py:830} INFO - Processing file /home/airflow/.local/lib/python3.8/site-packages/airflow/example_dags/example_xcom.py for tasks to queue
[2024-06-04T08:11:24.124+0000] {logging_mixin.py:188} INFO - [2024-06-04T08:11:24.123+0000] {dagbag.py:540} INFO - Filling up the DagBag from /home/airflow/.local/lib/python3.8/site-packages/airflow/example_dags/example_xcom.py
[2024-06-04T08:11:24.135+0000] {processor.py:840} INFO - DAG(s) 'example_xcom' retrieved from /home/airflow/.local/lib/python3.8/site-packages/airflow/example_dags/example_xcom.py
[2024-06-04T08:11:24.163+0000] {logging_mixin.py:188} INFO - [2024-06-04T08:11:24.163+0000] {dag.py:3047} INFO - Sync 1 DAGs
[2024-06-04T08:11:24.201+0000] {logging_mixin.py:188} INFO - [2024-06-04T08:11:24.201+0000] {dag.py:3834} INFO - Setting next_dagrun for example_xcom to 2021-01-01 00:00:00+00:00, run_after=2021-01-01 00:00:00+00:00
[2024-06-04T08:11:24.224+0000] {processor.py:183} INFO - Processing /home/airflow/.local/lib/python3.8/site-packages/airflow/example_dags/example_xcom.py took 0.108 seconds
[2024-06-04T08:11:54.263+0000] {processor.py:161} INFO - Started process (PID=2526) to work on /home/airflow/.local/lib/python3.8/site-packages/airflow/example_dags/example_xcom.py
[2024-06-04T08:11:54.264+0000] {processor.py:830} INFO - Processing file /home/airflow/.local/lib/python3.8/site-packages/airflow/example_dags/example_xcom.py for tasks to queue
[2024-06-04T08:11:54.266+0000] {logging_mixin.py:188} INFO - [2024-06-04T08:11:54.266+0000] {dagbag.py:540} INFO - Filling up the DagBag from /home/airflow/.local/lib/python3.8/site-packages/airflow/example_dags/example_xcom.py
[2024-06-04T08:11:54.274+0000] {processor.py:840} INFO - DAG(s) 'example_xcom' retrieved from /home/airflow/.local/lib/python3.8/site-packages/airflow/example_dags/example_xcom.py
[2024-06-04T08:11:54.298+0000] {logging_mixin.py:188} INFO - [2024-06-04T08:11:54.297+0000] {dag.py:3047} INFO - Sync 1 DAGs
[2024-06-04T08:11:54.330+0000] {logging_mixin.py:188} INFO - [2024-06-04T08:11:54.330+0000] {dag.py:3834} INFO - Setting next_dagrun for example_xcom to 2021-01-01 00:00:00+00:00, run_after=2021-01-01 00:00:00+00:00
[2024-06-04T08:11:54.354+0000] {processor.py:183} INFO - Processing /home/airflow/.local/lib/python3.8/site-packages/airflow/example_dags/example_xcom.py took 0.096 seconds
[2024-06-04T08:12:24.420+0000] {processor.py:161} INFO - Started process (PID=2585) to work on /home/airflow/.local/lib/python3.8/site-packages/airflow/example_dags/example_xcom.py
[2024-06-04T08:12:24.422+0000] {processor.py:830} INFO - Processing file /home/airflow/.local/lib/python3.8/site-packages/airflow/example_dags/example_xcom.py for tasks to queue
[2024-06-04T08:12:24.424+0000] {logging_mixin.py:188} INFO - [2024-06-04T08:12:24.424+0000] {dagbag.py:540} INFO - Filling up the DagBag from /home/airflow/.local/lib/python3.8/site-packages/airflow/example_dags/example_xcom.py
[2024-06-04T08:12:24.436+0000] {processor.py:840} INFO - DAG(s) 'example_xcom' retrieved from /home/airflow/.local/lib/python3.8/site-packages/airflow/example_dags/example_xcom.py
[2024-06-04T08:12:24.473+0000] {logging_mixin.py:188} INFO - [2024-06-04T08:12:24.472+0000] {dag.py:3047} INFO - Sync 1 DAGs
[2024-06-04T08:12:24.506+0000] {logging_mixin.py:188} INFO - [2024-06-04T08:12:24.505+0000] {dag.py:3834} INFO - Setting next_dagrun for example_xcom to 2021-01-01 00:00:00+00:00, run_after=2021-01-01 00:00:00+00:00
[2024-06-04T08:12:24.533+0000] {processor.py:183} INFO - Processing /home/airflow/.local/lib/python3.8/site-packages/airflow/example_dags/example_xcom.py took 0.118 seconds
[2024-06-04T08:12:54.747+0000] {processor.py:161} INFO - Started process (PID=2643) to work on /home/airflow/.local/lib/python3.8/site-packages/airflow/example_dags/example_xcom.py
[2024-06-04T08:12:54.748+0000] {processor.py:830} INFO - Processing file /home/airflow/.local/lib/python3.8/site-packages/airflow/example_dags/example_xcom.py for tasks to queue
[2024-06-04T08:12:54.750+0000] {logging_mixin.py:188} INFO - [2024-06-04T08:12:54.750+0000] {dagbag.py:540} INFO - Filling up the DagBag from /home/airflow/.local/lib/python3.8/site-packages/airflow/example_dags/example_xcom.py
[2024-06-04T08:12:54.759+0000] {processor.py:840} INFO - DAG(s) 'example_xcom' retrieved from /home/airflow/.local/lib/python3.8/site-packages/airflow/example_dags/example_xcom.py
[2024-06-04T08:12:54.787+0000] {logging_mixin.py:188} INFO - [2024-06-04T08:12:54.787+0000] {dag.py:3047} INFO - Sync 1 DAGs
[2024-06-04T08:12:54.829+0000] {logging_mixin.py:188} INFO - [2024-06-04T08:12:54.829+0000] {dag.py:3834} INFO - Setting next_dagrun for example_xcom to 2021-01-01 00:00:00+00:00, run_after=2021-01-01 00:00:00+00:00
[2024-06-04T08:12:54.854+0000] {processor.py:183} INFO - Processing /home/airflow/.local/lib/python3.8/site-packages/airflow/example_dags/example_xcom.py took 0.111 seconds
[2024-06-04T08:13:25.389+0000] {processor.py:161} INFO - Started process (PID=2701) to work on /home/airflow/.local/lib/python3.8/site-packages/airflow/example_dags/example_xcom.py
[2024-06-04T08:13:25.390+0000] {processor.py:830} INFO - Processing file /home/airflow/.local/lib/python3.8/site-packages/airflow/example_dags/example_xcom.py for tasks to queue
[2024-06-04T08:13:25.393+0000] {logging_mixin.py:188} INFO - [2024-06-04T08:13:25.392+0000] {dagbag.py:540} INFO - Filling up the DagBag from /home/airflow/.local/lib/python3.8/site-packages/airflow/example_dags/example_xcom.py
[2024-06-04T08:13:25.403+0000] {processor.py:840} INFO - DAG(s) 'example_xcom' retrieved from /home/airflow/.local/lib/python3.8/site-packages/airflow/example_dags/example_xcom.py
[2024-06-04T08:13:25.437+0000] {logging_mixin.py:188} INFO - [2024-06-04T08:13:25.437+0000] {dag.py:3047} INFO - Sync 1 DAGs
[2024-06-04T08:13:25.469+0000] {logging_mixin.py:188} INFO - [2024-06-04T08:13:25.468+0000] {dag.py:3834} INFO - Setting next_dagrun for example_xcom to 2021-01-01 00:00:00+00:00, run_after=2021-01-01 00:00:00+00:00
[2024-06-04T08:13:25.496+0000] {processor.py:183} INFO - Processing /home/airflow/.local/lib/python3.8/site-packages/airflow/example_dags/example_xcom.py took 0.111 seconds
[2024-06-04T08:13:55.825+0000] {processor.py:161} INFO - Started process (PID=2760) to work on /home/airflow/.local/lib/python3.8/site-packages/airflow/example_dags/example_xcom.py
[2024-06-04T08:13:55.826+0000] {processor.py:830} INFO - Processing file /home/airflow/.local/lib/python3.8/site-packages/airflow/example_dags/example_xcom.py for tasks to queue
[2024-06-04T08:13:55.829+0000] {logging_mixin.py:188} INFO - [2024-06-04T08:13:55.829+0000] {dagbag.py:540} INFO - Filling up the DagBag from /home/airflow/.local/lib/python3.8/site-packages/airflow/example_dags/example_xcom.py
[2024-06-04T08:13:55.839+0000] {processor.py:840} INFO - DAG(s) 'example_xcom' retrieved from /home/airflow/.local/lib/python3.8/site-packages/airflow/example_dags/example_xcom.py
[2024-06-04T08:13:55.857+0000] {logging_mixin.py:188} INFO - [2024-06-04T08:13:55.857+0000] {dag.py:3047} INFO - Sync 1 DAGs
[2024-06-04T08:13:55.923+0000] {logging_mixin.py:188} INFO - [2024-06-04T08:13:55.922+0000] {dag.py:3834} INFO - Setting next_dagrun for example_xcom to 2021-01-01 00:00:00+00:00, run_after=2021-01-01 00:00:00+00:00
[2024-06-04T08:13:55.950+0000] {processor.py:183} INFO - Processing /home/airflow/.local/lib/python3.8/site-packages/airflow/example_dags/example_xcom.py took 0.130 seconds
[2024-06-04T08:14:26.563+0000] {processor.py:161} INFO - Started process (PID=2819) to work on /home/airflow/.local/lib/python3.8/site-packages/airflow/example_dags/example_xcom.py
[2024-06-04T08:14:26.564+0000] {processor.py:830} INFO - Processing file /home/airflow/.local/lib/python3.8/site-packages/airflow/example_dags/example_xcom.py for tasks to queue
[2024-06-04T08:14:26.567+0000] {logging_mixin.py:188} INFO - [2024-06-04T08:14:26.566+0000] {dagbag.py:540} INFO - Filling up the DagBag from /home/airflow/.local/lib/python3.8/site-packages/airflow/example_dags/example_xcom.py
[2024-06-04T08:14:26.576+0000] {processor.py:840} INFO - DAG(s) 'example_xcom' retrieved from /home/airflow/.local/lib/python3.8/site-packages/airflow/example_dags/example_xcom.py
[2024-06-04T08:14:26.697+0000] {logging_mixin.py:188} INFO - [2024-06-04T08:14:26.696+0000] {dag.py:3047} INFO - Sync 1 DAGs
[2024-06-04T08:14:26.720+0000] {logging_mixin.py:188} INFO - [2024-06-04T08:14:26.719+0000] {dag.py:3834} INFO - Setting next_dagrun for example_xcom to 2021-01-01 00:00:00+00:00, run_after=2021-01-01 00:00:00+00:00
[2024-06-04T08:14:26.743+0000] {processor.py:183} INFO - Processing /home/airflow/.local/lib/python3.8/site-packages/airflow/example_dags/example_xcom.py took 0.184 seconds
[2024-06-04T08:14:58.316+0000] {processor.py:161} INFO - Started process (PID=2878) to work on /home/airflow/.local/lib/python3.8/site-packages/airflow/example_dags/example_xcom.py
[2024-06-04T08:14:58.318+0000] {processor.py:830} INFO - Processing file /home/airflow/.local/lib/python3.8/site-packages/airflow/example_dags/example_xcom.py for tasks to queue
[2024-06-04T08:14:58.321+0000] {logging_mixin.py:188} INFO - [2024-06-04T08:14:58.320+0000] {dagbag.py:540} INFO - Filling up the DagBag from /home/airflow/.local/lib/python3.8/site-packages/airflow/example_dags/example_xcom.py
[2024-06-04T08:14:58.332+0000] {processor.py:840} INFO - DAG(s) 'example_xcom' retrieved from /home/airflow/.local/lib/python3.8/site-packages/airflow/example_dags/example_xcom.py
[2024-06-04T08:14:58.504+0000] {logging_mixin.py:188} INFO - [2024-06-04T08:14:58.503+0000] {dag.py:3047} INFO - Sync 1 DAGs
[2024-06-04T08:14:58.608+0000] {logging_mixin.py:188} INFO - [2024-06-04T08:14:58.608+0000] {dag.py:3834} INFO - Setting next_dagrun for example_xcom to 2021-01-01 00:00:00+00:00, run_after=2021-01-01 00:00:00+00:00
[2024-06-04T08:14:58.705+0000] {processor.py:183} INFO - Processing /home/airflow/.local/lib/python3.8/site-packages/airflow/example_dags/example_xcom.py took 0.394 seconds
[2024-06-04T08:15:50.710+0000] {processor.py:161} INFO - Started process (PID=2992) to work on /home/airflow/.local/lib/python3.8/site-packages/airflow/example_dags/example_xcom.py
[2024-06-04T08:15:50.714+0000] {processor.py:830} INFO - Processing file /home/airflow/.local/lib/python3.8/site-packages/airflow/example_dags/example_xcom.py for tasks to queue
[2024-06-04T08:15:50.721+0000] {logging_mixin.py:188} INFO - [2024-06-04T08:15:50.721+0000] {dagbag.py:540} INFO - Filling up the DagBag from /home/airflow/.local/lib/python3.8/site-packages/airflow/example_dags/example_xcom.py
[2024-06-04T08:15:50.824+0000] {processor.py:840} INFO - DAG(s) 'example_xcom' retrieved from /home/airflow/.local/lib/python3.8/site-packages/airflow/example_dags/example_xcom.py
[2024-06-04T08:15:51.103+0000] {logging_mixin.py:188} INFO - [2024-06-04T08:15:51.103+0000] {dag.py:3047} INFO - Sync 1 DAGs
[2024-06-04T08:15:51.308+0000] {logging_mixin.py:188} INFO - [2024-06-04T08:15:51.306+0000] {dag.py:3834} INFO - Setting next_dagrun for example_xcom to 2021-01-01 00:00:00+00:00, run_after=2021-01-01 00:00:00+00:00
[2024-06-04T08:15:51.426+0000] {processor.py:183} INFO - Processing /home/airflow/.local/lib/python3.8/site-packages/airflow/example_dags/example_xcom.py took 0.726 seconds
[2024-06-04T08:16:22.919+0000] {processor.py:161} INFO - Started process (PID=3066) to work on /home/airflow/.local/lib/python3.8/site-packages/airflow/example_dags/example_xcom.py
[2024-06-04T08:16:22.921+0000] {processor.py:830} INFO - Processing file /home/airflow/.local/lib/python3.8/site-packages/airflow/example_dags/example_xcom.py for tasks to queue
[2024-06-04T08:16:22.923+0000] {logging_mixin.py:188} INFO - [2024-06-04T08:16:22.922+0000] {dagbag.py:540} INFO - Filling up the DagBag from /home/airflow/.local/lib/python3.8/site-packages/airflow/example_dags/example_xcom.py
[2024-06-04T08:16:23.007+0000] {processor.py:840} INFO - DAG(s) 'example_xcom' retrieved from /home/airflow/.local/lib/python3.8/site-packages/airflow/example_dags/example_xcom.py
[2024-06-04T08:16:23.203+0000] {logging_mixin.py:188} INFO - [2024-06-04T08:16:23.202+0000] {dag.py:3047} INFO - Sync 1 DAGs
[2024-06-04T08:16:23.324+0000] {logging_mixin.py:188} INFO - [2024-06-04T08:16:23.324+0000] {dag.py:3834} INFO - Setting next_dagrun for example_xcom to 2021-01-01 00:00:00+00:00, run_after=2021-01-01 00:00:00+00:00
[2024-06-04T08:16:23.418+0000] {processor.py:183} INFO - Processing /home/airflow/.local/lib/python3.8/site-packages/airflow/example_dags/example_xcom.py took 0.508 seconds
[2024-06-04T08:16:54.818+0000] {processor.py:161} INFO - Started process (PID=3160) to work on /home/airflow/.local/lib/python3.8/site-packages/airflow/example_dags/example_xcom.py
[2024-06-04T08:16:54.819+0000] {processor.py:830} INFO - Processing file /home/airflow/.local/lib/python3.8/site-packages/airflow/example_dags/example_xcom.py for tasks to queue
[2024-06-04T08:16:54.822+0000] {logging_mixin.py:188} INFO - [2024-06-04T08:16:54.821+0000] {dagbag.py:540} INFO - Filling up the DagBag from /home/airflow/.local/lib/python3.8/site-packages/airflow/example_dags/example_xcom.py
[2024-06-04T08:16:54.916+0000] {processor.py:840} INFO - DAG(s) 'example_xcom' retrieved from /home/airflow/.local/lib/python3.8/site-packages/airflow/example_dags/example_xcom.py
[2024-06-04T08:16:55.207+0000] {logging_mixin.py:188} INFO - [2024-06-04T08:16:55.207+0000] {dag.py:3047} INFO - Sync 1 DAGs
[2024-06-04T08:16:55.322+0000] {logging_mixin.py:188} INFO - [2024-06-04T08:16:55.321+0000] {dag.py:3834} INFO - Setting next_dagrun for example_xcom to 2021-01-01 00:00:00+00:00, run_after=2021-01-01 00:00:00+00:00
[2024-06-04T08:16:55.512+0000] {processor.py:183} INFO - Processing /home/airflow/.local/lib/python3.8/site-packages/airflow/example_dags/example_xcom.py took 0.701 seconds
[2024-06-04T08:17:26.115+0000] {processor.py:161} INFO - Started process (PID=3234) to work on /home/airflow/.local/lib/python3.8/site-packages/airflow/example_dags/example_xcom.py
[2024-06-04T08:17:26.128+0000] {processor.py:830} INFO - Processing file /home/airflow/.local/lib/python3.8/site-packages/airflow/example_dags/example_xcom.py for tasks to queue
[2024-06-04T08:17:26.137+0000] {logging_mixin.py:188} INFO - [2024-06-04T08:17:26.136+0000] {dagbag.py:540} INFO - Filling up the DagBag from /home/airflow/.local/lib/python3.8/site-packages/airflow/example_dags/example_xcom.py
[2024-06-04T08:17:26.224+0000] {processor.py:840} INFO - DAG(s) 'example_xcom' retrieved from /home/airflow/.local/lib/python3.8/site-packages/airflow/example_dags/example_xcom.py
[2024-06-04T08:17:26.405+0000] {logging_mixin.py:188} INFO - [2024-06-04T08:17:26.404+0000] {dag.py:3047} INFO - Sync 1 DAGs
[2024-06-04T08:17:26.528+0000] {logging_mixin.py:188} INFO - [2024-06-04T08:17:26.527+0000] {dag.py:3834} INFO - Setting next_dagrun for example_xcom to 2021-01-01 00:00:00+00:00, run_after=2021-01-01 00:00:00+00:00
[2024-06-04T08:17:26.701+0000] {processor.py:183} INFO - Processing /home/airflow/.local/lib/python3.8/site-packages/airflow/example_dags/example_xcom.py took 0.595 seconds
