[2024-06-04T07:51:18.710+0000] {processor.py:161} INFO - Started process (PID=160) to work on /home/airflow/.local/lib/python3.8/site-packages/airflow/example_dags/example_bash_operator.py
[2024-06-04T07:51:18.711+0000] {processor.py:830} INFO - Processing file /home/airflow/.local/lib/python3.8/site-packages/airflow/example_dags/example_bash_operator.py for tasks to queue
[2024-06-04T07:51:18.713+0000] {logging_mixin.py:188} INFO - [2024-06-04T07:51:18.713+0000] {dagbag.py:540} INFO - Filling up the DagBag from /home/airflow/.local/lib/python3.8/site-packages/airflow/example_dags/example_bash_operator.py
[2024-06-04T07:51:18.733+0000] {processor.py:840} INFO - DAG(s) 'example_bash_operator' retrieved from /home/airflow/.local/lib/python3.8/site-packages/airflow/example_dags/example_bash_operator.py
[2024-06-04T07:51:19.106+0000] {logging_mixin.py:188} INFO - [2024-06-04T07:51:19.105+0000] {dag.py:3047} INFO - Sync 1 DAGs
[2024-06-04T07:51:19.138+0000] {logging_mixin.py:188} INFO - [2024-06-04T07:51:19.137+0000] {dag.py:3834} INFO - Setting next_dagrun for example_bash_operator to 2024-06-03 00:00:00+00:00, run_after=2024-06-04 00:00:00+00:00
[2024-06-04T07:51:19.228+0000] {processor.py:183} INFO - Processing /home/airflow/.local/lib/python3.8/site-packages/airflow/example_dags/example_bash_operator.py took 0.523 seconds
[2024-06-04T07:51:49.887+0000] {processor.py:161} INFO - Started process (PID=218) to work on /home/airflow/.local/lib/python3.8/site-packages/airflow/example_dags/example_bash_operator.py
[2024-06-04T07:51:49.889+0000] {processor.py:830} INFO - Processing file /home/airflow/.local/lib/python3.8/site-packages/airflow/example_dags/example_bash_operator.py for tasks to queue
[2024-06-04T07:51:49.890+0000] {logging_mixin.py:188} INFO - [2024-06-04T07:51:49.890+0000] {dagbag.py:540} INFO - Filling up the DagBag from /home/airflow/.local/lib/python3.8/site-packages/airflow/example_dags/example_bash_operator.py
[2024-06-04T07:51:49.904+0000] {processor.py:840} INFO - DAG(s) 'example_bash_operator' retrieved from /home/airflow/.local/lib/python3.8/site-packages/airflow/example_dags/example_bash_operator.py
[2024-06-04T07:51:49.944+0000] {logging_mixin.py:188} INFO - [2024-06-04T07:51:49.944+0000] {dag.py:3047} INFO - Sync 1 DAGs
[2024-06-04T07:51:49.975+0000] {logging_mixin.py:188} INFO - [2024-06-04T07:51:49.975+0000] {dag.py:3834} INFO - Setting next_dagrun for example_bash_operator to 2024-06-03 00:00:00+00:00, run_after=2024-06-04 00:00:00+00:00
[2024-06-04T07:51:50.006+0000] {processor.py:183} INFO - Processing /home/airflow/.local/lib/python3.8/site-packages/airflow/example_dags/example_bash_operator.py took 0.122 seconds
[2024-06-04T07:52:20.344+0000] {processor.py:161} INFO - Started process (PID=276) to work on /home/airflow/.local/lib/python3.8/site-packages/airflow/example_dags/example_bash_operator.py
[2024-06-04T07:52:20.345+0000] {processor.py:830} INFO - Processing file /home/airflow/.local/lib/python3.8/site-packages/airflow/example_dags/example_bash_operator.py for tasks to queue
[2024-06-04T07:52:20.347+0000] {logging_mixin.py:188} INFO - [2024-06-04T07:52:20.346+0000] {dagbag.py:540} INFO - Filling up the DagBag from /home/airflow/.local/lib/python3.8/site-packages/airflow/example_dags/example_bash_operator.py
[2024-06-04T07:52:20.361+0000] {processor.py:840} INFO - DAG(s) 'example_bash_operator' retrieved from /home/airflow/.local/lib/python3.8/site-packages/airflow/example_dags/example_bash_operator.py
[2024-06-04T07:52:20.396+0000] {logging_mixin.py:188} INFO - [2024-06-04T07:52:20.395+0000] {dag.py:3047} INFO - Sync 1 DAGs
[2024-06-04T07:52:20.427+0000] {logging_mixin.py:188} INFO - [2024-06-04T07:52:20.427+0000] {dag.py:3834} INFO - Setting next_dagrun for example_bash_operator to 2024-06-03 00:00:00+00:00, run_after=2024-06-04 00:00:00+00:00
[2024-06-04T07:52:20.449+0000] {processor.py:183} INFO - Processing /home/airflow/.local/lib/python3.8/site-packages/airflow/example_dags/example_bash_operator.py took 0.110 seconds
[2024-06-04T07:52:50.571+0000] {processor.py:161} INFO - Started process (PID=334) to work on /home/airflow/.local/lib/python3.8/site-packages/airflow/example_dags/example_bash_operator.py
[2024-06-04T07:52:50.572+0000] {processor.py:830} INFO - Processing file /home/airflow/.local/lib/python3.8/site-packages/airflow/example_dags/example_bash_operator.py for tasks to queue
[2024-06-04T07:52:50.574+0000] {logging_mixin.py:188} INFO - [2024-06-04T07:52:50.574+0000] {dagbag.py:540} INFO - Filling up the DagBag from /home/airflow/.local/lib/python3.8/site-packages/airflow/example_dags/example_bash_operator.py
[2024-06-04T07:52:50.587+0000] {processor.py:840} INFO - DAG(s) 'example_bash_operator' retrieved from /home/airflow/.local/lib/python3.8/site-packages/airflow/example_dags/example_bash_operator.py
[2024-06-04T07:52:50.627+0000] {logging_mixin.py:188} INFO - [2024-06-04T07:52:50.627+0000] {dag.py:3047} INFO - Sync 1 DAGs
[2024-06-04T07:52:50.659+0000] {logging_mixin.py:188} INFO - [2024-06-04T07:52:50.659+0000] {dag.py:3834} INFO - Setting next_dagrun for example_bash_operator to 2024-06-03 00:00:00+00:00, run_after=2024-06-04 00:00:00+00:00
[2024-06-04T07:52:50.679+0000] {processor.py:183} INFO - Processing /home/airflow/.local/lib/python3.8/site-packages/airflow/example_dags/example_bash_operator.py took 0.111 seconds
[2024-06-04T07:53:20.852+0000] {processor.py:161} INFO - Started process (PID=392) to work on /home/airflow/.local/lib/python3.8/site-packages/airflow/example_dags/example_bash_operator.py
[2024-06-04T07:53:20.853+0000] {processor.py:830} INFO - Processing file /home/airflow/.local/lib/python3.8/site-packages/airflow/example_dags/example_bash_operator.py for tasks to queue
[2024-06-04T07:53:20.856+0000] {logging_mixin.py:188} INFO - [2024-06-04T07:53:20.855+0000] {dagbag.py:540} INFO - Filling up the DagBag from /home/airflow/.local/lib/python3.8/site-packages/airflow/example_dags/example_bash_operator.py
[2024-06-04T07:53:20.870+0000] {processor.py:840} INFO - DAG(s) 'example_bash_operator' retrieved from /home/airflow/.local/lib/python3.8/site-packages/airflow/example_dags/example_bash_operator.py
[2024-06-04T07:53:20.905+0000] {logging_mixin.py:188} INFO - [2024-06-04T07:53:20.904+0000] {dag.py:3047} INFO - Sync 1 DAGs
[2024-06-04T07:53:20.933+0000] {logging_mixin.py:188} INFO - [2024-06-04T07:53:20.933+0000] {dag.py:3834} INFO - Setting next_dagrun for example_bash_operator to 2024-06-03 00:00:00+00:00, run_after=2024-06-04 00:00:00+00:00
[2024-06-04T07:53:20.952+0000] {processor.py:183} INFO - Processing /home/airflow/.local/lib/python3.8/site-packages/airflow/example_dags/example_bash_operator.py took 0.104 seconds
[2024-06-04T07:53:51.258+0000] {processor.py:161} INFO - Started process (PID=450) to work on /home/airflow/.local/lib/python3.8/site-packages/airflow/example_dags/example_bash_operator.py
[2024-06-04T07:53:51.260+0000] {processor.py:830} INFO - Processing file /home/airflow/.local/lib/python3.8/site-packages/airflow/example_dags/example_bash_operator.py for tasks to queue
[2024-06-04T07:53:51.261+0000] {logging_mixin.py:188} INFO - [2024-06-04T07:53:51.261+0000] {dagbag.py:540} INFO - Filling up the DagBag from /home/airflow/.local/lib/python3.8/site-packages/airflow/example_dags/example_bash_operator.py
[2024-06-04T07:53:51.274+0000] {processor.py:840} INFO - DAG(s) 'example_bash_operator' retrieved from /home/airflow/.local/lib/python3.8/site-packages/airflow/example_dags/example_bash_operator.py
[2024-06-04T07:53:51.308+0000] {logging_mixin.py:188} INFO - [2024-06-04T07:53:51.308+0000] {dag.py:3047} INFO - Sync 1 DAGs
[2024-06-04T07:53:51.334+0000] {logging_mixin.py:188} INFO - [2024-06-04T07:53:51.334+0000] {dag.py:3834} INFO - Setting next_dagrun for example_bash_operator to 2024-06-03 00:00:00+00:00, run_after=2024-06-04 00:00:00+00:00
[2024-06-04T07:53:51.353+0000] {processor.py:183} INFO - Processing /home/airflow/.local/lib/python3.8/site-packages/airflow/example_dags/example_bash_operator.py took 0.098 seconds
[2024-06-04T07:54:21.659+0000] {processor.py:161} INFO - Started process (PID=508) to work on /home/airflow/.local/lib/python3.8/site-packages/airflow/example_dags/example_bash_operator.py
[2024-06-04T07:54:21.660+0000] {processor.py:830} INFO - Processing file /home/airflow/.local/lib/python3.8/site-packages/airflow/example_dags/example_bash_operator.py for tasks to queue
[2024-06-04T07:54:21.662+0000] {logging_mixin.py:188} INFO - [2024-06-04T07:54:21.662+0000] {dagbag.py:540} INFO - Filling up the DagBag from /home/airflow/.local/lib/python3.8/site-packages/airflow/example_dags/example_bash_operator.py
[2024-06-04T07:54:21.674+0000] {processor.py:840} INFO - DAG(s) 'example_bash_operator' retrieved from /home/airflow/.local/lib/python3.8/site-packages/airflow/example_dags/example_bash_operator.py
[2024-06-04T07:54:21.710+0000] {logging_mixin.py:188} INFO - [2024-06-04T07:54:21.710+0000] {dag.py:3047} INFO - Sync 1 DAGs
[2024-06-04T07:54:21.738+0000] {logging_mixin.py:188} INFO - [2024-06-04T07:54:21.738+0000] {dag.py:3834} INFO - Setting next_dagrun for example_bash_operator to 2024-06-03 00:00:00+00:00, run_after=2024-06-04 00:00:00+00:00
[2024-06-04T07:54:21.758+0000] {processor.py:183} INFO - Processing /home/airflow/.local/lib/python3.8/site-packages/airflow/example_dags/example_bash_operator.py took 0.103 seconds
[2024-06-04T07:54:51.987+0000] {processor.py:161} INFO - Started process (PID=566) to work on /home/airflow/.local/lib/python3.8/site-packages/airflow/example_dags/example_bash_operator.py
[2024-06-04T07:54:51.988+0000] {processor.py:830} INFO - Processing file /home/airflow/.local/lib/python3.8/site-packages/airflow/example_dags/example_bash_operator.py for tasks to queue
[2024-06-04T07:54:51.990+0000] {logging_mixin.py:188} INFO - [2024-06-04T07:54:51.989+0000] {dagbag.py:540} INFO - Filling up the DagBag from /home/airflow/.local/lib/python3.8/site-packages/airflow/example_dags/example_bash_operator.py
[2024-06-04T07:54:52.003+0000] {processor.py:840} INFO - DAG(s) 'example_bash_operator' retrieved from /home/airflow/.local/lib/python3.8/site-packages/airflow/example_dags/example_bash_operator.py
[2024-06-04T07:54:52.041+0000] {logging_mixin.py:188} INFO - [2024-06-04T07:54:52.041+0000] {dag.py:3047} INFO - Sync 1 DAGs
[2024-06-04T07:54:52.070+0000] {logging_mixin.py:188} INFO - [2024-06-04T07:54:52.070+0000] {dag.py:3834} INFO - Setting next_dagrun for example_bash_operator to 2024-06-03 00:00:00+00:00, run_after=2024-06-04 00:00:00+00:00
[2024-06-04T07:54:52.091+0000] {processor.py:183} INFO - Processing /home/airflow/.local/lib/python3.8/site-packages/airflow/example_dags/example_bash_operator.py took 0.108 seconds
[2024-06-04T07:55:22.241+0000] {processor.py:161} INFO - Started process (PID=624) to work on /home/airflow/.local/lib/python3.8/site-packages/airflow/example_dags/example_bash_operator.py
[2024-06-04T07:55:22.243+0000] {processor.py:830} INFO - Processing file /home/airflow/.local/lib/python3.8/site-packages/airflow/example_dags/example_bash_operator.py for tasks to queue
[2024-06-04T07:55:22.244+0000] {logging_mixin.py:188} INFO - [2024-06-04T07:55:22.244+0000] {dagbag.py:540} INFO - Filling up the DagBag from /home/airflow/.local/lib/python3.8/site-packages/airflow/example_dags/example_bash_operator.py
[2024-06-04T07:55:22.256+0000] {processor.py:840} INFO - DAG(s) 'example_bash_operator' retrieved from /home/airflow/.local/lib/python3.8/site-packages/airflow/example_dags/example_bash_operator.py
[2024-06-04T07:55:22.291+0000] {logging_mixin.py:188} INFO - [2024-06-04T07:55:22.290+0000] {dag.py:3047} INFO - Sync 1 DAGs
[2024-06-04T07:55:22.313+0000] {logging_mixin.py:188} INFO - [2024-06-04T07:55:22.312+0000] {dag.py:3834} INFO - Setting next_dagrun for example_bash_operator to 2024-06-03 00:00:00+00:00, run_after=2024-06-04 00:00:00+00:00
[2024-06-04T07:55:22.331+0000] {processor.py:183} INFO - Processing /home/airflow/.local/lib/python3.8/site-packages/airflow/example_dags/example_bash_operator.py took 0.093 seconds
[2024-06-04T07:55:53.126+0000] {processor.py:161} INFO - Started process (PID=682) to work on /home/airflow/.local/lib/python3.8/site-packages/airflow/example_dags/example_bash_operator.py
[2024-06-04T07:55:53.128+0000] {processor.py:830} INFO - Processing file /home/airflow/.local/lib/python3.8/site-packages/airflow/example_dags/example_bash_operator.py for tasks to queue
[2024-06-04T07:55:53.130+0000] {logging_mixin.py:188} INFO - [2024-06-04T07:55:53.130+0000] {dagbag.py:540} INFO - Filling up the DagBag from /home/airflow/.local/lib/python3.8/site-packages/airflow/example_dags/example_bash_operator.py
[2024-06-04T07:55:53.143+0000] {processor.py:840} INFO - DAG(s) 'example_bash_operator' retrieved from /home/airflow/.local/lib/python3.8/site-packages/airflow/example_dags/example_bash_operator.py
[2024-06-04T07:55:53.176+0000] {logging_mixin.py:188} INFO - [2024-06-04T07:55:53.176+0000] {dag.py:3047} INFO - Sync 1 DAGs
[2024-06-04T07:55:53.203+0000] {logging_mixin.py:188} INFO - [2024-06-04T07:55:53.202+0000] {dag.py:3834} INFO - Setting next_dagrun for example_bash_operator to 2024-06-03 00:00:00+00:00, run_after=2024-06-04 00:00:00+00:00
[2024-06-04T07:55:53.226+0000] {processor.py:183} INFO - Processing /home/airflow/.local/lib/python3.8/site-packages/airflow/example_dags/example_bash_operator.py took 0.103 seconds
[2024-06-04T07:56:23.851+0000] {processor.py:161} INFO - Started process (PID=740) to work on /home/airflow/.local/lib/python3.8/site-packages/airflow/example_dags/example_bash_operator.py
[2024-06-04T07:56:23.853+0000] {processor.py:830} INFO - Processing file /home/airflow/.local/lib/python3.8/site-packages/airflow/example_dags/example_bash_operator.py for tasks to queue
[2024-06-04T07:56:23.855+0000] {logging_mixin.py:188} INFO - [2024-06-04T07:56:23.855+0000] {dagbag.py:540} INFO - Filling up the DagBag from /home/airflow/.local/lib/python3.8/site-packages/airflow/example_dags/example_bash_operator.py
[2024-06-04T07:56:23.867+0000] {processor.py:840} INFO - DAG(s) 'example_bash_operator' retrieved from /home/airflow/.local/lib/python3.8/site-packages/airflow/example_dags/example_bash_operator.py
[2024-06-04T07:56:23.906+0000] {logging_mixin.py:188} INFO - [2024-06-04T07:56:23.906+0000] {dag.py:3047} INFO - Sync 1 DAGs
[2024-06-04T07:56:23.934+0000] {logging_mixin.py:188} INFO - [2024-06-04T07:56:23.933+0000] {dag.py:3834} INFO - Setting next_dagrun for example_bash_operator to 2024-06-03 00:00:00+00:00, run_after=2024-06-04 00:00:00+00:00
[2024-06-04T07:56:23.955+0000] {processor.py:183} INFO - Processing /home/airflow/.local/lib/python3.8/site-packages/airflow/example_dags/example_bash_operator.py took 0.107 seconds
[2024-06-04T07:56:54.363+0000] {processor.py:161} INFO - Started process (PID=798) to work on /home/airflow/.local/lib/python3.8/site-packages/airflow/example_dags/example_bash_operator.py
[2024-06-04T07:56:54.364+0000] {processor.py:830} INFO - Processing file /home/airflow/.local/lib/python3.8/site-packages/airflow/example_dags/example_bash_operator.py for tasks to queue
[2024-06-04T07:56:54.366+0000] {logging_mixin.py:188} INFO - [2024-06-04T07:56:54.366+0000] {dagbag.py:540} INFO - Filling up the DagBag from /home/airflow/.local/lib/python3.8/site-packages/airflow/example_dags/example_bash_operator.py
[2024-06-04T07:56:54.378+0000] {processor.py:840} INFO - DAG(s) 'example_bash_operator' retrieved from /home/airflow/.local/lib/python3.8/site-packages/airflow/example_dags/example_bash_operator.py
[2024-06-04T07:56:54.411+0000] {logging_mixin.py:188} INFO - [2024-06-04T07:56:54.411+0000] {dag.py:3047} INFO - Sync 1 DAGs
[2024-06-04T07:56:54.438+0000] {logging_mixin.py:188} INFO - [2024-06-04T07:56:54.438+0000] {dag.py:3834} INFO - Setting next_dagrun for example_bash_operator to 2024-06-03 00:00:00+00:00, run_after=2024-06-04 00:00:00+00:00
[2024-06-04T07:56:54.458+0000] {processor.py:183} INFO - Processing /home/airflow/.local/lib/python3.8/site-packages/airflow/example_dags/example_bash_operator.py took 0.099 seconds
[2024-06-04T07:57:24.895+0000] {processor.py:161} INFO - Started process (PID=856) to work on /home/airflow/.local/lib/python3.8/site-packages/airflow/example_dags/example_bash_operator.py
[2024-06-04T07:57:24.896+0000] {processor.py:830} INFO - Processing file /home/airflow/.local/lib/python3.8/site-packages/airflow/example_dags/example_bash_operator.py for tasks to queue
[2024-06-04T07:57:24.898+0000] {logging_mixin.py:188} INFO - [2024-06-04T07:57:24.897+0000] {dagbag.py:540} INFO - Filling up the DagBag from /home/airflow/.local/lib/python3.8/site-packages/airflow/example_dags/example_bash_operator.py
[2024-06-04T07:57:24.910+0000] {processor.py:840} INFO - DAG(s) 'example_bash_operator' retrieved from /home/airflow/.local/lib/python3.8/site-packages/airflow/example_dags/example_bash_operator.py
[2024-06-04T07:57:24.943+0000] {logging_mixin.py:188} INFO - [2024-06-04T07:57:24.943+0000] {dag.py:3047} INFO - Sync 1 DAGs
[2024-06-04T07:57:24.969+0000] {logging_mixin.py:188} INFO - [2024-06-04T07:57:24.969+0000] {dag.py:3834} INFO - Setting next_dagrun for example_bash_operator to 2024-06-03 00:00:00+00:00, run_after=2024-06-04 00:00:00+00:00
[2024-06-04T07:57:24.990+0000] {processor.py:183} INFO - Processing /home/airflow/.local/lib/python3.8/site-packages/airflow/example_dags/example_bash_operator.py took 0.099 seconds
[2024-06-04T07:57:55.406+0000] {processor.py:161} INFO - Started process (PID=914) to work on /home/airflow/.local/lib/python3.8/site-packages/airflow/example_dags/example_bash_operator.py
[2024-06-04T07:57:55.407+0000] {processor.py:830} INFO - Processing file /home/airflow/.local/lib/python3.8/site-packages/airflow/example_dags/example_bash_operator.py for tasks to queue
[2024-06-04T07:57:55.410+0000] {logging_mixin.py:188} INFO - [2024-06-04T07:57:55.409+0000] {dagbag.py:540} INFO - Filling up the DagBag from /home/airflow/.local/lib/python3.8/site-packages/airflow/example_dags/example_bash_operator.py
[2024-06-04T07:57:55.422+0000] {processor.py:840} INFO - DAG(s) 'example_bash_operator' retrieved from /home/airflow/.local/lib/python3.8/site-packages/airflow/example_dags/example_bash_operator.py
[2024-06-04T07:57:55.456+0000] {logging_mixin.py:188} INFO - [2024-06-04T07:57:55.456+0000] {dag.py:3047} INFO - Sync 1 DAGs
[2024-06-04T07:57:55.478+0000] {logging_mixin.py:188} INFO - [2024-06-04T07:57:55.478+0000] {dag.py:3834} INFO - Setting next_dagrun for example_bash_operator to 2024-06-03 00:00:00+00:00, run_after=2024-06-04 00:00:00+00:00
[2024-06-04T07:57:55.494+0000] {processor.py:183} INFO - Processing /home/airflow/.local/lib/python3.8/site-packages/airflow/example_dags/example_bash_operator.py took 0.091 seconds
[2024-06-04T07:58:25.844+0000] {processor.py:161} INFO - Started process (PID=972) to work on /home/airflow/.local/lib/python3.8/site-packages/airflow/example_dags/example_bash_operator.py
[2024-06-04T07:58:25.845+0000] {processor.py:830} INFO - Processing file /home/airflow/.local/lib/python3.8/site-packages/airflow/example_dags/example_bash_operator.py for tasks to queue
[2024-06-04T07:58:25.847+0000] {logging_mixin.py:188} INFO - [2024-06-04T07:58:25.847+0000] {dagbag.py:540} INFO - Filling up the DagBag from /home/airflow/.local/lib/python3.8/site-packages/airflow/example_dags/example_bash_operator.py
[2024-06-04T07:58:25.860+0000] {processor.py:840} INFO - DAG(s) 'example_bash_operator' retrieved from /home/airflow/.local/lib/python3.8/site-packages/airflow/example_dags/example_bash_operator.py
[2024-06-04T07:58:25.892+0000] {logging_mixin.py:188} INFO - [2024-06-04T07:58:25.892+0000] {dag.py:3047} INFO - Sync 1 DAGs
[2024-06-04T07:58:25.918+0000] {logging_mixin.py:188} INFO - [2024-06-04T07:58:25.918+0000] {dag.py:3834} INFO - Setting next_dagrun for example_bash_operator to 2024-06-03 00:00:00+00:00, run_after=2024-06-04 00:00:00+00:00
[2024-06-04T07:58:25.937+0000] {processor.py:183} INFO - Processing /home/airflow/.local/lib/python3.8/site-packages/airflow/example_dags/example_bash_operator.py took 0.097 seconds
[2024-06-04T07:58:56.353+0000] {processor.py:161} INFO - Started process (PID=1030) to work on /home/airflow/.local/lib/python3.8/site-packages/airflow/example_dags/example_bash_operator.py
[2024-06-04T07:58:56.354+0000] {processor.py:830} INFO - Processing file /home/airflow/.local/lib/python3.8/site-packages/airflow/example_dags/example_bash_operator.py for tasks to queue
[2024-06-04T07:58:56.356+0000] {logging_mixin.py:188} INFO - [2024-06-04T07:58:56.355+0000] {dagbag.py:540} INFO - Filling up the DagBag from /home/airflow/.local/lib/python3.8/site-packages/airflow/example_dags/example_bash_operator.py
[2024-06-04T07:58:56.401+0000] {processor.py:840} INFO - DAG(s) 'example_bash_operator' retrieved from /home/airflow/.local/lib/python3.8/site-packages/airflow/example_dags/example_bash_operator.py
[2024-06-04T07:58:56.439+0000] {logging_mixin.py:188} INFO - [2024-06-04T07:58:56.439+0000] {dag.py:3047} INFO - Sync 1 DAGs
[2024-06-04T07:58:56.518+0000] {logging_mixin.py:188} INFO - [2024-06-04T07:58:56.518+0000] {dag.py:3834} INFO - Setting next_dagrun for example_bash_operator to 2024-06-03 00:00:00+00:00, run_after=2024-06-04 00:00:00+00:00
[2024-06-04T07:58:56.539+0000] {processor.py:183} INFO - Processing /home/airflow/.local/lib/python3.8/site-packages/airflow/example_dags/example_bash_operator.py took 0.190 seconds
[2024-06-04T07:59:26.664+0000] {processor.py:161} INFO - Started process (PID=1089) to work on /home/airflow/.local/lib/python3.8/site-packages/airflow/example_dags/example_bash_operator.py
[2024-06-04T07:59:26.666+0000] {processor.py:830} INFO - Processing file /home/airflow/.local/lib/python3.8/site-packages/airflow/example_dags/example_bash_operator.py for tasks to queue
[2024-06-04T07:59:26.667+0000] {logging_mixin.py:188} INFO - [2024-06-04T07:59:26.667+0000] {dagbag.py:540} INFO - Filling up the DagBag from /home/airflow/.local/lib/python3.8/site-packages/airflow/example_dags/example_bash_operator.py
[2024-06-04T07:59:26.679+0000] {processor.py:840} INFO - DAG(s) 'example_bash_operator' retrieved from /home/airflow/.local/lib/python3.8/site-packages/airflow/example_dags/example_bash_operator.py
[2024-06-04T07:59:26.712+0000] {logging_mixin.py:188} INFO - [2024-06-04T07:59:26.711+0000] {dag.py:3047} INFO - Sync 1 DAGs
[2024-06-04T07:59:26.735+0000] {logging_mixin.py:188} INFO - [2024-06-04T07:59:26.735+0000] {dag.py:3834} INFO - Setting next_dagrun for example_bash_operator to 2024-06-03 00:00:00+00:00, run_after=2024-06-04 00:00:00+00:00
[2024-06-04T07:59:26.757+0000] {processor.py:183} INFO - Processing /home/airflow/.local/lib/python3.8/site-packages/airflow/example_dags/example_bash_operator.py took 0.096 seconds
[2024-06-04T07:59:56.848+0000] {processor.py:161} INFO - Started process (PID=1147) to work on /home/airflow/.local/lib/python3.8/site-packages/airflow/example_dags/example_bash_operator.py
[2024-06-04T07:59:56.849+0000] {processor.py:830} INFO - Processing file /home/airflow/.local/lib/python3.8/site-packages/airflow/example_dags/example_bash_operator.py for tasks to queue
[2024-06-04T07:59:56.852+0000] {logging_mixin.py:188} INFO - [2024-06-04T07:59:56.851+0000] {dagbag.py:540} INFO - Filling up the DagBag from /home/airflow/.local/lib/python3.8/site-packages/airflow/example_dags/example_bash_operator.py
[2024-06-04T07:59:56.864+0000] {processor.py:840} INFO - DAG(s) 'example_bash_operator' retrieved from /home/airflow/.local/lib/python3.8/site-packages/airflow/example_dags/example_bash_operator.py
[2024-06-04T07:59:56.895+0000] {logging_mixin.py:188} INFO - [2024-06-04T07:59:56.895+0000] {dag.py:3047} INFO - Sync 1 DAGs
[2024-06-04T07:59:56.921+0000] {logging_mixin.py:188} INFO - [2024-06-04T07:59:56.920+0000] {dag.py:3834} INFO - Setting next_dagrun for example_bash_operator to 2024-06-03 00:00:00+00:00, run_after=2024-06-04 00:00:00+00:00
[2024-06-04T07:59:56.938+0000] {processor.py:183} INFO - Processing /home/airflow/.local/lib/python3.8/site-packages/airflow/example_dags/example_bash_operator.py took 0.095 seconds
[2024-06-04T08:00:27.088+0000] {processor.py:161} INFO - Started process (PID=1205) to work on /home/airflow/.local/lib/python3.8/site-packages/airflow/example_dags/example_bash_operator.py
[2024-06-04T08:00:27.089+0000] {processor.py:830} INFO - Processing file /home/airflow/.local/lib/python3.8/site-packages/airflow/example_dags/example_bash_operator.py for tasks to queue
[2024-06-04T08:00:27.091+0000] {logging_mixin.py:188} INFO - [2024-06-04T08:00:27.090+0000] {dagbag.py:540} INFO - Filling up the DagBag from /home/airflow/.local/lib/python3.8/site-packages/airflow/example_dags/example_bash_operator.py
[2024-06-04T08:00:27.102+0000] {processor.py:840} INFO - DAG(s) 'example_bash_operator' retrieved from /home/airflow/.local/lib/python3.8/site-packages/airflow/example_dags/example_bash_operator.py
[2024-06-04T08:00:27.141+0000] {logging_mixin.py:188} INFO - [2024-06-04T08:00:27.141+0000] {dag.py:3047} INFO - Sync 1 DAGs
[2024-06-04T08:00:27.171+0000] {logging_mixin.py:188} INFO - [2024-06-04T08:00:27.171+0000] {dag.py:3834} INFO - Setting next_dagrun for example_bash_operator to 2024-06-03 00:00:00+00:00, run_after=2024-06-04 00:00:00+00:00
[2024-06-04T08:00:27.201+0000] {processor.py:183} INFO - Processing /home/airflow/.local/lib/python3.8/site-packages/airflow/example_dags/example_bash_operator.py took 0.117 seconds
[2024-06-04T08:00:57.312+0000] {processor.py:161} INFO - Started process (PID=1263) to work on /home/airflow/.local/lib/python3.8/site-packages/airflow/example_dags/example_bash_operator.py
[2024-06-04T08:00:57.314+0000] {processor.py:830} INFO - Processing file /home/airflow/.local/lib/python3.8/site-packages/airflow/example_dags/example_bash_operator.py for tasks to queue
[2024-06-04T08:00:57.316+0000] {logging_mixin.py:188} INFO - [2024-06-04T08:00:57.315+0000] {dagbag.py:540} INFO - Filling up the DagBag from /home/airflow/.local/lib/python3.8/site-packages/airflow/example_dags/example_bash_operator.py
[2024-06-04T08:00:57.327+0000] {processor.py:840} INFO - DAG(s) 'example_bash_operator' retrieved from /home/airflow/.local/lib/python3.8/site-packages/airflow/example_dags/example_bash_operator.py
[2024-06-04T08:00:57.359+0000] {logging_mixin.py:188} INFO - [2024-06-04T08:00:57.359+0000] {dag.py:3047} INFO - Sync 1 DAGs
[2024-06-04T08:00:57.384+0000] {logging_mixin.py:188} INFO - [2024-06-04T08:00:57.383+0000] {dag.py:3834} INFO - Setting next_dagrun for example_bash_operator to 2024-06-03 00:00:00+00:00, run_after=2024-06-04 00:00:00+00:00
[2024-06-04T08:00:57.404+0000] {processor.py:183} INFO - Processing /home/airflow/.local/lib/python3.8/site-packages/airflow/example_dags/example_bash_operator.py took 0.095 seconds
[2024-06-04T08:01:27.527+0000] {processor.py:161} INFO - Started process (PID=1321) to work on /home/airflow/.local/lib/python3.8/site-packages/airflow/example_dags/example_bash_operator.py
[2024-06-04T08:01:27.528+0000] {processor.py:830} INFO - Processing file /home/airflow/.local/lib/python3.8/site-packages/airflow/example_dags/example_bash_operator.py for tasks to queue
[2024-06-04T08:01:27.531+0000] {logging_mixin.py:188} INFO - [2024-06-04T08:01:27.530+0000] {dagbag.py:540} INFO - Filling up the DagBag from /home/airflow/.local/lib/python3.8/site-packages/airflow/example_dags/example_bash_operator.py
[2024-06-04T08:01:27.547+0000] {processor.py:840} INFO - DAG(s) 'example_bash_operator' retrieved from /home/airflow/.local/lib/python3.8/site-packages/airflow/example_dags/example_bash_operator.py
[2024-06-04T08:01:27.594+0000] {logging_mixin.py:188} INFO - [2024-06-04T08:01:27.593+0000] {dag.py:3047} INFO - Sync 1 DAGs
[2024-06-04T08:01:27.629+0000] {logging_mixin.py:188} INFO - [2024-06-04T08:01:27.629+0000] {dag.py:3834} INFO - Setting next_dagrun for example_bash_operator to 2024-06-03 00:00:00+00:00, run_after=2024-06-04 00:00:00+00:00
[2024-06-04T08:01:27.660+0000] {processor.py:183} INFO - Processing /home/airflow/.local/lib/python3.8/site-packages/airflow/example_dags/example_bash_operator.py took 0.137 seconds
[2024-06-04T08:01:57.952+0000] {processor.py:161} INFO - Started process (PID=1379) to work on /home/airflow/.local/lib/python3.8/site-packages/airflow/example_dags/example_bash_operator.py
[2024-06-04T08:01:57.953+0000] {processor.py:830} INFO - Processing file /home/airflow/.local/lib/python3.8/site-packages/airflow/example_dags/example_bash_operator.py for tasks to queue
[2024-06-04T08:01:57.955+0000] {logging_mixin.py:188} INFO - [2024-06-04T08:01:57.955+0000] {dagbag.py:540} INFO - Filling up the DagBag from /home/airflow/.local/lib/python3.8/site-packages/airflow/example_dags/example_bash_operator.py
[2024-06-04T08:01:57.969+0000] {processor.py:840} INFO - DAG(s) 'example_bash_operator' retrieved from /home/airflow/.local/lib/python3.8/site-packages/airflow/example_dags/example_bash_operator.py
[2024-06-04T08:01:58.010+0000] {logging_mixin.py:188} INFO - [2024-06-04T08:01:58.010+0000] {dag.py:3047} INFO - Sync 1 DAGs
[2024-06-04T08:01:58.043+0000] {logging_mixin.py:188} INFO - [2024-06-04T08:01:58.043+0000] {dag.py:3834} INFO - Setting next_dagrun for example_bash_operator to 2024-06-03 00:00:00+00:00, run_after=2024-06-04 00:00:00+00:00
[2024-06-04T08:01:58.067+0000] {processor.py:183} INFO - Processing /home/airflow/.local/lib/python3.8/site-packages/airflow/example_dags/example_bash_operator.py took 0.119 seconds
[2024-06-04T08:02:28.103+0000] {processor.py:161} INFO - Started process (PID=1437) to work on /home/airflow/.local/lib/python3.8/site-packages/airflow/example_dags/example_bash_operator.py
[2024-06-04T08:02:28.104+0000] {processor.py:830} INFO - Processing file /home/airflow/.local/lib/python3.8/site-packages/airflow/example_dags/example_bash_operator.py for tasks to queue
[2024-06-04T08:02:28.107+0000] {logging_mixin.py:188} INFO - [2024-06-04T08:02:28.107+0000] {dagbag.py:540} INFO - Filling up the DagBag from /home/airflow/.local/lib/python3.8/site-packages/airflow/example_dags/example_bash_operator.py
[2024-06-04T08:02:28.119+0000] {processor.py:840} INFO - DAG(s) 'example_bash_operator' retrieved from /home/airflow/.local/lib/python3.8/site-packages/airflow/example_dags/example_bash_operator.py
[2024-06-04T08:02:28.152+0000] {logging_mixin.py:188} INFO - [2024-06-04T08:02:28.152+0000] {dag.py:3047} INFO - Sync 1 DAGs
[2024-06-04T08:02:28.177+0000] {logging_mixin.py:188} INFO - [2024-06-04T08:02:28.176+0000] {dag.py:3834} INFO - Setting next_dagrun for example_bash_operator to 2024-06-03 00:00:00+00:00, run_after=2024-06-04 00:00:00+00:00
[2024-06-04T08:02:28.198+0000] {processor.py:183} INFO - Processing /home/airflow/.local/lib/python3.8/site-packages/airflow/example_dags/example_bash_operator.py took 0.099 seconds
[2024-06-04T08:02:58.557+0000] {processor.py:161} INFO - Started process (PID=1495) to work on /home/airflow/.local/lib/python3.8/site-packages/airflow/example_dags/example_bash_operator.py
[2024-06-04T08:02:58.558+0000] {processor.py:830} INFO - Processing file /home/airflow/.local/lib/python3.8/site-packages/airflow/example_dags/example_bash_operator.py for tasks to queue
[2024-06-04T08:02:58.560+0000] {logging_mixin.py:188} INFO - [2024-06-04T08:02:58.559+0000] {dagbag.py:540} INFO - Filling up the DagBag from /home/airflow/.local/lib/python3.8/site-packages/airflow/example_dags/example_bash_operator.py
[2024-06-04T08:02:58.572+0000] {processor.py:840} INFO - DAG(s) 'example_bash_operator' retrieved from /home/airflow/.local/lib/python3.8/site-packages/airflow/example_dags/example_bash_operator.py
[2024-06-04T08:02:58.604+0000] {logging_mixin.py:188} INFO - [2024-06-04T08:02:58.604+0000] {dag.py:3047} INFO - Sync 1 DAGs
[2024-06-04T08:02:58.627+0000] {logging_mixin.py:188} INFO - [2024-06-04T08:02:58.627+0000] {dag.py:3834} INFO - Setting next_dagrun for example_bash_operator to 2024-06-03 00:00:00+00:00, run_after=2024-06-04 00:00:00+00:00
[2024-06-04T08:02:58.645+0000] {processor.py:183} INFO - Processing /home/airflow/.local/lib/python3.8/site-packages/airflow/example_dags/example_bash_operator.py took 0.092 seconds
[2024-06-04T08:03:28.952+0000] {processor.py:161} INFO - Started process (PID=1553) to work on /home/airflow/.local/lib/python3.8/site-packages/airflow/example_dags/example_bash_operator.py
[2024-06-04T08:03:28.953+0000] {processor.py:830} INFO - Processing file /home/airflow/.local/lib/python3.8/site-packages/airflow/example_dags/example_bash_operator.py for tasks to queue
[2024-06-04T08:03:28.955+0000] {logging_mixin.py:188} INFO - [2024-06-04T08:03:28.954+0000] {dagbag.py:540} INFO - Filling up the DagBag from /home/airflow/.local/lib/python3.8/site-packages/airflow/example_dags/example_bash_operator.py
[2024-06-04T08:03:28.967+0000] {processor.py:840} INFO - DAG(s) 'example_bash_operator' retrieved from /home/airflow/.local/lib/python3.8/site-packages/airflow/example_dags/example_bash_operator.py
[2024-06-04T08:03:28.999+0000] {logging_mixin.py:188} INFO - [2024-06-04T08:03:28.999+0000] {dag.py:3047} INFO - Sync 1 DAGs
[2024-06-04T08:03:29.023+0000] {logging_mixin.py:188} INFO - [2024-06-04T08:03:29.022+0000] {dag.py:3834} INFO - Setting next_dagrun for example_bash_operator to 2024-06-03 00:00:00+00:00, run_after=2024-06-04 00:00:00+00:00
[2024-06-04T08:03:29.042+0000] {processor.py:183} INFO - Processing /home/airflow/.local/lib/python3.8/site-packages/airflow/example_dags/example_bash_operator.py took 0.094 seconds
[2024-06-04T08:03:59.146+0000] {processor.py:161} INFO - Started process (PID=1611) to work on /home/airflow/.local/lib/python3.8/site-packages/airflow/example_dags/example_bash_operator.py
[2024-06-04T08:03:59.147+0000] {processor.py:830} INFO - Processing file /home/airflow/.local/lib/python3.8/site-packages/airflow/example_dags/example_bash_operator.py for tasks to queue
[2024-06-04T08:03:59.149+0000] {logging_mixin.py:188} INFO - [2024-06-04T08:03:59.148+0000] {dagbag.py:540} INFO - Filling up the DagBag from /home/airflow/.local/lib/python3.8/site-packages/airflow/example_dags/example_bash_operator.py
[2024-06-04T08:03:59.163+0000] {processor.py:840} INFO - DAG(s) 'example_bash_operator' retrieved from /home/airflow/.local/lib/python3.8/site-packages/airflow/example_dags/example_bash_operator.py
[2024-06-04T08:03:59.197+0000] {logging_mixin.py:188} INFO - [2024-06-04T08:03:59.196+0000] {dag.py:3047} INFO - Sync 1 DAGs
[2024-06-04T08:03:59.223+0000] {logging_mixin.py:188} INFO - [2024-06-04T08:03:59.223+0000] {dag.py:3834} INFO - Setting next_dagrun for example_bash_operator to 2024-06-03 00:00:00+00:00, run_after=2024-06-04 00:00:00+00:00
[2024-06-04T08:03:59.244+0000] {processor.py:183} INFO - Processing /home/airflow/.local/lib/python3.8/site-packages/airflow/example_dags/example_bash_operator.py took 0.102 seconds
[2024-06-04T08:04:29.440+0000] {processor.py:161} INFO - Started process (PID=1669) to work on /home/airflow/.local/lib/python3.8/site-packages/airflow/example_dags/example_bash_operator.py
[2024-06-04T08:04:29.441+0000] {processor.py:830} INFO - Processing file /home/airflow/.local/lib/python3.8/site-packages/airflow/example_dags/example_bash_operator.py for tasks to queue
[2024-06-04T08:04:29.443+0000] {logging_mixin.py:188} INFO - [2024-06-04T08:04:29.443+0000] {dagbag.py:540} INFO - Filling up the DagBag from /home/airflow/.local/lib/python3.8/site-packages/airflow/example_dags/example_bash_operator.py
[2024-06-04T08:04:29.457+0000] {processor.py:840} INFO - DAG(s) 'example_bash_operator' retrieved from /home/airflow/.local/lib/python3.8/site-packages/airflow/example_dags/example_bash_operator.py
[2024-06-04T08:04:29.498+0000] {logging_mixin.py:188} INFO - [2024-06-04T08:04:29.497+0000] {dag.py:3047} INFO - Sync 1 DAGs
[2024-06-04T08:04:29.528+0000] {logging_mixin.py:188} INFO - [2024-06-04T08:04:29.528+0000] {dag.py:3834} INFO - Setting next_dagrun for example_bash_operator to 2024-06-03 00:00:00+00:00, run_after=2024-06-04 00:00:00+00:00
[2024-06-04T08:04:29.550+0000] {processor.py:183} INFO - Processing /home/airflow/.local/lib/python3.8/site-packages/airflow/example_dags/example_bash_operator.py took 0.113 seconds
[2024-06-04T08:04:59.907+0000] {processor.py:161} INFO - Started process (PID=1727) to work on /home/airflow/.local/lib/python3.8/site-packages/airflow/example_dags/example_bash_operator.py
[2024-06-04T08:04:59.908+0000] {processor.py:830} INFO - Processing file /home/airflow/.local/lib/python3.8/site-packages/airflow/example_dags/example_bash_operator.py for tasks to queue
[2024-06-04T08:04:59.910+0000] {logging_mixin.py:188} INFO - [2024-06-04T08:04:59.910+0000] {dagbag.py:540} INFO - Filling up the DagBag from /home/airflow/.local/lib/python3.8/site-packages/airflow/example_dags/example_bash_operator.py
[2024-06-04T08:04:59.924+0000] {processor.py:840} INFO - DAG(s) 'example_bash_operator' retrieved from /home/airflow/.local/lib/python3.8/site-packages/airflow/example_dags/example_bash_operator.py
[2024-06-04T08:05:00.011+0000] {logging_mixin.py:188} INFO - [2024-06-04T08:05:00.011+0000] {dag.py:3047} INFO - Sync 1 DAGs
[2024-06-04T08:05:00.039+0000] {logging_mixin.py:188} INFO - [2024-06-04T08:05:00.039+0000] {dag.py:3834} INFO - Setting next_dagrun for example_bash_operator to 2024-06-03 00:00:00+00:00, run_after=2024-06-04 00:00:00+00:00
[2024-06-04T08:05:00.102+0000] {processor.py:183} INFO - Processing /home/airflow/.local/lib/python3.8/site-packages/airflow/example_dags/example_bash_operator.py took 0.199 seconds
[2024-06-04T08:05:30.544+0000] {processor.py:161} INFO - Started process (PID=1783) to work on /home/airflow/.local/lib/python3.8/site-packages/airflow/example_dags/example_bash_operator.py
[2024-06-04T08:05:30.545+0000] {processor.py:830} INFO - Processing file /home/airflow/.local/lib/python3.8/site-packages/airflow/example_dags/example_bash_operator.py for tasks to queue
[2024-06-04T08:05:30.548+0000] {logging_mixin.py:188} INFO - [2024-06-04T08:05:30.547+0000] {dagbag.py:540} INFO - Filling up the DagBag from /home/airflow/.local/lib/python3.8/site-packages/airflow/example_dags/example_bash_operator.py
[2024-06-04T08:05:30.561+0000] {processor.py:840} INFO - DAG(s) 'example_bash_operator' retrieved from /home/airflow/.local/lib/python3.8/site-packages/airflow/example_dags/example_bash_operator.py
[2024-06-04T08:05:30.616+0000] {logging_mixin.py:188} INFO - [2024-06-04T08:05:30.616+0000] {dag.py:3047} INFO - Sync 1 DAGs
[2024-06-04T08:05:30.643+0000] {logging_mixin.py:188} INFO - [2024-06-04T08:05:30.643+0000] {dag.py:3834} INFO - Setting next_dagrun for example_bash_operator to 2024-06-03 00:00:00+00:00, run_after=2024-06-04 00:00:00+00:00
[2024-06-04T08:05:30.701+0000] {processor.py:183} INFO - Processing /home/airflow/.local/lib/python3.8/site-packages/airflow/example_dags/example_bash_operator.py took 0.161 seconds
[2024-06-04T08:06:00.958+0000] {processor.py:161} INFO - Started process (PID=1841) to work on /home/airflow/.local/lib/python3.8/site-packages/airflow/example_dags/example_bash_operator.py
[2024-06-04T08:06:00.959+0000] {processor.py:830} INFO - Processing file /home/airflow/.local/lib/python3.8/site-packages/airflow/example_dags/example_bash_operator.py for tasks to queue
[2024-06-04T08:06:00.961+0000] {logging_mixin.py:188} INFO - [2024-06-04T08:06:00.961+0000] {dagbag.py:540} INFO - Filling up the DagBag from /home/airflow/.local/lib/python3.8/site-packages/airflow/example_dags/example_bash_operator.py
[2024-06-04T08:06:00.976+0000] {processor.py:840} INFO - DAG(s) 'example_bash_operator' retrieved from /home/airflow/.local/lib/python3.8/site-packages/airflow/example_dags/example_bash_operator.py
[2024-06-04T08:06:01.011+0000] {logging_mixin.py:188} INFO - [2024-06-04T08:06:01.011+0000] {dag.py:3047} INFO - Sync 1 DAGs
[2024-06-04T08:06:01.243+0000] {logging_mixin.py:188} INFO - [2024-06-04T08:06:01.242+0000] {dag.py:3834} INFO - Setting next_dagrun for example_bash_operator to 2024-06-03 00:00:00+00:00, run_after=2024-06-04 00:00:00+00:00
[2024-06-04T08:06:01.262+0000] {processor.py:183} INFO - Processing /home/airflow/.local/lib/python3.8/site-packages/airflow/example_dags/example_bash_operator.py took 0.307 seconds
[2024-06-04T08:06:31.760+0000] {processor.py:161} INFO - Started process (PID=1899) to work on /home/airflow/.local/lib/python3.8/site-packages/airflow/example_dags/example_bash_operator.py
[2024-06-04T08:06:31.762+0000] {processor.py:830} INFO - Processing file /home/airflow/.local/lib/python3.8/site-packages/airflow/example_dags/example_bash_operator.py for tasks to queue
[2024-06-04T08:06:31.765+0000] {logging_mixin.py:188} INFO - [2024-06-04T08:06:31.764+0000] {dagbag.py:540} INFO - Filling up the DagBag from /home/airflow/.local/lib/python3.8/site-packages/airflow/example_dags/example_bash_operator.py
[2024-06-04T08:06:31.780+0000] {processor.py:840} INFO - DAG(s) 'example_bash_operator' retrieved from /home/airflow/.local/lib/python3.8/site-packages/airflow/example_dags/example_bash_operator.py
[2024-06-04T08:06:31.821+0000] {logging_mixin.py:188} INFO - [2024-06-04T08:06:31.820+0000] {dag.py:3047} INFO - Sync 1 DAGs
[2024-06-04T08:06:31.851+0000] {logging_mixin.py:188} INFO - [2024-06-04T08:06:31.851+0000] {dag.py:3834} INFO - Setting next_dagrun for example_bash_operator to 2024-06-03 00:00:00+00:00, run_after=2024-06-04 00:00:00+00:00
[2024-06-04T08:06:32.068+0000] {processor.py:183} INFO - Processing /home/airflow/.local/lib/python3.8/site-packages/airflow/example_dags/example_bash_operator.py took 0.312 seconds
[2024-06-04T08:07:02.660+0000] {processor.py:161} INFO - Started process (PID=1957) to work on /home/airflow/.local/lib/python3.8/site-packages/airflow/example_dags/example_bash_operator.py
[2024-06-04T08:07:02.661+0000] {processor.py:830} INFO - Processing file /home/airflow/.local/lib/python3.8/site-packages/airflow/example_dags/example_bash_operator.py for tasks to queue
[2024-06-04T08:07:02.663+0000] {logging_mixin.py:188} INFO - [2024-06-04T08:07:02.663+0000] {dagbag.py:540} INFO - Filling up the DagBag from /home/airflow/.local/lib/python3.8/site-packages/airflow/example_dags/example_bash_operator.py
[2024-06-04T08:07:02.677+0000] {processor.py:840} INFO - DAG(s) 'example_bash_operator' retrieved from /home/airflow/.local/lib/python3.8/site-packages/airflow/example_dags/example_bash_operator.py
[2024-06-04T08:07:02.723+0000] {logging_mixin.py:188} INFO - [2024-06-04T08:07:02.722+0000] {dag.py:3047} INFO - Sync 1 DAGs
[2024-06-04T08:07:02.761+0000] {logging_mixin.py:188} INFO - [2024-06-04T08:07:02.761+0000] {dag.py:3834} INFO - Setting next_dagrun for example_bash_operator to 2024-06-03 00:00:00+00:00, run_after=2024-06-04 00:00:00+00:00
[2024-06-04T08:07:02.782+0000] {processor.py:183} INFO - Processing /home/airflow/.local/lib/python3.8/site-packages/airflow/example_dags/example_bash_operator.py took 0.126 seconds
[2024-06-04T08:07:33.072+0000] {processor.py:161} INFO - Started process (PID=2015) to work on /home/airflow/.local/lib/python3.8/site-packages/airflow/example_dags/example_bash_operator.py
[2024-06-04T08:07:33.074+0000] {processor.py:830} INFO - Processing file /home/airflow/.local/lib/python3.8/site-packages/airflow/example_dags/example_bash_operator.py for tasks to queue
[2024-06-04T08:07:33.076+0000] {logging_mixin.py:188} INFO - [2024-06-04T08:07:33.075+0000] {dagbag.py:540} INFO - Filling up the DagBag from /home/airflow/.local/lib/python3.8/site-packages/airflow/example_dags/example_bash_operator.py
[2024-06-04T08:07:33.089+0000] {processor.py:840} INFO - DAG(s) 'example_bash_operator' retrieved from /home/airflow/.local/lib/python3.8/site-packages/airflow/example_dags/example_bash_operator.py
[2024-06-04T08:07:33.131+0000] {logging_mixin.py:188} INFO - [2024-06-04T08:07:33.131+0000] {dag.py:3047} INFO - Sync 1 DAGs
[2024-06-04T08:07:33.165+0000] {logging_mixin.py:188} INFO - [2024-06-04T08:07:33.164+0000] {dag.py:3834} INFO - Setting next_dagrun for example_bash_operator to 2024-06-03 00:00:00+00:00, run_after=2024-06-04 00:00:00+00:00
[2024-06-04T08:07:33.186+0000] {processor.py:183} INFO - Processing /home/airflow/.local/lib/python3.8/site-packages/airflow/example_dags/example_bash_operator.py took 0.117 seconds
[2024-06-04T08:08:03.684+0000] {processor.py:161} INFO - Started process (PID=2073) to work on /home/airflow/.local/lib/python3.8/site-packages/airflow/example_dags/example_bash_operator.py
[2024-06-04T08:08:03.685+0000] {processor.py:830} INFO - Processing file /home/airflow/.local/lib/python3.8/site-packages/airflow/example_dags/example_bash_operator.py for tasks to queue
[2024-06-04T08:08:03.687+0000] {logging_mixin.py:188} INFO - [2024-06-04T08:08:03.687+0000] {dagbag.py:540} INFO - Filling up the DagBag from /home/airflow/.local/lib/python3.8/site-packages/airflow/example_dags/example_bash_operator.py
[2024-06-04T08:08:03.702+0000] {processor.py:840} INFO - DAG(s) 'example_bash_operator' retrieved from /home/airflow/.local/lib/python3.8/site-packages/airflow/example_dags/example_bash_operator.py
[2024-06-04T08:08:03.742+0000] {logging_mixin.py:188} INFO - [2024-06-04T08:08:03.741+0000] {dag.py:3047} INFO - Sync 1 DAGs
[2024-06-04T08:08:03.770+0000] {logging_mixin.py:188} INFO - [2024-06-04T08:08:03.770+0000] {dag.py:3834} INFO - Setting next_dagrun for example_bash_operator to 2024-06-03 00:00:00+00:00, run_after=2024-06-04 00:00:00+00:00
[2024-06-04T08:08:03.791+0000] {processor.py:183} INFO - Processing /home/airflow/.local/lib/python3.8/site-packages/airflow/example_dags/example_bash_operator.py took 0.110 seconds
[2024-06-04T08:08:34.264+0000] {processor.py:161} INFO - Started process (PID=2131) to work on /home/airflow/.local/lib/python3.8/site-packages/airflow/example_dags/example_bash_operator.py
[2024-06-04T08:08:34.265+0000] {processor.py:830} INFO - Processing file /home/airflow/.local/lib/python3.8/site-packages/airflow/example_dags/example_bash_operator.py for tasks to queue
[2024-06-04T08:08:34.267+0000] {logging_mixin.py:188} INFO - [2024-06-04T08:08:34.267+0000] {dagbag.py:540} INFO - Filling up the DagBag from /home/airflow/.local/lib/python3.8/site-packages/airflow/example_dags/example_bash_operator.py
[2024-06-04T08:08:34.283+0000] {processor.py:840} INFO - DAG(s) 'example_bash_operator' retrieved from /home/airflow/.local/lib/python3.8/site-packages/airflow/example_dags/example_bash_operator.py
[2024-06-04T08:08:34.567+0000] {logging_mixin.py:188} INFO - [2024-06-04T08:08:34.566+0000] {dag.py:3047} INFO - Sync 1 DAGs
[2024-06-04T08:08:34.604+0000] {logging_mixin.py:188} INFO - [2024-06-04T08:08:34.603+0000] {dag.py:3834} INFO - Setting next_dagrun for example_bash_operator to 2024-06-03 00:00:00+00:00, run_after=2024-06-04 00:00:00+00:00
[2024-06-04T08:08:34.628+0000] {processor.py:183} INFO - Processing /home/airflow/.local/lib/python3.8/site-packages/airflow/example_dags/example_bash_operator.py took 0.368 seconds
[2024-06-04T08:09:04.824+0000] {processor.py:161} INFO - Started process (PID=2188) to work on /home/airflow/.local/lib/python3.8/site-packages/airflow/example_dags/example_bash_operator.py
[2024-06-04T08:09:04.826+0000] {processor.py:830} INFO - Processing file /home/airflow/.local/lib/python3.8/site-packages/airflow/example_dags/example_bash_operator.py for tasks to queue
[2024-06-04T08:09:04.828+0000] {logging_mixin.py:188} INFO - [2024-06-04T08:09:04.828+0000] {dagbag.py:540} INFO - Filling up the DagBag from /home/airflow/.local/lib/python3.8/site-packages/airflow/example_dags/example_bash_operator.py
[2024-06-04T08:09:04.844+0000] {processor.py:840} INFO - DAG(s) 'example_bash_operator' retrieved from /home/airflow/.local/lib/python3.8/site-packages/airflow/example_dags/example_bash_operator.py
[2024-06-04T08:09:04.935+0000] {logging_mixin.py:188} INFO - [2024-06-04T08:09:04.934+0000] {dag.py:3047} INFO - Sync 1 DAGs
[2024-06-04T08:09:05.257+0000] {logging_mixin.py:188} INFO - [2024-06-04T08:09:05.257+0000] {dag.py:3834} INFO - Setting next_dagrun for example_bash_operator to 2024-06-03 00:00:00+00:00, run_after=2024-06-04 00:00:00+00:00
[2024-06-04T08:09:05.302+0000] {processor.py:183} INFO - Processing /home/airflow/.local/lib/python3.8/site-packages/airflow/example_dags/example_bash_operator.py took 0.482 seconds
[2024-06-04T08:09:36.053+0000] {processor.py:161} INFO - Started process (PID=2246) to work on /home/airflow/.local/lib/python3.8/site-packages/airflow/example_dags/example_bash_operator.py
[2024-06-04T08:09:36.055+0000] {processor.py:830} INFO - Processing file /home/airflow/.local/lib/python3.8/site-packages/airflow/example_dags/example_bash_operator.py for tasks to queue
[2024-06-04T08:09:36.058+0000] {logging_mixin.py:188} INFO - [2024-06-04T08:09:36.057+0000] {dagbag.py:540} INFO - Filling up the DagBag from /home/airflow/.local/lib/python3.8/site-packages/airflow/example_dags/example_bash_operator.py
[2024-06-04T08:09:36.071+0000] {processor.py:840} INFO - DAG(s) 'example_bash_operator' retrieved from /home/airflow/.local/lib/python3.8/site-packages/airflow/example_dags/example_bash_operator.py
[2024-06-04T08:09:36.115+0000] {logging_mixin.py:188} INFO - [2024-06-04T08:09:36.114+0000] {dag.py:3047} INFO - Sync 1 DAGs
[2024-06-04T08:09:36.153+0000] {logging_mixin.py:188} INFO - [2024-06-04T08:09:36.152+0000] {dag.py:3834} INFO - Setting next_dagrun for example_bash_operator to 2024-06-03 00:00:00+00:00, run_after=2024-06-04 00:00:00+00:00
[2024-06-04T08:09:36.178+0000] {processor.py:183} INFO - Processing /home/airflow/.local/lib/python3.8/site-packages/airflow/example_dags/example_bash_operator.py took 0.128 seconds
[2024-06-04T08:10:06.682+0000] {processor.py:161} INFO - Started process (PID=2310) to work on /home/airflow/.local/lib/python3.8/site-packages/airflow/example_dags/example_bash_operator.py
[2024-06-04T08:10:06.683+0000] {processor.py:830} INFO - Processing file /home/airflow/.local/lib/python3.8/site-packages/airflow/example_dags/example_bash_operator.py for tasks to queue
[2024-06-04T08:10:06.685+0000] {logging_mixin.py:188} INFO - [2024-06-04T08:10:06.685+0000] {dagbag.py:540} INFO - Filling up the DagBag from /home/airflow/.local/lib/python3.8/site-packages/airflow/example_dags/example_bash_operator.py
[2024-06-04T08:10:06.698+0000] {processor.py:840} INFO - DAG(s) 'example_bash_operator' retrieved from /home/airflow/.local/lib/python3.8/site-packages/airflow/example_dags/example_bash_operator.py
[2024-06-04T08:10:06.735+0000] {logging_mixin.py:188} INFO - [2024-06-04T08:10:06.735+0000] {dag.py:3047} INFO - Sync 1 DAGs
[2024-06-04T08:10:06.765+0000] {logging_mixin.py:188} INFO - [2024-06-04T08:10:06.764+0000] {dag.py:3834} INFO - Setting next_dagrun for example_bash_operator to 2024-06-03 00:00:00+00:00, run_after=2024-06-04 00:00:00+00:00
[2024-06-04T08:10:06.815+0000] {processor.py:183} INFO - Processing /home/airflow/.local/lib/python3.8/site-packages/airflow/example_dags/example_bash_operator.py took 0.136 seconds
[2024-06-04T08:10:37.048+0000] {processor.py:161} INFO - Started process (PID=2368) to work on /home/airflow/.local/lib/python3.8/site-packages/airflow/example_dags/example_bash_operator.py
[2024-06-04T08:10:37.049+0000] {processor.py:830} INFO - Processing file /home/airflow/.local/lib/python3.8/site-packages/airflow/example_dags/example_bash_operator.py for tasks to queue
[2024-06-04T08:10:37.051+0000] {logging_mixin.py:188} INFO - [2024-06-04T08:10:37.051+0000] {dagbag.py:540} INFO - Filling up the DagBag from /home/airflow/.local/lib/python3.8/site-packages/airflow/example_dags/example_bash_operator.py
[2024-06-04T08:10:37.065+0000] {processor.py:840} INFO - DAG(s) 'example_bash_operator' retrieved from /home/airflow/.local/lib/python3.8/site-packages/airflow/example_dags/example_bash_operator.py
[2024-06-04T08:10:37.103+0000] {logging_mixin.py:188} INFO - [2024-06-04T08:10:37.102+0000] {dag.py:3047} INFO - Sync 1 DAGs
[2024-06-04T08:10:37.134+0000] {logging_mixin.py:188} INFO - [2024-06-04T08:10:37.133+0000] {dag.py:3834} INFO - Setting next_dagrun for example_bash_operator to 2024-06-03 00:00:00+00:00, run_after=2024-06-04 00:00:00+00:00
[2024-06-04T08:10:37.160+0000] {processor.py:183} INFO - Processing /home/airflow/.local/lib/python3.8/site-packages/airflow/example_dags/example_bash_operator.py took 0.116 seconds
[2024-06-04T08:11:07.678+0000] {processor.py:161} INFO - Started process (PID=2426) to work on /home/airflow/.local/lib/python3.8/site-packages/airflow/example_dags/example_bash_operator.py
[2024-06-04T08:11:07.679+0000] {processor.py:830} INFO - Processing file /home/airflow/.local/lib/python3.8/site-packages/airflow/example_dags/example_bash_operator.py for tasks to queue
[2024-06-04T08:11:07.681+0000] {logging_mixin.py:188} INFO - [2024-06-04T08:11:07.681+0000] {dagbag.py:540} INFO - Filling up the DagBag from /home/airflow/.local/lib/python3.8/site-packages/airflow/example_dags/example_bash_operator.py
[2024-06-04T08:11:07.696+0000] {processor.py:840} INFO - DAG(s) 'example_bash_operator' retrieved from /home/airflow/.local/lib/python3.8/site-packages/airflow/example_dags/example_bash_operator.py
[2024-06-04T08:11:07.737+0000] {logging_mixin.py:188} INFO - [2024-06-04T08:11:07.736+0000] {dag.py:3047} INFO - Sync 1 DAGs
[2024-06-04T08:11:07.809+0000] {logging_mixin.py:188} INFO - [2024-06-04T08:11:07.808+0000] {dag.py:3834} INFO - Setting next_dagrun for example_bash_operator to 2024-06-03 00:00:00+00:00, run_after=2024-06-04 00:00:00+00:00
[2024-06-04T08:11:07.829+0000] {processor.py:183} INFO - Processing /home/airflow/.local/lib/python3.8/site-packages/airflow/example_dags/example_bash_operator.py took 0.155 seconds
[2024-06-04T08:11:37.984+0000] {processor.py:161} INFO - Started process (PID=2485) to work on /home/airflow/.local/lib/python3.8/site-packages/airflow/example_dags/example_bash_operator.py
[2024-06-04T08:11:37.985+0000] {processor.py:830} INFO - Processing file /home/airflow/.local/lib/python3.8/site-packages/airflow/example_dags/example_bash_operator.py for tasks to queue
[2024-06-04T08:11:37.987+0000] {logging_mixin.py:188} INFO - [2024-06-04T08:11:37.987+0000] {dagbag.py:540} INFO - Filling up the DagBag from /home/airflow/.local/lib/python3.8/site-packages/airflow/example_dags/example_bash_operator.py
[2024-06-04T08:11:38.001+0000] {processor.py:840} INFO - DAG(s) 'example_bash_operator' retrieved from /home/airflow/.local/lib/python3.8/site-packages/airflow/example_dags/example_bash_operator.py
[2024-06-04T08:11:38.039+0000] {logging_mixin.py:188} INFO - [2024-06-04T08:11:38.039+0000] {dag.py:3047} INFO - Sync 1 DAGs
[2024-06-04T08:11:38.104+0000] {logging_mixin.py:188} INFO - [2024-06-04T08:11:38.103+0000] {dag.py:3834} INFO - Setting next_dagrun for example_bash_operator to 2024-06-03 00:00:00+00:00, run_after=2024-06-04 00:00:00+00:00
[2024-06-04T08:11:38.138+0000] {processor.py:183} INFO - Processing /home/airflow/.local/lib/python3.8/site-packages/airflow/example_dags/example_bash_operator.py took 0.158 seconds
[2024-06-04T08:12:08.247+0000] {processor.py:161} INFO - Started process (PID=2544) to work on /home/airflow/.local/lib/python3.8/site-packages/airflow/example_dags/example_bash_operator.py
[2024-06-04T08:12:08.248+0000] {processor.py:830} INFO - Processing file /home/airflow/.local/lib/python3.8/site-packages/airflow/example_dags/example_bash_operator.py for tasks to queue
[2024-06-04T08:12:08.250+0000] {logging_mixin.py:188} INFO - [2024-06-04T08:12:08.250+0000] {dagbag.py:540} INFO - Filling up the DagBag from /home/airflow/.local/lib/python3.8/site-packages/airflow/example_dags/example_bash_operator.py
[2024-06-04T08:12:08.263+0000] {processor.py:840} INFO - DAG(s) 'example_bash_operator' retrieved from /home/airflow/.local/lib/python3.8/site-packages/airflow/example_dags/example_bash_operator.py
[2024-06-04T08:12:08.297+0000] {logging_mixin.py:188} INFO - [2024-06-04T08:12:08.297+0000] {dag.py:3047} INFO - Sync 1 DAGs
[2024-06-04T08:12:08.339+0000] {logging_mixin.py:188} INFO - [2024-06-04T08:12:08.339+0000] {dag.py:3834} INFO - Setting next_dagrun for example_bash_operator to 2024-06-03 00:00:00+00:00, run_after=2024-06-04 00:00:00+00:00
[2024-06-04T08:12:08.359+0000] {processor.py:183} INFO - Processing /home/airflow/.local/lib/python3.8/site-packages/airflow/example_dags/example_bash_operator.py took 0.116 seconds
[2024-06-04T08:12:38.436+0000] {processor.py:161} INFO - Started process (PID=2603) to work on /home/airflow/.local/lib/python3.8/site-packages/airflow/example_dags/example_bash_operator.py
[2024-06-04T08:12:38.438+0000] {processor.py:830} INFO - Processing file /home/airflow/.local/lib/python3.8/site-packages/airflow/example_dags/example_bash_operator.py for tasks to queue
[2024-06-04T08:12:38.440+0000] {logging_mixin.py:188} INFO - [2024-06-04T08:12:38.439+0000] {dagbag.py:540} INFO - Filling up the DagBag from /home/airflow/.local/lib/python3.8/site-packages/airflow/example_dags/example_bash_operator.py
[2024-06-04T08:12:38.454+0000] {processor.py:840} INFO - DAG(s) 'example_bash_operator' retrieved from /home/airflow/.local/lib/python3.8/site-packages/airflow/example_dags/example_bash_operator.py
[2024-06-04T08:12:38.492+0000] {logging_mixin.py:188} INFO - [2024-06-04T08:12:38.491+0000] {dag.py:3047} INFO - Sync 1 DAGs
[2024-06-04T08:12:38.521+0000] {logging_mixin.py:188} INFO - [2024-06-04T08:12:38.520+0000] {dag.py:3834} INFO - Setting next_dagrun for example_bash_operator to 2024-06-03 00:00:00+00:00, run_after=2024-06-04 00:00:00+00:00
[2024-06-04T08:12:38.546+0000] {processor.py:183} INFO - Processing /home/airflow/.local/lib/python3.8/site-packages/airflow/example_dags/example_bash_operator.py took 0.113 seconds
[2024-06-04T08:13:08.624+0000] {processor.py:161} INFO - Started process (PID=2661) to work on /home/airflow/.local/lib/python3.8/site-packages/airflow/example_dags/example_bash_operator.py
[2024-06-04T08:13:08.625+0000] {processor.py:830} INFO - Processing file /home/airflow/.local/lib/python3.8/site-packages/airflow/example_dags/example_bash_operator.py for tasks to queue
[2024-06-04T08:13:08.628+0000] {logging_mixin.py:188} INFO - [2024-06-04T08:13:08.628+0000] {dagbag.py:540} INFO - Filling up the DagBag from /home/airflow/.local/lib/python3.8/site-packages/airflow/example_dags/example_bash_operator.py
[2024-06-04T08:13:08.645+0000] {processor.py:840} INFO - DAG(s) 'example_bash_operator' retrieved from /home/airflow/.local/lib/python3.8/site-packages/airflow/example_dags/example_bash_operator.py
[2024-06-04T08:13:08.694+0000] {logging_mixin.py:188} INFO - [2024-06-04T08:13:08.694+0000] {dag.py:3047} INFO - Sync 1 DAGs
[2024-06-04T08:13:08.726+0000] {logging_mixin.py:188} INFO - [2024-06-04T08:13:08.726+0000] {dag.py:3834} INFO - Setting next_dagrun for example_bash_operator to 2024-06-03 00:00:00+00:00, run_after=2024-06-04 00:00:00+00:00
[2024-06-04T08:13:08.752+0000] {processor.py:183} INFO - Processing /home/airflow/.local/lib/python3.8/site-packages/airflow/example_dags/example_bash_operator.py took 0.133 seconds
[2024-06-04T08:13:39.011+0000] {processor.py:161} INFO - Started process (PID=2720) to work on /home/airflow/.local/lib/python3.8/site-packages/airflow/example_dags/example_bash_operator.py
[2024-06-04T08:13:39.013+0000] {processor.py:830} INFO - Processing file /home/airflow/.local/lib/python3.8/site-packages/airflow/example_dags/example_bash_operator.py for tasks to queue
[2024-06-04T08:13:39.016+0000] {logging_mixin.py:188} INFO - [2024-06-04T08:13:39.015+0000] {dagbag.py:540} INFO - Filling up the DagBag from /home/airflow/.local/lib/python3.8/site-packages/airflow/example_dags/example_bash_operator.py
[2024-06-04T08:13:39.034+0000] {processor.py:840} INFO - DAG(s) 'example_bash_operator' retrieved from /home/airflow/.local/lib/python3.8/site-packages/airflow/example_dags/example_bash_operator.py
[2024-06-04T08:13:39.058+0000] {logging_mixin.py:188} INFO - [2024-06-04T08:13:39.058+0000] {dag.py:3047} INFO - Sync 1 DAGs
[2024-06-04T08:13:39.128+0000] {logging_mixin.py:188} INFO - [2024-06-04T08:13:39.127+0000] {dag.py:3834} INFO - Setting next_dagrun for example_bash_operator to 2024-06-03 00:00:00+00:00, run_after=2024-06-04 00:00:00+00:00
[2024-06-04T08:13:39.152+0000] {processor.py:183} INFO - Processing /home/airflow/.local/lib/python3.8/site-packages/airflow/example_dags/example_bash_operator.py took 0.146 seconds
[2024-06-04T08:14:09.987+0000] {processor.py:161} INFO - Started process (PID=2779) to work on /home/airflow/.local/lib/python3.8/site-packages/airflow/example_dags/example_bash_operator.py
[2024-06-04T08:14:09.988+0000] {processor.py:830} INFO - Processing file /home/airflow/.local/lib/python3.8/site-packages/airflow/example_dags/example_bash_operator.py for tasks to queue
[2024-06-04T08:14:09.991+0000] {logging_mixin.py:188} INFO - [2024-06-04T08:14:09.991+0000] {dagbag.py:540} INFO - Filling up the DagBag from /home/airflow/.local/lib/python3.8/site-packages/airflow/example_dags/example_bash_operator.py
[2024-06-04T08:14:10.016+0000] {processor.py:840} INFO - DAG(s) 'example_bash_operator' retrieved from /home/airflow/.local/lib/python3.8/site-packages/airflow/example_dags/example_bash_operator.py
[2024-06-04T08:14:10.190+0000] {logging_mixin.py:188} INFO - [2024-06-04T08:14:10.189+0000] {dag.py:3047} INFO - Sync 1 DAGs
[2024-06-04T08:14:10.218+0000] {logging_mixin.py:188} INFO - [2024-06-04T08:14:10.217+0000] {dag.py:3834} INFO - Setting next_dagrun for example_bash_operator to 2024-06-03 00:00:00+00:00, run_after=2024-06-04 00:00:00+00:00
[2024-06-04T08:14:10.245+0000] {processor.py:183} INFO - Processing /home/airflow/.local/lib/python3.8/site-packages/airflow/example_dags/example_bash_operator.py took 0.263 seconds
[2024-06-04T08:14:40.783+0000] {processor.py:161} INFO - Started process (PID=2838) to work on /home/airflow/.local/lib/python3.8/site-packages/airflow/example_dags/example_bash_operator.py
[2024-06-04T08:14:40.785+0000] {processor.py:830} INFO - Processing file /home/airflow/.local/lib/python3.8/site-packages/airflow/example_dags/example_bash_operator.py for tasks to queue
[2024-06-04T08:14:40.787+0000] {logging_mixin.py:188} INFO - [2024-06-04T08:14:40.786+0000] {dagbag.py:540} INFO - Filling up the DagBag from /home/airflow/.local/lib/python3.8/site-packages/airflow/example_dags/example_bash_operator.py
[2024-06-04T08:14:40.808+0000] {processor.py:840} INFO - DAG(s) 'example_bash_operator' retrieved from /home/airflow/.local/lib/python3.8/site-packages/airflow/example_dags/example_bash_operator.py
[2024-06-04T08:14:40.849+0000] {logging_mixin.py:188} INFO - [2024-06-04T08:14:40.848+0000] {dag.py:3047} INFO - Sync 1 DAGs
[2024-06-04T08:14:40.877+0000] {logging_mixin.py:188} INFO - [2024-06-04T08:14:40.876+0000] {dag.py:3834} INFO - Setting next_dagrun for example_bash_operator to 2024-06-03 00:00:00+00:00, run_after=2024-06-04 00:00:00+00:00
[2024-06-04T08:14:40.913+0000] {processor.py:183} INFO - Processing /home/airflow/.local/lib/python3.8/site-packages/airflow/example_dags/example_bash_operator.py took 0.134 seconds
[2024-06-04T08:15:13.715+0000] {processor.py:161} INFO - Started process (PID=2916) to work on /home/airflow/.local/lib/python3.8/site-packages/airflow/example_dags/example_bash_operator.py
[2024-06-04T08:15:13.716+0000] {processor.py:830} INFO - Processing file /home/airflow/.local/lib/python3.8/site-packages/airflow/example_dags/example_bash_operator.py for tasks to queue
[2024-06-04T08:15:13.719+0000] {logging_mixin.py:188} INFO - [2024-06-04T08:15:13.718+0000] {dagbag.py:540} INFO - Filling up the DagBag from /home/airflow/.local/lib/python3.8/site-packages/airflow/example_dags/example_bash_operator.py
[2024-06-04T08:15:13.903+0000] {processor.py:840} INFO - DAG(s) 'example_bash_operator' retrieved from /home/airflow/.local/lib/python3.8/site-packages/airflow/example_dags/example_bash_operator.py
[2024-06-04T08:15:14.406+0000] {logging_mixin.py:188} INFO - [2024-06-04T08:15:14.405+0000] {dag.py:3047} INFO - Sync 1 DAGs
[2024-06-04T08:15:15.311+0000] {logging_mixin.py:188} INFO - [2024-06-04T08:15:15.311+0000] {dag.py:3834} INFO - Setting next_dagrun for example_bash_operator to 2024-06-03 00:00:00+00:00, run_after=2024-06-04 00:00:00+00:00
[2024-06-04T08:15:15.903+0000] {processor.py:183} INFO - Processing /home/airflow/.local/lib/python3.8/site-packages/airflow/example_dags/example_bash_operator.py took 2.193 seconds
[2024-06-04T08:15:55.630+0000] {processor.py:161} INFO - Started process (PID=3003) to work on /home/airflow/.local/lib/python3.8/site-packages/airflow/example_dags/example_bash_operator.py
[2024-06-04T08:15:55.701+0000] {processor.py:830} INFO - Processing file /home/airflow/.local/lib/python3.8/site-packages/airflow/example_dags/example_bash_operator.py for tasks to queue
[2024-06-04T08:15:55.705+0000] {logging_mixin.py:188} INFO - [2024-06-04T08:15:55.704+0000] {dagbag.py:540} INFO - Filling up the DagBag from /home/airflow/.local/lib/python3.8/site-packages/airflow/example_dags/example_bash_operator.py
[2024-06-04T08:15:55.924+0000] {processor.py:840} INFO - DAG(s) 'example_bash_operator' retrieved from /home/airflow/.local/lib/python3.8/site-packages/airflow/example_dags/example_bash_operator.py
[2024-06-04T08:15:56.204+0000] {logging_mixin.py:188} INFO - [2024-06-04T08:15:56.204+0000] {dag.py:3047} INFO - Sync 1 DAGs
[2024-06-04T08:15:56.322+0000] {logging_mixin.py:188} INFO - [2024-06-04T08:15:56.321+0000] {dag.py:3834} INFO - Setting next_dagrun for example_bash_operator to 2024-06-03 00:00:00+00:00, run_after=2024-06-04 00:00:00+00:00
[2024-06-04T08:15:56.506+0000] {processor.py:183} INFO - Processing /home/airflow/.local/lib/python3.8/site-packages/airflow/example_dags/example_bash_operator.py took 0.881 seconds
[2024-06-04T08:16:27.019+0000] {processor.py:161} INFO - Started process (PID=3087) to work on /home/airflow/.local/lib/python3.8/site-packages/airflow/example_dags/example_bash_operator.py
[2024-06-04T08:16:27.024+0000] {processor.py:830} INFO - Processing file /home/airflow/.local/lib/python3.8/site-packages/airflow/example_dags/example_bash_operator.py for tasks to queue
[2024-06-04T08:16:27.027+0000] {logging_mixin.py:188} INFO - [2024-06-04T08:16:27.027+0000] {dagbag.py:540} INFO - Filling up the DagBag from /home/airflow/.local/lib/python3.8/site-packages/airflow/example_dags/example_bash_operator.py
[2024-06-04T08:16:27.115+0000] {processor.py:840} INFO - DAG(s) 'example_bash_operator' retrieved from /home/airflow/.local/lib/python3.8/site-packages/airflow/example_dags/example_bash_operator.py
[2024-06-04T08:16:27.306+0000] {logging_mixin.py:188} INFO - [2024-06-04T08:16:27.305+0000] {dag.py:3047} INFO - Sync 1 DAGs
[2024-06-04T08:16:27.420+0000] {logging_mixin.py:188} INFO - [2024-06-04T08:16:27.419+0000] {dag.py:3834} INFO - Setting next_dagrun for example_bash_operator to 2024-06-03 00:00:00+00:00, run_after=2024-06-04 00:00:00+00:00
[2024-06-04T08:16:27.534+0000] {processor.py:183} INFO - Processing /home/airflow/.local/lib/python3.8/site-packages/airflow/example_dags/example_bash_operator.py took 0.522 seconds
[2024-06-04T08:16:58.817+0000] {processor.py:161} INFO - Started process (PID=3171) to work on /home/airflow/.local/lib/python3.8/site-packages/airflow/example_dags/example_bash_operator.py
[2024-06-04T08:16:58.818+0000] {processor.py:830} INFO - Processing file /home/airflow/.local/lib/python3.8/site-packages/airflow/example_dags/example_bash_operator.py for tasks to queue
[2024-06-04T08:16:58.821+0000] {logging_mixin.py:188} INFO - [2024-06-04T08:16:58.820+0000] {dagbag.py:540} INFO - Filling up the DagBag from /home/airflow/.local/lib/python3.8/site-packages/airflow/example_dags/example_bash_operator.py
[2024-06-04T08:16:58.914+0000] {processor.py:840} INFO - DAG(s) 'example_bash_operator' retrieved from /home/airflow/.local/lib/python3.8/site-packages/airflow/example_dags/example_bash_operator.py
[2024-06-04T08:16:59.203+0000] {logging_mixin.py:188} INFO - [2024-06-04T08:16:59.203+0000] {dag.py:3047} INFO - Sync 1 DAGs
[2024-06-04T08:16:59.403+0000] {logging_mixin.py:188} INFO - [2024-06-04T08:16:59.403+0000] {dag.py:3834} INFO - Setting next_dagrun for example_bash_operator to 2024-06-03 00:00:00+00:00, run_after=2024-06-04 00:00:00+00:00
[2024-06-04T08:16:59.516+0000] {processor.py:183} INFO - Processing /home/airflow/.local/lib/python3.8/site-packages/airflow/example_dags/example_bash_operator.py took 0.704 seconds
[2024-06-04T08:17:30.008+0000] {processor.py:161} INFO - Started process (PID=3254) to work on /home/airflow/.local/lib/python3.8/site-packages/airflow/example_dags/example_bash_operator.py
[2024-06-04T08:17:30.014+0000] {processor.py:830} INFO - Processing file /home/airflow/.local/lib/python3.8/site-packages/airflow/example_dags/example_bash_operator.py for tasks to queue
[2024-06-04T08:17:30.018+0000] {logging_mixin.py:188} INFO - [2024-06-04T08:17:30.018+0000] {dagbag.py:540} INFO - Filling up the DagBag from /home/airflow/.local/lib/python3.8/site-packages/airflow/example_dags/example_bash_operator.py
[2024-06-04T08:17:30.103+0000] {processor.py:840} INFO - DAG(s) 'example_bash_operator' retrieved from /home/airflow/.local/lib/python3.8/site-packages/airflow/example_dags/example_bash_operator.py
[2024-06-04T08:17:30.215+0000] {logging_mixin.py:188} INFO - [2024-06-04T08:17:30.215+0000] {dag.py:3047} INFO - Sync 1 DAGs
[2024-06-04T08:17:30.330+0000] {logging_mixin.py:188} INFO - [2024-06-04T08:17:30.330+0000] {dag.py:3834} INFO - Setting next_dagrun for example_bash_operator to 2024-06-03 00:00:00+00:00, run_after=2024-06-04 00:00:00+00:00
[2024-06-04T08:17:30.425+0000] {processor.py:183} INFO - Processing /home/airflow/.local/lib/python3.8/site-packages/airflow/example_dags/example_bash_operator.py took 0.481 seconds
