[2024-06-04T07:51:21.515+0000] {processor.py:161} INFO - Started process (PID=169) to work on /home/airflow/.local/lib/python3.8/site-packages/airflow/example_dags/example_datasets.py
[2024-06-04T07:51:21.516+0000] {processor.py:830} INFO - Processing file /home/airflow/.local/lib/python3.8/site-packages/airflow/example_dags/example_datasets.py for tasks to queue
[2024-06-04T07:51:21.518+0000] {logging_mixin.py:188} INFO - [2024-06-04T07:51:21.518+0000] {dagbag.py:540} INFO - Filling up the DagBag from /home/airflow/.local/lib/python3.8/site-packages/airflow/example_dags/example_datasets.py
[2024-06-04T07:51:21.536+0000] {processor.py:840} INFO - DAG(s) 'dataset_consumes_1_and_2', 'dataset_produces_2', 'dataset_produces_1', 'dataset_consumes_1_never_scheduled', 'dataset_consumes_unknown_never_scheduled', 'dataset_consumes_1' retrieved from /home/airflow/.local/lib/python3.8/site-packages/airflow/example_dags/example_datasets.py
[2024-06-04T07:51:22.103+0000] {logging_mixin.py:188} INFO - [2024-06-04T07:51:22.102+0000] {dag.py:3047} INFO - Sync 6 DAGs
[2024-06-04T07:51:22.139+0000] {logging_mixin.py:188} INFO - [2024-06-04T07:51:22.139+0000] {dag.py:3834} INFO - Setting next_dagrun for dataset_consumes_1 to None, run_after=None
[2024-06-04T07:51:22.143+0000] {logging_mixin.py:188} INFO - [2024-06-04T07:51:22.143+0000] {dag.py:3834} INFO - Setting next_dagrun for dataset_consumes_1_and_2 to None, run_after=None
[2024-06-04T07:51:22.145+0000] {logging_mixin.py:188} INFO - [2024-06-04T07:51:22.144+0000] {dag.py:3834} INFO - Setting next_dagrun for dataset_consumes_1_never_scheduled to None, run_after=None
[2024-06-04T07:51:22.146+0000] {logging_mixin.py:188} INFO - [2024-06-04T07:51:22.146+0000] {dag.py:3834} INFO - Setting next_dagrun for dataset_consumes_unknown_never_scheduled to None, run_after=None
[2024-06-04T07:51:22.202+0000] {logging_mixin.py:188} INFO - [2024-06-04T07:51:22.201+0000] {dag.py:3834} INFO - Setting next_dagrun for dataset_produces_1 to 2024-06-03 00:00:00+00:00, run_after=2024-06-04 00:00:00+00:00
[2024-06-04T07:51:22.204+0000] {logging_mixin.py:188} INFO - [2024-06-04T07:51:22.204+0000] {dag.py:3834} INFO - Setting next_dagrun for dataset_produces_2 to None, run_after=None
[2024-06-04T07:51:22.302+0000] {processor.py:183} INFO - Processing /home/airflow/.local/lib/python3.8/site-packages/airflow/example_dags/example_datasets.py took 0.792 seconds
[2024-06-04T07:51:52.463+0000] {processor.py:161} INFO - Started process (PID=227) to work on /home/airflow/.local/lib/python3.8/site-packages/airflow/example_dags/example_datasets.py
[2024-06-04T07:51:52.465+0000] {processor.py:830} INFO - Processing file /home/airflow/.local/lib/python3.8/site-packages/airflow/example_dags/example_datasets.py for tasks to queue
[2024-06-04T07:51:52.466+0000] {logging_mixin.py:188} INFO - [2024-06-04T07:51:52.466+0000] {dagbag.py:540} INFO - Filling up the DagBag from /home/airflow/.local/lib/python3.8/site-packages/airflow/example_dags/example_datasets.py
[2024-06-04T07:51:52.477+0000] {processor.py:840} INFO - DAG(s) 'dataset_produces_1', 'dataset_consumes_1_never_scheduled', 'dataset_consumes_1_and_2', 'dataset_consumes_1', 'dataset_produces_2', 'dataset_consumes_unknown_never_scheduled' retrieved from /home/airflow/.local/lib/python3.8/site-packages/airflow/example_dags/example_datasets.py
[2024-06-04T07:51:52.523+0000] {logging_mixin.py:188} INFO - [2024-06-04T07:51:52.523+0000] {dag.py:3047} INFO - Sync 6 DAGs
[2024-06-04T07:51:52.548+0000] {logging_mixin.py:188} INFO - [2024-06-04T07:51:52.548+0000] {dag.py:3834} INFO - Setting next_dagrun for dataset_consumes_1 to None, run_after=None
[2024-06-04T07:51:52.552+0000] {logging_mixin.py:188} INFO - [2024-06-04T07:51:52.552+0000] {dag.py:3834} INFO - Setting next_dagrun for dataset_consumes_1_and_2 to None, run_after=None
[2024-06-04T07:51:52.553+0000] {logging_mixin.py:188} INFO - [2024-06-04T07:51:52.553+0000] {dag.py:3834} INFO - Setting next_dagrun for dataset_consumes_1_never_scheduled to None, run_after=None
[2024-06-04T07:51:52.554+0000] {logging_mixin.py:188} INFO - [2024-06-04T07:51:52.554+0000] {dag.py:3834} INFO - Setting next_dagrun for dataset_consumes_unknown_never_scheduled to None, run_after=None
[2024-06-04T07:51:52.557+0000] {logging_mixin.py:188} INFO - [2024-06-04T07:51:52.557+0000] {dag.py:3834} INFO - Setting next_dagrun for dataset_produces_1 to 2024-06-03 00:00:00+00:00, run_after=2024-06-04 00:00:00+00:00
[2024-06-04T07:51:52.558+0000] {logging_mixin.py:188} INFO - [2024-06-04T07:51:52.558+0000] {dag.py:3834} INFO - Setting next_dagrun for dataset_produces_2 to None, run_after=None
[2024-06-04T07:51:52.608+0000] {processor.py:183} INFO - Processing /home/airflow/.local/lib/python3.8/site-packages/airflow/example_dags/example_datasets.py took 0.149 seconds
[2024-06-04T07:52:22.899+0000] {processor.py:161} INFO - Started process (PID=285) to work on /home/airflow/.local/lib/python3.8/site-packages/airflow/example_dags/example_datasets.py
[2024-06-04T07:52:22.901+0000] {processor.py:830} INFO - Processing file /home/airflow/.local/lib/python3.8/site-packages/airflow/example_dags/example_datasets.py for tasks to queue
[2024-06-04T07:52:22.903+0000] {logging_mixin.py:188} INFO - [2024-06-04T07:52:22.902+0000] {dagbag.py:540} INFO - Filling up the DagBag from /home/airflow/.local/lib/python3.8/site-packages/airflow/example_dags/example_datasets.py
[2024-06-04T07:52:22.915+0000] {processor.py:840} INFO - DAG(s) 'dataset_consumes_1', 'dataset_consumes_1_never_scheduled', 'dataset_consumes_unknown_never_scheduled', 'dataset_consumes_1_and_2', 'dataset_produces_1', 'dataset_produces_2' retrieved from /home/airflow/.local/lib/python3.8/site-packages/airflow/example_dags/example_datasets.py
[2024-06-04T07:52:22.958+0000] {logging_mixin.py:188} INFO - [2024-06-04T07:52:22.958+0000] {dag.py:3047} INFO - Sync 6 DAGs
[2024-06-04T07:52:22.983+0000] {logging_mixin.py:188} INFO - [2024-06-04T07:52:22.983+0000] {dag.py:3834} INFO - Setting next_dagrun for dataset_consumes_1 to None, run_after=None
[2024-06-04T07:52:22.987+0000] {logging_mixin.py:188} INFO - [2024-06-04T07:52:22.987+0000] {dag.py:3834} INFO - Setting next_dagrun for dataset_consumes_1_and_2 to None, run_after=None
[2024-06-04T07:52:22.988+0000] {logging_mixin.py:188} INFO - [2024-06-04T07:52:22.988+0000] {dag.py:3834} INFO - Setting next_dagrun for dataset_consumes_1_never_scheduled to None, run_after=None
[2024-06-04T07:52:22.989+0000] {logging_mixin.py:188} INFO - [2024-06-04T07:52:22.989+0000] {dag.py:3834} INFO - Setting next_dagrun for dataset_consumes_unknown_never_scheduled to None, run_after=None
[2024-06-04T07:52:22.992+0000] {logging_mixin.py:188} INFO - [2024-06-04T07:52:22.992+0000] {dag.py:3834} INFO - Setting next_dagrun for dataset_produces_1 to 2024-06-03 00:00:00+00:00, run_after=2024-06-04 00:00:00+00:00
[2024-06-04T07:52:22.993+0000] {logging_mixin.py:188} INFO - [2024-06-04T07:52:22.993+0000] {dag.py:3834} INFO - Setting next_dagrun for dataset_produces_2 to None, run_after=None
[2024-06-04T07:52:23.029+0000] {processor.py:183} INFO - Processing /home/airflow/.local/lib/python3.8/site-packages/airflow/example_dags/example_datasets.py took 0.133 seconds
[2024-06-04T07:52:53.080+0000] {processor.py:161} INFO - Started process (PID=342) to work on /home/airflow/.local/lib/python3.8/site-packages/airflow/example_dags/example_datasets.py
[2024-06-04T07:52:53.081+0000] {processor.py:830} INFO - Processing file /home/airflow/.local/lib/python3.8/site-packages/airflow/example_dags/example_datasets.py for tasks to queue
[2024-06-04T07:52:53.084+0000] {logging_mixin.py:188} INFO - [2024-06-04T07:52:53.083+0000] {dagbag.py:540} INFO - Filling up the DagBag from /home/airflow/.local/lib/python3.8/site-packages/airflow/example_dags/example_datasets.py
[2024-06-04T07:52:53.094+0000] {processor.py:840} INFO - DAG(s) 'dataset_produces_2', 'dataset_consumes_1_never_scheduled', 'dataset_consumes_1', 'dataset_consumes_1_and_2', 'dataset_produces_1', 'dataset_consumes_unknown_never_scheduled' retrieved from /home/airflow/.local/lib/python3.8/site-packages/airflow/example_dags/example_datasets.py
[2024-06-04T07:52:53.140+0000] {logging_mixin.py:188} INFO - [2024-06-04T07:52:53.140+0000] {dag.py:3047} INFO - Sync 6 DAGs
[2024-06-04T07:52:53.169+0000] {logging_mixin.py:188} INFO - [2024-06-04T07:52:53.169+0000] {dag.py:3834} INFO - Setting next_dagrun for dataset_consumes_1 to None, run_after=None
[2024-06-04T07:52:53.173+0000] {logging_mixin.py:188} INFO - [2024-06-04T07:52:53.172+0000] {dag.py:3834} INFO - Setting next_dagrun for dataset_consumes_1_and_2 to None, run_after=None
[2024-06-04T07:52:53.174+0000] {logging_mixin.py:188} INFO - [2024-06-04T07:52:53.174+0000] {dag.py:3834} INFO - Setting next_dagrun for dataset_consumes_1_never_scheduled to None, run_after=None
[2024-06-04T07:52:53.175+0000] {logging_mixin.py:188} INFO - [2024-06-04T07:52:53.175+0000] {dag.py:3834} INFO - Setting next_dagrun for dataset_consumes_unknown_never_scheduled to None, run_after=None
[2024-06-04T07:52:53.178+0000] {logging_mixin.py:188} INFO - [2024-06-04T07:52:53.178+0000] {dag.py:3834} INFO - Setting next_dagrun for dataset_produces_1 to 2024-06-03 00:00:00+00:00, run_after=2024-06-04 00:00:00+00:00
[2024-06-04T07:52:53.179+0000] {logging_mixin.py:188} INFO - [2024-06-04T07:52:53.179+0000] {dag.py:3834} INFO - Setting next_dagrun for dataset_produces_2 to None, run_after=None
[2024-06-04T07:52:53.220+0000] {processor.py:183} INFO - Processing /home/airflow/.local/lib/python3.8/site-packages/airflow/example_dags/example_datasets.py took 0.144 seconds
[2024-06-04T07:53:23.311+0000] {processor.py:161} INFO - Started process (PID=400) to work on /home/airflow/.local/lib/python3.8/site-packages/airflow/example_dags/example_datasets.py
[2024-06-04T07:53:23.312+0000] {processor.py:830} INFO - Processing file /home/airflow/.local/lib/python3.8/site-packages/airflow/example_dags/example_datasets.py for tasks to queue
[2024-06-04T07:53:23.314+0000] {logging_mixin.py:188} INFO - [2024-06-04T07:53:23.314+0000] {dagbag.py:540} INFO - Filling up the DagBag from /home/airflow/.local/lib/python3.8/site-packages/airflow/example_dags/example_datasets.py
[2024-06-04T07:53:23.326+0000] {processor.py:840} INFO - DAG(s) 'dataset_consumes_1_and_2', 'dataset_produces_2', 'dataset_consumes_unknown_never_scheduled', 'dataset_consumes_1_never_scheduled', 'dataset_produces_1', 'dataset_consumes_1' retrieved from /home/airflow/.local/lib/python3.8/site-packages/airflow/example_dags/example_datasets.py
[2024-06-04T07:53:23.374+0000] {logging_mixin.py:188} INFO - [2024-06-04T07:53:23.374+0000] {dag.py:3047} INFO - Sync 6 DAGs
[2024-06-04T07:53:23.405+0000] {logging_mixin.py:188} INFO - [2024-06-04T07:53:23.405+0000] {dag.py:3834} INFO - Setting next_dagrun for dataset_consumes_1 to None, run_after=None
[2024-06-04T07:53:23.410+0000] {logging_mixin.py:188} INFO - [2024-06-04T07:53:23.410+0000] {dag.py:3834} INFO - Setting next_dagrun for dataset_consumes_1_and_2 to None, run_after=None
[2024-06-04T07:53:23.412+0000] {logging_mixin.py:188} INFO - [2024-06-04T07:53:23.412+0000] {dag.py:3834} INFO - Setting next_dagrun for dataset_consumes_1_never_scheduled to None, run_after=None
[2024-06-04T07:53:23.414+0000] {logging_mixin.py:188} INFO - [2024-06-04T07:53:23.413+0000] {dag.py:3834} INFO - Setting next_dagrun for dataset_consumes_unknown_never_scheduled to None, run_after=None
[2024-06-04T07:53:23.417+0000] {logging_mixin.py:188} INFO - [2024-06-04T07:53:23.417+0000] {dag.py:3834} INFO - Setting next_dagrun for dataset_produces_1 to 2024-06-03 00:00:00+00:00, run_after=2024-06-04 00:00:00+00:00
[2024-06-04T07:53:23.419+0000] {logging_mixin.py:188} INFO - [2024-06-04T07:53:23.419+0000] {dag.py:3834} INFO - Setting next_dagrun for dataset_produces_2 to None, run_after=None
[2024-06-04T07:53:23.457+0000] {processor.py:183} INFO - Processing /home/airflow/.local/lib/python3.8/site-packages/airflow/example_dags/example_datasets.py took 0.150 seconds
[2024-06-04T07:53:53.691+0000] {processor.py:161} INFO - Started process (PID=458) to work on /home/airflow/.local/lib/python3.8/site-packages/airflow/example_dags/example_datasets.py
[2024-06-04T07:53:53.693+0000] {processor.py:830} INFO - Processing file /home/airflow/.local/lib/python3.8/site-packages/airflow/example_dags/example_datasets.py for tasks to queue
[2024-06-04T07:53:53.694+0000] {logging_mixin.py:188} INFO - [2024-06-04T07:53:53.694+0000] {dagbag.py:540} INFO - Filling up the DagBag from /home/airflow/.local/lib/python3.8/site-packages/airflow/example_dags/example_datasets.py
[2024-06-04T07:53:53.704+0000] {processor.py:840} INFO - DAG(s) 'dataset_consumes_unknown_never_scheduled', 'dataset_produces_2', 'dataset_produces_1', 'dataset_consumes_1_and_2', 'dataset_consumes_1_never_scheduled', 'dataset_consumes_1' retrieved from /home/airflow/.local/lib/python3.8/site-packages/airflow/example_dags/example_datasets.py
[2024-06-04T07:53:53.750+0000] {logging_mixin.py:188} INFO - [2024-06-04T07:53:53.749+0000] {dag.py:3047} INFO - Sync 6 DAGs
[2024-06-04T07:53:53.774+0000] {logging_mixin.py:188} INFO - [2024-06-04T07:53:53.773+0000] {dag.py:3834} INFO - Setting next_dagrun for dataset_consumes_1 to None, run_after=None
[2024-06-04T07:53:53.777+0000] {logging_mixin.py:188} INFO - [2024-06-04T07:53:53.777+0000] {dag.py:3834} INFO - Setting next_dagrun for dataset_consumes_1_and_2 to None, run_after=None
[2024-06-04T07:53:53.778+0000] {logging_mixin.py:188} INFO - [2024-06-04T07:53:53.778+0000] {dag.py:3834} INFO - Setting next_dagrun for dataset_consumes_1_never_scheduled to None, run_after=None
[2024-06-04T07:53:53.779+0000] {logging_mixin.py:188} INFO - [2024-06-04T07:53:53.779+0000] {dag.py:3834} INFO - Setting next_dagrun for dataset_consumes_unknown_never_scheduled to None, run_after=None
[2024-06-04T07:53:53.782+0000] {logging_mixin.py:188} INFO - [2024-06-04T07:53:53.782+0000] {dag.py:3834} INFO - Setting next_dagrun for dataset_produces_1 to 2024-06-03 00:00:00+00:00, run_after=2024-06-04 00:00:00+00:00
[2024-06-04T07:53:53.783+0000] {logging_mixin.py:188} INFO - [2024-06-04T07:53:53.783+0000] {dag.py:3834} INFO - Setting next_dagrun for dataset_produces_2 to None, run_after=None
[2024-06-04T07:53:53.817+0000] {processor.py:183} INFO - Processing /home/airflow/.local/lib/python3.8/site-packages/airflow/example_dags/example_datasets.py took 0.129 seconds
[2024-06-04T07:54:24.100+0000] {processor.py:161} INFO - Started process (PID=516) to work on /home/airflow/.local/lib/python3.8/site-packages/airflow/example_dags/example_datasets.py
[2024-06-04T07:54:24.101+0000] {processor.py:830} INFO - Processing file /home/airflow/.local/lib/python3.8/site-packages/airflow/example_dags/example_datasets.py for tasks to queue
[2024-06-04T07:54:24.103+0000] {logging_mixin.py:188} INFO - [2024-06-04T07:54:24.103+0000] {dagbag.py:540} INFO - Filling up the DagBag from /home/airflow/.local/lib/python3.8/site-packages/airflow/example_dags/example_datasets.py
[2024-06-04T07:54:24.114+0000] {processor.py:840} INFO - DAG(s) 'dataset_consumes_1_never_scheduled', 'dataset_produces_1', 'dataset_consumes_unknown_never_scheduled', 'dataset_produces_2', 'dataset_consumes_1', 'dataset_consumes_1_and_2' retrieved from /home/airflow/.local/lib/python3.8/site-packages/airflow/example_dags/example_datasets.py
[2024-06-04T07:54:24.154+0000] {logging_mixin.py:188} INFO - [2024-06-04T07:54:24.154+0000] {dag.py:3047} INFO - Sync 6 DAGs
[2024-06-04T07:54:24.179+0000] {logging_mixin.py:188} INFO - [2024-06-04T07:54:24.179+0000] {dag.py:3834} INFO - Setting next_dagrun for dataset_consumes_1 to None, run_after=None
[2024-06-04T07:54:24.183+0000] {logging_mixin.py:188} INFO - [2024-06-04T07:54:24.183+0000] {dag.py:3834} INFO - Setting next_dagrun for dataset_consumes_1_and_2 to None, run_after=None
[2024-06-04T07:54:24.185+0000] {logging_mixin.py:188} INFO - [2024-06-04T07:54:24.184+0000] {dag.py:3834} INFO - Setting next_dagrun for dataset_consumes_1_never_scheduled to None, run_after=None
[2024-06-04T07:54:24.186+0000] {logging_mixin.py:188} INFO - [2024-06-04T07:54:24.186+0000] {dag.py:3834} INFO - Setting next_dagrun for dataset_consumes_unknown_never_scheduled to None, run_after=None
[2024-06-04T07:54:24.188+0000] {logging_mixin.py:188} INFO - [2024-06-04T07:54:24.188+0000] {dag.py:3834} INFO - Setting next_dagrun for dataset_produces_1 to 2024-06-03 00:00:00+00:00, run_after=2024-06-04 00:00:00+00:00
[2024-06-04T07:54:24.189+0000] {logging_mixin.py:188} INFO - [2024-06-04T07:54:24.189+0000] {dag.py:3834} INFO - Setting next_dagrun for dataset_produces_2 to None, run_after=None
[2024-06-04T07:54:24.228+0000] {processor.py:183} INFO - Processing /home/airflow/.local/lib/python3.8/site-packages/airflow/example_dags/example_datasets.py took 0.132 seconds
[2024-06-04T07:54:54.443+0000] {processor.py:161} INFO - Started process (PID=574) to work on /home/airflow/.local/lib/python3.8/site-packages/airflow/example_dags/example_datasets.py
[2024-06-04T07:54:54.444+0000] {processor.py:830} INFO - Processing file /home/airflow/.local/lib/python3.8/site-packages/airflow/example_dags/example_datasets.py for tasks to queue
[2024-06-04T07:54:54.446+0000] {logging_mixin.py:188} INFO - [2024-06-04T07:54:54.446+0000] {dagbag.py:540} INFO - Filling up the DagBag from /home/airflow/.local/lib/python3.8/site-packages/airflow/example_dags/example_datasets.py
[2024-06-04T07:54:54.457+0000] {processor.py:840} INFO - DAG(s) 'dataset_consumes_1_never_scheduled', 'dataset_produces_1', 'dataset_consumes_1_and_2', 'dataset_produces_2', 'dataset_consumes_unknown_never_scheduled', 'dataset_consumes_1' retrieved from /home/airflow/.local/lib/python3.8/site-packages/airflow/example_dags/example_datasets.py
[2024-06-04T07:54:54.498+0000] {logging_mixin.py:188} INFO - [2024-06-04T07:54:54.498+0000] {dag.py:3047} INFO - Sync 6 DAGs
[2024-06-04T07:54:54.531+0000] {logging_mixin.py:188} INFO - [2024-06-04T07:54:54.531+0000] {dag.py:3834} INFO - Setting next_dagrun for dataset_consumes_1 to None, run_after=None
[2024-06-04T07:54:54.537+0000] {logging_mixin.py:188} INFO - [2024-06-04T07:54:54.537+0000] {dag.py:3834} INFO - Setting next_dagrun for dataset_consumes_1_and_2 to None, run_after=None
[2024-06-04T07:54:54.539+0000] {logging_mixin.py:188} INFO - [2024-06-04T07:54:54.538+0000] {dag.py:3834} INFO - Setting next_dagrun for dataset_consumes_1_never_scheduled to None, run_after=None
[2024-06-04T07:54:54.540+0000] {logging_mixin.py:188} INFO - [2024-06-04T07:54:54.540+0000] {dag.py:3834} INFO - Setting next_dagrun for dataset_consumes_unknown_never_scheduled to None, run_after=None
[2024-06-04T07:54:54.545+0000] {logging_mixin.py:188} INFO - [2024-06-04T07:54:54.544+0000] {dag.py:3834} INFO - Setting next_dagrun for dataset_produces_1 to 2024-06-03 00:00:00+00:00, run_after=2024-06-04 00:00:00+00:00
[2024-06-04T07:54:54.547+0000] {logging_mixin.py:188} INFO - [2024-06-04T07:54:54.547+0000] {dag.py:3834} INFO - Setting next_dagrun for dataset_produces_2 to None, run_after=None
[2024-06-04T07:54:54.587+0000] {processor.py:183} INFO - Processing /home/airflow/.local/lib/python3.8/site-packages/airflow/example_dags/example_datasets.py took 0.149 seconds
[2024-06-04T07:55:24.657+0000] {processor.py:161} INFO - Started process (PID=632) to work on /home/airflow/.local/lib/python3.8/site-packages/airflow/example_dags/example_datasets.py
[2024-06-04T07:55:24.658+0000] {processor.py:830} INFO - Processing file /home/airflow/.local/lib/python3.8/site-packages/airflow/example_dags/example_datasets.py for tasks to queue
[2024-06-04T07:55:24.660+0000] {logging_mixin.py:188} INFO - [2024-06-04T07:55:24.660+0000] {dagbag.py:540} INFO - Filling up the DagBag from /home/airflow/.local/lib/python3.8/site-packages/airflow/example_dags/example_datasets.py
[2024-06-04T07:55:24.671+0000] {processor.py:840} INFO - DAG(s) 'dataset_consumes_unknown_never_scheduled', 'dataset_produces_2', 'dataset_consumes_1_and_2', 'dataset_consumes_1', 'dataset_consumes_1_never_scheduled', 'dataset_produces_1' retrieved from /home/airflow/.local/lib/python3.8/site-packages/airflow/example_dags/example_datasets.py
[2024-06-04T07:55:24.710+0000] {logging_mixin.py:188} INFO - [2024-06-04T07:55:24.710+0000] {dag.py:3047} INFO - Sync 6 DAGs
[2024-06-04T07:55:24.740+0000] {logging_mixin.py:188} INFO - [2024-06-04T07:55:24.740+0000] {dag.py:3834} INFO - Setting next_dagrun for dataset_consumes_1 to None, run_after=None
[2024-06-04T07:55:24.746+0000] {logging_mixin.py:188} INFO - [2024-06-04T07:55:24.746+0000] {dag.py:3834} INFO - Setting next_dagrun for dataset_consumes_1_and_2 to None, run_after=None
[2024-06-04T07:55:24.748+0000] {logging_mixin.py:188} INFO - [2024-06-04T07:55:24.747+0000] {dag.py:3834} INFO - Setting next_dagrun for dataset_consumes_1_never_scheduled to None, run_after=None
[2024-06-04T07:55:24.749+0000] {logging_mixin.py:188} INFO - [2024-06-04T07:55:24.749+0000] {dag.py:3834} INFO - Setting next_dagrun for dataset_consumes_unknown_never_scheduled to None, run_after=None
[2024-06-04T07:55:24.751+0000] {logging_mixin.py:188} INFO - [2024-06-04T07:55:24.751+0000] {dag.py:3834} INFO - Setting next_dagrun for dataset_produces_1 to 2024-06-03 00:00:00+00:00, run_after=2024-06-04 00:00:00+00:00
[2024-06-04T07:55:24.753+0000] {logging_mixin.py:188} INFO - [2024-06-04T07:55:24.752+0000] {dag.py:3834} INFO - Setting next_dagrun for dataset_produces_2 to None, run_after=None
[2024-06-04T07:55:24.784+0000] {processor.py:183} INFO - Processing /home/airflow/.local/lib/python3.8/site-packages/airflow/example_dags/example_datasets.py took 0.131 seconds
[2024-06-04T07:55:55.546+0000] {processor.py:161} INFO - Started process (PID=690) to work on /home/airflow/.local/lib/python3.8/site-packages/airflow/example_dags/example_datasets.py
[2024-06-04T07:55:55.547+0000] {processor.py:830} INFO - Processing file /home/airflow/.local/lib/python3.8/site-packages/airflow/example_dags/example_datasets.py for tasks to queue
[2024-06-04T07:55:55.549+0000] {logging_mixin.py:188} INFO - [2024-06-04T07:55:55.549+0000] {dagbag.py:540} INFO - Filling up the DagBag from /home/airflow/.local/lib/python3.8/site-packages/airflow/example_dags/example_datasets.py
[2024-06-04T07:55:55.561+0000] {processor.py:840} INFO - DAG(s) 'dataset_consumes_1_never_scheduled', 'dataset_consumes_unknown_never_scheduled', 'dataset_produces_2', 'dataset_consumes_1_and_2', 'dataset_consumes_1', 'dataset_produces_1' retrieved from /home/airflow/.local/lib/python3.8/site-packages/airflow/example_dags/example_datasets.py
[2024-06-04T07:55:55.601+0000] {logging_mixin.py:188} INFO - [2024-06-04T07:55:55.600+0000] {dag.py:3047} INFO - Sync 6 DAGs
[2024-06-04T07:55:55.626+0000] {logging_mixin.py:188} INFO - [2024-06-04T07:55:55.626+0000] {dag.py:3834} INFO - Setting next_dagrun for dataset_consumes_1 to None, run_after=None
[2024-06-04T07:55:55.631+0000] {logging_mixin.py:188} INFO - [2024-06-04T07:55:55.631+0000] {dag.py:3834} INFO - Setting next_dagrun for dataset_consumes_1_and_2 to None, run_after=None
[2024-06-04T07:55:55.633+0000] {logging_mixin.py:188} INFO - [2024-06-04T07:55:55.633+0000] {dag.py:3834} INFO - Setting next_dagrun for dataset_consumes_1_never_scheduled to None, run_after=None
[2024-06-04T07:55:55.635+0000] {logging_mixin.py:188} INFO - [2024-06-04T07:55:55.634+0000] {dag.py:3834} INFO - Setting next_dagrun for dataset_consumes_unknown_never_scheduled to None, run_after=None
[2024-06-04T07:55:55.638+0000] {logging_mixin.py:188} INFO - [2024-06-04T07:55:55.638+0000] {dag.py:3834} INFO - Setting next_dagrun for dataset_produces_1 to 2024-06-03 00:00:00+00:00, run_after=2024-06-04 00:00:00+00:00
[2024-06-04T07:55:55.640+0000] {logging_mixin.py:188} INFO - [2024-06-04T07:55:55.640+0000] {dag.py:3834} INFO - Setting next_dagrun for dataset_produces_2 to None, run_after=None
[2024-06-04T07:55:55.675+0000] {processor.py:183} INFO - Processing /home/airflow/.local/lib/python3.8/site-packages/airflow/example_dags/example_datasets.py took 0.133 seconds
[2024-06-04T07:56:26.271+0000] {processor.py:161} INFO - Started process (PID=748) to work on /home/airflow/.local/lib/python3.8/site-packages/airflow/example_dags/example_datasets.py
[2024-06-04T07:56:26.272+0000] {processor.py:830} INFO - Processing file /home/airflow/.local/lib/python3.8/site-packages/airflow/example_dags/example_datasets.py for tasks to queue
[2024-06-04T07:56:26.274+0000] {logging_mixin.py:188} INFO - [2024-06-04T07:56:26.273+0000] {dagbag.py:540} INFO - Filling up the DagBag from /home/airflow/.local/lib/python3.8/site-packages/airflow/example_dags/example_datasets.py
[2024-06-04T07:56:26.284+0000] {processor.py:840} INFO - DAG(s) 'dataset_consumes_1_and_2', 'dataset_consumes_1_never_scheduled', 'dataset_consumes_1', 'dataset_produces_1', 'dataset_consumes_unknown_never_scheduled', 'dataset_produces_2' retrieved from /home/airflow/.local/lib/python3.8/site-packages/airflow/example_dags/example_datasets.py
[2024-06-04T07:56:26.320+0000] {logging_mixin.py:188} INFO - [2024-06-04T07:56:26.319+0000] {dag.py:3047} INFO - Sync 6 DAGs
[2024-06-04T07:56:26.344+0000] {logging_mixin.py:188} INFO - [2024-06-04T07:56:26.344+0000] {dag.py:3834} INFO - Setting next_dagrun for dataset_consumes_1 to None, run_after=None
[2024-06-04T07:56:26.347+0000] {logging_mixin.py:188} INFO - [2024-06-04T07:56:26.347+0000] {dag.py:3834} INFO - Setting next_dagrun for dataset_consumes_1_and_2 to None, run_after=None
[2024-06-04T07:56:26.349+0000] {logging_mixin.py:188} INFO - [2024-06-04T07:56:26.349+0000] {dag.py:3834} INFO - Setting next_dagrun for dataset_consumes_1_never_scheduled to None, run_after=None
[2024-06-04T07:56:26.350+0000] {logging_mixin.py:188} INFO - [2024-06-04T07:56:26.350+0000] {dag.py:3834} INFO - Setting next_dagrun for dataset_consumes_unknown_never_scheduled to None, run_after=None
[2024-06-04T07:56:26.353+0000] {logging_mixin.py:188} INFO - [2024-06-04T07:56:26.352+0000] {dag.py:3834} INFO - Setting next_dagrun for dataset_produces_1 to 2024-06-03 00:00:00+00:00, run_after=2024-06-04 00:00:00+00:00
[2024-06-04T07:56:26.354+0000] {logging_mixin.py:188} INFO - [2024-06-04T07:56:26.354+0000] {dag.py:3834} INFO - Setting next_dagrun for dataset_produces_2 to None, run_after=None
[2024-06-04T07:56:26.383+0000] {processor.py:183} INFO - Processing /home/airflow/.local/lib/python3.8/site-packages/airflow/example_dags/example_datasets.py took 0.117 seconds
[2024-06-04T07:56:56.781+0000] {processor.py:161} INFO - Started process (PID=806) to work on /home/airflow/.local/lib/python3.8/site-packages/airflow/example_dags/example_datasets.py
[2024-06-04T07:56:56.783+0000] {processor.py:830} INFO - Processing file /home/airflow/.local/lib/python3.8/site-packages/airflow/example_dags/example_datasets.py for tasks to queue
[2024-06-04T07:56:56.784+0000] {logging_mixin.py:188} INFO - [2024-06-04T07:56:56.784+0000] {dagbag.py:540} INFO - Filling up the DagBag from /home/airflow/.local/lib/python3.8/site-packages/airflow/example_dags/example_datasets.py
[2024-06-04T07:56:56.795+0000] {processor.py:840} INFO - DAG(s) 'dataset_consumes_1', 'dataset_produces_2', 'dataset_consumes_1_never_scheduled', 'dataset_produces_1', 'dataset_consumes_1_and_2', 'dataset_consumes_unknown_never_scheduled' retrieved from /home/airflow/.local/lib/python3.8/site-packages/airflow/example_dags/example_datasets.py
[2024-06-04T07:56:56.836+0000] {logging_mixin.py:188} INFO - [2024-06-04T07:56:56.836+0000] {dag.py:3047} INFO - Sync 6 DAGs
[2024-06-04T07:56:56.860+0000] {logging_mixin.py:188} INFO - [2024-06-04T07:56:56.860+0000] {dag.py:3834} INFO - Setting next_dagrun for dataset_consumes_1 to None, run_after=None
[2024-06-04T07:56:56.864+0000] {logging_mixin.py:188} INFO - [2024-06-04T07:56:56.864+0000] {dag.py:3834} INFO - Setting next_dagrun for dataset_consumes_1_and_2 to None, run_after=None
[2024-06-04T07:56:56.866+0000] {logging_mixin.py:188} INFO - [2024-06-04T07:56:56.866+0000] {dag.py:3834} INFO - Setting next_dagrun for dataset_consumes_1_never_scheduled to None, run_after=None
[2024-06-04T07:56:56.868+0000] {logging_mixin.py:188} INFO - [2024-06-04T07:56:56.868+0000] {dag.py:3834} INFO - Setting next_dagrun for dataset_consumes_unknown_never_scheduled to None, run_after=None
[2024-06-04T07:56:56.871+0000] {logging_mixin.py:188} INFO - [2024-06-04T07:56:56.871+0000] {dag.py:3834} INFO - Setting next_dagrun for dataset_produces_1 to 2024-06-03 00:00:00+00:00, run_after=2024-06-04 00:00:00+00:00
[2024-06-04T07:56:56.872+0000] {logging_mixin.py:188} INFO - [2024-06-04T07:56:56.872+0000] {dag.py:3834} INFO - Setting next_dagrun for dataset_produces_2 to None, run_after=None
[2024-06-04T07:56:56.906+0000] {processor.py:183} INFO - Processing /home/airflow/.local/lib/python3.8/site-packages/airflow/example_dags/example_datasets.py took 0.128 seconds
[2024-06-04T07:57:27.314+0000] {processor.py:161} INFO - Started process (PID=864) to work on /home/airflow/.local/lib/python3.8/site-packages/airflow/example_dags/example_datasets.py
[2024-06-04T07:57:27.315+0000] {processor.py:830} INFO - Processing file /home/airflow/.local/lib/python3.8/site-packages/airflow/example_dags/example_datasets.py for tasks to queue
[2024-06-04T07:57:27.317+0000] {logging_mixin.py:188} INFO - [2024-06-04T07:57:27.316+0000] {dagbag.py:540} INFO - Filling up the DagBag from /home/airflow/.local/lib/python3.8/site-packages/airflow/example_dags/example_datasets.py
[2024-06-04T07:57:27.327+0000] {processor.py:840} INFO - DAG(s) 'dataset_consumes_1_and_2', 'dataset_consumes_1_never_scheduled', 'dataset_produces_2', 'dataset_consumes_unknown_never_scheduled', 'dataset_produces_1', 'dataset_consumes_1' retrieved from /home/airflow/.local/lib/python3.8/site-packages/airflow/example_dags/example_datasets.py
[2024-06-04T07:57:27.367+0000] {logging_mixin.py:188} INFO - [2024-06-04T07:57:27.366+0000] {dag.py:3047} INFO - Sync 6 DAGs
[2024-06-04T07:57:27.391+0000] {logging_mixin.py:188} INFO - [2024-06-04T07:57:27.391+0000] {dag.py:3834} INFO - Setting next_dagrun for dataset_consumes_1 to None, run_after=None
[2024-06-04T07:57:27.394+0000] {logging_mixin.py:188} INFO - [2024-06-04T07:57:27.394+0000] {dag.py:3834} INFO - Setting next_dagrun for dataset_consumes_1_and_2 to None, run_after=None
[2024-06-04T07:57:27.396+0000] {logging_mixin.py:188} INFO - [2024-06-04T07:57:27.396+0000] {dag.py:3834} INFO - Setting next_dagrun for dataset_consumes_1_never_scheduled to None, run_after=None
[2024-06-04T07:57:27.397+0000] {logging_mixin.py:188} INFO - [2024-06-04T07:57:27.397+0000] {dag.py:3834} INFO - Setting next_dagrun for dataset_consumes_unknown_never_scheduled to None, run_after=None
[2024-06-04T07:57:27.400+0000] {logging_mixin.py:188} INFO - [2024-06-04T07:57:27.399+0000] {dag.py:3834} INFO - Setting next_dagrun for dataset_produces_1 to 2024-06-03 00:00:00+00:00, run_after=2024-06-04 00:00:00+00:00
[2024-06-04T07:57:27.401+0000] {logging_mixin.py:188} INFO - [2024-06-04T07:57:27.401+0000] {dag.py:3834} INFO - Setting next_dagrun for dataset_produces_2 to None, run_after=None
[2024-06-04T07:57:27.437+0000] {processor.py:183} INFO - Processing /home/airflow/.local/lib/python3.8/site-packages/airflow/example_dags/example_datasets.py took 0.128 seconds
[2024-06-04T07:57:57.805+0000] {processor.py:161} INFO - Started process (PID=922) to work on /home/airflow/.local/lib/python3.8/site-packages/airflow/example_dags/example_datasets.py
[2024-06-04T07:57:57.807+0000] {processor.py:830} INFO - Processing file /home/airflow/.local/lib/python3.8/site-packages/airflow/example_dags/example_datasets.py for tasks to queue
[2024-06-04T07:57:57.808+0000] {logging_mixin.py:188} INFO - [2024-06-04T07:57:57.808+0000] {dagbag.py:540} INFO - Filling up the DagBag from /home/airflow/.local/lib/python3.8/site-packages/airflow/example_dags/example_datasets.py
[2024-06-04T07:57:57.820+0000] {processor.py:840} INFO - DAG(s) 'dataset_consumes_1', 'dataset_produces_1', 'dataset_consumes_1_never_scheduled', 'dataset_consumes_1_and_2', 'dataset_produces_2', 'dataset_consumes_unknown_never_scheduled' retrieved from /home/airflow/.local/lib/python3.8/site-packages/airflow/example_dags/example_datasets.py
[2024-06-04T07:57:57.865+0000] {logging_mixin.py:188} INFO - [2024-06-04T07:57:57.865+0000] {dag.py:3047} INFO - Sync 6 DAGs
[2024-06-04T07:57:57.889+0000] {logging_mixin.py:188} INFO - [2024-06-04T07:57:57.889+0000] {dag.py:3834} INFO - Setting next_dagrun for dataset_consumes_1 to None, run_after=None
[2024-06-04T07:57:57.893+0000] {logging_mixin.py:188} INFO - [2024-06-04T07:57:57.892+0000] {dag.py:3834} INFO - Setting next_dagrun for dataset_consumes_1_and_2 to None, run_after=None
[2024-06-04T07:57:57.894+0000] {logging_mixin.py:188} INFO - [2024-06-04T07:57:57.893+0000] {dag.py:3834} INFO - Setting next_dagrun for dataset_consumes_1_never_scheduled to None, run_after=None
[2024-06-04T07:57:57.895+0000] {logging_mixin.py:188} INFO - [2024-06-04T07:57:57.895+0000] {dag.py:3834} INFO - Setting next_dagrun for dataset_consumes_unknown_never_scheduled to None, run_after=None
[2024-06-04T07:57:57.897+0000] {logging_mixin.py:188} INFO - [2024-06-04T07:57:57.897+0000] {dag.py:3834} INFO - Setting next_dagrun for dataset_produces_1 to 2024-06-03 00:00:00+00:00, run_after=2024-06-04 00:00:00+00:00
[2024-06-04T07:57:57.898+0000] {logging_mixin.py:188} INFO - [2024-06-04T07:57:57.898+0000] {dag.py:3834} INFO - Setting next_dagrun for dataset_produces_2 to None, run_after=None
[2024-06-04T07:57:57.933+0000] {processor.py:183} INFO - Processing /home/airflow/.local/lib/python3.8/site-packages/airflow/example_dags/example_datasets.py took 0.132 seconds
[2024-06-04T07:58:28.283+0000] {processor.py:161} INFO - Started process (PID=980) to work on /home/airflow/.local/lib/python3.8/site-packages/airflow/example_dags/example_datasets.py
[2024-06-04T07:58:28.285+0000] {processor.py:830} INFO - Processing file /home/airflow/.local/lib/python3.8/site-packages/airflow/example_dags/example_datasets.py for tasks to queue
[2024-06-04T07:58:28.287+0000] {logging_mixin.py:188} INFO - [2024-06-04T07:58:28.286+0000] {dagbag.py:540} INFO - Filling up the DagBag from /home/airflow/.local/lib/python3.8/site-packages/airflow/example_dags/example_datasets.py
[2024-06-04T07:58:28.298+0000] {processor.py:840} INFO - DAG(s) 'dataset_consumes_unknown_never_scheduled', 'dataset_consumes_1_and_2', 'dataset_produces_1', 'dataset_produces_2', 'dataset_consumes_1_never_scheduled', 'dataset_consumes_1' retrieved from /home/airflow/.local/lib/python3.8/site-packages/airflow/example_dags/example_datasets.py
[2024-06-04T07:58:28.341+0000] {logging_mixin.py:188} INFO - [2024-06-04T07:58:28.341+0000] {dag.py:3047} INFO - Sync 6 DAGs
[2024-06-04T07:58:28.367+0000] {logging_mixin.py:188} INFO - [2024-06-04T07:58:28.366+0000] {dag.py:3834} INFO - Setting next_dagrun for dataset_consumes_1 to None, run_after=None
[2024-06-04T07:58:28.371+0000] {logging_mixin.py:188} INFO - [2024-06-04T07:58:28.371+0000] {dag.py:3834} INFO - Setting next_dagrun for dataset_consumes_1_and_2 to None, run_after=None
[2024-06-04T07:58:28.374+0000] {logging_mixin.py:188} INFO - [2024-06-04T07:58:28.373+0000] {dag.py:3834} INFO - Setting next_dagrun for dataset_consumes_1_never_scheduled to None, run_after=None
[2024-06-04T07:58:28.376+0000] {logging_mixin.py:188} INFO - [2024-06-04T07:58:28.376+0000] {dag.py:3834} INFO - Setting next_dagrun for dataset_consumes_unknown_never_scheduled to None, run_after=None
[2024-06-04T07:58:28.381+0000] {logging_mixin.py:188} INFO - [2024-06-04T07:58:28.381+0000] {dag.py:3834} INFO - Setting next_dagrun for dataset_produces_1 to 2024-06-03 00:00:00+00:00, run_after=2024-06-04 00:00:00+00:00
[2024-06-04T07:58:28.383+0000] {logging_mixin.py:188} INFO - [2024-06-04T07:58:28.383+0000] {dag.py:3834} INFO - Setting next_dagrun for dataset_produces_2 to None, run_after=None
[2024-06-04T07:58:28.419+0000] {processor.py:183} INFO - Processing /home/airflow/.local/lib/python3.8/site-packages/airflow/example_dags/example_datasets.py took 0.139 seconds
[2024-06-04T07:58:59.160+0000] {processor.py:161} INFO - Started process (PID=1038) to work on /home/airflow/.local/lib/python3.8/site-packages/airflow/example_dags/example_datasets.py
[2024-06-04T07:58:59.161+0000] {processor.py:830} INFO - Processing file /home/airflow/.local/lib/python3.8/site-packages/airflow/example_dags/example_datasets.py for tasks to queue
[2024-06-04T07:58:59.163+0000] {logging_mixin.py:188} INFO - [2024-06-04T07:58:59.163+0000] {dagbag.py:540} INFO - Filling up the DagBag from /home/airflow/.local/lib/python3.8/site-packages/airflow/example_dags/example_datasets.py
[2024-06-04T07:58:59.173+0000] {processor.py:840} INFO - DAG(s) 'dataset_consumes_1_never_scheduled', 'dataset_produces_1', 'dataset_consumes_unknown_never_scheduled', 'dataset_consumes_1', 'dataset_produces_2', 'dataset_consumes_1_and_2' retrieved from /home/airflow/.local/lib/python3.8/site-packages/airflow/example_dags/example_datasets.py
[2024-06-04T07:58:59.211+0000] {logging_mixin.py:188} INFO - [2024-06-04T07:58:59.211+0000] {dag.py:3047} INFO - Sync 6 DAGs
[2024-06-04T07:58:59.237+0000] {logging_mixin.py:188} INFO - [2024-06-04T07:58:59.237+0000] {dag.py:3834} INFO - Setting next_dagrun for dataset_consumes_1 to None, run_after=None
[2024-06-04T07:58:59.241+0000] {logging_mixin.py:188} INFO - [2024-06-04T07:58:59.240+0000] {dag.py:3834} INFO - Setting next_dagrun for dataset_consumes_1_and_2 to None, run_after=None
[2024-06-04T07:58:59.242+0000] {logging_mixin.py:188} INFO - [2024-06-04T07:58:59.242+0000] {dag.py:3834} INFO - Setting next_dagrun for dataset_consumes_1_never_scheduled to None, run_after=None
[2024-06-04T07:58:59.243+0000] {logging_mixin.py:188} INFO - [2024-06-04T07:58:59.243+0000] {dag.py:3834} INFO - Setting next_dagrun for dataset_consumes_unknown_never_scheduled to None, run_after=None
[2024-06-04T07:58:59.247+0000] {logging_mixin.py:188} INFO - [2024-06-04T07:58:59.247+0000] {dag.py:3834} INFO - Setting next_dagrun for dataset_produces_1 to 2024-06-03 00:00:00+00:00, run_after=2024-06-04 00:00:00+00:00
[2024-06-04T07:58:59.248+0000] {logging_mixin.py:188} INFO - [2024-06-04T07:58:59.248+0000] {dag.py:3834} INFO - Setting next_dagrun for dataset_produces_2 to None, run_after=None
[2024-06-04T07:58:59.279+0000] {processor.py:183} INFO - Processing /home/airflow/.local/lib/python3.8/site-packages/airflow/example_dags/example_datasets.py took 0.124 seconds
