[2024-06-04T07:51:27.828+0000] {processor.py:161} INFO - Started process (PID=196) to work on /home/airflow/.local/lib/python3.8/site-packages/airflow/example_dags/example_trigger_target_dag.py
[2024-06-04T07:51:27.829+0000] {processor.py:830} INFO - Processing file /home/airflow/.local/lib/python3.8/site-packages/airflow/example_dags/example_trigger_target_dag.py for tasks to queue
[2024-06-04T07:51:27.831+0000] {logging_mixin.py:188} INFO - [2024-06-04T07:51:27.830+0000] {dagbag.py:540} INFO - Filling up the DagBag from /home/airflow/.local/lib/python3.8/site-packages/airflow/example_dags/example_trigger_target_dag.py
[2024-06-04T07:51:27.838+0000] {processor.py:840} INFO - DAG(s) 'example_trigger_target_dag' retrieved from /home/airflow/.local/lib/python3.8/site-packages/airflow/example_dags/example_trigger_target_dag.py
[2024-06-04T07:51:28.037+0000] {logging_mixin.py:188} INFO - [2024-06-04T07:51:28.037+0000] {dag.py:3047} INFO - Sync 1 DAGs
[2024-06-04T07:51:28.050+0000] {logging_mixin.py:188} INFO - [2024-06-04T07:51:28.050+0000] {dag.py:3834} INFO - Setting next_dagrun for example_trigger_target_dag to None, run_after=None
[2024-06-04T07:51:28.118+0000] {processor.py:183} INFO - Processing /home/airflow/.local/lib/python3.8/site-packages/airflow/example_dags/example_trigger_target_dag.py took 0.295 seconds
[2024-06-04T07:51:58.289+0000] {processor.py:161} INFO - Started process (PID=254) to work on /home/airflow/.local/lib/python3.8/site-packages/airflow/example_dags/example_trigger_target_dag.py
[2024-06-04T07:51:58.300+0000] {processor.py:830} INFO - Processing file /home/airflow/.local/lib/python3.8/site-packages/airflow/example_dags/example_trigger_target_dag.py for tasks to queue
[2024-06-04T07:51:58.303+0000] {logging_mixin.py:188} INFO - [2024-06-04T07:51:58.303+0000] {dagbag.py:540} INFO - Filling up the DagBag from /home/airflow/.local/lib/python3.8/site-packages/airflow/example_dags/example_trigger_target_dag.py
[2024-06-04T07:51:58.309+0000] {processor.py:840} INFO - DAG(s) 'example_trigger_target_dag' retrieved from /home/airflow/.local/lib/python3.8/site-packages/airflow/example_dags/example_trigger_target_dag.py
[2024-06-04T07:51:58.333+0000] {logging_mixin.py:188} INFO - [2024-06-04T07:51:58.333+0000] {dag.py:3047} INFO - Sync 1 DAGs
[2024-06-04T07:51:58.348+0000] {logging_mixin.py:188} INFO - [2024-06-04T07:51:58.347+0000] {dag.py:3834} INFO - Setting next_dagrun for example_trigger_target_dag to None, run_after=None
[2024-06-04T07:51:58.368+0000] {processor.py:183} INFO - Processing /home/airflow/.local/lib/python3.8/site-packages/airflow/example_dags/example_trigger_target_dag.py took 0.083 seconds
[2024-06-04T07:52:28.662+0000] {processor.py:161} INFO - Started process (PID=312) to work on /home/airflow/.local/lib/python3.8/site-packages/airflow/example_dags/example_trigger_target_dag.py
[2024-06-04T07:52:28.663+0000] {processor.py:830} INFO - Processing file /home/airflow/.local/lib/python3.8/site-packages/airflow/example_dags/example_trigger_target_dag.py for tasks to queue
[2024-06-04T07:52:28.665+0000] {logging_mixin.py:188} INFO - [2024-06-04T07:52:28.665+0000] {dagbag.py:540} INFO - Filling up the DagBag from /home/airflow/.local/lib/python3.8/site-packages/airflow/example_dags/example_trigger_target_dag.py
[2024-06-04T07:52:28.672+0000] {processor.py:840} INFO - DAG(s) 'example_trigger_target_dag' retrieved from /home/airflow/.local/lib/python3.8/site-packages/airflow/example_dags/example_trigger_target_dag.py
[2024-06-04T07:52:28.693+0000] {logging_mixin.py:188} INFO - [2024-06-04T07:52:28.693+0000] {dag.py:3047} INFO - Sync 1 DAGs
[2024-06-04T07:52:28.707+0000] {logging_mixin.py:188} INFO - [2024-06-04T07:52:28.706+0000] {dag.py:3834} INFO - Setting next_dagrun for example_trigger_target_dag to None, run_after=None
[2024-06-04T07:52:28.730+0000] {processor.py:183} INFO - Processing /home/airflow/.local/lib/python3.8/site-packages/airflow/example_dags/example_trigger_target_dag.py took 0.071 seconds
[2024-06-04T07:52:59.006+0000] {processor.py:161} INFO - Started process (PID=370) to work on /home/airflow/.local/lib/python3.8/site-packages/airflow/example_dags/example_trigger_target_dag.py
[2024-06-04T07:52:59.008+0000] {processor.py:830} INFO - Processing file /home/airflow/.local/lib/python3.8/site-packages/airflow/example_dags/example_trigger_target_dag.py for tasks to queue
[2024-06-04T07:52:59.010+0000] {logging_mixin.py:188} INFO - [2024-06-04T07:52:59.010+0000] {dagbag.py:540} INFO - Filling up the DagBag from /home/airflow/.local/lib/python3.8/site-packages/airflow/example_dags/example_trigger_target_dag.py
[2024-06-04T07:52:59.018+0000] {processor.py:840} INFO - DAG(s) 'example_trigger_target_dag' retrieved from /home/airflow/.local/lib/python3.8/site-packages/airflow/example_dags/example_trigger_target_dag.py
[2024-06-04T07:52:59.045+0000] {logging_mixin.py:188} INFO - [2024-06-04T07:52:59.044+0000] {dag.py:3047} INFO - Sync 1 DAGs
[2024-06-04T07:52:59.060+0000] {logging_mixin.py:188} INFO - [2024-06-04T07:52:59.059+0000] {dag.py:3834} INFO - Setting next_dagrun for example_trigger_target_dag to None, run_after=None
[2024-06-04T07:52:59.081+0000] {processor.py:183} INFO - Processing /home/airflow/.local/lib/python3.8/site-packages/airflow/example_dags/example_trigger_target_dag.py took 0.079 seconds
[2024-06-04T07:53:29.354+0000] {processor.py:161} INFO - Started process (PID=428) to work on /home/airflow/.local/lib/python3.8/site-packages/airflow/example_dags/example_trigger_target_dag.py
[2024-06-04T07:53:29.355+0000] {processor.py:830} INFO - Processing file /home/airflow/.local/lib/python3.8/site-packages/airflow/example_dags/example_trigger_target_dag.py for tasks to queue
[2024-06-04T07:53:29.357+0000] {logging_mixin.py:188} INFO - [2024-06-04T07:53:29.357+0000] {dagbag.py:540} INFO - Filling up the DagBag from /home/airflow/.local/lib/python3.8/site-packages/airflow/example_dags/example_trigger_target_dag.py
[2024-06-04T07:53:29.364+0000] {processor.py:840} INFO - DAG(s) 'example_trigger_target_dag' retrieved from /home/airflow/.local/lib/python3.8/site-packages/airflow/example_dags/example_trigger_target_dag.py
[2024-06-04T07:53:29.391+0000] {logging_mixin.py:188} INFO - [2024-06-04T07:53:29.391+0000] {dag.py:3047} INFO - Sync 1 DAGs
[2024-06-04T07:53:29.407+0000] {logging_mixin.py:188} INFO - [2024-06-04T07:53:29.407+0000] {dag.py:3834} INFO - Setting next_dagrun for example_trigger_target_dag to None, run_after=None
[2024-06-04T07:53:29.433+0000] {processor.py:183} INFO - Processing /home/airflow/.local/lib/python3.8/site-packages/airflow/example_dags/example_trigger_target_dag.py took 0.084 seconds
[2024-06-04T07:54:00.238+0000] {processor.py:161} INFO - Started process (PID=486) to work on /home/airflow/.local/lib/python3.8/site-packages/airflow/example_dags/example_trigger_target_dag.py
[2024-06-04T07:54:00.300+0000] {processor.py:830} INFO - Processing file /home/airflow/.local/lib/python3.8/site-packages/airflow/example_dags/example_trigger_target_dag.py for tasks to queue
[2024-06-04T07:54:00.303+0000] {logging_mixin.py:188} INFO - [2024-06-04T07:54:00.302+0000] {dagbag.py:540} INFO - Filling up the DagBag from /home/airflow/.local/lib/python3.8/site-packages/airflow/example_dags/example_trigger_target_dag.py
[2024-06-04T07:54:00.310+0000] {processor.py:840} INFO - DAG(s) 'example_trigger_target_dag' retrieved from /home/airflow/.local/lib/python3.8/site-packages/airflow/example_dags/example_trigger_target_dag.py
[2024-06-04T07:54:00.339+0000] {logging_mixin.py:188} INFO - [2024-06-04T07:54:00.338+0000] {dag.py:3047} INFO - Sync 1 DAGs
[2024-06-04T07:54:00.405+0000] {logging_mixin.py:188} INFO - [2024-06-04T07:54:00.405+0000] {dag.py:3834} INFO - Setting next_dagrun for example_trigger_target_dag to None, run_after=None
[2024-06-04T07:54:00.432+0000] {processor.py:183} INFO - Processing /home/airflow/.local/lib/python3.8/site-packages/airflow/example_dags/example_trigger_target_dag.py took 0.198 seconds
[2024-06-04T07:54:31.329+0000] {processor.py:161} INFO - Started process (PID=544) to work on /home/airflow/.local/lib/python3.8/site-packages/airflow/example_dags/example_trigger_target_dag.py
[2024-06-04T07:54:31.330+0000] {processor.py:830} INFO - Processing file /home/airflow/.local/lib/python3.8/site-packages/airflow/example_dags/example_trigger_target_dag.py for tasks to queue
[2024-06-04T07:54:31.333+0000] {logging_mixin.py:188} INFO - [2024-06-04T07:54:31.332+0000] {dagbag.py:540} INFO - Filling up the DagBag from /home/airflow/.local/lib/python3.8/site-packages/airflow/example_dags/example_trigger_target_dag.py
[2024-06-04T07:54:31.340+0000] {processor.py:840} INFO - DAG(s) 'example_trigger_target_dag' retrieved from /home/airflow/.local/lib/python3.8/site-packages/airflow/example_dags/example_trigger_target_dag.py
[2024-06-04T07:54:31.431+0000] {logging_mixin.py:188} INFO - [2024-06-04T07:54:31.430+0000] {dag.py:3047} INFO - Sync 1 DAGs
[2024-06-04T07:54:31.501+0000] {logging_mixin.py:188} INFO - [2024-06-04T07:54:31.500+0000] {dag.py:3834} INFO - Setting next_dagrun for example_trigger_target_dag to None, run_after=None
[2024-06-04T07:54:31.526+0000] {processor.py:183} INFO - Processing /home/airflow/.local/lib/python3.8/site-packages/airflow/example_dags/example_trigger_target_dag.py took 0.201 seconds
[2024-06-04T07:55:02.381+0000] {processor.py:161} INFO - Started process (PID=602) to work on /home/airflow/.local/lib/python3.8/site-packages/airflow/example_dags/example_trigger_target_dag.py
[2024-06-04T07:55:02.383+0000] {processor.py:830} INFO - Processing file /home/airflow/.local/lib/python3.8/site-packages/airflow/example_dags/example_trigger_target_dag.py for tasks to queue
[2024-06-04T07:55:02.385+0000] {logging_mixin.py:188} INFO - [2024-06-04T07:55:02.384+0000] {dagbag.py:540} INFO - Filling up the DagBag from /home/airflow/.local/lib/python3.8/site-packages/airflow/example_dags/example_trigger_target_dag.py
[2024-06-04T07:55:02.390+0000] {processor.py:840} INFO - DAG(s) 'example_trigger_target_dag' retrieved from /home/airflow/.local/lib/python3.8/site-packages/airflow/example_dags/example_trigger_target_dag.py
[2024-06-04T07:55:02.418+0000] {logging_mixin.py:188} INFO - [2024-06-04T07:55:02.418+0000] {dag.py:3047} INFO - Sync 1 DAGs
[2024-06-04T07:55:02.433+0000] {logging_mixin.py:188} INFO - [2024-06-04T07:55:02.432+0000] {dag.py:3834} INFO - Setting next_dagrun for example_trigger_target_dag to None, run_after=None
[2024-06-04T07:55:02.453+0000] {processor.py:183} INFO - Processing /home/airflow/.local/lib/python3.8/site-packages/airflow/example_dags/example_trigger_target_dag.py took 0.075 seconds
[2024-06-04T07:55:32.540+0000] {processor.py:161} INFO - Started process (PID=660) to work on /home/airflow/.local/lib/python3.8/site-packages/airflow/example_dags/example_trigger_target_dag.py
[2024-06-04T07:55:32.542+0000] {processor.py:830} INFO - Processing file /home/airflow/.local/lib/python3.8/site-packages/airflow/example_dags/example_trigger_target_dag.py for tasks to queue
[2024-06-04T07:55:32.544+0000] {logging_mixin.py:188} INFO - [2024-06-04T07:55:32.544+0000] {dagbag.py:540} INFO - Filling up the DagBag from /home/airflow/.local/lib/python3.8/site-packages/airflow/example_dags/example_trigger_target_dag.py
[2024-06-04T07:55:32.550+0000] {processor.py:840} INFO - DAG(s) 'example_trigger_target_dag' retrieved from /home/airflow/.local/lib/python3.8/site-packages/airflow/example_dags/example_trigger_target_dag.py
[2024-06-04T07:55:32.575+0000] {logging_mixin.py:188} INFO - [2024-06-04T07:55:32.575+0000] {dag.py:3047} INFO - Sync 1 DAGs
[2024-06-04T07:55:32.591+0000] {logging_mixin.py:188} INFO - [2024-06-04T07:55:32.591+0000] {dag.py:3834} INFO - Setting next_dagrun for example_trigger_target_dag to None, run_after=None
[2024-06-04T07:55:32.614+0000] {processor.py:183} INFO - Processing /home/airflow/.local/lib/python3.8/site-packages/airflow/example_dags/example_trigger_target_dag.py took 0.077 seconds
[2024-06-04T07:56:03.343+0000] {processor.py:161} INFO - Started process (PID=718) to work on /home/airflow/.local/lib/python3.8/site-packages/airflow/example_dags/example_trigger_target_dag.py
[2024-06-04T07:56:03.344+0000] {processor.py:830} INFO - Processing file /home/airflow/.local/lib/python3.8/site-packages/airflow/example_dags/example_trigger_target_dag.py for tasks to queue
[2024-06-04T07:56:03.346+0000] {logging_mixin.py:188} INFO - [2024-06-04T07:56:03.345+0000] {dagbag.py:540} INFO - Filling up the DagBag from /home/airflow/.local/lib/python3.8/site-packages/airflow/example_dags/example_trigger_target_dag.py
[2024-06-04T07:56:03.352+0000] {processor.py:840} INFO - DAG(s) 'example_trigger_target_dag' retrieved from /home/airflow/.local/lib/python3.8/site-packages/airflow/example_dags/example_trigger_target_dag.py
[2024-06-04T07:56:03.374+0000] {logging_mixin.py:188} INFO - [2024-06-04T07:56:03.374+0000] {dag.py:3047} INFO - Sync 1 DAGs
[2024-06-04T07:56:03.386+0000] {logging_mixin.py:188} INFO - [2024-06-04T07:56:03.386+0000] {dag.py:3834} INFO - Setting next_dagrun for example_trigger_target_dag to None, run_after=None
[2024-06-04T07:56:03.404+0000] {processor.py:183} INFO - Processing /home/airflow/.local/lib/python3.8/site-packages/airflow/example_dags/example_trigger_target_dag.py took 0.065 seconds
[2024-06-04T07:56:34.064+0000] {processor.py:161} INFO - Started process (PID=776) to work on /home/airflow/.local/lib/python3.8/site-packages/airflow/example_dags/example_trigger_target_dag.py
[2024-06-04T07:56:34.066+0000] {processor.py:830} INFO - Processing file /home/airflow/.local/lib/python3.8/site-packages/airflow/example_dags/example_trigger_target_dag.py for tasks to queue
[2024-06-04T07:56:34.067+0000] {logging_mixin.py:188} INFO - [2024-06-04T07:56:34.067+0000] {dagbag.py:540} INFO - Filling up the DagBag from /home/airflow/.local/lib/python3.8/site-packages/airflow/example_dags/example_trigger_target_dag.py
[2024-06-04T07:56:34.074+0000] {processor.py:840} INFO - DAG(s) 'example_trigger_target_dag' retrieved from /home/airflow/.local/lib/python3.8/site-packages/airflow/example_dags/example_trigger_target_dag.py
[2024-06-04T07:56:34.097+0000] {logging_mixin.py:188} INFO - [2024-06-04T07:56:34.097+0000] {dag.py:3047} INFO - Sync 1 DAGs
[2024-06-04T07:56:34.109+0000] {logging_mixin.py:188} INFO - [2024-06-04T07:56:34.109+0000] {dag.py:3834} INFO - Setting next_dagrun for example_trigger_target_dag to None, run_after=None
[2024-06-04T07:56:34.130+0000] {processor.py:183} INFO - Processing /home/airflow/.local/lib/python3.8/site-packages/airflow/example_dags/example_trigger_target_dag.py took 0.069 seconds
[2024-06-04T07:57:04.670+0000] {processor.py:161} INFO - Started process (PID=840) to work on /home/airflow/.local/lib/python3.8/site-packages/airflow/example_dags/example_trigger_target_dag.py
[2024-06-04T07:57:04.671+0000] {processor.py:830} INFO - Processing file /home/airflow/.local/lib/python3.8/site-packages/airflow/example_dags/example_trigger_target_dag.py for tasks to queue
[2024-06-04T07:57:04.674+0000] {logging_mixin.py:188} INFO - [2024-06-04T07:57:04.673+0000] {dagbag.py:540} INFO - Filling up the DagBag from /home/airflow/.local/lib/python3.8/site-packages/airflow/example_dags/example_trigger_target_dag.py
[2024-06-04T07:57:04.680+0000] {processor.py:840} INFO - DAG(s) 'example_trigger_target_dag' retrieved from /home/airflow/.local/lib/python3.8/site-packages/airflow/example_dags/example_trigger_target_dag.py
[2024-06-04T07:57:04.705+0000] {logging_mixin.py:188} INFO - [2024-06-04T07:57:04.705+0000] {dag.py:3047} INFO - Sync 1 DAGs
[2024-06-04T07:57:04.722+0000] {logging_mixin.py:188} INFO - [2024-06-04T07:57:04.721+0000] {dag.py:3834} INFO - Setting next_dagrun for example_trigger_target_dag to None, run_after=None
[2024-06-04T07:57:04.747+0000] {processor.py:183} INFO - Processing /home/airflow/.local/lib/python3.8/site-packages/airflow/example_dags/example_trigger_target_dag.py took 0.081 seconds
[2024-06-04T07:57:35.166+0000] {processor.py:161} INFO - Started process (PID=898) to work on /home/airflow/.local/lib/python3.8/site-packages/airflow/example_dags/example_trigger_target_dag.py
[2024-06-04T07:57:35.167+0000] {processor.py:830} INFO - Processing file /home/airflow/.local/lib/python3.8/site-packages/airflow/example_dags/example_trigger_target_dag.py for tasks to queue
[2024-06-04T07:57:35.169+0000] {logging_mixin.py:188} INFO - [2024-06-04T07:57:35.169+0000] {dagbag.py:540} INFO - Filling up the DagBag from /home/airflow/.local/lib/python3.8/site-packages/airflow/example_dags/example_trigger_target_dag.py
[2024-06-04T07:57:35.175+0000] {processor.py:840} INFO - DAG(s) 'example_trigger_target_dag' retrieved from /home/airflow/.local/lib/python3.8/site-packages/airflow/example_dags/example_trigger_target_dag.py
[2024-06-04T07:57:35.195+0000] {logging_mixin.py:188} INFO - [2024-06-04T07:57:35.195+0000] {dag.py:3047} INFO - Sync 1 DAGs
[2024-06-04T07:57:35.208+0000] {logging_mixin.py:188} INFO - [2024-06-04T07:57:35.207+0000] {dag.py:3834} INFO - Setting next_dagrun for example_trigger_target_dag to None, run_after=None
[2024-06-04T07:57:35.230+0000] {processor.py:183} INFO - Processing /home/airflow/.local/lib/python3.8/site-packages/airflow/example_dags/example_trigger_target_dag.py took 0.067 seconds
[2024-06-04T07:58:05.599+0000] {processor.py:161} INFO - Started process (PID=956) to work on /home/airflow/.local/lib/python3.8/site-packages/airflow/example_dags/example_trigger_target_dag.py
[2024-06-04T07:58:05.600+0000] {processor.py:830} INFO - Processing file /home/airflow/.local/lib/python3.8/site-packages/airflow/example_dags/example_trigger_target_dag.py for tasks to queue
[2024-06-04T07:58:05.603+0000] {logging_mixin.py:188} INFO - [2024-06-04T07:58:05.602+0000] {dagbag.py:540} INFO - Filling up the DagBag from /home/airflow/.local/lib/python3.8/site-packages/airflow/example_dags/example_trigger_target_dag.py
[2024-06-04T07:58:05.608+0000] {processor.py:840} INFO - DAG(s) 'example_trigger_target_dag' retrieved from /home/airflow/.local/lib/python3.8/site-packages/airflow/example_dags/example_trigger_target_dag.py
[2024-06-04T07:58:05.632+0000] {logging_mixin.py:188} INFO - [2024-06-04T07:58:05.631+0000] {dag.py:3047} INFO - Sync 1 DAGs
[2024-06-04T07:58:05.647+0000] {logging_mixin.py:188} INFO - [2024-06-04T07:58:05.647+0000] {dag.py:3834} INFO - Setting next_dagrun for example_trigger_target_dag to None, run_after=None
[2024-06-04T07:58:05.667+0000] {processor.py:183} INFO - Processing /home/airflow/.local/lib/python3.8/site-packages/airflow/example_dags/example_trigger_target_dag.py took 0.071 seconds
[2024-06-04T07:58:36.024+0000] {processor.py:161} INFO - Started process (PID=1014) to work on /home/airflow/.local/lib/python3.8/site-packages/airflow/example_dags/example_trigger_target_dag.py
[2024-06-04T07:58:36.025+0000] {processor.py:830} INFO - Processing file /home/airflow/.local/lib/python3.8/site-packages/airflow/example_dags/example_trigger_target_dag.py for tasks to queue
[2024-06-04T07:58:36.028+0000] {logging_mixin.py:188} INFO - [2024-06-04T07:58:36.027+0000] {dagbag.py:540} INFO - Filling up the DagBag from /home/airflow/.local/lib/python3.8/site-packages/airflow/example_dags/example_trigger_target_dag.py
[2024-06-04T07:58:36.036+0000] {processor.py:840} INFO - DAG(s) 'example_trigger_target_dag' retrieved from /home/airflow/.local/lib/python3.8/site-packages/airflow/example_dags/example_trigger_target_dag.py
[2024-06-04T07:58:36.061+0000] {logging_mixin.py:188} INFO - [2024-06-04T07:58:36.060+0000] {dag.py:3047} INFO - Sync 1 DAGs
[2024-06-04T07:58:36.076+0000] {logging_mixin.py:188} INFO - [2024-06-04T07:58:36.076+0000] {dag.py:3834} INFO - Setting next_dagrun for example_trigger_target_dag to None, run_after=None
[2024-06-04T07:58:36.097+0000] {processor.py:183} INFO - Processing /home/airflow/.local/lib/python3.8/site-packages/airflow/example_dags/example_trigger_target_dag.py took 0.078 seconds
[2024-06-04T07:59:06.219+0000] {processor.py:161} INFO - Started process (PID=1073) to work on /home/airflow/.local/lib/python3.8/site-packages/airflow/example_dags/example_trigger_target_dag.py
[2024-06-04T07:59:06.220+0000] {processor.py:830} INFO - Processing file /home/airflow/.local/lib/python3.8/site-packages/airflow/example_dags/example_trigger_target_dag.py for tasks to queue
[2024-06-04T07:59:06.222+0000] {logging_mixin.py:188} INFO - [2024-06-04T07:59:06.222+0000] {dagbag.py:540} INFO - Filling up the DagBag from /home/airflow/.local/lib/python3.8/site-packages/airflow/example_dags/example_trigger_target_dag.py
[2024-06-04T07:59:06.229+0000] {processor.py:840} INFO - DAG(s) 'example_trigger_target_dag' retrieved from /home/airflow/.local/lib/python3.8/site-packages/airflow/example_dags/example_trigger_target_dag.py
[2024-06-04T07:59:06.252+0000] {logging_mixin.py:188} INFO - [2024-06-04T07:59:06.252+0000] {dag.py:3047} INFO - Sync 1 DAGs
[2024-06-04T07:59:06.268+0000] {logging_mixin.py:188} INFO - [2024-06-04T07:59:06.268+0000] {dag.py:3834} INFO - Setting next_dagrun for example_trigger_target_dag to None, run_after=None
[2024-06-04T07:59:06.320+0000] {processor.py:183} INFO - Processing /home/airflow/.local/lib/python3.8/site-packages/airflow/example_dags/example_trigger_target_dag.py took 0.105 seconds
