[2024-06-04T07:51:19.329+0000] {processor.py:161} INFO - Started process (PID=162) to work on /home/airflow/.local/lib/python3.8/site-packages/airflow/example_dags/example_branch_day_of_week_operator.py
[2024-06-04T07:51:19.330+0000] {processor.py:830} INFO - Processing file /home/airflow/.local/lib/python3.8/site-packages/airflow/example_dags/example_branch_day_of_week_operator.py for tasks to queue
[2024-06-04T07:51:19.333+0000] {logging_mixin.py:188} INFO - [2024-06-04T07:51:19.332+0000] {dagbag.py:540} INFO - Filling up the DagBag from /home/airflow/.local/lib/python3.8/site-packages/airflow/example_dags/example_branch_day_of_week_operator.py
[2024-06-04T07:51:19.346+0000] {processor.py:840} INFO - DAG(s) 'example_weekday_branch_operator' retrieved from /home/airflow/.local/lib/python3.8/site-packages/airflow/example_dags/example_branch_day_of_week_operator.py
[2024-06-04T07:51:19.708+0000] {logging_mixin.py:188} INFO - [2024-06-04T07:51:19.708+0000] {dag.py:3047} INFO - Sync 1 DAGs
[2024-06-04T07:51:19.804+0000] {logging_mixin.py:188} INFO - [2024-06-04T07:51:19.804+0000] {dag.py:3834} INFO - Setting next_dagrun for example_weekday_branch_operator to 2024-06-03 00:00:00+00:00, run_after=2024-06-04 00:00:00+00:00
[2024-06-04T07:51:19.832+0000] {processor.py:183} INFO - Processing /home/airflow/.local/lib/python3.8/site-packages/airflow/example_dags/example_branch_day_of_week_operator.py took 0.507 seconds
[2024-06-04T07:51:50.043+0000] {processor.py:161} INFO - Started process (PID=220) to work on /home/airflow/.local/lib/python3.8/site-packages/airflow/example_dags/example_branch_day_of_week_operator.py
[2024-06-04T07:51:50.045+0000] {processor.py:830} INFO - Processing file /home/airflow/.local/lib/python3.8/site-packages/airflow/example_dags/example_branch_day_of_week_operator.py for tasks to queue
[2024-06-04T07:51:50.046+0000] {logging_mixin.py:188} INFO - [2024-06-04T07:51:50.046+0000] {dagbag.py:540} INFO - Filling up the DagBag from /home/airflow/.local/lib/python3.8/site-packages/airflow/example_dags/example_branch_day_of_week_operator.py
[2024-06-04T07:51:50.055+0000] {processor.py:840} INFO - DAG(s) 'example_weekday_branch_operator' retrieved from /home/airflow/.local/lib/python3.8/site-packages/airflow/example_dags/example_branch_day_of_week_operator.py
[2024-06-04T07:51:50.101+0000] {logging_mixin.py:188} INFO - [2024-06-04T07:51:50.101+0000] {dag.py:3047} INFO - Sync 1 DAGs
[2024-06-04T07:51:50.132+0000] {logging_mixin.py:188} INFO - [2024-06-04T07:51:50.132+0000] {dag.py:3834} INFO - Setting next_dagrun for example_weekday_branch_operator to 2024-06-03 00:00:00+00:00, run_after=2024-06-04 00:00:00+00:00
[2024-06-04T07:51:50.151+0000] {processor.py:183} INFO - Processing /home/airflow/.local/lib/python3.8/site-packages/airflow/example_dags/example_branch_day_of_week_operator.py took 0.111 seconds
[2024-06-04T07:52:20.484+0000] {processor.py:161} INFO - Started process (PID=278) to work on /home/airflow/.local/lib/python3.8/site-packages/airflow/example_dags/example_branch_day_of_week_operator.py
[2024-06-04T07:52:20.485+0000] {processor.py:830} INFO - Processing file /home/airflow/.local/lib/python3.8/site-packages/airflow/example_dags/example_branch_day_of_week_operator.py for tasks to queue
[2024-06-04T07:52:20.487+0000] {logging_mixin.py:188} INFO - [2024-06-04T07:52:20.487+0000] {dagbag.py:540} INFO - Filling up the DagBag from /home/airflow/.local/lib/python3.8/site-packages/airflow/example_dags/example_branch_day_of_week_operator.py
[2024-06-04T07:52:20.496+0000] {processor.py:840} INFO - DAG(s) 'example_weekday_branch_operator' retrieved from /home/airflow/.local/lib/python3.8/site-packages/airflow/example_dags/example_branch_day_of_week_operator.py
[2024-06-04T07:52:20.524+0000] {logging_mixin.py:188} INFO - [2024-06-04T07:52:20.524+0000] {dag.py:3047} INFO - Sync 1 DAGs
[2024-06-04T07:52:20.552+0000] {logging_mixin.py:188} INFO - [2024-06-04T07:52:20.552+0000] {dag.py:3834} INFO - Setting next_dagrun for example_weekday_branch_operator to 2024-06-03 00:00:00+00:00, run_after=2024-06-04 00:00:00+00:00
[2024-06-04T07:52:20.572+0000] {processor.py:183} INFO - Processing /home/airflow/.local/lib/python3.8/site-packages/airflow/example_dags/example_branch_day_of_week_operator.py took 0.091 seconds
[2024-06-04T07:52:50.712+0000] {processor.py:161} INFO - Started process (PID=336) to work on /home/airflow/.local/lib/python3.8/site-packages/airflow/example_dags/example_branch_day_of_week_operator.py
[2024-06-04T07:52:50.713+0000] {processor.py:830} INFO - Processing file /home/airflow/.local/lib/python3.8/site-packages/airflow/example_dags/example_branch_day_of_week_operator.py for tasks to queue
[2024-06-04T07:52:50.715+0000] {logging_mixin.py:188} INFO - [2024-06-04T07:52:50.715+0000] {dagbag.py:540} INFO - Filling up the DagBag from /home/airflow/.local/lib/python3.8/site-packages/airflow/example_dags/example_branch_day_of_week_operator.py
[2024-06-04T07:52:50.725+0000] {processor.py:840} INFO - DAG(s) 'example_weekday_branch_operator' retrieved from /home/airflow/.local/lib/python3.8/site-packages/airflow/example_dags/example_branch_day_of_week_operator.py
[2024-06-04T07:52:50.753+0000] {logging_mixin.py:188} INFO - [2024-06-04T07:52:50.752+0000] {dag.py:3047} INFO - Sync 1 DAGs
[2024-06-04T07:52:50.779+0000] {logging_mixin.py:188} INFO - [2024-06-04T07:52:50.779+0000] {dag.py:3834} INFO - Setting next_dagrun for example_weekday_branch_operator to 2024-06-03 00:00:00+00:00, run_after=2024-06-04 00:00:00+00:00
[2024-06-04T07:52:50.799+0000] {processor.py:183} INFO - Processing /home/airflow/.local/lib/python3.8/site-packages/airflow/example_dags/example_branch_day_of_week_operator.py took 0.090 seconds
[2024-06-04T07:53:20.981+0000] {processor.py:161} INFO - Started process (PID=394) to work on /home/airflow/.local/lib/python3.8/site-packages/airflow/example_dags/example_branch_day_of_week_operator.py
[2024-06-04T07:53:20.982+0000] {processor.py:830} INFO - Processing file /home/airflow/.local/lib/python3.8/site-packages/airflow/example_dags/example_branch_day_of_week_operator.py for tasks to queue
[2024-06-04T07:53:20.984+0000] {logging_mixin.py:188} INFO - [2024-06-04T07:53:20.983+0000] {dagbag.py:540} INFO - Filling up the DagBag from /home/airflow/.local/lib/python3.8/site-packages/airflow/example_dags/example_branch_day_of_week_operator.py
[2024-06-04T07:53:20.991+0000] {processor.py:840} INFO - DAG(s) 'example_weekday_branch_operator' retrieved from /home/airflow/.local/lib/python3.8/site-packages/airflow/example_dags/example_branch_day_of_week_operator.py
[2024-06-04T07:53:21.027+0000] {logging_mixin.py:188} INFO - [2024-06-04T07:53:21.027+0000] {dag.py:3047} INFO - Sync 1 DAGs
[2024-06-04T07:53:21.053+0000] {logging_mixin.py:188} INFO - [2024-06-04T07:53:21.053+0000] {dag.py:3834} INFO - Setting next_dagrun for example_weekday_branch_operator to 2024-06-03 00:00:00+00:00, run_after=2024-06-04 00:00:00+00:00
[2024-06-04T07:53:21.077+0000] {processor.py:183} INFO - Processing /home/airflow/.local/lib/python3.8/site-packages/airflow/example_dags/example_branch_day_of_week_operator.py took 0.099 seconds
[2024-06-04T07:53:51.383+0000] {processor.py:161} INFO - Started process (PID=452) to work on /home/airflow/.local/lib/python3.8/site-packages/airflow/example_dags/example_branch_day_of_week_operator.py
[2024-06-04T07:53:51.384+0000] {processor.py:830} INFO - Processing file /home/airflow/.local/lib/python3.8/site-packages/airflow/example_dags/example_branch_day_of_week_operator.py for tasks to queue
[2024-06-04T07:53:51.385+0000] {logging_mixin.py:188} INFO - [2024-06-04T07:53:51.385+0000] {dagbag.py:540} INFO - Filling up the DagBag from /home/airflow/.local/lib/python3.8/site-packages/airflow/example_dags/example_branch_day_of_week_operator.py
[2024-06-04T07:53:51.393+0000] {processor.py:840} INFO - DAG(s) 'example_weekday_branch_operator' retrieved from /home/airflow/.local/lib/python3.8/site-packages/airflow/example_dags/example_branch_day_of_week_operator.py
[2024-06-04T07:53:51.418+0000] {logging_mixin.py:188} INFO - [2024-06-04T07:53:51.418+0000] {dag.py:3047} INFO - Sync 1 DAGs
[2024-06-04T07:53:51.446+0000] {logging_mixin.py:188} INFO - [2024-06-04T07:53:51.445+0000] {dag.py:3834} INFO - Setting next_dagrun for example_weekday_branch_operator to 2024-06-03 00:00:00+00:00, run_after=2024-06-04 00:00:00+00:00
[2024-06-04T07:53:51.466+0000] {processor.py:183} INFO - Processing /home/airflow/.local/lib/python3.8/site-packages/airflow/example_dags/example_branch_day_of_week_operator.py took 0.087 seconds
[2024-06-04T07:54:21.792+0000] {processor.py:161} INFO - Started process (PID=510) to work on /home/airflow/.local/lib/python3.8/site-packages/airflow/example_dags/example_branch_day_of_week_operator.py
[2024-06-04T07:54:21.793+0000] {processor.py:830} INFO - Processing file /home/airflow/.local/lib/python3.8/site-packages/airflow/example_dags/example_branch_day_of_week_operator.py for tasks to queue
[2024-06-04T07:54:21.795+0000] {logging_mixin.py:188} INFO - [2024-06-04T07:54:21.795+0000] {dagbag.py:540} INFO - Filling up the DagBag from /home/airflow/.local/lib/python3.8/site-packages/airflow/example_dags/example_branch_day_of_week_operator.py
[2024-06-04T07:54:21.803+0000] {processor.py:840} INFO - DAG(s) 'example_weekday_branch_operator' retrieved from /home/airflow/.local/lib/python3.8/site-packages/airflow/example_dags/example_branch_day_of_week_operator.py
[2024-06-04T07:54:21.831+0000] {logging_mixin.py:188} INFO - [2024-06-04T07:54:21.830+0000] {dag.py:3047} INFO - Sync 1 DAGs
[2024-06-04T07:54:21.857+0000] {logging_mixin.py:188} INFO - [2024-06-04T07:54:21.857+0000] {dag.py:3834} INFO - Setting next_dagrun for example_weekday_branch_operator to 2024-06-03 00:00:00+00:00, run_after=2024-06-04 00:00:00+00:00
[2024-06-04T07:54:21.878+0000] {processor.py:183} INFO - Processing /home/airflow/.local/lib/python3.8/site-packages/airflow/example_dags/example_branch_day_of_week_operator.py took 0.089 seconds
[2024-06-04T07:54:52.128+0000] {processor.py:161} INFO - Started process (PID=568) to work on /home/airflow/.local/lib/python3.8/site-packages/airflow/example_dags/example_branch_day_of_week_operator.py
[2024-06-04T07:54:52.129+0000] {processor.py:830} INFO - Processing file /home/airflow/.local/lib/python3.8/site-packages/airflow/example_dags/example_branch_day_of_week_operator.py for tasks to queue
[2024-06-04T07:54:52.131+0000] {logging_mixin.py:188} INFO - [2024-06-04T07:54:52.130+0000] {dagbag.py:540} INFO - Filling up the DagBag from /home/airflow/.local/lib/python3.8/site-packages/airflow/example_dags/example_branch_day_of_week_operator.py
[2024-06-04T07:54:52.140+0000] {processor.py:840} INFO - DAG(s) 'example_weekday_branch_operator' retrieved from /home/airflow/.local/lib/python3.8/site-packages/airflow/example_dags/example_branch_day_of_week_operator.py
[2024-06-04T07:54:52.165+0000] {logging_mixin.py:188} INFO - [2024-06-04T07:54:52.165+0000] {dag.py:3047} INFO - Sync 1 DAGs
[2024-06-04T07:54:52.212+0000] {logging_mixin.py:188} INFO - [2024-06-04T07:54:52.211+0000] {dag.py:3834} INFO - Setting next_dagrun for example_weekday_branch_operator to 2024-06-03 00:00:00+00:00, run_after=2024-06-04 00:00:00+00:00
[2024-06-04T07:54:52.233+0000] {processor.py:183} INFO - Processing /home/airflow/.local/lib/python3.8/site-packages/airflow/example_dags/example_branch_day_of_week_operator.py took 0.109 seconds
[2024-06-04T07:55:22.364+0000] {processor.py:161} INFO - Started process (PID=626) to work on /home/airflow/.local/lib/python3.8/site-packages/airflow/example_dags/example_branch_day_of_week_operator.py
[2024-06-04T07:55:22.365+0000] {processor.py:830} INFO - Processing file /home/airflow/.local/lib/python3.8/site-packages/airflow/example_dags/example_branch_day_of_week_operator.py for tasks to queue
[2024-06-04T07:55:22.367+0000] {logging_mixin.py:188} INFO - [2024-06-04T07:55:22.367+0000] {dagbag.py:540} INFO - Filling up the DagBag from /home/airflow/.local/lib/python3.8/site-packages/airflow/example_dags/example_branch_day_of_week_operator.py
[2024-06-04T07:55:22.376+0000] {processor.py:840} INFO - DAG(s) 'example_weekday_branch_operator' retrieved from /home/airflow/.local/lib/python3.8/site-packages/airflow/example_dags/example_branch_day_of_week_operator.py
[2024-06-04T07:55:22.399+0000] {logging_mixin.py:188} INFO - [2024-06-04T07:55:22.399+0000] {dag.py:3047} INFO - Sync 1 DAGs
[2024-06-04T07:55:22.426+0000] {logging_mixin.py:188} INFO - [2024-06-04T07:55:22.425+0000] {dag.py:3834} INFO - Setting next_dagrun for example_weekday_branch_operator to 2024-06-03 00:00:00+00:00, run_after=2024-06-04 00:00:00+00:00
[2024-06-04T07:55:22.451+0000] {processor.py:183} INFO - Processing /home/airflow/.local/lib/python3.8/site-packages/airflow/example_dags/example_branch_day_of_week_operator.py took 0.090 seconds
[2024-06-04T07:55:53.255+0000] {processor.py:161} INFO - Started process (PID=684) to work on /home/airflow/.local/lib/python3.8/site-packages/airflow/example_dags/example_branch_day_of_week_operator.py
[2024-06-04T07:55:53.257+0000] {processor.py:830} INFO - Processing file /home/airflow/.local/lib/python3.8/site-packages/airflow/example_dags/example_branch_day_of_week_operator.py for tasks to queue
[2024-06-04T07:55:53.258+0000] {logging_mixin.py:188} INFO - [2024-06-04T07:55:53.258+0000] {dagbag.py:540} INFO - Filling up the DagBag from /home/airflow/.local/lib/python3.8/site-packages/airflow/example_dags/example_branch_day_of_week_operator.py
[2024-06-04T07:55:53.267+0000] {processor.py:840} INFO - DAG(s) 'example_weekday_branch_operator' retrieved from /home/airflow/.local/lib/python3.8/site-packages/airflow/example_dags/example_branch_day_of_week_operator.py
[2024-06-04T07:55:53.291+0000] {logging_mixin.py:188} INFO - [2024-06-04T07:55:53.291+0000] {dag.py:3047} INFO - Sync 1 DAGs
[2024-06-04T07:55:53.317+0000] {logging_mixin.py:188} INFO - [2024-06-04T07:55:53.316+0000] {dag.py:3834} INFO - Setting next_dagrun for example_weekday_branch_operator to 2024-06-03 00:00:00+00:00, run_after=2024-06-04 00:00:00+00:00
[2024-06-04T07:55:53.337+0000] {processor.py:183} INFO - Processing /home/airflow/.local/lib/python3.8/site-packages/airflow/example_dags/example_branch_day_of_week_operator.py took 0.086 seconds
[2024-06-04T07:56:23.986+0000] {processor.py:161} INFO - Started process (PID=742) to work on /home/airflow/.local/lib/python3.8/site-packages/airflow/example_dags/example_branch_day_of_week_operator.py
[2024-06-04T07:56:23.987+0000] {processor.py:830} INFO - Processing file /home/airflow/.local/lib/python3.8/site-packages/airflow/example_dags/example_branch_day_of_week_operator.py for tasks to queue
[2024-06-04T07:56:23.989+0000] {logging_mixin.py:188} INFO - [2024-06-04T07:56:23.989+0000] {dagbag.py:540} INFO - Filling up the DagBag from /home/airflow/.local/lib/python3.8/site-packages/airflow/example_dags/example_branch_day_of_week_operator.py
[2024-06-04T07:56:23.997+0000] {processor.py:840} INFO - DAG(s) 'example_weekday_branch_operator' retrieved from /home/airflow/.local/lib/python3.8/site-packages/airflow/example_dags/example_branch_day_of_week_operator.py
[2024-06-04T07:56:24.022+0000] {logging_mixin.py:188} INFO - [2024-06-04T07:56:24.021+0000] {dag.py:3047} INFO - Sync 1 DAGs
[2024-06-04T07:56:24.046+0000] {logging_mixin.py:188} INFO - [2024-06-04T07:56:24.046+0000] {dag.py:3834} INFO - Setting next_dagrun for example_weekday_branch_operator to 2024-06-03 00:00:00+00:00, run_after=2024-06-04 00:00:00+00:00
[2024-06-04T07:56:24.064+0000] {processor.py:183} INFO - Processing /home/airflow/.local/lib/python3.8/site-packages/airflow/example_dags/example_branch_day_of_week_operator.py took 0.081 seconds
[2024-06-04T07:56:54.489+0000] {processor.py:161} INFO - Started process (PID=800) to work on /home/airflow/.local/lib/python3.8/site-packages/airflow/example_dags/example_branch_day_of_week_operator.py
[2024-06-04T07:56:54.491+0000] {processor.py:830} INFO - Processing file /home/airflow/.local/lib/python3.8/site-packages/airflow/example_dags/example_branch_day_of_week_operator.py for tasks to queue
[2024-06-04T07:56:54.492+0000] {logging_mixin.py:188} INFO - [2024-06-04T07:56:54.492+0000] {dagbag.py:540} INFO - Filling up the DagBag from /home/airflow/.local/lib/python3.8/site-packages/airflow/example_dags/example_branch_day_of_week_operator.py
[2024-06-04T07:56:54.502+0000] {processor.py:840} INFO - DAG(s) 'example_weekday_branch_operator' retrieved from /home/airflow/.local/lib/python3.8/site-packages/airflow/example_dags/example_branch_day_of_week_operator.py
[2024-06-04T07:56:54.530+0000] {logging_mixin.py:188} INFO - [2024-06-04T07:56:54.530+0000] {dag.py:3047} INFO - Sync 1 DAGs
[2024-06-04T07:56:54.561+0000] {logging_mixin.py:188} INFO - [2024-06-04T07:56:54.561+0000] {dag.py:3834} INFO - Setting next_dagrun for example_weekday_branch_operator to 2024-06-03 00:00:00+00:00, run_after=2024-06-04 00:00:00+00:00
[2024-06-04T07:56:54.579+0000] {processor.py:183} INFO - Processing /home/airflow/.local/lib/python3.8/site-packages/airflow/example_dags/example_branch_day_of_week_operator.py took 0.094 seconds
[2024-06-04T07:57:25.024+0000] {processor.py:161} INFO - Started process (PID=858) to work on /home/airflow/.local/lib/python3.8/site-packages/airflow/example_dags/example_branch_day_of_week_operator.py
[2024-06-04T07:57:25.025+0000] {processor.py:830} INFO - Processing file /home/airflow/.local/lib/python3.8/site-packages/airflow/example_dags/example_branch_day_of_week_operator.py for tasks to queue
[2024-06-04T07:57:25.027+0000] {logging_mixin.py:188} INFO - [2024-06-04T07:57:25.027+0000] {dagbag.py:540} INFO - Filling up the DagBag from /home/airflow/.local/lib/python3.8/site-packages/airflow/example_dags/example_branch_day_of_week_operator.py
[2024-06-04T07:57:25.036+0000] {processor.py:840} INFO - DAG(s) 'example_weekday_branch_operator' retrieved from /home/airflow/.local/lib/python3.8/site-packages/airflow/example_dags/example_branch_day_of_week_operator.py
[2024-06-04T07:57:25.060+0000] {logging_mixin.py:188} INFO - [2024-06-04T07:57:25.060+0000] {dag.py:3047} INFO - Sync 1 DAGs
[2024-06-04T07:57:25.086+0000] {logging_mixin.py:188} INFO - [2024-06-04T07:57:25.086+0000] {dag.py:3834} INFO - Setting next_dagrun for example_weekday_branch_operator to 2024-06-03 00:00:00+00:00, run_after=2024-06-04 00:00:00+00:00
[2024-06-04T07:57:25.107+0000] {processor.py:183} INFO - Processing /home/airflow/.local/lib/python3.8/site-packages/airflow/example_dags/example_branch_day_of_week_operator.py took 0.087 seconds
[2024-06-04T07:57:55.524+0000] {processor.py:161} INFO - Started process (PID=916) to work on /home/airflow/.local/lib/python3.8/site-packages/airflow/example_dags/example_branch_day_of_week_operator.py
[2024-06-04T07:57:55.525+0000] {processor.py:830} INFO - Processing file /home/airflow/.local/lib/python3.8/site-packages/airflow/example_dags/example_branch_day_of_week_operator.py for tasks to queue
[2024-06-04T07:57:55.527+0000] {logging_mixin.py:188} INFO - [2024-06-04T07:57:55.526+0000] {dagbag.py:540} INFO - Filling up the DagBag from /home/airflow/.local/lib/python3.8/site-packages/airflow/example_dags/example_branch_day_of_week_operator.py
[2024-06-04T07:57:55.535+0000] {processor.py:840} INFO - DAG(s) 'example_weekday_branch_operator' retrieved from /home/airflow/.local/lib/python3.8/site-packages/airflow/example_dags/example_branch_day_of_week_operator.py
[2024-06-04T07:57:55.558+0000] {logging_mixin.py:188} INFO - [2024-06-04T07:57:55.558+0000] {dag.py:3047} INFO - Sync 1 DAGs
[2024-06-04T07:57:55.585+0000] {logging_mixin.py:188} INFO - [2024-06-04T07:57:55.584+0000] {dag.py:3834} INFO - Setting next_dagrun for example_weekday_branch_operator to 2024-06-03 00:00:00+00:00, run_after=2024-06-04 00:00:00+00:00
[2024-06-04T07:57:55.604+0000] {processor.py:183} INFO - Processing /home/airflow/.local/lib/python3.8/site-packages/airflow/example_dags/example_branch_day_of_week_operator.py took 0.084 seconds
[2024-06-04T07:58:25.973+0000] {processor.py:161} INFO - Started process (PID=974) to work on /home/airflow/.local/lib/python3.8/site-packages/airflow/example_dags/example_branch_day_of_week_operator.py
[2024-06-04T07:58:25.974+0000] {processor.py:830} INFO - Processing file /home/airflow/.local/lib/python3.8/site-packages/airflow/example_dags/example_branch_day_of_week_operator.py for tasks to queue
[2024-06-04T07:58:25.976+0000] {logging_mixin.py:188} INFO - [2024-06-04T07:58:25.975+0000] {dagbag.py:540} INFO - Filling up the DagBag from /home/airflow/.local/lib/python3.8/site-packages/airflow/example_dags/example_branch_day_of_week_operator.py
[2024-06-04T07:58:25.984+0000] {processor.py:840} INFO - DAG(s) 'example_weekday_branch_operator' retrieved from /home/airflow/.local/lib/python3.8/site-packages/airflow/example_dags/example_branch_day_of_week_operator.py
[2024-06-04T07:58:26.010+0000] {logging_mixin.py:188} INFO - [2024-06-04T07:58:26.010+0000] {dag.py:3047} INFO - Sync 1 DAGs
[2024-06-04T07:58:26.040+0000] {logging_mixin.py:188} INFO - [2024-06-04T07:58:26.040+0000] {dag.py:3834} INFO - Setting next_dagrun for example_weekday_branch_operator to 2024-06-03 00:00:00+00:00, run_after=2024-06-04 00:00:00+00:00
[2024-06-04T07:58:26.065+0000] {processor.py:183} INFO - Processing /home/airflow/.local/lib/python3.8/site-packages/airflow/example_dags/example_branch_day_of_week_operator.py took 0.096 seconds
[2024-06-04T07:58:56.623+0000] {processor.py:161} INFO - Started process (PID=1032) to work on /home/airflow/.local/lib/python3.8/site-packages/airflow/example_dags/example_branch_day_of_week_operator.py
[2024-06-04T07:58:56.625+0000] {processor.py:830} INFO - Processing file /home/airflow/.local/lib/python3.8/site-packages/airflow/example_dags/example_branch_day_of_week_operator.py for tasks to queue
[2024-06-04T07:58:56.627+0000] {logging_mixin.py:188} INFO - [2024-06-04T07:58:56.626+0000] {dagbag.py:540} INFO - Filling up the DagBag from /home/airflow/.local/lib/python3.8/site-packages/airflow/example_dags/example_branch_day_of_week_operator.py
[2024-06-04T07:58:56.636+0000] {processor.py:840} INFO - DAG(s) 'example_weekday_branch_operator' retrieved from /home/airflow/.local/lib/python3.8/site-packages/airflow/example_dags/example_branch_day_of_week_operator.py
[2024-06-04T07:58:56.716+0000] {logging_mixin.py:188} INFO - [2024-06-04T07:58:56.716+0000] {dag.py:3047} INFO - Sync 1 DAGs
[2024-06-04T07:58:56.740+0000] {logging_mixin.py:188} INFO - [2024-06-04T07:58:56.740+0000] {dag.py:3834} INFO - Setting next_dagrun for example_weekday_branch_operator to 2024-06-03 00:00:00+00:00, run_after=2024-06-04 00:00:00+00:00
[2024-06-04T07:58:56.814+0000] {processor.py:183} INFO - Processing /home/airflow/.local/lib/python3.8/site-packages/airflow/example_dags/example_branch_day_of_week_operator.py took 0.194 seconds
