[2024-06-04T07:51:25.107+0000] {processor.py:161} INFO - Started process (PID=181) to work on /home/airflow/.local/lib/python3.8/site-packages/airflow/example_dags/example_python_decorator.py
[2024-06-04T07:51:25.108+0000] {processor.py:830} INFO - Processing file /home/airflow/.local/lib/python3.8/site-packages/airflow/example_dags/example_python_decorator.py for tasks to queue
[2024-06-04T07:51:25.110+0000] {logging_mixin.py:188} INFO - [2024-06-04T07:51:25.109+0000] {dagbag.py:540} INFO - Filling up the DagBag from /home/airflow/.local/lib/python3.8/site-packages/airflow/example_dags/example_python_decorator.py
[2024-06-04T07:51:25.129+0000] {processor.py:840} INFO - DAG(s) 'example_python_decorator' retrieved from /home/airflow/.local/lib/python3.8/site-packages/airflow/example_dags/example_python_decorator.py
[2024-06-04T07:51:25.246+0000] {logging_mixin.py:188} INFO - [2024-06-04T07:51:25.246+0000] {dag.py:3047} INFO - Sync 1 DAGs
[2024-06-04T07:51:25.257+0000] {logging_mixin.py:188} INFO - [2024-06-04T07:51:25.257+0000] {dag.py:3834} INFO - Setting next_dagrun for example_python_decorator to None, run_after=None
[2024-06-04T07:51:25.276+0000] {processor.py:183} INFO - Processing /home/airflow/.local/lib/python3.8/site-packages/airflow/example_dags/example_python_decorator.py took 0.173 seconds
[2024-06-04T07:51:55.375+0000] {processor.py:161} INFO - Started process (PID=239) to work on /home/airflow/.local/lib/python3.8/site-packages/airflow/example_dags/example_python_decorator.py
[2024-06-04T07:51:55.377+0000] {processor.py:830} INFO - Processing file /home/airflow/.local/lib/python3.8/site-packages/airflow/example_dags/example_python_decorator.py for tasks to queue
[2024-06-04T07:51:55.379+0000] {logging_mixin.py:188} INFO - [2024-06-04T07:51:55.378+0000] {dagbag.py:540} INFO - Filling up the DagBag from /home/airflow/.local/lib/python3.8/site-packages/airflow/example_dags/example_python_decorator.py
[2024-06-04T07:51:55.392+0000] {processor.py:840} INFO - DAG(s) 'example_python_decorator' retrieved from /home/airflow/.local/lib/python3.8/site-packages/airflow/example_dags/example_python_decorator.py
[2024-06-04T07:51:55.420+0000] {logging_mixin.py:188} INFO - [2024-06-04T07:51:55.419+0000] {dag.py:3047} INFO - Sync 1 DAGs
[2024-06-04T07:51:55.433+0000] {logging_mixin.py:188} INFO - [2024-06-04T07:51:55.433+0000] {dag.py:3834} INFO - Setting next_dagrun for example_python_decorator to None, run_after=None
[2024-06-04T07:51:55.450+0000] {processor.py:183} INFO - Processing /home/airflow/.local/lib/python3.8/site-packages/airflow/example_dags/example_python_decorator.py took 0.079 seconds
[2024-06-04T07:52:25.771+0000] {processor.py:161} INFO - Started process (PID=297) to work on /home/airflow/.local/lib/python3.8/site-packages/airflow/example_dags/example_python_decorator.py
[2024-06-04T07:52:25.772+0000] {processor.py:830} INFO - Processing file /home/airflow/.local/lib/python3.8/site-packages/airflow/example_dags/example_python_decorator.py for tasks to queue
[2024-06-04T07:52:25.774+0000] {logging_mixin.py:188} INFO - [2024-06-04T07:52:25.773+0000] {dagbag.py:540} INFO - Filling up the DagBag from /home/airflow/.local/lib/python3.8/site-packages/airflow/example_dags/example_python_decorator.py
[2024-06-04T07:52:25.788+0000] {processor.py:840} INFO - DAG(s) 'example_python_decorator' retrieved from /home/airflow/.local/lib/python3.8/site-packages/airflow/example_dags/example_python_decorator.py
[2024-06-04T07:52:25.816+0000] {logging_mixin.py:188} INFO - [2024-06-04T07:52:25.816+0000] {dag.py:3047} INFO - Sync 1 DAGs
[2024-06-04T07:52:25.831+0000] {logging_mixin.py:188} INFO - [2024-06-04T07:52:25.830+0000] {dag.py:3834} INFO - Setting next_dagrun for example_python_decorator to None, run_after=None
[2024-06-04T07:52:25.852+0000] {processor.py:183} INFO - Processing /home/airflow/.local/lib/python3.8/site-packages/airflow/example_dags/example_python_decorator.py took 0.085 seconds
[2024-06-04T07:52:55.943+0000] {processor.py:161} INFO - Started process (PID=355) to work on /home/airflow/.local/lib/python3.8/site-packages/airflow/example_dags/example_python_decorator.py
[2024-06-04T07:52:55.945+0000] {processor.py:830} INFO - Processing file /home/airflow/.local/lib/python3.8/site-packages/airflow/example_dags/example_python_decorator.py for tasks to queue
[2024-06-04T07:52:55.947+0000] {logging_mixin.py:188} INFO - [2024-06-04T07:52:55.946+0000] {dagbag.py:540} INFO - Filling up the DagBag from /home/airflow/.local/lib/python3.8/site-packages/airflow/example_dags/example_python_decorator.py
[2024-06-04T07:52:55.961+0000] {processor.py:840} INFO - DAG(s) 'example_python_decorator' retrieved from /home/airflow/.local/lib/python3.8/site-packages/airflow/example_dags/example_python_decorator.py
[2024-06-04T07:52:55.987+0000] {logging_mixin.py:188} INFO - [2024-06-04T07:52:55.987+0000] {dag.py:3047} INFO - Sync 1 DAGs
[2024-06-04T07:52:56.001+0000] {logging_mixin.py:188} INFO - [2024-06-04T07:52:56.001+0000] {dag.py:3834} INFO - Setting next_dagrun for example_python_decorator to None, run_after=None
[2024-06-04T07:52:56.021+0000] {processor.py:183} INFO - Processing /home/airflow/.local/lib/python3.8/site-packages/airflow/example_dags/example_python_decorator.py took 0.082 seconds
[2024-06-04T07:53:26.247+0000] {processor.py:161} INFO - Started process (PID=413) to work on /home/airflow/.local/lib/python3.8/site-packages/airflow/example_dags/example_python_decorator.py
[2024-06-04T07:53:26.248+0000] {processor.py:830} INFO - Processing file /home/airflow/.local/lib/python3.8/site-packages/airflow/example_dags/example_python_decorator.py for tasks to queue
[2024-06-04T07:53:26.250+0000] {logging_mixin.py:188} INFO - [2024-06-04T07:53:26.250+0000] {dagbag.py:540} INFO - Filling up the DagBag from /home/airflow/.local/lib/python3.8/site-packages/airflow/example_dags/example_python_decorator.py
[2024-06-04T07:53:26.266+0000] {processor.py:840} INFO - DAG(s) 'example_python_decorator' retrieved from /home/airflow/.local/lib/python3.8/site-packages/airflow/example_dags/example_python_decorator.py
[2024-06-04T07:53:26.293+0000] {logging_mixin.py:188} INFO - [2024-06-04T07:53:26.293+0000] {dag.py:3047} INFO - Sync 1 DAGs
[2024-06-04T07:53:26.308+0000] {logging_mixin.py:188} INFO - [2024-06-04T07:53:26.308+0000] {dag.py:3834} INFO - Setting next_dagrun for example_python_decorator to None, run_after=None
[2024-06-04T07:53:26.338+0000] {processor.py:183} INFO - Processing /home/airflow/.local/lib/python3.8/site-packages/airflow/example_dags/example_python_decorator.py took 0.095 seconds
[2024-06-04T07:53:57.223+0000] {processor.py:161} INFO - Started process (PID=471) to work on /home/airflow/.local/lib/python3.8/site-packages/airflow/example_dags/example_python_decorator.py
[2024-06-04T07:53:57.224+0000] {processor.py:830} INFO - Processing file /home/airflow/.local/lib/python3.8/site-packages/airflow/example_dags/example_python_decorator.py for tasks to queue
[2024-06-04T07:53:57.226+0000] {logging_mixin.py:188} INFO - [2024-06-04T07:53:57.226+0000] {dagbag.py:540} INFO - Filling up the DagBag from /home/airflow/.local/lib/python3.8/site-packages/airflow/example_dags/example_python_decorator.py
[2024-06-04T07:53:57.241+0000] {processor.py:840} INFO - DAG(s) 'example_python_decorator' retrieved from /home/airflow/.local/lib/python3.8/site-packages/airflow/example_dags/example_python_decorator.py
[2024-06-04T07:53:57.323+0000] {logging_mixin.py:188} INFO - [2024-06-04T07:53:57.323+0000] {dag.py:3047} INFO - Sync 1 DAGs
[2024-06-04T07:53:57.338+0000] {logging_mixin.py:188} INFO - [2024-06-04T07:53:57.338+0000] {dag.py:3834} INFO - Setting next_dagrun for example_python_decorator to None, run_after=None
[2024-06-04T07:53:57.406+0000] {processor.py:183} INFO - Processing /home/airflow/.local/lib/python3.8/site-packages/airflow/example_dags/example_python_decorator.py took 0.188 seconds
[2024-06-04T07:54:27.953+0000] {processor.py:161} INFO - Started process (PID=529) to work on /home/airflow/.local/lib/python3.8/site-packages/airflow/example_dags/example_python_decorator.py
[2024-06-04T07:54:27.954+0000] {processor.py:830} INFO - Processing file /home/airflow/.local/lib/python3.8/site-packages/airflow/example_dags/example_python_decorator.py for tasks to queue
[2024-06-04T07:54:27.956+0000] {logging_mixin.py:188} INFO - [2024-06-04T07:54:27.956+0000] {dagbag.py:540} INFO - Filling up the DagBag from /home/airflow/.local/lib/python3.8/site-packages/airflow/example_dags/example_python_decorator.py
[2024-06-04T07:54:27.971+0000] {processor.py:840} INFO - DAG(s) 'example_python_decorator' retrieved from /home/airflow/.local/lib/python3.8/site-packages/airflow/example_dags/example_python_decorator.py
[2024-06-04T07:54:27.994+0000] {logging_mixin.py:188} INFO - [2024-06-04T07:54:27.994+0000] {dag.py:3047} INFO - Sync 1 DAGs
[2024-06-04T07:54:28.008+0000] {logging_mixin.py:188} INFO - [2024-06-04T07:54:28.007+0000] {dag.py:3834} INFO - Setting next_dagrun for example_python_decorator to None, run_after=None
[2024-06-04T07:54:28.027+0000] {processor.py:183} INFO - Processing /home/airflow/.local/lib/python3.8/site-packages/airflow/example_dags/example_python_decorator.py took 0.077 seconds
[2024-06-04T07:54:58.360+0000] {processor.py:161} INFO - Started process (PID=587) to work on /home/airflow/.local/lib/python3.8/site-packages/airflow/example_dags/example_python_decorator.py
[2024-06-04T07:54:58.361+0000] {processor.py:830} INFO - Processing file /home/airflow/.local/lib/python3.8/site-packages/airflow/example_dags/example_python_decorator.py for tasks to queue
[2024-06-04T07:54:58.363+0000] {logging_mixin.py:188} INFO - [2024-06-04T07:54:58.363+0000] {dagbag.py:540} INFO - Filling up the DagBag from /home/airflow/.local/lib/python3.8/site-packages/airflow/example_dags/example_python_decorator.py
[2024-06-04T07:54:58.377+0000] {processor.py:840} INFO - DAG(s) 'example_python_decorator' retrieved from /home/airflow/.local/lib/python3.8/site-packages/airflow/example_dags/example_python_decorator.py
[2024-06-04T07:54:58.403+0000] {logging_mixin.py:188} INFO - [2024-06-04T07:54:58.402+0000] {dag.py:3047} INFO - Sync 1 DAGs
[2024-06-04T07:54:58.416+0000] {logging_mixin.py:188} INFO - [2024-06-04T07:54:58.416+0000] {dag.py:3834} INFO - Setting next_dagrun for example_python_decorator to None, run_after=None
[2024-06-04T07:54:58.437+0000] {processor.py:183} INFO - Processing /home/airflow/.local/lib/python3.8/site-packages/airflow/example_dags/example_python_decorator.py took 0.081 seconds
[2024-06-04T07:55:28.724+0000] {processor.py:161} INFO - Started process (PID=645) to work on /home/airflow/.local/lib/python3.8/site-packages/airflow/example_dags/example_python_decorator.py
[2024-06-04T07:55:28.725+0000] {processor.py:830} INFO - Processing file /home/airflow/.local/lib/python3.8/site-packages/airflow/example_dags/example_python_decorator.py for tasks to queue
[2024-06-04T07:55:28.727+0000] {logging_mixin.py:188} INFO - [2024-06-04T07:55:28.726+0000] {dagbag.py:540} INFO - Filling up the DagBag from /home/airflow/.local/lib/python3.8/site-packages/airflow/example_dags/example_python_decorator.py
[2024-06-04T07:55:28.741+0000] {processor.py:840} INFO - DAG(s) 'example_python_decorator' retrieved from /home/airflow/.local/lib/python3.8/site-packages/airflow/example_dags/example_python_decorator.py
[2024-06-04T07:55:28.764+0000] {logging_mixin.py:188} INFO - [2024-06-04T07:55:28.764+0000] {dag.py:3047} INFO - Sync 1 DAGs
[2024-06-04T07:55:28.777+0000] {logging_mixin.py:188} INFO - [2024-06-04T07:55:28.776+0000] {dag.py:3834} INFO - Setting next_dagrun for example_python_decorator to None, run_after=None
[2024-06-04T07:55:28.793+0000] {processor.py:183} INFO - Processing /home/airflow/.local/lib/python3.8/site-packages/airflow/example_dags/example_python_decorator.py took 0.073 seconds
[2024-06-04T07:55:59.334+0000] {processor.py:161} INFO - Started process (PID=703) to work on /home/airflow/.local/lib/python3.8/site-packages/airflow/example_dags/example_python_decorator.py
[2024-06-04T07:55:59.335+0000] {processor.py:830} INFO - Processing file /home/airflow/.local/lib/python3.8/site-packages/airflow/example_dags/example_python_decorator.py for tasks to queue
[2024-06-04T07:55:59.337+0000] {logging_mixin.py:188} INFO - [2024-06-04T07:55:59.336+0000] {dagbag.py:540} INFO - Filling up the DagBag from /home/airflow/.local/lib/python3.8/site-packages/airflow/example_dags/example_python_decorator.py
[2024-06-04T07:55:59.350+0000] {processor.py:840} INFO - DAG(s) 'example_python_decorator' retrieved from /home/airflow/.local/lib/python3.8/site-packages/airflow/example_dags/example_python_decorator.py
[2024-06-04T07:55:59.376+0000] {logging_mixin.py:188} INFO - [2024-06-04T07:55:59.375+0000] {dag.py:3047} INFO - Sync 1 DAGs
[2024-06-04T07:55:59.389+0000] {logging_mixin.py:188} INFO - [2024-06-04T07:55:59.388+0000] {dag.py:3834} INFO - Setting next_dagrun for example_python_decorator to None, run_after=None
[2024-06-04T07:55:59.406+0000] {processor.py:183} INFO - Processing /home/airflow/.local/lib/python3.8/site-packages/airflow/example_dags/example_python_decorator.py took 0.075 seconds
[2024-06-04T07:56:30.067+0000] {processor.py:161} INFO - Started process (PID=761) to work on /home/airflow/.local/lib/python3.8/site-packages/airflow/example_dags/example_python_decorator.py
[2024-06-04T07:56:30.069+0000] {processor.py:830} INFO - Processing file /home/airflow/.local/lib/python3.8/site-packages/airflow/example_dags/example_python_decorator.py for tasks to queue
[2024-06-04T07:56:30.070+0000] {logging_mixin.py:188} INFO - [2024-06-04T07:56:30.070+0000] {dagbag.py:540} INFO - Filling up the DagBag from /home/airflow/.local/lib/python3.8/site-packages/airflow/example_dags/example_python_decorator.py
[2024-06-04T07:56:30.084+0000] {processor.py:840} INFO - DAG(s) 'example_python_decorator' retrieved from /home/airflow/.local/lib/python3.8/site-packages/airflow/example_dags/example_python_decorator.py
[2024-06-04T07:56:30.110+0000] {logging_mixin.py:188} INFO - [2024-06-04T07:56:30.109+0000] {dag.py:3047} INFO - Sync 1 DAGs
[2024-06-04T07:56:30.123+0000] {logging_mixin.py:188} INFO - [2024-06-04T07:56:30.123+0000] {dag.py:3834} INFO - Setting next_dagrun for example_python_decorator to None, run_after=None
[2024-06-04T07:56:30.145+0000] {processor.py:183} INFO - Processing /home/airflow/.local/lib/python3.8/site-packages/airflow/example_dags/example_python_decorator.py took 0.081 seconds
[2024-06-04T07:57:00.659+0000] {processor.py:161} INFO - Started process (PID=819) to work on /home/airflow/.local/lib/python3.8/site-packages/airflow/example_dags/example_python_decorator.py
[2024-06-04T07:57:00.661+0000] {processor.py:830} INFO - Processing file /home/airflow/.local/lib/python3.8/site-packages/airflow/example_dags/example_python_decorator.py for tasks to queue
[2024-06-04T07:57:00.662+0000] {logging_mixin.py:188} INFO - [2024-06-04T07:57:00.662+0000] {dagbag.py:540} INFO - Filling up the DagBag from /home/airflow/.local/lib/python3.8/site-packages/airflow/example_dags/example_python_decorator.py
[2024-06-04T07:57:00.676+0000] {processor.py:840} INFO - DAG(s) 'example_python_decorator' retrieved from /home/airflow/.local/lib/python3.8/site-packages/airflow/example_dags/example_python_decorator.py
[2024-06-04T07:57:00.699+0000] {logging_mixin.py:188} INFO - [2024-06-04T07:57:00.698+0000] {dag.py:3047} INFO - Sync 1 DAGs
[2024-06-04T07:57:00.711+0000] {logging_mixin.py:188} INFO - [2024-06-04T07:57:00.711+0000] {dag.py:3834} INFO - Setting next_dagrun for example_python_decorator to None, run_after=None
[2024-06-04T07:57:00.731+0000] {processor.py:183} INFO - Processing /home/airflow/.local/lib/python3.8/site-packages/airflow/example_dags/example_python_decorator.py took 0.076 seconds
[2024-06-04T07:57:31.212+0000] {processor.py:161} INFO - Started process (PID=877) to work on /home/airflow/.local/lib/python3.8/site-packages/airflow/example_dags/example_python_decorator.py
[2024-06-04T07:57:31.213+0000] {processor.py:830} INFO - Processing file /home/airflow/.local/lib/python3.8/site-packages/airflow/example_dags/example_python_decorator.py for tasks to queue
[2024-06-04T07:57:31.215+0000] {logging_mixin.py:188} INFO - [2024-06-04T07:57:31.215+0000] {dagbag.py:540} INFO - Filling up the DagBag from /home/airflow/.local/lib/python3.8/site-packages/airflow/example_dags/example_python_decorator.py
[2024-06-04T07:57:31.230+0000] {processor.py:840} INFO - DAG(s) 'example_python_decorator' retrieved from /home/airflow/.local/lib/python3.8/site-packages/airflow/example_dags/example_python_decorator.py
[2024-06-04T07:57:31.258+0000] {logging_mixin.py:188} INFO - [2024-06-04T07:57:31.258+0000] {dag.py:3047} INFO - Sync 1 DAGs
[2024-06-04T07:57:31.274+0000] {logging_mixin.py:188} INFO - [2024-06-04T07:57:31.273+0000] {dag.py:3834} INFO - Setting next_dagrun for example_python_decorator to None, run_after=None
[2024-06-04T07:57:31.292+0000] {processor.py:183} INFO - Processing /home/airflow/.local/lib/python3.8/site-packages/airflow/example_dags/example_python_decorator.py took 0.083 seconds
[2024-06-04T07:58:01.718+0000] {processor.py:161} INFO - Started process (PID=935) to work on /home/airflow/.local/lib/python3.8/site-packages/airflow/example_dags/example_python_decorator.py
[2024-06-04T07:58:01.720+0000] {processor.py:830} INFO - Processing file /home/airflow/.local/lib/python3.8/site-packages/airflow/example_dags/example_python_decorator.py for tasks to queue
[2024-06-04T07:58:01.721+0000] {logging_mixin.py:188} INFO - [2024-06-04T07:58:01.721+0000] {dagbag.py:540} INFO - Filling up the DagBag from /home/airflow/.local/lib/python3.8/site-packages/airflow/example_dags/example_python_decorator.py
[2024-06-04T07:58:01.736+0000] {processor.py:840} INFO - DAG(s) 'example_python_decorator' retrieved from /home/airflow/.local/lib/python3.8/site-packages/airflow/example_dags/example_python_decorator.py
[2024-06-04T07:58:01.761+0000] {logging_mixin.py:188} INFO - [2024-06-04T07:58:01.761+0000] {dag.py:3047} INFO - Sync 1 DAGs
[2024-06-04T07:58:01.774+0000] {logging_mixin.py:188} INFO - [2024-06-04T07:58:01.773+0000] {dag.py:3834} INFO - Setting next_dagrun for example_python_decorator to None, run_after=None
[2024-06-04T07:58:01.795+0000] {processor.py:183} INFO - Processing /home/airflow/.local/lib/python3.8/site-packages/airflow/example_dags/example_python_decorator.py took 0.081 seconds
[2024-06-04T07:58:32.158+0000] {processor.py:161} INFO - Started process (PID=993) to work on /home/airflow/.local/lib/python3.8/site-packages/airflow/example_dags/example_python_decorator.py
[2024-06-04T07:58:32.159+0000] {processor.py:830} INFO - Processing file /home/airflow/.local/lib/python3.8/site-packages/airflow/example_dags/example_python_decorator.py for tasks to queue
[2024-06-04T07:58:32.162+0000] {logging_mixin.py:188} INFO - [2024-06-04T07:58:32.161+0000] {dagbag.py:540} INFO - Filling up the DagBag from /home/airflow/.local/lib/python3.8/site-packages/airflow/example_dags/example_python_decorator.py
[2024-06-04T07:58:32.176+0000] {processor.py:840} INFO - DAG(s) 'example_python_decorator' retrieved from /home/airflow/.local/lib/python3.8/site-packages/airflow/example_dags/example_python_decorator.py
[2024-06-04T07:58:32.203+0000] {logging_mixin.py:188} INFO - [2024-06-04T07:58:32.202+0000] {dag.py:3047} INFO - Sync 1 DAGs
[2024-06-04T07:58:32.216+0000] {logging_mixin.py:188} INFO - [2024-06-04T07:58:32.215+0000] {dag.py:3834} INFO - Setting next_dagrun for example_python_decorator to None, run_after=None
[2024-06-04T07:58:32.235+0000] {processor.py:183} INFO - Processing /home/airflow/.local/lib/python3.8/site-packages/airflow/example_dags/example_python_decorator.py took 0.081 seconds
[2024-06-04T07:59:03.098+0000] {processor.py:161} INFO - Started process (PID=1051) to work on /home/airflow/.local/lib/python3.8/site-packages/airflow/example_dags/example_python_decorator.py
[2024-06-04T07:59:03.100+0000] {processor.py:830} INFO - Processing file /home/airflow/.local/lib/python3.8/site-packages/airflow/example_dags/example_python_decorator.py for tasks to queue
[2024-06-04T07:59:03.102+0000] {logging_mixin.py:188} INFO - [2024-06-04T07:59:03.102+0000] {dagbag.py:540} INFO - Filling up the DagBag from /home/airflow/.local/lib/python3.8/site-packages/airflow/example_dags/example_python_decorator.py
[2024-06-04T07:59:03.117+0000] {processor.py:840} INFO - DAG(s) 'example_python_decorator' retrieved from /home/airflow/.local/lib/python3.8/site-packages/airflow/example_dags/example_python_decorator.py
[2024-06-04T07:59:03.143+0000] {logging_mixin.py:188} INFO - [2024-06-04T07:59:03.143+0000] {dag.py:3047} INFO - Sync 1 DAGs
[2024-06-04T07:59:03.157+0000] {logging_mixin.py:188} INFO - [2024-06-04T07:59:03.156+0000] {dag.py:3834} INFO - Setting next_dagrun for example_python_decorator to None, run_after=None
[2024-06-04T07:59:03.177+0000] {processor.py:183} INFO - Processing /home/airflow/.local/lib/python3.8/site-packages/airflow/example_dags/example_python_decorator.py took 0.082 seconds
[2024-06-04T07:59:33.487+0000] {processor.py:161} INFO - Started process (PID=1110) to work on /home/airflow/.local/lib/python3.8/site-packages/airflow/example_dags/example_python_decorator.py
[2024-06-04T07:59:33.488+0000] {processor.py:830} INFO - Processing file /home/airflow/.local/lib/python3.8/site-packages/airflow/example_dags/example_python_decorator.py for tasks to queue
[2024-06-04T07:59:33.490+0000] {logging_mixin.py:188} INFO - [2024-06-04T07:59:33.489+0000] {dagbag.py:540} INFO - Filling up the DagBag from /home/airflow/.local/lib/python3.8/site-packages/airflow/example_dags/example_python_decorator.py
[2024-06-04T07:59:33.511+0000] {processor.py:840} INFO - DAG(s) 'example_python_decorator' retrieved from /home/airflow/.local/lib/python3.8/site-packages/airflow/example_dags/example_python_decorator.py
[2024-06-04T07:59:33.536+0000] {logging_mixin.py:188} INFO - [2024-06-04T07:59:33.535+0000] {dag.py:3047} INFO - Sync 1 DAGs
[2024-06-04T07:59:33.549+0000] {logging_mixin.py:188} INFO - [2024-06-04T07:59:33.549+0000] {dag.py:3834} INFO - Setting next_dagrun for example_python_decorator to None, run_after=None
[2024-06-04T07:59:33.606+0000] {processor.py:183} INFO - Processing /home/airflow/.local/lib/python3.8/site-packages/airflow/example_dags/example_python_decorator.py took 0.123 seconds
[2024-06-04T08:00:04.515+0000] {processor.py:161} INFO - Started process (PID=1168) to work on /home/airflow/.local/lib/python3.8/site-packages/airflow/example_dags/example_python_decorator.py
[2024-06-04T08:00:04.516+0000] {processor.py:830} INFO - Processing file /home/airflow/.local/lib/python3.8/site-packages/airflow/example_dags/example_python_decorator.py for tasks to queue
[2024-06-04T08:00:04.518+0000] {logging_mixin.py:188} INFO - [2024-06-04T08:00:04.518+0000] {dagbag.py:540} INFO - Filling up the DagBag from /home/airflow/.local/lib/python3.8/site-packages/airflow/example_dags/example_python_decorator.py
[2024-06-04T08:00:04.533+0000] {processor.py:840} INFO - DAG(s) 'example_python_decorator' retrieved from /home/airflow/.local/lib/python3.8/site-packages/airflow/example_dags/example_python_decorator.py
[2024-06-04T08:00:04.558+0000] {logging_mixin.py:188} INFO - [2024-06-04T08:00:04.557+0000] {dag.py:3047} INFO - Sync 1 DAGs
[2024-06-04T08:00:04.571+0000] {logging_mixin.py:188} INFO - [2024-06-04T08:00:04.571+0000] {dag.py:3834} INFO - Setting next_dagrun for example_python_decorator to None, run_after=None
[2024-06-04T08:00:04.613+0000] {processor.py:183} INFO - Processing /home/airflow/.local/lib/python3.8/site-packages/airflow/example_dags/example_python_decorator.py took 0.102 seconds
[2024-06-04T08:00:34.810+0000] {processor.py:161} INFO - Started process (PID=1226) to work on /home/airflow/.local/lib/python3.8/site-packages/airflow/example_dags/example_python_decorator.py
[2024-06-04T08:00:34.811+0000] {processor.py:830} INFO - Processing file /home/airflow/.local/lib/python3.8/site-packages/airflow/example_dags/example_python_decorator.py for tasks to queue
[2024-06-04T08:00:34.813+0000] {logging_mixin.py:188} INFO - [2024-06-04T08:00:34.812+0000] {dagbag.py:540} INFO - Filling up the DagBag from /home/airflow/.local/lib/python3.8/site-packages/airflow/example_dags/example_python_decorator.py
[2024-06-04T08:00:34.827+0000] {processor.py:840} INFO - DAG(s) 'example_python_decorator' retrieved from /home/airflow/.local/lib/python3.8/site-packages/airflow/example_dags/example_python_decorator.py
[2024-06-04T08:00:34.920+0000] {logging_mixin.py:188} INFO - [2024-06-04T08:00:34.920+0000] {dag.py:3047} INFO - Sync 1 DAGs
[2024-06-04T08:00:35.004+0000] {logging_mixin.py:188} INFO - [2024-06-04T08:00:35.004+0000] {dag.py:3834} INFO - Setting next_dagrun for example_python_decorator to None, run_after=None
[2024-06-04T08:00:35.027+0000] {processor.py:183} INFO - Processing /home/airflow/.local/lib/python3.8/site-packages/airflow/example_dags/example_python_decorator.py took 0.221 seconds
[2024-06-04T08:01:05.804+0000] {processor.py:161} INFO - Started process (PID=1290) to work on /home/airflow/.local/lib/python3.8/site-packages/airflow/example_dags/example_python_decorator.py
[2024-06-04T08:01:05.806+0000] {processor.py:830} INFO - Processing file /home/airflow/.local/lib/python3.8/site-packages/airflow/example_dags/example_python_decorator.py for tasks to queue
[2024-06-04T08:01:05.808+0000] {logging_mixin.py:188} INFO - [2024-06-04T08:01:05.807+0000] {dagbag.py:540} INFO - Filling up the DagBag from /home/airflow/.local/lib/python3.8/site-packages/airflow/example_dags/example_python_decorator.py
[2024-06-04T08:01:05.821+0000] {processor.py:840} INFO - DAG(s) 'example_python_decorator' retrieved from /home/airflow/.local/lib/python3.8/site-packages/airflow/example_dags/example_python_decorator.py
[2024-06-04T08:01:05.844+0000] {logging_mixin.py:188} INFO - [2024-06-04T08:01:05.843+0000] {dag.py:3047} INFO - Sync 1 DAGs
[2024-06-04T08:01:05.856+0000] {logging_mixin.py:188} INFO - [2024-06-04T08:01:05.856+0000] {dag.py:3834} INFO - Setting next_dagrun for example_python_decorator to None, run_after=None
[2024-06-04T08:01:05.874+0000] {processor.py:183} INFO - Processing /home/airflow/.local/lib/python3.8/site-packages/airflow/example_dags/example_python_decorator.py took 0.073 seconds
[2024-06-04T08:01:36.481+0000] {processor.py:161} INFO - Started process (PID=1348) to work on /home/airflow/.local/lib/python3.8/site-packages/airflow/example_dags/example_python_decorator.py
[2024-06-04T08:01:36.482+0000] {processor.py:830} INFO - Processing file /home/airflow/.local/lib/python3.8/site-packages/airflow/example_dags/example_python_decorator.py for tasks to queue
[2024-06-04T08:01:36.484+0000] {logging_mixin.py:188} INFO - [2024-06-04T08:01:36.484+0000] {dagbag.py:540} INFO - Filling up the DagBag from /home/airflow/.local/lib/python3.8/site-packages/airflow/example_dags/example_python_decorator.py
[2024-06-04T08:01:36.497+0000] {processor.py:840} INFO - DAG(s) 'example_python_decorator' retrieved from /home/airflow/.local/lib/python3.8/site-packages/airflow/example_dags/example_python_decorator.py
[2024-06-04T08:01:36.526+0000] {logging_mixin.py:188} INFO - [2024-06-04T08:01:36.525+0000] {dag.py:3047} INFO - Sync 1 DAGs
[2024-06-04T08:01:36.542+0000] {logging_mixin.py:188} INFO - [2024-06-04T08:01:36.542+0000] {dag.py:3834} INFO - Setting next_dagrun for example_python_decorator to None, run_after=None
[2024-06-04T08:01:36.563+0000] {processor.py:183} INFO - Processing /home/airflow/.local/lib/python3.8/site-packages/airflow/example_dags/example_python_decorator.py took 0.086 seconds
[2024-06-04T08:02:07.309+0000] {processor.py:161} INFO - Started process (PID=1406) to work on /home/airflow/.local/lib/python3.8/site-packages/airflow/example_dags/example_python_decorator.py
[2024-06-04T08:02:07.310+0000] {processor.py:830} INFO - Processing file /home/airflow/.local/lib/python3.8/site-packages/airflow/example_dags/example_python_decorator.py for tasks to queue
[2024-06-04T08:02:07.313+0000] {logging_mixin.py:188} INFO - [2024-06-04T08:02:07.312+0000] {dagbag.py:540} INFO - Filling up the DagBag from /home/airflow/.local/lib/python3.8/site-packages/airflow/example_dags/example_python_decorator.py
[2024-06-04T08:02:07.330+0000] {processor.py:840} INFO - DAG(s) 'example_python_decorator' retrieved from /home/airflow/.local/lib/python3.8/site-packages/airflow/example_dags/example_python_decorator.py
[2024-06-04T08:02:07.357+0000] {logging_mixin.py:188} INFO - [2024-06-04T08:02:07.357+0000] {dag.py:3047} INFO - Sync 1 DAGs
[2024-06-04T08:02:07.376+0000] {logging_mixin.py:188} INFO - [2024-06-04T08:02:07.375+0000] {dag.py:3834} INFO - Setting next_dagrun for example_python_decorator to None, run_after=None
[2024-06-04T08:02:07.399+0000] {processor.py:183} INFO - Processing /home/airflow/.local/lib/python3.8/site-packages/airflow/example_dags/example_python_decorator.py took 0.094 seconds
[2024-06-04T08:02:37.491+0000] {processor.py:161} INFO - Started process (PID=1463) to work on /home/airflow/.local/lib/python3.8/site-packages/airflow/example_dags/example_python_decorator.py
[2024-06-04T08:02:37.492+0000] {processor.py:830} INFO - Processing file /home/airflow/.local/lib/python3.8/site-packages/airflow/example_dags/example_python_decorator.py for tasks to queue
[2024-06-04T08:02:37.494+0000] {logging_mixin.py:188} INFO - [2024-06-04T08:02:37.493+0000] {dagbag.py:540} INFO - Filling up the DagBag from /home/airflow/.local/lib/python3.8/site-packages/airflow/example_dags/example_python_decorator.py
[2024-06-04T08:02:37.509+0000] {processor.py:840} INFO - DAG(s) 'example_python_decorator' retrieved from /home/airflow/.local/lib/python3.8/site-packages/airflow/example_dags/example_python_decorator.py
[2024-06-04T08:02:37.537+0000] {logging_mixin.py:188} INFO - [2024-06-04T08:02:37.536+0000] {dag.py:3047} INFO - Sync 1 DAGs
[2024-06-04T08:02:37.550+0000] {logging_mixin.py:188} INFO - [2024-06-04T08:02:37.550+0000] {dag.py:3834} INFO - Setting next_dagrun for example_python_decorator to None, run_after=None
[2024-06-04T08:02:37.572+0000] {processor.py:183} INFO - Processing /home/airflow/.local/lib/python3.8/site-packages/airflow/example_dags/example_python_decorator.py took 0.085 seconds
[2024-06-04T08:03:07.652+0000] {processor.py:161} INFO - Started process (PID=1521) to work on /home/airflow/.local/lib/python3.8/site-packages/airflow/example_dags/example_python_decorator.py
[2024-06-04T08:03:07.653+0000] {processor.py:830} INFO - Processing file /home/airflow/.local/lib/python3.8/site-packages/airflow/example_dags/example_python_decorator.py for tasks to queue
[2024-06-04T08:03:07.655+0000] {logging_mixin.py:188} INFO - [2024-06-04T08:03:07.655+0000] {dagbag.py:540} INFO - Filling up the DagBag from /home/airflow/.local/lib/python3.8/site-packages/airflow/example_dags/example_python_decorator.py
[2024-06-04T08:03:07.670+0000] {processor.py:840} INFO - DAG(s) 'example_python_decorator' retrieved from /home/airflow/.local/lib/python3.8/site-packages/airflow/example_dags/example_python_decorator.py
[2024-06-04T08:03:07.696+0000] {logging_mixin.py:188} INFO - [2024-06-04T08:03:07.695+0000] {dag.py:3047} INFO - Sync 1 DAGs
[2024-06-04T08:03:07.709+0000] {logging_mixin.py:188} INFO - [2024-06-04T08:03:07.709+0000] {dag.py:3834} INFO - Setting next_dagrun for example_python_decorator to None, run_after=None
[2024-06-04T08:03:07.728+0000] {processor.py:183} INFO - Processing /home/airflow/.local/lib/python3.8/site-packages/airflow/example_dags/example_python_decorator.py took 0.079 seconds
[2024-06-04T08:03:37.982+0000] {processor.py:161} INFO - Started process (PID=1579) to work on /home/airflow/.local/lib/python3.8/site-packages/airflow/example_dags/example_python_decorator.py
[2024-06-04T08:03:37.984+0000] {processor.py:830} INFO - Processing file /home/airflow/.local/lib/python3.8/site-packages/airflow/example_dags/example_python_decorator.py for tasks to queue
[2024-06-04T08:03:37.986+0000] {logging_mixin.py:188} INFO - [2024-06-04T08:03:37.985+0000] {dagbag.py:540} INFO - Filling up the DagBag from /home/airflow/.local/lib/python3.8/site-packages/airflow/example_dags/example_python_decorator.py
[2024-06-04T08:03:38.000+0000] {processor.py:840} INFO - DAG(s) 'example_python_decorator' retrieved from /home/airflow/.local/lib/python3.8/site-packages/airflow/example_dags/example_python_decorator.py
[2024-06-04T08:03:38.025+0000] {logging_mixin.py:188} INFO - [2024-06-04T08:03:38.025+0000] {dag.py:3047} INFO - Sync 1 DAGs
[2024-06-04T08:03:38.039+0000] {logging_mixin.py:188} INFO - [2024-06-04T08:03:38.039+0000] {dag.py:3834} INFO - Setting next_dagrun for example_python_decorator to None, run_after=None
[2024-06-04T08:03:38.058+0000] {processor.py:183} INFO - Processing /home/airflow/.local/lib/python3.8/site-packages/airflow/example_dags/example_python_decorator.py took 0.079 seconds
[2024-06-04T08:04:08.505+0000] {processor.py:161} INFO - Started process (PID=1637) to work on /home/airflow/.local/lib/python3.8/site-packages/airflow/example_dags/example_python_decorator.py
[2024-06-04T08:04:08.507+0000] {processor.py:830} INFO - Processing file /home/airflow/.local/lib/python3.8/site-packages/airflow/example_dags/example_python_decorator.py for tasks to queue
[2024-06-04T08:04:08.508+0000] {logging_mixin.py:188} INFO - [2024-06-04T08:04:08.508+0000] {dagbag.py:540} INFO - Filling up the DagBag from /home/airflow/.local/lib/python3.8/site-packages/airflow/example_dags/example_python_decorator.py
[2024-06-04T08:04:08.522+0000] {processor.py:840} INFO - DAG(s) 'example_python_decorator' retrieved from /home/airflow/.local/lib/python3.8/site-packages/airflow/example_dags/example_python_decorator.py
[2024-06-04T08:04:08.548+0000] {logging_mixin.py:188} INFO - [2024-06-04T08:04:08.547+0000] {dag.py:3047} INFO - Sync 1 DAGs
[2024-06-04T08:04:08.560+0000] {logging_mixin.py:188} INFO - [2024-06-04T08:04:08.560+0000] {dag.py:3834} INFO - Setting next_dagrun for example_python_decorator to None, run_after=None
[2024-06-04T08:04:08.584+0000] {processor.py:183} INFO - Processing /home/airflow/.local/lib/python3.8/site-packages/airflow/example_dags/example_python_decorator.py took 0.082 seconds
[2024-06-04T08:04:38.789+0000] {processor.py:161} INFO - Started process (PID=1695) to work on /home/airflow/.local/lib/python3.8/site-packages/airflow/example_dags/example_python_decorator.py
[2024-06-04T08:04:38.791+0000] {processor.py:830} INFO - Processing file /home/airflow/.local/lib/python3.8/site-packages/airflow/example_dags/example_python_decorator.py for tasks to queue
[2024-06-04T08:04:38.792+0000] {logging_mixin.py:188} INFO - [2024-06-04T08:04:38.792+0000] {dagbag.py:540} INFO - Filling up the DagBag from /home/airflow/.local/lib/python3.8/site-packages/airflow/example_dags/example_python_decorator.py
[2024-06-04T08:04:38.808+0000] {processor.py:840} INFO - DAG(s) 'example_python_decorator' retrieved from /home/airflow/.local/lib/python3.8/site-packages/airflow/example_dags/example_python_decorator.py
[2024-06-04T08:04:38.835+0000] {logging_mixin.py:188} INFO - [2024-06-04T08:04:38.835+0000] {dag.py:3047} INFO - Sync 1 DAGs
[2024-06-04T08:04:38.850+0000] {logging_mixin.py:188} INFO - [2024-06-04T08:04:38.849+0000] {dag.py:3834} INFO - Setting next_dagrun for example_python_decorator to None, run_after=None
[2024-06-04T08:04:38.869+0000] {processor.py:183} INFO - Processing /home/airflow/.local/lib/python3.8/site-packages/airflow/example_dags/example_python_decorator.py took 0.083 seconds
[2024-06-04T08:05:09.313+0000] {processor.py:161} INFO - Started process (PID=1753) to work on /home/airflow/.local/lib/python3.8/site-packages/airflow/example_dags/example_python_decorator.py
[2024-06-04T08:05:09.314+0000] {processor.py:830} INFO - Processing file /home/airflow/.local/lib/python3.8/site-packages/airflow/example_dags/example_python_decorator.py for tasks to queue
[2024-06-04T08:05:09.316+0000] {logging_mixin.py:188} INFO - [2024-06-04T08:05:09.315+0000] {dagbag.py:540} INFO - Filling up the DagBag from /home/airflow/.local/lib/python3.8/site-packages/airflow/example_dags/example_python_decorator.py
[2024-06-04T08:05:09.331+0000] {processor.py:840} INFO - DAG(s) 'example_python_decorator' retrieved from /home/airflow/.local/lib/python3.8/site-packages/airflow/example_dags/example_python_decorator.py
[2024-06-04T08:05:09.361+0000] {logging_mixin.py:188} INFO - [2024-06-04T08:05:09.361+0000] {dag.py:3047} INFO - Sync 1 DAGs
[2024-06-04T08:05:09.378+0000] {logging_mixin.py:188} INFO - [2024-06-04T08:05:09.377+0000] {dag.py:3834} INFO - Setting next_dagrun for example_python_decorator to None, run_after=None
[2024-06-04T08:05:09.398+0000] {processor.py:183} INFO - Processing /home/airflow/.local/lib/python3.8/site-packages/airflow/example_dags/example_python_decorator.py took 0.089 seconds
[2024-06-04T08:05:39.623+0000] {processor.py:161} INFO - Started process (PID=1811) to work on /home/airflow/.local/lib/python3.8/site-packages/airflow/example_dags/example_python_decorator.py
[2024-06-04T08:05:39.624+0000] {processor.py:830} INFO - Processing file /home/airflow/.local/lib/python3.8/site-packages/airflow/example_dags/example_python_decorator.py for tasks to queue
[2024-06-04T08:05:39.626+0000] {logging_mixin.py:188} INFO - [2024-06-04T08:05:39.626+0000] {dagbag.py:540} INFO - Filling up the DagBag from /home/airflow/.local/lib/python3.8/site-packages/airflow/example_dags/example_python_decorator.py
[2024-06-04T08:05:39.640+0000] {processor.py:840} INFO - DAG(s) 'example_python_decorator' retrieved from /home/airflow/.local/lib/python3.8/site-packages/airflow/example_dags/example_python_decorator.py
[2024-06-04T08:05:39.665+0000] {logging_mixin.py:188} INFO - [2024-06-04T08:05:39.665+0000] {dag.py:3047} INFO - Sync 1 DAGs
[2024-06-04T08:05:39.678+0000] {logging_mixin.py:188} INFO - [2024-06-04T08:05:39.677+0000] {dag.py:3834} INFO - Setting next_dagrun for example_python_decorator to None, run_after=None
[2024-06-04T08:05:39.698+0000] {processor.py:183} INFO - Processing /home/airflow/.local/lib/python3.8/site-packages/airflow/example_dags/example_python_decorator.py took 0.079 seconds
[2024-06-04T08:06:10.526+0000] {processor.py:161} INFO - Started process (PID=1869) to work on /home/airflow/.local/lib/python3.8/site-packages/airflow/example_dags/example_python_decorator.py
[2024-06-04T08:06:10.527+0000] {processor.py:830} INFO - Processing file /home/airflow/.local/lib/python3.8/site-packages/airflow/example_dags/example_python_decorator.py for tasks to queue
[2024-06-04T08:06:10.529+0000] {logging_mixin.py:188} INFO - [2024-06-04T08:06:10.529+0000] {dagbag.py:540} INFO - Filling up the DagBag from /home/airflow/.local/lib/python3.8/site-packages/airflow/example_dags/example_python_decorator.py
[2024-06-04T08:06:10.545+0000] {processor.py:840} INFO - DAG(s) 'example_python_decorator' retrieved from /home/airflow/.local/lib/python3.8/site-packages/airflow/example_dags/example_python_decorator.py
[2024-06-04T08:06:10.573+0000] {logging_mixin.py:188} INFO - [2024-06-04T08:06:10.573+0000] {dag.py:3047} INFO - Sync 1 DAGs
[2024-06-04T08:06:10.587+0000] {logging_mixin.py:188} INFO - [2024-06-04T08:06:10.586+0000] {dag.py:3834} INFO - Setting next_dagrun for example_python_decorator to None, run_after=None
[2024-06-04T08:06:10.616+0000] {processor.py:183} INFO - Processing /home/airflow/.local/lib/python3.8/site-packages/airflow/example_dags/example_python_decorator.py took 0.095 seconds
[2024-06-04T08:06:41.096+0000] {processor.py:161} INFO - Started process (PID=1927) to work on /home/airflow/.local/lib/python3.8/site-packages/airflow/example_dags/example_python_decorator.py
[2024-06-04T08:06:41.102+0000] {processor.py:830} INFO - Processing file /home/airflow/.local/lib/python3.8/site-packages/airflow/example_dags/example_python_decorator.py for tasks to queue
[2024-06-04T08:06:41.107+0000] {logging_mixin.py:188} INFO - [2024-06-04T08:06:41.106+0000] {dagbag.py:540} INFO - Filling up the DagBag from /home/airflow/.local/lib/python3.8/site-packages/airflow/example_dags/example_python_decorator.py
[2024-06-04T08:06:41.126+0000] {processor.py:840} INFO - DAG(s) 'example_python_decorator' retrieved from /home/airflow/.local/lib/python3.8/site-packages/airflow/example_dags/example_python_decorator.py
[2024-06-04T08:06:41.166+0000] {logging_mixin.py:188} INFO - [2024-06-04T08:06:41.166+0000] {dag.py:3047} INFO - Sync 1 DAGs
[2024-06-04T08:06:41.213+0000] {logging_mixin.py:188} INFO - [2024-06-04T08:06:41.213+0000] {dag.py:3834} INFO - Setting next_dagrun for example_python_decorator to None, run_after=None
[2024-06-04T08:06:41.240+0000] {processor.py:183} INFO - Processing /home/airflow/.local/lib/python3.8/site-packages/airflow/example_dags/example_python_decorator.py took 0.148 seconds
[2024-06-04T08:07:11.762+0000] {processor.py:161} INFO - Started process (PID=1985) to work on /home/airflow/.local/lib/python3.8/site-packages/airflow/example_dags/example_python_decorator.py
[2024-06-04T08:07:11.763+0000] {processor.py:830} INFO - Processing file /home/airflow/.local/lib/python3.8/site-packages/airflow/example_dags/example_python_decorator.py for tasks to queue
[2024-06-04T08:07:11.766+0000] {logging_mixin.py:188} INFO - [2024-06-04T08:07:11.765+0000] {dagbag.py:540} INFO - Filling up the DagBag from /home/airflow/.local/lib/python3.8/site-packages/airflow/example_dags/example_python_decorator.py
[2024-06-04T08:07:11.782+0000] {processor.py:840} INFO - DAG(s) 'example_python_decorator' retrieved from /home/airflow/.local/lib/python3.8/site-packages/airflow/example_dags/example_python_decorator.py
[2024-06-04T08:07:11.814+0000] {logging_mixin.py:188} INFO - [2024-06-04T08:07:11.813+0000] {dag.py:3047} INFO - Sync 1 DAGs
[2024-06-04T08:07:11.837+0000] {logging_mixin.py:188} INFO - [2024-06-04T08:07:11.836+0000] {dag.py:3834} INFO - Setting next_dagrun for example_python_decorator to None, run_after=None
[2024-06-04T08:07:11.869+0000] {processor.py:183} INFO - Processing /home/airflow/.local/lib/python3.8/site-packages/airflow/example_dags/example_python_decorator.py took 0.112 seconds
[2024-06-04T08:07:42.257+0000] {processor.py:161} INFO - Started process (PID=2043) to work on /home/airflow/.local/lib/python3.8/site-packages/airflow/example_dags/example_python_decorator.py
[2024-06-04T08:07:42.259+0000] {processor.py:830} INFO - Processing file /home/airflow/.local/lib/python3.8/site-packages/airflow/example_dags/example_python_decorator.py for tasks to queue
[2024-06-04T08:07:42.261+0000] {logging_mixin.py:188} INFO - [2024-06-04T08:07:42.260+0000] {dagbag.py:540} INFO - Filling up the DagBag from /home/airflow/.local/lib/python3.8/site-packages/airflow/example_dags/example_python_decorator.py
[2024-06-04T08:07:42.277+0000] {processor.py:840} INFO - DAG(s) 'example_python_decorator' retrieved from /home/airflow/.local/lib/python3.8/site-packages/airflow/example_dags/example_python_decorator.py
[2024-06-04T08:07:42.311+0000] {logging_mixin.py:188} INFO - [2024-06-04T08:07:42.310+0000] {dag.py:3047} INFO - Sync 1 DAGs
[2024-06-04T08:07:42.614+0000] {logging_mixin.py:188} INFO - [2024-06-04T08:07:42.613+0000] {dag.py:3834} INFO - Setting next_dagrun for example_python_decorator to None, run_after=None
[2024-06-04T08:07:42.642+0000] {processor.py:183} INFO - Processing /home/airflow/.local/lib/python3.8/site-packages/airflow/example_dags/example_python_decorator.py took 0.389 seconds
[2024-06-04T08:08:13.465+0000] {processor.py:161} INFO - Started process (PID=2101) to work on /home/airflow/.local/lib/python3.8/site-packages/airflow/example_dags/example_python_decorator.py
[2024-06-04T08:08:13.467+0000] {processor.py:830} INFO - Processing file /home/airflow/.local/lib/python3.8/site-packages/airflow/example_dags/example_python_decorator.py for tasks to queue
[2024-06-04T08:08:13.469+0000] {logging_mixin.py:188} INFO - [2024-06-04T08:08:13.469+0000] {dagbag.py:540} INFO - Filling up the DagBag from /home/airflow/.local/lib/python3.8/site-packages/airflow/example_dags/example_python_decorator.py
[2024-06-04T08:08:13.483+0000] {processor.py:840} INFO - DAG(s) 'example_python_decorator' retrieved from /home/airflow/.local/lib/python3.8/site-packages/airflow/example_dags/example_python_decorator.py
[2024-06-04T08:08:13.518+0000] {logging_mixin.py:188} INFO - [2024-06-04T08:08:13.518+0000] {dag.py:3047} INFO - Sync 1 DAGs
[2024-06-04T08:08:13.535+0000] {logging_mixin.py:188} INFO - [2024-06-04T08:08:13.535+0000] {dag.py:3834} INFO - Setting next_dagrun for example_python_decorator to None, run_after=None
[2024-06-04T08:08:13.560+0000] {processor.py:183} INFO - Processing /home/airflow/.local/lib/python3.8/site-packages/airflow/example_dags/example_python_decorator.py took 0.098 seconds
[2024-06-04T08:08:44.580+0000] {processor.py:161} INFO - Started process (PID=2158) to work on /home/airflow/.local/lib/python3.8/site-packages/airflow/example_dags/example_python_decorator.py
[2024-06-04T08:08:44.581+0000] {processor.py:830} INFO - Processing file /home/airflow/.local/lib/python3.8/site-packages/airflow/example_dags/example_python_decorator.py for tasks to queue
[2024-06-04T08:08:44.583+0000] {logging_mixin.py:188} INFO - [2024-06-04T08:08:44.583+0000] {dagbag.py:540} INFO - Filling up the DagBag from /home/airflow/.local/lib/python3.8/site-packages/airflow/example_dags/example_python_decorator.py
[2024-06-04T08:08:44.599+0000] {processor.py:840} INFO - DAG(s) 'example_python_decorator' retrieved from /home/airflow/.local/lib/python3.8/site-packages/airflow/example_dags/example_python_decorator.py
[2024-06-04T08:08:44.625+0000] {logging_mixin.py:188} INFO - [2024-06-04T08:08:44.624+0000] {dag.py:3047} INFO - Sync 1 DAGs
[2024-06-04T08:08:44.638+0000] {logging_mixin.py:188} INFO - [2024-06-04T08:08:44.638+0000] {dag.py:3834} INFO - Setting next_dagrun for example_python_decorator to None, run_after=None
[2024-06-04T08:08:44.660+0000] {processor.py:183} INFO - Processing /home/airflow/.local/lib/python3.8/site-packages/airflow/example_dags/example_python_decorator.py took 0.084 seconds
[2024-06-04T08:09:14.990+0000] {processor.py:161} INFO - Started process (PID=2216) to work on /home/airflow/.local/lib/python3.8/site-packages/airflow/example_dags/example_python_decorator.py
[2024-06-04T08:09:14.992+0000] {processor.py:830} INFO - Processing file /home/airflow/.local/lib/python3.8/site-packages/airflow/example_dags/example_python_decorator.py for tasks to queue
[2024-06-04T08:09:14.994+0000] {logging_mixin.py:188} INFO - [2024-06-04T08:09:14.993+0000] {dagbag.py:540} INFO - Filling up the DagBag from /home/airflow/.local/lib/python3.8/site-packages/airflow/example_dags/example_python_decorator.py
[2024-06-04T08:09:15.011+0000] {processor.py:840} INFO - DAG(s) 'example_python_decorator' retrieved from /home/airflow/.local/lib/python3.8/site-packages/airflow/example_dags/example_python_decorator.py
[2024-06-04T08:09:15.044+0000] {logging_mixin.py:188} INFO - [2024-06-04T08:09:15.043+0000] {dag.py:3047} INFO - Sync 1 DAGs
[2024-06-04T08:09:15.061+0000] {logging_mixin.py:188} INFO - [2024-06-04T08:09:15.061+0000] {dag.py:3834} INFO - Setting next_dagrun for example_python_decorator to None, run_after=None
[2024-06-04T08:09:15.082+0000] {processor.py:183} INFO - Processing /home/airflow/.local/lib/python3.8/site-packages/airflow/example_dags/example_python_decorator.py took 0.096 seconds
[2024-06-04T08:09:45.724+0000] {processor.py:161} INFO - Started process (PID=2274) to work on /home/airflow/.local/lib/python3.8/site-packages/airflow/example_dags/example_python_decorator.py
[2024-06-04T08:09:45.726+0000] {processor.py:830} INFO - Processing file /home/airflow/.local/lib/python3.8/site-packages/airflow/example_dags/example_python_decorator.py for tasks to queue
[2024-06-04T08:09:45.728+0000] {logging_mixin.py:188} INFO - [2024-06-04T08:09:45.728+0000] {dagbag.py:540} INFO - Filling up the DagBag from /home/airflow/.local/lib/python3.8/site-packages/airflow/example_dags/example_python_decorator.py
[2024-06-04T08:09:45.746+0000] {processor.py:840} INFO - DAG(s) 'example_python_decorator' retrieved from /home/airflow/.local/lib/python3.8/site-packages/airflow/example_dags/example_python_decorator.py
[2024-06-04T08:09:45.771+0000] {logging_mixin.py:188} INFO - [2024-06-04T08:09:45.771+0000] {dag.py:3047} INFO - Sync 1 DAGs
[2024-06-04T08:09:45.783+0000] {logging_mixin.py:188} INFO - [2024-06-04T08:09:45.783+0000] {dag.py:3834} INFO - Setting next_dagrun for example_python_decorator to None, run_after=None
[2024-06-04T08:09:45.813+0000] {processor.py:183} INFO - Processing /home/airflow/.local/lib/python3.8/site-packages/airflow/example_dags/example_python_decorator.py took 0.093 seconds
[2024-06-04T08:10:16.184+0000] {processor.py:161} INFO - Started process (PID=2332) to work on /home/airflow/.local/lib/python3.8/site-packages/airflow/example_dags/example_python_decorator.py
[2024-06-04T08:10:16.186+0000] {processor.py:830} INFO - Processing file /home/airflow/.local/lib/python3.8/site-packages/airflow/example_dags/example_python_decorator.py for tasks to queue
[2024-06-04T08:10:16.187+0000] {logging_mixin.py:188} INFO - [2024-06-04T08:10:16.187+0000] {dagbag.py:540} INFO - Filling up the DagBag from /home/airflow/.local/lib/python3.8/site-packages/airflow/example_dags/example_python_decorator.py
[2024-06-04T08:10:16.202+0000] {processor.py:840} INFO - DAG(s) 'example_python_decorator' retrieved from /home/airflow/.local/lib/python3.8/site-packages/airflow/example_dags/example_python_decorator.py
[2024-06-04T08:10:16.227+0000] {logging_mixin.py:188} INFO - [2024-06-04T08:10:16.227+0000] {dag.py:3047} INFO - Sync 1 DAGs
[2024-06-04T08:10:16.241+0000] {logging_mixin.py:188} INFO - [2024-06-04T08:10:16.241+0000] {dag.py:3834} INFO - Setting next_dagrun for example_python_decorator to None, run_after=None
[2024-06-04T08:10:16.264+0000] {processor.py:183} INFO - Processing /home/airflow/.local/lib/python3.8/site-packages/airflow/example_dags/example_python_decorator.py took 0.083 seconds
[2024-06-04T08:10:46.681+0000] {processor.py:161} INFO - Started process (PID=2390) to work on /home/airflow/.local/lib/python3.8/site-packages/airflow/example_dags/example_python_decorator.py
[2024-06-04T08:10:46.682+0000] {processor.py:830} INFO - Processing file /home/airflow/.local/lib/python3.8/site-packages/airflow/example_dags/example_python_decorator.py for tasks to queue
[2024-06-04T08:10:46.684+0000] {logging_mixin.py:188} INFO - [2024-06-04T08:10:46.684+0000] {dagbag.py:540} INFO - Filling up the DagBag from /home/airflow/.local/lib/python3.8/site-packages/airflow/example_dags/example_python_decorator.py
[2024-06-04T08:10:46.699+0000] {processor.py:840} INFO - DAG(s) 'example_python_decorator' retrieved from /home/airflow/.local/lib/python3.8/site-packages/airflow/example_dags/example_python_decorator.py
[2024-06-04T08:10:46.729+0000] {logging_mixin.py:188} INFO - [2024-06-04T08:10:46.729+0000] {dag.py:3047} INFO - Sync 1 DAGs
[2024-06-04T08:10:46.745+0000] {logging_mixin.py:188} INFO - [2024-06-04T08:10:46.745+0000] {dag.py:3834} INFO - Setting next_dagrun for example_python_decorator to None, run_after=None
[2024-06-04T08:10:46.770+0000] {processor.py:183} INFO - Processing /home/airflow/.local/lib/python3.8/site-packages/airflow/example_dags/example_python_decorator.py took 0.092 seconds
[2024-06-04T08:11:17.507+0000] {processor.py:161} INFO - Started process (PID=2448) to work on /home/airflow/.local/lib/python3.8/site-packages/airflow/example_dags/example_python_decorator.py
[2024-06-04T08:11:17.508+0000] {processor.py:830} INFO - Processing file /home/airflow/.local/lib/python3.8/site-packages/airflow/example_dags/example_python_decorator.py for tasks to queue
[2024-06-04T08:11:17.511+0000] {logging_mixin.py:188} INFO - [2024-06-04T08:11:17.510+0000] {dagbag.py:540} INFO - Filling up the DagBag from /home/airflow/.local/lib/python3.8/site-packages/airflow/example_dags/example_python_decorator.py
[2024-06-04T08:11:17.530+0000] {processor.py:840} INFO - DAG(s) 'example_python_decorator' retrieved from /home/airflow/.local/lib/python3.8/site-packages/airflow/example_dags/example_python_decorator.py
[2024-06-04T08:11:17.560+0000] {logging_mixin.py:188} INFO - [2024-06-04T08:11:17.560+0000] {dag.py:3047} INFO - Sync 1 DAGs
[2024-06-04T08:11:17.604+0000] {logging_mixin.py:188} INFO - [2024-06-04T08:11:17.603+0000] {dag.py:3834} INFO - Setting next_dagrun for example_python_decorator to None, run_after=None
[2024-06-04T08:11:17.627+0000] {processor.py:183} INFO - Processing /home/airflow/.local/lib/python3.8/site-packages/airflow/example_dags/example_python_decorator.py took 0.125 seconds
[2024-06-04T08:11:47.805+0000] {processor.py:161} INFO - Started process (PID=2507) to work on /home/airflow/.local/lib/python3.8/site-packages/airflow/example_dags/example_python_decorator.py
[2024-06-04T08:11:47.808+0000] {processor.py:830} INFO - Processing file /home/airflow/.local/lib/python3.8/site-packages/airflow/example_dags/example_python_decorator.py for tasks to queue
[2024-06-04T08:11:47.810+0000] {logging_mixin.py:188} INFO - [2024-06-04T08:11:47.810+0000] {dagbag.py:540} INFO - Filling up the DagBag from /home/airflow/.local/lib/python3.8/site-packages/airflow/example_dags/example_python_decorator.py
[2024-06-04T08:11:47.827+0000] {processor.py:840} INFO - DAG(s) 'example_python_decorator' retrieved from /home/airflow/.local/lib/python3.8/site-packages/airflow/example_dags/example_python_decorator.py
[2024-06-04T08:11:47.853+0000] {logging_mixin.py:188} INFO - [2024-06-04T08:11:47.852+0000] {dag.py:3047} INFO - Sync 1 DAGs
[2024-06-04T08:11:47.867+0000] {logging_mixin.py:188} INFO - [2024-06-04T08:11:47.866+0000] {dag.py:3834} INFO - Setting next_dagrun for example_python_decorator to None, run_after=None
[2024-06-04T08:11:47.885+0000] {processor.py:183} INFO - Processing /home/airflow/.local/lib/python3.8/site-packages/airflow/example_dags/example_python_decorator.py took 0.084 seconds
[2024-06-04T08:12:18.893+0000] {processor.py:161} INFO - Started process (PID=2567) to work on /home/airflow/.local/lib/python3.8/site-packages/airflow/example_dags/example_python_decorator.py
[2024-06-04T08:12:18.894+0000] {processor.py:830} INFO - Processing file /home/airflow/.local/lib/python3.8/site-packages/airflow/example_dags/example_python_decorator.py for tasks to queue
[2024-06-04T08:12:18.900+0000] {logging_mixin.py:188} INFO - [2024-06-04T08:12:18.900+0000] {dagbag.py:540} INFO - Filling up the DagBag from /home/airflow/.local/lib/python3.8/site-packages/airflow/example_dags/example_python_decorator.py
[2024-06-04T08:12:18.918+0000] {processor.py:840} INFO - DAG(s) 'example_python_decorator' retrieved from /home/airflow/.local/lib/python3.8/site-packages/airflow/example_dags/example_python_decorator.py
[2024-06-04T08:12:18.950+0000] {logging_mixin.py:188} INFO - [2024-06-04T08:12:18.949+0000] {dag.py:3047} INFO - Sync 1 DAGs
[2024-06-04T08:12:18.964+0000] {logging_mixin.py:188} INFO - [2024-06-04T08:12:18.964+0000] {dag.py:3834} INFO - Setting next_dagrun for example_python_decorator to None, run_after=None
[2024-06-04T08:12:18.986+0000] {processor.py:183} INFO - Processing /home/airflow/.local/lib/python3.8/site-packages/airflow/example_dags/example_python_decorator.py took 0.098 seconds
[2024-06-04T08:12:49.254+0000] {processor.py:161} INFO - Started process (PID=2626) to work on /home/airflow/.local/lib/python3.8/site-packages/airflow/example_dags/example_python_decorator.py
[2024-06-04T08:12:49.255+0000] {processor.py:830} INFO - Processing file /home/airflow/.local/lib/python3.8/site-packages/airflow/example_dags/example_python_decorator.py for tasks to queue
[2024-06-04T08:12:49.257+0000] {logging_mixin.py:188} INFO - [2024-06-04T08:12:49.257+0000] {dagbag.py:540} INFO - Filling up the DagBag from /home/airflow/.local/lib/python3.8/site-packages/airflow/example_dags/example_python_decorator.py
[2024-06-04T08:12:49.315+0000] {processor.py:840} INFO - DAG(s) 'example_python_decorator' retrieved from /home/airflow/.local/lib/python3.8/site-packages/airflow/example_dags/example_python_decorator.py
[2024-06-04T08:12:49.347+0000] {logging_mixin.py:188} INFO - [2024-06-04T08:12:49.346+0000] {dag.py:3047} INFO - Sync 1 DAGs
[2024-06-04T08:12:49.408+0000] {logging_mixin.py:188} INFO - [2024-06-04T08:12:49.408+0000] {dag.py:3834} INFO - Setting next_dagrun for example_python_decorator to None, run_after=None
[2024-06-04T08:12:49.436+0000] {processor.py:183} INFO - Processing /home/airflow/.local/lib/python3.8/site-packages/airflow/example_dags/example_python_decorator.py took 0.188 seconds
[2024-06-04T08:13:19.596+0000] {processor.py:161} INFO - Started process (PID=2684) to work on /home/airflow/.local/lib/python3.8/site-packages/airflow/example_dags/example_python_decorator.py
[2024-06-04T08:13:19.598+0000] {processor.py:830} INFO - Processing file /home/airflow/.local/lib/python3.8/site-packages/airflow/example_dags/example_python_decorator.py for tasks to queue
[2024-06-04T08:13:19.600+0000] {logging_mixin.py:188} INFO - [2024-06-04T08:13:19.600+0000] {dagbag.py:540} INFO - Filling up the DagBag from /home/airflow/.local/lib/python3.8/site-packages/airflow/example_dags/example_python_decorator.py
[2024-06-04T08:13:19.622+0000] {processor.py:840} INFO - DAG(s) 'example_python_decorator' retrieved from /home/airflow/.local/lib/python3.8/site-packages/airflow/example_dags/example_python_decorator.py
[2024-06-04T08:13:19.659+0000] {logging_mixin.py:188} INFO - [2024-06-04T08:13:19.658+0000] {dag.py:3047} INFO - Sync 1 DAGs
[2024-06-04T08:13:19.678+0000] {logging_mixin.py:188} INFO - [2024-06-04T08:13:19.677+0000] {dag.py:3834} INFO - Setting next_dagrun for example_python_decorator to None, run_after=None
[2024-06-04T08:13:19.708+0000] {processor.py:183} INFO - Processing /home/airflow/.local/lib/python3.8/site-packages/airflow/example_dags/example_python_decorator.py took 0.116 seconds
[2024-06-04T08:13:50.519+0000] {processor.py:161} INFO - Started process (PID=2743) to work on /home/airflow/.local/lib/python3.8/site-packages/airflow/example_dags/example_python_decorator.py
[2024-06-04T08:13:50.521+0000] {processor.py:830} INFO - Processing file /home/airflow/.local/lib/python3.8/site-packages/airflow/example_dags/example_python_decorator.py for tasks to queue
[2024-06-04T08:13:50.523+0000] {logging_mixin.py:188} INFO - [2024-06-04T08:13:50.523+0000] {dagbag.py:540} INFO - Filling up the DagBag from /home/airflow/.local/lib/python3.8/site-packages/airflow/example_dags/example_python_decorator.py
[2024-06-04T08:13:50.543+0000] {processor.py:840} INFO - DAG(s) 'example_python_decorator' retrieved from /home/airflow/.local/lib/python3.8/site-packages/airflow/example_dags/example_python_decorator.py
[2024-06-04T08:13:50.563+0000] {logging_mixin.py:188} INFO - [2024-06-04T08:13:50.562+0000] {dag.py:3047} INFO - Sync 1 DAGs
[2024-06-04T08:13:50.619+0000] {logging_mixin.py:188} INFO - [2024-06-04T08:13:50.618+0000] {dag.py:3834} INFO - Setting next_dagrun for example_python_decorator to None, run_after=None
[2024-06-04T08:13:50.654+0000] {processor.py:183} INFO - Processing /home/airflow/.local/lib/python3.8/site-packages/airflow/example_dags/example_python_decorator.py took 0.139 seconds
[2024-06-04T08:14:21.330+0000] {processor.py:161} INFO - Started process (PID=2802) to work on /home/airflow/.local/lib/python3.8/site-packages/airflow/example_dags/example_python_decorator.py
[2024-06-04T08:14:21.331+0000] {processor.py:830} INFO - Processing file /home/airflow/.local/lib/python3.8/site-packages/airflow/example_dags/example_python_decorator.py for tasks to queue
[2024-06-04T08:14:21.334+0000] {logging_mixin.py:188} INFO - [2024-06-04T08:14:21.333+0000] {dagbag.py:540} INFO - Filling up the DagBag from /home/airflow/.local/lib/python3.8/site-packages/airflow/example_dags/example_python_decorator.py
[2024-06-04T08:14:21.349+0000] {processor.py:840} INFO - DAG(s) 'example_python_decorator' retrieved from /home/airflow/.local/lib/python3.8/site-packages/airflow/example_dags/example_python_decorator.py
[2024-06-04T08:14:21.481+0000] {logging_mixin.py:188} INFO - [2024-06-04T08:14:21.481+0000] {dag.py:3047} INFO - Sync 1 DAGs
[2024-06-04T08:14:21.494+0000] {logging_mixin.py:188} INFO - [2024-06-04T08:14:21.494+0000] {dag.py:3834} INFO - Setting next_dagrun for example_python_decorator to None, run_after=None
[2024-06-04T08:14:21.527+0000] {processor.py:183} INFO - Processing /home/airflow/.local/lib/python3.8/site-packages/airflow/example_dags/example_python_decorator.py took 0.209 seconds
[2024-06-04T08:14:51.780+0000] {processor.py:161} INFO - Started process (PID=2861) to work on /home/airflow/.local/lib/python3.8/site-packages/airflow/example_dags/example_python_decorator.py
[2024-06-04T08:14:51.782+0000] {processor.py:830} INFO - Processing file /home/airflow/.local/lib/python3.8/site-packages/airflow/example_dags/example_python_decorator.py for tasks to queue
[2024-06-04T08:14:51.784+0000] {logging_mixin.py:188} INFO - [2024-06-04T08:14:51.783+0000] {dagbag.py:540} INFO - Filling up the DagBag from /home/airflow/.local/lib/python3.8/site-packages/airflow/example_dags/example_python_decorator.py
[2024-06-04T08:14:51.802+0000] {processor.py:840} INFO - DAG(s) 'example_python_decorator' retrieved from /home/airflow/.local/lib/python3.8/site-packages/airflow/example_dags/example_python_decorator.py
[2024-06-04T08:14:51.833+0000] {logging_mixin.py:188} INFO - [2024-06-04T08:14:51.833+0000] {dag.py:3047} INFO - Sync 1 DAGs
[2024-06-04T08:14:51.850+0000] {logging_mixin.py:188} INFO - [2024-06-04T08:14:51.849+0000] {dag.py:3834} INFO - Setting next_dagrun for example_python_decorator to None, run_after=None
[2024-06-04T08:14:51.880+0000] {processor.py:183} INFO - Processing /home/airflow/.local/lib/python3.8/site-packages/airflow/example_dags/example_python_decorator.py took 0.103 seconds
[2024-06-04T08:15:33.811+0000] {processor.py:161} INFO - Started process (PID=2958) to work on /home/airflow/.local/lib/python3.8/site-packages/airflow/example_dags/example_python_decorator.py
[2024-06-04T08:15:33.813+0000] {processor.py:830} INFO - Processing file /home/airflow/.local/lib/python3.8/site-packages/airflow/example_dags/example_python_decorator.py for tasks to queue
[2024-06-04T08:15:33.815+0000] {logging_mixin.py:188} INFO - [2024-06-04T08:15:33.815+0000] {dagbag.py:540} INFO - Filling up the DagBag from /home/airflow/.local/lib/python3.8/site-packages/airflow/example_dags/example_python_decorator.py
[2024-06-04T08:15:34.031+0000] {processor.py:840} INFO - DAG(s) 'example_python_decorator' retrieved from /home/airflow/.local/lib/python3.8/site-packages/airflow/example_dags/example_python_decorator.py
[2024-06-04T08:15:34.403+0000] {logging_mixin.py:188} INFO - [2024-06-04T08:15:34.403+0000] {dag.py:3047} INFO - Sync 1 DAGs
[2024-06-04T08:15:34.515+0000] {logging_mixin.py:188} INFO - [2024-06-04T08:15:34.514+0000] {dag.py:3834} INFO - Setting next_dagrun for example_python_decorator to None, run_after=None
[2024-06-04T08:15:34.901+0000] {processor.py:183} INFO - Processing /home/airflow/.local/lib/python3.8/site-packages/airflow/example_dags/example_python_decorator.py took 1.096 seconds
[2024-06-04T08:16:05.211+0000] {processor.py:161} INFO - Started process (PID=3031) to work on /home/airflow/.local/lib/python3.8/site-packages/airflow/example_dags/example_python_decorator.py
[2024-06-04T08:16:05.214+0000] {processor.py:830} INFO - Processing file /home/airflow/.local/lib/python3.8/site-packages/airflow/example_dags/example_python_decorator.py for tasks to queue
[2024-06-04T08:16:05.217+0000] {logging_mixin.py:188} INFO - [2024-06-04T08:16:05.217+0000] {dagbag.py:540} INFO - Filling up the DagBag from /home/airflow/.local/lib/python3.8/site-packages/airflow/example_dags/example_python_decorator.py
[2024-06-04T08:16:05.307+0000] {processor.py:840} INFO - DAG(s) 'example_python_decorator' retrieved from /home/airflow/.local/lib/python3.8/site-packages/airflow/example_dags/example_python_decorator.py
[2024-06-04T08:16:05.339+0000] {logging_mixin.py:188} INFO - [2024-06-04T08:16:05.339+0000] {dag.py:3047} INFO - Sync 1 DAGs
[2024-06-04T08:16:05.418+0000] {logging_mixin.py:188} INFO - [2024-06-04T08:16:05.418+0000] {dag.py:3834} INFO - Setting next_dagrun for example_python_decorator to None, run_after=None
[2024-06-04T08:16:05.516+0000] {processor.py:183} INFO - Processing /home/airflow/.local/lib/python3.8/site-packages/airflow/example_dags/example_python_decorator.py took 0.310 seconds
[2024-06-04T08:16:37.208+0000] {processor.py:161} INFO - Started process (PID=3124) to work on /home/airflow/.local/lib/python3.8/site-packages/airflow/example_dags/example_python_decorator.py
[2024-06-04T08:16:37.216+0000] {processor.py:830} INFO - Processing file /home/airflow/.local/lib/python3.8/site-packages/airflow/example_dags/example_python_decorator.py for tasks to queue
[2024-06-04T08:16:37.219+0000] {logging_mixin.py:188} INFO - [2024-06-04T08:16:37.218+0000] {dagbag.py:540} INFO - Filling up the DagBag from /home/airflow/.local/lib/python3.8/site-packages/airflow/example_dags/example_python_decorator.py
[2024-06-04T08:16:37.402+0000] {processor.py:840} INFO - DAG(s) 'example_python_decorator' retrieved from /home/airflow/.local/lib/python3.8/site-packages/airflow/example_dags/example_python_decorator.py
[2024-06-04T08:16:37.706+0000] {logging_mixin.py:188} INFO - [2024-06-04T08:16:37.706+0000] {dag.py:3047} INFO - Sync 1 DAGs
[2024-06-04T08:16:37.903+0000] {logging_mixin.py:188} INFO - [2024-06-04T08:16:37.902+0000] {dag.py:3834} INFO - Setting next_dagrun for example_python_decorator to None, run_after=None
[2024-06-04T08:16:38.111+0000] {processor.py:183} INFO - Processing /home/airflow/.local/lib/python3.8/site-packages/airflow/example_dags/example_python_decorator.py took 0.992 seconds
[2024-06-04T08:17:08.808+0000] {processor.py:161} INFO - Started process (PID=3194) to work on /home/airflow/.local/lib/python3.8/site-packages/airflow/example_dags/example_python_decorator.py
[2024-06-04T08:17:08.810+0000] {processor.py:830} INFO - Processing file /home/airflow/.local/lib/python3.8/site-packages/airflow/example_dags/example_python_decorator.py for tasks to queue
[2024-06-04T08:17:08.812+0000] {logging_mixin.py:188} INFO - [2024-06-04T08:17:08.812+0000] {dagbag.py:540} INFO - Filling up the DagBag from /home/airflow/.local/lib/python3.8/site-packages/airflow/example_dags/example_python_decorator.py
[2024-06-04T08:17:08.831+0000] {processor.py:840} INFO - DAG(s) 'example_python_decorator' retrieved from /home/airflow/.local/lib/python3.8/site-packages/airflow/example_dags/example_python_decorator.py
[2024-06-04T08:17:09.005+0000] {logging_mixin.py:188} INFO - [2024-06-04T08:17:09.005+0000] {dag.py:3047} INFO - Sync 1 DAGs
[2024-06-04T08:17:09.024+0000] {logging_mixin.py:188} INFO - [2024-06-04T08:17:09.024+0000] {dag.py:3834} INFO - Setting next_dagrun for example_python_decorator to None, run_after=None
[2024-06-04T08:17:09.208+0000] {processor.py:183} INFO - Processing /home/airflow/.local/lib/python3.8/site-packages/airflow/example_dags/example_python_decorator.py took 0.405 seconds
