[2024-06-04T07:51:26.807+0000] {processor.py:161} INFO - Started process (PID=190) to work on /home/airflow/.local/lib/python3.8/site-packages/airflow/example_dags/example_sla_dag.py
[2024-06-04T07:51:26.809+0000] {processor.py:830} INFO - Processing file /home/airflow/.local/lib/python3.8/site-packages/airflow/example_dags/example_sla_dag.py for tasks to queue
[2024-06-04T07:51:26.811+0000] {logging_mixin.py:188} INFO - [2024-06-04T07:51:26.810+0000] {dagbag.py:540} INFO - Filling up the DagBag from /home/airflow/.local/lib/python3.8/site-packages/airflow/example_dags/example_sla_dag.py
[2024-06-04T07:51:26.825+0000] {processor.py:840} INFO - DAG(s) 'example_sla_dag' retrieved from /home/airflow/.local/lib/python3.8/site-packages/airflow/example_dags/example_sla_dag.py
[2024-06-04T07:51:27.020+0000] {logging_mixin.py:188} INFO - [2024-06-04T07:51:27.020+0000] {dag.py:3047} INFO - Sync 1 DAGs
[2024-06-04T07:51:27.047+0000] {logging_mixin.py:188} INFO - [2024-06-04T07:51:27.047+0000] {dag.py:3834} INFO - Setting next_dagrun for example_sla_dag to 2024-06-04 07:48:00+00:00, run_after=2024-06-04 07:50:00+00:00
[2024-06-04T07:51:27.110+0000] {processor.py:183} INFO - Processing /home/airflow/.local/lib/python3.8/site-packages/airflow/example_dags/example_sla_dag.py took 0.307 seconds
[2024-06-04T07:51:57.950+0000] {processor.py:161} INFO - Started process (PID=248) to work on /home/airflow/.local/lib/python3.8/site-packages/airflow/example_dags/example_sla_dag.py
[2024-06-04T07:51:57.951+0000] {processor.py:830} INFO - Processing file /home/airflow/.local/lib/python3.8/site-packages/airflow/example_dags/example_sla_dag.py for tasks to queue
[2024-06-04T07:51:57.952+0000] {logging_mixin.py:188} INFO - [2024-06-04T07:51:57.952+0000] {dagbag.py:540} INFO - Filling up the DagBag from /home/airflow/.local/lib/python3.8/site-packages/airflow/example_dags/example_sla_dag.py
[2024-06-04T07:51:57.961+0000] {processor.py:840} INFO - DAG(s) 'example_sla_dag' retrieved from /home/airflow/.local/lib/python3.8/site-packages/airflow/example_dags/example_sla_dag.py
[2024-06-04T07:51:57.981+0000] {logging_mixin.py:188} INFO - [2024-06-04T07:51:57.981+0000] {dag.py:3047} INFO - Sync 1 DAGs
[2024-06-04T07:51:58.012+0000] {logging_mixin.py:188} INFO - [2024-06-04T07:51:58.012+0000] {dag.py:3834} INFO - Setting next_dagrun for example_sla_dag to 2024-06-04 07:48:00+00:00, run_after=2024-06-04 07:50:00+00:00
[2024-06-04T07:51:58.037+0000] {processor.py:183} INFO - Processing /home/airflow/.local/lib/python3.8/site-packages/airflow/example_dags/example_sla_dag.py took 0.090 seconds
[2024-06-04T07:52:28.337+0000] {processor.py:161} INFO - Started process (PID=306) to work on /home/airflow/.local/lib/python3.8/site-packages/airflow/example_dags/example_sla_dag.py
[2024-06-04T07:52:28.338+0000] {processor.py:830} INFO - Processing file /home/airflow/.local/lib/python3.8/site-packages/airflow/example_dags/example_sla_dag.py for tasks to queue
[2024-06-04T07:52:28.340+0000] {logging_mixin.py:188} INFO - [2024-06-04T07:52:28.340+0000] {dagbag.py:540} INFO - Filling up the DagBag from /home/airflow/.local/lib/python3.8/site-packages/airflow/example_dags/example_sla_dag.py
[2024-06-04T07:52:28.350+0000] {processor.py:840} INFO - DAG(s) 'example_sla_dag' retrieved from /home/airflow/.local/lib/python3.8/site-packages/airflow/example_dags/example_sla_dag.py
[2024-06-04T07:52:28.371+0000] {logging_mixin.py:188} INFO - [2024-06-04T07:52:28.370+0000] {dag.py:3047} INFO - Sync 1 DAGs
[2024-06-04T07:52:28.395+0000] {logging_mixin.py:188} INFO - [2024-06-04T07:52:28.395+0000] {dag.py:3834} INFO - Setting next_dagrun for example_sla_dag to 2024-06-04 07:50:00+00:00, run_after=2024-06-04 07:52:00+00:00
[2024-06-04T07:52:28.416+0000] {processor.py:183} INFO - Processing /home/airflow/.local/lib/python3.8/site-packages/airflow/example_dags/example_sla_dag.py took 0.082 seconds
[2024-06-04T07:52:58.648+0000] {processor.py:161} INFO - Started process (PID=364) to work on /home/airflow/.local/lib/python3.8/site-packages/airflow/example_dags/example_sla_dag.py
[2024-06-04T07:52:58.649+0000] {processor.py:830} INFO - Processing file /home/airflow/.local/lib/python3.8/site-packages/airflow/example_dags/example_sla_dag.py for tasks to queue
[2024-06-04T07:52:58.652+0000] {logging_mixin.py:188} INFO - [2024-06-04T07:52:58.651+0000] {dagbag.py:540} INFO - Filling up the DagBag from /home/airflow/.local/lib/python3.8/site-packages/airflow/example_dags/example_sla_dag.py
[2024-06-04T07:52:58.662+0000] {processor.py:840} INFO - DAG(s) 'example_sla_dag' retrieved from /home/airflow/.local/lib/python3.8/site-packages/airflow/example_dags/example_sla_dag.py
[2024-06-04T07:52:58.687+0000] {logging_mixin.py:188} INFO - [2024-06-04T07:52:58.687+0000] {dag.py:3047} INFO - Sync 1 DAGs
[2024-06-04T07:52:58.715+0000] {logging_mixin.py:188} INFO - [2024-06-04T07:52:58.714+0000] {dag.py:3834} INFO - Setting next_dagrun for example_sla_dag to 2024-06-04 07:50:00+00:00, run_after=2024-06-04 07:52:00+00:00
[2024-06-04T07:52:58.742+0000] {processor.py:183} INFO - Processing /home/airflow/.local/lib/python3.8/site-packages/airflow/example_dags/example_sla_dag.py took 0.098 seconds
[2024-06-04T07:53:28.992+0000] {processor.py:161} INFO - Started process (PID=422) to work on /home/airflow/.local/lib/python3.8/site-packages/airflow/example_dags/example_sla_dag.py
[2024-06-04T07:53:28.994+0000] {processor.py:830} INFO - Processing file /home/airflow/.local/lib/python3.8/site-packages/airflow/example_dags/example_sla_dag.py for tasks to queue
[2024-06-04T07:53:28.995+0000] {logging_mixin.py:188} INFO - [2024-06-04T07:53:28.995+0000] {dagbag.py:540} INFO - Filling up the DagBag from /home/airflow/.local/lib/python3.8/site-packages/airflow/example_dags/example_sla_dag.py
[2024-06-04T07:53:29.007+0000] {processor.py:840} INFO - DAG(s) 'example_sla_dag' retrieved from /home/airflow/.local/lib/python3.8/site-packages/airflow/example_dags/example_sla_dag.py
[2024-06-04T07:53:29.037+0000] {logging_mixin.py:188} INFO - [2024-06-04T07:53:29.037+0000] {dag.py:3047} INFO - Sync 1 DAGs
[2024-06-04T07:53:29.066+0000] {logging_mixin.py:188} INFO - [2024-06-04T07:53:29.065+0000] {dag.py:3834} INFO - Setting next_dagrun for example_sla_dag to 2024-06-04 07:50:00+00:00, run_after=2024-06-04 07:52:00+00:00
[2024-06-04T07:53:29.085+0000] {processor.py:183} INFO - Processing /home/airflow/.local/lib/python3.8/site-packages/airflow/example_dags/example_sla_dag.py took 0.096 seconds
[2024-06-04T07:53:59.346+0000] {processor.py:161} INFO - Started process (PID=480) to work on /home/airflow/.local/lib/python3.8/site-packages/airflow/example_dags/example_sla_dag.py
[2024-06-04T07:53:59.400+0000] {processor.py:830} INFO - Processing file /home/airflow/.local/lib/python3.8/site-packages/airflow/example_dags/example_sla_dag.py for tasks to queue
[2024-06-04T07:53:59.402+0000] {logging_mixin.py:188} INFO - [2024-06-04T07:53:59.402+0000] {dagbag.py:540} INFO - Filling up the DagBag from /home/airflow/.local/lib/python3.8/site-packages/airflow/example_dags/example_sla_dag.py
[2024-06-04T07:53:59.412+0000] {processor.py:840} INFO - DAG(s) 'example_sla_dag' retrieved from /home/airflow/.local/lib/python3.8/site-packages/airflow/example_dags/example_sla_dag.py
[2024-06-04T07:53:59.439+0000] {logging_mixin.py:188} INFO - [2024-06-04T07:53:59.439+0000] {dag.py:3047} INFO - Sync 1 DAGs
[2024-06-04T07:53:59.523+0000] {logging_mixin.py:188} INFO - [2024-06-04T07:53:59.522+0000] {dag.py:3834} INFO - Setting next_dagrun for example_sla_dag to 2024-06-04 07:50:00+00:00, run_after=2024-06-04 07:52:00+00:00
[2024-06-04T07:53:59.602+0000] {processor.py:183} INFO - Processing /home/airflow/.local/lib/python3.8/site-packages/airflow/example_dags/example_sla_dag.py took 0.260 seconds
[2024-06-04T07:54:29.640+0000] {processor.py:161} INFO - Started process (PID=538) to work on /home/airflow/.local/lib/python3.8/site-packages/airflow/example_dags/example_sla_dag.py
[2024-06-04T07:54:29.641+0000] {processor.py:830} INFO - Processing file /home/airflow/.local/lib/python3.8/site-packages/airflow/example_dags/example_sla_dag.py for tasks to queue
[2024-06-04T07:54:29.643+0000] {logging_mixin.py:188} INFO - [2024-06-04T07:54:29.642+0000] {dagbag.py:540} INFO - Filling up the DagBag from /home/airflow/.local/lib/python3.8/site-packages/airflow/example_dags/example_sla_dag.py
[2024-06-04T07:54:29.652+0000] {processor.py:840} INFO - DAG(s) 'example_sla_dag' retrieved from /home/airflow/.local/lib/python3.8/site-packages/airflow/example_dags/example_sla_dag.py
[2024-06-04T07:54:29.675+0000] {logging_mixin.py:188} INFO - [2024-06-04T07:54:29.674+0000] {dag.py:3047} INFO - Sync 1 DAGs
[2024-06-04T07:54:29.700+0000] {logging_mixin.py:188} INFO - [2024-06-04T07:54:29.699+0000] {dag.py:3834} INFO - Setting next_dagrun for example_sla_dag to 2024-06-04 07:52:00+00:00, run_after=2024-06-04 07:54:00+00:00
[2024-06-04T07:54:29.720+0000] {processor.py:183} INFO - Processing /home/airflow/.local/lib/python3.8/site-packages/airflow/example_dags/example_sla_dag.py took 0.084 seconds
[2024-06-04T07:55:00.026+0000] {processor.py:161} INFO - Started process (PID=596) to work on /home/airflow/.local/lib/python3.8/site-packages/airflow/example_dags/example_sla_dag.py
[2024-06-04T07:55:00.027+0000] {processor.py:830} INFO - Processing file /home/airflow/.local/lib/python3.8/site-packages/airflow/example_dags/example_sla_dag.py for tasks to queue
[2024-06-04T07:55:00.029+0000] {logging_mixin.py:188} INFO - [2024-06-04T07:55:00.029+0000] {dagbag.py:540} INFO - Filling up the DagBag from /home/airflow/.local/lib/python3.8/site-packages/airflow/example_dags/example_sla_dag.py
[2024-06-04T07:55:00.040+0000] {processor.py:840} INFO - DAG(s) 'example_sla_dag' retrieved from /home/airflow/.local/lib/python3.8/site-packages/airflow/example_dags/example_sla_dag.py
[2024-06-04T07:55:00.066+0000] {logging_mixin.py:188} INFO - [2024-06-04T07:55:00.066+0000] {dag.py:3047} INFO - Sync 1 DAGs
[2024-06-04T07:55:00.101+0000] {logging_mixin.py:188} INFO - [2024-06-04T07:55:00.101+0000] {dag.py:3834} INFO - Setting next_dagrun for example_sla_dag to 2024-06-04 07:52:00+00:00, run_after=2024-06-04 07:54:00+00:00
[2024-06-04T07:55:00.121+0000] {processor.py:183} INFO - Processing /home/airflow/.local/lib/python3.8/site-packages/airflow/example_dags/example_sla_dag.py took 0.099 seconds
[2024-06-04T07:55:30.207+0000] {processor.py:161} INFO - Started process (PID=654) to work on /home/airflow/.local/lib/python3.8/site-packages/airflow/example_dags/example_sla_dag.py
[2024-06-04T07:55:30.208+0000] {processor.py:830} INFO - Processing file /home/airflow/.local/lib/python3.8/site-packages/airflow/example_dags/example_sla_dag.py for tasks to queue
[2024-06-04T07:55:30.210+0000] {logging_mixin.py:188} INFO - [2024-06-04T07:55:30.210+0000] {dagbag.py:540} INFO - Filling up the DagBag from /home/airflow/.local/lib/python3.8/site-packages/airflow/example_dags/example_sla_dag.py
[2024-06-04T07:55:30.220+0000] {processor.py:840} INFO - DAG(s) 'example_sla_dag' retrieved from /home/airflow/.local/lib/python3.8/site-packages/airflow/example_dags/example_sla_dag.py
[2024-06-04T07:55:30.244+0000] {logging_mixin.py:188} INFO - [2024-06-04T07:55:30.244+0000] {dag.py:3047} INFO - Sync 1 DAGs
[2024-06-04T07:55:30.272+0000] {logging_mixin.py:188} INFO - [2024-06-04T07:55:30.272+0000] {dag.py:3834} INFO - Setting next_dagrun for example_sla_dag to 2024-06-04 07:52:00+00:00, run_after=2024-06-04 07:54:00+00:00
[2024-06-04T07:55:30.289+0000] {processor.py:183} INFO - Processing /home/airflow/.local/lib/python3.8/site-packages/airflow/example_dags/example_sla_dag.py took 0.086 seconds
[2024-06-04T07:56:00.993+0000] {processor.py:161} INFO - Started process (PID=712) to work on /home/airflow/.local/lib/python3.8/site-packages/airflow/example_dags/example_sla_dag.py
[2024-06-04T07:56:00.994+0000] {processor.py:830} INFO - Processing file /home/airflow/.local/lib/python3.8/site-packages/airflow/example_dags/example_sla_dag.py for tasks to queue
[2024-06-04T07:56:00.996+0000] {logging_mixin.py:188} INFO - [2024-06-04T07:56:00.996+0000] {dagbag.py:540} INFO - Filling up the DagBag from /home/airflow/.local/lib/python3.8/site-packages/airflow/example_dags/example_sla_dag.py
[2024-06-04T07:56:01.005+0000] {processor.py:840} INFO - DAG(s) 'example_sla_dag' retrieved from /home/airflow/.local/lib/python3.8/site-packages/airflow/example_dags/example_sla_dag.py
[2024-06-04T07:56:01.028+0000] {logging_mixin.py:188} INFO - [2024-06-04T07:56:01.028+0000] {dag.py:3047} INFO - Sync 1 DAGs
[2024-06-04T07:56:01.059+0000] {logging_mixin.py:188} INFO - [2024-06-04T07:56:01.058+0000] {dag.py:3834} INFO - Setting next_dagrun for example_sla_dag to 2024-06-04 07:54:00+00:00, run_after=2024-06-04 07:56:00+00:00
[2024-06-04T07:56:01.079+0000] {processor.py:183} INFO - Processing /home/airflow/.local/lib/python3.8/site-packages/airflow/example_dags/example_sla_dag.py took 0.089 seconds
[2024-06-04T07:56:31.733+0000] {processor.py:161} INFO - Started process (PID=770) to work on /home/airflow/.local/lib/python3.8/site-packages/airflow/example_dags/example_sla_dag.py
[2024-06-04T07:56:31.735+0000] {processor.py:830} INFO - Processing file /home/airflow/.local/lib/python3.8/site-packages/airflow/example_dags/example_sla_dag.py for tasks to queue
[2024-06-04T07:56:31.737+0000] {logging_mixin.py:188} INFO - [2024-06-04T07:56:31.736+0000] {dagbag.py:540} INFO - Filling up the DagBag from /home/airflow/.local/lib/python3.8/site-packages/airflow/example_dags/example_sla_dag.py
[2024-06-04T07:56:31.746+0000] {processor.py:840} INFO - DAG(s) 'example_sla_dag' retrieved from /home/airflow/.local/lib/python3.8/site-packages/airflow/example_dags/example_sla_dag.py
[2024-06-04T07:56:31.768+0000] {logging_mixin.py:188} INFO - [2024-06-04T07:56:31.768+0000] {dag.py:3047} INFO - Sync 1 DAGs
[2024-06-04T07:56:31.794+0000] {logging_mixin.py:188} INFO - [2024-06-04T07:56:31.794+0000] {dag.py:3834} INFO - Setting next_dagrun for example_sla_dag to 2024-06-04 07:54:00+00:00, run_after=2024-06-04 07:56:00+00:00
[2024-06-04T07:56:31.815+0000] {processor.py:183} INFO - Processing /home/airflow/.local/lib/python3.8/site-packages/airflow/example_dags/example_sla_dag.py took 0.085 seconds
[2024-06-04T07:57:02.327+0000] {processor.py:161} INFO - Started process (PID=828) to work on /home/airflow/.local/lib/python3.8/site-packages/airflow/example_dags/example_sla_dag.py
[2024-06-04T07:57:02.328+0000] {processor.py:830} INFO - Processing file /home/airflow/.local/lib/python3.8/site-packages/airflow/example_dags/example_sla_dag.py for tasks to queue
[2024-06-04T07:57:02.330+0000] {logging_mixin.py:188} INFO - [2024-06-04T07:57:02.329+0000] {dagbag.py:540} INFO - Filling up the DagBag from /home/airflow/.local/lib/python3.8/site-packages/airflow/example_dags/example_sla_dag.py
[2024-06-04T07:57:02.340+0000] {processor.py:840} INFO - DAG(s) 'example_sla_dag' retrieved from /home/airflow/.local/lib/python3.8/site-packages/airflow/example_dags/example_sla_dag.py
[2024-06-04T07:57:02.363+0000] {logging_mixin.py:188} INFO - [2024-06-04T07:57:02.362+0000] {dag.py:3047} INFO - Sync 1 DAGs
[2024-06-04T07:57:02.392+0000] {logging_mixin.py:188} INFO - [2024-06-04T07:57:02.391+0000] {dag.py:3834} INFO - Setting next_dagrun for example_sla_dag to 2024-06-04 07:54:00+00:00, run_after=2024-06-04 07:56:00+00:00
[2024-06-04T07:57:02.408+0000] {processor.py:183} INFO - Processing /home/airflow/.local/lib/python3.8/site-packages/airflow/example_dags/example_sla_dag.py took 0.085 seconds
[2024-06-04T07:57:32.847+0000] {processor.py:161} INFO - Started process (PID=886) to work on /home/airflow/.local/lib/python3.8/site-packages/airflow/example_dags/example_sla_dag.py
[2024-06-04T07:57:32.848+0000] {processor.py:830} INFO - Processing file /home/airflow/.local/lib/python3.8/site-packages/airflow/example_dags/example_sla_dag.py for tasks to queue
[2024-06-04T07:57:32.851+0000] {logging_mixin.py:188} INFO - [2024-06-04T07:57:32.850+0000] {dagbag.py:540} INFO - Filling up the DagBag from /home/airflow/.local/lib/python3.8/site-packages/airflow/example_dags/example_sla_dag.py
[2024-06-04T07:57:32.860+0000] {processor.py:840} INFO - DAG(s) 'example_sla_dag' retrieved from /home/airflow/.local/lib/python3.8/site-packages/airflow/example_dags/example_sla_dag.py
[2024-06-04T07:57:32.880+0000] {logging_mixin.py:188} INFO - [2024-06-04T07:57:32.880+0000] {dag.py:3047} INFO - Sync 1 DAGs
[2024-06-04T07:57:32.905+0000] {logging_mixin.py:188} INFO - [2024-06-04T07:57:32.905+0000] {dag.py:3834} INFO - Setting next_dagrun for example_sla_dag to 2024-06-04 07:54:00+00:00, run_after=2024-06-04 07:56:00+00:00
[2024-06-04T07:57:32.924+0000] {processor.py:183} INFO - Processing /home/airflow/.local/lib/python3.8/site-packages/airflow/example_dags/example_sla_dag.py took 0.081 seconds
[2024-06-04T07:58:03.250+0000] {processor.py:161} INFO - Started process (PID=944) to work on /home/airflow/.local/lib/python3.8/site-packages/airflow/example_dags/example_sla_dag.py
[2024-06-04T07:58:03.251+0000] {processor.py:830} INFO - Processing file /home/airflow/.local/lib/python3.8/site-packages/airflow/example_dags/example_sla_dag.py for tasks to queue
[2024-06-04T07:58:03.253+0000] {logging_mixin.py:188} INFO - [2024-06-04T07:58:03.253+0000] {dagbag.py:540} INFO - Filling up the DagBag from /home/airflow/.local/lib/python3.8/site-packages/airflow/example_dags/example_sla_dag.py
[2024-06-04T07:58:03.263+0000] {processor.py:840} INFO - DAG(s) 'example_sla_dag' retrieved from /home/airflow/.local/lib/python3.8/site-packages/airflow/example_dags/example_sla_dag.py
[2024-06-04T07:58:03.286+0000] {logging_mixin.py:188} INFO - [2024-06-04T07:58:03.285+0000] {dag.py:3047} INFO - Sync 1 DAGs
[2024-06-04T07:58:03.314+0000] {logging_mixin.py:188} INFO - [2024-06-04T07:58:03.313+0000] {dag.py:3834} INFO - Setting next_dagrun for example_sla_dag to 2024-06-04 07:56:00+00:00, run_after=2024-06-04 07:58:00+00:00
[2024-06-04T07:58:03.336+0000] {processor.py:183} INFO - Processing /home/airflow/.local/lib/python3.8/site-packages/airflow/example_dags/example_sla_dag.py took 0.089 seconds
[2024-06-04T07:58:33.700+0000] {processor.py:161} INFO - Started process (PID=1002) to work on /home/airflow/.local/lib/python3.8/site-packages/airflow/example_dags/example_sla_dag.py
[2024-06-04T07:58:33.702+0000] {processor.py:830} INFO - Processing file /home/airflow/.local/lib/python3.8/site-packages/airflow/example_dags/example_sla_dag.py for tasks to queue
[2024-06-04T07:58:33.703+0000] {logging_mixin.py:188} INFO - [2024-06-04T07:58:33.703+0000] {dagbag.py:540} INFO - Filling up the DagBag from /home/airflow/.local/lib/python3.8/site-packages/airflow/example_dags/example_sla_dag.py
[2024-06-04T07:58:33.712+0000] {processor.py:840} INFO - DAG(s) 'example_sla_dag' retrieved from /home/airflow/.local/lib/python3.8/site-packages/airflow/example_dags/example_sla_dag.py
[2024-06-04T07:58:33.732+0000] {logging_mixin.py:188} INFO - [2024-06-04T07:58:33.732+0000] {dag.py:3047} INFO - Sync 1 DAGs
[2024-06-04T07:58:33.756+0000] {logging_mixin.py:188} INFO - [2024-06-04T07:58:33.756+0000] {dag.py:3834} INFO - Setting next_dagrun for example_sla_dag to 2024-06-04 07:56:00+00:00, run_after=2024-06-04 07:58:00+00:00
[2024-06-04T07:58:33.771+0000] {processor.py:183} INFO - Processing /home/airflow/.local/lib/python3.8/site-packages/airflow/example_dags/example_sla_dag.py took 0.074 seconds
[2024-06-04T07:59:04.738+0000] {processor.py:161} INFO - Started process (PID=1067) to work on /home/airflow/.local/lib/python3.8/site-packages/airflow/example_dags/example_sla_dag.py
[2024-06-04T07:59:04.740+0000] {processor.py:830} INFO - Processing file /home/airflow/.local/lib/python3.8/site-packages/airflow/example_dags/example_sla_dag.py for tasks to queue
[2024-06-04T07:59:04.742+0000] {logging_mixin.py:188} INFO - [2024-06-04T07:59:04.741+0000] {dagbag.py:540} INFO - Filling up the DagBag from /home/airflow/.local/lib/python3.8/site-packages/airflow/example_dags/example_sla_dag.py
[2024-06-04T07:59:04.751+0000] {processor.py:840} INFO - DAG(s) 'example_sla_dag' retrieved from /home/airflow/.local/lib/python3.8/site-packages/airflow/example_dags/example_sla_dag.py
[2024-06-04T07:59:04.774+0000] {logging_mixin.py:188} INFO - [2024-06-04T07:59:04.774+0000] {dag.py:3047} INFO - Sync 1 DAGs
[2024-06-04T07:59:04.800+0000] {logging_mixin.py:188} INFO - [2024-06-04T07:59:04.800+0000] {dag.py:3834} INFO - Setting next_dagrun for example_sla_dag to 2024-06-04 07:56:00+00:00, run_after=2024-06-04 07:58:00+00:00
[2024-06-04T07:59:04.821+0000] {processor.py:183} INFO - Processing /home/airflow/.local/lib/python3.8/site-packages/airflow/example_dags/example_sla_dag.py took 0.087 seconds
[2024-06-04T07:59:35.161+0000] {processor.py:161} INFO - Started process (PID=1125) to work on /home/airflow/.local/lib/python3.8/site-packages/airflow/example_dags/example_sla_dag.py
[2024-06-04T07:59:35.163+0000] {processor.py:830} INFO - Processing file /home/airflow/.local/lib/python3.8/site-packages/airflow/example_dags/example_sla_dag.py for tasks to queue
[2024-06-04T07:59:35.164+0000] {logging_mixin.py:188} INFO - [2024-06-04T07:59:35.164+0000] {dagbag.py:540} INFO - Filling up the DagBag from /home/airflow/.local/lib/python3.8/site-packages/airflow/example_dags/example_sla_dag.py
[2024-06-04T07:59:35.173+0000] {processor.py:840} INFO - DAG(s) 'example_sla_dag' retrieved from /home/airflow/.local/lib/python3.8/site-packages/airflow/example_dags/example_sla_dag.py
[2024-06-04T07:59:35.208+0000] {logging_mixin.py:188} INFO - [2024-06-04T07:59:35.207+0000] {dag.py:3047} INFO - Sync 1 DAGs
[2024-06-04T07:59:35.235+0000] {logging_mixin.py:188} INFO - [2024-06-04T07:59:35.235+0000] {dag.py:3834} INFO - Setting next_dagrun for example_sla_dag to 2024-06-04 07:56:00+00:00, run_after=2024-06-04 07:58:00+00:00
[2024-06-04T07:59:35.256+0000] {processor.py:183} INFO - Processing /home/airflow/.local/lib/python3.8/site-packages/airflow/example_dags/example_sla_dag.py took 0.099 seconds
[2024-06-04T08:00:06.311+0000] {processor.py:161} INFO - Started process (PID=1183) to work on /home/airflow/.local/lib/python3.8/site-packages/airflow/example_dags/example_sla_dag.py
[2024-06-04T08:00:06.312+0000] {processor.py:830} INFO - Processing file /home/airflow/.local/lib/python3.8/site-packages/airflow/example_dags/example_sla_dag.py for tasks to queue
[2024-06-04T08:00:06.314+0000] {logging_mixin.py:188} INFO - [2024-06-04T08:00:06.313+0000] {dagbag.py:540} INFO - Filling up the DagBag from /home/airflow/.local/lib/python3.8/site-packages/airflow/example_dags/example_sla_dag.py
[2024-06-04T08:00:06.323+0000] {processor.py:840} INFO - DAG(s) 'example_sla_dag' retrieved from /home/airflow/.local/lib/python3.8/site-packages/airflow/example_dags/example_sla_dag.py
[2024-06-04T08:00:06.345+0000] {logging_mixin.py:188} INFO - [2024-06-04T08:00:06.345+0000] {dag.py:3047} INFO - Sync 1 DAGs
[2024-06-04T08:00:06.370+0000] {logging_mixin.py:188} INFO - [2024-06-04T08:00:06.370+0000] {dag.py:3834} INFO - Setting next_dagrun for example_sla_dag to 2024-06-04 07:58:00+00:00, run_after=2024-06-04 08:00:00+00:00
[2024-06-04T08:00:06.386+0000] {processor.py:183} INFO - Processing /home/airflow/.local/lib/python3.8/site-packages/airflow/example_dags/example_sla_dag.py took 0.079 seconds
[2024-06-04T08:00:36.905+0000] {processor.py:161} INFO - Started process (PID=1241) to work on /home/airflow/.local/lib/python3.8/site-packages/airflow/example_dags/example_sla_dag.py
[2024-06-04T08:00:36.906+0000] {processor.py:830} INFO - Processing file /home/airflow/.local/lib/python3.8/site-packages/airflow/example_dags/example_sla_dag.py for tasks to queue
[2024-06-04T08:00:36.908+0000] {logging_mixin.py:188} INFO - [2024-06-04T08:00:36.908+0000] {dagbag.py:540} INFO - Filling up the DagBag from /home/airflow/.local/lib/python3.8/site-packages/airflow/example_dags/example_sla_dag.py
[2024-06-04T08:00:36.917+0000] {processor.py:840} INFO - DAG(s) 'example_sla_dag' retrieved from /home/airflow/.local/lib/python3.8/site-packages/airflow/example_dags/example_sla_dag.py
[2024-06-04T08:00:36.940+0000] {logging_mixin.py:188} INFO - [2024-06-04T08:00:36.939+0000] {dag.py:3047} INFO - Sync 1 DAGs
[2024-06-04T08:00:37.025+0000] {logging_mixin.py:188} INFO - [2024-06-04T08:00:37.024+0000] {dag.py:3834} INFO - Setting next_dagrun for example_sla_dag to 2024-06-04 07:58:00+00:00, run_after=2024-06-04 08:00:00+00:00
[2024-06-04T08:00:37.047+0000] {processor.py:183} INFO - Processing /home/airflow/.local/lib/python3.8/site-packages/airflow/example_dags/example_sla_dag.py took 0.146 seconds
[2024-06-04T08:01:07.404+0000] {processor.py:161} INFO - Started process (PID=1299) to work on /home/airflow/.local/lib/python3.8/site-packages/airflow/example_dags/example_sla_dag.py
[2024-06-04T08:01:07.405+0000] {processor.py:830} INFO - Processing file /home/airflow/.local/lib/python3.8/site-packages/airflow/example_dags/example_sla_dag.py for tasks to queue
[2024-06-04T08:01:07.407+0000] {logging_mixin.py:188} INFO - [2024-06-04T08:01:07.406+0000] {dagbag.py:540} INFO - Filling up the DagBag from /home/airflow/.local/lib/python3.8/site-packages/airflow/example_dags/example_sla_dag.py
[2024-06-04T08:01:07.415+0000] {processor.py:840} INFO - DAG(s) 'example_sla_dag' retrieved from /home/airflow/.local/lib/python3.8/site-packages/airflow/example_dags/example_sla_dag.py
[2024-06-04T08:01:07.438+0000] {logging_mixin.py:188} INFO - [2024-06-04T08:01:07.437+0000] {dag.py:3047} INFO - Sync 1 DAGs
[2024-06-04T08:01:07.465+0000] {logging_mixin.py:188} INFO - [2024-06-04T08:01:07.464+0000] {dag.py:3834} INFO - Setting next_dagrun for example_sla_dag to 2024-06-04 07:58:00+00:00, run_after=2024-06-04 08:00:00+00:00
[2024-06-04T08:01:07.486+0000] {processor.py:183} INFO - Processing /home/airflow/.local/lib/python3.8/site-packages/airflow/example_dags/example_sla_dag.py took 0.086 seconds
[2024-06-04T08:01:38.005+0000] {processor.py:161} INFO - Started process (PID=1357) to work on /home/airflow/.local/lib/python3.8/site-packages/airflow/example_dags/example_sla_dag.py
[2024-06-04T08:01:38.006+0000] {processor.py:830} INFO - Processing file /home/airflow/.local/lib/python3.8/site-packages/airflow/example_dags/example_sla_dag.py for tasks to queue
[2024-06-04T08:01:38.008+0000] {logging_mixin.py:188} INFO - [2024-06-04T08:01:38.008+0000] {dagbag.py:540} INFO - Filling up the DagBag from /home/airflow/.local/lib/python3.8/site-packages/airflow/example_dags/example_sla_dag.py
[2024-06-04T08:01:38.019+0000] {processor.py:840} INFO - DAG(s) 'example_sla_dag' retrieved from /home/airflow/.local/lib/python3.8/site-packages/airflow/example_dags/example_sla_dag.py
[2024-06-04T08:01:38.046+0000] {logging_mixin.py:188} INFO - [2024-06-04T08:01:38.045+0000] {dag.py:3047} INFO - Sync 1 DAGs
[2024-06-04T08:01:38.077+0000] {logging_mixin.py:188} INFO - [2024-06-04T08:01:38.077+0000] {dag.py:3834} INFO - Setting next_dagrun for example_sla_dag to 2024-06-04 07:58:00+00:00, run_after=2024-06-04 08:00:00+00:00
[2024-06-04T08:01:38.100+0000] {processor.py:183} INFO - Processing /home/airflow/.local/lib/python3.8/site-packages/airflow/example_dags/example_sla_dag.py took 0.099 seconds
[2024-06-04T08:02:08.154+0000] {processor.py:161} INFO - Started process (PID=1415) to work on /home/airflow/.local/lib/python3.8/site-packages/airflow/example_dags/example_sla_dag.py
[2024-06-04T08:02:08.155+0000] {processor.py:830} INFO - Processing file /home/airflow/.local/lib/python3.8/site-packages/airflow/example_dags/example_sla_dag.py for tasks to queue
[2024-06-04T08:02:08.157+0000] {logging_mixin.py:188} INFO - [2024-06-04T08:02:08.157+0000] {dagbag.py:540} INFO - Filling up the DagBag from /home/airflow/.local/lib/python3.8/site-packages/airflow/example_dags/example_sla_dag.py
[2024-06-04T08:02:08.166+0000] {processor.py:840} INFO - DAG(s) 'example_sla_dag' retrieved from /home/airflow/.local/lib/python3.8/site-packages/airflow/example_dags/example_sla_dag.py
[2024-06-04T08:02:08.194+0000] {logging_mixin.py:188} INFO - [2024-06-04T08:02:08.193+0000] {dag.py:3047} INFO - Sync 1 DAGs
[2024-06-04T08:02:08.224+0000] {logging_mixin.py:188} INFO - [2024-06-04T08:02:08.224+0000] {dag.py:3834} INFO - Setting next_dagrun for example_sla_dag to 2024-06-04 08:00:00+00:00, run_after=2024-06-04 08:02:00+00:00
[2024-06-04T08:02:08.244+0000] {processor.py:183} INFO - Processing /home/airflow/.local/lib/python3.8/site-packages/airflow/example_dags/example_sla_dag.py took 0.093 seconds
[2024-06-04T08:02:39.384+0000] {processor.py:161} INFO - Started process (PID=1473) to work on /home/airflow/.local/lib/python3.8/site-packages/airflow/example_dags/example_sla_dag.py
[2024-06-04T08:02:39.386+0000] {processor.py:830} INFO - Processing file /home/airflow/.local/lib/python3.8/site-packages/airflow/example_dags/example_sla_dag.py for tasks to queue
[2024-06-04T08:02:39.387+0000] {logging_mixin.py:188} INFO - [2024-06-04T08:02:39.387+0000] {dagbag.py:540} INFO - Filling up the DagBag from /home/airflow/.local/lib/python3.8/site-packages/airflow/example_dags/example_sla_dag.py
[2024-06-04T08:02:39.396+0000] {processor.py:840} INFO - DAG(s) 'example_sla_dag' retrieved from /home/airflow/.local/lib/python3.8/site-packages/airflow/example_dags/example_sla_dag.py
[2024-06-04T08:02:39.418+0000] {logging_mixin.py:188} INFO - [2024-06-04T08:02:39.417+0000] {dag.py:3047} INFO - Sync 1 DAGs
[2024-06-04T08:02:39.446+0000] {logging_mixin.py:188} INFO - [2024-06-04T08:02:39.445+0000] {dag.py:3834} INFO - Setting next_dagrun for example_sla_dag to 2024-06-04 08:00:00+00:00, run_after=2024-06-04 08:02:00+00:00
[2024-06-04T08:02:39.466+0000] {processor.py:183} INFO - Processing /home/airflow/.local/lib/python3.8/site-packages/airflow/example_dags/example_sla_dag.py took 0.085 seconds
[2024-06-04T08:03:09.690+0000] {processor.py:161} INFO - Started process (PID=1531) to work on /home/airflow/.local/lib/python3.8/site-packages/airflow/example_dags/example_sla_dag.py
[2024-06-04T08:03:09.692+0000] {processor.py:830} INFO - Processing file /home/airflow/.local/lib/python3.8/site-packages/airflow/example_dags/example_sla_dag.py for tasks to queue
[2024-06-04T08:03:09.694+0000] {logging_mixin.py:188} INFO - [2024-06-04T08:03:09.693+0000] {dagbag.py:540} INFO - Filling up the DagBag from /home/airflow/.local/lib/python3.8/site-packages/airflow/example_dags/example_sla_dag.py
[2024-06-04T08:03:09.705+0000] {processor.py:840} INFO - DAG(s) 'example_sla_dag' retrieved from /home/airflow/.local/lib/python3.8/site-packages/airflow/example_dags/example_sla_dag.py
[2024-06-04T08:03:09.730+0000] {logging_mixin.py:188} INFO - [2024-06-04T08:03:09.730+0000] {dag.py:3047} INFO - Sync 1 DAGs
[2024-06-04T08:03:09.759+0000] {logging_mixin.py:188} INFO - [2024-06-04T08:03:09.758+0000] {dag.py:3834} INFO - Setting next_dagrun for example_sla_dag to 2024-06-04 08:00:00+00:00, run_after=2024-06-04 08:02:00+00:00
[2024-06-04T08:03:09.782+0000] {processor.py:183} INFO - Processing /home/airflow/.local/lib/python3.8/site-packages/airflow/example_dags/example_sla_dag.py took 0.096 seconds
[2024-06-04T08:03:40.245+0000] {processor.py:161} INFO - Started process (PID=1589) to work on /home/airflow/.local/lib/python3.8/site-packages/airflow/example_dags/example_sla_dag.py
[2024-06-04T08:03:40.246+0000] {processor.py:830} INFO - Processing file /home/airflow/.local/lib/python3.8/site-packages/airflow/example_dags/example_sla_dag.py for tasks to queue
[2024-06-04T08:03:40.248+0000] {logging_mixin.py:188} INFO - [2024-06-04T08:03:40.247+0000] {dagbag.py:540} INFO - Filling up the DagBag from /home/airflow/.local/lib/python3.8/site-packages/airflow/example_dags/example_sla_dag.py
[2024-06-04T08:03:40.257+0000] {processor.py:840} INFO - DAG(s) 'example_sla_dag' retrieved from /home/airflow/.local/lib/python3.8/site-packages/airflow/example_dags/example_sla_dag.py
[2024-06-04T08:03:40.283+0000] {logging_mixin.py:188} INFO - [2024-06-04T08:03:40.282+0000] {dag.py:3047} INFO - Sync 1 DAGs
[2024-06-04T08:03:40.310+0000] {logging_mixin.py:188} INFO - [2024-06-04T08:03:40.310+0000] {dag.py:3834} INFO - Setting next_dagrun for example_sla_dag to 2024-06-04 08:00:00+00:00, run_after=2024-06-04 08:02:00+00:00
[2024-06-04T08:03:40.330+0000] {processor.py:183} INFO - Processing /home/airflow/.local/lib/python3.8/site-packages/airflow/example_dags/example_sla_dag.py took 0.088 seconds
[2024-06-04T08:04:11.115+0000] {processor.py:161} INFO - Started process (PID=1647) to work on /home/airflow/.local/lib/python3.8/site-packages/airflow/example_dags/example_sla_dag.py
[2024-06-04T08:04:11.117+0000] {processor.py:830} INFO - Processing file /home/airflow/.local/lib/python3.8/site-packages/airflow/example_dags/example_sla_dag.py for tasks to queue
[2024-06-04T08:04:11.119+0000] {logging_mixin.py:188} INFO - [2024-06-04T08:04:11.119+0000] {dagbag.py:540} INFO - Filling up the DagBag from /home/airflow/.local/lib/python3.8/site-packages/airflow/example_dags/example_sla_dag.py
[2024-06-04T08:04:11.130+0000] {processor.py:840} INFO - DAG(s) 'example_sla_dag' retrieved from /home/airflow/.local/lib/python3.8/site-packages/airflow/example_dags/example_sla_dag.py
[2024-06-04T08:04:11.157+0000] {logging_mixin.py:188} INFO - [2024-06-04T08:04:11.157+0000] {dag.py:3047} INFO - Sync 1 DAGs
[2024-06-04T08:04:11.189+0000] {logging_mixin.py:188} INFO - [2024-06-04T08:04:11.188+0000] {dag.py:3834} INFO - Setting next_dagrun for example_sla_dag to 2024-06-04 08:02:00+00:00, run_after=2024-06-04 08:04:00+00:00
[2024-06-04T08:04:11.212+0000] {processor.py:183} INFO - Processing /home/airflow/.local/lib/python3.8/site-packages/airflow/example_dags/example_sla_dag.py took 0.101 seconds
[2024-06-04T08:04:41.399+0000] {processor.py:161} INFO - Started process (PID=1704) to work on /home/airflow/.local/lib/python3.8/site-packages/airflow/example_dags/example_sla_dag.py
[2024-06-04T08:04:41.401+0000] {processor.py:830} INFO - Processing file /home/airflow/.local/lib/python3.8/site-packages/airflow/example_dags/example_sla_dag.py for tasks to queue
[2024-06-04T08:04:41.402+0000] {logging_mixin.py:188} INFO - [2024-06-04T08:04:41.402+0000] {dagbag.py:540} INFO - Filling up the DagBag from /home/airflow/.local/lib/python3.8/site-packages/airflow/example_dags/example_sla_dag.py
[2024-06-04T08:04:41.411+0000] {processor.py:840} INFO - DAG(s) 'example_sla_dag' retrieved from /home/airflow/.local/lib/python3.8/site-packages/airflow/example_dags/example_sla_dag.py
[2024-06-04T08:04:41.439+0000] {logging_mixin.py:188} INFO - [2024-06-04T08:04:41.438+0000] {dag.py:3047} INFO - Sync 1 DAGs
[2024-06-04T08:04:41.465+0000] {logging_mixin.py:188} INFO - [2024-06-04T08:04:41.465+0000] {dag.py:3834} INFO - Setting next_dagrun for example_sla_dag to 2024-06-04 08:02:00+00:00, run_after=2024-06-04 08:04:00+00:00
[2024-06-04T08:04:41.482+0000] {processor.py:183} INFO - Processing /home/airflow/.local/lib/python3.8/site-packages/airflow/example_dags/example_sla_dag.py took 0.088 seconds
[2024-06-04T08:05:12.215+0000] {processor.py:161} INFO - Started process (PID=1762) to work on /home/airflow/.local/lib/python3.8/site-packages/airflow/example_dags/example_sla_dag.py
[2024-06-04T08:05:12.217+0000] {processor.py:830} INFO - Processing file /home/airflow/.local/lib/python3.8/site-packages/airflow/example_dags/example_sla_dag.py for tasks to queue
[2024-06-04T08:05:12.219+0000] {logging_mixin.py:188} INFO - [2024-06-04T08:05:12.218+0000] {dagbag.py:540} INFO - Filling up the DagBag from /home/airflow/.local/lib/python3.8/site-packages/airflow/example_dags/example_sla_dag.py
[2024-06-04T08:05:12.229+0000] {processor.py:840} INFO - DAG(s) 'example_sla_dag' retrieved from /home/airflow/.local/lib/python3.8/site-packages/airflow/example_dags/example_sla_dag.py
[2024-06-04T08:05:12.254+0000] {logging_mixin.py:188} INFO - [2024-06-04T08:05:12.254+0000] {dag.py:3047} INFO - Sync 1 DAGs
[2024-06-04T08:05:12.283+0000] {logging_mixin.py:188} INFO - [2024-06-04T08:05:12.283+0000] {dag.py:3834} INFO - Setting next_dagrun for example_sla_dag to 2024-06-04 08:02:00+00:00, run_after=2024-06-04 08:04:00+00:00
[2024-06-04T08:05:12.490+0000] {processor.py:183} INFO - Processing /home/airflow/.local/lib/python3.8/site-packages/airflow/example_dags/example_sla_dag.py took 0.279 seconds
[2024-06-04T08:05:43.040+0000] {processor.py:161} INFO - Started process (PID=1820) to work on /home/airflow/.local/lib/python3.8/site-packages/airflow/example_dags/example_sla_dag.py
[2024-06-04T08:05:43.041+0000] {processor.py:830} INFO - Processing file /home/airflow/.local/lib/python3.8/site-packages/airflow/example_dags/example_sla_dag.py for tasks to queue
[2024-06-04T08:05:43.043+0000] {logging_mixin.py:188} INFO - [2024-06-04T08:05:43.043+0000] {dagbag.py:540} INFO - Filling up the DagBag from /home/airflow/.local/lib/python3.8/site-packages/airflow/example_dags/example_sla_dag.py
[2024-06-04T08:05:43.052+0000] {processor.py:840} INFO - DAG(s) 'example_sla_dag' retrieved from /home/airflow/.local/lib/python3.8/site-packages/airflow/example_dags/example_sla_dag.py
[2024-06-04T08:05:43.076+0000] {logging_mixin.py:188} INFO - [2024-06-04T08:05:43.076+0000] {dag.py:3047} INFO - Sync 1 DAGs
[2024-06-04T08:05:43.104+0000] {logging_mixin.py:188} INFO - [2024-06-04T08:05:43.104+0000] {dag.py:3834} INFO - Setting next_dagrun for example_sla_dag to 2024-06-04 08:02:00+00:00, run_after=2024-06-04 08:04:00+00:00
[2024-06-04T08:05:43.134+0000] {processor.py:183} INFO - Processing /home/airflow/.local/lib/python3.8/site-packages/airflow/example_dags/example_sla_dag.py took 0.098 seconds
[2024-06-04T08:06:13.995+0000] {processor.py:161} INFO - Started process (PID=1878) to work on /home/airflow/.local/lib/python3.8/site-packages/airflow/example_dags/example_sla_dag.py
[2024-06-04T08:06:13.997+0000] {processor.py:830} INFO - Processing file /home/airflow/.local/lib/python3.8/site-packages/airflow/example_dags/example_sla_dag.py for tasks to queue
[2024-06-04T08:06:13.999+0000] {logging_mixin.py:188} INFO - [2024-06-04T08:06:13.999+0000] {dagbag.py:540} INFO - Filling up the DagBag from /home/airflow/.local/lib/python3.8/site-packages/airflow/example_dags/example_sla_dag.py
[2024-06-04T08:06:14.011+0000] {processor.py:840} INFO - DAG(s) 'example_sla_dag' retrieved from /home/airflow/.local/lib/python3.8/site-packages/airflow/example_dags/example_sla_dag.py
[2024-06-04T08:06:14.040+0000] {logging_mixin.py:188} INFO - [2024-06-04T08:06:14.039+0000] {dag.py:3047} INFO - Sync 1 DAGs
[2024-06-04T08:06:14.066+0000] {logging_mixin.py:188} INFO - [2024-06-04T08:06:14.066+0000] {dag.py:3834} INFO - Setting next_dagrun for example_sla_dag to 2024-06-04 08:04:00+00:00, run_after=2024-06-04 08:06:00+00:00
[2024-06-04T08:06:14.085+0000] {processor.py:183} INFO - Processing /home/airflow/.local/lib/python3.8/site-packages/airflow/example_dags/example_sla_dag.py took 0.094 seconds
[2024-06-04T08:06:44.666+0000] {processor.py:161} INFO - Started process (PID=1936) to work on /home/airflow/.local/lib/python3.8/site-packages/airflow/example_dags/example_sla_dag.py
[2024-06-04T08:06:44.668+0000] {processor.py:830} INFO - Processing file /home/airflow/.local/lib/python3.8/site-packages/airflow/example_dags/example_sla_dag.py for tasks to queue
[2024-06-04T08:06:44.670+0000] {logging_mixin.py:188} INFO - [2024-06-04T08:06:44.670+0000] {dagbag.py:540} INFO - Filling up the DagBag from /home/airflow/.local/lib/python3.8/site-packages/airflow/example_dags/example_sla_dag.py
[2024-06-04T08:06:44.680+0000] {processor.py:840} INFO - DAG(s) 'example_sla_dag' retrieved from /home/airflow/.local/lib/python3.8/site-packages/airflow/example_dags/example_sla_dag.py
[2024-06-04T08:06:44.707+0000] {logging_mixin.py:188} INFO - [2024-06-04T08:06:44.707+0000] {dag.py:3047} INFO - Sync 1 DAGs
[2024-06-04T08:06:44.742+0000] {logging_mixin.py:188} INFO - [2024-06-04T08:06:44.742+0000] {dag.py:3834} INFO - Setting next_dagrun for example_sla_dag to 2024-06-04 08:04:00+00:00, run_after=2024-06-04 08:06:00+00:00
[2024-06-04T08:06:44.770+0000] {processor.py:183} INFO - Processing /home/airflow/.local/lib/python3.8/site-packages/airflow/example_dags/example_sla_dag.py took 0.109 seconds
[2024-06-04T08:07:15.250+0000] {processor.py:161} INFO - Started process (PID=1994) to work on /home/airflow/.local/lib/python3.8/site-packages/airflow/example_dags/example_sla_dag.py
[2024-06-04T08:07:15.252+0000] {processor.py:830} INFO - Processing file /home/airflow/.local/lib/python3.8/site-packages/airflow/example_dags/example_sla_dag.py for tasks to queue
[2024-06-04T08:07:15.255+0000] {logging_mixin.py:188} INFO - [2024-06-04T08:07:15.254+0000] {dagbag.py:540} INFO - Filling up the DagBag from /home/airflow/.local/lib/python3.8/site-packages/airflow/example_dags/example_sla_dag.py
[2024-06-04T08:07:15.267+0000] {processor.py:840} INFO - DAG(s) 'example_sla_dag' retrieved from /home/airflow/.local/lib/python3.8/site-packages/airflow/example_dags/example_sla_dag.py
[2024-06-04T08:07:15.290+0000] {logging_mixin.py:188} INFO - [2024-06-04T08:07:15.290+0000] {dag.py:3047} INFO - Sync 1 DAGs
[2024-06-04T08:07:15.321+0000] {logging_mixin.py:188} INFO - [2024-06-04T08:07:15.321+0000] {dag.py:3834} INFO - Setting next_dagrun for example_sla_dag to 2024-06-04 08:04:00+00:00, run_after=2024-06-04 08:06:00+00:00
[2024-06-04T08:07:15.351+0000] {processor.py:183} INFO - Processing /home/airflow/.local/lib/python3.8/site-packages/airflow/example_dags/example_sla_dag.py took 0.105 seconds
[2024-06-04T08:07:46.322+0000] {processor.py:161} INFO - Started process (PID=2052) to work on /home/airflow/.local/lib/python3.8/site-packages/airflow/example_dags/example_sla_dag.py
[2024-06-04T08:07:46.323+0000] {processor.py:830} INFO - Processing file /home/airflow/.local/lib/python3.8/site-packages/airflow/example_dags/example_sla_dag.py for tasks to queue
[2024-06-04T08:07:46.326+0000] {logging_mixin.py:188} INFO - [2024-06-04T08:07:46.325+0000] {dagbag.py:540} INFO - Filling up the DagBag from /home/airflow/.local/lib/python3.8/site-packages/airflow/example_dags/example_sla_dag.py
[2024-06-04T08:07:46.339+0000] {processor.py:840} INFO - DAG(s) 'example_sla_dag' retrieved from /home/airflow/.local/lib/python3.8/site-packages/airflow/example_dags/example_sla_dag.py
[2024-06-04T08:07:46.418+0000] {logging_mixin.py:188} INFO - [2024-06-04T08:07:46.418+0000] {dag.py:3047} INFO - Sync 1 DAGs
[2024-06-04T08:07:46.818+0000] {logging_mixin.py:188} INFO - [2024-06-04T08:07:46.818+0000] {dag.py:3834} INFO - Setting next_dagrun for example_sla_dag to 2024-06-04 08:04:00+00:00, run_after=2024-06-04 08:06:00+00:00
[2024-06-04T08:07:46.845+0000] {processor.py:183} INFO - Processing /home/airflow/.local/lib/python3.8/site-packages/airflow/example_dags/example_sla_dag.py took 0.528 seconds
[2024-06-04T08:08:17.125+0000] {processor.py:161} INFO - Started process (PID=2110) to work on /home/airflow/.local/lib/python3.8/site-packages/airflow/example_dags/example_sla_dag.py
[2024-06-04T08:08:17.127+0000] {processor.py:830} INFO - Processing file /home/airflow/.local/lib/python3.8/site-packages/airflow/example_dags/example_sla_dag.py for tasks to queue
[2024-06-04T08:08:17.129+0000] {logging_mixin.py:188} INFO - [2024-06-04T08:08:17.129+0000] {dagbag.py:540} INFO - Filling up the DagBag from /home/airflow/.local/lib/python3.8/site-packages/airflow/example_dags/example_sla_dag.py
[2024-06-04T08:08:17.141+0000] {processor.py:840} INFO - DAG(s) 'example_sla_dag' retrieved from /home/airflow/.local/lib/python3.8/site-packages/airflow/example_dags/example_sla_dag.py
[2024-06-04T08:08:17.164+0000] {logging_mixin.py:188} INFO - [2024-06-04T08:08:17.164+0000] {dag.py:3047} INFO - Sync 1 DAGs
[2024-06-04T08:08:17.208+0000] {logging_mixin.py:188} INFO - [2024-06-04T08:08:17.208+0000] {dag.py:3834} INFO - Setting next_dagrun for example_sla_dag to 2024-06-04 08:06:00+00:00, run_after=2024-06-04 08:08:00+00:00
[2024-06-04T08:08:17.426+0000] {processor.py:183} INFO - Processing /home/airflow/.local/lib/python3.8/site-packages/airflow/example_dags/example_sla_dag.py took 0.305 seconds
[2024-06-04T08:08:48.257+0000] {processor.py:161} INFO - Started process (PID=2167) to work on /home/airflow/.local/lib/python3.8/site-packages/airflow/example_dags/example_sla_dag.py
[2024-06-04T08:08:48.260+0000] {processor.py:830} INFO - Processing file /home/airflow/.local/lib/python3.8/site-packages/airflow/example_dags/example_sla_dag.py for tasks to queue
[2024-06-04T08:08:48.262+0000] {logging_mixin.py:188} INFO - [2024-06-04T08:08:48.262+0000] {dagbag.py:540} INFO - Filling up the DagBag from /home/airflow/.local/lib/python3.8/site-packages/airflow/example_dags/example_sla_dag.py
[2024-06-04T08:08:48.274+0000] {processor.py:840} INFO - DAG(s) 'example_sla_dag' retrieved from /home/airflow/.local/lib/python3.8/site-packages/airflow/example_dags/example_sla_dag.py
[2024-06-04T08:08:48.301+0000] {logging_mixin.py:188} INFO - [2024-06-04T08:08:48.301+0000] {dag.py:3047} INFO - Sync 1 DAGs
[2024-06-04T08:08:48.339+0000] {logging_mixin.py:188} INFO - [2024-06-04T08:08:48.339+0000] {dag.py:3834} INFO - Setting next_dagrun for example_sla_dag to 2024-06-04 08:06:00+00:00, run_after=2024-06-04 08:08:00+00:00
[2024-06-04T08:08:48.361+0000] {processor.py:183} INFO - Processing /home/airflow/.local/lib/python3.8/site-packages/airflow/example_dags/example_sla_dag.py took 0.110 seconds
[2024-06-04T08:09:18.594+0000] {processor.py:161} INFO - Started process (PID=2225) to work on /home/airflow/.local/lib/python3.8/site-packages/airflow/example_dags/example_sla_dag.py
[2024-06-04T08:09:18.595+0000] {processor.py:830} INFO - Processing file /home/airflow/.local/lib/python3.8/site-packages/airflow/example_dags/example_sla_dag.py for tasks to queue
[2024-06-04T08:09:18.597+0000] {logging_mixin.py:188} INFO - [2024-06-04T08:09:18.597+0000] {dagbag.py:540} INFO - Filling up the DagBag from /home/airflow/.local/lib/python3.8/site-packages/airflow/example_dags/example_sla_dag.py
[2024-06-04T08:09:18.608+0000] {processor.py:840} INFO - DAG(s) 'example_sla_dag' retrieved from /home/airflow/.local/lib/python3.8/site-packages/airflow/example_dags/example_sla_dag.py
[2024-06-04T08:09:18.636+0000] {logging_mixin.py:188} INFO - [2024-06-04T08:09:18.635+0000] {dag.py:3047} INFO - Sync 1 DAGs
[2024-06-04T08:09:18.672+0000] {logging_mixin.py:188} INFO - [2024-06-04T08:09:18.671+0000] {dag.py:3834} INFO - Setting next_dagrun for example_sla_dag to 2024-06-04 08:06:00+00:00, run_after=2024-06-04 08:08:00+00:00
[2024-06-04T08:09:18.698+0000] {processor.py:183} INFO - Processing /home/airflow/.local/lib/python3.8/site-packages/airflow/example_dags/example_sla_dag.py took 0.108 seconds
[2024-06-04T08:09:49.211+0000] {processor.py:161} INFO - Started process (PID=2283) to work on /home/airflow/.local/lib/python3.8/site-packages/airflow/example_dags/example_sla_dag.py
[2024-06-04T08:09:49.212+0000] {processor.py:830} INFO - Processing file /home/airflow/.local/lib/python3.8/site-packages/airflow/example_dags/example_sla_dag.py for tasks to queue
[2024-06-04T08:09:49.214+0000] {logging_mixin.py:188} INFO - [2024-06-04T08:09:49.214+0000] {dagbag.py:540} INFO - Filling up the DagBag from /home/airflow/.local/lib/python3.8/site-packages/airflow/example_dags/example_sla_dag.py
[2024-06-04T08:09:49.224+0000] {processor.py:840} INFO - DAG(s) 'example_sla_dag' retrieved from /home/airflow/.local/lib/python3.8/site-packages/airflow/example_dags/example_sla_dag.py
[2024-06-04T08:09:49.250+0000] {logging_mixin.py:188} INFO - [2024-06-04T08:09:49.249+0000] {dag.py:3047} INFO - Sync 1 DAGs
[2024-06-04T08:09:49.286+0000] {logging_mixin.py:188} INFO - [2024-06-04T08:09:49.285+0000] {dag.py:3834} INFO - Setting next_dagrun for example_sla_dag to 2024-06-04 08:06:00+00:00, run_after=2024-06-04 08:08:00+00:00
[2024-06-04T08:09:49.310+0000] {processor.py:183} INFO - Processing /home/airflow/.local/lib/python3.8/site-packages/airflow/example_dags/example_sla_dag.py took 0.103 seconds
[2024-06-04T08:10:19.634+0000] {processor.py:161} INFO - Started process (PID=2341) to work on /home/airflow/.local/lib/python3.8/site-packages/airflow/example_dags/example_sla_dag.py
[2024-06-04T08:10:19.635+0000] {processor.py:830} INFO - Processing file /home/airflow/.local/lib/python3.8/site-packages/airflow/example_dags/example_sla_dag.py for tasks to queue
[2024-06-04T08:10:19.637+0000] {logging_mixin.py:188} INFO - [2024-06-04T08:10:19.637+0000] {dagbag.py:540} INFO - Filling up the DagBag from /home/airflow/.local/lib/python3.8/site-packages/airflow/example_dags/example_sla_dag.py
[2024-06-04T08:10:19.647+0000] {processor.py:840} INFO - DAG(s) 'example_sla_dag' retrieved from /home/airflow/.local/lib/python3.8/site-packages/airflow/example_dags/example_sla_dag.py
[2024-06-04T08:10:19.673+0000] {logging_mixin.py:188} INFO - [2024-06-04T08:10:19.673+0000] {dag.py:3047} INFO - Sync 1 DAGs
[2024-06-04T08:10:19.702+0000] {logging_mixin.py:188} INFO - [2024-06-04T08:10:19.702+0000] {dag.py:3834} INFO - Setting next_dagrun for example_sla_dag to 2024-06-04 08:08:00+00:00, run_after=2024-06-04 08:10:00+00:00
[2024-06-04T08:10:19.723+0000] {processor.py:183} INFO - Processing /home/airflow/.local/lib/python3.8/site-packages/airflow/example_dags/example_sla_dag.py took 0.094 seconds
[2024-06-04T08:10:50.198+0000] {processor.py:161} INFO - Started process (PID=2399) to work on /home/airflow/.local/lib/python3.8/site-packages/airflow/example_dags/example_sla_dag.py
[2024-06-04T08:10:50.200+0000] {processor.py:830} INFO - Processing file /home/airflow/.local/lib/python3.8/site-packages/airflow/example_dags/example_sla_dag.py for tasks to queue
[2024-06-04T08:10:50.202+0000] {logging_mixin.py:188} INFO - [2024-06-04T08:10:50.202+0000] {dagbag.py:540} INFO - Filling up the DagBag from /home/airflow/.local/lib/python3.8/site-packages/airflow/example_dags/example_sla_dag.py
[2024-06-04T08:10:50.213+0000] {processor.py:840} INFO - DAG(s) 'example_sla_dag' retrieved from /home/airflow/.local/lib/python3.8/site-packages/airflow/example_dags/example_sla_dag.py
[2024-06-04T08:10:50.243+0000] {logging_mixin.py:188} INFO - [2024-06-04T08:10:50.243+0000] {dag.py:3047} INFO - Sync 1 DAGs
[2024-06-04T08:10:50.275+0000] {logging_mixin.py:188} INFO - [2024-06-04T08:10:50.275+0000] {dag.py:3834} INFO - Setting next_dagrun for example_sla_dag to 2024-06-04 08:08:00+00:00, run_after=2024-06-04 08:10:00+00:00
[2024-06-04T08:10:50.294+0000] {processor.py:183} INFO - Processing /home/airflow/.local/lib/python3.8/site-packages/airflow/example_dags/example_sla_dag.py took 0.099 seconds
[2024-06-04T08:11:20.356+0000] {processor.py:161} INFO - Started process (PID=2458) to work on /home/airflow/.local/lib/python3.8/site-packages/airflow/example_dags/example_sla_dag.py
[2024-06-04T08:11:20.357+0000] {processor.py:830} INFO - Processing file /home/airflow/.local/lib/python3.8/site-packages/airflow/example_dags/example_sla_dag.py for tasks to queue
[2024-06-04T08:11:20.360+0000] {logging_mixin.py:188} INFO - [2024-06-04T08:11:20.360+0000] {dagbag.py:540} INFO - Filling up the DagBag from /home/airflow/.local/lib/python3.8/site-packages/airflow/example_dags/example_sla_dag.py
[2024-06-04T08:11:20.372+0000] {processor.py:840} INFO - DAG(s) 'example_sla_dag' retrieved from /home/airflow/.local/lib/python3.8/site-packages/airflow/example_dags/example_sla_dag.py
[2024-06-04T08:11:20.399+0000] {logging_mixin.py:188} INFO - [2024-06-04T08:11:20.399+0000] {dag.py:3047} INFO - Sync 1 DAGs
[2024-06-04T08:11:20.432+0000] {logging_mixin.py:188} INFO - [2024-06-04T08:11:20.432+0000] {dag.py:3834} INFO - Setting next_dagrun for example_sla_dag to 2024-06-04 08:08:00+00:00, run_after=2024-06-04 08:10:00+00:00
[2024-06-04T08:11:20.456+0000] {processor.py:183} INFO - Processing /home/airflow/.local/lib/python3.8/site-packages/airflow/example_dags/example_sla_dag.py took 0.104 seconds
[2024-06-04T08:11:50.502+0000] {processor.py:161} INFO - Started process (PID=2517) to work on /home/airflow/.local/lib/python3.8/site-packages/airflow/example_dags/example_sla_dag.py
[2024-06-04T08:11:50.504+0000] {processor.py:830} INFO - Processing file /home/airflow/.local/lib/python3.8/site-packages/airflow/example_dags/example_sla_dag.py for tasks to queue
[2024-06-04T08:11:50.506+0000] {logging_mixin.py:188} INFO - [2024-06-04T08:11:50.506+0000] {dagbag.py:540} INFO - Filling up the DagBag from /home/airflow/.local/lib/python3.8/site-packages/airflow/example_dags/example_sla_dag.py
[2024-06-04T08:11:50.519+0000] {processor.py:840} INFO - DAG(s) 'example_sla_dag' retrieved from /home/airflow/.local/lib/python3.8/site-packages/airflow/example_dags/example_sla_dag.py
[2024-06-04T08:11:50.546+0000] {logging_mixin.py:188} INFO - [2024-06-04T08:11:50.545+0000] {dag.py:3047} INFO - Sync 1 DAGs
[2024-06-04T08:11:50.573+0000] {logging_mixin.py:188} INFO - [2024-06-04T08:11:50.572+0000] {dag.py:3834} INFO - Setting next_dagrun for example_sla_dag to 2024-06-04 08:08:00+00:00, run_after=2024-06-04 08:10:00+00:00
[2024-06-04T08:11:50.592+0000] {processor.py:183} INFO - Processing /home/airflow/.local/lib/python3.8/site-packages/airflow/example_dags/example_sla_dag.py took 0.095 seconds
[2024-06-04T08:12:21.478+0000] {processor.py:161} INFO - Started process (PID=2576) to work on /home/airflow/.local/lib/python3.8/site-packages/airflow/example_dags/example_sla_dag.py
[2024-06-04T08:12:21.479+0000] {processor.py:830} INFO - Processing file /home/airflow/.local/lib/python3.8/site-packages/airflow/example_dags/example_sla_dag.py for tasks to queue
[2024-06-04T08:12:21.481+0000] {logging_mixin.py:188} INFO - [2024-06-04T08:12:21.481+0000] {dagbag.py:540} INFO - Filling up the DagBag from /home/airflow/.local/lib/python3.8/site-packages/airflow/example_dags/example_sla_dag.py
[2024-06-04T08:12:21.491+0000] {processor.py:840} INFO - DAG(s) 'example_sla_dag' retrieved from /home/airflow/.local/lib/python3.8/site-packages/airflow/example_dags/example_sla_dag.py
[2024-06-04T08:12:21.518+0000] {logging_mixin.py:188} INFO - [2024-06-04T08:12:21.517+0000] {dag.py:3047} INFO - Sync 1 DAGs
[2024-06-04T08:12:21.555+0000] {logging_mixin.py:188} INFO - [2024-06-04T08:12:21.555+0000] {dag.py:3834} INFO - Setting next_dagrun for example_sla_dag to 2024-06-04 08:10:00+00:00, run_after=2024-06-04 08:12:00+00:00
[2024-06-04T08:12:21.580+0000] {processor.py:183} INFO - Processing /home/airflow/.local/lib/python3.8/site-packages/airflow/example_dags/example_sla_dag.py took 0.106 seconds
[2024-06-04T08:12:52.045+0000] {processor.py:161} INFO - Started process (PID=2635) to work on /home/airflow/.local/lib/python3.8/site-packages/airflow/example_dags/example_sla_dag.py
[2024-06-04T08:12:52.046+0000] {processor.py:830} INFO - Processing file /home/airflow/.local/lib/python3.8/site-packages/airflow/example_dags/example_sla_dag.py for tasks to queue
[2024-06-04T08:12:52.049+0000] {logging_mixin.py:188} INFO - [2024-06-04T08:12:52.048+0000] {dagbag.py:540} INFO - Filling up the DagBag from /home/airflow/.local/lib/python3.8/site-packages/airflow/example_dags/example_sla_dag.py
[2024-06-04T08:12:52.060+0000] {processor.py:840} INFO - DAG(s) 'example_sla_dag' retrieved from /home/airflow/.local/lib/python3.8/site-packages/airflow/example_dags/example_sla_dag.py
[2024-06-04T08:12:52.087+0000] {logging_mixin.py:188} INFO - [2024-06-04T08:12:52.087+0000] {dag.py:3047} INFO - Sync 1 DAGs
[2024-06-04T08:12:52.119+0000] {logging_mixin.py:188} INFO - [2024-06-04T08:12:52.119+0000] {dag.py:3834} INFO - Setting next_dagrun for example_sla_dag to 2024-06-04 08:10:00+00:00, run_after=2024-06-04 08:12:00+00:00
[2024-06-04T08:12:52.144+0000] {processor.py:183} INFO - Processing /home/airflow/.local/lib/python3.8/site-packages/airflow/example_dags/example_sla_dag.py took 0.104 seconds
[2024-06-04T08:13:22.353+0000] {processor.py:161} INFO - Started process (PID=2693) to work on /home/airflow/.local/lib/python3.8/site-packages/airflow/example_dags/example_sla_dag.py
[2024-06-04T08:13:22.354+0000] {processor.py:830} INFO - Processing file /home/airflow/.local/lib/python3.8/site-packages/airflow/example_dags/example_sla_dag.py for tasks to queue
[2024-06-04T08:13:22.357+0000] {logging_mixin.py:188} INFO - [2024-06-04T08:13:22.356+0000] {dagbag.py:540} INFO - Filling up the DagBag from /home/airflow/.local/lib/python3.8/site-packages/airflow/example_dags/example_sla_dag.py
[2024-06-04T08:13:22.405+0000] {processor.py:840} INFO - DAG(s) 'example_sla_dag' retrieved from /home/airflow/.local/lib/python3.8/site-packages/airflow/example_dags/example_sla_dag.py
[2024-06-04T08:13:22.439+0000] {logging_mixin.py:188} INFO - [2024-06-04T08:13:22.439+0000] {dag.py:3047} INFO - Sync 1 DAGs
[2024-06-04T08:13:22.516+0000] {logging_mixin.py:188} INFO - [2024-06-04T08:13:22.515+0000] {dag.py:3834} INFO - Setting next_dagrun for example_sla_dag to 2024-06-04 08:10:00+00:00, run_after=2024-06-04 08:12:00+00:00
[2024-06-04T08:13:22.541+0000] {processor.py:183} INFO - Processing /home/airflow/.local/lib/python3.8/site-packages/airflow/example_dags/example_sla_dag.py took 0.193 seconds
[2024-06-04T08:13:52.653+0000] {processor.py:161} INFO - Started process (PID=2752) to work on /home/airflow/.local/lib/python3.8/site-packages/airflow/example_dags/example_sla_dag.py
[2024-06-04T08:13:52.654+0000] {processor.py:830} INFO - Processing file /home/airflow/.local/lib/python3.8/site-packages/airflow/example_dags/example_sla_dag.py for tasks to queue
[2024-06-04T08:13:52.657+0000] {logging_mixin.py:188} INFO - [2024-06-04T08:13:52.656+0000] {dagbag.py:540} INFO - Filling up the DagBag from /home/airflow/.local/lib/python3.8/site-packages/airflow/example_dags/example_sla_dag.py
[2024-06-04T08:13:52.669+0000] {processor.py:840} INFO - DAG(s) 'example_sla_dag' retrieved from /home/airflow/.local/lib/python3.8/site-packages/airflow/example_dags/example_sla_dag.py
[2024-06-04T08:13:52.690+0000] {logging_mixin.py:188} INFO - [2024-06-04T08:13:52.690+0000] {dag.py:3047} INFO - Sync 1 DAGs
[2024-06-04T08:13:52.728+0000] {logging_mixin.py:188} INFO - [2024-06-04T08:13:52.727+0000] {dag.py:3834} INFO - Setting next_dagrun for example_sla_dag to 2024-06-04 08:10:00+00:00, run_after=2024-06-04 08:12:00+00:00
[2024-06-04T08:13:52.754+0000] {processor.py:183} INFO - Processing /home/airflow/.local/lib/python3.8/site-packages/airflow/example_dags/example_sla_dag.py took 0.107 seconds
[2024-06-04T08:14:23.501+0000] {processor.py:161} INFO - Started process (PID=2811) to work on /home/airflow/.local/lib/python3.8/site-packages/airflow/example_dags/example_sla_dag.py
[2024-06-04T08:14:23.503+0000] {processor.py:830} INFO - Processing file /home/airflow/.local/lib/python3.8/site-packages/airflow/example_dags/example_sla_dag.py for tasks to queue
[2024-06-04T08:14:23.505+0000] {logging_mixin.py:188} INFO - [2024-06-04T08:14:23.504+0000] {dagbag.py:540} INFO - Filling up the DagBag from /home/airflow/.local/lib/python3.8/site-packages/airflow/example_dags/example_sla_dag.py
[2024-06-04T08:14:23.516+0000] {processor.py:840} INFO - DAG(s) 'example_sla_dag' retrieved from /home/airflow/.local/lib/python3.8/site-packages/airflow/example_dags/example_sla_dag.py
[2024-06-04T08:14:23.634+0000] {logging_mixin.py:188} INFO - [2024-06-04T08:14:23.634+0000] {dag.py:3047} INFO - Sync 1 DAGs
[2024-06-04T08:14:23.664+0000] {logging_mixin.py:188} INFO - [2024-06-04T08:14:23.664+0000] {dag.py:3834} INFO - Setting next_dagrun for example_sla_dag to 2024-06-04 08:12:00+00:00, run_after=2024-06-04 08:14:00+00:00
[2024-06-04T08:14:23.688+0000] {processor.py:183} INFO - Processing /home/airflow/.local/lib/python3.8/site-packages/airflow/example_dags/example_sla_dag.py took 0.192 seconds
[2024-06-04T08:14:54.725+0000] {processor.py:161} INFO - Started process (PID=2870) to work on /home/airflow/.local/lib/python3.8/site-packages/airflow/example_dags/example_sla_dag.py
[2024-06-04T08:14:54.727+0000] {processor.py:830} INFO - Processing file /home/airflow/.local/lib/python3.8/site-packages/airflow/example_dags/example_sla_dag.py for tasks to queue
[2024-06-04T08:14:54.729+0000] {logging_mixin.py:188} INFO - [2024-06-04T08:14:54.729+0000] {dagbag.py:540} INFO - Filling up the DagBag from /home/airflow/.local/lib/python3.8/site-packages/airflow/example_dags/example_sla_dag.py
[2024-06-04T08:14:54.742+0000] {processor.py:840} INFO - DAG(s) 'example_sla_dag' retrieved from /home/airflow/.local/lib/python3.8/site-packages/airflow/example_dags/example_sla_dag.py
[2024-06-04T08:14:54.822+0000] {logging_mixin.py:188} INFO - [2024-06-04T08:14:54.821+0000] {dag.py:3047} INFO - Sync 1 DAGs
[2024-06-04T08:14:54.911+0000] {logging_mixin.py:188} INFO - [2024-06-04T08:14:54.910+0000] {dag.py:3834} INFO - Setting next_dagrun for example_sla_dag to 2024-06-04 08:12:00+00:00, run_after=2024-06-04 08:14:00+00:00
[2024-06-04T08:14:54.938+0000] {processor.py:183} INFO - Processing /home/airflow/.local/lib/python3.8/site-packages/airflow/example_dags/example_sla_dag.py took 0.217 seconds
[2024-06-04T08:15:41.201+0000] {processor.py:161} INFO - Started process (PID=2982) to work on /home/airflow/.local/lib/python3.8/site-packages/airflow/example_dags/example_sla_dag.py
[2024-06-04T08:15:41.203+0000] {processor.py:830} INFO - Processing file /home/airflow/.local/lib/python3.8/site-packages/airflow/example_dags/example_sla_dag.py for tasks to queue
[2024-06-04T08:15:41.206+0000] {logging_mixin.py:188} INFO - [2024-06-04T08:15:41.205+0000] {dagbag.py:540} INFO - Filling up the DagBag from /home/airflow/.local/lib/python3.8/site-packages/airflow/example_dags/example_sla_dag.py
[2024-06-04T08:15:41.310+0000] {processor.py:840} INFO - DAG(s) 'example_sla_dag' retrieved from /home/airflow/.local/lib/python3.8/site-packages/airflow/example_dags/example_sla_dag.py
[2024-06-04T08:15:41.614+0000] {logging_mixin.py:188} INFO - [2024-06-04T08:15:41.613+0000] {dag.py:3047} INFO - Sync 1 DAGs
[2024-06-04T08:15:42.007+0000] {logging_mixin.py:188} INFO - [2024-06-04T08:15:42.006+0000] {dag.py:3834} INFO - Setting next_dagrun for example_sla_dag to 2024-06-04 08:12:00+00:00, run_after=2024-06-04 08:14:00+00:00
[2024-06-04T08:15:42.116+0000] {processor.py:183} INFO - Processing /home/airflow/.local/lib/python3.8/site-packages/airflow/example_dags/example_sla_dag.py took 1.000 seconds
[2024-06-04T08:16:12.613+0000] {processor.py:161} INFO - Started process (PID=3045) to work on /home/airflow/.local/lib/python3.8/site-packages/airflow/example_dags/example_sla_dag.py
[2024-06-04T08:16:12.616+0000] {processor.py:830} INFO - Processing file /home/airflow/.local/lib/python3.8/site-packages/airflow/example_dags/example_sla_dag.py for tasks to queue
[2024-06-04T08:16:12.703+0000] {logging_mixin.py:188} INFO - [2024-06-04T08:16:12.702+0000] {dagbag.py:540} INFO - Filling up the DagBag from /home/airflow/.local/lib/python3.8/site-packages/airflow/example_dags/example_sla_dag.py
[2024-06-04T08:16:12.717+0000] {processor.py:840} INFO - DAG(s) 'example_sla_dag' retrieved from /home/airflow/.local/lib/python3.8/site-packages/airflow/example_dags/example_sla_dag.py
[2024-06-04T08:16:12.917+0000] {logging_mixin.py:188} INFO - [2024-06-04T08:16:12.916+0000] {dag.py:3047} INFO - Sync 1 DAGs
[2024-06-04T08:16:13.118+0000] {logging_mixin.py:188} INFO - [2024-06-04T08:16:13.118+0000] {dag.py:3834} INFO - Setting next_dagrun for example_sla_dag to 2024-06-04 08:14:00+00:00, run_after=2024-06-04 08:16:00+00:00
[2024-06-04T08:16:13.410+0000] {processor.py:183} INFO - Processing /home/airflow/.local/lib/python3.8/site-packages/airflow/example_dags/example_sla_dag.py took 0.802 seconds
[2024-06-04T08:16:44.013+0000] {processor.py:161} INFO - Started process (PID=3150) to work on /home/airflow/.local/lib/python3.8/site-packages/airflow/example_dags/example_sla_dag.py
[2024-06-04T08:16:44.105+0000] {processor.py:830} INFO - Processing file /home/airflow/.local/lib/python3.8/site-packages/airflow/example_dags/example_sla_dag.py for tasks to queue
[2024-06-04T08:16:44.108+0000] {logging_mixin.py:188} INFO - [2024-06-04T08:16:44.108+0000] {dagbag.py:540} INFO - Filling up the DagBag from /home/airflow/.local/lib/python3.8/site-packages/airflow/example_dags/example_sla_dag.py
[2024-06-04T08:16:44.304+0000] {processor.py:840} INFO - DAG(s) 'example_sla_dag' retrieved from /home/airflow/.local/lib/python3.8/site-packages/airflow/example_dags/example_sla_dag.py
[2024-06-04T08:16:44.704+0000] {logging_mixin.py:188} INFO - [2024-06-04T08:16:44.703+0000] {dag.py:3047} INFO - Sync 1 DAGs
[2024-06-04T08:16:44.908+0000] {logging_mixin.py:188} INFO - [2024-06-04T08:16:44.907+0000] {dag.py:3834} INFO - Setting next_dagrun for example_sla_dag to 2024-06-04 08:14:00+00:00, run_after=2024-06-04 08:16:00+00:00
[2024-06-04T08:16:45.113+0000] {processor.py:183} INFO - Processing /home/airflow/.local/lib/python3.8/site-packages/airflow/example_dags/example_sla_dag.py took 1.205 seconds
[2024-06-04T08:17:15.703+0000] {processor.py:161} INFO - Started process (PID=3208) to work on /home/airflow/.local/lib/python3.8/site-packages/airflow/example_dags/example_sla_dag.py
[2024-06-04T08:17:15.711+0000] {processor.py:830} INFO - Processing file /home/airflow/.local/lib/python3.8/site-packages/airflow/example_dags/example_sla_dag.py for tasks to queue
[2024-06-04T08:17:15.714+0000] {logging_mixin.py:188} INFO - [2024-06-04T08:17:15.713+0000] {dagbag.py:540} INFO - Filling up the DagBag from /home/airflow/.local/lib/python3.8/site-packages/airflow/example_dags/example_sla_dag.py
[2024-06-04T08:17:15.808+0000] {processor.py:840} INFO - DAG(s) 'example_sla_dag' retrieved from /home/airflow/.local/lib/python3.8/site-packages/airflow/example_dags/example_sla_dag.py
[2024-06-04T08:17:16.006+0000] {logging_mixin.py:188} INFO - [2024-06-04T08:17:16.006+0000] {dag.py:3047} INFO - Sync 1 DAGs
[2024-06-04T08:17:16.214+0000] {logging_mixin.py:188} INFO - [2024-06-04T08:17:16.214+0000] {dag.py:3834} INFO - Setting next_dagrun for example_sla_dag to 2024-06-04 08:14:00+00:00, run_after=2024-06-04 08:16:00+00:00
[2024-06-04T08:17:16.414+0000] {processor.py:183} INFO - Processing /home/airflow/.local/lib/python3.8/site-packages/airflow/example_dags/example_sla_dag.py took 0.802 seconds
