[2024-06-04T07:51:27.223+0000] {processor.py:161} INFO - Started process (PID=193) to work on /home/airflow/.local/lib/python3.8/site-packages/airflow/example_dags/example_task_group_decorator.py
[2024-06-04T07:51:27.224+0000] {processor.py:830} INFO - Processing file /home/airflow/.local/lib/python3.8/site-packages/airflow/example_dags/example_task_group_decorator.py for tasks to queue
[2024-06-04T07:51:27.227+0000] {logging_mixin.py:188} INFO - [2024-06-04T07:51:27.227+0000] {dagbag.py:540} INFO - Filling up the DagBag from /home/airflow/.local/lib/python3.8/site-packages/airflow/example_dags/example_task_group_decorator.py
[2024-06-04T07:51:27.243+0000] {processor.py:840} INFO - DAG(s) 'example_task_group_decorator' retrieved from /home/airflow/.local/lib/python3.8/site-packages/airflow/example_dags/example_task_group_decorator.py
[2024-06-04T07:51:27.431+0000] {logging_mixin.py:188} INFO - [2024-06-04T07:51:27.431+0000] {dag.py:3047} INFO - Sync 1 DAGs
[2024-06-04T07:51:27.453+0000] {logging_mixin.py:188} INFO - [2024-06-04T07:51:27.453+0000] {dag.py:3834} INFO - Setting next_dagrun for example_task_group_decorator to 2024-06-03 00:00:00+00:00, run_after=2024-06-04 00:00:00+00:00
[2024-06-04T07:51:27.526+0000] {processor.py:183} INFO - Processing /home/airflow/.local/lib/python3.8/site-packages/airflow/example_dags/example_task_group_decorator.py took 0.308 seconds
[2024-06-04T07:51:58.105+0000] {processor.py:161} INFO - Started process (PID=251) to work on /home/airflow/.local/lib/python3.8/site-packages/airflow/example_dags/example_task_group_decorator.py
[2024-06-04T07:51:58.107+0000] {processor.py:830} INFO - Processing file /home/airflow/.local/lib/python3.8/site-packages/airflow/example_dags/example_task_group_decorator.py for tasks to queue
[2024-06-04T07:51:58.109+0000] {logging_mixin.py:188} INFO - [2024-06-04T07:51:58.108+0000] {dagbag.py:540} INFO - Filling up the DagBag from /home/airflow/.local/lib/python3.8/site-packages/airflow/example_dags/example_task_group_decorator.py
[2024-06-04T07:51:58.127+0000] {processor.py:840} INFO - DAG(s) 'example_task_group_decorator' retrieved from /home/airflow/.local/lib/python3.8/site-packages/airflow/example_dags/example_task_group_decorator.py
[2024-06-04T07:51:58.155+0000] {logging_mixin.py:188} INFO - [2024-06-04T07:51:58.155+0000] {dag.py:3047} INFO - Sync 1 DAGs
[2024-06-04T07:51:58.178+0000] {logging_mixin.py:188} INFO - [2024-06-04T07:51:58.178+0000] {dag.py:3834} INFO - Setting next_dagrun for example_task_group_decorator to 2024-06-03 00:00:00+00:00, run_after=2024-06-04 00:00:00+00:00
[2024-06-04T07:51:58.204+0000] {processor.py:183} INFO - Processing /home/airflow/.local/lib/python3.8/site-packages/airflow/example_dags/example_task_group_decorator.py took 0.103 seconds
[2024-06-04T07:52:28.495+0000] {processor.py:161} INFO - Started process (PID=309) to work on /home/airflow/.local/lib/python3.8/site-packages/airflow/example_dags/example_task_group_decorator.py
[2024-06-04T07:52:28.497+0000] {processor.py:830} INFO - Processing file /home/airflow/.local/lib/python3.8/site-packages/airflow/example_dags/example_task_group_decorator.py for tasks to queue
[2024-06-04T07:52:28.499+0000] {logging_mixin.py:188} INFO - [2024-06-04T07:52:28.498+0000] {dagbag.py:540} INFO - Filling up the DagBag from /home/airflow/.local/lib/python3.8/site-packages/airflow/example_dags/example_task_group_decorator.py
[2024-06-04T07:52:28.520+0000] {processor.py:840} INFO - DAG(s) 'example_task_group_decorator' retrieved from /home/airflow/.local/lib/python3.8/site-packages/airflow/example_dags/example_task_group_decorator.py
[2024-06-04T07:52:28.552+0000] {logging_mixin.py:188} INFO - [2024-06-04T07:52:28.551+0000] {dag.py:3047} INFO - Sync 1 DAGs
[2024-06-04T07:52:28.576+0000] {logging_mixin.py:188} INFO - [2024-06-04T07:52:28.576+0000] {dag.py:3834} INFO - Setting next_dagrun for example_task_group_decorator to 2024-06-03 00:00:00+00:00, run_after=2024-06-04 00:00:00+00:00
[2024-06-04T07:52:28.593+0000] {processor.py:183} INFO - Processing /home/airflow/.local/lib/python3.8/site-packages/airflow/example_dags/example_task_group_decorator.py took 0.101 seconds
[2024-06-04T07:52:58.818+0000] {processor.py:161} INFO - Started process (PID=367) to work on /home/airflow/.local/lib/python3.8/site-packages/airflow/example_dags/example_task_group_decorator.py
[2024-06-04T07:52:58.819+0000] {processor.py:830} INFO - Processing file /home/airflow/.local/lib/python3.8/site-packages/airflow/example_dags/example_task_group_decorator.py for tasks to queue
[2024-06-04T07:52:58.822+0000] {logging_mixin.py:188} INFO - [2024-06-04T07:52:58.821+0000] {dagbag.py:540} INFO - Filling up the DagBag from /home/airflow/.local/lib/python3.8/site-packages/airflow/example_dags/example_task_group_decorator.py
[2024-06-04T07:52:58.843+0000] {processor.py:840} INFO - DAG(s) 'example_task_group_decorator' retrieved from /home/airflow/.local/lib/python3.8/site-packages/airflow/example_dags/example_task_group_decorator.py
[2024-06-04T07:52:58.876+0000] {logging_mixin.py:188} INFO - [2024-06-04T07:52:58.876+0000] {dag.py:3047} INFO - Sync 1 DAGs
[2024-06-04T07:52:58.899+0000] {logging_mixin.py:188} INFO - [2024-06-04T07:52:58.899+0000] {dag.py:3834} INFO - Setting next_dagrun for example_task_group_decorator to 2024-06-03 00:00:00+00:00, run_after=2024-06-04 00:00:00+00:00
[2024-06-04T07:52:58.927+0000] {processor.py:183} INFO - Processing /home/airflow/.local/lib/python3.8/site-packages/airflow/example_dags/example_task_group_decorator.py took 0.114 seconds
[2024-06-04T07:53:29.162+0000] {processor.py:161} INFO - Started process (PID=425) to work on /home/airflow/.local/lib/python3.8/site-packages/airflow/example_dags/example_task_group_decorator.py
[2024-06-04T07:53:29.163+0000] {processor.py:830} INFO - Processing file /home/airflow/.local/lib/python3.8/site-packages/airflow/example_dags/example_task_group_decorator.py for tasks to queue
[2024-06-04T07:53:29.165+0000] {logging_mixin.py:188} INFO - [2024-06-04T07:53:29.164+0000] {dagbag.py:540} INFO - Filling up the DagBag from /home/airflow/.local/lib/python3.8/site-packages/airflow/example_dags/example_task_group_decorator.py
[2024-06-04T07:53:29.179+0000] {processor.py:840} INFO - DAG(s) 'example_task_group_decorator' retrieved from /home/airflow/.local/lib/python3.8/site-packages/airflow/example_dags/example_task_group_decorator.py
[2024-06-04T07:53:29.209+0000] {logging_mixin.py:188} INFO - [2024-06-04T07:53:29.208+0000] {dag.py:3047} INFO - Sync 1 DAGs
[2024-06-04T07:53:29.240+0000] {logging_mixin.py:188} INFO - [2024-06-04T07:53:29.239+0000] {dag.py:3834} INFO - Setting next_dagrun for example_task_group_decorator to 2024-06-03 00:00:00+00:00, run_after=2024-06-04 00:00:00+00:00
[2024-06-04T07:53:29.261+0000] {processor.py:183} INFO - Processing /home/airflow/.local/lib/python3.8/site-packages/airflow/example_dags/example_task_group_decorator.py took 0.103 seconds
[2024-06-04T07:53:59.808+0000] {processor.py:161} INFO - Started process (PID=483) to work on /home/airflow/.local/lib/python3.8/site-packages/airflow/example_dags/example_task_group_decorator.py
[2024-06-04T07:53:59.810+0000] {processor.py:830} INFO - Processing file /home/airflow/.local/lib/python3.8/site-packages/airflow/example_dags/example_task_group_decorator.py for tasks to queue
[2024-06-04T07:53:59.812+0000] {logging_mixin.py:188} INFO - [2024-06-04T07:53:59.811+0000] {dagbag.py:540} INFO - Filling up the DagBag from /home/airflow/.local/lib/python3.8/site-packages/airflow/example_dags/example_task_group_decorator.py
[2024-06-04T07:53:59.829+0000] {processor.py:840} INFO - DAG(s) 'example_task_group_decorator' retrieved from /home/airflow/.local/lib/python3.8/site-packages/airflow/example_dags/example_task_group_decorator.py
[2024-06-04T07:53:59.909+0000] {logging_mixin.py:188} INFO - [2024-06-04T07:53:59.909+0000] {dag.py:3047} INFO - Sync 1 DAGs
[2024-06-04T07:53:59.939+0000] {logging_mixin.py:188} INFO - [2024-06-04T07:53:59.938+0000] {dag.py:3834} INFO - Setting next_dagrun for example_task_group_decorator to 2024-06-03 00:00:00+00:00, run_after=2024-06-04 00:00:00+00:00
[2024-06-04T07:54:00.017+0000] {processor.py:183} INFO - Processing /home/airflow/.local/lib/python3.8/site-packages/airflow/example_dags/example_task_group_decorator.py took 0.213 seconds
[2024-06-04T07:54:30.811+0000] {processor.py:161} INFO - Started process (PID=541) to work on /home/airflow/.local/lib/python3.8/site-packages/airflow/example_dags/example_task_group_decorator.py
[2024-06-04T07:54:30.812+0000] {processor.py:830} INFO - Processing file /home/airflow/.local/lib/python3.8/site-packages/airflow/example_dags/example_task_group_decorator.py for tasks to queue
[2024-06-04T07:54:30.814+0000] {logging_mixin.py:188} INFO - [2024-06-04T07:54:30.814+0000] {dagbag.py:540} INFO - Filling up the DagBag from /home/airflow/.local/lib/python3.8/site-packages/airflow/example_dags/example_task_group_decorator.py
[2024-06-04T07:54:30.832+0000] {processor.py:840} INFO - DAG(s) 'example_task_group_decorator' retrieved from /home/airflow/.local/lib/python3.8/site-packages/airflow/example_dags/example_task_group_decorator.py
[2024-06-04T07:54:30.920+0000] {logging_mixin.py:188} INFO - [2024-06-04T07:54:30.920+0000] {dag.py:3047} INFO - Sync 1 DAGs
[2024-06-04T07:54:31.002+0000] {logging_mixin.py:188} INFO - [2024-06-04T07:54:31.001+0000] {dag.py:3834} INFO - Setting next_dagrun for example_task_group_decorator to 2024-06-03 00:00:00+00:00, run_after=2024-06-04 00:00:00+00:00
[2024-06-04T07:54:31.025+0000] {processor.py:183} INFO - Processing /home/airflow/.local/lib/python3.8/site-packages/airflow/example_dags/example_task_group_decorator.py took 0.218 seconds
[2024-06-04T07:55:01.170+0000] {processor.py:161} INFO - Started process (PID=599) to work on /home/airflow/.local/lib/python3.8/site-packages/airflow/example_dags/example_task_group_decorator.py
[2024-06-04T07:55:01.171+0000] {processor.py:830} INFO - Processing file /home/airflow/.local/lib/python3.8/site-packages/airflow/example_dags/example_task_group_decorator.py for tasks to queue
[2024-06-04T07:55:01.173+0000] {logging_mixin.py:188} INFO - [2024-06-04T07:55:01.173+0000] {dagbag.py:540} INFO - Filling up the DagBag from /home/airflow/.local/lib/python3.8/site-packages/airflow/example_dags/example_task_group_decorator.py
[2024-06-04T07:55:01.189+0000] {processor.py:840} INFO - DAG(s) 'example_task_group_decorator' retrieved from /home/airflow/.local/lib/python3.8/site-packages/airflow/example_dags/example_task_group_decorator.py
[2024-06-04T07:55:01.218+0000] {logging_mixin.py:188} INFO - [2024-06-04T07:55:01.217+0000] {dag.py:3047} INFO - Sync 1 DAGs
[2024-06-04T07:55:01.241+0000] {logging_mixin.py:188} INFO - [2024-06-04T07:55:01.240+0000] {dag.py:3834} INFO - Setting next_dagrun for example_task_group_decorator to 2024-06-03 00:00:00+00:00, run_after=2024-06-04 00:00:00+00:00
[2024-06-04T07:55:01.259+0000] {processor.py:183} INFO - Processing /home/airflow/.local/lib/python3.8/site-packages/airflow/example_dags/example_task_group_decorator.py took 0.093 seconds
[2024-06-04T07:55:31.337+0000] {processor.py:161} INFO - Started process (PID=657) to work on /home/airflow/.local/lib/python3.8/site-packages/airflow/example_dags/example_task_group_decorator.py
[2024-06-04T07:55:31.338+0000] {processor.py:830} INFO - Processing file /home/airflow/.local/lib/python3.8/site-packages/airflow/example_dags/example_task_group_decorator.py for tasks to queue
[2024-06-04T07:55:31.340+0000] {logging_mixin.py:188} INFO - [2024-06-04T07:55:31.340+0000] {dagbag.py:540} INFO - Filling up the DagBag from /home/airflow/.local/lib/python3.8/site-packages/airflow/example_dags/example_task_group_decorator.py
[2024-06-04T07:55:31.356+0000] {processor.py:840} INFO - DAG(s) 'example_task_group_decorator' retrieved from /home/airflow/.local/lib/python3.8/site-packages/airflow/example_dags/example_task_group_decorator.py
[2024-06-04T07:55:31.383+0000] {logging_mixin.py:188} INFO - [2024-06-04T07:55:31.383+0000] {dag.py:3047} INFO - Sync 1 DAGs
[2024-06-04T07:55:31.407+0000] {logging_mixin.py:188} INFO - [2024-06-04T07:55:31.407+0000] {dag.py:3834} INFO - Setting next_dagrun for example_task_group_decorator to 2024-06-03 00:00:00+00:00, run_after=2024-06-04 00:00:00+00:00
[2024-06-04T07:55:31.431+0000] {processor.py:183} INFO - Processing /home/airflow/.local/lib/python3.8/site-packages/airflow/example_dags/example_task_group_decorator.py took 0.098 seconds
[2024-06-04T07:56:02.142+0000] {processor.py:161} INFO - Started process (PID=715) to work on /home/airflow/.local/lib/python3.8/site-packages/airflow/example_dags/example_task_group_decorator.py
[2024-06-04T07:56:02.143+0000] {processor.py:830} INFO - Processing file /home/airflow/.local/lib/python3.8/site-packages/airflow/example_dags/example_task_group_decorator.py for tasks to queue
[2024-06-04T07:56:02.145+0000] {logging_mixin.py:188} INFO - [2024-06-04T07:56:02.145+0000] {dagbag.py:540} INFO - Filling up the DagBag from /home/airflow/.local/lib/python3.8/site-packages/airflow/example_dags/example_task_group_decorator.py
[2024-06-04T07:56:02.162+0000] {processor.py:840} INFO - DAG(s) 'example_task_group_decorator' retrieved from /home/airflow/.local/lib/python3.8/site-packages/airflow/example_dags/example_task_group_decorator.py
[2024-06-04T07:56:02.194+0000] {logging_mixin.py:188} INFO - [2024-06-04T07:56:02.193+0000] {dag.py:3047} INFO - Sync 1 DAGs
[2024-06-04T07:56:02.226+0000] {logging_mixin.py:188} INFO - [2024-06-04T07:56:02.225+0000] {dag.py:3834} INFO - Setting next_dagrun for example_task_group_decorator to 2024-06-03 00:00:00+00:00, run_after=2024-06-04 00:00:00+00:00
[2024-06-04T07:56:02.251+0000] {processor.py:183} INFO - Processing /home/airflow/.local/lib/python3.8/site-packages/airflow/example_dags/example_task_group_decorator.py took 0.113 seconds
[2024-06-04T07:56:32.869+0000] {processor.py:161} INFO - Started process (PID=773) to work on /home/airflow/.local/lib/python3.8/site-packages/airflow/example_dags/example_task_group_decorator.py
[2024-06-04T07:56:32.870+0000] {processor.py:830} INFO - Processing file /home/airflow/.local/lib/python3.8/site-packages/airflow/example_dags/example_task_group_decorator.py for tasks to queue
[2024-06-04T07:56:32.872+0000] {logging_mixin.py:188} INFO - [2024-06-04T07:56:32.872+0000] {dagbag.py:540} INFO - Filling up the DagBag from /home/airflow/.local/lib/python3.8/site-packages/airflow/example_dags/example_task_group_decorator.py
[2024-06-04T07:56:32.887+0000] {processor.py:840} INFO - DAG(s) 'example_task_group_decorator' retrieved from /home/airflow/.local/lib/python3.8/site-packages/airflow/example_dags/example_task_group_decorator.py
[2024-06-04T07:56:32.914+0000] {logging_mixin.py:188} INFO - [2024-06-04T07:56:32.913+0000] {dag.py:3047} INFO - Sync 1 DAGs
[2024-06-04T07:56:32.936+0000] {logging_mixin.py:188} INFO - [2024-06-04T07:56:32.936+0000] {dag.py:3834} INFO - Setting next_dagrun for example_task_group_decorator to 2024-06-03 00:00:00+00:00, run_after=2024-06-04 00:00:00+00:00
[2024-06-04T07:56:32.954+0000] {processor.py:183} INFO - Processing /home/airflow/.local/lib/python3.8/site-packages/airflow/example_dags/example_task_group_decorator.py took 0.088 seconds
[2024-06-04T07:57:03.455+0000] {processor.py:161} INFO - Started process (PID=831) to work on /home/airflow/.local/lib/python3.8/site-packages/airflow/example_dags/example_task_group_decorator.py
[2024-06-04T07:57:03.457+0000] {processor.py:830} INFO - Processing file /home/airflow/.local/lib/python3.8/site-packages/airflow/example_dags/example_task_group_decorator.py for tasks to queue
[2024-06-04T07:57:03.458+0000] {logging_mixin.py:188} INFO - [2024-06-04T07:57:03.458+0000] {dagbag.py:540} INFO - Filling up the DagBag from /home/airflow/.local/lib/python3.8/site-packages/airflow/example_dags/example_task_group_decorator.py
[2024-06-04T07:57:03.474+0000] {processor.py:840} INFO - DAG(s) 'example_task_group_decorator' retrieved from /home/airflow/.local/lib/python3.8/site-packages/airflow/example_dags/example_task_group_decorator.py
[2024-06-04T07:57:03.506+0000] {logging_mixin.py:188} INFO - [2024-06-04T07:57:03.506+0000] {dag.py:3047} INFO - Sync 1 DAGs
[2024-06-04T07:57:03.533+0000] {logging_mixin.py:188} INFO - [2024-06-04T07:57:03.533+0000] {dag.py:3834} INFO - Setting next_dagrun for example_task_group_decorator to 2024-06-03 00:00:00+00:00, run_after=2024-06-04 00:00:00+00:00
[2024-06-04T07:57:03.554+0000] {processor.py:183} INFO - Processing /home/airflow/.local/lib/python3.8/site-packages/airflow/example_dags/example_task_group_decorator.py took 0.102 seconds
[2024-06-04T07:57:33.969+0000] {processor.py:161} INFO - Started process (PID=889) to work on /home/airflow/.local/lib/python3.8/site-packages/airflow/example_dags/example_task_group_decorator.py
[2024-06-04T07:57:33.971+0000] {processor.py:830} INFO - Processing file /home/airflow/.local/lib/python3.8/site-packages/airflow/example_dags/example_task_group_decorator.py for tasks to queue
[2024-06-04T07:57:33.972+0000] {logging_mixin.py:188} INFO - [2024-06-04T07:57:33.972+0000] {dagbag.py:540} INFO - Filling up the DagBag from /home/airflow/.local/lib/python3.8/site-packages/airflow/example_dags/example_task_group_decorator.py
[2024-06-04T07:57:33.987+0000] {processor.py:840} INFO - DAG(s) 'example_task_group_decorator' retrieved from /home/airflow/.local/lib/python3.8/site-packages/airflow/example_dags/example_task_group_decorator.py
[2024-06-04T07:57:34.014+0000] {logging_mixin.py:188} INFO - [2024-06-04T07:57:34.014+0000] {dag.py:3047} INFO - Sync 1 DAGs
[2024-06-04T07:57:34.037+0000] {logging_mixin.py:188} INFO - [2024-06-04T07:57:34.037+0000] {dag.py:3834} INFO - Setting next_dagrun for example_task_group_decorator to 2024-06-03 00:00:00+00:00, run_after=2024-06-04 00:00:00+00:00
[2024-06-04T07:57:34.055+0000] {processor.py:183} INFO - Processing /home/airflow/.local/lib/python3.8/site-packages/airflow/example_dags/example_task_group_decorator.py took 0.089 seconds
[2024-06-04T07:58:04.386+0000] {processor.py:161} INFO - Started process (PID=947) to work on /home/airflow/.local/lib/python3.8/site-packages/airflow/example_dags/example_task_group_decorator.py
[2024-06-04T07:58:04.387+0000] {processor.py:830} INFO - Processing file /home/airflow/.local/lib/python3.8/site-packages/airflow/example_dags/example_task_group_decorator.py for tasks to queue
[2024-06-04T07:58:04.389+0000] {logging_mixin.py:188} INFO - [2024-06-04T07:58:04.389+0000] {dagbag.py:540} INFO - Filling up the DagBag from /home/airflow/.local/lib/python3.8/site-packages/airflow/example_dags/example_task_group_decorator.py
[2024-06-04T07:58:04.404+0000] {processor.py:840} INFO - DAG(s) 'example_task_group_decorator' retrieved from /home/airflow/.local/lib/python3.8/site-packages/airflow/example_dags/example_task_group_decorator.py
[2024-06-04T07:58:04.437+0000] {logging_mixin.py:188} INFO - [2024-06-04T07:58:04.437+0000] {dag.py:3047} INFO - Sync 1 DAGs
[2024-06-04T07:58:04.463+0000] {logging_mixin.py:188} INFO - [2024-06-04T07:58:04.462+0000] {dag.py:3834} INFO - Setting next_dagrun for example_task_group_decorator to 2024-06-03 00:00:00+00:00, run_after=2024-06-04 00:00:00+00:00
[2024-06-04T07:58:04.481+0000] {processor.py:183} INFO - Processing /home/airflow/.local/lib/python3.8/site-packages/airflow/example_dags/example_task_group_decorator.py took 0.099 seconds
[2024-06-04T07:58:34.814+0000] {processor.py:161} INFO - Started process (PID=1011) to work on /home/airflow/.local/lib/python3.8/site-packages/airflow/example_dags/example_task_group_decorator.py
[2024-06-04T07:58:34.815+0000] {processor.py:830} INFO - Processing file /home/airflow/.local/lib/python3.8/site-packages/airflow/example_dags/example_task_group_decorator.py for tasks to queue
[2024-06-04T07:58:34.817+0000] {logging_mixin.py:188} INFO - [2024-06-04T07:58:34.817+0000] {dagbag.py:540} INFO - Filling up the DagBag from /home/airflow/.local/lib/python3.8/site-packages/airflow/example_dags/example_task_group_decorator.py
[2024-06-04T07:58:34.833+0000] {processor.py:840} INFO - DAG(s) 'example_task_group_decorator' retrieved from /home/airflow/.local/lib/python3.8/site-packages/airflow/example_dags/example_task_group_decorator.py
[2024-06-04T07:58:34.861+0000] {logging_mixin.py:188} INFO - [2024-06-04T07:58:34.861+0000] {dag.py:3047} INFO - Sync 1 DAGs
[2024-06-04T07:58:34.885+0000] {logging_mixin.py:188} INFO - [2024-06-04T07:58:34.885+0000] {dag.py:3834} INFO - Setting next_dagrun for example_task_group_decorator to 2024-06-03 00:00:00+00:00, run_after=2024-06-04 00:00:00+00:00
[2024-06-04T07:58:34.902+0000] {processor.py:183} INFO - Processing /home/airflow/.local/lib/python3.8/site-packages/airflow/example_dags/example_task_group_decorator.py took 0.093 seconds
[2024-06-04T07:59:04.995+0000] {processor.py:161} INFO - Started process (PID=1070) to work on /home/airflow/.local/lib/python3.8/site-packages/airflow/example_dags/example_task_group_decorator.py
[2024-06-04T07:59:04.996+0000] {processor.py:830} INFO - Processing file /home/airflow/.local/lib/python3.8/site-packages/airflow/example_dags/example_task_group_decorator.py for tasks to queue
[2024-06-04T07:59:04.998+0000] {logging_mixin.py:188} INFO - [2024-06-04T07:59:04.997+0000] {dagbag.py:540} INFO - Filling up the DagBag from /home/airflow/.local/lib/python3.8/site-packages/airflow/example_dags/example_task_group_decorator.py
[2024-06-04T07:59:05.015+0000] {processor.py:840} INFO - DAG(s) 'example_task_group_decorator' retrieved from /home/airflow/.local/lib/python3.8/site-packages/airflow/example_dags/example_task_group_decorator.py
[2024-06-04T07:59:05.046+0000] {logging_mixin.py:188} INFO - [2024-06-04T07:59:05.046+0000] {dag.py:3047} INFO - Sync 1 DAGs
[2024-06-04T07:59:05.070+0000] {logging_mixin.py:188} INFO - [2024-06-04T07:59:05.069+0000] {dag.py:3834} INFO - Setting next_dagrun for example_task_group_decorator to 2024-06-03 00:00:00+00:00, run_after=2024-06-04 00:00:00+00:00
[2024-06-04T07:59:05.101+0000] {processor.py:183} INFO - Processing /home/airflow/.local/lib/python3.8/site-packages/airflow/example_dags/example_task_group_decorator.py took 0.110 seconds
[2024-06-04T07:59:35.443+0000] {processor.py:161} INFO - Started process (PID=1128) to work on /home/airflow/.local/lib/python3.8/site-packages/airflow/example_dags/example_task_group_decorator.py
[2024-06-04T07:59:35.444+0000] {processor.py:830} INFO - Processing file /home/airflow/.local/lib/python3.8/site-packages/airflow/example_dags/example_task_group_decorator.py for tasks to queue
[2024-06-04T07:59:35.446+0000] {logging_mixin.py:188} INFO - [2024-06-04T07:59:35.446+0000] {dagbag.py:540} INFO - Filling up the DagBag from /home/airflow/.local/lib/python3.8/site-packages/airflow/example_dags/example_task_group_decorator.py
[2024-06-04T07:59:35.461+0000] {processor.py:840} INFO - DAG(s) 'example_task_group_decorator' retrieved from /home/airflow/.local/lib/python3.8/site-packages/airflow/example_dags/example_task_group_decorator.py
[2024-06-04T07:59:35.485+0000] {logging_mixin.py:188} INFO - [2024-06-04T07:59:35.485+0000] {dag.py:3047} INFO - Sync 1 DAGs
[2024-06-04T07:59:35.506+0000] {logging_mixin.py:188} INFO - [2024-06-04T07:59:35.505+0000] {dag.py:3834} INFO - Setting next_dagrun for example_task_group_decorator to 2024-06-03 00:00:00+00:00, run_after=2024-06-04 00:00:00+00:00
[2024-06-04T07:59:35.526+0000] {processor.py:183} INFO - Processing /home/airflow/.local/lib/python3.8/site-packages/airflow/example_dags/example_task_group_decorator.py took 0.086 seconds
[2024-06-04T08:00:06.548+0000] {processor.py:161} INFO - Started process (PID=1186) to work on /home/airflow/.local/lib/python3.8/site-packages/airflow/example_dags/example_task_group_decorator.py
[2024-06-04T08:00:06.549+0000] {processor.py:830} INFO - Processing file /home/airflow/.local/lib/python3.8/site-packages/airflow/example_dags/example_task_group_decorator.py for tasks to queue
[2024-06-04T08:00:06.551+0000] {logging_mixin.py:188} INFO - [2024-06-04T08:00:06.551+0000] {dagbag.py:540} INFO - Filling up the DagBag from /home/airflow/.local/lib/python3.8/site-packages/airflow/example_dags/example_task_group_decorator.py
[2024-06-04T08:00:06.566+0000] {processor.py:840} INFO - DAG(s) 'example_task_group_decorator' retrieved from /home/airflow/.local/lib/python3.8/site-packages/airflow/example_dags/example_task_group_decorator.py
[2024-06-04T08:00:06.594+0000] {logging_mixin.py:188} INFO - [2024-06-04T08:00:06.593+0000] {dag.py:3047} INFO - Sync 1 DAGs
[2024-06-04T08:00:06.617+0000] {logging_mixin.py:188} INFO - [2024-06-04T08:00:06.616+0000] {dag.py:3834} INFO - Setting next_dagrun for example_task_group_decorator to 2024-06-03 00:00:00+00:00, run_after=2024-06-04 00:00:00+00:00
[2024-06-04T08:00:06.636+0000] {processor.py:183} INFO - Processing /home/airflow/.local/lib/python3.8/site-packages/airflow/example_dags/example_task_group_decorator.py took 0.092 seconds
[2024-06-04T08:00:37.158+0000] {processor.py:161} INFO - Started process (PID=1244) to work on /home/airflow/.local/lib/python3.8/site-packages/airflow/example_dags/example_task_group_decorator.py
[2024-06-04T08:00:37.159+0000] {processor.py:830} INFO - Processing file /home/airflow/.local/lib/python3.8/site-packages/airflow/example_dags/example_task_group_decorator.py for tasks to queue
[2024-06-04T08:00:37.161+0000] {logging_mixin.py:188} INFO - [2024-06-04T08:00:37.161+0000] {dagbag.py:540} INFO - Filling up the DagBag from /home/airflow/.local/lib/python3.8/site-packages/airflow/example_dags/example_task_group_decorator.py
[2024-06-04T08:00:37.177+0000] {processor.py:840} INFO - DAG(s) 'example_task_group_decorator' retrieved from /home/airflow/.local/lib/python3.8/site-packages/airflow/example_dags/example_task_group_decorator.py
[2024-06-04T08:00:37.210+0000] {logging_mixin.py:188} INFO - [2024-06-04T08:00:37.210+0000] {dag.py:3047} INFO - Sync 1 DAGs
[2024-06-04T08:00:37.233+0000] {logging_mixin.py:188} INFO - [2024-06-04T08:00:37.233+0000] {dag.py:3834} INFO - Setting next_dagrun for example_task_group_decorator to 2024-06-03 00:00:00+00:00, run_after=2024-06-04 00:00:00+00:00
[2024-06-04T08:00:37.255+0000] {processor.py:183} INFO - Processing /home/airflow/.local/lib/python3.8/site-packages/airflow/example_dags/example_task_group_decorator.py took 0.101 seconds
[2024-06-04T08:01:07.646+0000] {processor.py:161} INFO - Started process (PID=1302) to work on /home/airflow/.local/lib/python3.8/site-packages/airflow/example_dags/example_task_group_decorator.py
[2024-06-04T08:01:07.647+0000] {processor.py:830} INFO - Processing file /home/airflow/.local/lib/python3.8/site-packages/airflow/example_dags/example_task_group_decorator.py for tasks to queue
[2024-06-04T08:01:07.649+0000] {logging_mixin.py:188} INFO - [2024-06-04T08:01:07.649+0000] {dagbag.py:540} INFO - Filling up the DagBag from /home/airflow/.local/lib/python3.8/site-packages/airflow/example_dags/example_task_group_decorator.py
[2024-06-04T08:01:07.666+0000] {processor.py:840} INFO - DAG(s) 'example_task_group_decorator' retrieved from /home/airflow/.local/lib/python3.8/site-packages/airflow/example_dags/example_task_group_decorator.py
[2024-06-04T08:01:07.696+0000] {logging_mixin.py:188} INFO - [2024-06-04T08:01:07.696+0000] {dag.py:3047} INFO - Sync 1 DAGs
[2024-06-04T08:01:07.719+0000] {logging_mixin.py:188} INFO - [2024-06-04T08:01:07.719+0000] {dag.py:3834} INFO - Setting next_dagrun for example_task_group_decorator to 2024-06-03 00:00:00+00:00, run_after=2024-06-04 00:00:00+00:00
[2024-06-04T08:01:07.737+0000] {processor.py:183} INFO - Processing /home/airflow/.local/lib/python3.8/site-packages/airflow/example_dags/example_task_group_decorator.py took 0.095 seconds
[2024-06-04T08:01:38.264+0000] {processor.py:161} INFO - Started process (PID=1360) to work on /home/airflow/.local/lib/python3.8/site-packages/airflow/example_dags/example_task_group_decorator.py
[2024-06-04T08:01:38.265+0000] {processor.py:830} INFO - Processing file /home/airflow/.local/lib/python3.8/site-packages/airflow/example_dags/example_task_group_decorator.py for tasks to queue
[2024-06-04T08:01:38.267+0000] {logging_mixin.py:188} INFO - [2024-06-04T08:01:38.267+0000] {dagbag.py:540} INFO - Filling up the DagBag from /home/airflow/.local/lib/python3.8/site-packages/airflow/example_dags/example_task_group_decorator.py
[2024-06-04T08:01:38.286+0000] {processor.py:840} INFO - DAG(s) 'example_task_group_decorator' retrieved from /home/airflow/.local/lib/python3.8/site-packages/airflow/example_dags/example_task_group_decorator.py
[2024-06-04T08:01:38.319+0000] {logging_mixin.py:188} INFO - [2024-06-04T08:01:38.319+0000] {dag.py:3047} INFO - Sync 1 DAGs
[2024-06-04T08:01:38.350+0000] {logging_mixin.py:188} INFO - [2024-06-04T08:01:38.350+0000] {dag.py:3834} INFO - Setting next_dagrun for example_task_group_decorator to 2024-06-03 00:00:00+00:00, run_after=2024-06-04 00:00:00+00:00
[2024-06-04T08:01:38.374+0000] {processor.py:183} INFO - Processing /home/airflow/.local/lib/python3.8/site-packages/airflow/example_dags/example_task_group_decorator.py took 0.114 seconds
[2024-06-04T08:02:08.411+0000] {processor.py:161} INFO - Started process (PID=1418) to work on /home/airflow/.local/lib/python3.8/site-packages/airflow/example_dags/example_task_group_decorator.py
[2024-06-04T08:02:08.413+0000] {processor.py:830} INFO - Processing file /home/airflow/.local/lib/python3.8/site-packages/airflow/example_dags/example_task_group_decorator.py for tasks to queue
[2024-06-04T08:02:08.415+0000] {logging_mixin.py:188} INFO - [2024-06-04T08:02:08.414+0000] {dagbag.py:540} INFO - Filling up the DagBag from /home/airflow/.local/lib/python3.8/site-packages/airflow/example_dags/example_task_group_decorator.py
[2024-06-04T08:02:08.430+0000] {processor.py:840} INFO - DAG(s) 'example_task_group_decorator' retrieved from /home/airflow/.local/lib/python3.8/site-packages/airflow/example_dags/example_task_group_decorator.py
[2024-06-04T08:02:08.458+0000] {logging_mixin.py:188} INFO - [2024-06-04T08:02:08.457+0000] {dag.py:3047} INFO - Sync 1 DAGs
[2024-06-04T08:02:08.485+0000] {logging_mixin.py:188} INFO - [2024-06-04T08:02:08.484+0000] {dag.py:3834} INFO - Setting next_dagrun for example_task_group_decorator to 2024-06-03 00:00:00+00:00, run_after=2024-06-04 00:00:00+00:00
[2024-06-04T08:02:08.504+0000] {processor.py:183} INFO - Processing /home/airflow/.local/lib/python3.8/site-packages/airflow/example_dags/example_task_group_decorator.py took 0.096 seconds
[2024-06-04T08:02:39.532+0000] {processor.py:161} INFO - Started process (PID=1476) to work on /home/airflow/.local/lib/python3.8/site-packages/airflow/example_dags/example_task_group_decorator.py
[2024-06-04T08:02:39.533+0000] {processor.py:830} INFO - Processing file /home/airflow/.local/lib/python3.8/site-packages/airflow/example_dags/example_task_group_decorator.py for tasks to queue
[2024-06-04T08:02:39.535+0000] {logging_mixin.py:188} INFO - [2024-06-04T08:02:39.534+0000] {dagbag.py:540} INFO - Filling up the DagBag from /home/airflow/.local/lib/python3.8/site-packages/airflow/example_dags/example_task_group_decorator.py
[2024-06-04T08:02:39.554+0000] {processor.py:840} INFO - DAG(s) 'example_task_group_decorator' retrieved from /home/airflow/.local/lib/python3.8/site-packages/airflow/example_dags/example_task_group_decorator.py
[2024-06-04T08:02:39.582+0000] {logging_mixin.py:188} INFO - [2024-06-04T08:02:39.581+0000] {dag.py:3047} INFO - Sync 1 DAGs
[2024-06-04T08:02:39.604+0000] {logging_mixin.py:188} INFO - [2024-06-04T08:02:39.604+0000] {dag.py:3834} INFO - Setting next_dagrun for example_task_group_decorator to 2024-06-03 00:00:00+00:00, run_after=2024-06-04 00:00:00+00:00
[2024-06-04T08:02:39.630+0000] {processor.py:183} INFO - Processing /home/airflow/.local/lib/python3.8/site-packages/airflow/example_dags/example_task_group_decorator.py took 0.102 seconds
[2024-06-04T08:03:09.919+0000] {processor.py:161} INFO - Started process (PID=1534) to work on /home/airflow/.local/lib/python3.8/site-packages/airflow/example_dags/example_task_group_decorator.py
[2024-06-04T08:03:09.921+0000] {processor.py:830} INFO - Processing file /home/airflow/.local/lib/python3.8/site-packages/airflow/example_dags/example_task_group_decorator.py for tasks to queue
[2024-06-04T08:03:09.922+0000] {logging_mixin.py:188} INFO - [2024-06-04T08:03:09.922+0000] {dagbag.py:540} INFO - Filling up the DagBag from /home/airflow/.local/lib/python3.8/site-packages/airflow/example_dags/example_task_group_decorator.py
[2024-06-04T08:03:09.937+0000] {processor.py:840} INFO - DAG(s) 'example_task_group_decorator' retrieved from /home/airflow/.local/lib/python3.8/site-packages/airflow/example_dags/example_task_group_decorator.py
[2024-06-04T08:03:09.967+0000] {logging_mixin.py:188} INFO - [2024-06-04T08:03:09.967+0000] {dag.py:3047} INFO - Sync 1 DAGs
[2024-06-04T08:03:09.992+0000] {logging_mixin.py:188} INFO - [2024-06-04T08:03:09.991+0000] {dag.py:3834} INFO - Setting next_dagrun for example_task_group_decorator to 2024-06-03 00:00:00+00:00, run_after=2024-06-04 00:00:00+00:00
[2024-06-04T08:03:10.011+0000] {processor.py:183} INFO - Processing /home/airflow/.local/lib/python3.8/site-packages/airflow/example_dags/example_task_group_decorator.py took 0.096 seconds
[2024-06-04T08:03:40.488+0000] {processor.py:161} INFO - Started process (PID=1592) to work on /home/airflow/.local/lib/python3.8/site-packages/airflow/example_dags/example_task_group_decorator.py
[2024-06-04T08:03:40.489+0000] {processor.py:830} INFO - Processing file /home/airflow/.local/lib/python3.8/site-packages/airflow/example_dags/example_task_group_decorator.py for tasks to queue
[2024-06-04T08:03:40.491+0000] {logging_mixin.py:188} INFO - [2024-06-04T08:03:40.490+0000] {dagbag.py:540} INFO - Filling up the DagBag from /home/airflow/.local/lib/python3.8/site-packages/airflow/example_dags/example_task_group_decorator.py
[2024-06-04T08:03:40.505+0000] {processor.py:840} INFO - DAG(s) 'example_task_group_decorator' retrieved from /home/airflow/.local/lib/python3.8/site-packages/airflow/example_dags/example_task_group_decorator.py
[2024-06-04T08:03:40.535+0000] {logging_mixin.py:188} INFO - [2024-06-04T08:03:40.535+0000] {dag.py:3047} INFO - Sync 1 DAGs
[2024-06-04T08:03:40.559+0000] {logging_mixin.py:188} INFO - [2024-06-04T08:03:40.559+0000] {dag.py:3834} INFO - Setting next_dagrun for example_task_group_decorator to 2024-06-03 00:00:00+00:00, run_after=2024-06-04 00:00:00+00:00
[2024-06-04T08:03:40.578+0000] {processor.py:183} INFO - Processing /home/airflow/.local/lib/python3.8/site-packages/airflow/example_dags/example_task_group_decorator.py took 0.094 seconds
[2024-06-04T08:04:11.400+0000] {processor.py:161} INFO - Started process (PID=1650) to work on /home/airflow/.local/lib/python3.8/site-packages/airflow/example_dags/example_task_group_decorator.py
[2024-06-04T08:04:11.401+0000] {processor.py:830} INFO - Processing file /home/airflow/.local/lib/python3.8/site-packages/airflow/example_dags/example_task_group_decorator.py for tasks to queue
[2024-06-04T08:04:11.403+0000] {logging_mixin.py:188} INFO - [2024-06-04T08:04:11.403+0000] {dagbag.py:540} INFO - Filling up the DagBag from /home/airflow/.local/lib/python3.8/site-packages/airflow/example_dags/example_task_group_decorator.py
[2024-06-04T08:04:11.418+0000] {processor.py:840} INFO - DAG(s) 'example_task_group_decorator' retrieved from /home/airflow/.local/lib/python3.8/site-packages/airflow/example_dags/example_task_group_decorator.py
[2024-06-04T08:04:11.448+0000] {logging_mixin.py:188} INFO - [2024-06-04T08:04:11.448+0000] {dag.py:3047} INFO - Sync 1 DAGs
[2024-06-04T08:04:11.472+0000] {logging_mixin.py:188} INFO - [2024-06-04T08:04:11.472+0000] {dag.py:3834} INFO - Setting next_dagrun for example_task_group_decorator to 2024-06-03 00:00:00+00:00, run_after=2024-06-04 00:00:00+00:00
[2024-06-04T08:04:11.493+0000] {processor.py:183} INFO - Processing /home/airflow/.local/lib/python3.8/site-packages/airflow/example_dags/example_task_group_decorator.py took 0.097 seconds
[2024-06-04T08:04:41.820+0000] {processor.py:161} INFO - Started process (PID=1708) to work on /home/airflow/.local/lib/python3.8/site-packages/airflow/example_dags/example_task_group_decorator.py
[2024-06-04T08:04:41.821+0000] {processor.py:830} INFO - Processing file /home/airflow/.local/lib/python3.8/site-packages/airflow/example_dags/example_task_group_decorator.py for tasks to queue
[2024-06-04T08:04:41.823+0000] {logging_mixin.py:188} INFO - [2024-06-04T08:04:41.823+0000] {dagbag.py:540} INFO - Filling up the DagBag from /home/airflow/.local/lib/python3.8/site-packages/airflow/example_dags/example_task_group_decorator.py
[2024-06-04T08:04:41.839+0000] {processor.py:840} INFO - DAG(s) 'example_task_group_decorator' retrieved from /home/airflow/.local/lib/python3.8/site-packages/airflow/example_dags/example_task_group_decorator.py
[2024-06-04T08:04:41.869+0000] {logging_mixin.py:188} INFO - [2024-06-04T08:04:41.869+0000] {dag.py:3047} INFO - Sync 1 DAGs
[2024-06-04T08:04:41.901+0000] {logging_mixin.py:188} INFO - [2024-06-04T08:04:41.901+0000] {dag.py:3834} INFO - Setting next_dagrun for example_task_group_decorator to 2024-06-03 00:00:00+00:00, run_after=2024-06-04 00:00:00+00:00
[2024-06-04T08:04:41.924+0000] {processor.py:183} INFO - Processing /home/airflow/.local/lib/python3.8/site-packages/airflow/example_dags/example_task_group_decorator.py took 0.108 seconds
[2024-06-04T08:05:13.306+0000] {processor.py:161} INFO - Started process (PID=1766) to work on /home/airflow/.local/lib/python3.8/site-packages/airflow/example_dags/example_task_group_decorator.py
[2024-06-04T08:05:13.307+0000] {processor.py:830} INFO - Processing file /home/airflow/.local/lib/python3.8/site-packages/airflow/example_dags/example_task_group_decorator.py for tasks to queue
[2024-06-04T08:05:13.309+0000] {logging_mixin.py:188} INFO - [2024-06-04T08:05:13.308+0000] {dagbag.py:540} INFO - Filling up the DagBag from /home/airflow/.local/lib/python3.8/site-packages/airflow/example_dags/example_task_group_decorator.py
[2024-06-04T08:05:13.324+0000] {processor.py:840} INFO - DAG(s) 'example_task_group_decorator' retrieved from /home/airflow/.local/lib/python3.8/site-packages/airflow/example_dags/example_task_group_decorator.py
[2024-06-04T08:05:13.352+0000] {logging_mixin.py:188} INFO - [2024-06-04T08:05:13.351+0000] {dag.py:3047} INFO - Sync 1 DAGs
[2024-06-04T08:05:13.376+0000] {logging_mixin.py:188} INFO - [2024-06-04T08:05:13.375+0000] {dag.py:3834} INFO - Setting next_dagrun for example_task_group_decorator to 2024-06-03 00:00:00+00:00, run_after=2024-06-04 00:00:00+00:00
[2024-06-04T08:05:13.581+0000] {processor.py:183} INFO - Processing /home/airflow/.local/lib/python3.8/site-packages/airflow/example_dags/example_task_group_decorator.py took 0.279 seconds
[2024-06-04T08:05:44.212+0000] {processor.py:161} INFO - Started process (PID=1824) to work on /home/airflow/.local/lib/python3.8/site-packages/airflow/example_dags/example_task_group_decorator.py
[2024-06-04T08:05:44.213+0000] {processor.py:830} INFO - Processing file /home/airflow/.local/lib/python3.8/site-packages/airflow/example_dags/example_task_group_decorator.py for tasks to queue
[2024-06-04T08:05:44.217+0000] {logging_mixin.py:188} INFO - [2024-06-04T08:05:44.216+0000] {dagbag.py:540} INFO - Filling up the DagBag from /home/airflow/.local/lib/python3.8/site-packages/airflow/example_dags/example_task_group_decorator.py
[2024-06-04T08:05:44.232+0000] {processor.py:840} INFO - DAG(s) 'example_task_group_decorator' retrieved from /home/airflow/.local/lib/python3.8/site-packages/airflow/example_dags/example_task_group_decorator.py
[2024-06-04T08:05:44.259+0000] {logging_mixin.py:188} INFO - [2024-06-04T08:05:44.258+0000] {dag.py:3047} INFO - Sync 1 DAGs
[2024-06-04T08:05:44.283+0000] {logging_mixin.py:188} INFO - [2024-06-04T08:05:44.283+0000] {dag.py:3834} INFO - Setting next_dagrun for example_task_group_decorator to 2024-06-03 00:00:00+00:00, run_after=2024-06-04 00:00:00+00:00
[2024-06-04T08:05:44.302+0000] {processor.py:183} INFO - Processing /home/airflow/.local/lib/python3.8/site-packages/airflow/example_dags/example_task_group_decorator.py took 0.095 seconds
[2024-06-04T08:06:15.273+0000] {processor.py:161} INFO - Started process (PID=1882) to work on /home/airflow/.local/lib/python3.8/site-packages/airflow/example_dags/example_task_group_decorator.py
[2024-06-04T08:06:15.274+0000] {processor.py:830} INFO - Processing file /home/airflow/.local/lib/python3.8/site-packages/airflow/example_dags/example_task_group_decorator.py for tasks to queue
[2024-06-04T08:06:15.276+0000] {logging_mixin.py:188} INFO - [2024-06-04T08:06:15.276+0000] {dagbag.py:540} INFO - Filling up the DagBag from /home/airflow/.local/lib/python3.8/site-packages/airflow/example_dags/example_task_group_decorator.py
[2024-06-04T08:06:15.291+0000] {processor.py:840} INFO - DAG(s) 'example_task_group_decorator' retrieved from /home/airflow/.local/lib/python3.8/site-packages/airflow/example_dags/example_task_group_decorator.py
[2024-06-04T08:06:15.323+0000] {logging_mixin.py:188} INFO - [2024-06-04T08:06:15.323+0000] {dag.py:3047} INFO - Sync 1 DAGs
[2024-06-04T08:06:15.354+0000] {logging_mixin.py:188} INFO - [2024-06-04T08:06:15.354+0000] {dag.py:3834} INFO - Setting next_dagrun for example_task_group_decorator to 2024-06-03 00:00:00+00:00, run_after=2024-06-04 00:00:00+00:00
[2024-06-04T08:06:15.380+0000] {processor.py:183} INFO - Processing /home/airflow/.local/lib/python3.8/site-packages/airflow/example_dags/example_task_group_decorator.py took 0.111 seconds
[2024-06-04T08:06:45.889+0000] {processor.py:161} INFO - Started process (PID=1940) to work on /home/airflow/.local/lib/python3.8/site-packages/airflow/example_dags/example_task_group_decorator.py
[2024-06-04T08:06:45.890+0000] {processor.py:830} INFO - Processing file /home/airflow/.local/lib/python3.8/site-packages/airflow/example_dags/example_task_group_decorator.py for tasks to queue
[2024-06-04T08:06:45.892+0000] {logging_mixin.py:188} INFO - [2024-06-04T08:06:45.892+0000] {dagbag.py:540} INFO - Filling up the DagBag from /home/airflow/.local/lib/python3.8/site-packages/airflow/example_dags/example_task_group_decorator.py
[2024-06-04T08:06:45.914+0000] {processor.py:840} INFO - DAG(s) 'example_task_group_decorator' retrieved from /home/airflow/.local/lib/python3.8/site-packages/airflow/example_dags/example_task_group_decorator.py
[2024-06-04T08:06:45.951+0000] {logging_mixin.py:188} INFO - [2024-06-04T08:06:45.950+0000] {dag.py:3047} INFO - Sync 1 DAGs
[2024-06-04T08:06:45.981+0000] {logging_mixin.py:188} INFO - [2024-06-04T08:06:45.981+0000] {dag.py:3834} INFO - Setting next_dagrun for example_task_group_decorator to 2024-06-03 00:00:00+00:00, run_after=2024-06-04 00:00:00+00:00
[2024-06-04T08:06:46.003+0000] {processor.py:183} INFO - Processing /home/airflow/.local/lib/python3.8/site-packages/airflow/example_dags/example_task_group_decorator.py took 0.118 seconds
[2024-06-04T08:07:16.559+0000] {processor.py:161} INFO - Started process (PID=1998) to work on /home/airflow/.local/lib/python3.8/site-packages/airflow/example_dags/example_task_group_decorator.py
[2024-06-04T08:07:16.562+0000] {processor.py:830} INFO - Processing file /home/airflow/.local/lib/python3.8/site-packages/airflow/example_dags/example_task_group_decorator.py for tasks to queue
[2024-06-04T08:07:16.564+0000] {logging_mixin.py:188} INFO - [2024-06-04T08:07:16.564+0000] {dagbag.py:540} INFO - Filling up the DagBag from /home/airflow/.local/lib/python3.8/site-packages/airflow/example_dags/example_task_group_decorator.py
[2024-06-04T08:07:16.580+0000] {processor.py:840} INFO - DAG(s) 'example_task_group_decorator' retrieved from /home/airflow/.local/lib/python3.8/site-packages/airflow/example_dags/example_task_group_decorator.py
[2024-06-04T08:07:16.612+0000] {logging_mixin.py:188} INFO - [2024-06-04T08:07:16.612+0000] {dag.py:3047} INFO - Sync 1 DAGs
[2024-06-04T08:07:16.644+0000] {logging_mixin.py:188} INFO - [2024-06-04T08:07:16.644+0000] {dag.py:3834} INFO - Setting next_dagrun for example_task_group_decorator to 2024-06-03 00:00:00+00:00, run_after=2024-06-04 00:00:00+00:00
[2024-06-04T08:07:16.675+0000] {processor.py:183} INFO - Processing /home/airflow/.local/lib/python3.8/site-packages/airflow/example_dags/example_task_group_decorator.py took 0.121 seconds
[2024-06-04T08:07:47.618+0000] {processor.py:161} INFO - Started process (PID=2056) to work on /home/airflow/.local/lib/python3.8/site-packages/airflow/example_dags/example_task_group_decorator.py
[2024-06-04T08:07:47.620+0000] {processor.py:830} INFO - Processing file /home/airflow/.local/lib/python3.8/site-packages/airflow/example_dags/example_task_group_decorator.py for tasks to queue
[2024-06-04T08:07:47.622+0000] {logging_mixin.py:188} INFO - [2024-06-04T08:07:47.622+0000] {dagbag.py:540} INFO - Filling up the DagBag from /home/airflow/.local/lib/python3.8/site-packages/airflow/example_dags/example_task_group_decorator.py
[2024-06-04T08:07:47.643+0000] {processor.py:840} INFO - DAG(s) 'example_task_group_decorator' retrieved from /home/airflow/.local/lib/python3.8/site-packages/airflow/example_dags/example_task_group_decorator.py
[2024-06-04T08:07:47.736+0000] {logging_mixin.py:188} INFO - [2024-06-04T08:07:47.735+0000] {dag.py:3047} INFO - Sync 1 DAGs
[2024-06-04T08:07:48.119+0000] {logging_mixin.py:188} INFO - [2024-06-04T08:07:48.118+0000] {dag.py:3834} INFO - Setting next_dagrun for example_task_group_decorator to 2024-06-03 00:00:00+00:00, run_after=2024-06-04 00:00:00+00:00
[2024-06-04T08:07:48.145+0000] {processor.py:183} INFO - Processing /home/airflow/.local/lib/python3.8/site-packages/airflow/example_dags/example_task_group_decorator.py took 0.531 seconds
[2024-06-04T08:08:18.275+0000] {processor.py:161} INFO - Started process (PID=2113) to work on /home/airflow/.local/lib/python3.8/site-packages/airflow/example_dags/example_task_group_decorator.py
[2024-06-04T08:08:18.276+0000] {processor.py:830} INFO - Processing file /home/airflow/.local/lib/python3.8/site-packages/airflow/example_dags/example_task_group_decorator.py for tasks to queue
[2024-06-04T08:08:18.278+0000] {logging_mixin.py:188} INFO - [2024-06-04T08:08:18.277+0000] {dagbag.py:540} INFO - Filling up the DagBag from /home/airflow/.local/lib/python3.8/site-packages/airflow/example_dags/example_task_group_decorator.py
[2024-06-04T08:08:18.294+0000] {processor.py:840} INFO - DAG(s) 'example_task_group_decorator' retrieved from /home/airflow/.local/lib/python3.8/site-packages/airflow/example_dags/example_task_group_decorator.py
[2024-06-04T08:08:18.333+0000] {logging_mixin.py:188} INFO - [2024-06-04T08:08:18.333+0000] {dag.py:3047} INFO - Sync 1 DAGs
[2024-06-04T08:08:18.555+0000] {logging_mixin.py:188} INFO - [2024-06-04T08:08:18.555+0000] {dag.py:3834} INFO - Setting next_dagrun for example_task_group_decorator to 2024-06-03 00:00:00+00:00, run_after=2024-06-04 00:00:00+00:00
[2024-06-04T08:08:18.579+0000] {processor.py:183} INFO - Processing /home/airflow/.local/lib/python3.8/site-packages/airflow/example_dags/example_task_group_decorator.py took 0.308 seconds
[2024-06-04T08:08:48.789+0000] {processor.py:161} INFO - Started process (PID=2170) to work on /home/airflow/.local/lib/python3.8/site-packages/airflow/example_dags/example_task_group_decorator.py
[2024-06-04T08:08:48.791+0000] {processor.py:830} INFO - Processing file /home/airflow/.local/lib/python3.8/site-packages/airflow/example_dags/example_task_group_decorator.py for tasks to queue
[2024-06-04T08:08:48.793+0000] {logging_mixin.py:188} INFO - [2024-06-04T08:08:48.792+0000] {dagbag.py:540} INFO - Filling up the DagBag from /home/airflow/.local/lib/python3.8/site-packages/airflow/example_dags/example_task_group_decorator.py
[2024-06-04T08:08:48.811+0000] {processor.py:840} INFO - DAG(s) 'example_task_group_decorator' retrieved from /home/airflow/.local/lib/python3.8/site-packages/airflow/example_dags/example_task_group_decorator.py
[2024-06-04T08:08:48.847+0000] {logging_mixin.py:188} INFO - [2024-06-04T08:08:48.847+0000] {dag.py:3047} INFO - Sync 1 DAGs
[2024-06-04T08:08:48.879+0000] {logging_mixin.py:188} INFO - [2024-06-04T08:08:48.878+0000] {dag.py:3834} INFO - Setting next_dagrun for example_task_group_decorator to 2024-06-03 00:00:00+00:00, run_after=2024-06-04 00:00:00+00:00
[2024-06-04T08:08:49.118+0000] {processor.py:183} INFO - Processing /home/airflow/.local/lib/python3.8/site-packages/airflow/example_dags/example_task_group_decorator.py took 0.333 seconds
[2024-06-04T08:09:19.867+0000] {processor.py:161} INFO - Started process (PID=2229) to work on /home/airflow/.local/lib/python3.8/site-packages/airflow/example_dags/example_task_group_decorator.py
[2024-06-04T08:09:19.869+0000] {processor.py:830} INFO - Processing file /home/airflow/.local/lib/python3.8/site-packages/airflow/example_dags/example_task_group_decorator.py for tasks to queue
[2024-06-04T08:09:19.871+0000] {logging_mixin.py:188} INFO - [2024-06-04T08:09:19.871+0000] {dagbag.py:540} INFO - Filling up the DagBag from /home/airflow/.local/lib/python3.8/site-packages/airflow/example_dags/example_task_group_decorator.py
[2024-06-04T08:09:19.887+0000] {processor.py:840} INFO - DAG(s) 'example_task_group_decorator' retrieved from /home/airflow/.local/lib/python3.8/site-packages/airflow/example_dags/example_task_group_decorator.py
[2024-06-04T08:09:19.924+0000] {logging_mixin.py:188} INFO - [2024-06-04T08:09:19.924+0000] {dag.py:3047} INFO - Sync 1 DAGs
[2024-06-04T08:09:19.950+0000] {logging_mixin.py:188} INFO - [2024-06-04T08:09:19.950+0000] {dag.py:3834} INFO - Setting next_dagrun for example_task_group_decorator to 2024-06-03 00:00:00+00:00, run_after=2024-06-04 00:00:00+00:00
[2024-06-04T08:09:19.974+0000] {processor.py:183} INFO - Processing /home/airflow/.local/lib/python3.8/site-packages/airflow/example_dags/example_task_group_decorator.py took 0.110 seconds
[2024-06-04T08:09:50.545+0000] {processor.py:161} INFO - Started process (PID=2287) to work on /home/airflow/.local/lib/python3.8/site-packages/airflow/example_dags/example_task_group_decorator.py
[2024-06-04T08:09:50.546+0000] {processor.py:830} INFO - Processing file /home/airflow/.local/lib/python3.8/site-packages/airflow/example_dags/example_task_group_decorator.py for tasks to queue
[2024-06-04T08:09:50.548+0000] {logging_mixin.py:188} INFO - [2024-06-04T08:09:50.548+0000] {dagbag.py:540} INFO - Filling up the DagBag from /home/airflow/.local/lib/python3.8/site-packages/airflow/example_dags/example_task_group_decorator.py
[2024-06-04T08:09:50.569+0000] {processor.py:840} INFO - DAG(s) 'example_task_group_decorator' retrieved from /home/airflow/.local/lib/python3.8/site-packages/airflow/example_dags/example_task_group_decorator.py
[2024-06-04T08:09:50.599+0000] {logging_mixin.py:188} INFO - [2024-06-04T08:09:50.599+0000] {dag.py:3047} INFO - Sync 1 DAGs
[2024-06-04T08:09:50.628+0000] {logging_mixin.py:188} INFO - [2024-06-04T08:09:50.627+0000] {dag.py:3834} INFO - Setting next_dagrun for example_task_group_decorator to 2024-06-03 00:00:00+00:00, run_after=2024-06-04 00:00:00+00:00
[2024-06-04T08:09:50.654+0000] {processor.py:183} INFO - Processing /home/airflow/.local/lib/python3.8/site-packages/airflow/example_dags/example_task_group_decorator.py took 0.113 seconds
[2024-06-04T08:10:20.954+0000] {processor.py:161} INFO - Started process (PID=2345) to work on /home/airflow/.local/lib/python3.8/site-packages/airflow/example_dags/example_task_group_decorator.py
[2024-06-04T08:10:20.955+0000] {processor.py:830} INFO - Processing file /home/airflow/.local/lib/python3.8/site-packages/airflow/example_dags/example_task_group_decorator.py for tasks to queue
[2024-06-04T08:10:20.958+0000] {logging_mixin.py:188} INFO - [2024-06-04T08:10:20.958+0000] {dagbag.py:540} INFO - Filling up the DagBag from /home/airflow/.local/lib/python3.8/site-packages/airflow/example_dags/example_task_group_decorator.py
[2024-06-04T08:10:21.000+0000] {processor.py:840} INFO - DAG(s) 'example_task_group_decorator' retrieved from /home/airflow/.local/lib/python3.8/site-packages/airflow/example_dags/example_task_group_decorator.py
[2024-06-04T08:10:21.036+0000] {logging_mixin.py:188} INFO - [2024-06-04T08:10:21.036+0000] {dag.py:3047} INFO - Sync 1 DAGs
[2024-06-04T08:10:21.065+0000] {logging_mixin.py:188} INFO - [2024-06-04T08:10:21.065+0000] {dag.py:3834} INFO - Setting next_dagrun for example_task_group_decorator to 2024-06-03 00:00:00+00:00, run_after=2024-06-04 00:00:00+00:00
[2024-06-04T08:10:21.088+0000] {processor.py:183} INFO - Processing /home/airflow/.local/lib/python3.8/site-packages/airflow/example_dags/example_task_group_decorator.py took 0.139 seconds
[2024-06-04T08:10:51.490+0000] {processor.py:161} INFO - Started process (PID=2403) to work on /home/airflow/.local/lib/python3.8/site-packages/airflow/example_dags/example_task_group_decorator.py
[2024-06-04T08:10:51.492+0000] {processor.py:830} INFO - Processing file /home/airflow/.local/lib/python3.8/site-packages/airflow/example_dags/example_task_group_decorator.py for tasks to queue
[2024-06-04T08:10:51.495+0000] {logging_mixin.py:188} INFO - [2024-06-04T08:10:51.494+0000] {dagbag.py:540} INFO - Filling up the DagBag from /home/airflow/.local/lib/python3.8/site-packages/airflow/example_dags/example_task_group_decorator.py
[2024-06-04T08:10:51.513+0000] {processor.py:840} INFO - DAG(s) 'example_task_group_decorator' retrieved from /home/airflow/.local/lib/python3.8/site-packages/airflow/example_dags/example_task_group_decorator.py
[2024-06-04T08:10:51.545+0000] {logging_mixin.py:188} INFO - [2024-06-04T08:10:51.545+0000] {dag.py:3047} INFO - Sync 1 DAGs
[2024-06-04T08:10:51.575+0000] {logging_mixin.py:188} INFO - [2024-06-04T08:10:51.575+0000] {dag.py:3834} INFO - Setting next_dagrun for example_task_group_decorator to 2024-06-03 00:00:00+00:00, run_after=2024-06-04 00:00:00+00:00
[2024-06-04T08:10:51.598+0000] {processor.py:183} INFO - Processing /home/airflow/.local/lib/python3.8/site-packages/airflow/example_dags/example_task_group_decorator.py took 0.111 seconds
[2024-06-04T08:11:21.663+0000] {processor.py:161} INFO - Started process (PID=2462) to work on /home/airflow/.local/lib/python3.8/site-packages/airflow/example_dags/example_task_group_decorator.py
[2024-06-04T08:11:21.665+0000] {processor.py:830} INFO - Processing file /home/airflow/.local/lib/python3.8/site-packages/airflow/example_dags/example_task_group_decorator.py for tasks to queue
[2024-06-04T08:11:21.667+0000] {logging_mixin.py:188} INFO - [2024-06-04T08:11:21.667+0000] {dagbag.py:540} INFO - Filling up the DagBag from /home/airflow/.local/lib/python3.8/site-packages/airflow/example_dags/example_task_group_decorator.py
[2024-06-04T08:11:21.685+0000] {processor.py:840} INFO - DAG(s) 'example_task_group_decorator' retrieved from /home/airflow/.local/lib/python3.8/site-packages/airflow/example_dags/example_task_group_decorator.py
[2024-06-04T08:11:21.717+0000] {logging_mixin.py:188} INFO - [2024-06-04T08:11:21.716+0000] {dag.py:3047} INFO - Sync 1 DAGs
[2024-06-04T08:11:21.744+0000] {logging_mixin.py:188} INFO - [2024-06-04T08:11:21.744+0000] {dag.py:3834} INFO - Setting next_dagrun for example_task_group_decorator to 2024-06-03 00:00:00+00:00, run_after=2024-06-04 00:00:00+00:00
[2024-06-04T08:11:21.769+0000] {processor.py:183} INFO - Processing /home/airflow/.local/lib/python3.8/site-packages/airflow/example_dags/example_task_group_decorator.py took 0.110 seconds
[2024-06-04T08:11:52.788+0000] {processor.py:161} INFO - Started process (PID=2521) to work on /home/airflow/.local/lib/python3.8/site-packages/airflow/example_dags/example_task_group_decorator.py
[2024-06-04T08:11:52.789+0000] {processor.py:830} INFO - Processing file /home/airflow/.local/lib/python3.8/site-packages/airflow/example_dags/example_task_group_decorator.py for tasks to queue
[2024-06-04T08:11:52.791+0000] {logging_mixin.py:188} INFO - [2024-06-04T08:11:52.791+0000] {dagbag.py:540} INFO - Filling up the DagBag from /home/airflow/.local/lib/python3.8/site-packages/airflow/example_dags/example_task_group_decorator.py
[2024-06-04T08:11:52.809+0000] {processor.py:840} INFO - DAG(s) 'example_task_group_decorator' retrieved from /home/airflow/.local/lib/python3.8/site-packages/airflow/example_dags/example_task_group_decorator.py
[2024-06-04T08:11:52.842+0000] {logging_mixin.py:188} INFO - [2024-06-04T08:11:52.841+0000] {dag.py:3047} INFO - Sync 1 DAGs
[2024-06-04T08:11:52.867+0000] {logging_mixin.py:188} INFO - [2024-06-04T08:11:52.866+0000] {dag.py:3834} INFO - Setting next_dagrun for example_task_group_decorator to 2024-06-03 00:00:00+00:00, run_after=2024-06-04 00:00:00+00:00
[2024-06-04T08:11:52.885+0000] {processor.py:183} INFO - Processing /home/airflow/.local/lib/python3.8/site-packages/airflow/example_dags/example_task_group_decorator.py took 0.101 seconds
[2024-06-04T08:12:23.794+0000] {processor.py:161} INFO - Started process (PID=2580) to work on /home/airflow/.local/lib/python3.8/site-packages/airflow/example_dags/example_task_group_decorator.py
[2024-06-04T08:12:23.795+0000] {processor.py:830} INFO - Processing file /home/airflow/.local/lib/python3.8/site-packages/airflow/example_dags/example_task_group_decorator.py for tasks to queue
[2024-06-04T08:12:23.798+0000] {logging_mixin.py:188} INFO - [2024-06-04T08:12:23.797+0000] {dagbag.py:540} INFO - Filling up the DagBag from /home/airflow/.local/lib/python3.8/site-packages/airflow/example_dags/example_task_group_decorator.py
[2024-06-04T08:12:23.818+0000] {processor.py:840} INFO - DAG(s) 'example_task_group_decorator' retrieved from /home/airflow/.local/lib/python3.8/site-packages/airflow/example_dags/example_task_group_decorator.py
[2024-06-04T08:12:23.856+0000] {logging_mixin.py:188} INFO - [2024-06-04T08:12:23.856+0000] {dag.py:3047} INFO - Sync 1 DAGs
[2024-06-04T08:12:23.890+0000] {logging_mixin.py:188} INFO - [2024-06-04T08:12:23.889+0000] {dag.py:3834} INFO - Setting next_dagrun for example_task_group_decorator to 2024-06-03 00:00:00+00:00, run_after=2024-06-04 00:00:00+00:00
[2024-06-04T08:12:23.921+0000] {processor.py:183} INFO - Processing /home/airflow/.local/lib/python3.8/site-packages/airflow/example_dags/example_task_group_decorator.py took 0.131 seconds
[2024-06-04T08:12:54.333+0000] {processor.py:161} INFO - Started process (PID=2639) to work on /home/airflow/.local/lib/python3.8/site-packages/airflow/example_dags/example_task_group_decorator.py
[2024-06-04T08:12:54.335+0000] {processor.py:830} INFO - Processing file /home/airflow/.local/lib/python3.8/site-packages/airflow/example_dags/example_task_group_decorator.py for tasks to queue
[2024-06-04T08:12:54.337+0000] {logging_mixin.py:188} INFO - [2024-06-04T08:12:54.336+0000] {dagbag.py:540} INFO - Filling up the DagBag from /home/airflow/.local/lib/python3.8/site-packages/airflow/example_dags/example_task_group_decorator.py
[2024-06-04T08:12:54.356+0000] {processor.py:840} INFO - DAG(s) 'example_task_group_decorator' retrieved from /home/airflow/.local/lib/python3.8/site-packages/airflow/example_dags/example_task_group_decorator.py
[2024-06-04T08:12:54.401+0000] {logging_mixin.py:188} INFO - [2024-06-04T08:12:54.401+0000] {dag.py:3047} INFO - Sync 1 DAGs
[2024-06-04T08:12:54.434+0000] {logging_mixin.py:188} INFO - [2024-06-04T08:12:54.434+0000] {dag.py:3834} INFO - Setting next_dagrun for example_task_group_decorator to 2024-06-03 00:00:00+00:00, run_after=2024-06-04 00:00:00+00:00
[2024-06-04T08:12:54.458+0000] {processor.py:183} INFO - Processing /home/airflow/.local/lib/python3.8/site-packages/airflow/example_dags/example_task_group_decorator.py took 0.130 seconds
[2024-06-04T08:13:24.704+0000] {processor.py:161} INFO - Started process (PID=2697) to work on /home/airflow/.local/lib/python3.8/site-packages/airflow/example_dags/example_task_group_decorator.py
[2024-06-04T08:13:24.716+0000] {processor.py:830} INFO - Processing file /home/airflow/.local/lib/python3.8/site-packages/airflow/example_dags/example_task_group_decorator.py for tasks to queue
[2024-06-04T08:13:24.718+0000] {logging_mixin.py:188} INFO - [2024-06-04T08:13:24.718+0000] {dagbag.py:540} INFO - Filling up the DagBag from /home/airflow/.local/lib/python3.8/site-packages/airflow/example_dags/example_task_group_decorator.py
[2024-06-04T08:13:24.740+0000] {processor.py:840} INFO - DAG(s) 'example_task_group_decorator' retrieved from /home/airflow/.local/lib/python3.8/site-packages/airflow/example_dags/example_task_group_decorator.py
[2024-06-04T08:13:24.807+0000] {logging_mixin.py:188} INFO - [2024-06-04T08:13:24.807+0000] {dag.py:3047} INFO - Sync 1 DAGs
[2024-06-04T08:13:24.851+0000] {logging_mixin.py:188} INFO - [2024-06-04T08:13:24.851+0000] {dag.py:3834} INFO - Setting next_dagrun for example_task_group_decorator to 2024-06-03 00:00:00+00:00, run_after=2024-06-04 00:00:00+00:00
[2024-06-04T08:13:25.003+0000] {processor.py:183} INFO - Processing /home/airflow/.local/lib/python3.8/site-packages/airflow/example_dags/example_task_group_decorator.py took 0.304 seconds
[2024-06-04T08:13:55.161+0000] {processor.py:161} INFO - Started process (PID=2755) to work on /home/airflow/.local/lib/python3.8/site-packages/airflow/example_dags/example_task_group_decorator.py
[2024-06-04T08:13:55.162+0000] {processor.py:830} INFO - Processing file /home/airflow/.local/lib/python3.8/site-packages/airflow/example_dags/example_task_group_decorator.py for tasks to queue
[2024-06-04T08:13:55.166+0000] {logging_mixin.py:188} INFO - [2024-06-04T08:13:55.165+0000] {dagbag.py:540} INFO - Filling up the DagBag from /home/airflow/.local/lib/python3.8/site-packages/airflow/example_dags/example_task_group_decorator.py
[2024-06-04T08:13:55.184+0000] {processor.py:840} INFO - DAG(s) 'example_task_group_decorator' retrieved from /home/airflow/.local/lib/python3.8/site-packages/airflow/example_dags/example_task_group_decorator.py
[2024-06-04T08:13:55.202+0000] {logging_mixin.py:188} INFO - [2024-06-04T08:13:55.202+0000] {dag.py:3047} INFO - Sync 1 DAGs
[2024-06-04T08:13:55.235+0000] {logging_mixin.py:188} INFO - [2024-06-04T08:13:55.234+0000] {dag.py:3834} INFO - Setting next_dagrun for example_task_group_decorator to 2024-06-03 00:00:00+00:00, run_after=2024-06-04 00:00:00+00:00
[2024-06-04T08:13:55.261+0000] {processor.py:183} INFO - Processing /home/airflow/.local/lib/python3.8/site-packages/airflow/example_dags/example_task_group_decorator.py took 0.105 seconds
[2024-06-04T08:14:25.997+0000] {processor.py:161} INFO - Started process (PID=2815) to work on /home/airflow/.local/lib/python3.8/site-packages/airflow/example_dags/example_task_group_decorator.py
[2024-06-04T08:14:25.998+0000] {processor.py:830} INFO - Processing file /home/airflow/.local/lib/python3.8/site-packages/airflow/example_dags/example_task_group_decorator.py for tasks to queue
[2024-06-04T08:14:26.000+0000] {logging_mixin.py:188} INFO - [2024-06-04T08:14:25.999+0000] {dagbag.py:540} INFO - Filling up the DagBag from /home/airflow/.local/lib/python3.8/site-packages/airflow/example_dags/example_task_group_decorator.py
[2024-06-04T08:14:26.019+0000] {processor.py:840} INFO - DAG(s) 'example_task_group_decorator' retrieved from /home/airflow/.local/lib/python3.8/site-packages/airflow/example_dags/example_task_group_decorator.py
[2024-06-04T08:14:26.153+0000] {logging_mixin.py:188} INFO - [2024-06-04T08:14:26.153+0000] {dag.py:3047} INFO - Sync 1 DAGs
[2024-06-04T08:14:26.181+0000] {logging_mixin.py:188} INFO - [2024-06-04T08:14:26.181+0000] {dag.py:3834} INFO - Setting next_dagrun for example_task_group_decorator to 2024-06-03 00:00:00+00:00, run_after=2024-06-04 00:00:00+00:00
[2024-06-04T08:14:26.204+0000] {processor.py:183} INFO - Processing /home/airflow/.local/lib/python3.8/site-packages/airflow/example_dags/example_task_group_decorator.py took 0.211 seconds
[2024-06-04T08:14:56.603+0000] {processor.py:161} INFO - Started process (PID=2874) to work on /home/airflow/.local/lib/python3.8/site-packages/airflow/example_dags/example_task_group_decorator.py
[2024-06-04T08:14:56.606+0000] {processor.py:830} INFO - Processing file /home/airflow/.local/lib/python3.8/site-packages/airflow/example_dags/example_task_group_decorator.py for tasks to queue
[2024-06-04T08:14:56.610+0000] {logging_mixin.py:188} INFO - [2024-06-04T08:14:56.609+0000] {dagbag.py:540} INFO - Filling up the DagBag from /home/airflow/.local/lib/python3.8/site-packages/airflow/example_dags/example_task_group_decorator.py
[2024-06-04T08:14:56.705+0000] {processor.py:840} INFO - DAG(s) 'example_task_group_decorator' retrieved from /home/airflow/.local/lib/python3.8/site-packages/airflow/example_dags/example_task_group_decorator.py
[2024-06-04T08:14:56.814+0000] {logging_mixin.py:188} INFO - [2024-06-04T08:14:56.814+0000] {dag.py:3047} INFO - Sync 1 DAGs
[2024-06-04T08:14:56.926+0000] {logging_mixin.py:188} INFO - [2024-06-04T08:14:56.926+0000] {dag.py:3834} INFO - Setting next_dagrun for example_task_group_decorator to 2024-06-03 00:00:00+00:00, run_after=2024-06-04 00:00:00+00:00
[2024-06-04T08:14:57.102+0000] {processor.py:183} INFO - Processing /home/airflow/.local/lib/python3.8/site-packages/airflow/example_dags/example_task_group_decorator.py took 0.576 seconds
[2024-06-04T08:15:44.006+0000] {processor.py:161} INFO - Started process (PID=2985) to work on /home/airflow/.local/lib/python3.8/site-packages/airflow/example_dags/example_task_group_decorator.py
[2024-06-04T08:15:44.008+0000] {processor.py:830} INFO - Processing file /home/airflow/.local/lib/python3.8/site-packages/airflow/example_dags/example_task_group_decorator.py for tasks to queue
[2024-06-04T08:15:44.011+0000] {logging_mixin.py:188} INFO - [2024-06-04T08:15:44.011+0000] {dagbag.py:540} INFO - Filling up the DagBag from /home/airflow/.local/lib/python3.8/site-packages/airflow/example_dags/example_task_group_decorator.py
[2024-06-04T08:15:44.217+0000] {processor.py:840} INFO - DAG(s) 'example_task_group_decorator' retrieved from /home/airflow/.local/lib/python3.8/site-packages/airflow/example_dags/example_task_group_decorator.py
[2024-06-04T08:15:44.706+0000] {logging_mixin.py:188} INFO - [2024-06-04T08:15:44.705+0000] {dag.py:3047} INFO - Sync 1 DAGs
[2024-06-04T08:15:45.011+0000] {logging_mixin.py:188} INFO - [2024-06-04T08:15:45.010+0000] {dag.py:3834} INFO - Setting next_dagrun for example_task_group_decorator to 2024-06-03 00:00:00+00:00, run_after=2024-06-04 00:00:00+00:00
[2024-06-04T08:15:45.213+0000] {processor.py:183} INFO - Processing /home/airflow/.local/lib/python3.8/site-packages/airflow/example_dags/example_task_group_decorator.py took 1.303 seconds
[2024-06-04T08:16:16.618+0000] {processor.py:161} INFO - Started process (PID=3053) to work on /home/airflow/.local/lib/python3.8/site-packages/airflow/example_dags/example_task_group_decorator.py
[2024-06-04T08:16:16.700+0000] {processor.py:830} INFO - Processing file /home/airflow/.local/lib/python3.8/site-packages/airflow/example_dags/example_task_group_decorator.py for tasks to queue
[2024-06-04T08:16:16.703+0000] {logging_mixin.py:188} INFO - [2024-06-04T08:16:16.703+0000] {dagbag.py:540} INFO - Filling up the DagBag from /home/airflow/.local/lib/python3.8/site-packages/airflow/example_dags/example_task_group_decorator.py
[2024-06-04T08:16:16.813+0000] {processor.py:840} INFO - DAG(s) 'example_task_group_decorator' retrieved from /home/airflow/.local/lib/python3.8/site-packages/airflow/example_dags/example_task_group_decorator.py
[2024-06-04T08:16:17.301+0000] {logging_mixin.py:188} INFO - [2024-06-04T08:16:17.301+0000] {dag.py:3047} INFO - Sync 1 DAGs
[2024-06-04T08:16:17.514+0000] {logging_mixin.py:188} INFO - [2024-06-04T08:16:17.513+0000] {dag.py:3834} INFO - Setting next_dagrun for example_task_group_decorator to 2024-06-03 00:00:00+00:00, run_after=2024-06-04 00:00:00+00:00
[2024-06-04T08:16:17.706+0000] {processor.py:183} INFO - Processing /home/airflow/.local/lib/python3.8/site-packages/airflow/example_dags/example_task_group_decorator.py took 1.092 seconds
[2024-06-04T08:16:48.726+0000] {processor.py:161} INFO - Started process (PID=3154) to work on /home/airflow/.local/lib/python3.8/site-packages/airflow/example_dags/example_task_group_decorator.py
[2024-06-04T08:16:48.800+0000] {processor.py:830} INFO - Processing file /home/airflow/.local/lib/python3.8/site-packages/airflow/example_dags/example_task_group_decorator.py for tasks to queue
[2024-06-04T08:16:48.803+0000] {logging_mixin.py:188} INFO - [2024-06-04T08:16:48.803+0000] {dagbag.py:540} INFO - Filling up the DagBag from /home/airflow/.local/lib/python3.8/site-packages/airflow/example_dags/example_task_group_decorator.py
[2024-06-04T08:16:48.912+0000] {processor.py:840} INFO - DAG(s) 'example_task_group_decorator' retrieved from /home/airflow/.local/lib/python3.8/site-packages/airflow/example_dags/example_task_group_decorator.py
[2024-06-04T08:16:49.113+0000] {logging_mixin.py:188} INFO - [2024-06-04T08:16:49.112+0000] {dag.py:3047} INFO - Sync 1 DAGs
[2024-06-04T08:16:49.417+0000] {logging_mixin.py:188} INFO - [2024-06-04T08:16:49.416+0000] {dag.py:3834} INFO - Setting next_dagrun for example_task_group_decorator to 2024-06-03 00:00:00+00:00, run_after=2024-06-04 00:00:00+00:00
[2024-06-04T08:16:49.712+0000] {processor.py:183} INFO - Processing /home/airflow/.local/lib/python3.8/site-packages/airflow/example_dags/example_task_group_decorator.py took 0.991 seconds
[2024-06-04T08:17:20.106+0000] {processor.py:161} INFO - Started process (PID=3217) to work on /home/airflow/.local/lib/python3.8/site-packages/airflow/example_dags/example_task_group_decorator.py
[2024-06-04T08:17:20.108+0000] {processor.py:830} INFO - Processing file /home/airflow/.local/lib/python3.8/site-packages/airflow/example_dags/example_task_group_decorator.py for tasks to queue
[2024-06-04T08:17:20.110+0000] {logging_mixin.py:188} INFO - [2024-06-04T08:17:20.110+0000] {dagbag.py:540} INFO - Filling up the DagBag from /home/airflow/.local/lib/python3.8/site-packages/airflow/example_dags/example_task_group_decorator.py
[2024-06-04T08:17:20.305+0000] {processor.py:840} INFO - DAG(s) 'example_task_group_decorator' retrieved from /home/airflow/.local/lib/python3.8/site-packages/airflow/example_dags/example_task_group_decorator.py
[2024-06-04T08:17:20.705+0000] {logging_mixin.py:188} INFO - [2024-06-04T08:17:20.705+0000] {dag.py:3047} INFO - Sync 1 DAGs
[2024-06-04T08:17:20.923+0000] {logging_mixin.py:188} INFO - [2024-06-04T08:17:20.922+0000] {dag.py:3834} INFO - Setting next_dagrun for example_task_group_decorator to 2024-06-03 00:00:00+00:00, run_after=2024-06-04 00:00:00+00:00
[2024-06-04T08:17:21.113+0000] {processor.py:183} INFO - Processing /home/airflow/.local/lib/python3.8/site-packages/airflow/example_dags/example_task_group_decorator.py took 1.096 seconds
