[2024-06-04T07:51:22.828+0000] {processor.py:161} INFO - Started process (PID=172) to work on /home/airflow/.local/lib/python3.8/site-packages/airflow/example_dags/example_external_task_marker_dag.py
[2024-06-04T07:51:22.830+0000] {processor.py:830} INFO - Processing file /home/airflow/.local/lib/python3.8/site-packages/airflow/example_dags/example_external_task_marker_dag.py for tasks to queue
[2024-06-04T07:51:22.832+0000] {logging_mixin.py:188} INFO - [2024-06-04T07:51:22.832+0000] {dagbag.py:540} INFO - Filling up the DagBag from /home/airflow/.local/lib/python3.8/site-packages/airflow/example_dags/example_external_task_marker_dag.py
[2024-06-04T07:51:22.910+0000] {processor.py:840} INFO - DAG(s) 'example_external_task_marker_child', 'example_external_task_marker_parent' retrieved from /home/airflow/.local/lib/python3.8/site-packages/airflow/example_dags/example_external_task_marker_dag.py
[2024-06-04T07:51:23.304+0000] {logging_mixin.py:188} INFO - [2024-06-04T07:51:23.304+0000] {dag.py:3047} INFO - Sync 2 DAGs
[2024-06-04T07:51:23.320+0000] {logging_mixin.py:188} INFO - [2024-06-04T07:51:23.319+0000] {dag.py:3834} INFO - Setting next_dagrun for example_external_task_marker_child to None, run_after=None
[2024-06-04T07:51:23.324+0000] {logging_mixin.py:188} INFO - [2024-06-04T07:51:23.324+0000] {dag.py:3834} INFO - Setting next_dagrun for example_external_task_marker_parent to None, run_after=None
[2024-06-04T07:51:23.416+0000] {processor.py:183} INFO - Processing /home/airflow/.local/lib/python3.8/site-packages/airflow/example_dags/example_external_task_marker_dag.py took 0.592 seconds
[2024-06-04T07:51:53.757+0000] {processor.py:161} INFO - Started process (PID=230) to work on /home/airflow/.local/lib/python3.8/site-packages/airflow/example_dags/example_external_task_marker_dag.py
[2024-06-04T07:51:53.758+0000] {processor.py:830} INFO - Processing file /home/airflow/.local/lib/python3.8/site-packages/airflow/example_dags/example_external_task_marker_dag.py for tasks to queue
[2024-06-04T07:51:53.760+0000] {logging_mixin.py:188} INFO - [2024-06-04T07:51:53.759+0000] {dagbag.py:540} INFO - Filling up the DagBag from /home/airflow/.local/lib/python3.8/site-packages/airflow/example_dags/example_external_task_marker_dag.py
[2024-06-04T07:51:53.766+0000] {processor.py:840} INFO - DAG(s) 'example_external_task_marker_parent', 'example_external_task_marker_child' retrieved from /home/airflow/.local/lib/python3.8/site-packages/airflow/example_dags/example_external_task_marker_dag.py
[2024-06-04T07:51:53.792+0000] {logging_mixin.py:188} INFO - [2024-06-04T07:51:53.792+0000] {dag.py:3047} INFO - Sync 2 DAGs
[2024-06-04T07:51:53.806+0000] {logging_mixin.py:188} INFO - [2024-06-04T07:51:53.806+0000] {dag.py:3834} INFO - Setting next_dagrun for example_external_task_marker_child to None, run_after=None
[2024-06-04T07:51:53.812+0000] {logging_mixin.py:188} INFO - [2024-06-04T07:51:53.811+0000] {dag.py:3834} INFO - Setting next_dagrun for example_external_task_marker_parent to None, run_after=None
[2024-06-04T07:51:53.829+0000] {processor.py:183} INFO - Processing /home/airflow/.local/lib/python3.8/site-packages/airflow/example_dags/example_external_task_marker_dag.py took 0.075 seconds
[2024-06-04T07:52:24.177+0000] {processor.py:161} INFO - Started process (PID=288) to work on /home/airflow/.local/lib/python3.8/site-packages/airflow/example_dags/example_external_task_marker_dag.py
[2024-06-04T07:52:24.178+0000] {processor.py:830} INFO - Processing file /home/airflow/.local/lib/python3.8/site-packages/airflow/example_dags/example_external_task_marker_dag.py for tasks to queue
[2024-06-04T07:52:24.180+0000] {logging_mixin.py:188} INFO - [2024-06-04T07:52:24.179+0000] {dagbag.py:540} INFO - Filling up the DagBag from /home/airflow/.local/lib/python3.8/site-packages/airflow/example_dags/example_external_task_marker_dag.py
[2024-06-04T07:52:24.187+0000] {processor.py:840} INFO - DAG(s) 'example_external_task_marker_parent', 'example_external_task_marker_child' retrieved from /home/airflow/.local/lib/python3.8/site-packages/airflow/example_dags/example_external_task_marker_dag.py
[2024-06-04T07:52:24.214+0000] {logging_mixin.py:188} INFO - [2024-06-04T07:52:24.214+0000] {dag.py:3047} INFO - Sync 2 DAGs
[2024-06-04T07:52:24.229+0000] {logging_mixin.py:188} INFO - [2024-06-04T07:52:24.229+0000] {dag.py:3834} INFO - Setting next_dagrun for example_external_task_marker_child to None, run_after=None
[2024-06-04T07:52:24.235+0000] {logging_mixin.py:188} INFO - [2024-06-04T07:52:24.234+0000] {dag.py:3834} INFO - Setting next_dagrun for example_external_task_marker_parent to None, run_after=None
[2024-06-04T07:52:24.257+0000] {processor.py:183} INFO - Processing /home/airflow/.local/lib/python3.8/site-packages/airflow/example_dags/example_external_task_marker_dag.py took 0.084 seconds
[2024-06-04T07:52:54.384+0000] {processor.py:161} INFO - Started process (PID=346) to work on /home/airflow/.local/lib/python3.8/site-packages/airflow/example_dags/example_external_task_marker_dag.py
[2024-06-04T07:52:54.386+0000] {processor.py:830} INFO - Processing file /home/airflow/.local/lib/python3.8/site-packages/airflow/example_dags/example_external_task_marker_dag.py for tasks to queue
[2024-06-04T07:52:54.387+0000] {logging_mixin.py:188} INFO - [2024-06-04T07:52:54.387+0000] {dagbag.py:540} INFO - Filling up the DagBag from /home/airflow/.local/lib/python3.8/site-packages/airflow/example_dags/example_external_task_marker_dag.py
[2024-06-04T07:52:54.394+0000] {processor.py:840} INFO - DAG(s) 'example_external_task_marker_parent', 'example_external_task_marker_child' retrieved from /home/airflow/.local/lib/python3.8/site-packages/airflow/example_dags/example_external_task_marker_dag.py
[2024-06-04T07:52:54.422+0000] {logging_mixin.py:188} INFO - [2024-06-04T07:52:54.422+0000] {dag.py:3047} INFO - Sync 2 DAGs
[2024-06-04T07:52:54.436+0000] {logging_mixin.py:188} INFO - [2024-06-04T07:52:54.435+0000] {dag.py:3834} INFO - Setting next_dagrun for example_external_task_marker_child to None, run_after=None
[2024-06-04T07:52:54.440+0000] {logging_mixin.py:188} INFO - [2024-06-04T07:52:54.440+0000] {dag.py:3834} INFO - Setting next_dagrun for example_external_task_marker_parent to None, run_after=None
[2024-06-04T07:52:54.457+0000] {processor.py:183} INFO - Processing /home/airflow/.local/lib/python3.8/site-packages/airflow/example_dags/example_external_task_marker_dag.py took 0.076 seconds
[2024-06-04T07:53:24.648+0000] {processor.py:161} INFO - Started process (PID=404) to work on /home/airflow/.local/lib/python3.8/site-packages/airflow/example_dags/example_external_task_marker_dag.py
[2024-06-04T07:53:24.649+0000] {processor.py:830} INFO - Processing file /home/airflow/.local/lib/python3.8/site-packages/airflow/example_dags/example_external_task_marker_dag.py for tasks to queue
[2024-06-04T07:53:24.651+0000] {logging_mixin.py:188} INFO - [2024-06-04T07:53:24.651+0000] {dagbag.py:540} INFO - Filling up the DagBag from /home/airflow/.local/lib/python3.8/site-packages/airflow/example_dags/example_external_task_marker_dag.py
[2024-06-04T07:53:24.658+0000] {processor.py:840} INFO - DAG(s) 'example_external_task_marker_child', 'example_external_task_marker_parent' retrieved from /home/airflow/.local/lib/python3.8/site-packages/airflow/example_dags/example_external_task_marker_dag.py
[2024-06-04T07:53:24.686+0000] {logging_mixin.py:188} INFO - [2024-06-04T07:53:24.686+0000] {dag.py:3047} INFO - Sync 2 DAGs
[2024-06-04T07:53:24.701+0000] {logging_mixin.py:188} INFO - [2024-06-04T07:53:24.701+0000] {dag.py:3834} INFO - Setting next_dagrun for example_external_task_marker_child to None, run_after=None
[2024-06-04T07:53:24.708+0000] {logging_mixin.py:188} INFO - [2024-06-04T07:53:24.707+0000] {dag.py:3834} INFO - Setting next_dagrun for example_external_task_marker_parent to None, run_after=None
[2024-06-04T07:53:24.728+0000] {processor.py:183} INFO - Processing /home/airflow/.local/lib/python3.8/site-packages/airflow/example_dags/example_external_task_marker_dag.py took 0.084 seconds
[2024-06-04T07:53:54.982+0000] {processor.py:161} INFO - Started process (PID=462) to work on /home/airflow/.local/lib/python3.8/site-packages/airflow/example_dags/example_external_task_marker_dag.py
[2024-06-04T07:53:54.983+0000] {processor.py:830} INFO - Processing file /home/airflow/.local/lib/python3.8/site-packages/airflow/example_dags/example_external_task_marker_dag.py for tasks to queue
[2024-06-04T07:53:54.985+0000] {logging_mixin.py:188} INFO - [2024-06-04T07:53:54.985+0000] {dagbag.py:540} INFO - Filling up the DagBag from /home/airflow/.local/lib/python3.8/site-packages/airflow/example_dags/example_external_task_marker_dag.py
[2024-06-04T07:53:54.991+0000] {processor.py:840} INFO - DAG(s) 'example_external_task_marker_child', 'example_external_task_marker_parent' retrieved from /home/airflow/.local/lib/python3.8/site-packages/airflow/example_dags/example_external_task_marker_dag.py
[2024-06-04T07:53:55.022+0000] {logging_mixin.py:188} INFO - [2024-06-04T07:53:55.021+0000] {dag.py:3047} INFO - Sync 2 DAGs
[2024-06-04T07:53:55.038+0000] {logging_mixin.py:188} INFO - [2024-06-04T07:53:55.037+0000] {dag.py:3834} INFO - Setting next_dagrun for example_external_task_marker_child to None, run_after=None
[2024-06-04T07:53:55.042+0000] {logging_mixin.py:188} INFO - [2024-06-04T07:53:55.041+0000] {dag.py:3834} INFO - Setting next_dagrun for example_external_task_marker_parent to None, run_after=None
[2024-06-04T07:53:55.059+0000] {processor.py:183} INFO - Processing /home/airflow/.local/lib/python3.8/site-packages/airflow/example_dags/example_external_task_marker_dag.py took 0.081 seconds
[2024-06-04T07:54:25.385+0000] {processor.py:161} INFO - Started process (PID=520) to work on /home/airflow/.local/lib/python3.8/site-packages/airflow/example_dags/example_external_task_marker_dag.py
[2024-06-04T07:54:25.386+0000] {processor.py:830} INFO - Processing file /home/airflow/.local/lib/python3.8/site-packages/airflow/example_dags/example_external_task_marker_dag.py for tasks to queue
[2024-06-04T07:54:25.388+0000] {logging_mixin.py:188} INFO - [2024-06-04T07:54:25.387+0000] {dagbag.py:540} INFO - Filling up the DagBag from /home/airflow/.local/lib/python3.8/site-packages/airflow/example_dags/example_external_task_marker_dag.py
[2024-06-04T07:54:25.394+0000] {processor.py:840} INFO - DAG(s) 'example_external_task_marker_child', 'example_external_task_marker_parent' retrieved from /home/airflow/.local/lib/python3.8/site-packages/airflow/example_dags/example_external_task_marker_dag.py
[2024-06-04T07:54:25.430+0000] {logging_mixin.py:188} INFO - [2024-06-04T07:54:25.429+0000] {dag.py:3047} INFO - Sync 2 DAGs
[2024-06-04T07:54:25.447+0000] {logging_mixin.py:188} INFO - [2024-06-04T07:54:25.447+0000] {dag.py:3834} INFO - Setting next_dagrun for example_external_task_marker_child to None, run_after=None
[2024-06-04T07:54:25.453+0000] {logging_mixin.py:188} INFO - [2024-06-04T07:54:25.452+0000] {dag.py:3834} INFO - Setting next_dagrun for example_external_task_marker_parent to None, run_after=None
[2024-06-04T07:54:25.470+0000] {processor.py:183} INFO - Processing /home/airflow/.local/lib/python3.8/site-packages/airflow/example_dags/example_external_task_marker_dag.py took 0.089 seconds
[2024-06-04T07:54:55.812+0000] {processor.py:161} INFO - Started process (PID=578) to work on /home/airflow/.local/lib/python3.8/site-packages/airflow/example_dags/example_external_task_marker_dag.py
[2024-06-04T07:54:55.813+0000] {processor.py:830} INFO - Processing file /home/airflow/.local/lib/python3.8/site-packages/airflow/example_dags/example_external_task_marker_dag.py for tasks to queue
[2024-06-04T07:54:55.815+0000] {logging_mixin.py:188} INFO - [2024-06-04T07:54:55.815+0000] {dagbag.py:540} INFO - Filling up the DagBag from /home/airflow/.local/lib/python3.8/site-packages/airflow/example_dags/example_external_task_marker_dag.py
[2024-06-04T07:54:55.821+0000] {processor.py:840} INFO - DAG(s) 'example_external_task_marker_child', 'example_external_task_marker_parent' retrieved from /home/airflow/.local/lib/python3.8/site-packages/airflow/example_dags/example_external_task_marker_dag.py
[2024-06-04T07:54:55.849+0000] {logging_mixin.py:188} INFO - [2024-06-04T07:54:55.849+0000] {dag.py:3047} INFO - Sync 2 DAGs
[2024-06-04T07:54:55.863+0000] {logging_mixin.py:188} INFO - [2024-06-04T07:54:55.863+0000] {dag.py:3834} INFO - Setting next_dagrun for example_external_task_marker_child to None, run_after=None
[2024-06-04T07:54:55.867+0000] {logging_mixin.py:188} INFO - [2024-06-04T07:54:55.867+0000] {dag.py:3834} INFO - Setting next_dagrun for example_external_task_marker_parent to None, run_after=None
[2024-06-04T07:54:55.886+0000] {processor.py:183} INFO - Processing /home/airflow/.local/lib/python3.8/site-packages/airflow/example_dags/example_external_task_marker_dag.py took 0.077 seconds
[2024-06-04T07:55:25.928+0000] {processor.py:161} INFO - Started process (PID=635) to work on /home/airflow/.local/lib/python3.8/site-packages/airflow/example_dags/example_external_task_marker_dag.py
[2024-06-04T07:55:25.929+0000] {processor.py:830} INFO - Processing file /home/airflow/.local/lib/python3.8/site-packages/airflow/example_dags/example_external_task_marker_dag.py for tasks to queue
[2024-06-04T07:55:25.931+0000] {logging_mixin.py:188} INFO - [2024-06-04T07:55:25.931+0000] {dagbag.py:540} INFO - Filling up the DagBag from /home/airflow/.local/lib/python3.8/site-packages/airflow/example_dags/example_external_task_marker_dag.py
[2024-06-04T07:55:25.938+0000] {processor.py:840} INFO - DAG(s) 'example_external_task_marker_child', 'example_external_task_marker_parent' retrieved from /home/airflow/.local/lib/python3.8/site-packages/airflow/example_dags/example_external_task_marker_dag.py
[2024-06-04T07:55:25.965+0000] {logging_mixin.py:188} INFO - [2024-06-04T07:55:25.965+0000] {dag.py:3047} INFO - Sync 2 DAGs
[2024-06-04T07:55:25.978+0000] {logging_mixin.py:188} INFO - [2024-06-04T07:55:25.978+0000] {dag.py:3834} INFO - Setting next_dagrun for example_external_task_marker_child to None, run_after=None
[2024-06-04T07:55:25.982+0000] {logging_mixin.py:188} INFO - [2024-06-04T07:55:25.982+0000] {dag.py:3834} INFO - Setting next_dagrun for example_external_task_marker_parent to None, run_after=None
[2024-06-04T07:55:25.997+0000] {processor.py:183} INFO - Processing /home/airflow/.local/lib/python3.8/site-packages/airflow/example_dags/example_external_task_marker_dag.py took 0.073 seconds
[2024-06-04T07:55:56.759+0000] {processor.py:161} INFO - Started process (PID=693) to work on /home/airflow/.local/lib/python3.8/site-packages/airflow/example_dags/example_external_task_marker_dag.py
[2024-06-04T07:55:56.761+0000] {processor.py:830} INFO - Processing file /home/airflow/.local/lib/python3.8/site-packages/airflow/example_dags/example_external_task_marker_dag.py for tasks to queue
[2024-06-04T07:55:56.762+0000] {logging_mixin.py:188} INFO - [2024-06-04T07:55:56.762+0000] {dagbag.py:540} INFO - Filling up the DagBag from /home/airflow/.local/lib/python3.8/site-packages/airflow/example_dags/example_external_task_marker_dag.py
[2024-06-04T07:55:56.769+0000] {processor.py:840} INFO - DAG(s) 'example_external_task_marker_child', 'example_external_task_marker_parent' retrieved from /home/airflow/.local/lib/python3.8/site-packages/airflow/example_dags/example_external_task_marker_dag.py
[2024-06-04T07:55:56.793+0000] {logging_mixin.py:188} INFO - [2024-06-04T07:55:56.793+0000] {dag.py:3047} INFO - Sync 2 DAGs
[2024-06-04T07:55:56.809+0000] {logging_mixin.py:188} INFO - [2024-06-04T07:55:56.808+0000] {dag.py:3834} INFO - Setting next_dagrun for example_external_task_marker_child to None, run_after=None
[2024-06-04T07:55:56.814+0000] {logging_mixin.py:188} INFO - [2024-06-04T07:55:56.814+0000] {dag.py:3834} INFO - Setting next_dagrun for example_external_task_marker_parent to None, run_after=None
[2024-06-04T07:55:56.834+0000] {processor.py:183} INFO - Processing /home/airflow/.local/lib/python3.8/site-packages/airflow/example_dags/example_external_task_marker_dag.py took 0.078 seconds
[2024-06-04T07:56:27.486+0000] {processor.py:161} INFO - Started process (PID=751) to work on /home/airflow/.local/lib/python3.8/site-packages/airflow/example_dags/example_external_task_marker_dag.py
[2024-06-04T07:56:27.487+0000] {processor.py:830} INFO - Processing file /home/airflow/.local/lib/python3.8/site-packages/airflow/example_dags/example_external_task_marker_dag.py for tasks to queue
[2024-06-04T07:56:27.489+0000] {logging_mixin.py:188} INFO - [2024-06-04T07:56:27.489+0000] {dagbag.py:540} INFO - Filling up the DagBag from /home/airflow/.local/lib/python3.8/site-packages/airflow/example_dags/example_external_task_marker_dag.py
[2024-06-04T07:56:27.496+0000] {processor.py:840} INFO - DAG(s) 'example_external_task_marker_parent', 'example_external_task_marker_child' retrieved from /home/airflow/.local/lib/python3.8/site-packages/airflow/example_dags/example_external_task_marker_dag.py
[2024-06-04T07:56:27.525+0000] {logging_mixin.py:188} INFO - [2024-06-04T07:56:27.524+0000] {dag.py:3047} INFO - Sync 2 DAGs
[2024-06-04T07:56:27.538+0000] {logging_mixin.py:188} INFO - [2024-06-04T07:56:27.538+0000] {dag.py:3834} INFO - Setting next_dagrun for example_external_task_marker_child to None, run_after=None
[2024-06-04T07:56:27.542+0000] {logging_mixin.py:188} INFO - [2024-06-04T07:56:27.542+0000] {dag.py:3834} INFO - Setting next_dagrun for example_external_task_marker_parent to None, run_after=None
[2024-06-04T07:56:27.560+0000] {processor.py:183} INFO - Processing /home/airflow/.local/lib/python3.8/site-packages/airflow/example_dags/example_external_task_marker_dag.py took 0.079 seconds
[2024-06-04T07:56:57.999+0000] {processor.py:161} INFO - Started process (PID=809) to work on /home/airflow/.local/lib/python3.8/site-packages/airflow/example_dags/example_external_task_marker_dag.py
[2024-06-04T07:56:58.000+0000] {processor.py:830} INFO - Processing file /home/airflow/.local/lib/python3.8/site-packages/airflow/example_dags/example_external_task_marker_dag.py for tasks to queue
[2024-06-04T07:56:58.002+0000] {logging_mixin.py:188} INFO - [2024-06-04T07:56:58.002+0000] {dagbag.py:540} INFO - Filling up the DagBag from /home/airflow/.local/lib/python3.8/site-packages/airflow/example_dags/example_external_task_marker_dag.py
[2024-06-04T07:56:58.009+0000] {processor.py:840} INFO - DAG(s) 'example_external_task_marker_parent', 'example_external_task_marker_child' retrieved from /home/airflow/.local/lib/python3.8/site-packages/airflow/example_dags/example_external_task_marker_dag.py
[2024-06-04T07:56:58.041+0000] {logging_mixin.py:188} INFO - [2024-06-04T07:56:58.040+0000] {dag.py:3047} INFO - Sync 2 DAGs
[2024-06-04T07:56:58.055+0000] {logging_mixin.py:188} INFO - [2024-06-04T07:56:58.055+0000] {dag.py:3834} INFO - Setting next_dagrun for example_external_task_marker_child to None, run_after=None
[2024-06-04T07:56:58.059+0000] {logging_mixin.py:188} INFO - [2024-06-04T07:56:58.059+0000] {dag.py:3834} INFO - Setting next_dagrun for example_external_task_marker_parent to None, run_after=None
[2024-06-04T07:56:58.077+0000] {processor.py:183} INFO - Processing /home/airflow/.local/lib/python3.8/site-packages/airflow/example_dags/example_external_task_marker_dag.py took 0.082 seconds
[2024-06-04T07:57:28.541+0000] {processor.py:161} INFO - Started process (PID=867) to work on /home/airflow/.local/lib/python3.8/site-packages/airflow/example_dags/example_external_task_marker_dag.py
[2024-06-04T07:57:28.542+0000] {processor.py:830} INFO - Processing file /home/airflow/.local/lib/python3.8/site-packages/airflow/example_dags/example_external_task_marker_dag.py for tasks to queue
[2024-06-04T07:57:28.544+0000] {logging_mixin.py:188} INFO - [2024-06-04T07:57:28.544+0000] {dagbag.py:540} INFO - Filling up the DagBag from /home/airflow/.local/lib/python3.8/site-packages/airflow/example_dags/example_external_task_marker_dag.py
[2024-06-04T07:57:28.551+0000] {processor.py:840} INFO - DAG(s) 'example_external_task_marker_child', 'example_external_task_marker_parent' retrieved from /home/airflow/.local/lib/python3.8/site-packages/airflow/example_dags/example_external_task_marker_dag.py
[2024-06-04T07:57:28.579+0000] {logging_mixin.py:188} INFO - [2024-06-04T07:57:28.579+0000] {dag.py:3047} INFO - Sync 2 DAGs
[2024-06-04T07:57:28.593+0000] {logging_mixin.py:188} INFO - [2024-06-04T07:57:28.593+0000] {dag.py:3834} INFO - Setting next_dagrun for example_external_task_marker_child to None, run_after=None
[2024-06-04T07:57:28.597+0000] {logging_mixin.py:188} INFO - [2024-06-04T07:57:28.597+0000] {dag.py:3834} INFO - Setting next_dagrun for example_external_task_marker_parent to None, run_after=None
[2024-06-04T07:57:28.613+0000] {processor.py:183} INFO - Processing /home/airflow/.local/lib/python3.8/site-packages/airflow/example_dags/example_external_task_marker_dag.py took 0.075 seconds
[2024-06-04T07:57:59.022+0000] {processor.py:161} INFO - Started process (PID=925) to work on /home/airflow/.local/lib/python3.8/site-packages/airflow/example_dags/example_external_task_marker_dag.py
[2024-06-04T07:57:59.024+0000] {processor.py:830} INFO - Processing file /home/airflow/.local/lib/python3.8/site-packages/airflow/example_dags/example_external_task_marker_dag.py for tasks to queue
[2024-06-04T07:57:59.026+0000] {logging_mixin.py:188} INFO - [2024-06-04T07:57:59.025+0000] {dagbag.py:540} INFO - Filling up the DagBag from /home/airflow/.local/lib/python3.8/site-packages/airflow/example_dags/example_external_task_marker_dag.py
[2024-06-04T07:57:59.033+0000] {processor.py:840} INFO - DAG(s) 'example_external_task_marker_parent', 'example_external_task_marker_child' retrieved from /home/airflow/.local/lib/python3.8/site-packages/airflow/example_dags/example_external_task_marker_dag.py
[2024-06-04T07:57:59.059+0000] {logging_mixin.py:188} INFO - [2024-06-04T07:57:59.059+0000] {dag.py:3047} INFO - Sync 2 DAGs
[2024-06-04T07:57:59.073+0000] {logging_mixin.py:188} INFO - [2024-06-04T07:57:59.072+0000] {dag.py:3834} INFO - Setting next_dagrun for example_external_task_marker_child to None, run_after=None
[2024-06-04T07:57:59.076+0000] {logging_mixin.py:188} INFO - [2024-06-04T07:57:59.076+0000] {dag.py:3834} INFO - Setting next_dagrun for example_external_task_marker_parent to None, run_after=None
[2024-06-04T07:57:59.091+0000] {processor.py:183} INFO - Processing /home/airflow/.local/lib/python3.8/site-packages/airflow/example_dags/example_external_task_marker_dag.py took 0.073 seconds
[2024-06-04T07:58:29.496+0000] {processor.py:161} INFO - Started process (PID=983) to work on /home/airflow/.local/lib/python3.8/site-packages/airflow/example_dags/example_external_task_marker_dag.py
[2024-06-04T07:58:29.498+0000] {processor.py:830} INFO - Processing file /home/airflow/.local/lib/python3.8/site-packages/airflow/example_dags/example_external_task_marker_dag.py for tasks to queue
[2024-06-04T07:58:29.499+0000] {logging_mixin.py:188} INFO - [2024-06-04T07:58:29.499+0000] {dagbag.py:540} INFO - Filling up the DagBag from /home/airflow/.local/lib/python3.8/site-packages/airflow/example_dags/example_external_task_marker_dag.py
[2024-06-04T07:58:29.506+0000] {processor.py:840} INFO - DAG(s) 'example_external_task_marker_child', 'example_external_task_marker_parent' retrieved from /home/airflow/.local/lib/python3.8/site-packages/airflow/example_dags/example_external_task_marker_dag.py
[2024-06-04T07:58:29.533+0000] {logging_mixin.py:188} INFO - [2024-06-04T07:58:29.533+0000] {dag.py:3047} INFO - Sync 2 DAGs
[2024-06-04T07:58:29.547+0000] {logging_mixin.py:188} INFO - [2024-06-04T07:58:29.547+0000] {dag.py:3834} INFO - Setting next_dagrun for example_external_task_marker_child to None, run_after=None
[2024-06-04T07:58:29.551+0000] {logging_mixin.py:188} INFO - [2024-06-04T07:58:29.551+0000] {dag.py:3834} INFO - Setting next_dagrun for example_external_task_marker_parent to None, run_after=None
[2024-06-04T07:58:29.568+0000] {processor.py:183} INFO - Processing /home/airflow/.local/lib/python3.8/site-packages/airflow/example_dags/example_external_task_marker_dag.py took 0.075 seconds
[2024-06-04T07:59:00.382+0000] {processor.py:161} INFO - Started process (PID=1041) to work on /home/airflow/.local/lib/python3.8/site-packages/airflow/example_dags/example_external_task_marker_dag.py
[2024-06-04T07:59:00.383+0000] {processor.py:830} INFO - Processing file /home/airflow/.local/lib/python3.8/site-packages/airflow/example_dags/example_external_task_marker_dag.py for tasks to queue
[2024-06-04T07:59:00.385+0000] {logging_mixin.py:188} INFO - [2024-06-04T07:59:00.385+0000] {dagbag.py:540} INFO - Filling up the DagBag from /home/airflow/.local/lib/python3.8/site-packages/airflow/example_dags/example_external_task_marker_dag.py
[2024-06-04T07:59:00.391+0000] {processor.py:840} INFO - DAG(s) 'example_external_task_marker_parent', 'example_external_task_marker_child' retrieved from /home/airflow/.local/lib/python3.8/site-packages/airflow/example_dags/example_external_task_marker_dag.py
[2024-06-04T07:59:00.419+0000] {logging_mixin.py:188} INFO - [2024-06-04T07:59:00.418+0000] {dag.py:3047} INFO - Sync 2 DAGs
[2024-06-04T07:59:00.432+0000] {logging_mixin.py:188} INFO - [2024-06-04T07:59:00.432+0000] {dag.py:3834} INFO - Setting next_dagrun for example_external_task_marker_child to None, run_after=None
[2024-06-04T07:59:00.436+0000] {logging_mixin.py:188} INFO - [2024-06-04T07:59:00.436+0000] {dag.py:3834} INFO - Setting next_dagrun for example_external_task_marker_parent to None, run_after=None
[2024-06-04T07:59:00.452+0000] {processor.py:183} INFO - Processing /home/airflow/.local/lib/python3.8/site-packages/airflow/example_dags/example_external_task_marker_dag.py took 0.073 seconds
[2024-06-04T07:59:30.853+0000] {processor.py:161} INFO - Started process (PID=1100) to work on /home/airflow/.local/lib/python3.8/site-packages/airflow/example_dags/example_external_task_marker_dag.py
[2024-06-04T07:59:30.854+0000] {processor.py:830} INFO - Processing file /home/airflow/.local/lib/python3.8/site-packages/airflow/example_dags/example_external_task_marker_dag.py for tasks to queue
[2024-06-04T07:59:30.856+0000] {logging_mixin.py:188} INFO - [2024-06-04T07:59:30.856+0000] {dagbag.py:540} INFO - Filling up the DagBag from /home/airflow/.local/lib/python3.8/site-packages/airflow/example_dags/example_external_task_marker_dag.py
[2024-06-04T07:59:30.864+0000] {processor.py:840} INFO - DAG(s) 'example_external_task_marker_parent', 'example_external_task_marker_child' retrieved from /home/airflow/.local/lib/python3.8/site-packages/airflow/example_dags/example_external_task_marker_dag.py
[2024-06-04T07:59:30.924+0000] {logging_mixin.py:188} INFO - [2024-06-04T07:59:30.924+0000] {dag.py:3047} INFO - Sync 2 DAGs
[2024-06-04T07:59:30.937+0000] {logging_mixin.py:188} INFO - [2024-06-04T07:59:30.937+0000] {dag.py:3834} INFO - Setting next_dagrun for example_external_task_marker_child to None, run_after=None
[2024-06-04T07:59:30.940+0000] {logging_mixin.py:188} INFO - [2024-06-04T07:59:30.940+0000] {dag.py:3834} INFO - Setting next_dagrun for example_external_task_marker_parent to None, run_after=None
[2024-06-04T07:59:30.956+0000] {processor.py:183} INFO - Processing /home/airflow/.local/lib/python3.8/site-packages/airflow/example_dags/example_external_task_marker_dag.py took 0.107 seconds
[2024-06-04T08:00:01.529+0000] {processor.py:161} INFO - Started process (PID=1158) to work on /home/airflow/.local/lib/python3.8/site-packages/airflow/example_dags/example_external_task_marker_dag.py
[2024-06-04T08:00:01.531+0000] {processor.py:830} INFO - Processing file /home/airflow/.local/lib/python3.8/site-packages/airflow/example_dags/example_external_task_marker_dag.py for tasks to queue
[2024-06-04T08:00:01.532+0000] {logging_mixin.py:188} INFO - [2024-06-04T08:00:01.532+0000] {dagbag.py:540} INFO - Filling up the DagBag from /home/airflow/.local/lib/python3.8/site-packages/airflow/example_dags/example_external_task_marker_dag.py
[2024-06-04T08:00:01.539+0000] {processor.py:840} INFO - DAG(s) 'example_external_task_marker_child', 'example_external_task_marker_parent' retrieved from /home/airflow/.local/lib/python3.8/site-packages/airflow/example_dags/example_external_task_marker_dag.py
[2024-06-04T08:00:01.610+0000] {logging_mixin.py:188} INFO - [2024-06-04T08:00:01.609+0000] {dag.py:3047} INFO - Sync 2 DAGs
[2024-06-04T08:00:01.625+0000] {logging_mixin.py:188} INFO - [2024-06-04T08:00:01.624+0000] {dag.py:3834} INFO - Setting next_dagrun for example_external_task_marker_child to None, run_after=None
[2024-06-04T08:00:01.629+0000] {logging_mixin.py:188} INFO - [2024-06-04T08:00:01.629+0000] {dag.py:3834} INFO - Setting next_dagrun for example_external_task_marker_parent to None, run_after=None
[2024-06-04T08:00:01.651+0000] {processor.py:183} INFO - Processing /home/airflow/.local/lib/python3.8/site-packages/airflow/example_dags/example_external_task_marker_dag.py took 0.125 seconds
[2024-06-04T08:00:31.844+0000] {processor.py:161} INFO - Started process (PID=1216) to work on /home/airflow/.local/lib/python3.8/site-packages/airflow/example_dags/example_external_task_marker_dag.py
[2024-06-04T08:00:31.845+0000] {processor.py:830} INFO - Processing file /home/airflow/.local/lib/python3.8/site-packages/airflow/example_dags/example_external_task_marker_dag.py for tasks to queue
[2024-06-04T08:00:31.846+0000] {logging_mixin.py:188} INFO - [2024-06-04T08:00:31.846+0000] {dagbag.py:540} INFO - Filling up the DagBag from /home/airflow/.local/lib/python3.8/site-packages/airflow/example_dags/example_external_task_marker_dag.py
[2024-06-04T08:00:31.853+0000] {processor.py:840} INFO - DAG(s) 'example_external_task_marker_parent', 'example_external_task_marker_child' retrieved from /home/airflow/.local/lib/python3.8/site-packages/airflow/example_dags/example_external_task_marker_dag.py
[2024-06-04T08:00:31.881+0000] {logging_mixin.py:188} INFO - [2024-06-04T08:00:31.881+0000] {dag.py:3047} INFO - Sync 2 DAGs
[2024-06-04T08:00:31.896+0000] {logging_mixin.py:188} INFO - [2024-06-04T08:00:31.895+0000] {dag.py:3834} INFO - Setting next_dagrun for example_external_task_marker_child to None, run_after=None
[2024-06-04T08:00:31.901+0000] {logging_mixin.py:188} INFO - [2024-06-04T08:00:31.900+0000] {dag.py:3834} INFO - Setting next_dagrun for example_external_task_marker_parent to None, run_after=None
[2024-06-04T08:00:31.920+0000] {processor.py:183} INFO - Processing /home/airflow/.local/lib/python3.8/site-packages/airflow/example_dags/example_external_task_marker_dag.py took 0.080 seconds
[2024-06-04T08:01:02.052+0000] {processor.py:161} INFO - Started process (PID=1274) to work on /home/airflow/.local/lib/python3.8/site-packages/airflow/example_dags/example_external_task_marker_dag.py
[2024-06-04T08:01:02.054+0000] {processor.py:830} INFO - Processing file /home/airflow/.local/lib/python3.8/site-packages/airflow/example_dags/example_external_task_marker_dag.py for tasks to queue
[2024-06-04T08:01:02.055+0000] {logging_mixin.py:188} INFO - [2024-06-04T08:01:02.055+0000] {dagbag.py:540} INFO - Filling up the DagBag from /home/airflow/.local/lib/python3.8/site-packages/airflow/example_dags/example_external_task_marker_dag.py
[2024-06-04T08:01:02.063+0000] {processor.py:840} INFO - DAG(s) 'example_external_task_marker_parent', 'example_external_task_marker_child' retrieved from /home/airflow/.local/lib/python3.8/site-packages/airflow/example_dags/example_external_task_marker_dag.py
[2024-06-04T08:01:02.090+0000] {logging_mixin.py:188} INFO - [2024-06-04T08:01:02.089+0000] {dag.py:3047} INFO - Sync 2 DAGs
[2024-06-04T08:01:02.104+0000] {logging_mixin.py:188} INFO - [2024-06-04T08:01:02.103+0000] {dag.py:3834} INFO - Setting next_dagrun for example_external_task_marker_child to None, run_after=None
[2024-06-04T08:01:02.108+0000] {logging_mixin.py:188} INFO - [2024-06-04T08:01:02.108+0000] {dag.py:3834} INFO - Setting next_dagrun for example_external_task_marker_parent to None, run_after=None
[2024-06-04T08:01:02.127+0000] {processor.py:183} INFO - Processing /home/airflow/.local/lib/python3.8/site-packages/airflow/example_dags/example_external_task_marker_dag.py took 0.079 seconds
[2024-06-04T08:01:32.410+0000] {processor.py:161} INFO - Started process (PID=1332) to work on /home/airflow/.local/lib/python3.8/site-packages/airflow/example_dags/example_external_task_marker_dag.py
[2024-06-04T08:01:32.411+0000] {processor.py:830} INFO - Processing file /home/airflow/.local/lib/python3.8/site-packages/airflow/example_dags/example_external_task_marker_dag.py for tasks to queue
[2024-06-04T08:01:32.414+0000] {logging_mixin.py:188} INFO - [2024-06-04T08:01:32.413+0000] {dagbag.py:540} INFO - Filling up the DagBag from /home/airflow/.local/lib/python3.8/site-packages/airflow/example_dags/example_external_task_marker_dag.py
[2024-06-04T08:01:32.422+0000] {processor.py:840} INFO - DAG(s) 'example_external_task_marker_child', 'example_external_task_marker_parent' retrieved from /home/airflow/.local/lib/python3.8/site-packages/airflow/example_dags/example_external_task_marker_dag.py
[2024-06-04T08:01:32.459+0000] {logging_mixin.py:188} INFO - [2024-06-04T08:01:32.459+0000] {dag.py:3047} INFO - Sync 2 DAGs
[2024-06-04T08:01:32.477+0000] {logging_mixin.py:188} INFO - [2024-06-04T08:01:32.476+0000] {dag.py:3834} INFO - Setting next_dagrun for example_external_task_marker_child to None, run_after=None
[2024-06-04T08:01:32.483+0000] {logging_mixin.py:188} INFO - [2024-06-04T08:01:32.482+0000] {dag.py:3834} INFO - Setting next_dagrun for example_external_task_marker_parent to None, run_after=None
[2024-06-04T08:01:32.509+0000] {processor.py:183} INFO - Processing /home/airflow/.local/lib/python3.8/site-packages/airflow/example_dags/example_external_task_marker_dag.py took 0.103 seconds
[2024-06-04T08:02:02.719+0000] {processor.py:161} INFO - Started process (PID=1390) to work on /home/airflow/.local/lib/python3.8/site-packages/airflow/example_dags/example_external_task_marker_dag.py
[2024-06-04T08:02:02.721+0000] {processor.py:830} INFO - Processing file /home/airflow/.local/lib/python3.8/site-packages/airflow/example_dags/example_external_task_marker_dag.py for tasks to queue
[2024-06-04T08:02:02.723+0000] {logging_mixin.py:188} INFO - [2024-06-04T08:02:02.723+0000] {dagbag.py:540} INFO - Filling up the DagBag from /home/airflow/.local/lib/python3.8/site-packages/airflow/example_dags/example_external_task_marker_dag.py
[2024-06-04T08:02:02.731+0000] {processor.py:840} INFO - DAG(s) 'example_external_task_marker_child', 'example_external_task_marker_parent' retrieved from /home/airflow/.local/lib/python3.8/site-packages/airflow/example_dags/example_external_task_marker_dag.py
[2024-06-04T08:02:02.763+0000] {logging_mixin.py:188} INFO - [2024-06-04T08:02:02.762+0000] {dag.py:3047} INFO - Sync 2 DAGs
[2024-06-04T08:02:02.779+0000] {logging_mixin.py:188} INFO - [2024-06-04T08:02:02.778+0000] {dag.py:3834} INFO - Setting next_dagrun for example_external_task_marker_child to None, run_after=None
[2024-06-04T08:02:02.784+0000] {logging_mixin.py:188} INFO - [2024-06-04T08:02:02.783+0000] {dag.py:3834} INFO - Setting next_dagrun for example_external_task_marker_parent to None, run_after=None
[2024-06-04T08:02:02.798+0000] {processor.py:183} INFO - Processing /home/airflow/.local/lib/python3.8/site-packages/airflow/example_dags/example_external_task_marker_dag.py took 0.082 seconds
[2024-06-04T08:02:32.862+0000] {processor.py:161} INFO - Started process (PID=1448) to work on /home/airflow/.local/lib/python3.8/site-packages/airflow/example_dags/example_external_task_marker_dag.py
[2024-06-04T08:02:32.863+0000] {processor.py:830} INFO - Processing file /home/airflow/.local/lib/python3.8/site-packages/airflow/example_dags/example_external_task_marker_dag.py for tasks to queue
[2024-06-04T08:02:32.865+0000] {logging_mixin.py:188} INFO - [2024-06-04T08:02:32.864+0000] {dagbag.py:540} INFO - Filling up the DagBag from /home/airflow/.local/lib/python3.8/site-packages/airflow/example_dags/example_external_task_marker_dag.py
[2024-06-04T08:02:32.871+0000] {processor.py:840} INFO - DAG(s) 'example_external_task_marker_parent', 'example_external_task_marker_child' retrieved from /home/airflow/.local/lib/python3.8/site-packages/airflow/example_dags/example_external_task_marker_dag.py
[2024-06-04T08:02:32.897+0000] {logging_mixin.py:188} INFO - [2024-06-04T08:02:32.897+0000] {dag.py:3047} INFO - Sync 2 DAGs
[2024-06-04T08:02:32.912+0000] {logging_mixin.py:188} INFO - [2024-06-04T08:02:32.911+0000] {dag.py:3834} INFO - Setting next_dagrun for example_external_task_marker_child to None, run_after=None
[2024-06-04T08:02:32.917+0000] {logging_mixin.py:188} INFO - [2024-06-04T08:02:32.917+0000] {dag.py:3834} INFO - Setting next_dagrun for example_external_task_marker_parent to None, run_after=None
[2024-06-04T08:02:32.934+0000] {processor.py:183} INFO - Processing /home/airflow/.local/lib/python3.8/site-packages/airflow/example_dags/example_external_task_marker_dag.py took 0.076 seconds
[2024-06-04T08:03:03.244+0000] {processor.py:161} INFO - Started process (PID=1506) to work on /home/airflow/.local/lib/python3.8/site-packages/airflow/example_dags/example_external_task_marker_dag.py
[2024-06-04T08:03:03.245+0000] {processor.py:830} INFO - Processing file /home/airflow/.local/lib/python3.8/site-packages/airflow/example_dags/example_external_task_marker_dag.py for tasks to queue
[2024-06-04T08:03:03.247+0000] {logging_mixin.py:188} INFO - [2024-06-04T08:03:03.246+0000] {dagbag.py:540} INFO - Filling up the DagBag from /home/airflow/.local/lib/python3.8/site-packages/airflow/example_dags/example_external_task_marker_dag.py
[2024-06-04T08:03:03.253+0000] {processor.py:840} INFO - DAG(s) 'example_external_task_marker_parent', 'example_external_task_marker_child' retrieved from /home/airflow/.local/lib/python3.8/site-packages/airflow/example_dags/example_external_task_marker_dag.py
[2024-06-04T08:03:03.278+0000] {logging_mixin.py:188} INFO - [2024-06-04T08:03:03.278+0000] {dag.py:3047} INFO - Sync 2 DAGs
[2024-06-04T08:03:03.290+0000] {logging_mixin.py:188} INFO - [2024-06-04T08:03:03.290+0000] {dag.py:3834} INFO - Setting next_dagrun for example_external_task_marker_child to None, run_after=None
[2024-06-04T08:03:03.294+0000] {logging_mixin.py:188} INFO - [2024-06-04T08:03:03.294+0000] {dag.py:3834} INFO - Setting next_dagrun for example_external_task_marker_parent to None, run_after=None
[2024-06-04T08:03:03.309+0000] {processor.py:183} INFO - Processing /home/airflow/.local/lib/python3.8/site-packages/airflow/example_dags/example_external_task_marker_dag.py took 0.069 seconds
[2024-06-04T08:03:33.546+0000] {processor.py:161} INFO - Started process (PID=1564) to work on /home/airflow/.local/lib/python3.8/site-packages/airflow/example_dags/example_external_task_marker_dag.py
[2024-06-04T08:03:33.547+0000] {processor.py:830} INFO - Processing file /home/airflow/.local/lib/python3.8/site-packages/airflow/example_dags/example_external_task_marker_dag.py for tasks to queue
[2024-06-04T08:03:33.549+0000] {logging_mixin.py:188} INFO - [2024-06-04T08:03:33.548+0000] {dagbag.py:540} INFO - Filling up the DagBag from /home/airflow/.local/lib/python3.8/site-packages/airflow/example_dags/example_external_task_marker_dag.py
[2024-06-04T08:03:33.555+0000] {processor.py:840} INFO - DAG(s) 'example_external_task_marker_parent', 'example_external_task_marker_child' retrieved from /home/airflow/.local/lib/python3.8/site-packages/airflow/example_dags/example_external_task_marker_dag.py
[2024-06-04T08:03:33.582+0000] {logging_mixin.py:188} INFO - [2024-06-04T08:03:33.582+0000] {dag.py:3047} INFO - Sync 2 DAGs
[2024-06-04T08:03:33.597+0000] {logging_mixin.py:188} INFO - [2024-06-04T08:03:33.597+0000] {dag.py:3834} INFO - Setting next_dagrun for example_external_task_marker_child to None, run_after=None
[2024-06-04T08:03:33.602+0000] {logging_mixin.py:188} INFO - [2024-06-04T08:03:33.601+0000] {dag.py:3834} INFO - Setting next_dagrun for example_external_task_marker_parent to None, run_after=None
[2024-06-04T08:03:33.617+0000] {processor.py:183} INFO - Processing /home/airflow/.local/lib/python3.8/site-packages/airflow/example_dags/example_external_task_marker_dag.py took 0.075 seconds
[2024-06-04T08:04:04.045+0000] {processor.py:161} INFO - Started process (PID=1622) to work on /home/airflow/.local/lib/python3.8/site-packages/airflow/example_dags/example_external_task_marker_dag.py
[2024-06-04T08:04:04.046+0000] {processor.py:830} INFO - Processing file /home/airflow/.local/lib/python3.8/site-packages/airflow/example_dags/example_external_task_marker_dag.py for tasks to queue
[2024-06-04T08:04:04.048+0000] {logging_mixin.py:188} INFO - [2024-06-04T08:04:04.048+0000] {dagbag.py:540} INFO - Filling up the DagBag from /home/airflow/.local/lib/python3.8/site-packages/airflow/example_dags/example_external_task_marker_dag.py
[2024-06-04T08:04:04.055+0000] {processor.py:840} INFO - DAG(s) 'example_external_task_marker_child', 'example_external_task_marker_parent' retrieved from /home/airflow/.local/lib/python3.8/site-packages/airflow/example_dags/example_external_task_marker_dag.py
[2024-06-04T08:04:04.083+0000] {logging_mixin.py:188} INFO - [2024-06-04T08:04:04.083+0000] {dag.py:3047} INFO - Sync 2 DAGs
[2024-06-04T08:04:04.098+0000] {logging_mixin.py:188} INFO - [2024-06-04T08:04:04.098+0000] {dag.py:3834} INFO - Setting next_dagrun for example_external_task_marker_child to None, run_after=None
[2024-06-04T08:04:04.103+0000] {logging_mixin.py:188} INFO - [2024-06-04T08:04:04.103+0000] {dag.py:3834} INFO - Setting next_dagrun for example_external_task_marker_parent to None, run_after=None
[2024-06-04T08:04:04.122+0000] {processor.py:183} INFO - Processing /home/airflow/.local/lib/python3.8/site-packages/airflow/example_dags/example_external_task_marker_dag.py took 0.081 seconds
[2024-06-04T08:04:34.381+0000] {processor.py:161} INFO - Started process (PID=1680) to work on /home/airflow/.local/lib/python3.8/site-packages/airflow/example_dags/example_external_task_marker_dag.py
[2024-06-04T08:04:34.382+0000] {processor.py:830} INFO - Processing file /home/airflow/.local/lib/python3.8/site-packages/airflow/example_dags/example_external_task_marker_dag.py for tasks to queue
[2024-06-04T08:04:34.385+0000] {logging_mixin.py:188} INFO - [2024-06-04T08:04:34.385+0000] {dagbag.py:540} INFO - Filling up the DagBag from /home/airflow/.local/lib/python3.8/site-packages/airflow/example_dags/example_external_task_marker_dag.py
[2024-06-04T08:04:34.393+0000] {processor.py:840} INFO - DAG(s) 'example_external_task_marker_parent', 'example_external_task_marker_child' retrieved from /home/airflow/.local/lib/python3.8/site-packages/airflow/example_dags/example_external_task_marker_dag.py
[2024-06-04T08:04:34.423+0000] {logging_mixin.py:188} INFO - [2024-06-04T08:04:34.423+0000] {dag.py:3047} INFO - Sync 2 DAGs
[2024-06-04T08:04:34.437+0000] {logging_mixin.py:188} INFO - [2024-06-04T08:04:34.437+0000] {dag.py:3834} INFO - Setting next_dagrun for example_external_task_marker_child to None, run_after=None
[2024-06-04T08:04:34.442+0000] {logging_mixin.py:188} INFO - [2024-06-04T08:04:34.441+0000] {dag.py:3834} INFO - Setting next_dagrun for example_external_task_marker_parent to None, run_after=None
[2024-06-04T08:04:34.461+0000] {processor.py:183} INFO - Processing /home/airflow/.local/lib/python3.8/site-packages/airflow/example_dags/example_external_task_marker_dag.py took 0.084 seconds
[2024-06-04T08:05:04.810+0000] {processor.py:161} INFO - Started process (PID=1738) to work on /home/airflow/.local/lib/python3.8/site-packages/airflow/example_dags/example_external_task_marker_dag.py
[2024-06-04T08:05:04.812+0000] {processor.py:830} INFO - Processing file /home/airflow/.local/lib/python3.8/site-packages/airflow/example_dags/example_external_task_marker_dag.py for tasks to queue
[2024-06-04T08:05:04.814+0000] {logging_mixin.py:188} INFO - [2024-06-04T08:05:04.813+0000] {dagbag.py:540} INFO - Filling up the DagBag from /home/airflow/.local/lib/python3.8/site-packages/airflow/example_dags/example_external_task_marker_dag.py
[2024-06-04T08:05:04.822+0000] {processor.py:840} INFO - DAG(s) 'example_external_task_marker_child', 'example_external_task_marker_parent' retrieved from /home/airflow/.local/lib/python3.8/site-packages/airflow/example_dags/example_external_task_marker_dag.py
[2024-06-04T08:05:04.855+0000] {logging_mixin.py:188} INFO - [2024-06-04T08:05:04.855+0000] {dag.py:3047} INFO - Sync 2 DAGs
[2024-06-04T08:05:04.870+0000] {logging_mixin.py:188} INFO - [2024-06-04T08:05:04.869+0000] {dag.py:3834} INFO - Setting next_dagrun for example_external_task_marker_child to None, run_after=None
[2024-06-04T08:05:04.874+0000] {logging_mixin.py:188} INFO - [2024-06-04T08:05:04.873+0000] {dag.py:3834} INFO - Setting next_dagrun for example_external_task_marker_parent to None, run_after=None
[2024-06-04T08:05:04.892+0000] {processor.py:183} INFO - Processing /home/airflow/.local/lib/python3.8/site-packages/airflow/example_dags/example_external_task_marker_dag.py took 0.086 seconds
[2024-06-04T08:05:35.144+0000] {processor.py:161} INFO - Started process (PID=1796) to work on /home/airflow/.local/lib/python3.8/site-packages/airflow/example_dags/example_external_task_marker_dag.py
[2024-06-04T08:05:35.145+0000] {processor.py:830} INFO - Processing file /home/airflow/.local/lib/python3.8/site-packages/airflow/example_dags/example_external_task_marker_dag.py for tasks to queue
[2024-06-04T08:05:35.147+0000] {logging_mixin.py:188} INFO - [2024-06-04T08:05:35.147+0000] {dagbag.py:540} INFO - Filling up the DagBag from /home/airflow/.local/lib/python3.8/site-packages/airflow/example_dags/example_external_task_marker_dag.py
[2024-06-04T08:05:35.154+0000] {processor.py:840} INFO - DAG(s) 'example_external_task_marker_parent', 'example_external_task_marker_child' retrieved from /home/airflow/.local/lib/python3.8/site-packages/airflow/example_dags/example_external_task_marker_dag.py
[2024-06-04T08:05:35.220+0000] {logging_mixin.py:188} INFO - [2024-06-04T08:05:35.220+0000] {dag.py:3047} INFO - Sync 2 DAGs
[2024-06-04T08:05:35.233+0000] {logging_mixin.py:188} INFO - [2024-06-04T08:05:35.233+0000] {dag.py:3834} INFO - Setting next_dagrun for example_external_task_marker_child to None, run_after=None
[2024-06-04T08:05:35.237+0000] {logging_mixin.py:188} INFO - [2024-06-04T08:05:35.237+0000] {dag.py:3834} INFO - Setting next_dagrun for example_external_task_marker_parent to None, run_after=None
[2024-06-04T08:05:35.252+0000] {processor.py:183} INFO - Processing /home/airflow/.local/lib/python3.8/site-packages/airflow/example_dags/example_external_task_marker_dag.py took 0.113 seconds
[2024-06-04T08:06:06.028+0000] {processor.py:161} INFO - Started process (PID=1860) to work on /home/airflow/.local/lib/python3.8/site-packages/airflow/example_dags/example_external_task_marker_dag.py
[2024-06-04T08:06:06.030+0000] {processor.py:830} INFO - Processing file /home/airflow/.local/lib/python3.8/site-packages/airflow/example_dags/example_external_task_marker_dag.py for tasks to queue
[2024-06-04T08:06:06.032+0000] {logging_mixin.py:188} INFO - [2024-06-04T08:06:06.031+0000] {dagbag.py:540} INFO - Filling up the DagBag from /home/airflow/.local/lib/python3.8/site-packages/airflow/example_dags/example_external_task_marker_dag.py
[2024-06-04T08:06:06.039+0000] {processor.py:840} INFO - DAG(s) 'example_external_task_marker_child', 'example_external_task_marker_parent' retrieved from /home/airflow/.local/lib/python3.8/site-packages/airflow/example_dags/example_external_task_marker_dag.py
[2024-06-04T08:06:06.068+0000] {logging_mixin.py:188} INFO - [2024-06-04T08:06:06.068+0000] {dag.py:3047} INFO - Sync 2 DAGs
[2024-06-04T08:06:06.082+0000] {logging_mixin.py:188} INFO - [2024-06-04T08:06:06.081+0000] {dag.py:3834} INFO - Setting next_dagrun for example_external_task_marker_child to None, run_after=None
[2024-06-04T08:06:06.085+0000] {logging_mixin.py:188} INFO - [2024-06-04T08:06:06.085+0000] {dag.py:3834} INFO - Setting next_dagrun for example_external_task_marker_parent to None, run_after=None
[2024-06-04T08:06:06.111+0000] {processor.py:183} INFO - Processing /home/airflow/.local/lib/python3.8/site-packages/airflow/example_dags/example_external_task_marker_dag.py took 0.087 seconds
[2024-06-04T08:06:36.378+0000] {processor.py:161} INFO - Started process (PID=1918) to work on /home/airflow/.local/lib/python3.8/site-packages/airflow/example_dags/example_external_task_marker_dag.py
[2024-06-04T08:06:36.379+0000] {processor.py:830} INFO - Processing file /home/airflow/.local/lib/python3.8/site-packages/airflow/example_dags/example_external_task_marker_dag.py for tasks to queue
[2024-06-04T08:06:36.381+0000] {logging_mixin.py:188} INFO - [2024-06-04T08:06:36.381+0000] {dagbag.py:540} INFO - Filling up the DagBag from /home/airflow/.local/lib/python3.8/site-packages/airflow/example_dags/example_external_task_marker_dag.py
[2024-06-04T08:06:36.388+0000] {processor.py:840} INFO - DAG(s) 'example_external_task_marker_child', 'example_external_task_marker_parent' retrieved from /home/airflow/.local/lib/python3.8/site-packages/airflow/example_dags/example_external_task_marker_dag.py
[2024-06-04T08:06:36.425+0000] {logging_mixin.py:188} INFO - [2024-06-04T08:06:36.424+0000] {dag.py:3047} INFO - Sync 2 DAGs
[2024-06-04T08:06:36.446+0000] {logging_mixin.py:188} INFO - [2024-06-04T08:06:36.445+0000] {dag.py:3834} INFO - Setting next_dagrun for example_external_task_marker_child to None, run_after=None
[2024-06-04T08:06:36.453+0000] {logging_mixin.py:188} INFO - [2024-06-04T08:06:36.452+0000] {dag.py:3834} INFO - Setting next_dagrun for example_external_task_marker_parent to None, run_after=None
[2024-06-04T08:06:36.475+0000] {processor.py:183} INFO - Processing /home/airflow/.local/lib/python3.8/site-packages/airflow/example_dags/example_external_task_marker_dag.py took 0.101 seconds
[2024-06-04T08:07:07.383+0000] {processor.py:161} INFO - Started process (PID=1976) to work on /home/airflow/.local/lib/python3.8/site-packages/airflow/example_dags/example_external_task_marker_dag.py
[2024-06-04T08:07:07.385+0000] {processor.py:830} INFO - Processing file /home/airflow/.local/lib/python3.8/site-packages/airflow/example_dags/example_external_task_marker_dag.py for tasks to queue
[2024-06-04T08:07:07.387+0000] {logging_mixin.py:188} INFO - [2024-06-04T08:07:07.387+0000] {dagbag.py:540} INFO - Filling up the DagBag from /home/airflow/.local/lib/python3.8/site-packages/airflow/example_dags/example_external_task_marker_dag.py
[2024-06-04T08:07:07.394+0000] {processor.py:840} INFO - DAG(s) 'example_external_task_marker_child', 'example_external_task_marker_parent' retrieved from /home/airflow/.local/lib/python3.8/site-packages/airflow/example_dags/example_external_task_marker_dag.py
[2024-06-04T08:07:07.433+0000] {logging_mixin.py:188} INFO - [2024-06-04T08:07:07.433+0000] {dag.py:3047} INFO - Sync 2 DAGs
[2024-06-04T08:07:07.451+0000] {logging_mixin.py:188} INFO - [2024-06-04T08:07:07.451+0000] {dag.py:3834} INFO - Setting next_dagrun for example_external_task_marker_child to None, run_after=None
[2024-06-04T08:07:07.459+0000] {logging_mixin.py:188} INFO - [2024-06-04T08:07:07.458+0000] {dag.py:3834} INFO - Setting next_dagrun for example_external_task_marker_parent to None, run_after=None
[2024-06-04T08:07:07.685+0000] {processor.py:183} INFO - Processing /home/airflow/.local/lib/python3.8/site-packages/airflow/example_dags/example_external_task_marker_dag.py took 0.305 seconds
[2024-06-04T08:07:37.897+0000] {processor.py:161} INFO - Started process (PID=2034) to work on /home/airflow/.local/lib/python3.8/site-packages/airflow/example_dags/example_external_task_marker_dag.py
[2024-06-04T08:07:37.900+0000] {processor.py:830} INFO - Processing file /home/airflow/.local/lib/python3.8/site-packages/airflow/example_dags/example_external_task_marker_dag.py for tasks to queue
[2024-06-04T08:07:37.902+0000] {logging_mixin.py:188} INFO - [2024-06-04T08:07:37.902+0000] {dagbag.py:540} INFO - Filling up the DagBag from /home/airflow/.local/lib/python3.8/site-packages/airflow/example_dags/example_external_task_marker_dag.py
[2024-06-04T08:07:37.911+0000] {processor.py:840} INFO - DAG(s) 'example_external_task_marker_child', 'example_external_task_marker_parent' retrieved from /home/airflow/.local/lib/python3.8/site-packages/airflow/example_dags/example_external_task_marker_dag.py
[2024-06-04T08:07:37.944+0000] {logging_mixin.py:188} INFO - [2024-06-04T08:07:37.944+0000] {dag.py:3047} INFO - Sync 2 DAGs
[2024-06-04T08:07:37.962+0000] {logging_mixin.py:188} INFO - [2024-06-04T08:07:37.961+0000] {dag.py:3834} INFO - Setting next_dagrun for example_external_task_marker_child to None, run_after=None
[2024-06-04T08:07:37.967+0000] {logging_mixin.py:188} INFO - [2024-06-04T08:07:37.967+0000] {dag.py:3834} INFO - Setting next_dagrun for example_external_task_marker_parent to None, run_after=None
[2024-06-04T08:07:37.989+0000] {processor.py:183} INFO - Processing /home/airflow/.local/lib/python3.8/site-packages/airflow/example_dags/example_external_task_marker_dag.py took 0.096 seconds
[2024-06-04T08:08:08.279+0000] {processor.py:161} INFO - Started process (PID=2092) to work on /home/airflow/.local/lib/python3.8/site-packages/airflow/example_dags/example_external_task_marker_dag.py
[2024-06-04T08:08:08.281+0000] {processor.py:830} INFO - Processing file /home/airflow/.local/lib/python3.8/site-packages/airflow/example_dags/example_external_task_marker_dag.py for tasks to queue
[2024-06-04T08:08:08.283+0000] {logging_mixin.py:188} INFO - [2024-06-04T08:08:08.283+0000] {dagbag.py:540} INFO - Filling up the DagBag from /home/airflow/.local/lib/python3.8/site-packages/airflow/example_dags/example_external_task_marker_dag.py
[2024-06-04T08:08:08.291+0000] {processor.py:840} INFO - DAG(s) 'example_external_task_marker_child', 'example_external_task_marker_parent' retrieved from /home/airflow/.local/lib/python3.8/site-packages/airflow/example_dags/example_external_task_marker_dag.py
[2024-06-04T08:08:08.328+0000] {logging_mixin.py:188} INFO - [2024-06-04T08:08:08.328+0000] {dag.py:3047} INFO - Sync 2 DAGs
[2024-06-04T08:08:08.348+0000] {logging_mixin.py:188} INFO - [2024-06-04T08:08:08.347+0000] {dag.py:3834} INFO - Setting next_dagrun for example_external_task_marker_child to None, run_after=None
[2024-06-04T08:08:08.354+0000] {logging_mixin.py:188} INFO - [2024-06-04T08:08:08.354+0000] {dag.py:3834} INFO - Setting next_dagrun for example_external_task_marker_parent to None, run_after=None
[2024-06-04T08:08:08.383+0000] {processor.py:183} INFO - Processing /home/airflow/.local/lib/python3.8/site-packages/airflow/example_dags/example_external_task_marker_dag.py took 0.109 seconds
[2024-06-04T08:08:38.909+0000] {processor.py:161} INFO - Started process (PID=2149) to work on /home/airflow/.local/lib/python3.8/site-packages/airflow/example_dags/example_external_task_marker_dag.py
[2024-06-04T08:08:38.910+0000] {processor.py:830} INFO - Processing file /home/airflow/.local/lib/python3.8/site-packages/airflow/example_dags/example_external_task_marker_dag.py for tasks to queue
[2024-06-04T08:08:38.913+0000] {logging_mixin.py:188} INFO - [2024-06-04T08:08:38.912+0000] {dagbag.py:540} INFO - Filling up the DagBag from /home/airflow/.local/lib/python3.8/site-packages/airflow/example_dags/example_external_task_marker_dag.py
[2024-06-04T08:08:38.921+0000] {processor.py:840} INFO - DAG(s) 'example_external_task_marker_child', 'example_external_task_marker_parent' retrieved from /home/airflow/.local/lib/python3.8/site-packages/airflow/example_dags/example_external_task_marker_dag.py
[2024-06-04T08:08:38.959+0000] {logging_mixin.py:188} INFO - [2024-06-04T08:08:38.959+0000] {dag.py:3047} INFO - Sync 2 DAGs
[2024-06-04T08:08:38.978+0000] {logging_mixin.py:188} INFO - [2024-06-04T08:08:38.978+0000] {dag.py:3834} INFO - Setting next_dagrun for example_external_task_marker_child to None, run_after=None
[2024-06-04T08:08:38.983+0000] {logging_mixin.py:188} INFO - [2024-06-04T08:08:38.982+0000] {dag.py:3834} INFO - Setting next_dagrun for example_external_task_marker_parent to None, run_after=None
[2024-06-04T08:08:39.007+0000] {processor.py:183} INFO - Processing /home/airflow/.local/lib/python3.8/site-packages/airflow/example_dags/example_external_task_marker_dag.py took 0.102 seconds
[2024-06-04T08:09:10.534+0000] {processor.py:161} INFO - Started process (PID=2207) to work on /home/airflow/.local/lib/python3.8/site-packages/airflow/example_dags/example_external_task_marker_dag.py
[2024-06-04T08:09:10.535+0000] {processor.py:830} INFO - Processing file /home/airflow/.local/lib/python3.8/site-packages/airflow/example_dags/example_external_task_marker_dag.py for tasks to queue
[2024-06-04T08:09:10.537+0000] {logging_mixin.py:188} INFO - [2024-06-04T08:09:10.537+0000] {dagbag.py:540} INFO - Filling up the DagBag from /home/airflow/.local/lib/python3.8/site-packages/airflow/example_dags/example_external_task_marker_dag.py
[2024-06-04T08:09:10.545+0000] {processor.py:840} INFO - DAG(s) 'example_external_task_marker_parent', 'example_external_task_marker_child' retrieved from /home/airflow/.local/lib/python3.8/site-packages/airflow/example_dags/example_external_task_marker_dag.py
[2024-06-04T08:09:10.795+0000] {logging_mixin.py:188} INFO - [2024-06-04T08:09:10.795+0000] {dag.py:3047} INFO - Sync 2 DAGs
[2024-06-04T08:09:10.811+0000] {logging_mixin.py:188} INFO - [2024-06-04T08:09:10.810+0000] {dag.py:3834} INFO - Setting next_dagrun for example_external_task_marker_child to None, run_after=None
[2024-06-04T08:09:10.815+0000] {logging_mixin.py:188} INFO - [2024-06-04T08:09:10.815+0000] {dag.py:3834} INFO - Setting next_dagrun for example_external_task_marker_parent to None, run_after=None
[2024-06-04T08:09:10.834+0000] {processor.py:183} INFO - Processing /home/airflow/.local/lib/python3.8/site-packages/airflow/example_dags/example_external_task_marker_dag.py took 0.304 seconds
[2024-06-04T08:09:41.089+0000] {processor.py:161} INFO - Started process (PID=2265) to work on /home/airflow/.local/lib/python3.8/site-packages/airflow/example_dags/example_external_task_marker_dag.py
[2024-06-04T08:09:41.090+0000] {processor.py:830} INFO - Processing file /home/airflow/.local/lib/python3.8/site-packages/airflow/example_dags/example_external_task_marker_dag.py for tasks to queue
[2024-06-04T08:09:41.092+0000] {logging_mixin.py:188} INFO - [2024-06-04T08:09:41.092+0000] {dagbag.py:540} INFO - Filling up the DagBag from /home/airflow/.local/lib/python3.8/site-packages/airflow/example_dags/example_external_task_marker_dag.py
[2024-06-04T08:09:41.098+0000] {processor.py:840} INFO - DAG(s) 'example_external_task_marker_child', 'example_external_task_marker_parent' retrieved from /home/airflow/.local/lib/python3.8/site-packages/airflow/example_dags/example_external_task_marker_dag.py
[2024-06-04T08:09:41.135+0000] {logging_mixin.py:188} INFO - [2024-06-04T08:09:41.134+0000] {dag.py:3047} INFO - Sync 2 DAGs
[2024-06-04T08:09:41.153+0000] {logging_mixin.py:188} INFO - [2024-06-04T08:09:41.153+0000] {dag.py:3834} INFO - Setting next_dagrun for example_external_task_marker_child to None, run_after=None
[2024-06-04T08:09:41.159+0000] {logging_mixin.py:188} INFO - [2024-06-04T08:09:41.158+0000] {dag.py:3834} INFO - Setting next_dagrun for example_external_task_marker_parent to None, run_after=None
[2024-06-04T08:09:41.179+0000] {processor.py:183} INFO - Processing /home/airflow/.local/lib/python3.8/site-packages/airflow/example_dags/example_external_task_marker_dag.py took 0.093 seconds
[2024-06-04T08:10:11.708+0000] {processor.py:161} INFO - Started process (PID=2323) to work on /home/airflow/.local/lib/python3.8/site-packages/airflow/example_dags/example_external_task_marker_dag.py
[2024-06-04T08:10:11.710+0000] {processor.py:830} INFO - Processing file /home/airflow/.local/lib/python3.8/site-packages/airflow/example_dags/example_external_task_marker_dag.py for tasks to queue
[2024-06-04T08:10:11.712+0000] {logging_mixin.py:188} INFO - [2024-06-04T08:10:11.712+0000] {dagbag.py:540} INFO - Filling up the DagBag from /home/airflow/.local/lib/python3.8/site-packages/airflow/example_dags/example_external_task_marker_dag.py
[2024-06-04T08:10:11.720+0000] {processor.py:840} INFO - DAG(s) 'example_external_task_marker_child', 'example_external_task_marker_parent' retrieved from /home/airflow/.local/lib/python3.8/site-packages/airflow/example_dags/example_external_task_marker_dag.py
[2024-06-04T08:10:11.752+0000] {logging_mixin.py:188} INFO - [2024-06-04T08:10:11.752+0000] {dag.py:3047} INFO - Sync 2 DAGs
[2024-06-04T08:10:11.769+0000] {logging_mixin.py:188} INFO - [2024-06-04T08:10:11.768+0000] {dag.py:3834} INFO - Setting next_dagrun for example_external_task_marker_child to None, run_after=None
[2024-06-04T08:10:11.773+0000] {logging_mixin.py:188} INFO - [2024-06-04T08:10:11.773+0000] {dag.py:3834} INFO - Setting next_dagrun for example_external_task_marker_parent to None, run_after=None
[2024-06-04T08:10:11.801+0000] {processor.py:183} INFO - Processing /home/airflow/.local/lib/python3.8/site-packages/airflow/example_dags/example_external_task_marker_dag.py took 0.098 seconds
[2024-06-04T08:10:42.110+0000] {processor.py:161} INFO - Started process (PID=2381) to work on /home/airflow/.local/lib/python3.8/site-packages/airflow/example_dags/example_external_task_marker_dag.py
[2024-06-04T08:10:42.111+0000] {processor.py:830} INFO - Processing file /home/airflow/.local/lib/python3.8/site-packages/airflow/example_dags/example_external_task_marker_dag.py for tasks to queue
[2024-06-04T08:10:42.113+0000] {logging_mixin.py:188} INFO - [2024-06-04T08:10:42.113+0000] {dagbag.py:540} INFO - Filling up the DagBag from /home/airflow/.local/lib/python3.8/site-packages/airflow/example_dags/example_external_task_marker_dag.py
[2024-06-04T08:10:42.121+0000] {processor.py:840} INFO - DAG(s) 'example_external_task_marker_child', 'example_external_task_marker_parent' retrieved from /home/airflow/.local/lib/python3.8/site-packages/airflow/example_dags/example_external_task_marker_dag.py
[2024-06-04T08:10:42.151+0000] {logging_mixin.py:188} INFO - [2024-06-04T08:10:42.151+0000] {dag.py:3047} INFO - Sync 2 DAGs
[2024-06-04T08:10:42.166+0000] {logging_mixin.py:188} INFO - [2024-06-04T08:10:42.166+0000] {dag.py:3834} INFO - Setting next_dagrun for example_external_task_marker_child to None, run_after=None
[2024-06-04T08:10:42.172+0000] {logging_mixin.py:188} INFO - [2024-06-04T08:10:42.171+0000] {dag.py:3834} INFO - Setting next_dagrun for example_external_task_marker_parent to None, run_after=None
[2024-06-04T08:10:42.192+0000] {processor.py:183} INFO - Processing /home/airflow/.local/lib/python3.8/site-packages/airflow/example_dags/example_external_task_marker_dag.py took 0.086 seconds
[2024-06-04T08:11:12.913+0000] {processor.py:161} INFO - Started process (PID=2439) to work on /home/airflow/.local/lib/python3.8/site-packages/airflow/example_dags/example_external_task_marker_dag.py
[2024-06-04T08:11:12.915+0000] {processor.py:830} INFO - Processing file /home/airflow/.local/lib/python3.8/site-packages/airflow/example_dags/example_external_task_marker_dag.py for tasks to queue
[2024-06-04T08:11:12.918+0000] {logging_mixin.py:188} INFO - [2024-06-04T08:11:12.918+0000] {dagbag.py:540} INFO - Filling up the DagBag from /home/airflow/.local/lib/python3.8/site-packages/airflow/example_dags/example_external_task_marker_dag.py
[2024-06-04T08:11:12.927+0000] {processor.py:840} INFO - DAG(s) 'example_external_task_marker_child', 'example_external_task_marker_parent' retrieved from /home/airflow/.local/lib/python3.8/site-packages/airflow/example_dags/example_external_task_marker_dag.py
[2024-06-04T08:11:12.961+0000] {logging_mixin.py:188} INFO - [2024-06-04T08:11:12.961+0000] {dag.py:3047} INFO - Sync 2 DAGs
[2024-06-04T08:11:12.976+0000] {logging_mixin.py:188} INFO - [2024-06-04T08:11:12.975+0000] {dag.py:3834} INFO - Setting next_dagrun for example_external_task_marker_child to None, run_after=None
[2024-06-04T08:11:12.980+0000] {logging_mixin.py:188} INFO - [2024-06-04T08:11:12.980+0000] {dag.py:3834} INFO - Setting next_dagrun for example_external_task_marker_parent to None, run_after=None
[2024-06-04T08:11:12.999+0000] {processor.py:183} INFO - Processing /home/airflow/.local/lib/python3.8/site-packages/airflow/example_dags/example_external_task_marker_dag.py took 0.090 seconds
[2024-06-04T08:11:43.150+0000] {processor.py:161} INFO - Started process (PID=2498) to work on /home/airflow/.local/lib/python3.8/site-packages/airflow/example_dags/example_external_task_marker_dag.py
[2024-06-04T08:11:43.152+0000] {processor.py:830} INFO - Processing file /home/airflow/.local/lib/python3.8/site-packages/airflow/example_dags/example_external_task_marker_dag.py for tasks to queue
[2024-06-04T08:11:43.154+0000] {logging_mixin.py:188} INFO - [2024-06-04T08:11:43.154+0000] {dagbag.py:540} INFO - Filling up the DagBag from /home/airflow/.local/lib/python3.8/site-packages/airflow/example_dags/example_external_task_marker_dag.py
[2024-06-04T08:11:43.162+0000] {processor.py:840} INFO - DAG(s) 'example_external_task_marker_child', 'example_external_task_marker_parent' retrieved from /home/airflow/.local/lib/python3.8/site-packages/airflow/example_dags/example_external_task_marker_dag.py
[2024-06-04T08:11:43.221+0000] {logging_mixin.py:188} INFO - [2024-06-04T08:11:43.221+0000] {dag.py:3047} INFO - Sync 2 DAGs
[2024-06-04T08:11:43.236+0000] {logging_mixin.py:188} INFO - [2024-06-04T08:11:43.235+0000] {dag.py:3834} INFO - Setting next_dagrun for example_external_task_marker_child to None, run_after=None
[2024-06-04T08:11:43.241+0000] {logging_mixin.py:188} INFO - [2024-06-04T08:11:43.241+0000] {dag.py:3834} INFO - Setting next_dagrun for example_external_task_marker_parent to None, run_after=None
[2024-06-04T08:11:43.262+0000] {processor.py:183} INFO - Processing /home/airflow/.local/lib/python3.8/site-packages/airflow/example_dags/example_external_task_marker_dag.py took 0.116 seconds
[2024-06-04T08:12:13.949+0000] {processor.py:161} INFO - Started process (PID=2557) to work on /home/airflow/.local/lib/python3.8/site-packages/airflow/example_dags/example_external_task_marker_dag.py
[2024-06-04T08:12:13.950+0000] {processor.py:830} INFO - Processing file /home/airflow/.local/lib/python3.8/site-packages/airflow/example_dags/example_external_task_marker_dag.py for tasks to queue
[2024-06-04T08:12:13.953+0000] {logging_mixin.py:188} INFO - [2024-06-04T08:12:13.952+0000] {dagbag.py:540} INFO - Filling up the DagBag from /home/airflow/.local/lib/python3.8/site-packages/airflow/example_dags/example_external_task_marker_dag.py
[2024-06-04T08:12:14.005+0000] {processor.py:840} INFO - DAG(s) 'example_external_task_marker_parent', 'example_external_task_marker_child' retrieved from /home/airflow/.local/lib/python3.8/site-packages/airflow/example_dags/example_external_task_marker_dag.py
[2024-06-04T08:12:14.048+0000] {logging_mixin.py:188} INFO - [2024-06-04T08:12:14.048+0000] {dag.py:3047} INFO - Sync 2 DAGs
[2024-06-04T08:12:14.064+0000] {logging_mixin.py:188} INFO - [2024-06-04T08:12:14.063+0000] {dag.py:3834} INFO - Setting next_dagrun for example_external_task_marker_child to None, run_after=None
[2024-06-04T08:12:14.068+0000] {logging_mixin.py:188} INFO - [2024-06-04T08:12:14.068+0000] {dag.py:3834} INFO - Setting next_dagrun for example_external_task_marker_parent to None, run_after=None
[2024-06-04T08:12:14.125+0000] {processor.py:183} INFO - Processing /home/airflow/.local/lib/python3.8/site-packages/airflow/example_dags/example_external_task_marker_dag.py took 0.183 seconds
[2024-06-04T08:12:44.525+0000] {processor.py:161} INFO - Started process (PID=2616) to work on /home/airflow/.local/lib/python3.8/site-packages/airflow/example_dags/example_external_task_marker_dag.py
[2024-06-04T08:12:44.527+0000] {processor.py:830} INFO - Processing file /home/airflow/.local/lib/python3.8/site-packages/airflow/example_dags/example_external_task_marker_dag.py for tasks to queue
[2024-06-04T08:12:44.530+0000] {logging_mixin.py:188} INFO - [2024-06-04T08:12:44.529+0000] {dagbag.py:540} INFO - Filling up the DagBag from /home/airflow/.local/lib/python3.8/site-packages/airflow/example_dags/example_external_task_marker_dag.py
[2024-06-04T08:12:44.539+0000] {processor.py:840} INFO - DAG(s) 'example_external_task_marker_child', 'example_external_task_marker_parent' retrieved from /home/airflow/.local/lib/python3.8/site-packages/airflow/example_dags/example_external_task_marker_dag.py
[2024-06-04T08:12:44.575+0000] {logging_mixin.py:188} INFO - [2024-06-04T08:12:44.574+0000] {dag.py:3047} INFO - Sync 2 DAGs
[2024-06-04T08:12:44.602+0000] {logging_mixin.py:188} INFO - [2024-06-04T08:12:44.601+0000] {dag.py:3834} INFO - Setting next_dagrun for example_external_task_marker_child to None, run_after=None
[2024-06-04T08:12:44.609+0000] {logging_mixin.py:188} INFO - [2024-06-04T08:12:44.608+0000] {dag.py:3834} INFO - Setting next_dagrun for example_external_task_marker_parent to None, run_after=None
[2024-06-04T08:12:44.632+0000] {processor.py:183} INFO - Processing /home/airflow/.local/lib/python3.8/site-packages/airflow/example_dags/example_external_task_marker_dag.py took 0.111 seconds
[2024-06-04T08:13:14.851+0000] {processor.py:161} INFO - Started process (PID=2674) to work on /home/airflow/.local/lib/python3.8/site-packages/airflow/example_dags/example_external_task_marker_dag.py
[2024-06-04T08:13:14.853+0000] {processor.py:830} INFO - Processing file /home/airflow/.local/lib/python3.8/site-packages/airflow/example_dags/example_external_task_marker_dag.py for tasks to queue
[2024-06-04T08:13:14.855+0000] {logging_mixin.py:188} INFO - [2024-06-04T08:13:14.854+0000] {dagbag.py:540} INFO - Filling up the DagBag from /home/airflow/.local/lib/python3.8/site-packages/airflow/example_dags/example_external_task_marker_dag.py
[2024-06-04T08:13:14.863+0000] {processor.py:840} INFO - DAG(s) 'example_external_task_marker_parent', 'example_external_task_marker_child' retrieved from /home/airflow/.local/lib/python3.8/site-packages/airflow/example_dags/example_external_task_marker_dag.py
[2024-06-04T08:13:14.900+0000] {logging_mixin.py:188} INFO - [2024-06-04T08:13:14.900+0000] {dag.py:3047} INFO - Sync 2 DAGs
[2024-06-04T08:13:14.921+0000] {logging_mixin.py:188} INFO - [2024-06-04T08:13:14.920+0000] {dag.py:3834} INFO - Setting next_dagrun for example_external_task_marker_child to None, run_after=None
[2024-06-04T08:13:14.927+0000] {logging_mixin.py:188} INFO - [2024-06-04T08:13:14.926+0000] {dag.py:3834} INFO - Setting next_dagrun for example_external_task_marker_parent to None, run_after=None
[2024-06-04T08:13:14.960+0000] {processor.py:183} INFO - Processing /home/airflow/.local/lib/python3.8/site-packages/airflow/example_dags/example_external_task_marker_dag.py took 0.114 seconds
[2024-06-04T08:13:45.632+0000] {processor.py:161} INFO - Started process (PID=2733) to work on /home/airflow/.local/lib/python3.8/site-packages/airflow/example_dags/example_external_task_marker_dag.py
[2024-06-04T08:13:45.633+0000] {processor.py:830} INFO - Processing file /home/airflow/.local/lib/python3.8/site-packages/airflow/example_dags/example_external_task_marker_dag.py for tasks to queue
[2024-06-04T08:13:45.635+0000] {logging_mixin.py:188} INFO - [2024-06-04T08:13:45.635+0000] {dagbag.py:540} INFO - Filling up the DagBag from /home/airflow/.local/lib/python3.8/site-packages/airflow/example_dags/example_external_task_marker_dag.py
[2024-06-04T08:13:45.643+0000] {processor.py:840} INFO - DAG(s) 'example_external_task_marker_parent', 'example_external_task_marker_child' retrieved from /home/airflow/.local/lib/python3.8/site-packages/airflow/example_dags/example_external_task_marker_dag.py
[2024-06-04T08:13:45.664+0000] {logging_mixin.py:188} INFO - [2024-06-04T08:13:45.664+0000] {dag.py:3047} INFO - Sync 2 DAGs
[2024-06-04T08:13:45.718+0000] {logging_mixin.py:188} INFO - [2024-06-04T08:13:45.718+0000] {dag.py:3834} INFO - Setting next_dagrun for example_external_task_marker_child to None, run_after=None
[2024-06-04T08:13:45.725+0000] {logging_mixin.py:188} INFO - [2024-06-04T08:13:45.724+0000] {dag.py:3834} INFO - Setting next_dagrun for example_external_task_marker_parent to None, run_after=None
[2024-06-04T08:13:45.760+0000] {processor.py:183} INFO - Processing /home/airflow/.local/lib/python3.8/site-packages/airflow/example_dags/example_external_task_marker_dag.py took 0.133 seconds
[2024-06-04T08:14:16.123+0000] {processor.py:161} INFO - Started process (PID=2792) to work on /home/airflow/.local/lib/python3.8/site-packages/airflow/example_dags/example_external_task_marker_dag.py
[2024-06-04T08:14:16.124+0000] {processor.py:830} INFO - Processing file /home/airflow/.local/lib/python3.8/site-packages/airflow/example_dags/example_external_task_marker_dag.py for tasks to queue
[2024-06-04T08:14:16.126+0000] {logging_mixin.py:188} INFO - [2024-06-04T08:14:16.126+0000] {dagbag.py:540} INFO - Filling up the DagBag from /home/airflow/.local/lib/python3.8/site-packages/airflow/example_dags/example_external_task_marker_dag.py
[2024-06-04T08:14:16.135+0000] {processor.py:840} INFO - DAG(s) 'example_external_task_marker_parent', 'example_external_task_marker_child' retrieved from /home/airflow/.local/lib/python3.8/site-packages/airflow/example_dags/example_external_task_marker_dag.py
[2024-06-04T08:14:16.266+0000] {logging_mixin.py:188} INFO - [2024-06-04T08:14:16.266+0000] {dag.py:3047} INFO - Sync 2 DAGs
[2024-06-04T08:14:16.281+0000] {logging_mixin.py:188} INFO - [2024-06-04T08:14:16.281+0000] {dag.py:3834} INFO - Setting next_dagrun for example_external_task_marker_child to None, run_after=None
[2024-06-04T08:14:16.286+0000] {logging_mixin.py:188} INFO - [2024-06-04T08:14:16.286+0000] {dag.py:3834} INFO - Setting next_dagrun for example_external_task_marker_parent to None, run_after=None
[2024-06-04T08:14:16.310+0000] {processor.py:183} INFO - Processing /home/airflow/.local/lib/python3.8/site-packages/airflow/example_dags/example_external_task_marker_dag.py took 0.191 seconds
[2024-06-04T08:14:46.814+0000] {processor.py:161} INFO - Started process (PID=2851) to work on /home/airflow/.local/lib/python3.8/site-packages/airflow/example_dags/example_external_task_marker_dag.py
[2024-06-04T08:14:46.815+0000] {processor.py:830} INFO - Processing file /home/airflow/.local/lib/python3.8/site-packages/airflow/example_dags/example_external_task_marker_dag.py for tasks to queue
[2024-06-04T08:14:46.817+0000] {logging_mixin.py:188} INFO - [2024-06-04T08:14:46.817+0000] {dagbag.py:540} INFO - Filling up the DagBag from /home/airflow/.local/lib/python3.8/site-packages/airflow/example_dags/example_external_task_marker_dag.py
[2024-06-04T08:14:46.824+0000] {processor.py:840} INFO - DAG(s) 'example_external_task_marker_child', 'example_external_task_marker_parent' retrieved from /home/airflow/.local/lib/python3.8/site-packages/airflow/example_dags/example_external_task_marker_dag.py
[2024-06-04T08:14:46.858+0000] {logging_mixin.py:188} INFO - [2024-06-04T08:14:46.857+0000] {dag.py:3047} INFO - Sync 2 DAGs
[2024-06-04T08:14:46.874+0000] {logging_mixin.py:188} INFO - [2024-06-04T08:14:46.874+0000] {dag.py:3834} INFO - Setting next_dagrun for example_external_task_marker_child to None, run_after=None
[2024-06-04T08:14:46.880+0000] {logging_mixin.py:188} INFO - [2024-06-04T08:14:46.879+0000] {dag.py:3834} INFO - Setting next_dagrun for example_external_task_marker_parent to None, run_after=None
[2024-06-04T08:14:46.925+0000] {processor.py:183} INFO - Processing /home/airflow/.local/lib/python3.8/site-packages/airflow/example_dags/example_external_task_marker_dag.py took 0.115 seconds
[2024-06-04T08:15:24.404+0000] {processor.py:161} INFO - Started process (PID=2935) to work on /home/airflow/.local/lib/python3.8/site-packages/airflow/example_dags/example_external_task_marker_dag.py
[2024-06-04T08:15:24.406+0000] {processor.py:830} INFO - Processing file /home/airflow/.local/lib/python3.8/site-packages/airflow/example_dags/example_external_task_marker_dag.py for tasks to queue
[2024-06-04T08:15:24.408+0000] {logging_mixin.py:188} INFO - [2024-06-04T08:15:24.408+0000] {dagbag.py:540} INFO - Filling up the DagBag from /home/airflow/.local/lib/python3.8/site-packages/airflow/example_dags/example_external_task_marker_dag.py
[2024-06-04T08:15:24.504+0000] {processor.py:840} INFO - DAG(s) 'example_external_task_marker_child', 'example_external_task_marker_parent' retrieved from /home/airflow/.local/lib/python3.8/site-packages/airflow/example_dags/example_external_task_marker_dag.py
[2024-06-04T08:15:24.806+0000] {logging_mixin.py:188} INFO - [2024-06-04T08:15:24.805+0000] {dag.py:3047} INFO - Sync 2 DAGs
[2024-06-04T08:15:24.910+0000] {logging_mixin.py:188} INFO - [2024-06-04T08:15:24.910+0000] {dag.py:3834} INFO - Setting next_dagrun for example_external_task_marker_child to None, run_after=None
[2024-06-04T08:15:25.006+0000] {logging_mixin.py:188} INFO - [2024-06-04T08:15:25.006+0000] {dag.py:3834} INFO - Setting next_dagrun for example_external_task_marker_parent to None, run_after=None
[2024-06-04T08:15:25.209+0000] {processor.py:183} INFO - Processing /home/airflow/.local/lib/python3.8/site-packages/airflow/example_dags/example_external_task_marker_dag.py took 0.896 seconds
[2024-06-04T08:15:59.925+0000] {processor.py:161} INFO - Started process (PID=3014) to work on /home/airflow/.local/lib/python3.8/site-packages/airflow/example_dags/example_external_task_marker_dag.py
[2024-06-04T08:15:59.927+0000] {processor.py:830} INFO - Processing file /home/airflow/.local/lib/python3.8/site-packages/airflow/example_dags/example_external_task_marker_dag.py for tasks to queue
[2024-06-04T08:15:59.930+0000] {logging_mixin.py:188} INFO - [2024-06-04T08:15:59.929+0000] {dagbag.py:540} INFO - Filling up the DagBag from /home/airflow/.local/lib/python3.8/site-packages/airflow/example_dags/example_external_task_marker_dag.py
[2024-06-04T08:15:59.940+0000] {processor.py:840} INFO - DAG(s) 'example_external_task_marker_child', 'example_external_task_marker_parent' retrieved from /home/airflow/.local/lib/python3.8/site-packages/airflow/example_dags/example_external_task_marker_dag.py
[2024-06-04T08:16:00.037+0000] {logging_mixin.py:188} INFO - [2024-06-04T08:16:00.037+0000] {dag.py:3047} INFO - Sync 2 DAGs
[2024-06-04T08:16:00.118+0000] {logging_mixin.py:188} INFO - [2024-06-04T08:16:00.117+0000] {dag.py:3834} INFO - Setting next_dagrun for example_external_task_marker_child to None, run_after=None
[2024-06-04T08:16:00.124+0000] {logging_mixin.py:188} INFO - [2024-06-04T08:16:00.123+0000] {dag.py:3834} INFO - Setting next_dagrun for example_external_task_marker_parent to None, run_after=None
[2024-06-04T08:16:00.214+0000] {processor.py:183} INFO - Processing /home/airflow/.local/lib/python3.8/site-packages/airflow/example_dags/example_external_task_marker_dag.py took 0.295 seconds
[2024-06-04T08:16:32.541+0000] {processor.py:161} INFO - Started process (PID=3109) to work on /home/airflow/.local/lib/python3.8/site-packages/airflow/example_dags/example_external_task_marker_dag.py
[2024-06-04T08:16:32.600+0000] {processor.py:830} INFO - Processing file /home/airflow/.local/lib/python3.8/site-packages/airflow/example_dags/example_external_task_marker_dag.py for tasks to queue
[2024-06-04T08:16:32.603+0000] {logging_mixin.py:188} INFO - [2024-06-04T08:16:32.602+0000] {dagbag.py:540} INFO - Filling up the DagBag from /home/airflow/.local/lib/python3.8/site-packages/airflow/example_dags/example_external_task_marker_dag.py
[2024-06-04T08:16:32.616+0000] {processor.py:840} INFO - DAG(s) 'example_external_task_marker_child', 'example_external_task_marker_parent' retrieved from /home/airflow/.local/lib/python3.8/site-packages/airflow/example_dags/example_external_task_marker_dag.py
[2024-06-04T08:16:32.810+0000] {logging_mixin.py:188} INFO - [2024-06-04T08:16:32.810+0000] {dag.py:3047} INFO - Sync 2 DAGs
[2024-06-04T08:16:32.830+0000] {logging_mixin.py:188} INFO - [2024-06-04T08:16:32.830+0000] {dag.py:3834} INFO - Setting next_dagrun for example_external_task_marker_child to None, run_after=None
[2024-06-04T08:16:32.836+0000] {logging_mixin.py:188} INFO - [2024-06-04T08:16:32.835+0000] {dag.py:3834} INFO - Setting next_dagrun for example_external_task_marker_parent to None, run_after=None
[2024-06-04T08:16:32.920+0000] {processor.py:183} INFO - Processing /home/airflow/.local/lib/python3.8/site-packages/airflow/example_dags/example_external_task_marker_dag.py took 0.388 seconds
[2024-06-04T08:17:03.927+0000] {processor.py:161} INFO - Started process (PID=3183) to work on /home/airflow/.local/lib/python3.8/site-packages/airflow/example_dags/example_external_task_marker_dag.py
[2024-06-04T08:17:04.001+0000] {processor.py:830} INFO - Processing file /home/airflow/.local/lib/python3.8/site-packages/airflow/example_dags/example_external_task_marker_dag.py for tasks to queue
[2024-06-04T08:17:04.004+0000] {logging_mixin.py:188} INFO - [2024-06-04T08:17:04.004+0000] {dagbag.py:540} INFO - Filling up the DagBag from /home/airflow/.local/lib/python3.8/site-packages/airflow/example_dags/example_external_task_marker_dag.py
[2024-06-04T08:17:04.015+0000] {processor.py:840} INFO - DAG(s) 'example_external_task_marker_parent', 'example_external_task_marker_child' retrieved from /home/airflow/.local/lib/python3.8/site-packages/airflow/example_dags/example_external_task_marker_dag.py
[2024-06-04T08:17:04.216+0000] {logging_mixin.py:188} INFO - [2024-06-04T08:17:04.216+0000] {dag.py:3047} INFO - Sync 2 DAGs
[2024-06-04T08:17:04.312+0000] {logging_mixin.py:188} INFO - [2024-06-04T08:17:04.311+0000] {dag.py:3834} INFO - Setting next_dagrun for example_external_task_marker_child to None, run_after=None
[2024-06-04T08:17:04.317+0000] {logging_mixin.py:188} INFO - [2024-06-04T08:17:04.317+0000] {dag.py:3834} INFO - Setting next_dagrun for example_external_task_marker_parent to None, run_after=None
[2024-06-04T08:17:04.420+0000] {processor.py:183} INFO - Processing /home/airflow/.local/lib/python3.8/site-packages/airflow/example_dags/example_external_task_marker_dag.py took 0.497 seconds
[2024-06-04T08:17:35.023+0000] {processor.py:161} INFO - Started process (PID=3281) to work on /home/airflow/.local/lib/python3.8/site-packages/airflow/example_dags/example_external_task_marker_dag.py
[2024-06-04T08:17:35.103+0000] {processor.py:830} INFO - Processing file /home/airflow/.local/lib/python3.8/site-packages/airflow/example_dags/example_external_task_marker_dag.py for tasks to queue
[2024-06-04T08:17:35.106+0000] {logging_mixin.py:188} INFO - [2024-06-04T08:17:35.105+0000] {dagbag.py:540} INFO - Filling up the DagBag from /home/airflow/.local/lib/python3.8/site-packages/airflow/example_dags/example_external_task_marker_dag.py
[2024-06-04T08:17:35.135+0000] {processor.py:840} INFO - DAG(s) 'example_external_task_marker_parent', 'example_external_task_marker_child' retrieved from /home/airflow/.local/lib/python3.8/site-packages/airflow/example_dags/example_external_task_marker_dag.py
[2024-06-04T08:17:35.318+0000] {logging_mixin.py:188} INFO - [2024-06-04T08:17:35.317+0000] {dag.py:3047} INFO - Sync 2 DAGs
[2024-06-04T08:17:35.408+0000] {logging_mixin.py:188} INFO - [2024-06-04T08:17:35.408+0000] {dag.py:3834} INFO - Setting next_dagrun for example_external_task_marker_child to None, run_after=None
[2024-06-04T08:17:35.414+0000] {logging_mixin.py:188} INFO - [2024-06-04T08:17:35.414+0000] {dag.py:3834} INFO - Setting next_dagrun for example_external_task_marker_parent to None, run_after=None
[2024-06-04T08:17:35.512+0000] {processor.py:183} INFO - Processing /home/airflow/.local/lib/python3.8/site-packages/airflow/example_dags/example_external_task_marker_dag.py took 0.493 seconds
