[2024-06-04T07:51:26.163+0000] {processor.py:161} INFO - Started process (PID=187) to work on /home/airflow/.local/lib/python3.8/site-packages/airflow/example_dags/example_short_circuit_decorator.py
[2024-06-04T07:51:26.164+0000] {processor.py:830} INFO - Processing file /home/airflow/.local/lib/python3.8/site-packages/airflow/example_dags/example_short_circuit_decorator.py for tasks to queue
[2024-06-04T07:51:26.166+0000] {logging_mixin.py:188} INFO - [2024-06-04T07:51:26.165+0000] {dagbag.py:540} INFO - Filling up the DagBag from /home/airflow/.local/lib/python3.8/site-packages/airflow/example_dags/example_short_circuit_decorator.py
[2024-06-04T07:51:26.214+0000] {processor.py:840} INFO - DAG(s) 'example_short_circuit_decorator' retrieved from /home/airflow/.local/lib/python3.8/site-packages/airflow/example_dags/example_short_circuit_decorator.py
[2024-06-04T07:51:26.347+0000] {logging_mixin.py:188} INFO - [2024-06-04T07:51:26.347+0000] {dag.py:3047} INFO - Sync 1 DAGs
[2024-06-04T07:51:26.366+0000] {logging_mixin.py:188} INFO - [2024-06-04T07:51:26.366+0000] {dag.py:3834} INFO - Setting next_dagrun for example_short_circuit_decorator to 2024-06-03 00:00:00+00:00, run_after=2024-06-04 00:00:00+00:00
[2024-06-04T07:51:26.385+0000] {processor.py:183} INFO - Processing /home/airflow/.local/lib/python3.8/site-packages/airflow/example_dags/example_short_circuit_decorator.py took 0.227 seconds
[2024-06-04T07:51:56.712+0000] {processor.py:161} INFO - Started process (PID=245) to work on /home/airflow/.local/lib/python3.8/site-packages/airflow/example_dags/example_short_circuit_decorator.py
[2024-06-04T07:51:56.713+0000] {processor.py:830} INFO - Processing file /home/airflow/.local/lib/python3.8/site-packages/airflow/example_dags/example_short_circuit_decorator.py for tasks to queue
[2024-06-04T07:51:56.715+0000] {logging_mixin.py:188} INFO - [2024-06-04T07:51:56.715+0000] {dagbag.py:540} INFO - Filling up the DagBag from /home/airflow/.local/lib/python3.8/site-packages/airflow/example_dags/example_short_circuit_decorator.py
[2024-06-04T07:51:56.725+0000] {processor.py:840} INFO - DAG(s) 'example_short_circuit_decorator' retrieved from /home/airflow/.local/lib/python3.8/site-packages/airflow/example_dags/example_short_circuit_decorator.py
[2024-06-04T07:51:56.749+0000] {logging_mixin.py:188} INFO - [2024-06-04T07:51:56.749+0000] {dag.py:3047} INFO - Sync 1 DAGs
[2024-06-04T07:51:56.771+0000] {logging_mixin.py:188} INFO - [2024-06-04T07:51:56.770+0000] {dag.py:3834} INFO - Setting next_dagrun for example_short_circuit_decorator to 2024-06-03 00:00:00+00:00, run_after=2024-06-04 00:00:00+00:00
[2024-06-04T07:51:56.788+0000] {processor.py:183} INFO - Processing /home/airflow/.local/lib/python3.8/site-packages/airflow/example_dags/example_short_circuit_decorator.py took 0.080 seconds
[2024-06-04T07:52:27.105+0000] {processor.py:161} INFO - Started process (PID=303) to work on /home/airflow/.local/lib/python3.8/site-packages/airflow/example_dags/example_short_circuit_decorator.py
[2024-06-04T07:52:27.106+0000] {processor.py:830} INFO - Processing file /home/airflow/.local/lib/python3.8/site-packages/airflow/example_dags/example_short_circuit_decorator.py for tasks to queue
[2024-06-04T07:52:27.109+0000] {logging_mixin.py:188} INFO - [2024-06-04T07:52:27.108+0000] {dagbag.py:540} INFO - Filling up the DagBag from /home/airflow/.local/lib/python3.8/site-packages/airflow/example_dags/example_short_circuit_decorator.py
[2024-06-04T07:52:27.122+0000] {processor.py:840} INFO - DAG(s) 'example_short_circuit_decorator' retrieved from /home/airflow/.local/lib/python3.8/site-packages/airflow/example_dags/example_short_circuit_decorator.py
[2024-06-04T07:52:27.154+0000] {logging_mixin.py:188} INFO - [2024-06-04T07:52:27.153+0000] {dag.py:3047} INFO - Sync 1 DAGs
[2024-06-04T07:52:27.178+0000] {logging_mixin.py:188} INFO - [2024-06-04T07:52:27.177+0000] {dag.py:3834} INFO - Setting next_dagrun for example_short_circuit_decorator to 2024-06-03 00:00:00+00:00, run_after=2024-06-04 00:00:00+00:00
[2024-06-04T07:52:27.199+0000] {processor.py:183} INFO - Processing /home/airflow/.local/lib/python3.8/site-packages/airflow/example_dags/example_short_circuit_decorator.py took 0.099 seconds
[2024-06-04T07:52:57.380+0000] {processor.py:161} INFO - Started process (PID=361) to work on /home/airflow/.local/lib/python3.8/site-packages/airflow/example_dags/example_short_circuit_decorator.py
[2024-06-04T07:52:57.381+0000] {processor.py:830} INFO - Processing file /home/airflow/.local/lib/python3.8/site-packages/airflow/example_dags/example_short_circuit_decorator.py for tasks to queue
[2024-06-04T07:52:57.383+0000] {logging_mixin.py:188} INFO - [2024-06-04T07:52:57.383+0000] {dagbag.py:540} INFO - Filling up the DagBag from /home/airflow/.local/lib/python3.8/site-packages/airflow/example_dags/example_short_circuit_decorator.py
[2024-06-04T07:52:57.393+0000] {processor.py:840} INFO - DAG(s) 'example_short_circuit_decorator' retrieved from /home/airflow/.local/lib/python3.8/site-packages/airflow/example_dags/example_short_circuit_decorator.py
[2024-06-04T07:52:57.425+0000] {logging_mixin.py:188} INFO - [2024-06-04T07:52:57.424+0000] {dag.py:3047} INFO - Sync 1 DAGs
[2024-06-04T07:52:57.451+0000] {logging_mixin.py:188} INFO - [2024-06-04T07:52:57.450+0000] {dag.py:3834} INFO - Setting next_dagrun for example_short_circuit_decorator to 2024-06-03 00:00:00+00:00, run_after=2024-06-04 00:00:00+00:00
[2024-06-04T07:52:57.479+0000] {processor.py:183} INFO - Processing /home/airflow/.local/lib/python3.8/site-packages/airflow/example_dags/example_short_circuit_decorator.py took 0.103 seconds
[2024-06-04T07:53:27.747+0000] {processor.py:161} INFO - Started process (PID=419) to work on /home/airflow/.local/lib/python3.8/site-packages/airflow/example_dags/example_short_circuit_decorator.py
[2024-06-04T07:53:27.749+0000] {processor.py:830} INFO - Processing file /home/airflow/.local/lib/python3.8/site-packages/airflow/example_dags/example_short_circuit_decorator.py for tasks to queue
[2024-06-04T07:53:27.750+0000] {logging_mixin.py:188} INFO - [2024-06-04T07:53:27.750+0000] {dagbag.py:540} INFO - Filling up the DagBag from /home/airflow/.local/lib/python3.8/site-packages/airflow/example_dags/example_short_circuit_decorator.py
[2024-06-04T07:53:27.760+0000] {processor.py:840} INFO - DAG(s) 'example_short_circuit_decorator' retrieved from /home/airflow/.local/lib/python3.8/site-packages/airflow/example_dags/example_short_circuit_decorator.py
[2024-06-04T07:53:27.785+0000] {logging_mixin.py:188} INFO - [2024-06-04T07:53:27.785+0000] {dag.py:3047} INFO - Sync 1 DAGs
[2024-06-04T07:53:27.813+0000] {logging_mixin.py:188} INFO - [2024-06-04T07:53:27.813+0000] {dag.py:3834} INFO - Setting next_dagrun for example_short_circuit_decorator to 2024-06-03 00:00:00+00:00, run_after=2024-06-04 00:00:00+00:00
[2024-06-04T07:53:27.846+0000] {processor.py:183} INFO - Processing /home/airflow/.local/lib/python3.8/site-packages/airflow/example_dags/example_short_circuit_decorator.py took 0.102 seconds
[2024-06-04T07:53:58.913+0000] {processor.py:161} INFO - Started process (PID=477) to work on /home/airflow/.local/lib/python3.8/site-packages/airflow/example_dags/example_short_circuit_decorator.py
[2024-06-04T07:53:58.914+0000] {processor.py:830} INFO - Processing file /home/airflow/.local/lib/python3.8/site-packages/airflow/example_dags/example_short_circuit_decorator.py for tasks to queue
[2024-06-04T07:53:58.916+0000] {logging_mixin.py:188} INFO - [2024-06-04T07:53:58.916+0000] {dagbag.py:540} INFO - Filling up the DagBag from /home/airflow/.local/lib/python3.8/site-packages/airflow/example_dags/example_short_circuit_decorator.py
[2024-06-04T07:53:58.926+0000] {processor.py:840} INFO - DAG(s) 'example_short_circuit_decorator' retrieved from /home/airflow/.local/lib/python3.8/site-packages/airflow/example_dags/example_short_circuit_decorator.py
[2024-06-04T07:53:59.009+0000] {logging_mixin.py:188} INFO - [2024-06-04T07:53:59.008+0000] {dag.py:3047} INFO - Sync 1 DAGs
[2024-06-04T07:53:59.037+0000] {logging_mixin.py:188} INFO - [2024-06-04T07:53:59.036+0000] {dag.py:3834} INFO - Setting next_dagrun for example_short_circuit_decorator to 2024-06-03 00:00:00+00:00, run_after=2024-06-04 00:00:00+00:00
[2024-06-04T07:53:59.114+0000] {processor.py:183} INFO - Processing /home/airflow/.local/lib/python3.8/site-packages/airflow/example_dags/example_short_circuit_decorator.py took 0.205 seconds
[2024-06-04T07:54:29.293+0000] {processor.py:161} INFO - Started process (PID=535) to work on /home/airflow/.local/lib/python3.8/site-packages/airflow/example_dags/example_short_circuit_decorator.py
[2024-06-04T07:54:29.294+0000] {processor.py:830} INFO - Processing file /home/airflow/.local/lib/python3.8/site-packages/airflow/example_dags/example_short_circuit_decorator.py for tasks to queue
[2024-06-04T07:54:29.296+0000] {logging_mixin.py:188} INFO - [2024-06-04T07:54:29.295+0000] {dagbag.py:540} INFO - Filling up the DagBag from /home/airflow/.local/lib/python3.8/site-packages/airflow/example_dags/example_short_circuit_decorator.py
[2024-06-04T07:54:29.307+0000] {processor.py:840} INFO - DAG(s) 'example_short_circuit_decorator' retrieved from /home/airflow/.local/lib/python3.8/site-packages/airflow/example_dags/example_short_circuit_decorator.py
[2024-06-04T07:54:29.335+0000] {logging_mixin.py:188} INFO - [2024-06-04T07:54:29.335+0000] {dag.py:3047} INFO - Sync 1 DAGs
[2024-06-04T07:54:29.358+0000] {logging_mixin.py:188} INFO - [2024-06-04T07:54:29.358+0000] {dag.py:3834} INFO - Setting next_dagrun for example_short_circuit_decorator to 2024-06-03 00:00:00+00:00, run_after=2024-06-04 00:00:00+00:00
[2024-06-04T07:54:29.377+0000] {processor.py:183} INFO - Processing /home/airflow/.local/lib/python3.8/site-packages/airflow/example_dags/example_short_circuit_decorator.py took 0.087 seconds
[2024-06-04T07:54:59.786+0000] {processor.py:161} INFO - Started process (PID=593) to work on /home/airflow/.local/lib/python3.8/site-packages/airflow/example_dags/example_short_circuit_decorator.py
[2024-06-04T07:54:59.788+0000] {processor.py:830} INFO - Processing file /home/airflow/.local/lib/python3.8/site-packages/airflow/example_dags/example_short_circuit_decorator.py for tasks to queue
[2024-06-04T07:54:59.790+0000] {logging_mixin.py:188} INFO - [2024-06-04T07:54:59.790+0000] {dagbag.py:540} INFO - Filling up the DagBag from /home/airflow/.local/lib/python3.8/site-packages/airflow/example_dags/example_short_circuit_decorator.py
[2024-06-04T07:54:59.801+0000] {processor.py:840} INFO - DAG(s) 'example_short_circuit_decorator' retrieved from /home/airflow/.local/lib/python3.8/site-packages/airflow/example_dags/example_short_circuit_decorator.py
[2024-06-04T07:54:59.828+0000] {logging_mixin.py:188} INFO - [2024-06-04T07:54:59.827+0000] {dag.py:3047} INFO - Sync 1 DAGs
[2024-06-04T07:54:59.854+0000] {logging_mixin.py:188} INFO - [2024-06-04T07:54:59.854+0000] {dag.py:3834} INFO - Setting next_dagrun for example_short_circuit_decorator to 2024-06-03 00:00:00+00:00, run_after=2024-06-04 00:00:00+00:00
[2024-06-04T07:54:59.876+0000] {processor.py:183} INFO - Processing /home/airflow/.local/lib/python3.8/site-packages/airflow/example_dags/example_short_circuit_decorator.py took 0.093 seconds
[2024-06-04T07:55:30.072+0000] {processor.py:161} INFO - Started process (PID=651) to work on /home/airflow/.local/lib/python3.8/site-packages/airflow/example_dags/example_short_circuit_decorator.py
[2024-06-04T07:55:30.073+0000] {processor.py:830} INFO - Processing file /home/airflow/.local/lib/python3.8/site-packages/airflow/example_dags/example_short_circuit_decorator.py for tasks to queue
[2024-06-04T07:55:30.075+0000] {logging_mixin.py:188} INFO - [2024-06-04T07:55:30.075+0000] {dagbag.py:540} INFO - Filling up the DagBag from /home/airflow/.local/lib/python3.8/site-packages/airflow/example_dags/example_short_circuit_decorator.py
[2024-06-04T07:55:30.085+0000] {processor.py:840} INFO - DAG(s) 'example_short_circuit_decorator' retrieved from /home/airflow/.local/lib/python3.8/site-packages/airflow/example_dags/example_short_circuit_decorator.py
[2024-06-04T07:55:30.109+0000] {logging_mixin.py:188} INFO - [2024-06-04T07:55:30.109+0000] {dag.py:3047} INFO - Sync 1 DAGs
[2024-06-04T07:55:30.135+0000] {logging_mixin.py:188} INFO - [2024-06-04T07:55:30.135+0000] {dag.py:3834} INFO - Setting next_dagrun for example_short_circuit_decorator to 2024-06-03 00:00:00+00:00, run_after=2024-06-04 00:00:00+00:00
[2024-06-04T07:55:30.155+0000] {processor.py:183} INFO - Processing /home/airflow/.local/lib/python3.8/site-packages/airflow/example_dags/example_short_circuit_decorator.py took 0.087 seconds
[2024-06-04T07:56:00.764+0000] {processor.py:161} INFO - Started process (PID=709) to work on /home/airflow/.local/lib/python3.8/site-packages/airflow/example_dags/example_short_circuit_decorator.py
[2024-06-04T07:56:00.765+0000] {processor.py:830} INFO - Processing file /home/airflow/.local/lib/python3.8/site-packages/airflow/example_dags/example_short_circuit_decorator.py for tasks to queue
[2024-06-04T07:56:00.767+0000] {logging_mixin.py:188} INFO - [2024-06-04T07:56:00.767+0000] {dagbag.py:540} INFO - Filling up the DagBag from /home/airflow/.local/lib/python3.8/site-packages/airflow/example_dags/example_short_circuit_decorator.py
[2024-06-04T07:56:00.777+0000] {processor.py:840} INFO - DAG(s) 'example_short_circuit_decorator' retrieved from /home/airflow/.local/lib/python3.8/site-packages/airflow/example_dags/example_short_circuit_decorator.py
[2024-06-04T07:56:00.802+0000] {logging_mixin.py:188} INFO - [2024-06-04T07:56:00.802+0000] {dag.py:3047} INFO - Sync 1 DAGs
[2024-06-04T07:56:00.826+0000] {logging_mixin.py:188} INFO - [2024-06-04T07:56:00.826+0000] {dag.py:3834} INFO - Setting next_dagrun for example_short_circuit_decorator to 2024-06-03 00:00:00+00:00, run_after=2024-06-04 00:00:00+00:00
[2024-06-04T07:56:00.850+0000] {processor.py:183} INFO - Processing /home/airflow/.local/lib/python3.8/site-packages/airflow/example_dags/example_short_circuit_decorator.py took 0.089 seconds
[2024-06-04T07:56:31.499+0000] {processor.py:161} INFO - Started process (PID=767) to work on /home/airflow/.local/lib/python3.8/site-packages/airflow/example_dags/example_short_circuit_decorator.py
[2024-06-04T07:56:31.500+0000] {processor.py:830} INFO - Processing file /home/airflow/.local/lib/python3.8/site-packages/airflow/example_dags/example_short_circuit_decorator.py for tasks to queue
[2024-06-04T07:56:31.502+0000] {logging_mixin.py:188} INFO - [2024-06-04T07:56:31.501+0000] {dagbag.py:540} INFO - Filling up the DagBag from /home/airflow/.local/lib/python3.8/site-packages/airflow/example_dags/example_short_circuit_decorator.py
[2024-06-04T07:56:31.511+0000] {processor.py:840} INFO - DAG(s) 'example_short_circuit_decorator' retrieved from /home/airflow/.local/lib/python3.8/site-packages/airflow/example_dags/example_short_circuit_decorator.py
[2024-06-04T07:56:31.539+0000] {logging_mixin.py:188} INFO - [2024-06-04T07:56:31.539+0000] {dag.py:3047} INFO - Sync 1 DAGs
[2024-06-04T07:56:31.565+0000] {logging_mixin.py:188} INFO - [2024-06-04T07:56:31.565+0000] {dag.py:3834} INFO - Setting next_dagrun for example_short_circuit_decorator to 2024-06-03 00:00:00+00:00, run_after=2024-06-04 00:00:00+00:00
[2024-06-04T07:56:31.586+0000] {processor.py:183} INFO - Processing /home/airflow/.local/lib/python3.8/site-packages/airflow/example_dags/example_short_circuit_decorator.py took 0.091 seconds
[2024-06-04T07:57:02.088+0000] {processor.py:161} INFO - Started process (PID=825) to work on /home/airflow/.local/lib/python3.8/site-packages/airflow/example_dags/example_short_circuit_decorator.py
[2024-06-04T07:57:02.090+0000] {processor.py:830} INFO - Processing file /home/airflow/.local/lib/python3.8/site-packages/airflow/example_dags/example_short_circuit_decorator.py for tasks to queue
[2024-06-04T07:57:02.092+0000] {logging_mixin.py:188} INFO - [2024-06-04T07:57:02.091+0000] {dagbag.py:540} INFO - Filling up the DagBag from /home/airflow/.local/lib/python3.8/site-packages/airflow/example_dags/example_short_circuit_decorator.py
[2024-06-04T07:57:02.101+0000] {processor.py:840} INFO - DAG(s) 'example_short_circuit_decorator' retrieved from /home/airflow/.local/lib/python3.8/site-packages/airflow/example_dags/example_short_circuit_decorator.py
[2024-06-04T07:57:02.133+0000] {logging_mixin.py:188} INFO - [2024-06-04T07:57:02.132+0000] {dag.py:3047} INFO - Sync 1 DAGs
[2024-06-04T07:57:02.156+0000] {logging_mixin.py:188} INFO - [2024-06-04T07:57:02.155+0000] {dag.py:3834} INFO - Setting next_dagrun for example_short_circuit_decorator to 2024-06-03 00:00:00+00:00, run_after=2024-06-04 00:00:00+00:00
[2024-06-04T07:57:02.177+0000] {processor.py:183} INFO - Processing /home/airflow/.local/lib/python3.8/site-packages/airflow/example_dags/example_short_circuit_decorator.py took 0.092 seconds
[2024-06-04T07:57:32.623+0000] {processor.py:161} INFO - Started process (PID=883) to work on /home/airflow/.local/lib/python3.8/site-packages/airflow/example_dags/example_short_circuit_decorator.py
[2024-06-04T07:57:32.624+0000] {processor.py:830} INFO - Processing file /home/airflow/.local/lib/python3.8/site-packages/airflow/example_dags/example_short_circuit_decorator.py for tasks to queue
[2024-06-04T07:57:32.626+0000] {logging_mixin.py:188} INFO - [2024-06-04T07:57:32.626+0000] {dagbag.py:540} INFO - Filling up the DagBag from /home/airflow/.local/lib/python3.8/site-packages/airflow/example_dags/example_short_circuit_decorator.py
[2024-06-04T07:57:32.637+0000] {processor.py:840} INFO - DAG(s) 'example_short_circuit_decorator' retrieved from /home/airflow/.local/lib/python3.8/site-packages/airflow/example_dags/example_short_circuit_decorator.py
[2024-06-04T07:57:32.665+0000] {logging_mixin.py:188} INFO - [2024-06-04T07:57:32.665+0000] {dag.py:3047} INFO - Sync 1 DAGs
[2024-06-04T07:57:32.688+0000] {logging_mixin.py:188} INFO - [2024-06-04T07:57:32.688+0000] {dag.py:3834} INFO - Setting next_dagrun for example_short_circuit_decorator to 2024-06-03 00:00:00+00:00, run_after=2024-06-04 00:00:00+00:00
[2024-06-04T07:57:32.708+0000] {processor.py:183} INFO - Processing /home/airflow/.local/lib/python3.8/site-packages/airflow/example_dags/example_short_circuit_decorator.py took 0.090 seconds
[2024-06-04T07:58:03.121+0000] {processor.py:161} INFO - Started process (PID=941) to work on /home/airflow/.local/lib/python3.8/site-packages/airflow/example_dags/example_short_circuit_decorator.py
[2024-06-04T07:58:03.122+0000] {processor.py:830} INFO - Processing file /home/airflow/.local/lib/python3.8/site-packages/airflow/example_dags/example_short_circuit_decorator.py for tasks to queue
[2024-06-04T07:58:03.124+0000] {logging_mixin.py:188} INFO - [2024-06-04T07:58:03.124+0000] {dagbag.py:540} INFO - Filling up the DagBag from /home/airflow/.local/lib/python3.8/site-packages/airflow/example_dags/example_short_circuit_decorator.py
[2024-06-04T07:58:03.133+0000] {processor.py:840} INFO - DAG(s) 'example_short_circuit_decorator' retrieved from /home/airflow/.local/lib/python3.8/site-packages/airflow/example_dags/example_short_circuit_decorator.py
[2024-06-04T07:58:03.158+0000] {logging_mixin.py:188} INFO - [2024-06-04T07:58:03.158+0000] {dag.py:3047} INFO - Sync 1 DAGs
[2024-06-04T07:58:03.180+0000] {logging_mixin.py:188} INFO - [2024-06-04T07:58:03.180+0000] {dag.py:3834} INFO - Setting next_dagrun for example_short_circuit_decorator to 2024-06-03 00:00:00+00:00, run_after=2024-06-04 00:00:00+00:00
[2024-06-04T07:58:03.199+0000] {processor.py:183} INFO - Processing /home/airflow/.local/lib/python3.8/site-packages/airflow/example_dags/example_short_circuit_decorator.py took 0.081 seconds
[2024-06-04T07:58:33.569+0000] {processor.py:161} INFO - Started process (PID=999) to work on /home/airflow/.local/lib/python3.8/site-packages/airflow/example_dags/example_short_circuit_decorator.py
[2024-06-04T07:58:33.570+0000] {processor.py:830} INFO - Processing file /home/airflow/.local/lib/python3.8/site-packages/airflow/example_dags/example_short_circuit_decorator.py for tasks to queue
[2024-06-04T07:58:33.573+0000] {logging_mixin.py:188} INFO - [2024-06-04T07:58:33.572+0000] {dagbag.py:540} INFO - Filling up the DagBag from /home/airflow/.local/lib/python3.8/site-packages/airflow/example_dags/example_short_circuit_decorator.py
[2024-06-04T07:58:33.584+0000] {processor.py:840} INFO - DAG(s) 'example_short_circuit_decorator' retrieved from /home/airflow/.local/lib/python3.8/site-packages/airflow/example_dags/example_short_circuit_decorator.py
[2024-06-04T07:58:33.608+0000] {logging_mixin.py:188} INFO - [2024-06-04T07:58:33.608+0000] {dag.py:3047} INFO - Sync 1 DAGs
[2024-06-04T07:58:33.631+0000] {logging_mixin.py:188} INFO - [2024-06-04T07:58:33.631+0000] {dag.py:3834} INFO - Setting next_dagrun for example_short_circuit_decorator to 2024-06-03 00:00:00+00:00, run_after=2024-06-04 00:00:00+00:00
[2024-06-04T07:58:33.649+0000] {processor.py:183} INFO - Processing /home/airflow/.local/lib/python3.8/site-packages/airflow/example_dags/example_short_circuit_decorator.py took 0.084 seconds
[2024-06-04T07:59:04.439+0000] {processor.py:161} INFO - Started process (PID=1057) to work on /home/airflow/.local/lib/python3.8/site-packages/airflow/example_dags/example_short_circuit_decorator.py
[2024-06-04T07:59:04.440+0000] {processor.py:830} INFO - Processing file /home/airflow/.local/lib/python3.8/site-packages/airflow/example_dags/example_short_circuit_decorator.py for tasks to queue
[2024-06-04T07:59:04.442+0000] {logging_mixin.py:188} INFO - [2024-06-04T07:59:04.441+0000] {dagbag.py:540} INFO - Filling up the DagBag from /home/airflow/.local/lib/python3.8/site-packages/airflow/example_dags/example_short_circuit_decorator.py
[2024-06-04T07:59:04.451+0000] {processor.py:840} INFO - DAG(s) 'example_short_circuit_decorator' retrieved from /home/airflow/.local/lib/python3.8/site-packages/airflow/example_dags/example_short_circuit_decorator.py
[2024-06-04T07:59:04.478+0000] {logging_mixin.py:188} INFO - [2024-06-04T07:59:04.477+0000] {dag.py:3047} INFO - Sync 1 DAGs
[2024-06-04T07:59:04.514+0000] {logging_mixin.py:188} INFO - [2024-06-04T07:59:04.514+0000] {dag.py:3834} INFO - Setting next_dagrun for example_short_circuit_decorator to 2024-06-03 00:00:00+00:00, run_after=2024-06-04 00:00:00+00:00
[2024-06-04T07:59:04.538+0000] {processor.py:183} INFO - Processing /home/airflow/.local/lib/python3.8/site-packages/airflow/example_dags/example_short_circuit_decorator.py took 0.103 seconds
[2024-06-04T07:59:35.004+0000] {processor.py:161} INFO - Started process (PID=1122) to work on /home/airflow/.local/lib/python3.8/site-packages/airflow/example_dags/example_short_circuit_decorator.py
[2024-06-04T07:59:35.005+0000] {processor.py:830} INFO - Processing file /home/airflow/.local/lib/python3.8/site-packages/airflow/example_dags/example_short_circuit_decorator.py for tasks to queue
[2024-06-04T07:59:35.008+0000] {logging_mixin.py:188} INFO - [2024-06-04T07:59:35.007+0000] {dagbag.py:540} INFO - Filling up the DagBag from /home/airflow/.local/lib/python3.8/site-packages/airflow/example_dags/example_short_circuit_decorator.py
[2024-06-04T07:59:35.019+0000] {processor.py:840} INFO - DAG(s) 'example_short_circuit_decorator' retrieved from /home/airflow/.local/lib/python3.8/site-packages/airflow/example_dags/example_short_circuit_decorator.py
[2024-06-04T07:59:35.047+0000] {logging_mixin.py:188} INFO - [2024-06-04T07:59:35.047+0000] {dag.py:3047} INFO - Sync 1 DAGs
[2024-06-04T07:59:35.077+0000] {logging_mixin.py:188} INFO - [2024-06-04T07:59:35.077+0000] {dag.py:3834} INFO - Setting next_dagrun for example_short_circuit_decorator to 2024-06-03 00:00:00+00:00, run_after=2024-06-04 00:00:00+00:00
[2024-06-04T07:59:35.104+0000] {processor.py:183} INFO - Processing /home/airflow/.local/lib/python3.8/site-packages/airflow/example_dags/example_short_circuit_decorator.py took 0.104 seconds
[2024-06-04T08:00:05.963+0000] {processor.py:161} INFO - Started process (PID=1180) to work on /home/airflow/.local/lib/python3.8/site-packages/airflow/example_dags/example_short_circuit_decorator.py
[2024-06-04T08:00:05.965+0000] {processor.py:830} INFO - Processing file /home/airflow/.local/lib/python3.8/site-packages/airflow/example_dags/example_short_circuit_decorator.py for tasks to queue
[2024-06-04T08:00:05.967+0000] {logging_mixin.py:188} INFO - [2024-06-04T08:00:05.967+0000] {dagbag.py:540} INFO - Filling up the DagBag from /home/airflow/.local/lib/python3.8/site-packages/airflow/example_dags/example_short_circuit_decorator.py
[2024-06-04T08:00:06.010+0000] {processor.py:840} INFO - DAG(s) 'example_short_circuit_decorator' retrieved from /home/airflow/.local/lib/python3.8/site-packages/airflow/example_dags/example_short_circuit_decorator.py
[2024-06-04T08:00:06.038+0000] {logging_mixin.py:188} INFO - [2024-06-04T08:00:06.037+0000] {dag.py:3047} INFO - Sync 1 DAGs
[2024-06-04T08:00:06.062+0000] {logging_mixin.py:188} INFO - [2024-06-04T08:00:06.062+0000] {dag.py:3834} INFO - Setting next_dagrun for example_short_circuit_decorator to 2024-06-03 00:00:00+00:00, run_after=2024-06-04 00:00:00+00:00
[2024-06-04T08:00:06.080+0000] {processor.py:183} INFO - Processing /home/airflow/.local/lib/python3.8/site-packages/airflow/example_dags/example_short_circuit_decorator.py took 0.121 seconds
[2024-06-04T08:00:36.351+0000] {processor.py:161} INFO - Started process (PID=1238) to work on /home/airflow/.local/lib/python3.8/site-packages/airflow/example_dags/example_short_circuit_decorator.py
[2024-06-04T08:00:36.401+0000] {processor.py:830} INFO - Processing file /home/airflow/.local/lib/python3.8/site-packages/airflow/example_dags/example_short_circuit_decorator.py for tasks to queue
[2024-06-04T08:00:36.403+0000] {logging_mixin.py:188} INFO - [2024-06-04T08:00:36.403+0000] {dagbag.py:540} INFO - Filling up the DagBag from /home/airflow/.local/lib/python3.8/site-packages/airflow/example_dags/example_short_circuit_decorator.py
[2024-06-04T08:00:36.417+0000] {processor.py:840} INFO - DAG(s) 'example_short_circuit_decorator' retrieved from /home/airflow/.local/lib/python3.8/site-packages/airflow/example_dags/example_short_circuit_decorator.py
[2024-06-04T08:00:36.452+0000] {logging_mixin.py:188} INFO - [2024-06-04T08:00:36.452+0000] {dag.py:3047} INFO - Sync 1 DAGs
[2024-06-04T08:00:36.527+0000] {logging_mixin.py:188} INFO - [2024-06-04T08:00:36.526+0000] {dag.py:3834} INFO - Setting next_dagrun for example_short_circuit_decorator to 2024-06-03 00:00:00+00:00, run_after=2024-06-04 00:00:00+00:00
[2024-06-04T08:00:36.547+0000] {processor.py:183} INFO - Processing /home/airflow/.local/lib/python3.8/site-packages/airflow/example_dags/example_short_circuit_decorator.py took 0.199 seconds
[2024-06-04T08:01:07.184+0000] {processor.py:161} INFO - Started process (PID=1296) to work on /home/airflow/.local/lib/python3.8/site-packages/airflow/example_dags/example_short_circuit_decorator.py
[2024-06-04T08:01:07.185+0000] {processor.py:830} INFO - Processing file /home/airflow/.local/lib/python3.8/site-packages/airflow/example_dags/example_short_circuit_decorator.py for tasks to queue
[2024-06-04T08:01:07.187+0000] {logging_mixin.py:188} INFO - [2024-06-04T08:01:07.186+0000] {dagbag.py:540} INFO - Filling up the DagBag from /home/airflow/.local/lib/python3.8/site-packages/airflow/example_dags/example_short_circuit_decorator.py
[2024-06-04T08:01:07.196+0000] {processor.py:840} INFO - DAG(s) 'example_short_circuit_decorator' retrieved from /home/airflow/.local/lib/python3.8/site-packages/airflow/example_dags/example_short_circuit_decorator.py
[2024-06-04T08:01:07.222+0000] {logging_mixin.py:188} INFO - [2024-06-04T08:01:07.222+0000] {dag.py:3047} INFO - Sync 1 DAGs
[2024-06-04T08:01:07.244+0000] {logging_mixin.py:188} INFO - [2024-06-04T08:01:07.244+0000] {dag.py:3834} INFO - Setting next_dagrun for example_short_circuit_decorator to 2024-06-03 00:00:00+00:00, run_after=2024-06-04 00:00:00+00:00
[2024-06-04T08:01:07.262+0000] {processor.py:183} INFO - Processing /home/airflow/.local/lib/python3.8/site-packages/airflow/example_dags/example_short_circuit_decorator.py took 0.082 seconds
[2024-06-04T08:01:37.839+0000] {processor.py:161} INFO - Started process (PID=1354) to work on /home/airflow/.local/lib/python3.8/site-packages/airflow/example_dags/example_short_circuit_decorator.py
[2024-06-04T08:01:37.840+0000] {processor.py:830} INFO - Processing file /home/airflow/.local/lib/python3.8/site-packages/airflow/example_dags/example_short_circuit_decorator.py for tasks to queue
[2024-06-04T08:01:37.843+0000] {logging_mixin.py:188} INFO - [2024-06-04T08:01:37.842+0000] {dagbag.py:540} INFO - Filling up the DagBag from /home/airflow/.local/lib/python3.8/site-packages/airflow/example_dags/example_short_circuit_decorator.py
[2024-06-04T08:01:37.854+0000] {processor.py:840} INFO - DAG(s) 'example_short_circuit_decorator' retrieved from /home/airflow/.local/lib/python3.8/site-packages/airflow/example_dags/example_short_circuit_decorator.py
[2024-06-04T08:01:37.882+0000] {logging_mixin.py:188} INFO - [2024-06-04T08:01:37.882+0000] {dag.py:3047} INFO - Sync 1 DAGs
[2024-06-04T08:01:37.909+0000] {logging_mixin.py:188} INFO - [2024-06-04T08:01:37.909+0000] {dag.py:3834} INFO - Setting next_dagrun for example_short_circuit_decorator to 2024-06-03 00:00:00+00:00, run_after=2024-06-04 00:00:00+00:00
[2024-06-04T08:01:37.934+0000] {processor.py:183} INFO - Processing /home/airflow/.local/lib/python3.8/site-packages/airflow/example_dags/example_short_circuit_decorator.py took 0.100 seconds
[2024-06-04T08:02:08.009+0000] {processor.py:161} INFO - Started process (PID=1412) to work on /home/airflow/.local/lib/python3.8/site-packages/airflow/example_dags/example_short_circuit_decorator.py
[2024-06-04T08:02:08.010+0000] {processor.py:830} INFO - Processing file /home/airflow/.local/lib/python3.8/site-packages/airflow/example_dags/example_short_circuit_decorator.py for tasks to queue
[2024-06-04T08:02:08.012+0000] {logging_mixin.py:188} INFO - [2024-06-04T08:02:08.011+0000] {dagbag.py:540} INFO - Filling up the DagBag from /home/airflow/.local/lib/python3.8/site-packages/airflow/example_dags/example_short_circuit_decorator.py
[2024-06-04T08:02:08.021+0000] {processor.py:840} INFO - DAG(s) 'example_short_circuit_decorator' retrieved from /home/airflow/.local/lib/python3.8/site-packages/airflow/example_dags/example_short_circuit_decorator.py
[2024-06-04T08:02:08.045+0000] {logging_mixin.py:188} INFO - [2024-06-04T08:02:08.045+0000] {dag.py:3047} INFO - Sync 1 DAGs
[2024-06-04T08:02:08.066+0000] {logging_mixin.py:188} INFO - [2024-06-04T08:02:08.066+0000] {dag.py:3834} INFO - Setting next_dagrun for example_short_circuit_decorator to 2024-06-03 00:00:00+00:00, run_after=2024-06-04 00:00:00+00:00
[2024-06-04T08:02:08.091+0000] {processor.py:183} INFO - Processing /home/airflow/.local/lib/python3.8/site-packages/airflow/example_dags/example_short_circuit_decorator.py took 0.086 seconds
[2024-06-04T08:02:39.167+0000] {processor.py:161} INFO - Started process (PID=1470) to work on /home/airflow/.local/lib/python3.8/site-packages/airflow/example_dags/example_short_circuit_decorator.py
[2024-06-04T08:02:39.168+0000] {processor.py:830} INFO - Processing file /home/airflow/.local/lib/python3.8/site-packages/airflow/example_dags/example_short_circuit_decorator.py for tasks to queue
[2024-06-04T08:02:39.170+0000] {logging_mixin.py:188} INFO - [2024-06-04T08:02:39.169+0000] {dagbag.py:540} INFO - Filling up the DagBag from /home/airflow/.local/lib/python3.8/site-packages/airflow/example_dags/example_short_circuit_decorator.py
[2024-06-04T08:02:39.179+0000] {processor.py:840} INFO - DAG(s) 'example_short_circuit_decorator' retrieved from /home/airflow/.local/lib/python3.8/site-packages/airflow/example_dags/example_short_circuit_decorator.py
[2024-06-04T08:02:39.203+0000] {logging_mixin.py:188} INFO - [2024-06-04T08:02:39.203+0000] {dag.py:3047} INFO - Sync 1 DAGs
[2024-06-04T08:02:39.226+0000] {logging_mixin.py:188} INFO - [2024-06-04T08:02:39.226+0000] {dag.py:3834} INFO - Setting next_dagrun for example_short_circuit_decorator to 2024-06-03 00:00:00+00:00, run_after=2024-06-04 00:00:00+00:00
[2024-06-04T08:02:39.245+0000] {processor.py:183} INFO - Processing /home/airflow/.local/lib/python3.8/site-packages/airflow/example_dags/example_short_circuit_decorator.py took 0.082 seconds
[2024-06-04T08:03:09.413+0000] {processor.py:161} INFO - Started process (PID=1528) to work on /home/airflow/.local/lib/python3.8/site-packages/airflow/example_dags/example_short_circuit_decorator.py
[2024-06-04T08:03:09.414+0000] {processor.py:830} INFO - Processing file /home/airflow/.local/lib/python3.8/site-packages/airflow/example_dags/example_short_circuit_decorator.py for tasks to queue
[2024-06-04T08:03:09.416+0000] {logging_mixin.py:188} INFO - [2024-06-04T08:03:09.416+0000] {dagbag.py:540} INFO - Filling up the DagBag from /home/airflow/.local/lib/python3.8/site-packages/airflow/example_dags/example_short_circuit_decorator.py
[2024-06-04T08:03:09.427+0000] {processor.py:840} INFO - DAG(s) 'example_short_circuit_decorator' retrieved from /home/airflow/.local/lib/python3.8/site-packages/airflow/example_dags/example_short_circuit_decorator.py
[2024-06-04T08:03:09.459+0000] {logging_mixin.py:188} INFO - [2024-06-04T08:03:09.459+0000] {dag.py:3047} INFO - Sync 1 DAGs
[2024-06-04T08:03:09.489+0000] {logging_mixin.py:188} INFO - [2024-06-04T08:03:09.489+0000] {dag.py:3834} INFO - Setting next_dagrun for example_short_circuit_decorator to 2024-06-03 00:00:00+00:00, run_after=2024-06-04 00:00:00+00:00
[2024-06-04T08:03:09.514+0000] {processor.py:183} INFO - Processing /home/airflow/.local/lib/python3.8/site-packages/airflow/example_dags/example_short_circuit_decorator.py took 0.106 seconds
[2024-06-04T08:03:39.555+0000] {processor.py:161} INFO - Started process (PID=1585) to work on /home/airflow/.local/lib/python3.8/site-packages/airflow/example_dags/example_short_circuit_decorator.py
[2024-06-04T08:03:39.556+0000] {processor.py:830} INFO - Processing file /home/airflow/.local/lib/python3.8/site-packages/airflow/example_dags/example_short_circuit_decorator.py for tasks to queue
[2024-06-04T08:03:39.558+0000] {logging_mixin.py:188} INFO - [2024-06-04T08:03:39.557+0000] {dagbag.py:540} INFO - Filling up the DagBag from /home/airflow/.local/lib/python3.8/site-packages/airflow/example_dags/example_short_circuit_decorator.py
[2024-06-04T08:03:39.568+0000] {processor.py:840} INFO - DAG(s) 'example_short_circuit_decorator' retrieved from /home/airflow/.local/lib/python3.8/site-packages/airflow/example_dags/example_short_circuit_decorator.py
[2024-06-04T08:03:39.595+0000] {logging_mixin.py:188} INFO - [2024-06-04T08:03:39.595+0000] {dag.py:3047} INFO - Sync 1 DAGs
[2024-06-04T08:03:39.620+0000] {logging_mixin.py:188} INFO - [2024-06-04T08:03:39.620+0000] {dag.py:3834} INFO - Setting next_dagrun for example_short_circuit_decorator to 2024-06-03 00:00:00+00:00, run_after=2024-06-04 00:00:00+00:00
[2024-06-04T08:03:39.642+0000] {processor.py:183} INFO - Processing /home/airflow/.local/lib/python3.8/site-packages/airflow/example_dags/example_short_circuit_decorator.py took 0.091 seconds
[2024-06-04T08:04:09.763+0000] {processor.py:161} INFO - Started process (PID=1643) to work on /home/airflow/.local/lib/python3.8/site-packages/airflow/example_dags/example_short_circuit_decorator.py
[2024-06-04T08:04:09.765+0000] {processor.py:830} INFO - Processing file /home/airflow/.local/lib/python3.8/site-packages/airflow/example_dags/example_short_circuit_decorator.py for tasks to queue
[2024-06-04T08:04:09.766+0000] {logging_mixin.py:188} INFO - [2024-06-04T08:04:09.766+0000] {dagbag.py:540} INFO - Filling up the DagBag from /home/airflow/.local/lib/python3.8/site-packages/airflow/example_dags/example_short_circuit_decorator.py
[2024-06-04T08:04:09.777+0000] {processor.py:840} INFO - DAG(s) 'example_short_circuit_decorator' retrieved from /home/airflow/.local/lib/python3.8/site-packages/airflow/example_dags/example_short_circuit_decorator.py
[2024-06-04T08:04:09.807+0000] {logging_mixin.py:188} INFO - [2024-06-04T08:04:09.806+0000] {dag.py:3047} INFO - Sync 1 DAGs
[2024-06-04T08:04:09.829+0000] {logging_mixin.py:188} INFO - [2024-06-04T08:04:09.829+0000] {dag.py:3834} INFO - Setting next_dagrun for example_short_circuit_decorator to 2024-06-03 00:00:00+00:00, run_after=2024-06-04 00:00:00+00:00
[2024-06-04T08:04:09.848+0000] {processor.py:183} INFO - Processing /home/airflow/.local/lib/python3.8/site-packages/airflow/example_dags/example_short_circuit_decorator.py took 0.088 seconds
[2024-06-04T08:04:40.252+0000] {processor.py:161} INFO - Started process (PID=1701) to work on /home/airflow/.local/lib/python3.8/site-packages/airflow/example_dags/example_short_circuit_decorator.py
[2024-06-04T08:04:40.253+0000] {processor.py:830} INFO - Processing file /home/airflow/.local/lib/python3.8/site-packages/airflow/example_dags/example_short_circuit_decorator.py for tasks to queue
[2024-06-04T08:04:40.255+0000] {logging_mixin.py:188} INFO - [2024-06-04T08:04:40.254+0000] {dagbag.py:540} INFO - Filling up the DagBag from /home/airflow/.local/lib/python3.8/site-packages/airflow/example_dags/example_short_circuit_decorator.py
[2024-06-04T08:04:40.265+0000] {processor.py:840} INFO - DAG(s) 'example_short_circuit_decorator' retrieved from /home/airflow/.local/lib/python3.8/site-packages/airflow/example_dags/example_short_circuit_decorator.py
[2024-06-04T08:04:40.292+0000] {logging_mixin.py:188} INFO - [2024-06-04T08:04:40.291+0000] {dag.py:3047} INFO - Sync 1 DAGs
[2024-06-04T08:04:40.316+0000] {logging_mixin.py:188} INFO - [2024-06-04T08:04:40.316+0000] {dag.py:3834} INFO - Setting next_dagrun for example_short_circuit_decorator to 2024-06-03 00:00:00+00:00, run_after=2024-06-04 00:00:00+00:00
[2024-06-04T08:04:40.336+0000] {processor.py:183} INFO - Processing /home/airflow/.local/lib/python3.8/site-packages/airflow/example_dags/example_short_circuit_decorator.py took 0.089 seconds
[2024-06-04T08:05:10.869+0000] {processor.py:161} INFO - Started process (PID=1759) to work on /home/airflow/.local/lib/python3.8/site-packages/airflow/example_dags/example_short_circuit_decorator.py
[2024-06-04T08:05:10.870+0000] {processor.py:830} INFO - Processing file /home/airflow/.local/lib/python3.8/site-packages/airflow/example_dags/example_short_circuit_decorator.py for tasks to queue
[2024-06-04T08:05:10.872+0000] {logging_mixin.py:188} INFO - [2024-06-04T08:05:10.872+0000] {dagbag.py:540} INFO - Filling up the DagBag from /home/airflow/.local/lib/python3.8/site-packages/airflow/example_dags/example_short_circuit_decorator.py
[2024-06-04T08:05:10.882+0000] {processor.py:840} INFO - DAG(s) 'example_short_circuit_decorator' retrieved from /home/airflow/.local/lib/python3.8/site-packages/airflow/example_dags/example_short_circuit_decorator.py
[2024-06-04T08:05:10.909+0000] {logging_mixin.py:188} INFO - [2024-06-04T08:05:10.908+0000] {dag.py:3047} INFO - Sync 1 DAGs
[2024-06-04T08:05:10.931+0000] {logging_mixin.py:188} INFO - [2024-06-04T08:05:10.931+0000] {dag.py:3834} INFO - Setting next_dagrun for example_short_circuit_decorator to 2024-06-03 00:00:00+00:00, run_after=2024-06-04 00:00:00+00:00
[2024-06-04T08:05:11.129+0000] {processor.py:183} INFO - Processing /home/airflow/.local/lib/python3.8/site-packages/airflow/example_dags/example_short_circuit_decorator.py took 0.264 seconds
[2024-06-04T08:05:41.889+0000] {processor.py:161} INFO - Started process (PID=1817) to work on /home/airflow/.local/lib/python3.8/site-packages/airflow/example_dags/example_short_circuit_decorator.py
[2024-06-04T08:05:41.890+0000] {processor.py:830} INFO - Processing file /home/airflow/.local/lib/python3.8/site-packages/airflow/example_dags/example_short_circuit_decorator.py for tasks to queue
[2024-06-04T08:05:41.893+0000] {logging_mixin.py:188} INFO - [2024-06-04T08:05:41.893+0000] {dagbag.py:540} INFO - Filling up the DagBag from /home/airflow/.local/lib/python3.8/site-packages/airflow/example_dags/example_short_circuit_decorator.py
[2024-06-04T08:05:41.903+0000] {processor.py:840} INFO - DAG(s) 'example_short_circuit_decorator' retrieved from /home/airflow/.local/lib/python3.8/site-packages/airflow/example_dags/example_short_circuit_decorator.py
[2024-06-04T08:05:41.939+0000] {logging_mixin.py:188} INFO - [2024-06-04T08:05:41.938+0000] {dag.py:3047} INFO - Sync 1 DAGs
[2024-06-04T08:05:41.967+0000] {logging_mixin.py:188} INFO - [2024-06-04T08:05:41.967+0000] {dag.py:3834} INFO - Setting next_dagrun for example_short_circuit_decorator to 2024-06-03 00:00:00+00:00, run_after=2024-06-04 00:00:00+00:00
[2024-06-04T08:05:41.990+0000] {processor.py:183} INFO - Processing /home/airflow/.local/lib/python3.8/site-packages/airflow/example_dags/example_short_circuit_decorator.py took 0.105 seconds
[2024-06-04T08:06:12.828+0000] {processor.py:161} INFO - Started process (PID=1875) to work on /home/airflow/.local/lib/python3.8/site-packages/airflow/example_dags/example_short_circuit_decorator.py
[2024-06-04T08:06:12.830+0000] {processor.py:830} INFO - Processing file /home/airflow/.local/lib/python3.8/site-packages/airflow/example_dags/example_short_circuit_decorator.py for tasks to queue
[2024-06-04T08:06:12.832+0000] {logging_mixin.py:188} INFO - [2024-06-04T08:06:12.831+0000] {dagbag.py:540} INFO - Filling up the DagBag from /home/airflow/.local/lib/python3.8/site-packages/airflow/example_dags/example_short_circuit_decorator.py
[2024-06-04T08:06:12.845+0000] {processor.py:840} INFO - DAG(s) 'example_short_circuit_decorator' retrieved from /home/airflow/.local/lib/python3.8/site-packages/airflow/example_dags/example_short_circuit_decorator.py
[2024-06-04T08:06:12.871+0000] {logging_mixin.py:188} INFO - [2024-06-04T08:06:12.871+0000] {dag.py:3047} INFO - Sync 1 DAGs
[2024-06-04T08:06:12.896+0000] {logging_mixin.py:188} INFO - [2024-06-04T08:06:12.896+0000] {dag.py:3834} INFO - Setting next_dagrun for example_short_circuit_decorator to 2024-06-03 00:00:00+00:00, run_after=2024-06-04 00:00:00+00:00
[2024-06-04T08:06:12.917+0000] {processor.py:183} INFO - Processing /home/airflow/.local/lib/python3.8/site-packages/airflow/example_dags/example_short_circuit_decorator.py took 0.093 seconds
[2024-06-04T08:06:43.494+0000] {processor.py:161} INFO - Started process (PID=1933) to work on /home/airflow/.local/lib/python3.8/site-packages/airflow/example_dags/example_short_circuit_decorator.py
[2024-06-04T08:06:43.500+0000] {processor.py:830} INFO - Processing file /home/airflow/.local/lib/python3.8/site-packages/airflow/example_dags/example_short_circuit_decorator.py for tasks to queue
[2024-06-04T08:06:43.503+0000] {logging_mixin.py:188} INFO - [2024-06-04T08:06:43.503+0000] {dagbag.py:540} INFO - Filling up the DagBag from /home/airflow/.local/lib/python3.8/site-packages/airflow/example_dags/example_short_circuit_decorator.py
[2024-06-04T08:06:43.516+0000] {processor.py:840} INFO - DAG(s) 'example_short_circuit_decorator' retrieved from /home/airflow/.local/lib/python3.8/site-packages/airflow/example_dags/example_short_circuit_decorator.py
[2024-06-04T08:06:43.550+0000] {logging_mixin.py:188} INFO - [2024-06-04T08:06:43.549+0000] {dag.py:3047} INFO - Sync 1 DAGs
[2024-06-04T08:06:43.581+0000] {logging_mixin.py:188} INFO - [2024-06-04T08:06:43.580+0000] {dag.py:3834} INFO - Setting next_dagrun for example_short_circuit_decorator to 2024-06-03 00:00:00+00:00, run_after=2024-06-04 00:00:00+00:00
[2024-06-04T08:06:43.610+0000] {processor.py:183} INFO - Processing /home/airflow/.local/lib/python3.8/site-packages/airflow/example_dags/example_short_circuit_decorator.py took 0.120 seconds
[2024-06-04T08:07:14.069+0000] {processor.py:161} INFO - Started process (PID=1991) to work on /home/airflow/.local/lib/python3.8/site-packages/airflow/example_dags/example_short_circuit_decorator.py
[2024-06-04T08:07:14.071+0000] {processor.py:830} INFO - Processing file /home/airflow/.local/lib/python3.8/site-packages/airflow/example_dags/example_short_circuit_decorator.py for tasks to queue
[2024-06-04T08:07:14.073+0000] {logging_mixin.py:188} INFO - [2024-06-04T08:07:14.072+0000] {dagbag.py:540} INFO - Filling up the DagBag from /home/airflow/.local/lib/python3.8/site-packages/airflow/example_dags/example_short_circuit_decorator.py
[2024-06-04T08:07:14.082+0000] {processor.py:840} INFO - DAG(s) 'example_short_circuit_decorator' retrieved from /home/airflow/.local/lib/python3.8/site-packages/airflow/example_dags/example_short_circuit_decorator.py
[2024-06-04T08:07:14.109+0000] {logging_mixin.py:188} INFO - [2024-06-04T08:07:14.109+0000] {dag.py:3047} INFO - Sync 1 DAGs
[2024-06-04T08:07:14.143+0000] {logging_mixin.py:188} INFO - [2024-06-04T08:07:14.143+0000] {dag.py:3834} INFO - Setting next_dagrun for example_short_circuit_decorator to 2024-06-03 00:00:00+00:00, run_after=2024-06-04 00:00:00+00:00
[2024-06-04T08:07:14.169+0000] {processor.py:183} INFO - Processing /home/airflow/.local/lib/python3.8/site-packages/airflow/example_dags/example_short_circuit_decorator.py took 0.104 seconds
[2024-06-04T08:07:45.236+0000] {processor.py:161} INFO - Started process (PID=2049) to work on /home/airflow/.local/lib/python3.8/site-packages/airflow/example_dags/example_short_circuit_decorator.py
[2024-06-04T08:07:45.238+0000] {processor.py:830} INFO - Processing file /home/airflow/.local/lib/python3.8/site-packages/airflow/example_dags/example_short_circuit_decorator.py for tasks to queue
[2024-06-04T08:07:45.240+0000] {logging_mixin.py:188} INFO - [2024-06-04T08:07:45.239+0000] {dagbag.py:540} INFO - Filling up the DagBag from /home/airflow/.local/lib/python3.8/site-packages/airflow/example_dags/example_short_circuit_decorator.py
[2024-06-04T08:07:45.251+0000] {processor.py:840} INFO - DAG(s) 'example_short_circuit_decorator' retrieved from /home/airflow/.local/lib/python3.8/site-packages/airflow/example_dags/example_short_circuit_decorator.py
[2024-06-04T08:07:45.304+0000] {logging_mixin.py:188} INFO - [2024-06-04T08:07:45.303+0000] {dag.py:3047} INFO - Sync 1 DAGs
[2024-06-04T08:07:45.617+0000] {logging_mixin.py:188} INFO - [2024-06-04T08:07:45.617+0000] {dag.py:3834} INFO - Setting next_dagrun for example_short_circuit_decorator to 2024-06-03 00:00:00+00:00, run_after=2024-06-04 00:00:00+00:00
[2024-06-04T08:07:45.644+0000] {processor.py:183} INFO - Processing /home/airflow/.local/lib/python3.8/site-packages/airflow/example_dags/example_short_circuit_decorator.py took 0.412 seconds
[2024-06-04T08:08:16.357+0000] {processor.py:161} INFO - Started process (PID=2107) to work on /home/airflow/.local/lib/python3.8/site-packages/airflow/example_dags/example_short_circuit_decorator.py
[2024-06-04T08:08:16.358+0000] {processor.py:830} INFO - Processing file /home/airflow/.local/lib/python3.8/site-packages/airflow/example_dags/example_short_circuit_decorator.py for tasks to queue
[2024-06-04T08:08:16.360+0000] {logging_mixin.py:188} INFO - [2024-06-04T08:08:16.360+0000] {dagbag.py:540} INFO - Filling up the DagBag from /home/airflow/.local/lib/python3.8/site-packages/airflow/example_dags/example_short_circuit_decorator.py
[2024-06-04T08:08:16.371+0000] {processor.py:840} INFO - DAG(s) 'example_short_circuit_decorator' retrieved from /home/airflow/.local/lib/python3.8/site-packages/airflow/example_dags/example_short_circuit_decorator.py
[2024-06-04T08:08:16.401+0000] {logging_mixin.py:188} INFO - [2024-06-04T08:08:16.400+0000] {dag.py:3047} INFO - Sync 1 DAGs
[2024-06-04T08:08:16.638+0000] {logging_mixin.py:188} INFO - [2024-06-04T08:08:16.638+0000] {dag.py:3834} INFO - Setting next_dagrun for example_short_circuit_decorator to 2024-06-03 00:00:00+00:00, run_after=2024-06-04 00:00:00+00:00
[2024-06-04T08:08:16.659+0000] {processor.py:183} INFO - Processing /home/airflow/.local/lib/python3.8/site-packages/airflow/example_dags/example_short_circuit_decorator.py took 0.305 seconds
[2024-06-04T08:08:46.971+0000] {processor.py:161} INFO - Started process (PID=2164) to work on /home/airflow/.local/lib/python3.8/site-packages/airflow/example_dags/example_short_circuit_decorator.py
[2024-06-04T08:08:46.972+0000] {processor.py:830} INFO - Processing file /home/airflow/.local/lib/python3.8/site-packages/airflow/example_dags/example_short_circuit_decorator.py for tasks to queue
[2024-06-04T08:08:46.974+0000] {logging_mixin.py:188} INFO - [2024-06-04T08:08:46.974+0000] {dagbag.py:540} INFO - Filling up the DagBag from /home/airflow/.local/lib/python3.8/site-packages/airflow/example_dags/example_short_circuit_decorator.py
[2024-06-04T08:08:46.984+0000] {processor.py:840} INFO - DAG(s) 'example_short_circuit_decorator' retrieved from /home/airflow/.local/lib/python3.8/site-packages/airflow/example_dags/example_short_circuit_decorator.py
[2024-06-04T08:08:47.017+0000] {logging_mixin.py:188} INFO - [2024-06-04T08:08:47.016+0000] {dag.py:3047} INFO - Sync 1 DAGs
[2024-06-04T08:08:47.046+0000] {logging_mixin.py:188} INFO - [2024-06-04T08:08:47.046+0000] {dag.py:3834} INFO - Setting next_dagrun for example_short_circuit_decorator to 2024-06-03 00:00:00+00:00, run_after=2024-06-04 00:00:00+00:00
[2024-06-04T08:08:47.070+0000] {processor.py:183} INFO - Processing /home/airflow/.local/lib/python3.8/site-packages/airflow/example_dags/example_short_circuit_decorator.py took 0.103 seconds
[2024-06-04T08:09:17.412+0000] {processor.py:161} INFO - Started process (PID=2222) to work on /home/airflow/.local/lib/python3.8/site-packages/airflow/example_dags/example_short_circuit_decorator.py
[2024-06-04T08:09:17.414+0000] {processor.py:830} INFO - Processing file /home/airflow/.local/lib/python3.8/site-packages/airflow/example_dags/example_short_circuit_decorator.py for tasks to queue
[2024-06-04T08:09:17.416+0000] {logging_mixin.py:188} INFO - [2024-06-04T08:09:17.416+0000] {dagbag.py:540} INFO - Filling up the DagBag from /home/airflow/.local/lib/python3.8/site-packages/airflow/example_dags/example_short_circuit_decorator.py
[2024-06-04T08:09:17.430+0000] {processor.py:840} INFO - DAG(s) 'example_short_circuit_decorator' retrieved from /home/airflow/.local/lib/python3.8/site-packages/airflow/example_dags/example_short_circuit_decorator.py
[2024-06-04T08:09:17.465+0000] {logging_mixin.py:188} INFO - [2024-06-04T08:09:17.464+0000] {dag.py:3047} INFO - Sync 1 DAGs
[2024-06-04T08:09:17.507+0000] {logging_mixin.py:188} INFO - [2024-06-04T08:09:17.507+0000] {dag.py:3834} INFO - Setting next_dagrun for example_short_circuit_decorator to 2024-06-03 00:00:00+00:00, run_after=2024-06-04 00:00:00+00:00
[2024-06-04T08:09:17.533+0000] {processor.py:183} INFO - Processing /home/airflow/.local/lib/python3.8/site-packages/airflow/example_dags/example_short_circuit_decorator.py took 0.125 seconds
[2024-06-04T08:09:48.026+0000] {processor.py:161} INFO - Started process (PID=2280) to work on /home/airflow/.local/lib/python3.8/site-packages/airflow/example_dags/example_short_circuit_decorator.py
[2024-06-04T08:09:48.028+0000] {processor.py:830} INFO - Processing file /home/airflow/.local/lib/python3.8/site-packages/airflow/example_dags/example_short_circuit_decorator.py for tasks to queue
[2024-06-04T08:09:48.031+0000] {logging_mixin.py:188} INFO - [2024-06-04T08:09:48.030+0000] {dagbag.py:540} INFO - Filling up the DagBag from /home/airflow/.local/lib/python3.8/site-packages/airflow/example_dags/example_short_circuit_decorator.py
[2024-06-04T08:09:48.044+0000] {processor.py:840} INFO - DAG(s) 'example_short_circuit_decorator' retrieved from /home/airflow/.local/lib/python3.8/site-packages/airflow/example_dags/example_short_circuit_decorator.py
[2024-06-04T08:09:48.077+0000] {logging_mixin.py:188} INFO - [2024-06-04T08:09:48.077+0000] {dag.py:3047} INFO - Sync 1 DAGs
[2024-06-04T08:09:48.106+0000] {logging_mixin.py:188} INFO - [2024-06-04T08:09:48.105+0000] {dag.py:3834} INFO - Setting next_dagrun for example_short_circuit_decorator to 2024-06-03 00:00:00+00:00, run_after=2024-06-04 00:00:00+00:00
[2024-06-04T08:09:48.134+0000] {processor.py:183} INFO - Processing /home/airflow/.local/lib/python3.8/site-packages/airflow/example_dags/example_short_circuit_decorator.py took 0.112 seconds
[2024-06-04T08:10:18.451+0000] {processor.py:161} INFO - Started process (PID=2338) to work on /home/airflow/.local/lib/python3.8/site-packages/airflow/example_dags/example_short_circuit_decorator.py
[2024-06-04T08:10:18.453+0000] {processor.py:830} INFO - Processing file /home/airflow/.local/lib/python3.8/site-packages/airflow/example_dags/example_short_circuit_decorator.py for tasks to queue
[2024-06-04T08:10:18.455+0000] {logging_mixin.py:188} INFO - [2024-06-04T08:10:18.454+0000] {dagbag.py:540} INFO - Filling up the DagBag from /home/airflow/.local/lib/python3.8/site-packages/airflow/example_dags/example_short_circuit_decorator.py
[2024-06-04T08:10:18.465+0000] {processor.py:840} INFO - DAG(s) 'example_short_circuit_decorator' retrieved from /home/airflow/.local/lib/python3.8/site-packages/airflow/example_dags/example_short_circuit_decorator.py
[2024-06-04T08:10:18.502+0000] {logging_mixin.py:188} INFO - [2024-06-04T08:10:18.502+0000] {dag.py:3047} INFO - Sync 1 DAGs
[2024-06-04T08:10:18.531+0000] {logging_mixin.py:188} INFO - [2024-06-04T08:10:18.531+0000] {dag.py:3834} INFO - Setting next_dagrun for example_short_circuit_decorator to 2024-06-03 00:00:00+00:00, run_after=2024-06-04 00:00:00+00:00
[2024-06-04T08:10:18.556+0000] {processor.py:183} INFO - Processing /home/airflow/.local/lib/python3.8/site-packages/airflow/example_dags/example_short_circuit_decorator.py took 0.109 seconds
[2024-06-04T08:10:48.953+0000] {processor.py:161} INFO - Started process (PID=2396) to work on /home/airflow/.local/lib/python3.8/site-packages/airflow/example_dags/example_short_circuit_decorator.py
[2024-06-04T08:10:48.954+0000] {processor.py:830} INFO - Processing file /home/airflow/.local/lib/python3.8/site-packages/airflow/example_dags/example_short_circuit_decorator.py for tasks to queue
[2024-06-04T08:10:48.956+0000] {logging_mixin.py:188} INFO - [2024-06-04T08:10:48.955+0000] {dagbag.py:540} INFO - Filling up the DagBag from /home/airflow/.local/lib/python3.8/site-packages/airflow/example_dags/example_short_circuit_decorator.py
[2024-06-04T08:10:48.965+0000] {processor.py:840} INFO - DAG(s) 'example_short_circuit_decorator' retrieved from /home/airflow/.local/lib/python3.8/site-packages/airflow/example_dags/example_short_circuit_decorator.py
[2024-06-04T08:10:48.990+0000] {logging_mixin.py:188} INFO - [2024-06-04T08:10:48.989+0000] {dag.py:3047} INFO - Sync 1 DAGs
[2024-06-04T08:10:49.014+0000] {logging_mixin.py:188} INFO - [2024-06-04T08:10:49.014+0000] {dag.py:3834} INFO - Setting next_dagrun for example_short_circuit_decorator to 2024-06-03 00:00:00+00:00, run_after=2024-06-04 00:00:00+00:00
[2024-06-04T08:10:49.036+0000] {processor.py:183} INFO - Processing /home/airflow/.local/lib/python3.8/site-packages/airflow/example_dags/example_short_circuit_decorator.py took 0.088 seconds
[2024-06-04T08:11:19.202+0000] {processor.py:161} INFO - Started process (PID=2455) to work on /home/airflow/.local/lib/python3.8/site-packages/airflow/example_dags/example_short_circuit_decorator.py
[2024-06-04T08:11:19.204+0000] {processor.py:830} INFO - Processing file /home/airflow/.local/lib/python3.8/site-packages/airflow/example_dags/example_short_circuit_decorator.py for tasks to queue
[2024-06-04T08:11:19.206+0000] {logging_mixin.py:188} INFO - [2024-06-04T08:11:19.206+0000] {dagbag.py:540} INFO - Filling up the DagBag from /home/airflow/.local/lib/python3.8/site-packages/airflow/example_dags/example_short_circuit_decorator.py
[2024-06-04T08:11:19.217+0000] {processor.py:840} INFO - DAG(s) 'example_short_circuit_decorator' retrieved from /home/airflow/.local/lib/python3.8/site-packages/airflow/example_dags/example_short_circuit_decorator.py
[2024-06-04T08:11:19.249+0000] {logging_mixin.py:188} INFO - [2024-06-04T08:11:19.249+0000] {dag.py:3047} INFO - Sync 1 DAGs
[2024-06-04T08:11:19.275+0000] {logging_mixin.py:188} INFO - [2024-06-04T08:11:19.275+0000] {dag.py:3834} INFO - Setting next_dagrun for example_short_circuit_decorator to 2024-06-03 00:00:00+00:00, run_after=2024-06-04 00:00:00+00:00
[2024-06-04T08:11:19.296+0000] {processor.py:183} INFO - Processing /home/airflow/.local/lib/python3.8/site-packages/airflow/example_dags/example_short_circuit_decorator.py took 0.106 seconds
[2024-06-04T08:11:49.334+0000] {processor.py:161} INFO - Started process (PID=2514) to work on /home/airflow/.local/lib/python3.8/site-packages/airflow/example_dags/example_short_circuit_decorator.py
[2024-06-04T08:11:49.335+0000] {processor.py:830} INFO - Processing file /home/airflow/.local/lib/python3.8/site-packages/airflow/example_dags/example_short_circuit_decorator.py for tasks to queue
[2024-06-04T08:11:49.337+0000] {logging_mixin.py:188} INFO - [2024-06-04T08:11:49.337+0000] {dagbag.py:540} INFO - Filling up the DagBag from /home/airflow/.local/lib/python3.8/site-packages/airflow/example_dags/example_short_circuit_decorator.py
[2024-06-04T08:11:49.348+0000] {processor.py:840} INFO - DAG(s) 'example_short_circuit_decorator' retrieved from /home/airflow/.local/lib/python3.8/site-packages/airflow/example_dags/example_short_circuit_decorator.py
[2024-06-04T08:11:49.374+0000] {logging_mixin.py:188} INFO - [2024-06-04T08:11:49.374+0000] {dag.py:3047} INFO - Sync 1 DAGs
[2024-06-04T08:11:49.399+0000] {logging_mixin.py:188} INFO - [2024-06-04T08:11:49.399+0000] {dag.py:3834} INFO - Setting next_dagrun for example_short_circuit_decorator to 2024-06-03 00:00:00+00:00, run_after=2024-06-04 00:00:00+00:00
[2024-06-04T08:11:49.425+0000] {processor.py:183} INFO - Processing /home/airflow/.local/lib/python3.8/site-packages/airflow/example_dags/example_short_circuit_decorator.py took 0.096 seconds
[2024-06-04T08:12:20.311+0000] {processor.py:161} INFO - Started process (PID=2573) to work on /home/airflow/.local/lib/python3.8/site-packages/airflow/example_dags/example_short_circuit_decorator.py
[2024-06-04T08:12:20.312+0000] {processor.py:830} INFO - Processing file /home/airflow/.local/lib/python3.8/site-packages/airflow/example_dags/example_short_circuit_decorator.py for tasks to queue
[2024-06-04T08:12:20.314+0000] {logging_mixin.py:188} INFO - [2024-06-04T08:12:20.314+0000] {dagbag.py:540} INFO - Filling up the DagBag from /home/airflow/.local/lib/python3.8/site-packages/airflow/example_dags/example_short_circuit_decorator.py
[2024-06-04T08:12:20.327+0000] {processor.py:840} INFO - DAG(s) 'example_short_circuit_decorator' retrieved from /home/airflow/.local/lib/python3.8/site-packages/airflow/example_dags/example_short_circuit_decorator.py
[2024-06-04T08:12:20.360+0000] {logging_mixin.py:188} INFO - [2024-06-04T08:12:20.360+0000] {dag.py:3047} INFO - Sync 1 DAGs
[2024-06-04T08:12:20.385+0000] {logging_mixin.py:188} INFO - [2024-06-04T08:12:20.385+0000] {dag.py:3834} INFO - Setting next_dagrun for example_short_circuit_decorator to 2024-06-03 00:00:00+00:00, run_after=2024-06-04 00:00:00+00:00
[2024-06-04T08:12:20.403+0000] {processor.py:183} INFO - Processing /home/airflow/.local/lib/python3.8/site-packages/airflow/example_dags/example_short_circuit_decorator.py took 0.098 seconds
[2024-06-04T08:12:50.884+0000] {processor.py:161} INFO - Started process (PID=2632) to work on /home/airflow/.local/lib/python3.8/site-packages/airflow/example_dags/example_short_circuit_decorator.py
[2024-06-04T08:12:50.886+0000] {processor.py:830} INFO - Processing file /home/airflow/.local/lib/python3.8/site-packages/airflow/example_dags/example_short_circuit_decorator.py for tasks to queue
[2024-06-04T08:12:50.889+0000] {logging_mixin.py:188} INFO - [2024-06-04T08:12:50.888+0000] {dagbag.py:540} INFO - Filling up the DagBag from /home/airflow/.local/lib/python3.8/site-packages/airflow/example_dags/example_short_circuit_decorator.py
[2024-06-04T08:12:50.898+0000] {processor.py:840} INFO - DAG(s) 'example_short_circuit_decorator' retrieved from /home/airflow/.local/lib/python3.8/site-packages/airflow/example_dags/example_short_circuit_decorator.py
[2024-06-04T08:12:50.932+0000] {logging_mixin.py:188} INFO - [2024-06-04T08:12:50.931+0000] {dag.py:3047} INFO - Sync 1 DAGs
[2024-06-04T08:12:50.963+0000] {logging_mixin.py:188} INFO - [2024-06-04T08:12:50.963+0000] {dag.py:3834} INFO - Setting next_dagrun for example_short_circuit_decorator to 2024-06-03 00:00:00+00:00, run_after=2024-06-04 00:00:00+00:00
[2024-06-04T08:12:50.988+0000] {processor.py:183} INFO - Processing /home/airflow/.local/lib/python3.8/site-packages/airflow/example_dags/example_short_circuit_decorator.py took 0.108 seconds
[2024-06-04T08:13:21.112+0000] {processor.py:161} INFO - Started process (PID=2690) to work on /home/airflow/.local/lib/python3.8/site-packages/airflow/example_dags/example_short_circuit_decorator.py
[2024-06-04T08:13:21.114+0000] {processor.py:830} INFO - Processing file /home/airflow/.local/lib/python3.8/site-packages/airflow/example_dags/example_short_circuit_decorator.py for tasks to queue
[2024-06-04T08:13:21.117+0000] {logging_mixin.py:188} INFO - [2024-06-04T08:13:21.116+0000] {dagbag.py:540} INFO - Filling up the DagBag from /home/airflow/.local/lib/python3.8/site-packages/airflow/example_dags/example_short_circuit_decorator.py
[2024-06-04T08:13:21.134+0000] {processor.py:840} INFO - DAG(s) 'example_short_circuit_decorator' retrieved from /home/airflow/.local/lib/python3.8/site-packages/airflow/example_dags/example_short_circuit_decorator.py
[2024-06-04T08:13:21.171+0000] {logging_mixin.py:188} INFO - [2024-06-04T08:13:21.170+0000] {dag.py:3047} INFO - Sync 1 DAGs
[2024-06-04T08:13:21.202+0000] {logging_mixin.py:188} INFO - [2024-06-04T08:13:21.202+0000] {dag.py:3834} INFO - Setting next_dagrun for example_short_circuit_decorator to 2024-06-03 00:00:00+00:00, run_after=2024-06-04 00:00:00+00:00
[2024-06-04T08:13:21.229+0000] {processor.py:183} INFO - Processing /home/airflow/.local/lib/python3.8/site-packages/airflow/example_dags/example_short_circuit_decorator.py took 0.125 seconds
[2024-06-04T08:13:51.338+0000] {processor.py:161} INFO - Started process (PID=2749) to work on /home/airflow/.local/lib/python3.8/site-packages/airflow/example_dags/example_short_circuit_decorator.py
[2024-06-04T08:13:51.339+0000] {processor.py:830} INFO - Processing file /home/airflow/.local/lib/python3.8/site-packages/airflow/example_dags/example_short_circuit_decorator.py for tasks to queue
[2024-06-04T08:13:51.342+0000] {logging_mixin.py:188} INFO - [2024-06-04T08:13:51.341+0000] {dagbag.py:540} INFO - Filling up the DagBag from /home/airflow/.local/lib/python3.8/site-packages/airflow/example_dags/example_short_circuit_decorator.py
[2024-06-04T08:13:51.354+0000] {processor.py:840} INFO - DAG(s) 'example_short_circuit_decorator' retrieved from /home/airflow/.local/lib/python3.8/site-packages/airflow/example_dags/example_short_circuit_decorator.py
[2024-06-04T08:13:51.402+0000] {logging_mixin.py:188} INFO - [2024-06-04T08:13:51.402+0000] {dag.py:3047} INFO - Sync 1 DAGs
[2024-06-04T08:13:51.438+0000] {logging_mixin.py:188} INFO - [2024-06-04T08:13:51.438+0000] {dag.py:3834} INFO - Setting next_dagrun for example_short_circuit_decorator to 2024-06-03 00:00:00+00:00, run_after=2024-06-04 00:00:00+00:00
[2024-06-04T08:13:51.473+0000] {processor.py:183} INFO - Processing /home/airflow/.local/lib/python3.8/site-packages/airflow/example_dags/example_short_circuit_decorator.py took 0.140 seconds
[2024-06-04T08:14:22.083+0000] {processor.py:161} INFO - Started process (PID=2808) to work on /home/airflow/.local/lib/python3.8/site-packages/airflow/example_dags/example_short_circuit_decorator.py
[2024-06-04T08:14:22.084+0000] {processor.py:830} INFO - Processing file /home/airflow/.local/lib/python3.8/site-packages/airflow/example_dags/example_short_circuit_decorator.py for tasks to queue
[2024-06-04T08:14:22.087+0000] {logging_mixin.py:188} INFO - [2024-06-04T08:14:22.086+0000] {dagbag.py:540} INFO - Filling up the DagBag from /home/airflow/.local/lib/python3.8/site-packages/airflow/example_dags/example_short_circuit_decorator.py
[2024-06-04T08:14:22.097+0000] {processor.py:840} INFO - DAG(s) 'example_short_circuit_decorator' retrieved from /home/airflow/.local/lib/python3.8/site-packages/airflow/example_dags/example_short_circuit_decorator.py
[2024-06-04T08:14:22.223+0000] {logging_mixin.py:188} INFO - [2024-06-04T08:14:22.223+0000] {dag.py:3047} INFO - Sync 1 DAGs
[2024-06-04T08:14:22.249+0000] {logging_mixin.py:188} INFO - [2024-06-04T08:14:22.249+0000] {dag.py:3834} INFO - Setting next_dagrun for example_short_circuit_decorator to 2024-06-03 00:00:00+00:00, run_after=2024-06-04 00:00:00+00:00
[2024-06-04T08:14:22.270+0000] {processor.py:183} INFO - Processing /home/airflow/.local/lib/python3.8/site-packages/airflow/example_dags/example_short_circuit_decorator.py took 0.191 seconds
[2024-06-04T08:14:52.442+0000] {processor.py:161} INFO - Started process (PID=2867) to work on /home/airflow/.local/lib/python3.8/site-packages/airflow/example_dags/example_short_circuit_decorator.py
[2024-06-04T08:14:52.444+0000] {processor.py:830} INFO - Processing file /home/airflow/.local/lib/python3.8/site-packages/airflow/example_dags/example_short_circuit_decorator.py for tasks to queue
[2024-06-04T08:14:52.446+0000] {logging_mixin.py:188} INFO - [2024-06-04T08:14:52.445+0000] {dagbag.py:540} INFO - Filling up the DagBag from /home/airflow/.local/lib/python3.8/site-packages/airflow/example_dags/example_short_circuit_decorator.py
[2024-06-04T08:14:52.458+0000] {processor.py:840} INFO - DAG(s) 'example_short_circuit_decorator' retrieved from /home/airflow/.local/lib/python3.8/site-packages/airflow/example_dags/example_short_circuit_decorator.py
[2024-06-04T08:14:52.489+0000] {logging_mixin.py:188} INFO - [2024-06-04T08:14:52.488+0000] {dag.py:3047} INFO - Sync 1 DAGs
[2024-06-04T08:14:52.514+0000] {logging_mixin.py:188} INFO - [2024-06-04T08:14:52.514+0000] {dag.py:3834} INFO - Setting next_dagrun for example_short_circuit_decorator to 2024-06-03 00:00:00+00:00, run_after=2024-06-04 00:00:00+00:00
[2024-06-04T08:14:52.535+0000] {processor.py:183} INFO - Processing /home/airflow/.local/lib/python3.8/site-packages/airflow/example_dags/example_short_circuit_decorator.py took 0.097 seconds
[2024-06-04T08:15:38.502+0000] {processor.py:161} INFO - Started process (PID=2969) to work on /home/airflow/.local/lib/python3.8/site-packages/airflow/example_dags/example_short_circuit_decorator.py
[2024-06-04T08:15:38.504+0000] {processor.py:830} INFO - Processing file /home/airflow/.local/lib/python3.8/site-packages/airflow/example_dags/example_short_circuit_decorator.py for tasks to queue
[2024-06-04T08:15:38.507+0000] {logging_mixin.py:188} INFO - [2024-06-04T08:15:38.506+0000] {dagbag.py:540} INFO - Filling up the DagBag from /home/airflow/.local/lib/python3.8/site-packages/airflow/example_dags/example_short_circuit_decorator.py
[2024-06-04T08:15:38.611+0000] {processor.py:840} INFO - DAG(s) 'example_short_circuit_decorator' retrieved from /home/airflow/.local/lib/python3.8/site-packages/airflow/example_dags/example_short_circuit_decorator.py
[2024-06-04T08:15:39.002+0000] {logging_mixin.py:188} INFO - [2024-06-04T08:15:39.002+0000] {dag.py:3047} INFO - Sync 1 DAGs
[2024-06-04T08:15:39.304+0000] {logging_mixin.py:188} INFO - [2024-06-04T08:15:39.303+0000] {dag.py:3834} INFO - Setting next_dagrun for example_short_circuit_decorator to 2024-06-03 00:00:00+00:00, run_after=2024-06-04 00:00:00+00:00
[2024-06-04T08:15:39.609+0000] {processor.py:183} INFO - Processing /home/airflow/.local/lib/python3.8/site-packages/airflow/example_dags/example_short_circuit_decorator.py took 1.196 seconds
[2024-06-04T08:16:10.317+0000] {processor.py:161} INFO - Started process (PID=3037) to work on /home/airflow/.local/lib/python3.8/site-packages/airflow/example_dags/example_short_circuit_decorator.py
[2024-06-04T08:16:10.406+0000] {processor.py:830} INFO - Processing file /home/airflow/.local/lib/python3.8/site-packages/airflow/example_dags/example_short_circuit_decorator.py for tasks to queue
[2024-06-04T08:16:10.409+0000] {logging_mixin.py:188} INFO - [2024-06-04T08:16:10.408+0000] {dagbag.py:540} INFO - Filling up the DagBag from /home/airflow/.local/lib/python3.8/site-packages/airflow/example_dags/example_short_circuit_decorator.py
[2024-06-04T08:16:10.516+0000] {processor.py:840} INFO - DAG(s) 'example_short_circuit_decorator' retrieved from /home/airflow/.local/lib/python3.8/site-packages/airflow/example_dags/example_short_circuit_decorator.py
[2024-06-04T08:16:10.727+0000] {logging_mixin.py:188} INFO - [2024-06-04T08:16:10.727+0000] {dag.py:3047} INFO - Sync 1 DAGs
[2024-06-04T08:16:10.906+0000] {logging_mixin.py:188} INFO - [2024-06-04T08:16:10.906+0000] {dag.py:3834} INFO - Setting next_dagrun for example_short_circuit_decorator to 2024-06-03 00:00:00+00:00, run_after=2024-06-04 00:00:00+00:00
[2024-06-04T08:16:11.018+0000] {processor.py:183} INFO - Processing /home/airflow/.local/lib/python3.8/site-packages/airflow/example_dags/example_short_circuit_decorator.py took 0.707 seconds
[2024-06-04T08:16:41.405+0000] {processor.py:161} INFO - Started process (PID=3136) to work on /home/airflow/.local/lib/python3.8/site-packages/airflow/example_dags/example_short_circuit_decorator.py
[2024-06-04T08:16:41.411+0000] {processor.py:830} INFO - Processing file /home/airflow/.local/lib/python3.8/site-packages/airflow/example_dags/example_short_circuit_decorator.py for tasks to queue
[2024-06-04T08:16:41.418+0000] {logging_mixin.py:188} INFO - [2024-06-04T08:16:41.418+0000] {dagbag.py:540} INFO - Filling up the DagBag from /home/airflow/.local/lib/python3.8/site-packages/airflow/example_dags/example_short_circuit_decorator.py
[2024-06-04T08:16:41.515+0000] {processor.py:840} INFO - DAG(s) 'example_short_circuit_decorator' retrieved from /home/airflow/.local/lib/python3.8/site-packages/airflow/example_dags/example_short_circuit_decorator.py
[2024-06-04T08:16:41.913+0000] {logging_mixin.py:188} INFO - [2024-06-04T08:16:41.913+0000] {dag.py:3047} INFO - Sync 1 DAGs
[2024-06-04T08:16:42.217+0000] {logging_mixin.py:188} INFO - [2024-06-04T08:16:42.216+0000] {dag.py:3834} INFO - Setting next_dagrun for example_short_circuit_decorator to 2024-06-03 00:00:00+00:00, run_after=2024-06-04 00:00:00+00:00
[2024-06-04T08:16:42.501+0000] {processor.py:183} INFO - Processing /home/airflow/.local/lib/python3.8/site-packages/airflow/example_dags/example_short_circuit_decorator.py took 1.186 seconds
[2024-06-04T08:17:13.105+0000] {processor.py:161} INFO - Started process (PID=3205) to work on /home/airflow/.local/lib/python3.8/site-packages/airflow/example_dags/example_short_circuit_decorator.py
[2024-06-04T08:17:13.108+0000] {processor.py:830} INFO - Processing file /home/airflow/.local/lib/python3.8/site-packages/airflow/example_dags/example_short_circuit_decorator.py for tasks to queue
[2024-06-04T08:17:13.110+0000] {logging_mixin.py:188} INFO - [2024-06-04T08:17:13.110+0000] {dagbag.py:540} INFO - Filling up the DagBag from /home/airflow/.local/lib/python3.8/site-packages/airflow/example_dags/example_short_circuit_decorator.py
[2024-06-04T08:17:13.206+0000] {processor.py:840} INFO - DAG(s) 'example_short_circuit_decorator' retrieved from /home/airflow/.local/lib/python3.8/site-packages/airflow/example_dags/example_short_circuit_decorator.py
[2024-06-04T08:17:13.402+0000] {logging_mixin.py:188} INFO - [2024-06-04T08:17:13.402+0000] {dag.py:3047} INFO - Sync 1 DAGs
[2024-06-04T08:17:13.521+0000] {logging_mixin.py:188} INFO - [2024-06-04T08:17:13.520+0000] {dag.py:3834} INFO - Setting next_dagrun for example_short_circuit_decorator to 2024-06-03 00:00:00+00:00, run_after=2024-06-04 00:00:00+00:00
[2024-06-04T08:17:13.720+0000] {processor.py:183} INFO - Processing /home/airflow/.local/lib/python3.8/site-packages/airflow/example_dags/example_short_circuit_decorator.py took 0.697 seconds
