[2024-06-04T07:51:26.820+0000] {processor.py:161} INFO - Started process (PID=191) to work on /home/airflow/.local/lib/python3.8/site-packages/airflow/example_dags/example_subdag_operator.py
[2024-06-04T07:51:26.821+0000] {processor.py:830} INFO - Processing file /home/airflow/.local/lib/python3.8/site-packages/airflow/example_dags/example_subdag_operator.py for tasks to queue
[2024-06-04T07:51:26.823+0000] {logging_mixin.py:188} INFO - [2024-06-04T07:51:26.823+0000] {dagbag.py:540} INFO - Filling up the DagBag from /home/airflow/.local/lib/python3.8/site-packages/airflow/example_dags/example_subdag_operator.py
[2024-06-04T07:51:26.853+0000] {processor.py:840} INFO - DAG(s) 'example_subdag_operator.section-1', 'example_subdag_operator.section-2', 'example_subdag_operator' retrieved from /home/airflow/.local/lib/python3.8/site-packages/airflow/example_dags/example_subdag_operator.py
[2024-06-04T07:51:27.054+0000] {logging_mixin.py:188} INFO - [2024-06-04T07:51:27.054+0000] {dag.py:3047} INFO - Sync 3 DAGs
[2024-06-04T07:51:27.109+0000] {logging_mixin.py:188} INFO - [2024-06-04T07:51:27.108+0000] {dag.py:3834} INFO - Setting next_dagrun for example_subdag_operator to 2022-01-01 00:00:00+00:00, run_after=2022-01-01 00:00:00+00:00
[2024-06-04T07:51:27.113+0000] {logging_mixin.py:188} INFO - [2024-06-04T07:51:27.113+0000] {dag.py:3834} INFO - Setting next_dagrun for example_subdag_operator.section-1 to None, run_after=None
[2024-06-04T07:51:27.117+0000] {logging_mixin.py:188} INFO - [2024-06-04T07:51:27.117+0000] {dag.py:3834} INFO - Setting next_dagrun for example_subdag_operator.section-2 to None, run_after=None
[2024-06-04T07:51:27.127+0000] {logging_mixin.py:188} INFO - [2024-06-04T07:51:27.127+0000] {dag.py:3047} INFO - Sync 2 DAGs
[2024-06-04T07:51:27.133+0000] {logging_mixin.py:188} INFO - [2024-06-04T07:51:27.133+0000] {dag.py:3834} INFO - Setting next_dagrun for example_subdag_operator.section-1 to None, run_after=None
[2024-06-04T07:51:27.134+0000] {logging_mixin.py:188} INFO - [2024-06-04T07:51:27.134+0000] {dag.py:3834} INFO - Setting next_dagrun for example_subdag_operator.section-2 to None, run_after=None
[2024-06-04T07:51:27.145+0000] {processor.py:183} INFO - Processing /home/airflow/.local/lib/python3.8/site-packages/airflow/example_dags/example_subdag_operator.py took 0.330 seconds
[2024-06-04T07:51:57.962+0000] {processor.py:161} INFO - Started process (PID=249) to work on /home/airflow/.local/lib/python3.8/site-packages/airflow/example_dags/example_subdag_operator.py
[2024-06-04T07:51:57.963+0000] {processor.py:830} INFO - Processing file /home/airflow/.local/lib/python3.8/site-packages/airflow/example_dags/example_subdag_operator.py for tasks to queue
[2024-06-04T07:51:57.965+0000] {logging_mixin.py:188} INFO - [2024-06-04T07:51:57.965+0000] {dagbag.py:540} INFO - Filling up the DagBag from /home/airflow/.local/lib/python3.8/site-packages/airflow/example_dags/example_subdag_operator.py
[2024-06-04T07:51:57.989+0000] {processor.py:840} INFO - DAG(s) 'example_subdag_operator.section-1', 'example_subdag_operator.section-2', 'example_subdag_operator' retrieved from /home/airflow/.local/lib/python3.8/site-packages/airflow/example_dags/example_subdag_operator.py
[2024-06-04T07:51:58.005+0000] {logging_mixin.py:188} INFO - [2024-06-04T07:51:58.004+0000] {dag.py:3047} INFO - Sync 3 DAGs
[2024-06-04T07:51:58.032+0000] {logging_mixin.py:188} INFO - [2024-06-04T07:51:58.032+0000] {dag.py:3834} INFO - Setting next_dagrun for example_subdag_operator to 2022-01-01 00:00:00+00:00, run_after=2022-01-01 00:00:00+00:00
[2024-06-04T07:51:58.036+0000] {logging_mixin.py:188} INFO - [2024-06-04T07:51:58.036+0000] {dag.py:3834} INFO - Setting next_dagrun for example_subdag_operator.section-1 to None, run_after=None
[2024-06-04T07:51:58.038+0000] {logging_mixin.py:188} INFO - [2024-06-04T07:51:58.038+0000] {dag.py:3834} INFO - Setting next_dagrun for example_subdag_operator.section-2 to None, run_after=None
[2024-06-04T07:51:58.047+0000] {logging_mixin.py:188} INFO - [2024-06-04T07:51:58.046+0000] {dag.py:3047} INFO - Sync 2 DAGs
[2024-06-04T07:51:58.053+0000] {logging_mixin.py:188} INFO - [2024-06-04T07:51:58.053+0000] {dag.py:3834} INFO - Setting next_dagrun for example_subdag_operator.section-1 to None, run_after=None
[2024-06-04T07:51:58.053+0000] {logging_mixin.py:188} INFO - [2024-06-04T07:51:58.053+0000] {dag.py:3834} INFO - Setting next_dagrun for example_subdag_operator.section-2 to None, run_after=None
[2024-06-04T07:51:58.063+0000] {processor.py:183} INFO - Processing /home/airflow/.local/lib/python3.8/site-packages/airflow/example_dags/example_subdag_operator.py took 0.105 seconds
[2024-06-04T07:52:28.348+0000] {processor.py:161} INFO - Started process (PID=307) to work on /home/airflow/.local/lib/python3.8/site-packages/airflow/example_dags/example_subdag_operator.py
[2024-06-04T07:52:28.350+0000] {processor.py:830} INFO - Processing file /home/airflow/.local/lib/python3.8/site-packages/airflow/example_dags/example_subdag_operator.py for tasks to queue
[2024-06-04T07:52:28.351+0000] {logging_mixin.py:188} INFO - [2024-06-04T07:52:28.351+0000] {dagbag.py:540} INFO - Filling up the DagBag from /home/airflow/.local/lib/python3.8/site-packages/airflow/example_dags/example_subdag_operator.py
[2024-06-04T07:52:28.381+0000] {processor.py:840} INFO - DAG(s) 'example_subdag_operator.section-1', 'example_subdag_operator.section-2', 'example_subdag_operator' retrieved from /home/airflow/.local/lib/python3.8/site-packages/airflow/example_dags/example_subdag_operator.py
[2024-06-04T07:52:28.397+0000] {logging_mixin.py:188} INFO - [2024-06-04T07:52:28.396+0000] {dag.py:3047} INFO - Sync 3 DAGs
[2024-06-04T07:52:28.425+0000] {logging_mixin.py:188} INFO - [2024-06-04T07:52:28.424+0000] {dag.py:3834} INFO - Setting next_dagrun for example_subdag_operator to 2022-01-01 00:00:00+00:00, run_after=2022-01-01 00:00:00+00:00
[2024-06-04T07:52:28.430+0000] {logging_mixin.py:188} INFO - [2024-06-04T07:52:28.429+0000] {dag.py:3834} INFO - Setting next_dagrun for example_subdag_operator.section-1 to None, run_after=None
[2024-06-04T07:52:28.431+0000] {logging_mixin.py:188} INFO - [2024-06-04T07:52:28.431+0000] {dag.py:3834} INFO - Setting next_dagrun for example_subdag_operator.section-2 to None, run_after=None
[2024-06-04T07:52:28.441+0000] {logging_mixin.py:188} INFO - [2024-06-04T07:52:28.440+0000] {dag.py:3047} INFO - Sync 2 DAGs
[2024-06-04T07:52:28.447+0000] {logging_mixin.py:188} INFO - [2024-06-04T07:52:28.447+0000] {dag.py:3834} INFO - Setting next_dagrun for example_subdag_operator.section-1 to None, run_after=None
[2024-06-04T07:52:28.447+0000] {logging_mixin.py:188} INFO - [2024-06-04T07:52:28.447+0000] {dag.py:3834} INFO - Setting next_dagrun for example_subdag_operator.section-2 to None, run_after=None
[2024-06-04T07:52:28.462+0000] {processor.py:183} INFO - Processing /home/airflow/.local/lib/python3.8/site-packages/airflow/example_dags/example_subdag_operator.py took 0.118 seconds
[2024-06-04T07:52:58.660+0000] {processor.py:161} INFO - Started process (PID=365) to work on /home/airflow/.local/lib/python3.8/site-packages/airflow/example_dags/example_subdag_operator.py
[2024-06-04T07:52:58.662+0000] {processor.py:830} INFO - Processing file /home/airflow/.local/lib/python3.8/site-packages/airflow/example_dags/example_subdag_operator.py for tasks to queue
[2024-06-04T07:52:58.664+0000] {logging_mixin.py:188} INFO - [2024-06-04T07:52:58.663+0000] {dagbag.py:540} INFO - Filling up the DagBag from /home/airflow/.local/lib/python3.8/site-packages/airflow/example_dags/example_subdag_operator.py
[2024-06-04T07:52:58.692+0000] {processor.py:840} INFO - DAG(s) 'example_subdag_operator.section-1', 'example_subdag_operator.section-2', 'example_subdag_operator' retrieved from /home/airflow/.local/lib/python3.8/site-packages/airflow/example_dags/example_subdag_operator.py
[2024-06-04T07:52:58.711+0000] {logging_mixin.py:188} INFO - [2024-06-04T07:52:58.710+0000] {dag.py:3047} INFO - Sync 3 DAGs
[2024-06-04T07:52:58.740+0000] {logging_mixin.py:188} INFO - [2024-06-04T07:52:58.739+0000] {dag.py:3834} INFO - Setting next_dagrun for example_subdag_operator to 2022-01-01 00:00:00+00:00, run_after=2022-01-01 00:00:00+00:00
[2024-06-04T07:52:58.745+0000] {logging_mixin.py:188} INFO - [2024-06-04T07:52:58.744+0000] {dag.py:3834} INFO - Setting next_dagrun for example_subdag_operator.section-1 to None, run_after=None
[2024-06-04T07:52:58.746+0000] {logging_mixin.py:188} INFO - [2024-06-04T07:52:58.746+0000] {dag.py:3834} INFO - Setting next_dagrun for example_subdag_operator.section-2 to None, run_after=None
[2024-06-04T07:52:58.758+0000] {logging_mixin.py:188} INFO - [2024-06-04T07:52:58.758+0000] {dag.py:3047} INFO - Sync 2 DAGs
[2024-06-04T07:52:58.765+0000] {logging_mixin.py:188} INFO - [2024-06-04T07:52:58.765+0000] {dag.py:3834} INFO - Setting next_dagrun for example_subdag_operator.section-1 to None, run_after=None
[2024-06-04T07:52:58.766+0000] {logging_mixin.py:188} INFO - [2024-06-04T07:52:58.766+0000] {dag.py:3834} INFO - Setting next_dagrun for example_subdag_operator.section-2 to None, run_after=None
[2024-06-04T07:52:58.779+0000] {processor.py:183} INFO - Processing /home/airflow/.local/lib/python3.8/site-packages/airflow/example_dags/example_subdag_operator.py took 0.123 seconds
[2024-06-04T07:53:29.003+0000] {processor.py:161} INFO - Started process (PID=423) to work on /home/airflow/.local/lib/python3.8/site-packages/airflow/example_dags/example_subdag_operator.py
[2024-06-04T07:53:29.004+0000] {processor.py:830} INFO - Processing file /home/airflow/.local/lib/python3.8/site-packages/airflow/example_dags/example_subdag_operator.py for tasks to queue
[2024-06-04T07:53:29.006+0000] {logging_mixin.py:188} INFO - [2024-06-04T07:53:29.006+0000] {dagbag.py:540} INFO - Filling up the DagBag from /home/airflow/.local/lib/python3.8/site-packages/airflow/example_dags/example_subdag_operator.py
[2024-06-04T07:53:29.041+0000] {processor.py:840} INFO - DAG(s) 'example_subdag_operator.section-1', 'example_subdag_operator.section-2', 'example_subdag_operator' retrieved from /home/airflow/.local/lib/python3.8/site-packages/airflow/example_dags/example_subdag_operator.py
[2024-06-04T07:53:29.057+0000] {logging_mixin.py:188} INFO - [2024-06-04T07:53:29.057+0000] {dag.py:3047} INFO - Sync 3 DAGs
[2024-06-04T07:53:29.083+0000] {logging_mixin.py:188} INFO - [2024-06-04T07:53:29.083+0000] {dag.py:3834} INFO - Setting next_dagrun for example_subdag_operator to 2022-01-01 00:00:00+00:00, run_after=2022-01-01 00:00:00+00:00
[2024-06-04T07:53:29.087+0000] {logging_mixin.py:188} INFO - [2024-06-04T07:53:29.087+0000] {dag.py:3834} INFO - Setting next_dagrun for example_subdag_operator.section-1 to None, run_after=None
[2024-06-04T07:53:29.089+0000] {logging_mixin.py:188} INFO - [2024-06-04T07:53:29.089+0000] {dag.py:3834} INFO - Setting next_dagrun for example_subdag_operator.section-2 to None, run_after=None
[2024-06-04T07:53:29.097+0000] {logging_mixin.py:188} INFO - [2024-06-04T07:53:29.097+0000] {dag.py:3047} INFO - Sync 2 DAGs
[2024-06-04T07:53:29.103+0000] {logging_mixin.py:188} INFO - [2024-06-04T07:53:29.103+0000] {dag.py:3834} INFO - Setting next_dagrun for example_subdag_operator.section-1 to None, run_after=None
[2024-06-04T07:53:29.104+0000] {logging_mixin.py:188} INFO - [2024-06-04T07:53:29.103+0000] {dag.py:3834} INFO - Setting next_dagrun for example_subdag_operator.section-2 to None, run_after=None
[2024-06-04T07:53:29.127+0000] {processor.py:183} INFO - Processing /home/airflow/.local/lib/python3.8/site-packages/airflow/example_dags/example_subdag_operator.py took 0.128 seconds
[2024-06-04T07:53:59.437+0000] {processor.py:161} INFO - Started process (PID=481) to work on /home/airflow/.local/lib/python3.8/site-packages/airflow/example_dags/example_subdag_operator.py
[2024-06-04T07:53:59.438+0000] {processor.py:830} INFO - Processing file /home/airflow/.local/lib/python3.8/site-packages/airflow/example_dags/example_subdag_operator.py for tasks to queue
[2024-06-04T07:53:59.440+0000] {logging_mixin.py:188} INFO - [2024-06-04T07:53:59.440+0000] {dagbag.py:540} INFO - Filling up the DagBag from /home/airflow/.local/lib/python3.8/site-packages/airflow/example_dags/example_subdag_operator.py
[2024-06-04T07:53:59.524+0000] {processor.py:840} INFO - DAG(s) 'example_subdag_operator.section-1', 'example_subdag_operator.section-2', 'example_subdag_operator' retrieved from /home/airflow/.local/lib/python3.8/site-packages/airflow/example_dags/example_subdag_operator.py
[2024-06-04T07:53:59.544+0000] {logging_mixin.py:188} INFO - [2024-06-04T07:53:59.544+0000] {dag.py:3047} INFO - Sync 3 DAGs
[2024-06-04T07:53:59.625+0000] {logging_mixin.py:188} INFO - [2024-06-04T07:53:59.625+0000] {dag.py:3834} INFO - Setting next_dagrun for example_subdag_operator to 2022-01-01 00:00:00+00:00, run_after=2022-01-01 00:00:00+00:00
[2024-06-04T07:53:59.630+0000] {logging_mixin.py:188} INFO - [2024-06-04T07:53:59.630+0000] {dag.py:3834} INFO - Setting next_dagrun for example_subdag_operator.section-1 to None, run_after=None
[2024-06-04T07:53:59.632+0000] {logging_mixin.py:188} INFO - [2024-06-04T07:53:59.632+0000] {dag.py:3834} INFO - Setting next_dagrun for example_subdag_operator.section-2 to None, run_after=None
[2024-06-04T07:53:59.641+0000] {logging_mixin.py:188} INFO - [2024-06-04T07:53:59.641+0000] {dag.py:3047} INFO - Sync 2 DAGs
[2024-06-04T07:53:59.702+0000] {logging_mixin.py:188} INFO - [2024-06-04T07:53:59.702+0000] {dag.py:3834} INFO - Setting next_dagrun for example_subdag_operator.section-1 to None, run_after=None
[2024-06-04T07:53:59.703+0000] {logging_mixin.py:188} INFO - [2024-06-04T07:53:59.703+0000] {dag.py:3834} INFO - Setting next_dagrun for example_subdag_operator.section-2 to None, run_after=None
[2024-06-04T07:53:59.717+0000] {processor.py:183} INFO - Processing /home/airflow/.local/lib/python3.8/site-packages/airflow/example_dags/example_subdag_operator.py took 0.283 seconds
[2024-06-04T07:54:29.752+0000] {processor.py:161} INFO - Started process (PID=539) to work on /home/airflow/.local/lib/python3.8/site-packages/airflow/example_dags/example_subdag_operator.py
[2024-06-04T07:54:29.753+0000] {processor.py:830} INFO - Processing file /home/airflow/.local/lib/python3.8/site-packages/airflow/example_dags/example_subdag_operator.py for tasks to queue
[2024-06-04T07:54:29.755+0000] {logging_mixin.py:188} INFO - [2024-06-04T07:54:29.755+0000] {dagbag.py:540} INFO - Filling up the DagBag from /home/airflow/.local/lib/python3.8/site-packages/airflow/example_dags/example_subdag_operator.py
[2024-06-04T07:54:29.782+0000] {processor.py:840} INFO - DAG(s) 'example_subdag_operator.section-1', 'example_subdag_operator.section-2', 'example_subdag_operator' retrieved from /home/airflow/.local/lib/python3.8/site-packages/airflow/example_dags/example_subdag_operator.py
[2024-06-04T07:54:29.798+0000] {logging_mixin.py:188} INFO - [2024-06-04T07:54:29.798+0000] {dag.py:3047} INFO - Sync 3 DAGs
[2024-06-04T07:54:29.825+0000] {logging_mixin.py:188} INFO - [2024-06-04T07:54:29.825+0000] {dag.py:3834} INFO - Setting next_dagrun for example_subdag_operator to 2022-01-01 00:00:00+00:00, run_after=2022-01-01 00:00:00+00:00
[2024-06-04T07:54:29.829+0000] {logging_mixin.py:188} INFO - [2024-06-04T07:54:29.829+0000] {dag.py:3834} INFO - Setting next_dagrun for example_subdag_operator.section-1 to None, run_after=None
[2024-06-04T07:54:29.830+0000] {logging_mixin.py:188} INFO - [2024-06-04T07:54:29.830+0000] {dag.py:3834} INFO - Setting next_dagrun for example_subdag_operator.section-2 to None, run_after=None
[2024-06-04T07:54:29.838+0000] {logging_mixin.py:188} INFO - [2024-06-04T07:54:29.838+0000] {dag.py:3047} INFO - Sync 2 DAGs
[2024-06-04T07:54:29.843+0000] {logging_mixin.py:188} INFO - [2024-06-04T07:54:29.843+0000] {dag.py:3834} INFO - Setting next_dagrun for example_subdag_operator.section-1 to None, run_after=None
[2024-06-04T07:54:29.844+0000] {logging_mixin.py:188} INFO - [2024-06-04T07:54:29.844+0000] {dag.py:3834} INFO - Setting next_dagrun for example_subdag_operator.section-2 to None, run_after=None
[2024-06-04T07:54:29.854+0000] {processor.py:183} INFO - Processing /home/airflow/.local/lib/python3.8/site-packages/airflow/example_dags/example_subdag_operator.py took 0.105 seconds
[2024-06-04T07:55:00.044+0000] {processor.py:161} INFO - Started process (PID=597) to work on /home/airflow/.local/lib/python3.8/site-packages/airflow/example_dags/example_subdag_operator.py
[2024-06-04T07:55:00.046+0000] {processor.py:830} INFO - Processing file /home/airflow/.local/lib/python3.8/site-packages/airflow/example_dags/example_subdag_operator.py for tasks to queue
[2024-06-04T07:55:00.048+0000] {logging_mixin.py:188} INFO - [2024-06-04T07:55:00.048+0000] {dagbag.py:540} INFO - Filling up the DagBag from /home/airflow/.local/lib/python3.8/site-packages/airflow/example_dags/example_subdag_operator.py
[2024-06-04T07:55:00.080+0000] {processor.py:840} INFO - DAG(s) 'example_subdag_operator.section-1', 'example_subdag_operator.section-2', 'example_subdag_operator' retrieved from /home/airflow/.local/lib/python3.8/site-packages/airflow/example_dags/example_subdag_operator.py
[2024-06-04T07:55:00.103+0000] {logging_mixin.py:188} INFO - [2024-06-04T07:55:00.102+0000] {dag.py:3047} INFO - Sync 3 DAGs
[2024-06-04T07:55:00.127+0000] {logging_mixin.py:188} INFO - [2024-06-04T07:55:00.127+0000] {dag.py:3834} INFO - Setting next_dagrun for example_subdag_operator to 2022-01-01 00:00:00+00:00, run_after=2022-01-01 00:00:00+00:00
[2024-06-04T07:55:00.132+0000] {logging_mixin.py:188} INFO - [2024-06-04T07:55:00.132+0000] {dag.py:3834} INFO - Setting next_dagrun for example_subdag_operator.section-1 to None, run_after=None
[2024-06-04T07:55:00.134+0000] {logging_mixin.py:188} INFO - [2024-06-04T07:55:00.134+0000] {dag.py:3834} INFO - Setting next_dagrun for example_subdag_operator.section-2 to None, run_after=None
[2024-06-04T07:55:00.142+0000] {logging_mixin.py:188} INFO - [2024-06-04T07:55:00.141+0000] {dag.py:3047} INFO - Sync 2 DAGs
[2024-06-04T07:55:00.147+0000] {logging_mixin.py:188} INFO - [2024-06-04T07:55:00.147+0000] {dag.py:3834} INFO - Setting next_dagrun for example_subdag_operator.section-1 to None, run_after=None
[2024-06-04T07:55:00.147+0000] {logging_mixin.py:188} INFO - [2024-06-04T07:55:00.147+0000] {dag.py:3834} INFO - Setting next_dagrun for example_subdag_operator.section-2 to None, run_after=None
[2024-06-04T07:55:00.159+0000] {processor.py:183} INFO - Processing /home/airflow/.local/lib/python3.8/site-packages/airflow/example_dags/example_subdag_operator.py took 0.119 seconds
[2024-06-04T07:55:30.300+0000] {processor.py:161} INFO - Started process (PID=655) to work on /home/airflow/.local/lib/python3.8/site-packages/airflow/example_dags/example_subdag_operator.py
[2024-06-04T07:55:30.301+0000] {processor.py:830} INFO - Processing file /home/airflow/.local/lib/python3.8/site-packages/airflow/example_dags/example_subdag_operator.py for tasks to queue
[2024-06-04T07:55:30.303+0000] {logging_mixin.py:188} INFO - [2024-06-04T07:55:30.303+0000] {dagbag.py:540} INFO - Filling up the DagBag from /home/airflow/.local/lib/python3.8/site-packages/airflow/example_dags/example_subdag_operator.py
[2024-06-04T07:55:30.331+0000] {processor.py:840} INFO - DAG(s) 'example_subdag_operator.section-1', 'example_subdag_operator.section-2', 'example_subdag_operator' retrieved from /home/airflow/.local/lib/python3.8/site-packages/airflow/example_dags/example_subdag_operator.py
[2024-06-04T07:55:30.348+0000] {logging_mixin.py:188} INFO - [2024-06-04T07:55:30.347+0000] {dag.py:3047} INFO - Sync 3 DAGs
[2024-06-04T07:55:30.372+0000] {logging_mixin.py:188} INFO - [2024-06-04T07:55:30.371+0000] {dag.py:3834} INFO - Setting next_dagrun for example_subdag_operator to 2022-01-01 00:00:00+00:00, run_after=2022-01-01 00:00:00+00:00
[2024-06-04T07:55:30.375+0000] {logging_mixin.py:188} INFO - [2024-06-04T07:55:30.375+0000] {dag.py:3834} INFO - Setting next_dagrun for example_subdag_operator.section-1 to None, run_after=None
[2024-06-04T07:55:30.376+0000] {logging_mixin.py:188} INFO - [2024-06-04T07:55:30.376+0000] {dag.py:3834} INFO - Setting next_dagrun for example_subdag_operator.section-2 to None, run_after=None
[2024-06-04T07:55:30.384+0000] {logging_mixin.py:188} INFO - [2024-06-04T07:55:30.383+0000] {dag.py:3047} INFO - Sync 2 DAGs
[2024-06-04T07:55:30.389+0000] {logging_mixin.py:188} INFO - [2024-06-04T07:55:30.389+0000] {dag.py:3834} INFO - Setting next_dagrun for example_subdag_operator.section-1 to None, run_after=None
[2024-06-04T07:55:30.389+0000] {logging_mixin.py:188} INFO - [2024-06-04T07:55:30.389+0000] {dag.py:3834} INFO - Setting next_dagrun for example_subdag_operator.section-2 to None, run_after=None
[2024-06-04T07:55:30.402+0000] {processor.py:183} INFO - Processing /home/airflow/.local/lib/python3.8/site-packages/airflow/example_dags/example_subdag_operator.py took 0.106 seconds
[2024-06-04T07:56:01.110+0000] {processor.py:161} INFO - Started process (PID=713) to work on /home/airflow/.local/lib/python3.8/site-packages/airflow/example_dags/example_subdag_operator.py
[2024-06-04T07:56:01.111+0000] {processor.py:830} INFO - Processing file /home/airflow/.local/lib/python3.8/site-packages/airflow/example_dags/example_subdag_operator.py for tasks to queue
[2024-06-04T07:56:01.113+0000] {logging_mixin.py:188} INFO - [2024-06-04T07:56:01.113+0000] {dagbag.py:540} INFO - Filling up the DagBag from /home/airflow/.local/lib/python3.8/site-packages/airflow/example_dags/example_subdag_operator.py
[2024-06-04T07:56:01.142+0000] {processor.py:840} INFO - DAG(s) 'example_subdag_operator.section-1', 'example_subdag_operator.section-2', 'example_subdag_operator' retrieved from /home/airflow/.local/lib/python3.8/site-packages/airflow/example_dags/example_subdag_operator.py
[2024-06-04T07:56:01.163+0000] {logging_mixin.py:188} INFO - [2024-06-04T07:56:01.163+0000] {dag.py:3047} INFO - Sync 3 DAGs
[2024-06-04T07:56:01.186+0000] {logging_mixin.py:188} INFO - [2024-06-04T07:56:01.186+0000] {dag.py:3834} INFO - Setting next_dagrun for example_subdag_operator to 2022-01-01 00:00:00+00:00, run_after=2022-01-01 00:00:00+00:00
[2024-06-04T07:56:01.190+0000] {logging_mixin.py:188} INFO - [2024-06-04T07:56:01.190+0000] {dag.py:3834} INFO - Setting next_dagrun for example_subdag_operator.section-1 to None, run_after=None
[2024-06-04T07:56:01.191+0000] {logging_mixin.py:188} INFO - [2024-06-04T07:56:01.191+0000] {dag.py:3834} INFO - Setting next_dagrun for example_subdag_operator.section-2 to None, run_after=None
[2024-06-04T07:56:01.199+0000] {logging_mixin.py:188} INFO - [2024-06-04T07:56:01.199+0000] {dag.py:3047} INFO - Sync 2 DAGs
[2024-06-04T07:56:01.204+0000] {logging_mixin.py:188} INFO - [2024-06-04T07:56:01.204+0000] {dag.py:3834} INFO - Setting next_dagrun for example_subdag_operator.section-1 to None, run_after=None
[2024-06-04T07:56:01.205+0000] {logging_mixin.py:188} INFO - [2024-06-04T07:56:01.205+0000] {dag.py:3834} INFO - Setting next_dagrun for example_subdag_operator.section-2 to None, run_after=None
[2024-06-04T07:56:01.220+0000] {processor.py:183} INFO - Processing /home/airflow/.local/lib/python3.8/site-packages/airflow/example_dags/example_subdag_operator.py took 0.114 seconds
[2024-06-04T07:56:31.847+0000] {processor.py:161} INFO - Started process (PID=771) to work on /home/airflow/.local/lib/python3.8/site-packages/airflow/example_dags/example_subdag_operator.py
[2024-06-04T07:56:31.848+0000] {processor.py:830} INFO - Processing file /home/airflow/.local/lib/python3.8/site-packages/airflow/example_dags/example_subdag_operator.py for tasks to queue
[2024-06-04T07:56:31.850+0000] {logging_mixin.py:188} INFO - [2024-06-04T07:56:31.849+0000] {dagbag.py:540} INFO - Filling up the DagBag from /home/airflow/.local/lib/python3.8/site-packages/airflow/example_dags/example_subdag_operator.py
[2024-06-04T07:56:31.877+0000] {processor.py:840} INFO - DAG(s) 'example_subdag_operator.section-1', 'example_subdag_operator.section-2', 'example_subdag_operator' retrieved from /home/airflow/.local/lib/python3.8/site-packages/airflow/example_dags/example_subdag_operator.py
[2024-06-04T07:56:31.894+0000] {logging_mixin.py:188} INFO - [2024-06-04T07:56:31.894+0000] {dag.py:3047} INFO - Sync 3 DAGs
[2024-06-04T07:56:31.917+0000] {logging_mixin.py:188} INFO - [2024-06-04T07:56:31.917+0000] {dag.py:3834} INFO - Setting next_dagrun for example_subdag_operator to 2022-01-01 00:00:00+00:00, run_after=2022-01-01 00:00:00+00:00
[2024-06-04T07:56:31.921+0000] {logging_mixin.py:188} INFO - [2024-06-04T07:56:31.921+0000] {dag.py:3834} INFO - Setting next_dagrun for example_subdag_operator.section-1 to None, run_after=None
[2024-06-04T07:56:31.923+0000] {logging_mixin.py:188} INFO - [2024-06-04T07:56:31.923+0000] {dag.py:3834} INFO - Setting next_dagrun for example_subdag_operator.section-2 to None, run_after=None
[2024-06-04T07:56:31.930+0000] {logging_mixin.py:188} INFO - [2024-06-04T07:56:31.930+0000] {dag.py:3047} INFO - Sync 2 DAGs
[2024-06-04T07:56:31.935+0000] {logging_mixin.py:188} INFO - [2024-06-04T07:56:31.935+0000] {dag.py:3834} INFO - Setting next_dagrun for example_subdag_operator.section-1 to None, run_after=None
[2024-06-04T07:56:31.936+0000] {logging_mixin.py:188} INFO - [2024-06-04T07:56:31.936+0000] {dag.py:3834} INFO - Setting next_dagrun for example_subdag_operator.section-2 to None, run_after=None
[2024-06-04T07:56:31.948+0000] {processor.py:183} INFO - Processing /home/airflow/.local/lib/python3.8/site-packages/airflow/example_dags/example_subdag_operator.py took 0.105 seconds
[2024-06-04T07:57:02.337+0000] {processor.py:161} INFO - Started process (PID=829) to work on /home/airflow/.local/lib/python3.8/site-packages/airflow/example_dags/example_subdag_operator.py
[2024-06-04T07:57:02.339+0000] {processor.py:830} INFO - Processing file /home/airflow/.local/lib/python3.8/site-packages/airflow/example_dags/example_subdag_operator.py for tasks to queue
[2024-06-04T07:57:02.341+0000] {logging_mixin.py:188} INFO - [2024-06-04T07:57:02.341+0000] {dagbag.py:540} INFO - Filling up the DagBag from /home/airflow/.local/lib/python3.8/site-packages/airflow/example_dags/example_subdag_operator.py
[2024-06-04T07:57:02.369+0000] {processor.py:840} INFO - DAG(s) 'example_subdag_operator.section-1', 'example_subdag_operator.section-2', 'example_subdag_operator' retrieved from /home/airflow/.local/lib/python3.8/site-packages/airflow/example_dags/example_subdag_operator.py
[2024-06-04T07:57:02.386+0000] {logging_mixin.py:188} INFO - [2024-06-04T07:57:02.386+0000] {dag.py:3047} INFO - Sync 3 DAGs
[2024-06-04T07:57:02.409+0000] {logging_mixin.py:188} INFO - [2024-06-04T07:57:02.409+0000] {dag.py:3834} INFO - Setting next_dagrun for example_subdag_operator to 2022-01-01 00:00:00+00:00, run_after=2022-01-01 00:00:00+00:00
[2024-06-04T07:57:02.412+0000] {logging_mixin.py:188} INFO - [2024-06-04T07:57:02.412+0000] {dag.py:3834} INFO - Setting next_dagrun for example_subdag_operator.section-1 to None, run_after=None
[2024-06-04T07:57:02.413+0000] {logging_mixin.py:188} INFO - [2024-06-04T07:57:02.413+0000] {dag.py:3834} INFO - Setting next_dagrun for example_subdag_operator.section-2 to None, run_after=None
[2024-06-04T07:57:02.421+0000] {logging_mixin.py:188} INFO - [2024-06-04T07:57:02.421+0000] {dag.py:3047} INFO - Sync 2 DAGs
[2024-06-04T07:57:02.426+0000] {logging_mixin.py:188} INFO - [2024-06-04T07:57:02.426+0000] {dag.py:3834} INFO - Setting next_dagrun for example_subdag_operator.section-1 to None, run_after=None
[2024-06-04T07:57:02.426+0000] {logging_mixin.py:188} INFO - [2024-06-04T07:57:02.426+0000] {dag.py:3834} INFO - Setting next_dagrun for example_subdag_operator.section-2 to None, run_after=None
[2024-06-04T07:57:02.437+0000] {processor.py:183} INFO - Processing /home/airflow/.local/lib/python3.8/site-packages/airflow/example_dags/example_subdag_operator.py took 0.104 seconds
[2024-06-04T07:57:32.859+0000] {processor.py:161} INFO - Started process (PID=887) to work on /home/airflow/.local/lib/python3.8/site-packages/airflow/example_dags/example_subdag_operator.py
[2024-06-04T07:57:32.860+0000] {processor.py:830} INFO - Processing file /home/airflow/.local/lib/python3.8/site-packages/airflow/example_dags/example_subdag_operator.py for tasks to queue
[2024-06-04T07:57:32.862+0000] {logging_mixin.py:188} INFO - [2024-06-04T07:57:32.862+0000] {dagbag.py:540} INFO - Filling up the DagBag from /home/airflow/.local/lib/python3.8/site-packages/airflow/example_dags/example_subdag_operator.py
[2024-06-04T07:57:32.888+0000] {processor.py:840} INFO - DAG(s) 'example_subdag_operator.section-1', 'example_subdag_operator.section-2', 'example_subdag_operator' retrieved from /home/airflow/.local/lib/python3.8/site-packages/airflow/example_dags/example_subdag_operator.py
[2024-06-04T07:57:32.906+0000] {logging_mixin.py:188} INFO - [2024-06-04T07:57:32.906+0000] {dag.py:3047} INFO - Sync 3 DAGs
[2024-06-04T07:57:32.928+0000] {logging_mixin.py:188} INFO - [2024-06-04T07:57:32.928+0000] {dag.py:3834} INFO - Setting next_dagrun for example_subdag_operator to 2022-01-01 00:00:00+00:00, run_after=2022-01-01 00:00:00+00:00
[2024-06-04T07:57:32.932+0000] {logging_mixin.py:188} INFO - [2024-06-04T07:57:32.932+0000] {dag.py:3834} INFO - Setting next_dagrun for example_subdag_operator.section-1 to None, run_after=None
[2024-06-04T07:57:32.933+0000] {logging_mixin.py:188} INFO - [2024-06-04T07:57:32.933+0000] {dag.py:3834} INFO - Setting next_dagrun for example_subdag_operator.section-2 to None, run_after=None
[2024-06-04T07:57:32.940+0000] {logging_mixin.py:188} INFO - [2024-06-04T07:57:32.939+0000] {dag.py:3047} INFO - Sync 2 DAGs
[2024-06-04T07:57:32.945+0000] {logging_mixin.py:188} INFO - [2024-06-04T07:57:32.945+0000] {dag.py:3834} INFO - Setting next_dagrun for example_subdag_operator.section-1 to None, run_after=None
[2024-06-04T07:57:32.945+0000] {logging_mixin.py:188} INFO - [2024-06-04T07:57:32.945+0000] {dag.py:3834} INFO - Setting next_dagrun for example_subdag_operator.section-2 to None, run_after=None
[2024-06-04T07:57:32.955+0000] {processor.py:183} INFO - Processing /home/airflow/.local/lib/python3.8/site-packages/airflow/example_dags/example_subdag_operator.py took 0.100 seconds
[2024-06-04T07:58:03.351+0000] {processor.py:161} INFO - Started process (PID=945) to work on /home/airflow/.local/lib/python3.8/site-packages/airflow/example_dags/example_subdag_operator.py
[2024-06-04T07:58:03.352+0000] {processor.py:830} INFO - Processing file /home/airflow/.local/lib/python3.8/site-packages/airflow/example_dags/example_subdag_operator.py for tasks to queue
[2024-06-04T07:58:03.354+0000] {logging_mixin.py:188} INFO - [2024-06-04T07:58:03.354+0000] {dagbag.py:540} INFO - Filling up the DagBag from /home/airflow/.local/lib/python3.8/site-packages/airflow/example_dags/example_subdag_operator.py
[2024-06-04T07:58:03.380+0000] {processor.py:840} INFO - DAG(s) 'example_subdag_operator.section-1', 'example_subdag_operator.section-2', 'example_subdag_operator' retrieved from /home/airflow/.local/lib/python3.8/site-packages/airflow/example_dags/example_subdag_operator.py
[2024-06-04T07:58:03.396+0000] {logging_mixin.py:188} INFO - [2024-06-04T07:58:03.395+0000] {dag.py:3047} INFO - Sync 3 DAGs
[2024-06-04T07:58:03.419+0000] {logging_mixin.py:188} INFO - [2024-06-04T07:58:03.419+0000] {dag.py:3834} INFO - Setting next_dagrun for example_subdag_operator to 2022-01-01 00:00:00+00:00, run_after=2022-01-01 00:00:00+00:00
[2024-06-04T07:58:03.423+0000] {logging_mixin.py:188} INFO - [2024-06-04T07:58:03.423+0000] {dag.py:3834} INFO - Setting next_dagrun for example_subdag_operator.section-1 to None, run_after=None
[2024-06-04T07:58:03.425+0000] {logging_mixin.py:188} INFO - [2024-06-04T07:58:03.425+0000] {dag.py:3834} INFO - Setting next_dagrun for example_subdag_operator.section-2 to None, run_after=None
[2024-06-04T07:58:03.434+0000] {logging_mixin.py:188} INFO - [2024-06-04T07:58:03.434+0000] {dag.py:3047} INFO - Sync 2 DAGs
[2024-06-04T07:58:03.440+0000] {logging_mixin.py:188} INFO - [2024-06-04T07:58:03.440+0000] {dag.py:3834} INFO - Setting next_dagrun for example_subdag_operator.section-1 to None, run_after=None
[2024-06-04T07:58:03.440+0000] {logging_mixin.py:188} INFO - [2024-06-04T07:58:03.440+0000] {dag.py:3834} INFO - Setting next_dagrun for example_subdag_operator.section-2 to None, run_after=None
[2024-06-04T07:58:03.450+0000] {processor.py:183} INFO - Processing /home/airflow/.local/lib/python3.8/site-packages/airflow/example_dags/example_subdag_operator.py took 0.103 seconds
[2024-06-04T07:58:33.789+0000] {processor.py:161} INFO - Started process (PID=1003) to work on /home/airflow/.local/lib/python3.8/site-packages/airflow/example_dags/example_subdag_operator.py
[2024-06-04T07:58:33.790+0000] {processor.py:830} INFO - Processing file /home/airflow/.local/lib/python3.8/site-packages/airflow/example_dags/example_subdag_operator.py for tasks to queue
[2024-06-04T07:58:33.792+0000] {logging_mixin.py:188} INFO - [2024-06-04T07:58:33.792+0000] {dagbag.py:540} INFO - Filling up the DagBag from /home/airflow/.local/lib/python3.8/site-packages/airflow/example_dags/example_subdag_operator.py
[2024-06-04T07:58:33.820+0000] {processor.py:840} INFO - DAG(s) 'example_subdag_operator.section-1', 'example_subdag_operator.section-2', 'example_subdag_operator' retrieved from /home/airflow/.local/lib/python3.8/site-packages/airflow/example_dags/example_subdag_operator.py
[2024-06-04T07:58:33.837+0000] {logging_mixin.py:188} INFO - [2024-06-04T07:58:33.837+0000] {dag.py:3047} INFO - Sync 3 DAGs
[2024-06-04T07:58:33.862+0000] {logging_mixin.py:188} INFO - [2024-06-04T07:58:33.862+0000] {dag.py:3834} INFO - Setting next_dagrun for example_subdag_operator to 2022-01-01 00:00:00+00:00, run_after=2022-01-01 00:00:00+00:00
[2024-06-04T07:58:33.866+0000] {logging_mixin.py:188} INFO - [2024-06-04T07:58:33.866+0000] {dag.py:3834} INFO - Setting next_dagrun for example_subdag_operator.section-1 to None, run_after=None
[2024-06-04T07:58:33.867+0000] {logging_mixin.py:188} INFO - [2024-06-04T07:58:33.867+0000] {dag.py:3834} INFO - Setting next_dagrun for example_subdag_operator.section-2 to None, run_after=None
[2024-06-04T07:58:33.874+0000] {logging_mixin.py:188} INFO - [2024-06-04T07:58:33.874+0000] {dag.py:3047} INFO - Sync 2 DAGs
[2024-06-04T07:58:33.881+0000] {logging_mixin.py:188} INFO - [2024-06-04T07:58:33.880+0000] {dag.py:3834} INFO - Setting next_dagrun for example_subdag_operator.section-1 to None, run_after=None
[2024-06-04T07:58:33.881+0000] {logging_mixin.py:188} INFO - [2024-06-04T07:58:33.881+0000] {dag.py:3834} INFO - Setting next_dagrun for example_subdag_operator.section-2 to None, run_after=None
[2024-06-04T07:58:33.894+0000] {processor.py:183} INFO - Processing /home/airflow/.local/lib/python3.8/site-packages/airflow/example_dags/example_subdag_operator.py took 0.109 seconds
[2024-06-04T07:59:04.859+0000] {processor.py:161} INFO - Started process (PID=1068) to work on /home/airflow/.local/lib/python3.8/site-packages/airflow/example_dags/example_subdag_operator.py
[2024-06-04T07:59:04.860+0000] {processor.py:830} INFO - Processing file /home/airflow/.local/lib/python3.8/site-packages/airflow/example_dags/example_subdag_operator.py for tasks to queue
[2024-06-04T07:59:04.862+0000] {logging_mixin.py:188} INFO - [2024-06-04T07:59:04.862+0000] {dagbag.py:540} INFO - Filling up the DagBag from /home/airflow/.local/lib/python3.8/site-packages/airflow/example_dags/example_subdag_operator.py
[2024-06-04T07:59:04.887+0000] {processor.py:840} INFO - DAG(s) 'example_subdag_operator.section-1', 'example_subdag_operator.section-2', 'example_subdag_operator' retrieved from /home/airflow/.local/lib/python3.8/site-packages/airflow/example_dags/example_subdag_operator.py
[2024-06-04T07:59:04.901+0000] {logging_mixin.py:188} INFO - [2024-06-04T07:59:04.901+0000] {dag.py:3047} INFO - Sync 3 DAGs
[2024-06-04T07:59:04.926+0000] {logging_mixin.py:188} INFO - [2024-06-04T07:59:04.926+0000] {dag.py:3834} INFO - Setting next_dagrun for example_subdag_operator to 2022-01-01 00:00:00+00:00, run_after=2022-01-01 00:00:00+00:00
[2024-06-04T07:59:04.929+0000] {logging_mixin.py:188} INFO - [2024-06-04T07:59:04.929+0000] {dag.py:3834} INFO - Setting next_dagrun for example_subdag_operator.section-1 to None, run_after=None
[2024-06-04T07:59:04.930+0000] {logging_mixin.py:188} INFO - [2024-06-04T07:59:04.930+0000] {dag.py:3834} INFO - Setting next_dagrun for example_subdag_operator.section-2 to None, run_after=None
[2024-06-04T07:59:04.937+0000] {logging_mixin.py:188} INFO - [2024-06-04T07:59:04.937+0000] {dag.py:3047} INFO - Sync 2 DAGs
[2024-06-04T07:59:04.942+0000] {logging_mixin.py:188} INFO - [2024-06-04T07:59:04.942+0000] {dag.py:3834} INFO - Setting next_dagrun for example_subdag_operator.section-1 to None, run_after=None
[2024-06-04T07:59:04.943+0000] {logging_mixin.py:188} INFO - [2024-06-04T07:59:04.943+0000] {dag.py:3834} INFO - Setting next_dagrun for example_subdag_operator.section-2 to None, run_after=None
[2024-06-04T07:59:04.957+0000] {processor.py:183} INFO - Processing /home/airflow/.local/lib/python3.8/site-packages/airflow/example_dags/example_subdag_operator.py took 0.102 seconds
