[2024-06-04T07:51:26.438+0000] {processor.py:161} INFO - Started process (PID=188) to work on /home/airflow/.local/lib/python3.8/site-packages/airflow/example_dags/example_short_circuit_operator.py
[2024-06-04T07:51:26.439+0000] {processor.py:830} INFO - Processing file /home/airflow/.local/lib/python3.8/site-packages/airflow/example_dags/example_short_circuit_operator.py for tasks to queue
[2024-06-04T07:51:26.441+0000] {logging_mixin.py:188} INFO - [2024-06-04T07:51:26.440+0000] {dagbag.py:540} INFO - Filling up the DagBag from /home/airflow/.local/lib/python3.8/site-packages/airflow/example_dags/example_short_circuit_operator.py
[2024-06-04T07:51:26.456+0000] {processor.py:840} INFO - DAG(s) 'example_short_circuit_operator' retrieved from /home/airflow/.local/lib/python3.8/site-packages/airflow/example_dags/example_short_circuit_operator.py
[2024-06-04T07:51:26.641+0000] {logging_mixin.py:188} INFO - [2024-06-04T07:51:26.640+0000] {dag.py:3047} INFO - Sync 1 DAGs
[2024-06-04T07:51:26.661+0000] {logging_mixin.py:188} INFO - [2024-06-04T07:51:26.660+0000] {dag.py:3834} INFO - Setting next_dagrun for example_short_circuit_operator to 2024-06-03 00:00:00+00:00, run_after=2024-06-04 00:00:00+00:00
[2024-06-04T07:51:26.724+0000] {processor.py:183} INFO - Processing /home/airflow/.local/lib/python3.8/site-packages/airflow/example_dags/example_short_circuit_operator.py took 0.290 seconds
[2024-06-04T07:51:56.823+0000] {processor.py:161} INFO - Started process (PID=246) to work on /home/airflow/.local/lib/python3.8/site-packages/airflow/example_dags/example_short_circuit_operator.py
[2024-06-04T07:51:56.824+0000] {processor.py:830} INFO - Processing file /home/airflow/.local/lib/python3.8/site-packages/airflow/example_dags/example_short_circuit_operator.py for tasks to queue
[2024-06-04T07:51:56.827+0000] {logging_mixin.py:188} INFO - [2024-06-04T07:51:56.826+0000] {dagbag.py:540} INFO - Filling up the DagBag from /home/airflow/.local/lib/python3.8/site-packages/airflow/example_dags/example_short_circuit_operator.py
[2024-06-04T07:51:56.838+0000] {processor.py:840} INFO - DAG(s) 'example_short_circuit_operator' retrieved from /home/airflow/.local/lib/python3.8/site-packages/airflow/example_dags/example_short_circuit_operator.py
[2024-06-04T07:51:56.864+0000] {logging_mixin.py:188} INFO - [2024-06-04T07:51:56.864+0000] {dag.py:3047} INFO - Sync 1 DAGs
[2024-06-04T07:51:56.887+0000] {logging_mixin.py:188} INFO - [2024-06-04T07:51:56.887+0000] {dag.py:3834} INFO - Setting next_dagrun for example_short_circuit_operator to 2024-06-03 00:00:00+00:00, run_after=2024-06-04 00:00:00+00:00
[2024-06-04T07:51:56.906+0000] {processor.py:183} INFO - Processing /home/airflow/.local/lib/python3.8/site-packages/airflow/example_dags/example_short_circuit_operator.py took 0.088 seconds
[2024-06-04T07:52:27.214+0000] {processor.py:161} INFO - Started process (PID=304) to work on /home/airflow/.local/lib/python3.8/site-packages/airflow/example_dags/example_short_circuit_operator.py
[2024-06-04T07:52:27.215+0000] {processor.py:830} INFO - Processing file /home/airflow/.local/lib/python3.8/site-packages/airflow/example_dags/example_short_circuit_operator.py for tasks to queue
[2024-06-04T07:52:27.217+0000] {logging_mixin.py:188} INFO - [2024-06-04T07:52:27.217+0000] {dagbag.py:540} INFO - Filling up the DagBag from /home/airflow/.local/lib/python3.8/site-packages/airflow/example_dags/example_short_circuit_operator.py
[2024-06-04T07:52:27.226+0000] {processor.py:840} INFO - DAG(s) 'example_short_circuit_operator' retrieved from /home/airflow/.local/lib/python3.8/site-packages/airflow/example_dags/example_short_circuit_operator.py
[2024-06-04T07:52:27.253+0000] {logging_mixin.py:188} INFO - [2024-06-04T07:52:27.252+0000] {dag.py:3047} INFO - Sync 1 DAGs
[2024-06-04T07:52:27.277+0000] {logging_mixin.py:188} INFO - [2024-06-04T07:52:27.276+0000] {dag.py:3834} INFO - Setting next_dagrun for example_short_circuit_operator to 2024-06-03 00:00:00+00:00, run_after=2024-06-04 00:00:00+00:00
[2024-06-04T07:52:27.295+0000] {processor.py:183} INFO - Processing /home/airflow/.local/lib/python3.8/site-packages/airflow/example_dags/example_short_circuit_operator.py took 0.086 seconds
[2024-06-04T07:52:57.501+0000] {processor.py:161} INFO - Started process (PID=362) to work on /home/airflow/.local/lib/python3.8/site-packages/airflow/example_dags/example_short_circuit_operator.py
[2024-06-04T07:52:57.503+0000] {processor.py:830} INFO - Processing file /home/airflow/.local/lib/python3.8/site-packages/airflow/example_dags/example_short_circuit_operator.py for tasks to queue
[2024-06-04T07:52:57.505+0000] {logging_mixin.py:188} INFO - [2024-06-04T07:52:57.505+0000] {dagbag.py:540} INFO - Filling up the DagBag from /home/airflow/.local/lib/python3.8/site-packages/airflow/example_dags/example_short_circuit_operator.py
[2024-06-04T07:52:57.515+0000] {processor.py:840} INFO - DAG(s) 'example_short_circuit_operator' retrieved from /home/airflow/.local/lib/python3.8/site-packages/airflow/example_dags/example_short_circuit_operator.py
[2024-06-04T07:52:57.550+0000] {logging_mixin.py:188} INFO - [2024-06-04T07:52:57.550+0000] {dag.py:3047} INFO - Sync 1 DAGs
[2024-06-04T07:52:57.575+0000] {logging_mixin.py:188} INFO - [2024-06-04T07:52:57.574+0000] {dag.py:3834} INFO - Setting next_dagrun for example_short_circuit_operator to 2024-06-03 00:00:00+00:00, run_after=2024-06-04 00:00:00+00:00
[2024-06-04T07:52:57.595+0000] {processor.py:183} INFO - Processing /home/airflow/.local/lib/python3.8/site-packages/airflow/example_dags/example_short_circuit_operator.py took 0.099 seconds
[2024-06-04T07:53:27.863+0000] {processor.py:161} INFO - Started process (PID=420) to work on /home/airflow/.local/lib/python3.8/site-packages/airflow/example_dags/example_short_circuit_operator.py
[2024-06-04T07:53:27.864+0000] {processor.py:830} INFO - Processing file /home/airflow/.local/lib/python3.8/site-packages/airflow/example_dags/example_short_circuit_operator.py for tasks to queue
[2024-06-04T07:53:27.866+0000] {logging_mixin.py:188} INFO - [2024-06-04T07:53:27.865+0000] {dagbag.py:540} INFO - Filling up the DagBag from /home/airflow/.local/lib/python3.8/site-packages/airflow/example_dags/example_short_circuit_operator.py
[2024-06-04T07:53:27.873+0000] {processor.py:840} INFO - DAG(s) 'example_short_circuit_operator' retrieved from /home/airflow/.local/lib/python3.8/site-packages/airflow/example_dags/example_short_circuit_operator.py
[2024-06-04T07:53:27.898+0000] {logging_mixin.py:188} INFO - [2024-06-04T07:53:27.898+0000] {dag.py:3047} INFO - Sync 1 DAGs
[2024-06-04T07:53:27.930+0000] {logging_mixin.py:188} INFO - [2024-06-04T07:53:27.930+0000] {dag.py:3834} INFO - Setting next_dagrun for example_short_circuit_operator to 2024-06-03 00:00:00+00:00, run_after=2024-06-04 00:00:00+00:00
[2024-06-04T07:53:27.956+0000] {processor.py:183} INFO - Processing /home/airflow/.local/lib/python3.8/site-packages/airflow/example_dags/example_short_circuit_operator.py took 0.096 seconds
[2024-06-04T07:53:59.119+0000] {processor.py:161} INFO - Started process (PID=478) to work on /home/airflow/.local/lib/python3.8/site-packages/airflow/example_dags/example_short_circuit_operator.py
[2024-06-04T07:53:59.120+0000] {processor.py:830} INFO - Processing file /home/airflow/.local/lib/python3.8/site-packages/airflow/example_dags/example_short_circuit_operator.py for tasks to queue
[2024-06-04T07:53:59.122+0000] {logging_mixin.py:188} INFO - [2024-06-04T07:53:59.122+0000] {dagbag.py:540} INFO - Filling up the DagBag from /home/airflow/.local/lib/python3.8/site-packages/airflow/example_dags/example_short_circuit_operator.py
[2024-06-04T07:53:59.130+0000] {processor.py:840} INFO - DAG(s) 'example_short_circuit_operator' retrieved from /home/airflow/.local/lib/python3.8/site-packages/airflow/example_dags/example_short_circuit_operator.py
[2024-06-04T07:53:59.210+0000] {logging_mixin.py:188} INFO - [2024-06-04T07:53:59.210+0000] {dag.py:3047} INFO - Sync 1 DAGs
[2024-06-04T07:53:59.236+0000] {logging_mixin.py:188} INFO - [2024-06-04T07:53:59.236+0000] {dag.py:3834} INFO - Setting next_dagrun for example_short_circuit_operator to 2024-06-03 00:00:00+00:00, run_after=2024-06-04 00:00:00+00:00
[2024-06-04T07:53:59.311+0000] {processor.py:183} INFO - Processing /home/airflow/.local/lib/python3.8/site-packages/airflow/example_dags/example_short_circuit_operator.py took 0.197 seconds
[2024-06-04T07:54:29.413+0000] {processor.py:161} INFO - Started process (PID=536) to work on /home/airflow/.local/lib/python3.8/site-packages/airflow/example_dags/example_short_circuit_operator.py
[2024-06-04T07:54:29.415+0000] {processor.py:830} INFO - Processing file /home/airflow/.local/lib/python3.8/site-packages/airflow/example_dags/example_short_circuit_operator.py for tasks to queue
[2024-06-04T07:54:29.417+0000] {logging_mixin.py:188} INFO - [2024-06-04T07:54:29.416+0000] {dagbag.py:540} INFO - Filling up the DagBag from /home/airflow/.local/lib/python3.8/site-packages/airflow/example_dags/example_short_circuit_operator.py
[2024-06-04T07:54:29.424+0000] {processor.py:840} INFO - DAG(s) 'example_short_circuit_operator' retrieved from /home/airflow/.local/lib/python3.8/site-packages/airflow/example_dags/example_short_circuit_operator.py
[2024-06-04T07:54:29.450+0000] {logging_mixin.py:188} INFO - [2024-06-04T07:54:29.450+0000] {dag.py:3047} INFO - Sync 1 DAGs
[2024-06-04T07:54:29.473+0000] {logging_mixin.py:188} INFO - [2024-06-04T07:54:29.473+0000] {dag.py:3834} INFO - Setting next_dagrun for example_short_circuit_operator to 2024-06-03 00:00:00+00:00, run_after=2024-06-04 00:00:00+00:00
[2024-06-04T07:54:29.493+0000] {processor.py:183} INFO - Processing /home/airflow/.local/lib/python3.8/site-packages/airflow/example_dags/example_short_circuit_operator.py took 0.083 seconds
[2024-06-04T07:54:59.910+0000] {processor.py:161} INFO - Started process (PID=594) to work on /home/airflow/.local/lib/python3.8/site-packages/airflow/example_dags/example_short_circuit_operator.py
[2024-06-04T07:54:59.912+0000] {processor.py:830} INFO - Processing file /home/airflow/.local/lib/python3.8/site-packages/airflow/example_dags/example_short_circuit_operator.py for tasks to queue
[2024-06-04T07:54:59.914+0000] {logging_mixin.py:188} INFO - [2024-06-04T07:54:59.914+0000] {dagbag.py:540} INFO - Filling up the DagBag from /home/airflow/.local/lib/python3.8/site-packages/airflow/example_dags/example_short_circuit_operator.py
[2024-06-04T07:54:59.924+0000] {processor.py:840} INFO - DAG(s) 'example_short_circuit_operator' retrieved from /home/airflow/.local/lib/python3.8/site-packages/airflow/example_dags/example_short_circuit_operator.py
[2024-06-04T07:54:59.951+0000] {logging_mixin.py:188} INFO - [2024-06-04T07:54:59.951+0000] {dag.py:3047} INFO - Sync 1 DAGs
[2024-06-04T07:54:59.973+0000] {logging_mixin.py:188} INFO - [2024-06-04T07:54:59.973+0000] {dag.py:3834} INFO - Setting next_dagrun for example_short_circuit_operator to 2024-06-03 00:00:00+00:00, run_after=2024-06-04 00:00:00+00:00
[2024-06-04T07:54:59.991+0000] {processor.py:183} INFO - Processing /home/airflow/.local/lib/python3.8/site-packages/airflow/example_dags/example_short_circuit_operator.py took 0.085 seconds
[2024-06-04T07:55:30.095+0000] {processor.py:161} INFO - Started process (PID=652) to work on /home/airflow/.local/lib/python3.8/site-packages/airflow/example_dags/example_short_circuit_operator.py
[2024-06-04T07:55:30.096+0000] {processor.py:830} INFO - Processing file /home/airflow/.local/lib/python3.8/site-packages/airflow/example_dags/example_short_circuit_operator.py for tasks to queue
[2024-06-04T07:55:30.098+0000] {logging_mixin.py:188} INFO - [2024-06-04T07:55:30.098+0000] {dagbag.py:540} INFO - Filling up the DagBag from /home/airflow/.local/lib/python3.8/site-packages/airflow/example_dags/example_short_circuit_operator.py
[2024-06-04T07:55:30.106+0000] {processor.py:840} INFO - DAG(s) 'example_short_circuit_operator' retrieved from /home/airflow/.local/lib/python3.8/site-packages/airflow/example_dags/example_short_circuit_operator.py
[2024-06-04T07:55:30.132+0000] {logging_mixin.py:188} INFO - [2024-06-04T07:55:30.132+0000] {dag.py:3047} INFO - Sync 1 DAGs
[2024-06-04T07:55:30.154+0000] {logging_mixin.py:188} INFO - [2024-06-04T07:55:30.153+0000] {dag.py:3834} INFO - Setting next_dagrun for example_short_circuit_operator to 2024-06-03 00:00:00+00:00, run_after=2024-06-04 00:00:00+00:00
[2024-06-04T07:55:30.172+0000] {processor.py:183} INFO - Processing /home/airflow/.local/lib/python3.8/site-packages/airflow/example_dags/example_short_circuit_operator.py took 0.081 seconds
[2024-06-04T07:56:00.881+0000] {processor.py:161} INFO - Started process (PID=710) to work on /home/airflow/.local/lib/python3.8/site-packages/airflow/example_dags/example_short_circuit_operator.py
[2024-06-04T07:56:00.882+0000] {processor.py:830} INFO - Processing file /home/airflow/.local/lib/python3.8/site-packages/airflow/example_dags/example_short_circuit_operator.py for tasks to queue
[2024-06-04T07:56:00.884+0000] {logging_mixin.py:188} INFO - [2024-06-04T07:56:00.883+0000] {dagbag.py:540} INFO - Filling up the DagBag from /home/airflow/.local/lib/python3.8/site-packages/airflow/example_dags/example_short_circuit_operator.py
[2024-06-04T07:56:00.891+0000] {processor.py:840} INFO - DAG(s) 'example_short_circuit_operator' retrieved from /home/airflow/.local/lib/python3.8/site-packages/airflow/example_dags/example_short_circuit_operator.py
[2024-06-04T07:56:00.920+0000] {logging_mixin.py:188} INFO - [2024-06-04T07:56:00.919+0000] {dag.py:3047} INFO - Sync 1 DAGs
[2024-06-04T07:56:00.944+0000] {logging_mixin.py:188} INFO - [2024-06-04T07:56:00.943+0000] {dag.py:3834} INFO - Setting next_dagrun for example_short_circuit_operator to 2024-06-03 00:00:00+00:00, run_after=2024-06-04 00:00:00+00:00
[2024-06-04T07:56:00.963+0000] {processor.py:183} INFO - Processing /home/airflow/.local/lib/python3.8/site-packages/airflow/example_dags/example_short_circuit_operator.py took 0.086 seconds
[2024-06-04T07:56:31.619+0000] {processor.py:161} INFO - Started process (PID=768) to work on /home/airflow/.local/lib/python3.8/site-packages/airflow/example_dags/example_short_circuit_operator.py
[2024-06-04T07:56:31.620+0000] {processor.py:830} INFO - Processing file /home/airflow/.local/lib/python3.8/site-packages/airflow/example_dags/example_short_circuit_operator.py for tasks to queue
[2024-06-04T07:56:31.622+0000] {logging_mixin.py:188} INFO - [2024-06-04T07:56:31.622+0000] {dagbag.py:540} INFO - Filling up the DagBag from /home/airflow/.local/lib/python3.8/site-packages/airflow/example_dags/example_short_circuit_operator.py
[2024-06-04T07:56:31.630+0000] {processor.py:840} INFO - DAG(s) 'example_short_circuit_operator' retrieved from /home/airflow/.local/lib/python3.8/site-packages/airflow/example_dags/example_short_circuit_operator.py
[2024-06-04T07:56:31.662+0000] {logging_mixin.py:188} INFO - [2024-06-04T07:56:31.662+0000] {dag.py:3047} INFO - Sync 1 DAGs
[2024-06-04T07:56:31.685+0000] {logging_mixin.py:188} INFO - [2024-06-04T07:56:31.685+0000] {dag.py:3834} INFO - Setting next_dagrun for example_short_circuit_operator to 2024-06-03 00:00:00+00:00, run_after=2024-06-04 00:00:00+00:00
[2024-06-04T07:56:31.701+0000] {processor.py:183} INFO - Processing /home/airflow/.local/lib/python3.8/site-packages/airflow/example_dags/example_short_circuit_operator.py took 0.086 seconds
[2024-06-04T07:57:02.098+0000] {processor.py:161} INFO - Started process (PID=826) to work on /home/airflow/.local/lib/python3.8/site-packages/airflow/example_dags/example_short_circuit_operator.py
[2024-06-04T07:57:02.099+0000] {processor.py:830} INFO - Processing file /home/airflow/.local/lib/python3.8/site-packages/airflow/example_dags/example_short_circuit_operator.py for tasks to queue
[2024-06-04T07:57:02.101+0000] {logging_mixin.py:188} INFO - [2024-06-04T07:57:02.101+0000] {dagbag.py:540} INFO - Filling up the DagBag from /home/airflow/.local/lib/python3.8/site-packages/airflow/example_dags/example_short_circuit_operator.py
[2024-06-04T07:57:02.109+0000] {processor.py:840} INFO - DAG(s) 'example_short_circuit_operator' retrieved from /home/airflow/.local/lib/python3.8/site-packages/airflow/example_dags/example_short_circuit_operator.py
[2024-06-04T07:57:02.136+0000] {logging_mixin.py:188} INFO - [2024-06-04T07:57:02.136+0000] {dag.py:3047} INFO - Sync 1 DAGs
[2024-06-04T07:57:02.159+0000] {logging_mixin.py:188} INFO - [2024-06-04T07:57:02.158+0000] {dag.py:3834} INFO - Setting next_dagrun for example_short_circuit_operator to 2024-06-03 00:00:00+00:00, run_after=2024-06-04 00:00:00+00:00
[2024-06-04T07:57:02.180+0000] {processor.py:183} INFO - Processing /home/airflow/.local/lib/python3.8/site-packages/airflow/example_dags/example_short_circuit_operator.py took 0.086 seconds
[2024-06-04T07:57:32.639+0000] {processor.py:161} INFO - Started process (PID=884) to work on /home/airflow/.local/lib/python3.8/site-packages/airflow/example_dags/example_short_circuit_operator.py
[2024-06-04T07:57:32.640+0000] {processor.py:830} INFO - Processing file /home/airflow/.local/lib/python3.8/site-packages/airflow/example_dags/example_short_circuit_operator.py for tasks to queue
[2024-06-04T07:57:32.642+0000] {logging_mixin.py:188} INFO - [2024-06-04T07:57:32.642+0000] {dagbag.py:540} INFO - Filling up the DagBag from /home/airflow/.local/lib/python3.8/site-packages/airflow/example_dags/example_short_circuit_operator.py
[2024-06-04T07:57:32.650+0000] {processor.py:840} INFO - DAG(s) 'example_short_circuit_operator' retrieved from /home/airflow/.local/lib/python3.8/site-packages/airflow/example_dags/example_short_circuit_operator.py
[2024-06-04T07:57:32.678+0000] {logging_mixin.py:188} INFO - [2024-06-04T07:57:32.678+0000] {dag.py:3047} INFO - Sync 1 DAGs
[2024-06-04T07:57:32.701+0000] {logging_mixin.py:188} INFO - [2024-06-04T07:57:32.701+0000] {dag.py:3834} INFO - Setting next_dagrun for example_short_circuit_operator to 2024-06-03 00:00:00+00:00, run_after=2024-06-04 00:00:00+00:00
[2024-06-04T07:57:32.720+0000] {processor.py:183} INFO - Processing /home/airflow/.local/lib/python3.8/site-packages/airflow/example_dags/example_short_circuit_operator.py took 0.086 seconds
[2024-06-04T07:58:03.139+0000] {processor.py:161} INFO - Started process (PID=942) to work on /home/airflow/.local/lib/python3.8/site-packages/airflow/example_dags/example_short_circuit_operator.py
[2024-06-04T07:58:03.140+0000] {processor.py:830} INFO - Processing file /home/airflow/.local/lib/python3.8/site-packages/airflow/example_dags/example_short_circuit_operator.py for tasks to queue
[2024-06-04T07:58:03.142+0000] {logging_mixin.py:188} INFO - [2024-06-04T07:58:03.141+0000] {dagbag.py:540} INFO - Filling up the DagBag from /home/airflow/.local/lib/python3.8/site-packages/airflow/example_dags/example_short_circuit_operator.py
[2024-06-04T07:58:03.150+0000] {processor.py:840} INFO - DAG(s) 'example_short_circuit_operator' retrieved from /home/airflow/.local/lib/python3.8/site-packages/airflow/example_dags/example_short_circuit_operator.py
[2024-06-04T07:58:03.175+0000] {logging_mixin.py:188} INFO - [2024-06-04T07:58:03.175+0000] {dag.py:3047} INFO - Sync 1 DAGs
[2024-06-04T07:58:03.197+0000] {logging_mixin.py:188} INFO - [2024-06-04T07:58:03.197+0000] {dag.py:3834} INFO - Setting next_dagrun for example_short_circuit_operator to 2024-06-03 00:00:00+00:00, run_after=2024-06-04 00:00:00+00:00
[2024-06-04T07:58:03.216+0000] {processor.py:183} INFO - Processing /home/airflow/.local/lib/python3.8/site-packages/airflow/example_dags/example_short_circuit_operator.py took 0.081 seconds
[2024-06-04T07:58:33.589+0000] {processor.py:161} INFO - Started process (PID=1000) to work on /home/airflow/.local/lib/python3.8/site-packages/airflow/example_dags/example_short_circuit_operator.py
[2024-06-04T07:58:33.591+0000] {processor.py:830} INFO - Processing file /home/airflow/.local/lib/python3.8/site-packages/airflow/example_dags/example_short_circuit_operator.py for tasks to queue
[2024-06-04T07:58:33.592+0000] {logging_mixin.py:188} INFO - [2024-06-04T07:58:33.592+0000] {dagbag.py:540} INFO - Filling up the DagBag from /home/airflow/.local/lib/python3.8/site-packages/airflow/example_dags/example_short_circuit_operator.py
[2024-06-04T07:58:33.600+0000] {processor.py:840} INFO - DAG(s) 'example_short_circuit_operator' retrieved from /home/airflow/.local/lib/python3.8/site-packages/airflow/example_dags/example_short_circuit_operator.py
[2024-06-04T07:58:33.625+0000] {logging_mixin.py:188} INFO - [2024-06-04T07:58:33.625+0000] {dag.py:3047} INFO - Sync 1 DAGs
[2024-06-04T07:58:33.649+0000] {logging_mixin.py:188} INFO - [2024-06-04T07:58:33.648+0000] {dag.py:3834} INFO - Setting next_dagrun for example_short_circuit_operator to 2024-06-03 00:00:00+00:00, run_after=2024-06-04 00:00:00+00:00
[2024-06-04T07:58:33.668+0000] {processor.py:183} INFO - Processing /home/airflow/.local/lib/python3.8/site-packages/airflow/example_dags/example_short_circuit_operator.py took 0.082 seconds
[2024-06-04T07:59:04.551+0000] {processor.py:161} INFO - Started process (PID=1065) to work on /home/airflow/.local/lib/python3.8/site-packages/airflow/example_dags/example_short_circuit_operator.py
[2024-06-04T07:59:04.553+0000] {processor.py:830} INFO - Processing file /home/airflow/.local/lib/python3.8/site-packages/airflow/example_dags/example_short_circuit_operator.py for tasks to queue
[2024-06-04T07:59:04.554+0000] {logging_mixin.py:188} INFO - [2024-06-04T07:59:04.554+0000] {dagbag.py:540} INFO - Filling up the DagBag from /home/airflow/.local/lib/python3.8/site-packages/airflow/example_dags/example_short_circuit_operator.py
[2024-06-04T07:59:04.562+0000] {processor.py:840} INFO - DAG(s) 'example_short_circuit_operator' retrieved from /home/airflow/.local/lib/python3.8/site-packages/airflow/example_dags/example_short_circuit_operator.py
[2024-06-04T07:59:04.627+0000] {logging_mixin.py:188} INFO - [2024-06-04T07:59:04.627+0000] {dag.py:3047} INFO - Sync 1 DAGs
[2024-06-04T07:59:04.653+0000] {logging_mixin.py:188} INFO - [2024-06-04T07:59:04.653+0000] {dag.py:3834} INFO - Setting next_dagrun for example_short_circuit_operator to 2024-06-03 00:00:00+00:00, run_after=2024-06-04 00:00:00+00:00
[2024-06-04T07:59:04.705+0000] {processor.py:183} INFO - Processing /home/airflow/.local/lib/python3.8/site-packages/airflow/example_dags/example_short_circuit_operator.py took 0.157 seconds
[2024-06-04T07:59:35.029+0000] {processor.py:161} INFO - Started process (PID=1123) to work on /home/airflow/.local/lib/python3.8/site-packages/airflow/example_dags/example_short_circuit_operator.py
[2024-06-04T07:59:35.030+0000] {processor.py:830} INFO - Processing file /home/airflow/.local/lib/python3.8/site-packages/airflow/example_dags/example_short_circuit_operator.py for tasks to queue
[2024-06-04T07:59:35.032+0000] {logging_mixin.py:188} INFO - [2024-06-04T07:59:35.032+0000] {dagbag.py:540} INFO - Filling up the DagBag from /home/airflow/.local/lib/python3.8/site-packages/airflow/example_dags/example_short_circuit_operator.py
[2024-06-04T07:59:35.040+0000] {processor.py:840} INFO - DAG(s) 'example_short_circuit_operator' retrieved from /home/airflow/.local/lib/python3.8/site-packages/airflow/example_dags/example_short_circuit_operator.py
[2024-06-04T07:59:35.072+0000] {logging_mixin.py:188} INFO - [2024-06-04T07:59:35.072+0000] {dag.py:3047} INFO - Sync 1 DAGs
[2024-06-04T07:59:35.105+0000] {logging_mixin.py:188} INFO - [2024-06-04T07:59:35.104+0000] {dag.py:3834} INFO - Setting next_dagrun for example_short_circuit_operator to 2024-06-03 00:00:00+00:00, run_after=2024-06-04 00:00:00+00:00
[2024-06-04T07:59:35.126+0000] {processor.py:183} INFO - Processing /home/airflow/.local/lib/python3.8/site-packages/airflow/example_dags/example_short_circuit_operator.py took 0.102 seconds
[2024-06-04T08:00:06.117+0000] {processor.py:161} INFO - Started process (PID=1181) to work on /home/airflow/.local/lib/python3.8/site-packages/airflow/example_dags/example_short_circuit_operator.py
[2024-06-04T08:00:06.118+0000] {processor.py:830} INFO - Processing file /home/airflow/.local/lib/python3.8/site-packages/airflow/example_dags/example_short_circuit_operator.py for tasks to queue
[2024-06-04T08:00:06.120+0000] {logging_mixin.py:188} INFO - [2024-06-04T08:00:06.119+0000] {dagbag.py:540} INFO - Filling up the DagBag from /home/airflow/.local/lib/python3.8/site-packages/airflow/example_dags/example_short_circuit_operator.py
[2024-06-04T08:00:06.127+0000] {processor.py:840} INFO - DAG(s) 'example_short_circuit_operator' retrieved from /home/airflow/.local/lib/python3.8/site-packages/airflow/example_dags/example_short_circuit_operator.py
[2024-06-04T08:00:06.155+0000] {logging_mixin.py:188} INFO - [2024-06-04T08:00:06.154+0000] {dag.py:3047} INFO - Sync 1 DAGs
[2024-06-04T08:00:06.216+0000] {logging_mixin.py:188} INFO - [2024-06-04T08:00:06.215+0000] {dag.py:3834} INFO - Setting next_dagrun for example_short_circuit_operator to 2024-06-03 00:00:00+00:00, run_after=2024-06-04 00:00:00+00:00
[2024-06-04T08:00:06.235+0000] {processor.py:183} INFO - Processing /home/airflow/.local/lib/python3.8/site-packages/airflow/example_dags/example_short_circuit_operator.py took 0.122 seconds
[2024-06-04T08:00:36.622+0000] {processor.py:161} INFO - Started process (PID=1239) to work on /home/airflow/.local/lib/python3.8/site-packages/airflow/example_dags/example_short_circuit_operator.py
[2024-06-04T08:00:36.623+0000] {processor.py:830} INFO - Processing file /home/airflow/.local/lib/python3.8/site-packages/airflow/example_dags/example_short_circuit_operator.py for tasks to queue
[2024-06-04T08:00:36.625+0000] {logging_mixin.py:188} INFO - [2024-06-04T08:00:36.625+0000] {dagbag.py:540} INFO - Filling up the DagBag from /home/airflow/.local/lib/python3.8/site-packages/airflow/example_dags/example_short_circuit_operator.py
[2024-06-04T08:00:36.634+0000] {processor.py:840} INFO - DAG(s) 'example_short_circuit_operator' retrieved from /home/airflow/.local/lib/python3.8/site-packages/airflow/example_dags/example_short_circuit_operator.py
[2024-06-04T08:00:36.715+0000] {logging_mixin.py:188} INFO - [2024-06-04T08:00:36.714+0000] {dag.py:3047} INFO - Sync 1 DAGs
[2024-06-04T08:00:36.741+0000] {logging_mixin.py:188} INFO - [2024-06-04T08:00:36.741+0000] {dag.py:3834} INFO - Setting next_dagrun for example_short_circuit_operator to 2024-06-03 00:00:00+00:00, run_after=2024-06-04 00:00:00+00:00
[2024-06-04T08:00:36.814+0000] {processor.py:183} INFO - Processing /home/airflow/.local/lib/python3.8/site-packages/airflow/example_dags/example_short_circuit_operator.py took 0.196 seconds
[2024-06-04T08:01:07.293+0000] {processor.py:161} INFO - Started process (PID=1297) to work on /home/airflow/.local/lib/python3.8/site-packages/airflow/example_dags/example_short_circuit_operator.py
[2024-06-04T08:01:07.294+0000] {processor.py:830} INFO - Processing file /home/airflow/.local/lib/python3.8/site-packages/airflow/example_dags/example_short_circuit_operator.py for tasks to queue
[2024-06-04T08:01:07.296+0000] {logging_mixin.py:188} INFO - [2024-06-04T08:01:07.295+0000] {dagbag.py:540} INFO - Filling up the DagBag from /home/airflow/.local/lib/python3.8/site-packages/airflow/example_dags/example_short_circuit_operator.py
[2024-06-04T08:01:07.304+0000] {processor.py:840} INFO - DAG(s) 'example_short_circuit_operator' retrieved from /home/airflow/.local/lib/python3.8/site-packages/airflow/example_dags/example_short_circuit_operator.py
[2024-06-04T08:01:07.330+0000] {logging_mixin.py:188} INFO - [2024-06-04T08:01:07.329+0000] {dag.py:3047} INFO - Sync 1 DAGs
[2024-06-04T08:01:07.353+0000] {logging_mixin.py:188} INFO - [2024-06-04T08:01:07.353+0000] {dag.py:3834} INFO - Setting next_dagrun for example_short_circuit_operator to 2024-06-03 00:00:00+00:00, run_after=2024-06-04 00:00:00+00:00
[2024-06-04T08:01:07.374+0000] {processor.py:183} INFO - Processing /home/airflow/.local/lib/python3.8/site-packages/airflow/example_dags/example_short_circuit_operator.py took 0.085 seconds
[2024-06-04T08:01:37.866+0000] {processor.py:161} INFO - Started process (PID=1355) to work on /home/airflow/.local/lib/python3.8/site-packages/airflow/example_dags/example_short_circuit_operator.py
[2024-06-04T08:01:37.868+0000] {processor.py:830} INFO - Processing file /home/airflow/.local/lib/python3.8/site-packages/airflow/example_dags/example_short_circuit_operator.py for tasks to queue
[2024-06-04T08:01:37.870+0000] {logging_mixin.py:188} INFO - [2024-06-04T08:01:37.869+0000] {dagbag.py:540} INFO - Filling up the DagBag from /home/airflow/.local/lib/python3.8/site-packages/airflow/example_dags/example_short_circuit_operator.py
[2024-06-04T08:01:37.879+0000] {processor.py:840} INFO - DAG(s) 'example_short_circuit_operator' retrieved from /home/airflow/.local/lib/python3.8/site-packages/airflow/example_dags/example_short_circuit_operator.py
[2024-06-04T08:01:37.911+0000] {logging_mixin.py:188} INFO - [2024-06-04T08:01:37.910+0000] {dag.py:3047} INFO - Sync 1 DAGs
[2024-06-04T08:01:37.939+0000] {logging_mixin.py:188} INFO - [2024-06-04T08:01:37.938+0000] {dag.py:3834} INFO - Setting next_dagrun for example_short_circuit_operator to 2024-06-03 00:00:00+00:00, run_after=2024-06-04 00:00:00+00:00
[2024-06-04T08:01:37.964+0000] {processor.py:183} INFO - Processing /home/airflow/.local/lib/python3.8/site-packages/airflow/example_dags/example_short_circuit_operator.py took 0.102 seconds
[2024-06-04T08:02:08.036+0000] {processor.py:161} INFO - Started process (PID=1413) to work on /home/airflow/.local/lib/python3.8/site-packages/airflow/example_dags/example_short_circuit_operator.py
[2024-06-04T08:02:08.038+0000] {processor.py:830} INFO - Processing file /home/airflow/.local/lib/python3.8/site-packages/airflow/example_dags/example_short_circuit_operator.py for tasks to queue
[2024-06-04T08:02:08.040+0000] {logging_mixin.py:188} INFO - [2024-06-04T08:02:08.039+0000] {dagbag.py:540} INFO - Filling up the DagBag from /home/airflow/.local/lib/python3.8/site-packages/airflow/example_dags/example_short_circuit_operator.py
[2024-06-04T08:02:08.048+0000] {processor.py:840} INFO - DAG(s) 'example_short_circuit_operator' retrieved from /home/airflow/.local/lib/python3.8/site-packages/airflow/example_dags/example_short_circuit_operator.py
[2024-06-04T08:02:08.076+0000] {logging_mixin.py:188} INFO - [2024-06-04T08:02:08.076+0000] {dag.py:3047} INFO - Sync 1 DAGs
[2024-06-04T08:02:08.100+0000] {logging_mixin.py:188} INFO - [2024-06-04T08:02:08.099+0000] {dag.py:3834} INFO - Setting next_dagrun for example_short_circuit_operator to 2024-06-03 00:00:00+00:00, run_after=2024-06-04 00:00:00+00:00
[2024-06-04T08:02:08.120+0000] {processor.py:183} INFO - Processing /home/airflow/.local/lib/python3.8/site-packages/airflow/example_dags/example_short_circuit_operator.py took 0.087 seconds
[2024-06-04T08:02:39.177+0000] {processor.py:161} INFO - Started process (PID=1471) to work on /home/airflow/.local/lib/python3.8/site-packages/airflow/example_dags/example_short_circuit_operator.py
[2024-06-04T08:02:39.178+0000] {processor.py:830} INFO - Processing file /home/airflow/.local/lib/python3.8/site-packages/airflow/example_dags/example_short_circuit_operator.py for tasks to queue
[2024-06-04T08:02:39.179+0000] {logging_mixin.py:188} INFO - [2024-06-04T08:02:39.179+0000] {dagbag.py:540} INFO - Filling up the DagBag from /home/airflow/.local/lib/python3.8/site-packages/airflow/example_dags/example_short_circuit_operator.py
[2024-06-04T08:02:39.187+0000] {processor.py:840} INFO - DAG(s) 'example_short_circuit_operator' retrieved from /home/airflow/.local/lib/python3.8/site-packages/airflow/example_dags/example_short_circuit_operator.py
[2024-06-04T08:02:39.210+0000] {logging_mixin.py:188} INFO - [2024-06-04T08:02:39.210+0000] {dag.py:3047} INFO - Sync 1 DAGs
[2024-06-04T08:02:39.235+0000] {logging_mixin.py:188} INFO - [2024-06-04T08:02:39.234+0000] {dag.py:3834} INFO - Setting next_dagrun for example_short_circuit_operator to 2024-06-03 00:00:00+00:00, run_after=2024-06-04 00:00:00+00:00
[2024-06-04T08:02:39.254+0000] {processor.py:183} INFO - Processing /home/airflow/.local/lib/python3.8/site-packages/airflow/example_dags/example_short_circuit_operator.py took 0.081 seconds
[2024-06-04T08:03:09.556+0000] {processor.py:161} INFO - Started process (PID=1529) to work on /home/airflow/.local/lib/python3.8/site-packages/airflow/example_dags/example_short_circuit_operator.py
[2024-06-04T08:03:09.557+0000] {processor.py:830} INFO - Processing file /home/airflow/.local/lib/python3.8/site-packages/airflow/example_dags/example_short_circuit_operator.py for tasks to queue
[2024-06-04T08:03:09.560+0000] {logging_mixin.py:188} INFO - [2024-06-04T08:03:09.559+0000] {dagbag.py:540} INFO - Filling up the DagBag from /home/airflow/.local/lib/python3.8/site-packages/airflow/example_dags/example_short_circuit_operator.py
[2024-06-04T08:03:09.569+0000] {processor.py:840} INFO - DAG(s) 'example_short_circuit_operator' retrieved from /home/airflow/.local/lib/python3.8/site-packages/airflow/example_dags/example_short_circuit_operator.py
[2024-06-04T08:03:09.601+0000] {logging_mixin.py:188} INFO - [2024-06-04T08:03:09.601+0000] {dag.py:3047} INFO - Sync 1 DAGs
[2024-06-04T08:03:09.629+0000] {logging_mixin.py:188} INFO - [2024-06-04T08:03:09.628+0000] {dag.py:3834} INFO - Setting next_dagrun for example_short_circuit_operator to 2024-06-03 00:00:00+00:00, run_after=2024-06-04 00:00:00+00:00
[2024-06-04T08:03:09.651+0000] {processor.py:183} INFO - Processing /home/airflow/.local/lib/python3.8/site-packages/airflow/example_dags/example_short_circuit_operator.py took 0.099 seconds
[2024-06-04T08:03:40.128+0000] {processor.py:161} INFO - Started process (PID=1587) to work on /home/airflow/.local/lib/python3.8/site-packages/airflow/example_dags/example_short_circuit_operator.py
[2024-06-04T08:03:40.130+0000] {processor.py:830} INFO - Processing file /home/airflow/.local/lib/python3.8/site-packages/airflow/example_dags/example_short_circuit_operator.py for tasks to queue
[2024-06-04T08:03:40.132+0000] {logging_mixin.py:188} INFO - [2024-06-04T08:03:40.131+0000] {dagbag.py:540} INFO - Filling up the DagBag from /home/airflow/.local/lib/python3.8/site-packages/airflow/example_dags/example_short_circuit_operator.py
[2024-06-04T08:03:40.140+0000] {processor.py:840} INFO - DAG(s) 'example_short_circuit_operator' retrieved from /home/airflow/.local/lib/python3.8/site-packages/airflow/example_dags/example_short_circuit_operator.py
[2024-06-04T08:03:40.174+0000] {logging_mixin.py:188} INFO - [2024-06-04T08:03:40.173+0000] {dag.py:3047} INFO - Sync 1 DAGs
[2024-06-04T08:03:40.195+0000] {logging_mixin.py:188} INFO - [2024-06-04T08:03:40.195+0000] {dag.py:3834} INFO - Setting next_dagrun for example_short_circuit_operator to 2024-06-03 00:00:00+00:00, run_after=2024-06-04 00:00:00+00:00
[2024-06-04T08:03:40.212+0000] {processor.py:183} INFO - Processing /home/airflow/.local/lib/python3.8/site-packages/airflow/example_dags/example_short_circuit_operator.py took 0.088 seconds
[2024-06-04T08:04:10.873+0000] {processor.py:161} INFO - Started process (PID=1645) to work on /home/airflow/.local/lib/python3.8/site-packages/airflow/example_dags/example_short_circuit_operator.py
[2024-06-04T08:04:10.874+0000] {processor.py:830} INFO - Processing file /home/airflow/.local/lib/python3.8/site-packages/airflow/example_dags/example_short_circuit_operator.py for tasks to queue
[2024-06-04T08:04:10.876+0000] {logging_mixin.py:188} INFO - [2024-06-04T08:04:10.876+0000] {dagbag.py:540} INFO - Filling up the DagBag from /home/airflow/.local/lib/python3.8/site-packages/airflow/example_dags/example_short_circuit_operator.py
[2024-06-04T08:04:10.884+0000] {processor.py:840} INFO - DAG(s) 'example_short_circuit_operator' retrieved from /home/airflow/.local/lib/python3.8/site-packages/airflow/example_dags/example_short_circuit_operator.py
[2024-06-04T08:04:10.913+0000] {logging_mixin.py:188} INFO - [2024-06-04T08:04:10.913+0000] {dag.py:3047} INFO - Sync 1 DAGs
[2024-06-04T08:04:10.938+0000] {logging_mixin.py:188} INFO - [2024-06-04T08:04:10.938+0000] {dag.py:3834} INFO - Setting next_dagrun for example_short_circuit_operator to 2024-06-03 00:00:00+00:00, run_after=2024-06-04 00:00:00+00:00
[2024-06-04T08:04:10.958+0000] {processor.py:183} INFO - Processing /home/airflow/.local/lib/python3.8/site-packages/airflow/example_dags/example_short_circuit_operator.py took 0.088 seconds
[2024-06-04T08:04:41.274+0000] {processor.py:161} INFO - Started process (PID=1702) to work on /home/airflow/.local/lib/python3.8/site-packages/airflow/example_dags/example_short_circuit_operator.py
[2024-06-04T08:04:41.275+0000] {processor.py:830} INFO - Processing file /home/airflow/.local/lib/python3.8/site-packages/airflow/example_dags/example_short_circuit_operator.py for tasks to queue
[2024-06-04T08:04:41.277+0000] {logging_mixin.py:188} INFO - [2024-06-04T08:04:41.277+0000] {dagbag.py:540} INFO - Filling up the DagBag from /home/airflow/.local/lib/python3.8/site-packages/airflow/example_dags/example_short_circuit_operator.py
[2024-06-04T08:04:41.286+0000] {processor.py:840} INFO - DAG(s) 'example_short_circuit_operator' retrieved from /home/airflow/.local/lib/python3.8/site-packages/airflow/example_dags/example_short_circuit_operator.py
[2024-06-04T08:04:41.314+0000] {logging_mixin.py:188} INFO - [2024-06-04T08:04:41.314+0000] {dag.py:3047} INFO - Sync 1 DAGs
[2024-06-04T08:04:41.342+0000] {logging_mixin.py:188} INFO - [2024-06-04T08:04:41.342+0000] {dag.py:3834} INFO - Setting next_dagrun for example_short_circuit_operator to 2024-06-03 00:00:00+00:00, run_after=2024-06-04 00:00:00+00:00
[2024-06-04T08:04:41.366+0000] {processor.py:183} INFO - Processing /home/airflow/.local/lib/python3.8/site-packages/airflow/example_dags/example_short_circuit_operator.py took 0.096 seconds
[2024-06-04T08:05:11.903+0000] {processor.py:161} INFO - Started process (PID=1760) to work on /home/airflow/.local/lib/python3.8/site-packages/airflow/example_dags/example_short_circuit_operator.py
[2024-06-04T08:05:11.904+0000] {processor.py:830} INFO - Processing file /home/airflow/.local/lib/python3.8/site-packages/airflow/example_dags/example_short_circuit_operator.py for tasks to queue
[2024-06-04T08:05:11.906+0000] {logging_mixin.py:188} INFO - [2024-06-04T08:05:11.906+0000] {dagbag.py:540} INFO - Filling up the DagBag from /home/airflow/.local/lib/python3.8/site-packages/airflow/example_dags/example_short_circuit_operator.py
[2024-06-04T08:05:11.915+0000] {processor.py:840} INFO - DAG(s) 'example_short_circuit_operator' retrieved from /home/airflow/.local/lib/python3.8/site-packages/airflow/example_dags/example_short_circuit_operator.py
[2024-06-04T08:05:11.947+0000] {logging_mixin.py:188} INFO - [2024-06-04T08:05:11.947+0000] {dag.py:3047} INFO - Sync 1 DAGs
[2024-06-04T08:05:11.977+0000] {logging_mixin.py:188} INFO - [2024-06-04T08:05:11.977+0000] {dag.py:3834} INFO - Setting next_dagrun for example_short_circuit_operator to 2024-06-03 00:00:00+00:00, run_after=2024-06-04 00:00:00+00:00
[2024-06-04T08:05:12.187+0000] {processor.py:183} INFO - Processing /home/airflow/.local/lib/python3.8/site-packages/airflow/example_dags/example_short_circuit_operator.py took 0.290 seconds
[2024-06-04T08:05:42.902+0000] {processor.py:161} INFO - Started process (PID=1818) to work on /home/airflow/.local/lib/python3.8/site-packages/airflow/example_dags/example_short_circuit_operator.py
[2024-06-04T08:05:42.906+0000] {processor.py:830} INFO - Processing file /home/airflow/.local/lib/python3.8/site-packages/airflow/example_dags/example_short_circuit_operator.py for tasks to queue
[2024-06-04T08:05:42.909+0000] {logging_mixin.py:188} INFO - [2024-06-04T08:05:42.909+0000] {dagbag.py:540} INFO - Filling up the DagBag from /home/airflow/.local/lib/python3.8/site-packages/airflow/example_dags/example_short_circuit_operator.py
[2024-06-04T08:05:42.920+0000] {processor.py:840} INFO - DAG(s) 'example_short_circuit_operator' retrieved from /home/airflow/.local/lib/python3.8/site-packages/airflow/example_dags/example_short_circuit_operator.py
[2024-06-04T08:05:42.951+0000] {logging_mixin.py:188} INFO - [2024-06-04T08:05:42.951+0000] {dag.py:3047} INFO - Sync 1 DAGs
[2024-06-04T08:05:42.979+0000] {logging_mixin.py:188} INFO - [2024-06-04T08:05:42.979+0000] {dag.py:3834} INFO - Setting next_dagrun for example_short_circuit_operator to 2024-06-03 00:00:00+00:00, run_after=2024-06-04 00:00:00+00:00
[2024-06-04T08:05:43.001+0000] {processor.py:183} INFO - Processing /home/airflow/.local/lib/python3.8/site-packages/airflow/example_dags/example_short_circuit_operator.py took 0.104 seconds
[2024-06-04T08:06:13.869+0000] {processor.py:161} INFO - Started process (PID=1876) to work on /home/airflow/.local/lib/python3.8/site-packages/airflow/example_dags/example_short_circuit_operator.py
[2024-06-04T08:06:13.870+0000] {processor.py:830} INFO - Processing file /home/airflow/.local/lib/python3.8/site-packages/airflow/example_dags/example_short_circuit_operator.py for tasks to queue
[2024-06-04T08:06:13.872+0000] {logging_mixin.py:188} INFO - [2024-06-04T08:06:13.871+0000] {dagbag.py:540} INFO - Filling up the DagBag from /home/airflow/.local/lib/python3.8/site-packages/airflow/example_dags/example_short_circuit_operator.py
[2024-06-04T08:06:13.879+0000] {processor.py:840} INFO - DAG(s) 'example_short_circuit_operator' retrieved from /home/airflow/.local/lib/python3.8/site-packages/airflow/example_dags/example_short_circuit_operator.py
[2024-06-04T08:06:13.902+0000] {logging_mixin.py:188} INFO - [2024-06-04T08:06:13.902+0000] {dag.py:3047} INFO - Sync 1 DAGs
[2024-06-04T08:06:13.935+0000] {logging_mixin.py:188} INFO - [2024-06-04T08:06:13.934+0000] {dag.py:3834} INFO - Setting next_dagrun for example_short_circuit_operator to 2024-06-03 00:00:00+00:00, run_after=2024-06-04 00:00:00+00:00
[2024-06-04T08:06:13.962+0000] {processor.py:183} INFO - Processing /home/airflow/.local/lib/python3.8/site-packages/airflow/example_dags/example_short_circuit_operator.py took 0.096 seconds
[2024-06-04T08:06:44.512+0000] {processor.py:161} INFO - Started process (PID=1934) to work on /home/airflow/.local/lib/python3.8/site-packages/airflow/example_dags/example_short_circuit_operator.py
[2024-06-04T08:06:44.514+0000] {processor.py:830} INFO - Processing file /home/airflow/.local/lib/python3.8/site-packages/airflow/example_dags/example_short_circuit_operator.py for tasks to queue
[2024-06-04T08:06:44.516+0000] {logging_mixin.py:188} INFO - [2024-06-04T08:06:44.516+0000] {dagbag.py:540} INFO - Filling up the DagBag from /home/airflow/.local/lib/python3.8/site-packages/airflow/example_dags/example_short_circuit_operator.py
[2024-06-04T08:06:44.527+0000] {processor.py:840} INFO - DAG(s) 'example_short_circuit_operator' retrieved from /home/airflow/.local/lib/python3.8/site-packages/airflow/example_dags/example_short_circuit_operator.py
[2024-06-04T08:06:44.562+0000] {logging_mixin.py:188} INFO - [2024-06-04T08:06:44.562+0000] {dag.py:3047} INFO - Sync 1 DAGs
[2024-06-04T08:06:44.591+0000] {logging_mixin.py:188} INFO - [2024-06-04T08:06:44.590+0000] {dag.py:3834} INFO - Setting next_dagrun for example_short_circuit_operator to 2024-06-03 00:00:00+00:00, run_after=2024-06-04 00:00:00+00:00
[2024-06-04T08:06:44.621+0000] {processor.py:183} INFO - Processing /home/airflow/.local/lib/python3.8/site-packages/airflow/example_dags/example_short_circuit_operator.py took 0.115 seconds
[2024-06-04T08:07:15.095+0000] {processor.py:161} INFO - Started process (PID=1992) to work on /home/airflow/.local/lib/python3.8/site-packages/airflow/example_dags/example_short_circuit_operator.py
[2024-06-04T08:07:15.096+0000] {processor.py:830} INFO - Processing file /home/airflow/.local/lib/python3.8/site-packages/airflow/example_dags/example_short_circuit_operator.py for tasks to queue
[2024-06-04T08:07:15.098+0000] {logging_mixin.py:188} INFO - [2024-06-04T08:07:15.098+0000] {dagbag.py:540} INFO - Filling up the DagBag from /home/airflow/.local/lib/python3.8/site-packages/airflow/example_dags/example_short_circuit_operator.py
[2024-06-04T08:07:15.110+0000] {processor.py:840} INFO - DAG(s) 'example_short_circuit_operator' retrieved from /home/airflow/.local/lib/python3.8/site-packages/airflow/example_dags/example_short_circuit_operator.py
[2024-06-04T08:07:15.147+0000] {logging_mixin.py:188} INFO - [2024-06-04T08:07:15.147+0000] {dag.py:3047} INFO - Sync 1 DAGs
[2024-06-04T08:07:15.177+0000] {logging_mixin.py:188} INFO - [2024-06-04T08:07:15.177+0000] {dag.py:3834} INFO - Setting next_dagrun for example_short_circuit_operator to 2024-06-03 00:00:00+00:00, run_after=2024-06-04 00:00:00+00:00
[2024-06-04T08:07:15.203+0000] {processor.py:183} INFO - Processing /home/airflow/.local/lib/python3.8/site-packages/airflow/example_dags/example_short_circuit_operator.py took 0.112 seconds
[2024-06-04T08:07:45.687+0000] {processor.py:161} INFO - Started process (PID=2050) to work on /home/airflow/.local/lib/python3.8/site-packages/airflow/example_dags/example_short_circuit_operator.py
[2024-06-04T08:07:45.688+0000] {processor.py:830} INFO - Processing file /home/airflow/.local/lib/python3.8/site-packages/airflow/example_dags/example_short_circuit_operator.py for tasks to queue
[2024-06-04T08:07:45.691+0000] {logging_mixin.py:188} INFO - [2024-06-04T08:07:45.690+0000] {dagbag.py:540} INFO - Filling up the DagBag from /home/airflow/.local/lib/python3.8/site-packages/airflow/example_dags/example_short_circuit_operator.py
[2024-06-04T08:07:45.709+0000] {processor.py:840} INFO - DAG(s) 'example_short_circuit_operator' retrieved from /home/airflow/.local/lib/python3.8/site-packages/airflow/example_dags/example_short_circuit_operator.py
[2024-06-04T08:07:45.742+0000] {logging_mixin.py:188} INFO - [2024-06-04T08:07:45.742+0000] {dag.py:3047} INFO - Sync 1 DAGs
[2024-06-04T08:07:46.136+0000] {logging_mixin.py:188} INFO - [2024-06-04T08:07:46.136+0000] {dag.py:3834} INFO - Setting next_dagrun for example_short_circuit_operator to 2024-06-03 00:00:00+00:00, run_after=2024-06-04 00:00:00+00:00
[2024-06-04T08:07:46.224+0000] {processor.py:183} INFO - Processing /home/airflow/.local/lib/python3.8/site-packages/airflow/example_dags/example_short_circuit_operator.py took 0.541 seconds
[2024-06-04T08:08:16.701+0000] {processor.py:161} INFO - Started process (PID=2108) to work on /home/airflow/.local/lib/python3.8/site-packages/airflow/example_dags/example_short_circuit_operator.py
[2024-06-04T08:08:16.702+0000] {processor.py:830} INFO - Processing file /home/airflow/.local/lib/python3.8/site-packages/airflow/example_dags/example_short_circuit_operator.py for tasks to queue
[2024-06-04T08:08:16.705+0000] {logging_mixin.py:188} INFO - [2024-06-04T08:08:16.704+0000] {dagbag.py:540} INFO - Filling up the DagBag from /home/airflow/.local/lib/python3.8/site-packages/airflow/example_dags/example_short_circuit_operator.py
[2024-06-04T08:08:16.715+0000] {processor.py:840} INFO - DAG(s) 'example_short_circuit_operator' retrieved from /home/airflow/.local/lib/python3.8/site-packages/airflow/example_dags/example_short_circuit_operator.py
[2024-06-04T08:08:16.748+0000] {logging_mixin.py:188} INFO - [2024-06-04T08:08:16.748+0000] {dag.py:3047} INFO - Sync 1 DAGs
[2024-06-04T08:08:16.773+0000] {logging_mixin.py:188} INFO - [2024-06-04T08:08:16.773+0000] {dag.py:3834} INFO - Setting next_dagrun for example_short_circuit_operator to 2024-06-03 00:00:00+00:00, run_after=2024-06-04 00:00:00+00:00
[2024-06-04T08:08:17.040+0000] {processor.py:183} INFO - Processing /home/airflow/.local/lib/python3.8/site-packages/airflow/example_dags/example_short_circuit_operator.py took 0.343 seconds
[2024-06-04T08:08:47.109+0000] {processor.py:161} INFO - Started process (PID=2165) to work on /home/airflow/.local/lib/python3.8/site-packages/airflow/example_dags/example_short_circuit_operator.py
[2024-06-04T08:08:47.110+0000] {processor.py:830} INFO - Processing file /home/airflow/.local/lib/python3.8/site-packages/airflow/example_dags/example_short_circuit_operator.py for tasks to queue
[2024-06-04T08:08:47.112+0000] {logging_mixin.py:188} INFO - [2024-06-04T08:08:47.112+0000] {dagbag.py:540} INFO - Filling up the DagBag from /home/airflow/.local/lib/python3.8/site-packages/airflow/example_dags/example_short_circuit_operator.py
[2024-06-04T08:08:47.121+0000] {processor.py:840} INFO - DAG(s) 'example_short_circuit_operator' retrieved from /home/airflow/.local/lib/python3.8/site-packages/airflow/example_dags/example_short_circuit_operator.py
[2024-06-04T08:08:47.151+0000] {logging_mixin.py:188} INFO - [2024-06-04T08:08:47.151+0000] {dag.py:3047} INFO - Sync 1 DAGs
[2024-06-04T08:08:47.182+0000] {logging_mixin.py:188} INFO - [2024-06-04T08:08:47.182+0000] {dag.py:3834} INFO - Setting next_dagrun for example_short_circuit_operator to 2024-06-03 00:00:00+00:00, run_after=2024-06-04 00:00:00+00:00
[2024-06-04T08:08:47.206+0000] {processor.py:183} INFO - Processing /home/airflow/.local/lib/python3.8/site-packages/airflow/example_dags/example_short_circuit_operator.py took 0.101 seconds
[2024-06-04T08:09:17.444+0000] {processor.py:161} INFO - Started process (PID=2223) to work on /home/airflow/.local/lib/python3.8/site-packages/airflow/example_dags/example_short_circuit_operator.py
[2024-06-04T08:09:17.446+0000] {processor.py:830} INFO - Processing file /home/airflow/.local/lib/python3.8/site-packages/airflow/example_dags/example_short_circuit_operator.py for tasks to queue
[2024-06-04T08:09:17.448+0000] {logging_mixin.py:188} INFO - [2024-06-04T08:09:17.448+0000] {dagbag.py:540} INFO - Filling up the DagBag from /home/airflow/.local/lib/python3.8/site-packages/airflow/example_dags/example_short_circuit_operator.py
[2024-06-04T08:09:17.459+0000] {processor.py:840} INFO - DAG(s) 'example_short_circuit_operator' retrieved from /home/airflow/.local/lib/python3.8/site-packages/airflow/example_dags/example_short_circuit_operator.py
[2024-06-04T08:09:17.502+0000] {logging_mixin.py:188} INFO - [2024-06-04T08:09:17.502+0000] {dag.py:3047} INFO - Sync 1 DAGs
[2024-06-04T08:09:17.530+0000] {logging_mixin.py:188} INFO - [2024-06-04T08:09:17.530+0000] {dag.py:3834} INFO - Setting next_dagrun for example_short_circuit_operator to 2024-06-03 00:00:00+00:00, run_after=2024-06-04 00:00:00+00:00
[2024-06-04T08:09:17.556+0000] {processor.py:183} INFO - Processing /home/airflow/.local/lib/python3.8/site-packages/airflow/example_dags/example_short_circuit_operator.py took 0.117 seconds
[2024-06-04T08:09:48.054+0000] {processor.py:161} INFO - Started process (PID=2281) to work on /home/airflow/.local/lib/python3.8/site-packages/airflow/example_dags/example_short_circuit_operator.py
[2024-06-04T08:09:48.055+0000] {processor.py:830} INFO - Processing file /home/airflow/.local/lib/python3.8/site-packages/airflow/example_dags/example_short_circuit_operator.py for tasks to queue
[2024-06-04T08:09:48.057+0000] {logging_mixin.py:188} INFO - [2024-06-04T08:09:48.057+0000] {dagbag.py:540} INFO - Filling up the DagBag from /home/airflow/.local/lib/python3.8/site-packages/airflow/example_dags/example_short_circuit_operator.py
[2024-06-04T08:09:48.068+0000] {processor.py:840} INFO - DAG(s) 'example_short_circuit_operator' retrieved from /home/airflow/.local/lib/python3.8/site-packages/airflow/example_dags/example_short_circuit_operator.py
[2024-06-04T08:09:48.107+0000] {logging_mixin.py:188} INFO - [2024-06-04T08:09:48.107+0000] {dag.py:3047} INFO - Sync 1 DAGs
[2024-06-04T08:09:48.141+0000] {logging_mixin.py:188} INFO - [2024-06-04T08:09:48.141+0000] {dag.py:3834} INFO - Setting next_dagrun for example_short_circuit_operator to 2024-06-03 00:00:00+00:00, run_after=2024-06-04 00:00:00+00:00
[2024-06-04T08:09:48.167+0000] {processor.py:183} INFO - Processing /home/airflow/.local/lib/python3.8/site-packages/airflow/example_dags/example_short_circuit_operator.py took 0.117 seconds
[2024-06-04T08:10:18.472+0000] {processor.py:161} INFO - Started process (PID=2339) to work on /home/airflow/.local/lib/python3.8/site-packages/airflow/example_dags/example_short_circuit_operator.py
[2024-06-04T08:10:18.473+0000] {processor.py:830} INFO - Processing file /home/airflow/.local/lib/python3.8/site-packages/airflow/example_dags/example_short_circuit_operator.py for tasks to queue
[2024-06-04T08:10:18.476+0000] {logging_mixin.py:188} INFO - [2024-06-04T08:10:18.475+0000] {dagbag.py:540} INFO - Filling up the DagBag from /home/airflow/.local/lib/python3.8/site-packages/airflow/example_dags/example_short_circuit_operator.py
[2024-06-04T08:10:18.486+0000] {processor.py:840} INFO - DAG(s) 'example_short_circuit_operator' retrieved from /home/airflow/.local/lib/python3.8/site-packages/airflow/example_dags/example_short_circuit_operator.py
[2024-06-04T08:10:18.527+0000] {logging_mixin.py:188} INFO - [2024-06-04T08:10:18.527+0000] {dag.py:3047} INFO - Sync 1 DAGs
[2024-06-04T08:10:18.563+0000] {logging_mixin.py:188} INFO - [2024-06-04T08:10:18.563+0000] {dag.py:3834} INFO - Setting next_dagrun for example_short_circuit_operator to 2024-06-03 00:00:00+00:00, run_after=2024-06-04 00:00:00+00:00
[2024-06-04T08:10:18.586+0000] {processor.py:183} INFO - Processing /home/airflow/.local/lib/python3.8/site-packages/airflow/example_dags/example_short_circuit_operator.py took 0.119 seconds
[2024-06-04T08:10:49.071+0000] {processor.py:161} INFO - Started process (PID=2397) to work on /home/airflow/.local/lib/python3.8/site-packages/airflow/example_dags/example_short_circuit_operator.py
[2024-06-04T08:10:49.072+0000] {processor.py:830} INFO - Processing file /home/airflow/.local/lib/python3.8/site-packages/airflow/example_dags/example_short_circuit_operator.py for tasks to queue
[2024-06-04T08:10:49.074+0000] {logging_mixin.py:188} INFO - [2024-06-04T08:10:49.074+0000] {dagbag.py:540} INFO - Filling up the DagBag from /home/airflow/.local/lib/python3.8/site-packages/airflow/example_dags/example_short_circuit_operator.py
[2024-06-04T08:10:49.082+0000] {processor.py:840} INFO - DAG(s) 'example_short_circuit_operator' retrieved from /home/airflow/.local/lib/python3.8/site-packages/airflow/example_dags/example_short_circuit_operator.py
[2024-06-04T08:10:49.108+0000] {logging_mixin.py:188} INFO - [2024-06-04T08:10:49.108+0000] {dag.py:3047} INFO - Sync 1 DAGs
[2024-06-04T08:10:49.135+0000] {logging_mixin.py:188} INFO - [2024-06-04T08:10:49.134+0000] {dag.py:3834} INFO - Setting next_dagrun for example_short_circuit_operator to 2024-06-03 00:00:00+00:00, run_after=2024-06-04 00:00:00+00:00
[2024-06-04T08:10:49.156+0000] {processor.py:183} INFO - Processing /home/airflow/.local/lib/python3.8/site-packages/airflow/example_dags/example_short_circuit_operator.py took 0.089 seconds
[2024-06-04T08:11:19.331+0000] {processor.py:161} INFO - Started process (PID=2456) to work on /home/airflow/.local/lib/python3.8/site-packages/airflow/example_dags/example_short_circuit_operator.py
[2024-06-04T08:11:19.332+0000] {processor.py:830} INFO - Processing file /home/airflow/.local/lib/python3.8/site-packages/airflow/example_dags/example_short_circuit_operator.py for tasks to queue
[2024-06-04T08:11:19.335+0000] {logging_mixin.py:188} INFO - [2024-06-04T08:11:19.334+0000] {dagbag.py:540} INFO - Filling up the DagBag from /home/airflow/.local/lib/python3.8/site-packages/airflow/example_dags/example_short_circuit_operator.py
[2024-06-04T08:11:19.344+0000] {processor.py:840} INFO - DAG(s) 'example_short_circuit_operator' retrieved from /home/airflow/.local/lib/python3.8/site-packages/airflow/example_dags/example_short_circuit_operator.py
[2024-06-04T08:11:19.377+0000] {logging_mixin.py:188} INFO - [2024-06-04T08:11:19.377+0000] {dag.py:3047} INFO - Sync 1 DAGs
[2024-06-04T08:11:19.415+0000] {logging_mixin.py:188} INFO - [2024-06-04T08:11:19.415+0000] {dag.py:3834} INFO - Setting next_dagrun for example_short_circuit_operator to 2024-06-03 00:00:00+00:00, run_after=2024-06-04 00:00:00+00:00
[2024-06-04T08:11:19.437+0000] {processor.py:183} INFO - Processing /home/airflow/.local/lib/python3.8/site-packages/airflow/example_dags/example_short_circuit_operator.py took 0.110 seconds
[2024-06-04T08:11:50.369+0000] {processor.py:161} INFO - Started process (PID=2515) to work on /home/airflow/.local/lib/python3.8/site-packages/airflow/example_dags/example_short_circuit_operator.py
[2024-06-04T08:11:50.371+0000] {processor.py:830} INFO - Processing file /home/airflow/.local/lib/python3.8/site-packages/airflow/example_dags/example_short_circuit_operator.py for tasks to queue
[2024-06-04T08:11:50.373+0000] {logging_mixin.py:188} INFO - [2024-06-04T08:11:50.373+0000] {dagbag.py:540} INFO - Filling up the DagBag from /home/airflow/.local/lib/python3.8/site-packages/airflow/example_dags/example_short_circuit_operator.py
[2024-06-04T08:11:50.382+0000] {processor.py:840} INFO - DAG(s) 'example_short_circuit_operator' retrieved from /home/airflow/.local/lib/python3.8/site-packages/airflow/example_dags/example_short_circuit_operator.py
[2024-06-04T08:11:50.417+0000] {logging_mixin.py:188} INFO - [2024-06-04T08:11:50.417+0000] {dag.py:3047} INFO - Sync 1 DAGs
[2024-06-04T08:11:50.443+0000] {logging_mixin.py:188} INFO - [2024-06-04T08:11:50.443+0000] {dag.py:3834} INFO - Setting next_dagrun for example_short_circuit_operator to 2024-06-03 00:00:00+00:00, run_after=2024-06-04 00:00:00+00:00
[2024-06-04T08:11:50.464+0000] {processor.py:183} INFO - Processing /home/airflow/.local/lib/python3.8/site-packages/airflow/example_dags/example_short_circuit_operator.py took 0.100 seconds
[2024-06-04T08:12:21.346+0000] {processor.py:161} INFO - Started process (PID=2574) to work on /home/airflow/.local/lib/python3.8/site-packages/airflow/example_dags/example_short_circuit_operator.py
[2024-06-04T08:12:21.347+0000] {processor.py:830} INFO - Processing file /home/airflow/.local/lib/python3.8/site-packages/airflow/example_dags/example_short_circuit_operator.py for tasks to queue
[2024-06-04T08:12:21.350+0000] {logging_mixin.py:188} INFO - [2024-06-04T08:12:21.349+0000] {dagbag.py:540} INFO - Filling up the DagBag from /home/airflow/.local/lib/python3.8/site-packages/airflow/example_dags/example_short_circuit_operator.py
[2024-06-04T08:12:21.359+0000] {processor.py:840} INFO - DAG(s) 'example_short_circuit_operator' retrieved from /home/airflow/.local/lib/python3.8/site-packages/airflow/example_dags/example_short_circuit_operator.py
[2024-06-04T08:12:21.384+0000] {logging_mixin.py:188} INFO - [2024-06-04T08:12:21.384+0000] {dag.py:3047} INFO - Sync 1 DAGs
[2024-06-04T08:12:21.411+0000] {logging_mixin.py:188} INFO - [2024-06-04T08:12:21.410+0000] {dag.py:3834} INFO - Setting next_dagrun for example_short_circuit_operator to 2024-06-03 00:00:00+00:00, run_after=2024-06-04 00:00:00+00:00
[2024-06-04T08:12:21.439+0000] {processor.py:183} INFO - Processing /home/airflow/.local/lib/python3.8/site-packages/airflow/example_dags/example_short_circuit_operator.py took 0.097 seconds
[2024-06-04T08:12:51.901+0000] {processor.py:161} INFO - Started process (PID=2633) to work on /home/airflow/.local/lib/python3.8/site-packages/airflow/example_dags/example_short_circuit_operator.py
[2024-06-04T08:12:51.903+0000] {processor.py:830} INFO - Processing file /home/airflow/.local/lib/python3.8/site-packages/airflow/example_dags/example_short_circuit_operator.py for tasks to queue
[2024-06-04T08:12:51.905+0000] {logging_mixin.py:188} INFO - [2024-06-04T08:12:51.905+0000] {dagbag.py:540} INFO - Filling up the DagBag from /home/airflow/.local/lib/python3.8/site-packages/airflow/example_dags/example_short_circuit_operator.py
[2024-06-04T08:12:51.915+0000] {processor.py:840} INFO - DAG(s) 'example_short_circuit_operator' retrieved from /home/airflow/.local/lib/python3.8/site-packages/airflow/example_dags/example_short_circuit_operator.py
[2024-06-04T08:12:51.948+0000] {logging_mixin.py:188} INFO - [2024-06-04T08:12:51.947+0000] {dag.py:3047} INFO - Sync 1 DAGs
[2024-06-04T08:12:51.978+0000] {logging_mixin.py:188} INFO - [2024-06-04T08:12:51.978+0000] {dag.py:3834} INFO - Setting next_dagrun for example_short_circuit_operator to 2024-06-03 00:00:00+00:00, run_after=2024-06-04 00:00:00+00:00
[2024-06-04T08:12:52.007+0000] {processor.py:183} INFO - Processing /home/airflow/.local/lib/python3.8/site-packages/airflow/example_dags/example_short_circuit_operator.py took 0.110 seconds
[2024-06-04T08:13:22.129+0000] {processor.py:161} INFO - Started process (PID=2691) to work on /home/airflow/.local/lib/python3.8/site-packages/airflow/example_dags/example_short_circuit_operator.py
[2024-06-04T08:13:22.130+0000] {processor.py:830} INFO - Processing file /home/airflow/.local/lib/python3.8/site-packages/airflow/example_dags/example_short_circuit_operator.py for tasks to queue
[2024-06-04T08:13:22.133+0000] {logging_mixin.py:188} INFO - [2024-06-04T08:13:22.132+0000] {dagbag.py:540} INFO - Filling up the DagBag from /home/airflow/.local/lib/python3.8/site-packages/airflow/example_dags/example_short_circuit_operator.py
[2024-06-04T08:13:22.143+0000] {processor.py:840} INFO - DAG(s) 'example_short_circuit_operator' retrieved from /home/airflow/.local/lib/python3.8/site-packages/airflow/example_dags/example_short_circuit_operator.py
[2024-06-04T08:13:22.205+0000] {logging_mixin.py:188} INFO - [2024-06-04T08:13:22.205+0000] {dag.py:3047} INFO - Sync 1 DAGs
[2024-06-04T08:13:22.239+0000] {logging_mixin.py:188} INFO - [2024-06-04T08:13:22.239+0000] {dag.py:3834} INFO - Setting next_dagrun for example_short_circuit_operator to 2024-06-03 00:00:00+00:00, run_after=2024-06-04 00:00:00+00:00
[2024-06-04T08:13:22.312+0000] {processor.py:183} INFO - Processing /home/airflow/.local/lib/python3.8/site-packages/airflow/example_dags/example_short_circuit_operator.py took 0.187 seconds
[2024-06-04T08:13:52.371+0000] {processor.py:161} INFO - Started process (PID=2750) to work on /home/airflow/.local/lib/python3.8/site-packages/airflow/example_dags/example_short_circuit_operator.py
[2024-06-04T08:13:52.373+0000] {processor.py:830} INFO - Processing file /home/airflow/.local/lib/python3.8/site-packages/airflow/example_dags/example_short_circuit_operator.py for tasks to queue
[2024-06-04T08:13:52.375+0000] {logging_mixin.py:188} INFO - [2024-06-04T08:13:52.375+0000] {dagbag.py:540} INFO - Filling up the DagBag from /home/airflow/.local/lib/python3.8/site-packages/airflow/example_dags/example_short_circuit_operator.py
[2024-06-04T08:13:52.385+0000] {processor.py:840} INFO - DAG(s) 'example_short_circuit_operator' retrieved from /home/airflow/.local/lib/python3.8/site-packages/airflow/example_dags/example_short_circuit_operator.py
[2024-06-04T08:13:52.404+0000] {logging_mixin.py:188} INFO - [2024-06-04T08:13:52.404+0000] {dag.py:3047} INFO - Sync 1 DAGs
[2024-06-04T08:13:52.436+0000] {logging_mixin.py:188} INFO - [2024-06-04T08:13:52.436+0000] {dag.py:3834} INFO - Setting next_dagrun for example_short_circuit_operator to 2024-06-03 00:00:00+00:00, run_after=2024-06-04 00:00:00+00:00
[2024-06-04T08:13:52.466+0000] {processor.py:183} INFO - Processing /home/airflow/.local/lib/python3.8/site-packages/airflow/example_dags/example_short_circuit_operator.py took 0.099 seconds
[2024-06-04T08:14:23.243+0000] {processor.py:161} INFO - Started process (PID=2809) to work on /home/airflow/.local/lib/python3.8/site-packages/airflow/example_dags/example_short_circuit_operator.py
[2024-06-04T08:14:23.247+0000] {processor.py:830} INFO - Processing file /home/airflow/.local/lib/python3.8/site-packages/airflow/example_dags/example_short_circuit_operator.py for tasks to queue
[2024-06-04T08:14:23.250+0000] {logging_mixin.py:188} INFO - [2024-06-04T08:14:23.249+0000] {dagbag.py:540} INFO - Filling up the DagBag from /home/airflow/.local/lib/python3.8/site-packages/airflow/example_dags/example_short_circuit_operator.py
[2024-06-04T08:14:23.260+0000] {processor.py:840} INFO - DAG(s) 'example_short_circuit_operator' retrieved from /home/airflow/.local/lib/python3.8/site-packages/airflow/example_dags/example_short_circuit_operator.py
[2024-06-04T08:14:23.391+0000] {logging_mixin.py:188} INFO - [2024-06-04T08:14:23.391+0000] {dag.py:3047} INFO - Sync 1 DAGs
[2024-06-04T08:14:23.421+0000] {logging_mixin.py:188} INFO - [2024-06-04T08:14:23.421+0000] {dag.py:3834} INFO - Setting next_dagrun for example_short_circuit_operator to 2024-06-03 00:00:00+00:00, run_after=2024-06-04 00:00:00+00:00
[2024-06-04T08:14:23.461+0000] {processor.py:183} INFO - Processing /home/airflow/.local/lib/python3.8/site-packages/airflow/example_dags/example_short_circuit_operator.py took 0.222 seconds
[2024-06-04T08:14:53.579+0000] {processor.py:161} INFO - Started process (PID=2868) to work on /home/airflow/.local/lib/python3.8/site-packages/airflow/example_dags/example_short_circuit_operator.py
[2024-06-04T08:14:53.581+0000] {processor.py:830} INFO - Processing file /home/airflow/.local/lib/python3.8/site-packages/airflow/example_dags/example_short_circuit_operator.py for tasks to queue
[2024-06-04T08:14:53.583+0000] {logging_mixin.py:188} INFO - [2024-06-04T08:14:53.582+0000] {dagbag.py:540} INFO - Filling up the DagBag from /home/airflow/.local/lib/python3.8/site-packages/airflow/example_dags/example_short_circuit_operator.py
[2024-06-04T08:14:53.593+0000] {processor.py:840} INFO - DAG(s) 'example_short_circuit_operator' retrieved from /home/airflow/.local/lib/python3.8/site-packages/airflow/example_dags/example_short_circuit_operator.py
[2024-06-04T08:14:53.623+0000] {logging_mixin.py:188} INFO - [2024-06-04T08:14:53.623+0000] {dag.py:3047} INFO - Sync 1 DAGs
[2024-06-04T08:14:53.651+0000] {logging_mixin.py:188} INFO - [2024-06-04T08:14:53.651+0000] {dag.py:3834} INFO - Setting next_dagrun for example_short_circuit_operator to 2024-06-03 00:00:00+00:00, run_after=2024-06-04 00:00:00+00:00
[2024-06-04T08:14:53.674+0000] {processor.py:183} INFO - Processing /home/airflow/.local/lib/python3.8/site-packages/airflow/example_dags/example_short_circuit_operator.py took 0.099 seconds
[2024-06-04T08:15:39.319+0000] {processor.py:161} INFO - Started process (PID=2970) to work on /home/airflow/.local/lib/python3.8/site-packages/airflow/example_dags/example_short_circuit_operator.py
[2024-06-04T08:15:39.400+0000] {processor.py:830} INFO - Processing file /home/airflow/.local/lib/python3.8/site-packages/airflow/example_dags/example_short_circuit_operator.py for tasks to queue
[2024-06-04T08:15:39.403+0000] {logging_mixin.py:188} INFO - [2024-06-04T08:15:39.402+0000] {dagbag.py:540} INFO - Filling up the DagBag from /home/airflow/.local/lib/python3.8/site-packages/airflow/example_dags/example_short_circuit_operator.py
[2024-06-04T08:15:39.503+0000] {processor.py:840} INFO - DAG(s) 'example_short_circuit_operator' retrieved from /home/airflow/.local/lib/python3.8/site-packages/airflow/example_dags/example_short_circuit_operator.py
[2024-06-04T08:15:39.903+0000] {logging_mixin.py:188} INFO - [2024-06-04T08:15:39.902+0000] {dag.py:3047} INFO - Sync 1 DAGs
[2024-06-04T08:15:40.311+0000] {logging_mixin.py:188} INFO - [2024-06-04T08:15:40.311+0000] {dag.py:3834} INFO - Setting next_dagrun for example_short_circuit_operator to 2024-06-03 00:00:00+00:00, run_after=2024-06-04 00:00:00+00:00
[2024-06-04T08:15:40.808+0000] {processor.py:183} INFO - Processing /home/airflow/.local/lib/python3.8/site-packages/airflow/example_dags/example_short_circuit_operator.py took 1.594 seconds
[2024-06-04T08:16:11.321+0000] {processor.py:161} INFO - Started process (PID=3043) to work on /home/airflow/.local/lib/python3.8/site-packages/airflow/example_dags/example_short_circuit_operator.py
[2024-06-04T08:16:11.328+0000] {processor.py:830} INFO - Processing file /home/airflow/.local/lib/python3.8/site-packages/airflow/example_dags/example_short_circuit_operator.py for tasks to queue
[2024-06-04T08:16:11.341+0000] {logging_mixin.py:188} INFO - [2024-06-04T08:16:11.340+0000] {dagbag.py:540} INFO - Filling up the DagBag from /home/airflow/.local/lib/python3.8/site-packages/airflow/example_dags/example_short_circuit_operator.py
[2024-06-04T08:16:11.425+0000] {processor.py:840} INFO - DAG(s) 'example_short_circuit_operator' retrieved from /home/airflow/.local/lib/python3.8/site-packages/airflow/example_dags/example_short_circuit_operator.py
[2024-06-04T08:16:11.710+0000] {logging_mixin.py:188} INFO - [2024-06-04T08:16:11.709+0000] {dag.py:3047} INFO - Sync 1 DAGs
[2024-06-04T08:16:12.003+0000] {logging_mixin.py:188} INFO - [2024-06-04T08:16:12.003+0000] {dag.py:3834} INFO - Setting next_dagrun for example_short_circuit_operator to 2024-06-03 00:00:00+00:00, run_after=2024-06-04 00:00:00+00:00
[2024-06-04T08:16:12.205+0000] {processor.py:183} INFO - Processing /home/airflow/.local/lib/python3.8/site-packages/airflow/example_dags/example_short_circuit_operator.py took 0.904 seconds
[2024-06-04T08:16:42.605+0000] {processor.py:161} INFO - Started process (PID=3143) to work on /home/airflow/.local/lib/python3.8/site-packages/airflow/example_dags/example_short_circuit_operator.py
[2024-06-04T08:16:42.608+0000] {processor.py:830} INFO - Processing file /home/airflow/.local/lib/python3.8/site-packages/airflow/example_dags/example_short_circuit_operator.py for tasks to queue
[2024-06-04T08:16:42.612+0000] {logging_mixin.py:188} INFO - [2024-06-04T08:16:42.610+0000] {dagbag.py:540} INFO - Filling up the DagBag from /home/airflow/.local/lib/python3.8/site-packages/airflow/example_dags/example_short_circuit_operator.py
[2024-06-04T08:16:42.622+0000] {processor.py:840} INFO - DAG(s) 'example_short_circuit_operator' retrieved from /home/airflow/.local/lib/python3.8/site-packages/airflow/example_dags/example_short_circuit_operator.py
[2024-06-04T08:16:42.920+0000] {logging_mixin.py:188} INFO - [2024-06-04T08:16:42.920+0000] {dag.py:3047} INFO - Sync 1 DAGs
[2024-06-04T08:16:43.117+0000] {logging_mixin.py:188} INFO - [2024-06-04T08:16:43.116+0000] {dag.py:3834} INFO - Setting next_dagrun for example_short_circuit_operator to 2024-06-03 00:00:00+00:00, run_after=2024-06-04 00:00:00+00:00
[2024-06-04T08:16:43.313+0000] {processor.py:183} INFO - Processing /home/airflow/.local/lib/python3.8/site-packages/airflow/example_dags/example_short_circuit_operator.py took 0.801 seconds
[2024-06-04T08:17:14.106+0000] {processor.py:161} INFO - Started process (PID=3206) to work on /home/airflow/.local/lib/python3.8/site-packages/airflow/example_dags/example_short_circuit_operator.py
[2024-06-04T08:17:14.112+0000] {processor.py:830} INFO - Processing file /home/airflow/.local/lib/python3.8/site-packages/airflow/example_dags/example_short_circuit_operator.py for tasks to queue
[2024-06-04T08:17:14.115+0000] {logging_mixin.py:188} INFO - [2024-06-04T08:17:14.115+0000] {dagbag.py:540} INFO - Filling up the DagBag from /home/airflow/.local/lib/python3.8/site-packages/airflow/example_dags/example_short_circuit_operator.py
[2024-06-04T08:17:14.217+0000] {processor.py:840} INFO - DAG(s) 'example_short_circuit_operator' retrieved from /home/airflow/.local/lib/python3.8/site-packages/airflow/example_dags/example_short_circuit_operator.py
[2024-06-04T08:17:14.507+0000] {logging_mixin.py:188} INFO - [2024-06-04T08:17:14.506+0000] {dag.py:3047} INFO - Sync 1 DAGs
[2024-06-04T08:17:14.704+0000] {logging_mixin.py:188} INFO - [2024-06-04T08:17:14.704+0000] {dag.py:3834} INFO - Setting next_dagrun for example_short_circuit_operator to 2024-06-03 00:00:00+00:00, run_after=2024-06-04 00:00:00+00:00
[2024-06-04T08:17:14.814+0000] {processor.py:183} INFO - Processing /home/airflow/.local/lib/python3.8/site-packages/airflow/example_dags/example_short_circuit_operator.py took 0.713 seconds
