[2024-06-04T07:51:25.640+0000] {processor.py:161} INFO - Started process (PID=184) to work on /home/airflow/.local/lib/python3.8/site-packages/airflow/example_dags/example_sensors.py
[2024-06-04T07:51:25.641+0000] {processor.py:830} INFO - Processing file /home/airflow/.local/lib/python3.8/site-packages/airflow/example_dags/example_sensors.py for tasks to queue
[2024-06-04T07:51:25.643+0000] {logging_mixin.py:188} INFO - [2024-06-04T07:51:25.643+0000] {dagbag.py:540} INFO - Filling up the DagBag from /home/airflow/.local/lib/python3.8/site-packages/airflow/example_dags/example_sensors.py
[2024-06-04T07:51:25.657+0000] {processor.py:840} INFO - DAG(s) 'example_sensors' retrieved from /home/airflow/.local/lib/python3.8/site-packages/airflow/example_dags/example_sensors.py
[2024-06-04T07:51:25.811+0000] {logging_mixin.py:188} INFO - [2024-06-04T07:51:25.811+0000] {dag.py:3047} INFO - Sync 1 DAGs
[2024-06-04T07:51:25.825+0000] {logging_mixin.py:188} INFO - [2024-06-04T07:51:25.825+0000] {dag.py:3834} INFO - Setting next_dagrun for example_sensors to None, run_after=None
[2024-06-04T07:51:25.844+0000] {processor.py:183} INFO - Processing /home/airflow/.local/lib/python3.8/site-packages/airflow/example_dags/example_sensors.py took 0.207 seconds
[2024-06-04T07:51:56.495+0000] {processor.py:161} INFO - Started process (PID=242) to work on /home/airflow/.local/lib/python3.8/site-packages/airflow/example_dags/example_sensors.py
[2024-06-04T07:51:56.496+0000] {processor.py:830} INFO - Processing file /home/airflow/.local/lib/python3.8/site-packages/airflow/example_dags/example_sensors.py for tasks to queue
[2024-06-04T07:51:56.498+0000] {logging_mixin.py:188} INFO - [2024-06-04T07:51:56.498+0000] {dagbag.py:540} INFO - Filling up the DagBag from /home/airflow/.local/lib/python3.8/site-packages/airflow/example_dags/example_sensors.py
[2024-06-04T07:51:56.509+0000] {processor.py:840} INFO - DAG(s) 'example_sensors' retrieved from /home/airflow/.local/lib/python3.8/site-packages/airflow/example_dags/example_sensors.py
[2024-06-04T07:51:56.545+0000] {logging_mixin.py:188} INFO - [2024-06-04T07:51:56.544+0000] {dag.py:3047} INFO - Sync 1 DAGs
[2024-06-04T07:51:56.558+0000] {logging_mixin.py:188} INFO - [2024-06-04T07:51:56.558+0000] {dag.py:3834} INFO - Setting next_dagrun for example_sensors to None, run_after=None
[2024-06-04T07:51:56.575+0000] {processor.py:183} INFO - Processing /home/airflow/.local/lib/python3.8/site-packages/airflow/example_dags/example_sensors.py took 0.083 seconds
[2024-06-04T07:52:26.972+0000] {processor.py:161} INFO - Started process (PID=300) to work on /home/airflow/.local/lib/python3.8/site-packages/airflow/example_dags/example_sensors.py
[2024-06-04T07:52:26.973+0000] {processor.py:830} INFO - Processing file /home/airflow/.local/lib/python3.8/site-packages/airflow/example_dags/example_sensors.py for tasks to queue
[2024-06-04T07:52:26.975+0000] {logging_mixin.py:188} INFO - [2024-06-04T07:52:26.974+0000] {dagbag.py:540} INFO - Filling up the DagBag from /home/airflow/.local/lib/python3.8/site-packages/airflow/example_dags/example_sensors.py
[2024-06-04T07:52:26.983+0000] {processor.py:840} INFO - DAG(s) 'example_sensors' retrieved from /home/airflow/.local/lib/python3.8/site-packages/airflow/example_dags/example_sensors.py
[2024-06-04T07:52:27.017+0000] {logging_mixin.py:188} INFO - [2024-06-04T07:52:27.017+0000] {dag.py:3047} INFO - Sync 1 DAGs
[2024-06-04T07:52:27.034+0000] {logging_mixin.py:188} INFO - [2024-06-04T07:52:27.033+0000] {dag.py:3834} INFO - Setting next_dagrun for example_sensors to None, run_after=None
[2024-06-04T07:52:27.057+0000] {processor.py:183} INFO - Processing /home/airflow/.local/lib/python3.8/site-packages/airflow/example_dags/example_sensors.py took 0.089 seconds
[2024-06-04T07:52:57.145+0000] {processor.py:161} INFO - Started process (PID=358) to work on /home/airflow/.local/lib/python3.8/site-packages/airflow/example_dags/example_sensors.py
[2024-06-04T07:52:57.146+0000] {processor.py:830} INFO - Processing file /home/airflow/.local/lib/python3.8/site-packages/airflow/example_dags/example_sensors.py for tasks to queue
[2024-06-04T07:52:57.148+0000] {logging_mixin.py:188} INFO - [2024-06-04T07:52:57.148+0000] {dagbag.py:540} INFO - Filling up the DagBag from /home/airflow/.local/lib/python3.8/site-packages/airflow/example_dags/example_sensors.py
[2024-06-04T07:52:57.158+0000] {processor.py:840} INFO - DAG(s) 'example_sensors' retrieved from /home/airflow/.local/lib/python3.8/site-packages/airflow/example_dags/example_sensors.py
[2024-06-04T07:52:57.187+0000] {logging_mixin.py:188} INFO - [2024-06-04T07:52:57.187+0000] {dag.py:3047} INFO - Sync 1 DAGs
[2024-06-04T07:52:57.200+0000] {logging_mixin.py:188} INFO - [2024-06-04T07:52:57.200+0000] {dag.py:3834} INFO - Setting next_dagrun for example_sensors to None, run_after=None
[2024-06-04T07:52:57.220+0000] {processor.py:183} INFO - Processing /home/airflow/.local/lib/python3.8/site-packages/airflow/example_dags/example_sensors.py took 0.080 seconds
[2024-06-04T07:53:27.485+0000] {processor.py:161} INFO - Started process (PID=416) to work on /home/airflow/.local/lib/python3.8/site-packages/airflow/example_dags/example_sensors.py
[2024-06-04T07:53:27.486+0000] {processor.py:830} INFO - Processing file /home/airflow/.local/lib/python3.8/site-packages/airflow/example_dags/example_sensors.py for tasks to queue
[2024-06-04T07:53:27.488+0000] {logging_mixin.py:188} INFO - [2024-06-04T07:53:27.488+0000] {dagbag.py:540} INFO - Filling up the DagBag from /home/airflow/.local/lib/python3.8/site-packages/airflow/example_dags/example_sensors.py
[2024-06-04T07:53:27.498+0000] {processor.py:840} INFO - DAG(s) 'example_sensors' retrieved from /home/airflow/.local/lib/python3.8/site-packages/airflow/example_dags/example_sensors.py
[2024-06-04T07:53:27.535+0000] {logging_mixin.py:188} INFO - [2024-06-04T07:53:27.535+0000] {dag.py:3047} INFO - Sync 1 DAGs
[2024-06-04T07:53:27.549+0000] {logging_mixin.py:188} INFO - [2024-06-04T07:53:27.549+0000] {dag.py:3834} INFO - Setting next_dagrun for example_sensors to None, run_after=None
[2024-06-04T07:53:27.570+0000] {processor.py:183} INFO - Processing /home/airflow/.local/lib/python3.8/site-packages/airflow/example_dags/example_sensors.py took 0.089 seconds
[2024-06-04T07:53:58.604+0000] {processor.py:161} INFO - Started process (PID=474) to work on /home/airflow/.local/lib/python3.8/site-packages/airflow/example_dags/example_sensors.py
[2024-06-04T07:53:58.606+0000] {processor.py:830} INFO - Processing file /home/airflow/.local/lib/python3.8/site-packages/airflow/example_dags/example_sensors.py for tasks to queue
[2024-06-04T07:53:58.607+0000] {logging_mixin.py:188} INFO - [2024-06-04T07:53:58.607+0000] {dagbag.py:540} INFO - Filling up the DagBag from /home/airflow/.local/lib/python3.8/site-packages/airflow/example_dags/example_sensors.py
[2024-06-04T07:53:58.617+0000] {processor.py:840} INFO - DAG(s) 'example_sensors' retrieved from /home/airflow/.local/lib/python3.8/site-packages/airflow/example_dags/example_sensors.py
[2024-06-04T07:53:58.703+0000] {logging_mixin.py:188} INFO - [2024-06-04T07:53:58.703+0000] {dag.py:3047} INFO - Sync 1 DAGs
[2024-06-04T07:53:58.719+0000] {logging_mixin.py:188} INFO - [2024-06-04T07:53:58.719+0000] {dag.py:3834} INFO - Setting next_dagrun for example_sensors to None, run_after=None
[2024-06-04T07:53:58.743+0000] {processor.py:183} INFO - Processing /home/airflow/.local/lib/python3.8/site-packages/airflow/example_dags/example_sensors.py took 0.142 seconds
[2024-06-04T07:54:29.070+0000] {processor.py:161} INFO - Started process (PID=532) to work on /home/airflow/.local/lib/python3.8/site-packages/airflow/example_dags/example_sensors.py
[2024-06-04T07:54:29.071+0000] {processor.py:830} INFO - Processing file /home/airflow/.local/lib/python3.8/site-packages/airflow/example_dags/example_sensors.py for tasks to queue
[2024-06-04T07:54:29.073+0000] {logging_mixin.py:188} INFO - [2024-06-04T07:54:29.073+0000] {dagbag.py:540} INFO - Filling up the DagBag from /home/airflow/.local/lib/python3.8/site-packages/airflow/example_dags/example_sensors.py
[2024-06-04T07:54:29.082+0000] {processor.py:840} INFO - DAG(s) 'example_sensors' retrieved from /home/airflow/.local/lib/python3.8/site-packages/airflow/example_dags/example_sensors.py
[2024-06-04T07:54:29.110+0000] {logging_mixin.py:188} INFO - [2024-06-04T07:54:29.110+0000] {dag.py:3047} INFO - Sync 1 DAGs
[2024-06-04T07:54:29.124+0000] {logging_mixin.py:188} INFO - [2024-06-04T07:54:29.124+0000] {dag.py:3834} INFO - Setting next_dagrun for example_sensors to None, run_after=None
[2024-06-04T07:54:29.143+0000] {processor.py:183} INFO - Processing /home/airflow/.local/lib/python3.8/site-packages/airflow/example_dags/example_sensors.py took 0.077 seconds
[2024-06-04T07:54:59.573+0000] {processor.py:161} INFO - Started process (PID=590) to work on /home/airflow/.local/lib/python3.8/site-packages/airflow/example_dags/example_sensors.py
[2024-06-04T07:54:59.574+0000] {processor.py:830} INFO - Processing file /home/airflow/.local/lib/python3.8/site-packages/airflow/example_dags/example_sensors.py for tasks to queue
[2024-06-04T07:54:59.576+0000] {logging_mixin.py:188} INFO - [2024-06-04T07:54:59.576+0000] {dagbag.py:540} INFO - Filling up the DagBag from /home/airflow/.local/lib/python3.8/site-packages/airflow/example_dags/example_sensors.py
[2024-06-04T07:54:59.586+0000] {processor.py:840} INFO - DAG(s) 'example_sensors' retrieved from /home/airflow/.local/lib/python3.8/site-packages/airflow/example_dags/example_sensors.py
[2024-06-04T07:54:59.617+0000] {logging_mixin.py:188} INFO - [2024-06-04T07:54:59.616+0000] {dag.py:3047} INFO - Sync 1 DAGs
[2024-06-04T07:54:59.629+0000] {logging_mixin.py:188} INFO - [2024-06-04T07:54:59.629+0000] {dag.py:3834} INFO - Setting next_dagrun for example_sensors to None, run_after=None
[2024-06-04T07:54:59.646+0000] {processor.py:183} INFO - Processing /home/airflow/.local/lib/python3.8/site-packages/airflow/example_dags/example_sensors.py took 0.077 seconds
[2024-06-04T07:55:29.851+0000] {processor.py:161} INFO - Started process (PID=648) to work on /home/airflow/.local/lib/python3.8/site-packages/airflow/example_dags/example_sensors.py
[2024-06-04T07:55:29.852+0000] {processor.py:830} INFO - Processing file /home/airflow/.local/lib/python3.8/site-packages/airflow/example_dags/example_sensors.py for tasks to queue
[2024-06-04T07:55:29.854+0000] {logging_mixin.py:188} INFO - [2024-06-04T07:55:29.854+0000] {dagbag.py:540} INFO - Filling up the DagBag from /home/airflow/.local/lib/python3.8/site-packages/airflow/example_dags/example_sensors.py
[2024-06-04T07:55:29.863+0000] {processor.py:840} INFO - DAG(s) 'example_sensors' retrieved from /home/airflow/.local/lib/python3.8/site-packages/airflow/example_dags/example_sensors.py
[2024-06-04T07:55:29.891+0000] {logging_mixin.py:188} INFO - [2024-06-04T07:55:29.891+0000] {dag.py:3047} INFO - Sync 1 DAGs
[2024-06-04T07:55:29.905+0000] {logging_mixin.py:188} INFO - [2024-06-04T07:55:29.905+0000] {dag.py:3834} INFO - Setting next_dagrun for example_sensors to None, run_after=None
[2024-06-04T07:55:29.928+0000] {processor.py:183} INFO - Processing /home/airflow/.local/lib/python3.8/site-packages/airflow/example_dags/example_sensors.py took 0.081 seconds
[2024-06-04T07:56:00.541+0000] {processor.py:161} INFO - Started process (PID=706) to work on /home/airflow/.local/lib/python3.8/site-packages/airflow/example_dags/example_sensors.py
[2024-06-04T07:56:00.543+0000] {processor.py:830} INFO - Processing file /home/airflow/.local/lib/python3.8/site-packages/airflow/example_dags/example_sensors.py for tasks to queue
[2024-06-04T07:56:00.545+0000] {logging_mixin.py:188} INFO - [2024-06-04T07:56:00.544+0000] {dagbag.py:540} INFO - Filling up the DagBag from /home/airflow/.local/lib/python3.8/site-packages/airflow/example_dags/example_sensors.py
[2024-06-04T07:56:00.554+0000] {processor.py:840} INFO - DAG(s) 'example_sensors' retrieved from /home/airflow/.local/lib/python3.8/site-packages/airflow/example_dags/example_sensors.py
[2024-06-04T07:56:00.582+0000] {logging_mixin.py:188} INFO - [2024-06-04T07:56:00.582+0000] {dag.py:3047} INFO - Sync 1 DAGs
[2024-06-04T07:56:00.594+0000] {logging_mixin.py:188} INFO - [2024-06-04T07:56:00.594+0000] {dag.py:3834} INFO - Setting next_dagrun for example_sensors to None, run_after=None
[2024-06-04T07:56:00.611+0000] {processor.py:183} INFO - Processing /home/airflow/.local/lib/python3.8/site-packages/airflow/example_dags/example_sensors.py took 0.073 seconds
[2024-06-04T07:56:31.267+0000] {processor.py:161} INFO - Started process (PID=764) to work on /home/airflow/.local/lib/python3.8/site-packages/airflow/example_dags/example_sensors.py
[2024-06-04T07:56:31.268+0000] {processor.py:830} INFO - Processing file /home/airflow/.local/lib/python3.8/site-packages/airflow/example_dags/example_sensors.py for tasks to queue
[2024-06-04T07:56:31.270+0000] {logging_mixin.py:188} INFO - [2024-06-04T07:56:31.270+0000] {dagbag.py:540} INFO - Filling up the DagBag from /home/airflow/.local/lib/python3.8/site-packages/airflow/example_dags/example_sensors.py
[2024-06-04T07:56:31.279+0000] {processor.py:840} INFO - DAG(s) 'example_sensors' retrieved from /home/airflow/.local/lib/python3.8/site-packages/airflow/example_dags/example_sensors.py
[2024-06-04T07:56:31.307+0000] {logging_mixin.py:188} INFO - [2024-06-04T07:56:31.307+0000] {dag.py:3047} INFO - Sync 1 DAGs
[2024-06-04T07:56:31.320+0000] {logging_mixin.py:188} INFO - [2024-06-04T07:56:31.319+0000] {dag.py:3834} INFO - Setting next_dagrun for example_sensors to None, run_after=None
[2024-06-04T07:56:31.341+0000] {processor.py:183} INFO - Processing /home/airflow/.local/lib/python3.8/site-packages/airflow/example_dags/example_sensors.py took 0.078 seconds
[2024-06-04T07:57:01.854+0000] {processor.py:161} INFO - Started process (PID=822) to work on /home/airflow/.local/lib/python3.8/site-packages/airflow/example_dags/example_sensors.py
[2024-06-04T07:57:01.855+0000] {processor.py:830} INFO - Processing file /home/airflow/.local/lib/python3.8/site-packages/airflow/example_dags/example_sensors.py for tasks to queue
[2024-06-04T07:57:01.857+0000] {logging_mixin.py:188} INFO - [2024-06-04T07:57:01.857+0000] {dagbag.py:540} INFO - Filling up the DagBag from /home/airflow/.local/lib/python3.8/site-packages/airflow/example_dags/example_sensors.py
[2024-06-04T07:57:01.867+0000] {processor.py:840} INFO - DAG(s) 'example_sensors' retrieved from /home/airflow/.local/lib/python3.8/site-packages/airflow/example_dags/example_sensors.py
[2024-06-04T07:57:01.900+0000] {logging_mixin.py:188} INFO - [2024-06-04T07:57:01.900+0000] {dag.py:3047} INFO - Sync 1 DAGs
[2024-06-04T07:57:01.916+0000] {logging_mixin.py:188} INFO - [2024-06-04T07:57:01.915+0000] {dag.py:3834} INFO - Setting next_dagrun for example_sensors to None, run_after=None
[2024-06-04T07:57:01.938+0000] {processor.py:183} INFO - Processing /home/airflow/.local/lib/python3.8/site-packages/airflow/example_dags/example_sensors.py took 0.087 seconds
[2024-06-04T07:57:32.406+0000] {processor.py:161} INFO - Started process (PID=880) to work on /home/airflow/.local/lib/python3.8/site-packages/airflow/example_dags/example_sensors.py
[2024-06-04T07:57:32.407+0000] {processor.py:830} INFO - Processing file /home/airflow/.local/lib/python3.8/site-packages/airflow/example_dags/example_sensors.py for tasks to queue
[2024-06-04T07:57:32.409+0000] {logging_mixin.py:188} INFO - [2024-06-04T07:57:32.409+0000] {dagbag.py:540} INFO - Filling up the DagBag from /home/airflow/.local/lib/python3.8/site-packages/airflow/example_dags/example_sensors.py
[2024-06-04T07:57:32.419+0000] {processor.py:840} INFO - DAG(s) 'example_sensors' retrieved from /home/airflow/.local/lib/python3.8/site-packages/airflow/example_dags/example_sensors.py
[2024-06-04T07:57:32.449+0000] {logging_mixin.py:188} INFO - [2024-06-04T07:57:32.448+0000] {dag.py:3047} INFO - Sync 1 DAGs
[2024-06-04T07:57:32.461+0000] {logging_mixin.py:188} INFO - [2024-06-04T07:57:32.461+0000] {dag.py:3834} INFO - Setting next_dagrun for example_sensors to None, run_after=None
[2024-06-04T07:57:32.478+0000] {processor.py:183} INFO - Processing /home/airflow/.local/lib/python3.8/site-packages/airflow/example_dags/example_sensors.py took 0.076 seconds
[2024-06-04T07:58:02.907+0000] {processor.py:161} INFO - Started process (PID=938) to work on /home/airflow/.local/lib/python3.8/site-packages/airflow/example_dags/example_sensors.py
[2024-06-04T07:58:02.908+0000] {processor.py:830} INFO - Processing file /home/airflow/.local/lib/python3.8/site-packages/airflow/example_dags/example_sensors.py for tasks to queue
[2024-06-04T07:58:02.910+0000] {logging_mixin.py:188} INFO - [2024-06-04T07:58:02.910+0000] {dagbag.py:540} INFO - Filling up the DagBag from /home/airflow/.local/lib/python3.8/site-packages/airflow/example_dags/example_sensors.py
[2024-06-04T07:58:02.920+0000] {processor.py:840} INFO - DAG(s) 'example_sensors' retrieved from /home/airflow/.local/lib/python3.8/site-packages/airflow/example_dags/example_sensors.py
[2024-06-04T07:58:02.953+0000] {logging_mixin.py:188} INFO - [2024-06-04T07:58:02.953+0000] {dag.py:3047} INFO - Sync 1 DAGs
[2024-06-04T07:58:02.966+0000] {logging_mixin.py:188} INFO - [2024-06-04T07:58:02.966+0000] {dag.py:3834} INFO - Setting next_dagrun for example_sensors to None, run_after=None
[2024-06-04T07:58:02.985+0000] {processor.py:183} INFO - Processing /home/airflow/.local/lib/python3.8/site-packages/airflow/example_dags/example_sensors.py took 0.083 seconds
[2024-06-04T07:58:33.356+0000] {processor.py:161} INFO - Started process (PID=996) to work on /home/airflow/.local/lib/python3.8/site-packages/airflow/example_dags/example_sensors.py
[2024-06-04T07:58:33.358+0000] {processor.py:830} INFO - Processing file /home/airflow/.local/lib/python3.8/site-packages/airflow/example_dags/example_sensors.py for tasks to queue
[2024-06-04T07:58:33.360+0000] {logging_mixin.py:188} INFO - [2024-06-04T07:58:33.359+0000] {dagbag.py:540} INFO - Filling up the DagBag from /home/airflow/.local/lib/python3.8/site-packages/airflow/example_dags/example_sensors.py
[2024-06-04T07:58:33.369+0000] {processor.py:840} INFO - DAG(s) 'example_sensors' retrieved from /home/airflow/.local/lib/python3.8/site-packages/airflow/example_dags/example_sensors.py
[2024-06-04T07:58:33.399+0000] {logging_mixin.py:188} INFO - [2024-06-04T07:58:33.399+0000] {dag.py:3047} INFO - Sync 1 DAGs
[2024-06-04T07:58:33.413+0000] {logging_mixin.py:188} INFO - [2024-06-04T07:58:33.413+0000] {dag.py:3834} INFO - Setting next_dagrun for example_sensors to None, run_after=None
[2024-06-04T07:58:33.432+0000] {processor.py:183} INFO - Processing /home/airflow/.local/lib/python3.8/site-packages/airflow/example_dags/example_sensors.py took 0.080 seconds
[2024-06-04T07:59:04.299+0000] {processor.py:161} INFO - Started process (PID=1054) to work on /home/airflow/.local/lib/python3.8/site-packages/airflow/example_dags/example_sensors.py
[2024-06-04T07:59:04.300+0000] {processor.py:830} INFO - Processing file /home/airflow/.local/lib/python3.8/site-packages/airflow/example_dags/example_sensors.py for tasks to queue
[2024-06-04T07:59:04.302+0000] {logging_mixin.py:188} INFO - [2024-06-04T07:59:04.301+0000] {dagbag.py:540} INFO - Filling up the DagBag from /home/airflow/.local/lib/python3.8/site-packages/airflow/example_dags/example_sensors.py
[2024-06-04T07:59:04.311+0000] {processor.py:840} INFO - DAG(s) 'example_sensors' retrieved from /home/airflow/.local/lib/python3.8/site-packages/airflow/example_dags/example_sensors.py
[2024-06-04T07:59:04.343+0000] {logging_mixin.py:188} INFO - [2024-06-04T07:59:04.342+0000] {dag.py:3047} INFO - Sync 1 DAGs
[2024-06-04T07:59:04.358+0000] {logging_mixin.py:188} INFO - [2024-06-04T07:59:04.357+0000] {dag.py:3834} INFO - Setting next_dagrun for example_sensors to None, run_after=None
[2024-06-04T07:59:04.378+0000] {processor.py:183} INFO - Processing /home/airflow/.local/lib/python3.8/site-packages/airflow/example_dags/example_sensors.py took 0.083 seconds
[2024-06-04T07:59:34.744+0000] {processor.py:161} INFO - Started process (PID=1119) to work on /home/airflow/.local/lib/python3.8/site-packages/airflow/example_dags/example_sensors.py
[2024-06-04T07:59:34.746+0000] {processor.py:830} INFO - Processing file /home/airflow/.local/lib/python3.8/site-packages/airflow/example_dags/example_sensors.py for tasks to queue
[2024-06-04T07:59:34.747+0000] {logging_mixin.py:188} INFO - [2024-06-04T07:59:34.747+0000] {dagbag.py:540} INFO - Filling up the DagBag from /home/airflow/.local/lib/python3.8/site-packages/airflow/example_dags/example_sensors.py
[2024-06-04T07:59:34.756+0000] {processor.py:840} INFO - DAG(s) 'example_sensors' retrieved from /home/airflow/.local/lib/python3.8/site-packages/airflow/example_dags/example_sensors.py
[2024-06-04T07:59:34.783+0000] {logging_mixin.py:188} INFO - [2024-06-04T07:59:34.783+0000] {dag.py:3047} INFO - Sync 1 DAGs
[2024-06-04T07:59:34.807+0000] {logging_mixin.py:188} INFO - [2024-06-04T07:59:34.806+0000] {dag.py:3834} INFO - Setting next_dagrun for example_sensors to None, run_after=None
[2024-06-04T07:59:34.825+0000] {processor.py:183} INFO - Processing /home/airflow/.local/lib/python3.8/site-packages/airflow/example_dags/example_sensors.py took 0.085 seconds
[2024-06-04T08:00:05.663+0000] {processor.py:161} INFO - Started process (PID=1177) to work on /home/airflow/.local/lib/python3.8/site-packages/airflow/example_dags/example_sensors.py
[2024-06-04T08:00:05.664+0000] {processor.py:830} INFO - Processing file /home/airflow/.local/lib/python3.8/site-packages/airflow/example_dags/example_sensors.py for tasks to queue
[2024-06-04T08:00:05.666+0000] {logging_mixin.py:188} INFO - [2024-06-04T08:00:05.665+0000] {dagbag.py:540} INFO - Filling up the DagBag from /home/airflow/.local/lib/python3.8/site-packages/airflow/example_dags/example_sensors.py
[2024-06-04T08:00:05.708+0000] {processor.py:840} INFO - DAG(s) 'example_sensors' retrieved from /home/airflow/.local/lib/python3.8/site-packages/airflow/example_dags/example_sensors.py
[2024-06-04T08:00:05.736+0000] {logging_mixin.py:188} INFO - [2024-06-04T08:00:05.736+0000] {dag.py:3047} INFO - Sync 1 DAGs
[2024-06-04T08:00:05.749+0000] {logging_mixin.py:188} INFO - [2024-06-04T08:00:05.749+0000] {dag.py:3834} INFO - Setting next_dagrun for example_sensors to None, run_after=None
[2024-06-04T08:00:05.768+0000] {processor.py:183} INFO - Processing /home/airflow/.local/lib/python3.8/site-packages/airflow/example_dags/example_sensors.py took 0.109 seconds
[2024-06-04T08:00:36.014+0000] {processor.py:161} INFO - Started process (PID=1235) to work on /home/airflow/.local/lib/python3.8/site-packages/airflow/example_dags/example_sensors.py
[2024-06-04T08:00:36.015+0000] {processor.py:830} INFO - Processing file /home/airflow/.local/lib/python3.8/site-packages/airflow/example_dags/example_sensors.py for tasks to queue
[2024-06-04T08:00:36.017+0000] {logging_mixin.py:188} INFO - [2024-06-04T08:00:36.017+0000] {dagbag.py:540} INFO - Filling up the DagBag from /home/airflow/.local/lib/python3.8/site-packages/airflow/example_dags/example_sensors.py
[2024-06-04T08:00:36.027+0000] {processor.py:840} INFO - DAG(s) 'example_sensors' retrieved from /home/airflow/.local/lib/python3.8/site-packages/airflow/example_dags/example_sensors.py
[2024-06-04T08:00:36.059+0000] {logging_mixin.py:188} INFO - [2024-06-04T08:00:36.058+0000] {dag.py:3047} INFO - Sync 1 DAGs
[2024-06-04T08:00:36.072+0000] {logging_mixin.py:188} INFO - [2024-06-04T08:00:36.072+0000] {dag.py:3834} INFO - Setting next_dagrun for example_sensors to None, run_after=None
[2024-06-04T08:00:36.092+0000] {processor.py:183} INFO - Processing /home/airflow/.local/lib/python3.8/site-packages/airflow/example_dags/example_sensors.py took 0.082 seconds
[2024-06-04T08:01:06.946+0000] {processor.py:161} INFO - Started process (PID=1293) to work on /home/airflow/.local/lib/python3.8/site-packages/airflow/example_dags/example_sensors.py
[2024-06-04T08:01:06.947+0000] {processor.py:830} INFO - Processing file /home/airflow/.local/lib/python3.8/site-packages/airflow/example_dags/example_sensors.py for tasks to queue
[2024-06-04T08:01:06.949+0000] {logging_mixin.py:188} INFO - [2024-06-04T08:01:06.949+0000] {dagbag.py:540} INFO - Filling up the DagBag from /home/airflow/.local/lib/python3.8/site-packages/airflow/example_dags/example_sensors.py
[2024-06-04T08:01:06.958+0000] {processor.py:840} INFO - DAG(s) 'example_sensors' retrieved from /home/airflow/.local/lib/python3.8/site-packages/airflow/example_dags/example_sensors.py
[2024-06-04T08:01:06.989+0000] {logging_mixin.py:188} INFO - [2024-06-04T08:01:06.989+0000] {dag.py:3047} INFO - Sync 1 DAGs
[2024-06-04T08:01:07.006+0000] {logging_mixin.py:188} INFO - [2024-06-04T08:01:07.005+0000] {dag.py:3834} INFO - Setting next_dagrun for example_sensors to None, run_after=None
[2024-06-04T08:01:07.028+0000] {processor.py:183} INFO - Processing /home/airflow/.local/lib/python3.8/site-packages/airflow/example_dags/example_sensors.py took 0.086 seconds
[2024-06-04T08:01:37.608+0000] {processor.py:161} INFO - Started process (PID=1351) to work on /home/airflow/.local/lib/python3.8/site-packages/airflow/example_dags/example_sensors.py
[2024-06-04T08:01:37.609+0000] {processor.py:830} INFO - Processing file /home/airflow/.local/lib/python3.8/site-packages/airflow/example_dags/example_sensors.py for tasks to queue
[2024-06-04T08:01:37.611+0000] {logging_mixin.py:188} INFO - [2024-06-04T08:01:37.610+0000] {dagbag.py:540} INFO - Filling up the DagBag from /home/airflow/.local/lib/python3.8/site-packages/airflow/example_dags/example_sensors.py
[2024-06-04T08:01:37.622+0000] {processor.py:840} INFO - DAG(s) 'example_sensors' retrieved from /home/airflow/.local/lib/python3.8/site-packages/airflow/example_dags/example_sensors.py
[2024-06-04T08:01:37.651+0000] {logging_mixin.py:188} INFO - [2024-06-04T08:01:37.651+0000] {dag.py:3047} INFO - Sync 1 DAGs
[2024-06-04T08:01:37.665+0000] {logging_mixin.py:188} INFO - [2024-06-04T08:01:37.664+0000] {dag.py:3834} INFO - Setting next_dagrun for example_sensors to None, run_after=None
[2024-06-04T08:01:37.684+0000] {processor.py:183} INFO - Processing /home/airflow/.local/lib/python3.8/site-packages/airflow/example_dags/example_sensors.py took 0.080 seconds
[2024-06-04T08:02:07.765+0000] {processor.py:161} INFO - Started process (PID=1409) to work on /home/airflow/.local/lib/python3.8/site-packages/airflow/example_dags/example_sensors.py
[2024-06-04T08:02:07.768+0000] {processor.py:830} INFO - Processing file /home/airflow/.local/lib/python3.8/site-packages/airflow/example_dags/example_sensors.py for tasks to queue
[2024-06-04T08:02:07.770+0000] {logging_mixin.py:188} INFO - [2024-06-04T08:02:07.770+0000] {dagbag.py:540} INFO - Filling up the DagBag from /home/airflow/.local/lib/python3.8/site-packages/airflow/example_dags/example_sensors.py
[2024-06-04T08:02:07.781+0000] {processor.py:840} INFO - DAG(s) 'example_sensors' retrieved from /home/airflow/.local/lib/python3.8/site-packages/airflow/example_dags/example_sensors.py
[2024-06-04T08:02:07.811+0000] {logging_mixin.py:188} INFO - [2024-06-04T08:02:07.811+0000] {dag.py:3047} INFO - Sync 1 DAGs
[2024-06-04T08:02:07.826+0000] {logging_mixin.py:188} INFO - [2024-06-04T08:02:07.825+0000] {dag.py:3834} INFO - Setting next_dagrun for example_sensors to None, run_after=None
[2024-06-04T08:02:07.849+0000] {processor.py:183} INFO - Processing /home/airflow/.local/lib/python3.8/site-packages/airflow/example_dags/example_sensors.py took 0.087 seconds
[2024-06-04T08:02:38.830+0000] {processor.py:161} INFO - Started process (PID=1467) to work on /home/airflow/.local/lib/python3.8/site-packages/airflow/example_dags/example_sensors.py
[2024-06-04T08:02:38.831+0000] {processor.py:830} INFO - Processing file /home/airflow/.local/lib/python3.8/site-packages/airflow/example_dags/example_sensors.py for tasks to queue
[2024-06-04T08:02:38.833+0000] {logging_mixin.py:188} INFO - [2024-06-04T08:02:38.833+0000] {dagbag.py:540} INFO - Filling up the DagBag from /home/airflow/.local/lib/python3.8/site-packages/airflow/example_dags/example_sensors.py
[2024-06-04T08:02:38.843+0000] {processor.py:840} INFO - DAG(s) 'example_sensors' retrieved from /home/airflow/.local/lib/python3.8/site-packages/airflow/example_dags/example_sensors.py
[2024-06-04T08:02:38.874+0000] {logging_mixin.py:188} INFO - [2024-06-04T08:02:38.874+0000] {dag.py:3047} INFO - Sync 1 DAGs
[2024-06-04T08:02:38.887+0000] {logging_mixin.py:188} INFO - [2024-06-04T08:02:38.886+0000] {dag.py:3834} INFO - Setting next_dagrun for example_sensors to None, run_after=None
[2024-06-04T08:02:38.907+0000] {processor.py:183} INFO - Processing /home/airflow/.local/lib/python3.8/site-packages/airflow/example_dags/example_sensors.py took 0.081 seconds
[2024-06-04T08:03:09.013+0000] {processor.py:161} INFO - Started process (PID=1524) to work on /home/airflow/.local/lib/python3.8/site-packages/airflow/example_dags/example_sensors.py
[2024-06-04T08:03:09.015+0000] {processor.py:830} INFO - Processing file /home/airflow/.local/lib/python3.8/site-packages/airflow/example_dags/example_sensors.py for tasks to queue
[2024-06-04T08:03:09.017+0000] {logging_mixin.py:188} INFO - [2024-06-04T08:03:09.017+0000] {dagbag.py:540} INFO - Filling up the DagBag from /home/airflow/.local/lib/python3.8/site-packages/airflow/example_dags/example_sensors.py
[2024-06-04T08:03:09.027+0000] {processor.py:840} INFO - DAG(s) 'example_sensors' retrieved from /home/airflow/.local/lib/python3.8/site-packages/airflow/example_dags/example_sensors.py
[2024-06-04T08:03:09.058+0000] {logging_mixin.py:188} INFO - [2024-06-04T08:03:09.058+0000] {dag.py:3047} INFO - Sync 1 DAGs
[2024-06-04T08:03:09.072+0000] {logging_mixin.py:188} INFO - [2024-06-04T08:03:09.071+0000] {dag.py:3834} INFO - Setting next_dagrun for example_sensors to None, run_after=None
[2024-06-04T08:03:09.092+0000] {processor.py:183} INFO - Processing /home/airflow/.local/lib/python3.8/site-packages/airflow/example_dags/example_sensors.py took 0.083 seconds
[2024-06-04T08:03:39.206+0000] {processor.py:161} INFO - Started process (PID=1582) to work on /home/airflow/.local/lib/python3.8/site-packages/airflow/example_dags/example_sensors.py
[2024-06-04T08:03:39.207+0000] {processor.py:830} INFO - Processing file /home/airflow/.local/lib/python3.8/site-packages/airflow/example_dags/example_sensors.py for tasks to queue
[2024-06-04T08:03:39.209+0000] {logging_mixin.py:188} INFO - [2024-06-04T08:03:39.209+0000] {dagbag.py:540} INFO - Filling up the DagBag from /home/airflow/.local/lib/python3.8/site-packages/airflow/example_dags/example_sensors.py
[2024-06-04T08:03:39.219+0000] {processor.py:840} INFO - DAG(s) 'example_sensors' retrieved from /home/airflow/.local/lib/python3.8/site-packages/airflow/example_dags/example_sensors.py
[2024-06-04T08:03:39.251+0000] {logging_mixin.py:188} INFO - [2024-06-04T08:03:39.251+0000] {dag.py:3047} INFO - Sync 1 DAGs
[2024-06-04T08:03:39.267+0000] {logging_mixin.py:188} INFO - [2024-06-04T08:03:39.267+0000] {dag.py:3834} INFO - Setting next_dagrun for example_sensors to None, run_after=None
[2024-06-04T08:03:39.289+0000] {processor.py:183} INFO - Processing /home/airflow/.local/lib/python3.8/site-packages/airflow/example_dags/example_sensors.py took 0.087 seconds
[2024-06-04T08:04:09.630+0000] {processor.py:161} INFO - Started process (PID=1640) to work on /home/airflow/.local/lib/python3.8/site-packages/airflow/example_dags/example_sensors.py
[2024-06-04T08:04:09.631+0000] {processor.py:830} INFO - Processing file /home/airflow/.local/lib/python3.8/site-packages/airflow/example_dags/example_sensors.py for tasks to queue
[2024-06-04T08:04:09.633+0000] {logging_mixin.py:188} INFO - [2024-06-04T08:04:09.633+0000] {dagbag.py:540} INFO - Filling up the DagBag from /home/airflow/.local/lib/python3.8/site-packages/airflow/example_dags/example_sensors.py
[2024-06-04T08:04:09.643+0000] {processor.py:840} INFO - DAG(s) 'example_sensors' retrieved from /home/airflow/.local/lib/python3.8/site-packages/airflow/example_dags/example_sensors.py
[2024-06-04T08:04:09.671+0000] {logging_mixin.py:188} INFO - [2024-06-04T08:04:09.671+0000] {dag.py:3047} INFO - Sync 1 DAGs
[2024-06-04T08:04:09.684+0000] {logging_mixin.py:188} INFO - [2024-06-04T08:04:09.684+0000] {dag.py:3834} INFO - Setting next_dagrun for example_sensors to None, run_after=None
[2024-06-04T08:04:09.702+0000] {processor.py:183} INFO - Processing /home/airflow/.local/lib/python3.8/site-packages/airflow/example_dags/example_sensors.py took 0.075 seconds
[2024-06-04T08:04:40.020+0000] {processor.py:161} INFO - Started process (PID=1698) to work on /home/airflow/.local/lib/python3.8/site-packages/airflow/example_dags/example_sensors.py
[2024-06-04T08:04:40.021+0000] {processor.py:830} INFO - Processing file /home/airflow/.local/lib/python3.8/site-packages/airflow/example_dags/example_sensors.py for tasks to queue
[2024-06-04T08:04:40.023+0000] {logging_mixin.py:188} INFO - [2024-06-04T08:04:40.023+0000] {dagbag.py:540} INFO - Filling up the DagBag from /home/airflow/.local/lib/python3.8/site-packages/airflow/example_dags/example_sensors.py
[2024-06-04T08:04:40.033+0000] {processor.py:840} INFO - DAG(s) 'example_sensors' retrieved from /home/airflow/.local/lib/python3.8/site-packages/airflow/example_dags/example_sensors.py
[2024-06-04T08:04:40.062+0000] {logging_mixin.py:188} INFO - [2024-06-04T08:04:40.062+0000] {dag.py:3047} INFO - Sync 1 DAGs
[2024-06-04T08:04:40.077+0000] {logging_mixin.py:188} INFO - [2024-06-04T08:04:40.077+0000] {dag.py:3834} INFO - Setting next_dagrun for example_sensors to None, run_after=None
[2024-06-04T08:04:40.098+0000] {processor.py:183} INFO - Processing /home/airflow/.local/lib/python3.8/site-packages/airflow/example_dags/example_sensors.py took 0.082 seconds
[2024-06-04T08:05:10.448+0000] {processor.py:161} INFO - Started process (PID=1756) to work on /home/airflow/.local/lib/python3.8/site-packages/airflow/example_dags/example_sensors.py
[2024-06-04T08:05:10.450+0000] {processor.py:830} INFO - Processing file /home/airflow/.local/lib/python3.8/site-packages/airflow/example_dags/example_sensors.py for tasks to queue
[2024-06-04T08:05:10.451+0000] {logging_mixin.py:188} INFO - [2024-06-04T08:05:10.451+0000] {dagbag.py:540} INFO - Filling up the DagBag from /home/airflow/.local/lib/python3.8/site-packages/airflow/example_dags/example_sensors.py
[2024-06-04T08:05:10.461+0000] {processor.py:840} INFO - DAG(s) 'example_sensors' retrieved from /home/airflow/.local/lib/python3.8/site-packages/airflow/example_dags/example_sensors.py
[2024-06-04T08:05:10.491+0000] {logging_mixin.py:188} INFO - [2024-06-04T08:05:10.491+0000] {dag.py:3047} INFO - Sync 1 DAGs
[2024-06-04T08:05:10.504+0000] {logging_mixin.py:188} INFO - [2024-06-04T08:05:10.503+0000] {dag.py:3834} INFO - Setting next_dagrun for example_sensors to None, run_after=None
[2024-06-04T08:05:10.527+0000] {processor.py:183} INFO - Processing /home/airflow/.local/lib/python3.8/site-packages/airflow/example_dags/example_sensors.py took 0.082 seconds
[2024-06-04T08:05:40.748+0000] {processor.py:161} INFO - Started process (PID=1814) to work on /home/airflow/.local/lib/python3.8/site-packages/airflow/example_dags/example_sensors.py
[2024-06-04T08:05:40.749+0000] {processor.py:830} INFO - Processing file /home/airflow/.local/lib/python3.8/site-packages/airflow/example_dags/example_sensors.py for tasks to queue
[2024-06-04T08:05:40.751+0000] {logging_mixin.py:188} INFO - [2024-06-04T08:05:40.751+0000] {dagbag.py:540} INFO - Filling up the DagBag from /home/airflow/.local/lib/python3.8/site-packages/airflow/example_dags/example_sensors.py
[2024-06-04T08:05:40.760+0000] {processor.py:840} INFO - DAG(s) 'example_sensors' retrieved from /home/airflow/.local/lib/python3.8/site-packages/airflow/example_dags/example_sensors.py
[2024-06-04T08:05:40.789+0000] {logging_mixin.py:188} INFO - [2024-06-04T08:05:40.788+0000] {dag.py:3047} INFO - Sync 1 DAGs
[2024-06-04T08:05:40.803+0000] {logging_mixin.py:188} INFO - [2024-06-04T08:05:40.802+0000] {dag.py:3834} INFO - Setting next_dagrun for example_sensors to None, run_after=None
[2024-06-04T08:05:40.825+0000] {processor.py:183} INFO - Processing /home/airflow/.local/lib/python3.8/site-packages/airflow/example_dags/example_sensors.py took 0.082 seconds
[2024-06-04T08:06:11.674+0000] {processor.py:161} INFO - Started process (PID=1872) to work on /home/airflow/.local/lib/python3.8/site-packages/airflow/example_dags/example_sensors.py
[2024-06-04T08:06:11.675+0000] {processor.py:830} INFO - Processing file /home/airflow/.local/lib/python3.8/site-packages/airflow/example_dags/example_sensors.py for tasks to queue
[2024-06-04T08:06:11.677+0000] {logging_mixin.py:188} INFO - [2024-06-04T08:06:11.676+0000] {dagbag.py:540} INFO - Filling up the DagBag from /home/airflow/.local/lib/python3.8/site-packages/airflow/example_dags/example_sensors.py
[2024-06-04T08:06:11.687+0000] {processor.py:840} INFO - DAG(s) 'example_sensors' retrieved from /home/airflow/.local/lib/python3.8/site-packages/airflow/example_dags/example_sensors.py
[2024-06-04T08:06:11.722+0000] {logging_mixin.py:188} INFO - [2024-06-04T08:06:11.721+0000] {dag.py:3047} INFO - Sync 1 DAGs
[2024-06-04T08:06:11.739+0000] {logging_mixin.py:188} INFO - [2024-06-04T08:06:11.739+0000] {dag.py:3834} INFO - Setting next_dagrun for example_sensors to None, run_after=None
[2024-06-04T08:06:11.765+0000] {processor.py:183} INFO - Processing /home/airflow/.local/lib/python3.8/site-packages/airflow/example_dags/example_sensors.py took 0.095 seconds
[2024-06-04T08:06:42.329+0000] {processor.py:161} INFO - Started process (PID=1930) to work on /home/airflow/.local/lib/python3.8/site-packages/airflow/example_dags/example_sensors.py
[2024-06-04T08:06:42.331+0000] {processor.py:830} INFO - Processing file /home/airflow/.local/lib/python3.8/site-packages/airflow/example_dags/example_sensors.py for tasks to queue
[2024-06-04T08:06:42.334+0000] {logging_mixin.py:188} INFO - [2024-06-04T08:06:42.333+0000] {dagbag.py:540} INFO - Filling up the DagBag from /home/airflow/.local/lib/python3.8/site-packages/airflow/example_dags/example_sensors.py
[2024-06-04T08:06:42.347+0000] {processor.py:840} INFO - DAG(s) 'example_sensors' retrieved from /home/airflow/.local/lib/python3.8/site-packages/airflow/example_dags/example_sensors.py
[2024-06-04T08:06:42.407+0000] {logging_mixin.py:188} INFO - [2024-06-04T08:06:42.406+0000] {dag.py:3047} INFO - Sync 1 DAGs
[2024-06-04T08:06:42.423+0000] {logging_mixin.py:188} INFO - [2024-06-04T08:06:42.422+0000] {dag.py:3834} INFO - Setting next_dagrun for example_sensors to None, run_after=None
[2024-06-04T08:06:42.448+0000] {processor.py:183} INFO - Processing /home/airflow/.local/lib/python3.8/site-packages/airflow/example_dags/example_sensors.py took 0.124 seconds
[2024-06-04T08:07:12.897+0000] {processor.py:161} INFO - Started process (PID=1988) to work on /home/airflow/.local/lib/python3.8/site-packages/airflow/example_dags/example_sensors.py
[2024-06-04T08:07:12.898+0000] {processor.py:830} INFO - Processing file /home/airflow/.local/lib/python3.8/site-packages/airflow/example_dags/example_sensors.py for tasks to queue
[2024-06-04T08:07:12.901+0000] {logging_mixin.py:188} INFO - [2024-06-04T08:07:12.900+0000] {dagbag.py:540} INFO - Filling up the DagBag from /home/airflow/.local/lib/python3.8/site-packages/airflow/example_dags/example_sensors.py
[2024-06-04T08:07:12.914+0000] {processor.py:840} INFO - DAG(s) 'example_sensors' retrieved from /home/airflow/.local/lib/python3.8/site-packages/airflow/example_dags/example_sensors.py
[2024-06-04T08:07:12.956+0000] {logging_mixin.py:188} INFO - [2024-06-04T08:07:12.956+0000] {dag.py:3047} INFO - Sync 1 DAGs
[2024-06-04T08:07:12.974+0000] {logging_mixin.py:188} INFO - [2024-06-04T08:07:12.973+0000] {dag.py:3834} INFO - Setting next_dagrun for example_sensors to None, run_after=None
[2024-06-04T08:07:12.992+0000] {processor.py:183} INFO - Processing /home/airflow/.local/lib/python3.8/site-packages/airflow/example_dags/example_sensors.py took 0.098 seconds
[2024-06-04T08:07:44.252+0000] {processor.py:161} INFO - Started process (PID=2046) to work on /home/airflow/.local/lib/python3.8/site-packages/airflow/example_dags/example_sensors.py
[2024-06-04T08:07:44.253+0000] {processor.py:830} INFO - Processing file /home/airflow/.local/lib/python3.8/site-packages/airflow/example_dags/example_sensors.py for tasks to queue
[2024-06-04T08:07:44.255+0000] {logging_mixin.py:188} INFO - [2024-06-04T08:07:44.255+0000] {dagbag.py:540} INFO - Filling up the DagBag from /home/airflow/.local/lib/python3.8/site-packages/airflow/example_dags/example_sensors.py
[2024-06-04T08:07:44.304+0000] {processor.py:840} INFO - DAG(s) 'example_sensors' retrieved from /home/airflow/.local/lib/python3.8/site-packages/airflow/example_dags/example_sensors.py
[2024-06-04T08:07:44.336+0000] {logging_mixin.py:188} INFO - [2024-06-04T08:07:44.336+0000] {dag.py:3047} INFO - Sync 1 DAGs
[2024-06-04T08:07:44.591+0000] {logging_mixin.py:188} INFO - [2024-06-04T08:07:44.591+0000] {dag.py:3834} INFO - Setting next_dagrun for example_sensors to None, run_after=None
[2024-06-04T08:07:44.618+0000] {processor.py:183} INFO - Processing /home/airflow/.local/lib/python3.8/site-packages/airflow/example_dags/example_sensors.py took 0.371 seconds
[2024-06-04T08:08:14.730+0000] {processor.py:161} INFO - Started process (PID=2104) to work on /home/airflow/.local/lib/python3.8/site-packages/airflow/example_dags/example_sensors.py
[2024-06-04T08:08:14.732+0000] {processor.py:830} INFO - Processing file /home/airflow/.local/lib/python3.8/site-packages/airflow/example_dags/example_sensors.py for tasks to queue
[2024-06-04T08:08:14.733+0000] {logging_mixin.py:188} INFO - [2024-06-04T08:08:14.733+0000] {dagbag.py:540} INFO - Filling up the DagBag from /home/airflow/.local/lib/python3.8/site-packages/airflow/example_dags/example_sensors.py
[2024-06-04T08:08:14.743+0000] {processor.py:840} INFO - DAG(s) 'example_sensors' retrieved from /home/airflow/.local/lib/python3.8/site-packages/airflow/example_dags/example_sensors.py
[2024-06-04T08:08:14.771+0000] {logging_mixin.py:188} INFO - [2024-06-04T08:08:14.770+0000] {dag.py:3047} INFO - Sync 1 DAGs
[2024-06-04T08:08:14.784+0000] {logging_mixin.py:188} INFO - [2024-06-04T08:08:14.784+0000] {dag.py:3834} INFO - Setting next_dagrun for example_sensors to None, run_after=None
[2024-06-04T08:08:15.011+0000] {processor.py:183} INFO - Processing /home/airflow/.local/lib/python3.8/site-packages/airflow/example_dags/example_sensors.py took 0.284 seconds
[2024-06-04T08:08:45.828+0000] {processor.py:161} INFO - Started process (PID=2161) to work on /home/airflow/.local/lib/python3.8/site-packages/airflow/example_dags/example_sensors.py
[2024-06-04T08:08:45.830+0000] {processor.py:830} INFO - Processing file /home/airflow/.local/lib/python3.8/site-packages/airflow/example_dags/example_sensors.py for tasks to queue
[2024-06-04T08:08:45.832+0000] {logging_mixin.py:188} INFO - [2024-06-04T08:08:45.831+0000] {dagbag.py:540} INFO - Filling up the DagBag from /home/airflow/.local/lib/python3.8/site-packages/airflow/example_dags/example_sensors.py
[2024-06-04T08:08:45.843+0000] {processor.py:840} INFO - DAG(s) 'example_sensors' retrieved from /home/airflow/.local/lib/python3.8/site-packages/airflow/example_dags/example_sensors.py
[2024-06-04T08:08:45.879+0000] {logging_mixin.py:188} INFO - [2024-06-04T08:08:45.879+0000] {dag.py:3047} INFO - Sync 1 DAGs
[2024-06-04T08:08:45.896+0000] {logging_mixin.py:188} INFO - [2024-06-04T08:08:45.895+0000] {dag.py:3834} INFO - Setting next_dagrun for example_sensors to None, run_after=None
[2024-06-04T08:08:45.918+0000] {processor.py:183} INFO - Processing /home/airflow/.local/lib/python3.8/site-packages/airflow/example_dags/example_sensors.py took 0.094 seconds
[2024-06-04T08:09:16.249+0000] {processor.py:161} INFO - Started process (PID=2219) to work on /home/airflow/.local/lib/python3.8/site-packages/airflow/example_dags/example_sensors.py
[2024-06-04T08:09:16.250+0000] {processor.py:830} INFO - Processing file /home/airflow/.local/lib/python3.8/site-packages/airflow/example_dags/example_sensors.py for tasks to queue
[2024-06-04T08:09:16.252+0000] {logging_mixin.py:188} INFO - [2024-06-04T08:09:16.252+0000] {dagbag.py:540} INFO - Filling up the DagBag from /home/airflow/.local/lib/python3.8/site-packages/airflow/example_dags/example_sensors.py
[2024-06-04T08:09:16.264+0000] {processor.py:840} INFO - DAG(s) 'example_sensors' retrieved from /home/airflow/.local/lib/python3.8/site-packages/airflow/example_dags/example_sensors.py
[2024-06-04T08:09:16.298+0000] {logging_mixin.py:188} INFO - [2024-06-04T08:09:16.298+0000] {dag.py:3047} INFO - Sync 1 DAGs
[2024-06-04T08:09:16.313+0000] {logging_mixin.py:188} INFO - [2024-06-04T08:09:16.313+0000] {dag.py:3834} INFO - Setting next_dagrun for example_sensors to None, run_after=None
[2024-06-04T08:09:16.336+0000] {processor.py:183} INFO - Processing /home/airflow/.local/lib/python3.8/site-packages/airflow/example_dags/example_sensors.py took 0.091 seconds
[2024-06-04T08:09:46.876+0000] {processor.py:161} INFO - Started process (PID=2277) to work on /home/airflow/.local/lib/python3.8/site-packages/airflow/example_dags/example_sensors.py
[2024-06-04T08:09:46.877+0000] {processor.py:830} INFO - Processing file /home/airflow/.local/lib/python3.8/site-packages/airflow/example_dags/example_sensors.py for tasks to queue
[2024-06-04T08:09:46.879+0000] {logging_mixin.py:188} INFO - [2024-06-04T08:09:46.878+0000] {dagbag.py:540} INFO - Filling up the DagBag from /home/airflow/.local/lib/python3.8/site-packages/airflow/example_dags/example_sensors.py
[2024-06-04T08:09:46.888+0000] {processor.py:840} INFO - DAG(s) 'example_sensors' retrieved from /home/airflow/.local/lib/python3.8/site-packages/airflow/example_dags/example_sensors.py
[2024-06-04T08:09:46.918+0000] {logging_mixin.py:188} INFO - [2024-06-04T08:09:46.918+0000] {dag.py:3047} INFO - Sync 1 DAGs
[2024-06-04T08:09:46.933+0000] {logging_mixin.py:188} INFO - [2024-06-04T08:09:46.933+0000] {dag.py:3834} INFO - Setting next_dagrun for example_sensors to None, run_after=None
[2024-06-04T08:09:46.955+0000] {processor.py:183} INFO - Processing /home/airflow/.local/lib/python3.8/site-packages/airflow/example_dags/example_sensors.py took 0.083 seconds
[2024-06-04T08:10:17.317+0000] {processor.py:161} INFO - Started process (PID=2335) to work on /home/airflow/.local/lib/python3.8/site-packages/airflow/example_dags/example_sensors.py
[2024-06-04T08:10:17.318+0000] {processor.py:830} INFO - Processing file /home/airflow/.local/lib/python3.8/site-packages/airflow/example_dags/example_sensors.py for tasks to queue
[2024-06-04T08:10:17.320+0000] {logging_mixin.py:188} INFO - [2024-06-04T08:10:17.319+0000] {dagbag.py:540} INFO - Filling up the DagBag from /home/airflow/.local/lib/python3.8/site-packages/airflow/example_dags/example_sensors.py
[2024-06-04T08:10:17.329+0000] {processor.py:840} INFO - DAG(s) 'example_sensors' retrieved from /home/airflow/.local/lib/python3.8/site-packages/airflow/example_dags/example_sensors.py
[2024-06-04T08:10:17.358+0000] {logging_mixin.py:188} INFO - [2024-06-04T08:10:17.357+0000] {dag.py:3047} INFO - Sync 1 DAGs
[2024-06-04T08:10:17.372+0000] {logging_mixin.py:188} INFO - [2024-06-04T08:10:17.371+0000] {dag.py:3834} INFO - Setting next_dagrun for example_sensors to None, run_after=None
[2024-06-04T08:10:17.391+0000] {processor.py:183} INFO - Processing /home/airflow/.local/lib/python3.8/site-packages/airflow/example_dags/example_sensors.py took 0.078 seconds
[2024-06-04T08:10:47.818+0000] {processor.py:161} INFO - Started process (PID=2393) to work on /home/airflow/.local/lib/python3.8/site-packages/airflow/example_dags/example_sensors.py
[2024-06-04T08:10:47.819+0000] {processor.py:830} INFO - Processing file /home/airflow/.local/lib/python3.8/site-packages/airflow/example_dags/example_sensors.py for tasks to queue
[2024-06-04T08:10:47.821+0000] {logging_mixin.py:188} INFO - [2024-06-04T08:10:47.821+0000] {dagbag.py:540} INFO - Filling up the DagBag from /home/airflow/.local/lib/python3.8/site-packages/airflow/example_dags/example_sensors.py
[2024-06-04T08:10:47.831+0000] {processor.py:840} INFO - DAG(s) 'example_sensors' retrieved from /home/airflow/.local/lib/python3.8/site-packages/airflow/example_dags/example_sensors.py
[2024-06-04T08:10:47.861+0000] {logging_mixin.py:188} INFO - [2024-06-04T08:10:47.860+0000] {dag.py:3047} INFO - Sync 1 DAGs
[2024-06-04T08:10:47.874+0000] {logging_mixin.py:188} INFO - [2024-06-04T08:10:47.873+0000] {dag.py:3834} INFO - Setting next_dagrun for example_sensors to None, run_after=None
[2024-06-04T08:10:47.894+0000] {processor.py:183} INFO - Processing /home/airflow/.local/lib/python3.8/site-packages/airflow/example_dags/example_sensors.py took 0.081 seconds
[2024-06-04T08:11:18.043+0000] {processor.py:161} INFO - Started process (PID=2452) to work on /home/airflow/.local/lib/python3.8/site-packages/airflow/example_dags/example_sensors.py
[2024-06-04T08:11:18.044+0000] {processor.py:830} INFO - Processing file /home/airflow/.local/lib/python3.8/site-packages/airflow/example_dags/example_sensors.py for tasks to queue
[2024-06-04T08:11:18.046+0000] {logging_mixin.py:188} INFO - [2024-06-04T08:11:18.046+0000] {dagbag.py:540} INFO - Filling up the DagBag from /home/airflow/.local/lib/python3.8/site-packages/airflow/example_dags/example_sensors.py
[2024-06-04T08:11:18.057+0000] {processor.py:840} INFO - DAG(s) 'example_sensors' retrieved from /home/airflow/.local/lib/python3.8/site-packages/airflow/example_dags/example_sensors.py
[2024-06-04T08:11:18.092+0000] {logging_mixin.py:188} INFO - [2024-06-04T08:11:18.092+0000] {dag.py:3047} INFO - Sync 1 DAGs
[2024-06-04T08:11:18.106+0000] {logging_mixin.py:188} INFO - [2024-06-04T08:11:18.105+0000] {dag.py:3834} INFO - Setting next_dagrun for example_sensors to None, run_after=None
[2024-06-04T08:11:18.131+0000] {processor.py:183} INFO - Processing /home/airflow/.local/lib/python3.8/site-packages/airflow/example_dags/example_sensors.py took 0.092 seconds
[2024-06-04T08:11:48.191+0000] {processor.py:161} INFO - Started process (PID=2511) to work on /home/airflow/.local/lib/python3.8/site-packages/airflow/example_dags/example_sensors.py
[2024-06-04T08:11:48.193+0000] {processor.py:830} INFO - Processing file /home/airflow/.local/lib/python3.8/site-packages/airflow/example_dags/example_sensors.py for tasks to queue
[2024-06-04T08:11:48.195+0000] {logging_mixin.py:188} INFO - [2024-06-04T08:11:48.195+0000] {dagbag.py:540} INFO - Filling up the DagBag from /home/airflow/.local/lib/python3.8/site-packages/airflow/example_dags/example_sensors.py
[2024-06-04T08:11:48.208+0000] {processor.py:840} INFO - DAG(s) 'example_sensors' retrieved from /home/airflow/.local/lib/python3.8/site-packages/airflow/example_dags/example_sensors.py
[2024-06-04T08:11:48.241+0000] {logging_mixin.py:188} INFO - [2024-06-04T08:11:48.241+0000] {dag.py:3047} INFO - Sync 1 DAGs
[2024-06-04T08:11:48.254+0000] {logging_mixin.py:188} INFO - [2024-06-04T08:11:48.254+0000] {dag.py:3834} INFO - Setting next_dagrun for example_sensors to None, run_after=None
[2024-06-04T08:11:48.276+0000] {processor.py:183} INFO - Processing /home/airflow/.local/lib/python3.8/site-packages/airflow/example_dags/example_sensors.py took 0.089 seconds
[2024-06-04T08:12:19.068+0000] {processor.py:161} INFO - Started process (PID=2570) to work on /home/airflow/.local/lib/python3.8/site-packages/airflow/example_dags/example_sensors.py
[2024-06-04T08:12:19.069+0000] {processor.py:830} INFO - Processing file /home/airflow/.local/lib/python3.8/site-packages/airflow/example_dags/example_sensors.py for tasks to queue
[2024-06-04T08:12:19.071+0000] {logging_mixin.py:188} INFO - [2024-06-04T08:12:19.071+0000] {dagbag.py:540} INFO - Filling up the DagBag from /home/airflow/.local/lib/python3.8/site-packages/airflow/example_dags/example_sensors.py
[2024-06-04T08:12:19.103+0000] {processor.py:840} INFO - DAG(s) 'example_sensors' retrieved from /home/airflow/.local/lib/python3.8/site-packages/airflow/example_dags/example_sensors.py
[2024-06-04T08:12:19.142+0000] {logging_mixin.py:188} INFO - [2024-06-04T08:12:19.141+0000] {dag.py:3047} INFO - Sync 1 DAGs
[2024-06-04T08:12:19.158+0000] {logging_mixin.py:188} INFO - [2024-06-04T08:12:19.157+0000] {dag.py:3834} INFO - Setting next_dagrun for example_sensors to None, run_after=None
[2024-06-04T08:12:19.178+0000] {processor.py:183} INFO - Processing /home/airflow/.local/lib/python3.8/site-packages/airflow/example_dags/example_sensors.py took 0.114 seconds
[2024-06-04T08:12:49.610+0000] {processor.py:161} INFO - Started process (PID=2629) to work on /home/airflow/.local/lib/python3.8/site-packages/airflow/example_dags/example_sensors.py
[2024-06-04T08:12:49.611+0000] {processor.py:830} INFO - Processing file /home/airflow/.local/lib/python3.8/site-packages/airflow/example_dags/example_sensors.py for tasks to queue
[2024-06-04T08:12:49.614+0000] {logging_mixin.py:188} INFO - [2024-06-04T08:12:49.613+0000] {dagbag.py:540} INFO - Filling up the DagBag from /home/airflow/.local/lib/python3.8/site-packages/airflow/example_dags/example_sensors.py
[2024-06-04T08:12:49.625+0000] {processor.py:840} INFO - DAG(s) 'example_sensors' retrieved from /home/airflow/.local/lib/python3.8/site-packages/airflow/example_dags/example_sensors.py
[2024-06-04T08:12:49.659+0000] {logging_mixin.py:188} INFO - [2024-06-04T08:12:49.659+0000] {dag.py:3047} INFO - Sync 1 DAGs
[2024-06-04T08:12:49.713+0000] {logging_mixin.py:188} INFO - [2024-06-04T08:12:49.712+0000] {dag.py:3834} INFO - Setting next_dagrun for example_sensors to None, run_after=None
[2024-06-04T08:12:49.739+0000] {processor.py:183} INFO - Processing /home/airflow/.local/lib/python3.8/site-packages/airflow/example_dags/example_sensors.py took 0.133 seconds
[2024-06-04T08:13:19.901+0000] {processor.py:161} INFO - Started process (PID=2687) to work on /home/airflow/.local/lib/python3.8/site-packages/airflow/example_dags/example_sensors.py
[2024-06-04T08:13:19.902+0000] {processor.py:830} INFO - Processing file /home/airflow/.local/lib/python3.8/site-packages/airflow/example_dags/example_sensors.py for tasks to queue
[2024-06-04T08:13:19.905+0000] {logging_mixin.py:188} INFO - [2024-06-04T08:13:19.904+0000] {dagbag.py:540} INFO - Filling up the DagBag from /home/airflow/.local/lib/python3.8/site-packages/airflow/example_dags/example_sensors.py
[2024-06-04T08:13:19.921+0000] {processor.py:840} INFO - DAG(s) 'example_sensors' retrieved from /home/airflow/.local/lib/python3.8/site-packages/airflow/example_dags/example_sensors.py
[2024-06-04T08:13:19.965+0000] {logging_mixin.py:188} INFO - [2024-06-04T08:13:19.964+0000] {dag.py:3047} INFO - Sync 1 DAGs
[2024-06-04T08:13:19.983+0000] {logging_mixin.py:188} INFO - [2024-06-04T08:13:19.982+0000] {dag.py:3834} INFO - Setting next_dagrun for example_sensors to None, run_after=None
[2024-06-04T08:13:20.010+0000] {processor.py:183} INFO - Processing /home/airflow/.local/lib/python3.8/site-packages/airflow/example_dags/example_sensors.py took 0.114 seconds
[2024-06-04T08:13:50.938+0000] {processor.py:161} INFO - Started process (PID=2746) to work on /home/airflow/.local/lib/python3.8/site-packages/airflow/example_dags/example_sensors.py
[2024-06-04T08:13:50.940+0000] {processor.py:830} INFO - Processing file /home/airflow/.local/lib/python3.8/site-packages/airflow/example_dags/example_sensors.py for tasks to queue
[2024-06-04T08:13:50.943+0000] {logging_mixin.py:188} INFO - [2024-06-04T08:13:50.943+0000] {dagbag.py:540} INFO - Filling up the DagBag from /home/airflow/.local/lib/python3.8/site-packages/airflow/example_dags/example_sensors.py
[2024-06-04T08:13:51.008+0000] {processor.py:840} INFO - DAG(s) 'example_sensors' retrieved from /home/airflow/.local/lib/python3.8/site-packages/airflow/example_dags/example_sensors.py
[2024-06-04T08:13:51.028+0000] {logging_mixin.py:188} INFO - [2024-06-04T08:13:51.027+0000] {dag.py:3047} INFO - Sync 1 DAGs
[2024-06-04T08:13:51.047+0000] {logging_mixin.py:188} INFO - [2024-06-04T08:13:51.046+0000] {dag.py:3834} INFO - Setting next_dagrun for example_sensors to None, run_after=None
[2024-06-04T08:13:51.076+0000] {processor.py:183} INFO - Processing /home/airflow/.local/lib/python3.8/site-packages/airflow/example_dags/example_sensors.py took 0.143 seconds
[2024-06-04T08:14:21.729+0000] {processor.py:161} INFO - Started process (PID=2805) to work on /home/airflow/.local/lib/python3.8/site-packages/airflow/example_dags/example_sensors.py
[2024-06-04T08:14:21.730+0000] {processor.py:830} INFO - Processing file /home/airflow/.local/lib/python3.8/site-packages/airflow/example_dags/example_sensors.py for tasks to queue
[2024-06-04T08:14:21.733+0000] {logging_mixin.py:188} INFO - [2024-06-04T08:14:21.732+0000] {dagbag.py:540} INFO - Filling up the DagBag from /home/airflow/.local/lib/python3.8/site-packages/airflow/example_dags/example_sensors.py
[2024-06-04T08:14:21.745+0000] {processor.py:840} INFO - DAG(s) 'example_sensors' retrieved from /home/airflow/.local/lib/python3.8/site-packages/airflow/example_dags/example_sensors.py
[2024-06-04T08:14:21.909+0000] {logging_mixin.py:188} INFO - [2024-06-04T08:14:21.909+0000] {dag.py:3047} INFO - Sync 1 DAGs
[2024-06-04T08:14:21.923+0000] {logging_mixin.py:188} INFO - [2024-06-04T08:14:21.923+0000] {dag.py:3834} INFO - Setting next_dagrun for example_sensors to None, run_after=None
[2024-06-04T08:14:21.950+0000] {processor.py:183} INFO - Processing /home/airflow/.local/lib/python3.8/site-packages/airflow/example_dags/example_sensors.py took 0.226 seconds
[2024-06-04T08:14:52.047+0000] {processor.py:161} INFO - Started process (PID=2864) to work on /home/airflow/.local/lib/python3.8/site-packages/airflow/example_dags/example_sensors.py
[2024-06-04T08:14:52.049+0000] {processor.py:830} INFO - Processing file /home/airflow/.local/lib/python3.8/site-packages/airflow/example_dags/example_sensors.py for tasks to queue
[2024-06-04T08:14:52.051+0000] {logging_mixin.py:188} INFO - [2024-06-04T08:14:52.050+0000] {dagbag.py:540} INFO - Filling up the DagBag from /home/airflow/.local/lib/python3.8/site-packages/airflow/example_dags/example_sensors.py
[2024-06-04T08:14:52.062+0000] {processor.py:840} INFO - DAG(s) 'example_sensors' retrieved from /home/airflow/.local/lib/python3.8/site-packages/airflow/example_dags/example_sensors.py
[2024-06-04T08:14:52.095+0000] {logging_mixin.py:188} INFO - [2024-06-04T08:14:52.095+0000] {dag.py:3047} INFO - Sync 1 DAGs
[2024-06-04T08:14:52.110+0000] {logging_mixin.py:188} INFO - [2024-06-04T08:14:52.110+0000] {dag.py:3834} INFO - Setting next_dagrun for example_sensors to None, run_after=None
[2024-06-04T08:14:52.135+0000] {processor.py:183} INFO - Processing /home/airflow/.local/lib/python3.8/site-packages/airflow/example_dags/example_sensors.py took 0.092 seconds
[2024-06-04T08:15:36.206+0000] {processor.py:161} INFO - Started process (PID=2966) to work on /home/airflow/.local/lib/python3.8/site-packages/airflow/example_dags/example_sensors.py
[2024-06-04T08:15:36.208+0000] {processor.py:830} INFO - Processing file /home/airflow/.local/lib/python3.8/site-packages/airflow/example_dags/example_sensors.py for tasks to queue
[2024-06-04T08:15:36.211+0000] {logging_mixin.py:188} INFO - [2024-06-04T08:15:36.210+0000] {dagbag.py:540} INFO - Filling up the DagBag from /home/airflow/.local/lib/python3.8/site-packages/airflow/example_dags/example_sensors.py
[2024-06-04T08:15:36.327+0000] {processor.py:840} INFO - DAG(s) 'example_sensors' retrieved from /home/airflow/.local/lib/python3.8/site-packages/airflow/example_dags/example_sensors.py
[2024-06-04T08:15:36.714+0000] {logging_mixin.py:188} INFO - [2024-06-04T08:15:36.713+0000] {dag.py:3047} INFO - Sync 1 DAGs
[2024-06-04T08:15:36.913+0000] {logging_mixin.py:188} INFO - [2024-06-04T08:15:36.912+0000] {dag.py:3834} INFO - Setting next_dagrun for example_sensors to None, run_after=None
[2024-06-04T08:15:37.202+0000] {processor.py:183} INFO - Processing /home/airflow/.local/lib/python3.8/site-packages/airflow/example_dags/example_sensors.py took 1.089 seconds
[2024-06-04T08:16:08.106+0000] {processor.py:161} INFO - Started process (PID=3034) to work on /home/airflow/.local/lib/python3.8/site-packages/airflow/example_dags/example_sensors.py
[2024-06-04T08:16:08.107+0000] {processor.py:830} INFO - Processing file /home/airflow/.local/lib/python3.8/site-packages/airflow/example_dags/example_sensors.py for tasks to queue
[2024-06-04T08:16:08.109+0000] {logging_mixin.py:188} INFO - [2024-06-04T08:16:08.109+0000] {dagbag.py:540} INFO - Filling up the DagBag from /home/airflow/.local/lib/python3.8/site-packages/airflow/example_dags/example_sensors.py
[2024-06-04T08:16:08.120+0000] {processor.py:840} INFO - DAG(s) 'example_sensors' retrieved from /home/airflow/.local/lib/python3.8/site-packages/airflow/example_dags/example_sensors.py
[2024-06-04T08:16:08.316+0000] {logging_mixin.py:188} INFO - [2024-06-04T08:16:08.315+0000] {dag.py:3047} INFO - Sync 1 DAGs
[2024-06-04T08:16:08.411+0000] {logging_mixin.py:188} INFO - [2024-06-04T08:16:08.410+0000] {dag.py:3834} INFO - Setting next_dagrun for example_sensors to None, run_after=None
[2024-06-04T08:16:08.520+0000] {processor.py:183} INFO - Processing /home/airflow/.local/lib/python3.8/site-packages/airflow/example_dags/example_sensors.py took 0.501 seconds
[2024-06-04T08:16:39.408+0000] {processor.py:161} INFO - Started process (PID=3133) to work on /home/airflow/.local/lib/python3.8/site-packages/airflow/example_dags/example_sensors.py
[2024-06-04T08:16:39.414+0000] {processor.py:830} INFO - Processing file /home/airflow/.local/lib/python3.8/site-packages/airflow/example_dags/example_sensors.py for tasks to queue
[2024-06-04T08:16:39.417+0000] {logging_mixin.py:188} INFO - [2024-06-04T08:16:39.416+0000] {dagbag.py:540} INFO - Filling up the DagBag from /home/airflow/.local/lib/python3.8/site-packages/airflow/example_dags/example_sensors.py
[2024-06-04T08:16:39.511+0000] {processor.py:840} INFO - DAG(s) 'example_sensors' retrieved from /home/airflow/.local/lib/python3.8/site-packages/airflow/example_dags/example_sensors.py
[2024-06-04T08:16:39.822+0000] {logging_mixin.py:188} INFO - [2024-06-04T08:16:39.821+0000] {dag.py:3047} INFO - Sync 1 DAGs
[2024-06-04T08:16:40.002+0000] {logging_mixin.py:188} INFO - [2024-06-04T08:16:40.002+0000] {dag.py:3834} INFO - Setting next_dagrun for example_sensors to None, run_after=None
[2024-06-04T08:16:40.208+0000] {processor.py:183} INFO - Processing /home/airflow/.local/lib/python3.8/site-packages/airflow/example_dags/example_sensors.py took 0.806 seconds
[2024-06-04T08:17:10.607+0000] {processor.py:161} INFO - Started process (PID=3197) to work on /home/airflow/.local/lib/python3.8/site-packages/airflow/example_dags/example_sensors.py
[2024-06-04T08:17:10.609+0000] {processor.py:830} INFO - Processing file /home/airflow/.local/lib/python3.8/site-packages/airflow/example_dags/example_sensors.py for tasks to queue
[2024-06-04T08:17:10.612+0000] {logging_mixin.py:188} INFO - [2024-06-04T08:17:10.611+0000] {dagbag.py:540} INFO - Filling up the DagBag from /home/airflow/.local/lib/python3.8/site-packages/airflow/example_dags/example_sensors.py
[2024-06-04T08:17:10.703+0000] {processor.py:840} INFO - DAG(s) 'example_sensors' retrieved from /home/airflow/.local/lib/python3.8/site-packages/airflow/example_dags/example_sensors.py
[2024-06-04T08:17:10.908+0000] {logging_mixin.py:188} INFO - [2024-06-04T08:17:10.907+0000] {dag.py:3047} INFO - Sync 1 DAGs
[2024-06-04T08:17:11.003+0000] {logging_mixin.py:188} INFO - [2024-06-04T08:17:11.003+0000] {dag.py:3834} INFO - Setting next_dagrun for example_sensors to None, run_after=None
[2024-06-04T08:17:11.113+0000] {processor.py:183} INFO - Processing /home/airflow/.local/lib/python3.8/site-packages/airflow/example_dags/example_sensors.py took 0.512 seconds
