[2024-06-04T07:51:20.626+0000] {processor.py:161} INFO - Started process (PID=166) to work on /home/airflow/.local/lib/python3.8/site-packages/airflow/example_dags/example_branch_python_dop_operator_3.py
[2024-06-04T07:51:20.628+0000] {processor.py:830} INFO - Processing file /home/airflow/.local/lib/python3.8/site-packages/airflow/example_dags/example_branch_python_dop_operator_3.py for tasks to queue
[2024-06-04T07:51:20.630+0000] {logging_mixin.py:188} INFO - [2024-06-04T07:51:20.629+0000] {dagbag.py:540} INFO - Filling up the DagBag from /home/airflow/.local/lib/python3.8/site-packages/airflow/example_dags/example_branch_python_dop_operator_3.py
[2024-06-04T07:51:20.643+0000] {processor.py:840} INFO - DAG(s) 'example_branch_dop_operator_v3' retrieved from /home/airflow/.local/lib/python3.8/site-packages/airflow/example_dags/example_branch_python_dop_operator_3.py
[2024-06-04T07:51:21.006+0000] {logging_mixin.py:188} INFO - [2024-06-04T07:51:21.005+0000] {dag.py:3047} INFO - Sync 1 DAGs
[2024-06-04T07:51:21.040+0000] {logging_mixin.py:188} INFO - [2024-06-04T07:51:21.040+0000] {dag.py:3834} INFO - Setting next_dagrun for example_branch_dop_operator_v3 to 2024-06-04 07:50:00+00:00, run_after=2024-06-04 07:51:00+00:00
[2024-06-04T07:51:21.126+0000] {processor.py:183} INFO - Processing /home/airflow/.local/lib/python3.8/site-packages/airflow/example_dags/example_branch_python_dop_operator_3.py took 0.505 seconds
[2024-06-04T07:51:51.329+0000] {processor.py:161} INFO - Started process (PID=224) to work on /home/airflow/.local/lib/python3.8/site-packages/airflow/example_dags/example_branch_python_dop_operator_3.py
[2024-06-04T07:51:51.331+0000] {processor.py:830} INFO - Processing file /home/airflow/.local/lib/python3.8/site-packages/airflow/example_dags/example_branch_python_dop_operator_3.py for tasks to queue
[2024-06-04T07:51:51.332+0000] {logging_mixin.py:188} INFO - [2024-06-04T07:51:51.332+0000] {dagbag.py:540} INFO - Filling up the DagBag from /home/airflow/.local/lib/python3.8/site-packages/airflow/example_dags/example_branch_python_dop_operator_3.py
[2024-06-04T07:51:51.342+0000] {processor.py:840} INFO - DAG(s) 'example_branch_dop_operator_v3' retrieved from /home/airflow/.local/lib/python3.8/site-packages/airflow/example_dags/example_branch_python_dop_operator_3.py
[2024-06-04T07:51:51.365+0000] {logging_mixin.py:188} INFO - [2024-06-04T07:51:51.364+0000] {dag.py:3047} INFO - Sync 1 DAGs
[2024-06-04T07:51:51.390+0000] {logging_mixin.py:188} INFO - [2024-06-04T07:51:51.390+0000] {dag.py:3834} INFO - Setting next_dagrun for example_branch_dop_operator_v3 to 2024-06-04 07:50:00+00:00, run_after=2024-06-04 07:51:00+00:00
[2024-06-04T07:51:51.410+0000] {processor.py:183} INFO - Processing /home/airflow/.local/lib/python3.8/site-packages/airflow/example_dags/example_branch_python_dop_operator_3.py took 0.084 seconds
[2024-06-04T07:52:21.756+0000] {processor.py:161} INFO - Started process (PID=282) to work on /home/airflow/.local/lib/python3.8/site-packages/airflow/example_dags/example_branch_python_dop_operator_3.py
[2024-06-04T07:52:21.757+0000] {processor.py:830} INFO - Processing file /home/airflow/.local/lib/python3.8/site-packages/airflow/example_dags/example_branch_python_dop_operator_3.py for tasks to queue
[2024-06-04T07:52:21.759+0000] {logging_mixin.py:188} INFO - [2024-06-04T07:52:21.759+0000] {dagbag.py:540} INFO - Filling up the DagBag from /home/airflow/.local/lib/python3.8/site-packages/airflow/example_dags/example_branch_python_dop_operator_3.py
[2024-06-04T07:52:21.770+0000] {processor.py:840} INFO - DAG(s) 'example_branch_dop_operator_v3' retrieved from /home/airflow/.local/lib/python3.8/site-packages/airflow/example_dags/example_branch_python_dop_operator_3.py
[2024-06-04T07:52:21.792+0000] {logging_mixin.py:188} INFO - [2024-06-04T07:52:21.791+0000] {dag.py:3047} INFO - Sync 1 DAGs
[2024-06-04T07:52:21.826+0000] {logging_mixin.py:188} INFO - [2024-06-04T07:52:21.826+0000] {dag.py:3834} INFO - Setting next_dagrun for example_branch_dop_operator_v3 to 2024-06-04 07:51:00+00:00, run_after=2024-06-04 07:52:00+00:00
[2024-06-04T07:52:21.851+0000] {processor.py:183} INFO - Processing /home/airflow/.local/lib/python3.8/site-packages/airflow/example_dags/example_branch_python_dop_operator_3.py took 0.099 seconds
[2024-06-04T07:52:52.041+0000] {processor.py:161} INFO - Started process (PID=340) to work on /home/airflow/.local/lib/python3.8/site-packages/airflow/example_dags/example_branch_python_dop_operator_3.py
[2024-06-04T07:52:52.042+0000] {processor.py:830} INFO - Processing file /home/airflow/.local/lib/python3.8/site-packages/airflow/example_dags/example_branch_python_dop_operator_3.py for tasks to queue
[2024-06-04T07:52:52.044+0000] {logging_mixin.py:188} INFO - [2024-06-04T07:52:52.044+0000] {dagbag.py:540} INFO - Filling up the DagBag from /home/airflow/.local/lib/python3.8/site-packages/airflow/example_dags/example_branch_python_dop_operator_3.py
[2024-06-04T07:52:52.055+0000] {processor.py:840} INFO - DAG(s) 'example_branch_dop_operator_v3' retrieved from /home/airflow/.local/lib/python3.8/site-packages/airflow/example_dags/example_branch_python_dop_operator_3.py
[2024-06-04T07:52:52.108+0000] {logging_mixin.py:188} INFO - [2024-06-04T07:52:52.107+0000] {dag.py:3047} INFO - Sync 1 DAGs
[2024-06-04T07:52:52.145+0000] {logging_mixin.py:188} INFO - [2024-06-04T07:52:52.145+0000] {dag.py:3834} INFO - Setting next_dagrun for example_branch_dop_operator_v3 to 2024-06-04 07:51:00+00:00, run_after=2024-06-04 07:52:00+00:00
[2024-06-04T07:52:52.214+0000] {processor.py:183} INFO - Processing /home/airflow/.local/lib/python3.8/site-packages/airflow/example_dags/example_branch_python_dop_operator_3.py took 0.178 seconds
[2024-06-04T07:53:22.264+0000] {processor.py:161} INFO - Started process (PID=398) to work on /home/airflow/.local/lib/python3.8/site-packages/airflow/example_dags/example_branch_python_dop_operator_3.py
[2024-06-04T07:53:22.266+0000] {processor.py:830} INFO - Processing file /home/airflow/.local/lib/python3.8/site-packages/airflow/example_dags/example_branch_python_dop_operator_3.py for tasks to queue
[2024-06-04T07:53:22.268+0000] {logging_mixin.py:188} INFO - [2024-06-04T07:53:22.268+0000] {dagbag.py:540} INFO - Filling up the DagBag from /home/airflow/.local/lib/python3.8/site-packages/airflow/example_dags/example_branch_python_dop_operator_3.py
[2024-06-04T07:53:22.280+0000] {processor.py:840} INFO - DAG(s) 'example_branch_dop_operator_v3' retrieved from /home/airflow/.local/lib/python3.8/site-packages/airflow/example_dags/example_branch_python_dop_operator_3.py
[2024-06-04T07:53:22.304+0000] {logging_mixin.py:188} INFO - [2024-06-04T07:53:22.304+0000] {dag.py:3047} INFO - Sync 1 DAGs
[2024-06-04T07:53:22.333+0000] {logging_mixin.py:188} INFO - [2024-06-04T07:53:22.332+0000] {dag.py:3834} INFO - Setting next_dagrun for example_branch_dop_operator_v3 to 2024-06-04 07:52:00+00:00, run_after=2024-06-04 07:53:00+00:00
[2024-06-04T07:53:22.354+0000] {processor.py:183} INFO - Processing /home/airflow/.local/lib/python3.8/site-packages/airflow/example_dags/example_branch_python_dop_operator_3.py took 0.094 seconds
[2024-06-04T07:53:52.667+0000] {processor.py:161} INFO - Started process (PID=456) to work on /home/airflow/.local/lib/python3.8/site-packages/airflow/example_dags/example_branch_python_dop_operator_3.py
[2024-06-04T07:53:52.668+0000] {processor.py:830} INFO - Processing file /home/airflow/.local/lib/python3.8/site-packages/airflow/example_dags/example_branch_python_dop_operator_3.py for tasks to queue
[2024-06-04T07:53:52.670+0000] {logging_mixin.py:188} INFO - [2024-06-04T07:53:52.670+0000] {dagbag.py:540} INFO - Filling up the DagBag from /home/airflow/.local/lib/python3.8/site-packages/airflow/example_dags/example_branch_python_dop_operator_3.py
[2024-06-04T07:53:52.679+0000] {processor.py:840} INFO - DAG(s) 'example_branch_dop_operator_v3' retrieved from /home/airflow/.local/lib/python3.8/site-packages/airflow/example_dags/example_branch_python_dop_operator_3.py
[2024-06-04T07:53:52.703+0000] {logging_mixin.py:188} INFO - [2024-06-04T07:53:52.702+0000] {dag.py:3047} INFO - Sync 1 DAGs
[2024-06-04T07:53:52.736+0000] {logging_mixin.py:188} INFO - [2024-06-04T07:53:52.735+0000] {dag.py:3834} INFO - Setting next_dagrun for example_branch_dop_operator_v3 to 2024-06-04 07:52:00+00:00, run_after=2024-06-04 07:53:00+00:00
[2024-06-04T07:53:52.758+0000] {processor.py:183} INFO - Processing /home/airflow/.local/lib/python3.8/site-packages/airflow/example_dags/example_branch_python_dop_operator_3.py took 0.094 seconds
[2024-06-04T07:54:23.048+0000] {processor.py:161} INFO - Started process (PID=514) to work on /home/airflow/.local/lib/python3.8/site-packages/airflow/example_dags/example_branch_python_dop_operator_3.py
[2024-06-04T07:54:23.050+0000] {processor.py:830} INFO - Processing file /home/airflow/.local/lib/python3.8/site-packages/airflow/example_dags/example_branch_python_dop_operator_3.py for tasks to queue
[2024-06-04T07:54:23.052+0000] {logging_mixin.py:188} INFO - [2024-06-04T07:54:23.051+0000] {dagbag.py:540} INFO - Filling up the DagBag from /home/airflow/.local/lib/python3.8/site-packages/airflow/example_dags/example_branch_python_dop_operator_3.py
[2024-06-04T07:54:23.061+0000] {processor.py:840} INFO - DAG(s) 'example_branch_dop_operator_v3' retrieved from /home/airflow/.local/lib/python3.8/site-packages/airflow/example_dags/example_branch_python_dop_operator_3.py
[2024-06-04T07:54:23.086+0000] {logging_mixin.py:188} INFO - [2024-06-04T07:54:23.085+0000] {dag.py:3047} INFO - Sync 1 DAGs
[2024-06-04T07:54:23.122+0000] {logging_mixin.py:188} INFO - [2024-06-04T07:54:23.122+0000] {dag.py:3834} INFO - Setting next_dagrun for example_branch_dop_operator_v3 to 2024-06-04 07:53:00+00:00, run_after=2024-06-04 07:54:00+00:00
[2024-06-04T07:54:23.145+0000] {processor.py:183} INFO - Processing /home/airflow/.local/lib/python3.8/site-packages/airflow/example_dags/example_branch_python_dop_operator_3.py took 0.101 seconds
[2024-06-04T07:54:53.415+0000] {processor.py:161} INFO - Started process (PID=572) to work on /home/airflow/.local/lib/python3.8/site-packages/airflow/example_dags/example_branch_python_dop_operator_3.py
[2024-06-04T07:54:53.416+0000] {processor.py:830} INFO - Processing file /home/airflow/.local/lib/python3.8/site-packages/airflow/example_dags/example_branch_python_dop_operator_3.py for tasks to queue
[2024-06-04T07:54:53.418+0000] {logging_mixin.py:188} INFO - [2024-06-04T07:54:53.418+0000] {dagbag.py:540} INFO - Filling up the DagBag from /home/airflow/.local/lib/python3.8/site-packages/airflow/example_dags/example_branch_python_dop_operator_3.py
[2024-06-04T07:54:53.428+0000] {processor.py:840} INFO - DAG(s) 'example_branch_dop_operator_v3' retrieved from /home/airflow/.local/lib/python3.8/site-packages/airflow/example_dags/example_branch_python_dop_operator_3.py
[2024-06-04T07:54:53.452+0000] {logging_mixin.py:188} INFO - [2024-06-04T07:54:53.452+0000] {dag.py:3047} INFO - Sync 1 DAGs
[2024-06-04T07:54:53.479+0000] {logging_mixin.py:188} INFO - [2024-06-04T07:54:53.479+0000] {dag.py:3834} INFO - Setting next_dagrun for example_branch_dop_operator_v3 to 2024-06-04 07:53:00+00:00, run_after=2024-06-04 07:54:00+00:00
[2024-06-04T07:54:53.497+0000] {processor.py:183} INFO - Processing /home/airflow/.local/lib/python3.8/site-packages/airflow/example_dags/example_branch_python_dop_operator_3.py took 0.086 seconds
[2024-06-04T07:55:23.611+0000] {processor.py:161} INFO - Started process (PID=630) to work on /home/airflow/.local/lib/python3.8/site-packages/airflow/example_dags/example_branch_python_dop_operator_3.py
[2024-06-04T07:55:23.612+0000] {processor.py:830} INFO - Processing file /home/airflow/.local/lib/python3.8/site-packages/airflow/example_dags/example_branch_python_dop_operator_3.py for tasks to queue
[2024-06-04T07:55:23.614+0000] {logging_mixin.py:188} INFO - [2024-06-04T07:55:23.614+0000] {dagbag.py:540} INFO - Filling up the DagBag from /home/airflow/.local/lib/python3.8/site-packages/airflow/example_dags/example_branch_python_dop_operator_3.py
[2024-06-04T07:55:23.624+0000] {processor.py:840} INFO - DAG(s) 'example_branch_dop_operator_v3' retrieved from /home/airflow/.local/lib/python3.8/site-packages/airflow/example_dags/example_branch_python_dop_operator_3.py
[2024-06-04T07:55:23.649+0000] {logging_mixin.py:188} INFO - [2024-06-04T07:55:23.648+0000] {dag.py:3047} INFO - Sync 1 DAGs
[2024-06-04T07:55:23.677+0000] {logging_mixin.py:188} INFO - [2024-06-04T07:55:23.677+0000] {dag.py:3834} INFO - Setting next_dagrun for example_branch_dop_operator_v3 to 2024-06-04 07:54:00+00:00, run_after=2024-06-04 07:55:00+00:00
[2024-06-04T07:55:23.693+0000] {processor.py:183} INFO - Processing /home/airflow/.local/lib/python3.8/site-packages/airflow/example_dags/example_branch_python_dop_operator_3.py took 0.086 seconds
[2024-06-04T07:55:54.507+0000] {processor.py:161} INFO - Started process (PID=688) to work on /home/airflow/.local/lib/python3.8/site-packages/airflow/example_dags/example_branch_python_dop_operator_3.py
[2024-06-04T07:55:54.508+0000] {processor.py:830} INFO - Processing file /home/airflow/.local/lib/python3.8/site-packages/airflow/example_dags/example_branch_python_dop_operator_3.py for tasks to queue
[2024-06-04T07:55:54.510+0000] {logging_mixin.py:188} INFO - [2024-06-04T07:55:54.510+0000] {dagbag.py:540} INFO - Filling up the DagBag from /home/airflow/.local/lib/python3.8/site-packages/airflow/example_dags/example_branch_python_dop_operator_3.py
[2024-06-04T07:55:54.520+0000] {processor.py:840} INFO - DAG(s) 'example_branch_dop_operator_v3' retrieved from /home/airflow/.local/lib/python3.8/site-packages/airflow/example_dags/example_branch_python_dop_operator_3.py
[2024-06-04T07:55:54.543+0000] {logging_mixin.py:188} INFO - [2024-06-04T07:55:54.542+0000] {dag.py:3047} INFO - Sync 1 DAGs
[2024-06-04T07:55:54.570+0000] {logging_mixin.py:188} INFO - [2024-06-04T07:55:54.570+0000] {dag.py:3834} INFO - Setting next_dagrun for example_branch_dop_operator_v3 to 2024-06-04 07:54:00+00:00, run_after=2024-06-04 07:55:00+00:00
[2024-06-04T07:55:54.585+0000] {processor.py:183} INFO - Processing /home/airflow/.local/lib/python3.8/site-packages/airflow/example_dags/example_branch_python_dop_operator_3.py took 0.083 seconds
[2024-06-04T07:56:25.233+0000] {processor.py:161} INFO - Started process (PID=746) to work on /home/airflow/.local/lib/python3.8/site-packages/airflow/example_dags/example_branch_python_dop_operator_3.py
[2024-06-04T07:56:25.234+0000] {processor.py:830} INFO - Processing file /home/airflow/.local/lib/python3.8/site-packages/airflow/example_dags/example_branch_python_dop_operator_3.py for tasks to queue
[2024-06-04T07:56:25.236+0000] {logging_mixin.py:188} INFO - [2024-06-04T07:56:25.236+0000] {dagbag.py:540} INFO - Filling up the DagBag from /home/airflow/.local/lib/python3.8/site-packages/airflow/example_dags/example_branch_python_dop_operator_3.py
[2024-06-04T07:56:25.246+0000] {processor.py:840} INFO - DAG(s) 'example_branch_dop_operator_v3' retrieved from /home/airflow/.local/lib/python3.8/site-packages/airflow/example_dags/example_branch_python_dop_operator_3.py
[2024-06-04T07:56:25.269+0000] {logging_mixin.py:188} INFO - [2024-06-04T07:56:25.269+0000] {dag.py:3047} INFO - Sync 1 DAGs
[2024-06-04T07:56:25.296+0000] {logging_mixin.py:188} INFO - [2024-06-04T07:56:25.296+0000] {dag.py:3834} INFO - Setting next_dagrun for example_branch_dop_operator_v3 to 2024-06-04 07:55:00+00:00, run_after=2024-06-04 07:56:00+00:00
[2024-06-04T07:56:25.315+0000] {processor.py:183} INFO - Processing /home/airflow/.local/lib/python3.8/site-packages/airflow/example_dags/example_branch_python_dop_operator_3.py took 0.086 seconds
[2024-06-04T07:56:55.752+0000] {processor.py:161} INFO - Started process (PID=804) to work on /home/airflow/.local/lib/python3.8/site-packages/airflow/example_dags/example_branch_python_dop_operator_3.py
[2024-06-04T07:56:55.753+0000] {processor.py:830} INFO - Processing file /home/airflow/.local/lib/python3.8/site-packages/airflow/example_dags/example_branch_python_dop_operator_3.py for tasks to queue
[2024-06-04T07:56:55.755+0000] {logging_mixin.py:188} INFO - [2024-06-04T07:56:55.755+0000] {dagbag.py:540} INFO - Filling up the DagBag from /home/airflow/.local/lib/python3.8/site-packages/airflow/example_dags/example_branch_python_dop_operator_3.py
[2024-06-04T07:56:55.765+0000] {processor.py:840} INFO - DAG(s) 'example_branch_dop_operator_v3' retrieved from /home/airflow/.local/lib/python3.8/site-packages/airflow/example_dags/example_branch_python_dop_operator_3.py
[2024-06-04T07:56:55.791+0000] {logging_mixin.py:188} INFO - [2024-06-04T07:56:55.790+0000] {dag.py:3047} INFO - Sync 1 DAGs
[2024-06-04T07:56:55.819+0000] {logging_mixin.py:188} INFO - [2024-06-04T07:56:55.819+0000] {dag.py:3834} INFO - Setting next_dagrun for example_branch_dop_operator_v3 to 2024-06-04 07:55:00+00:00, run_after=2024-06-04 07:56:00+00:00
[2024-06-04T07:56:55.838+0000] {processor.py:183} INFO - Processing /home/airflow/.local/lib/python3.8/site-packages/airflow/example_dags/example_branch_python_dop_operator_3.py took 0.089 seconds
[2024-06-04T07:57:26.274+0000] {processor.py:161} INFO - Started process (PID=862) to work on /home/airflow/.local/lib/python3.8/site-packages/airflow/example_dags/example_branch_python_dop_operator_3.py
[2024-06-04T07:57:26.276+0000] {processor.py:830} INFO - Processing file /home/airflow/.local/lib/python3.8/site-packages/airflow/example_dags/example_branch_python_dop_operator_3.py for tasks to queue
[2024-06-04T07:57:26.278+0000] {logging_mixin.py:188} INFO - [2024-06-04T07:57:26.277+0000] {dagbag.py:540} INFO - Filling up the DagBag from /home/airflow/.local/lib/python3.8/site-packages/airflow/example_dags/example_branch_python_dop_operator_3.py
[2024-06-04T07:57:26.287+0000] {processor.py:840} INFO - DAG(s) 'example_branch_dop_operator_v3' retrieved from /home/airflow/.local/lib/python3.8/site-packages/airflow/example_dags/example_branch_python_dop_operator_3.py
[2024-06-04T07:57:26.309+0000] {logging_mixin.py:188} INFO - [2024-06-04T07:57:26.308+0000] {dag.py:3047} INFO - Sync 1 DAGs
[2024-06-04T07:57:26.334+0000] {logging_mixin.py:188} INFO - [2024-06-04T07:57:26.334+0000] {dag.py:3834} INFO - Setting next_dagrun for example_branch_dop_operator_v3 to 2024-06-04 07:56:00+00:00, run_after=2024-06-04 07:57:00+00:00
[2024-06-04T07:57:26.351+0000] {processor.py:183} INFO - Processing /home/airflow/.local/lib/python3.8/site-packages/airflow/example_dags/example_branch_python_dop_operator_3.py took 0.081 seconds
[2024-06-04T07:57:56.769+0000] {processor.py:161} INFO - Started process (PID=920) to work on /home/airflow/.local/lib/python3.8/site-packages/airflow/example_dags/example_branch_python_dop_operator_3.py
[2024-06-04T07:57:56.770+0000] {processor.py:830} INFO - Processing file /home/airflow/.local/lib/python3.8/site-packages/airflow/example_dags/example_branch_python_dop_operator_3.py for tasks to queue
[2024-06-04T07:57:56.772+0000] {logging_mixin.py:188} INFO - [2024-06-04T07:57:56.772+0000] {dagbag.py:540} INFO - Filling up the DagBag from /home/airflow/.local/lib/python3.8/site-packages/airflow/example_dags/example_branch_python_dop_operator_3.py
[2024-06-04T07:57:56.781+0000] {processor.py:840} INFO - DAG(s) 'example_branch_dop_operator_v3' retrieved from /home/airflow/.local/lib/python3.8/site-packages/airflow/example_dags/example_branch_python_dop_operator_3.py
[2024-06-04T07:57:56.802+0000] {logging_mixin.py:188} INFO - [2024-06-04T07:57:56.802+0000] {dag.py:3047} INFO - Sync 1 DAGs
[2024-06-04T07:57:56.830+0000] {logging_mixin.py:188} INFO - [2024-06-04T07:57:56.829+0000] {dag.py:3834} INFO - Setting next_dagrun for example_branch_dop_operator_v3 to 2024-06-04 07:56:00+00:00, run_after=2024-06-04 07:57:00+00:00
[2024-06-04T07:57:56.850+0000] {processor.py:183} INFO - Processing /home/airflow/.local/lib/python3.8/site-packages/airflow/example_dags/example_branch_python_dop_operator_3.py took 0.085 seconds
[2024-06-04T07:58:27.246+0000] {processor.py:161} INFO - Started process (PID=978) to work on /home/airflow/.local/lib/python3.8/site-packages/airflow/example_dags/example_branch_python_dop_operator_3.py
[2024-06-04T07:58:27.247+0000] {processor.py:830} INFO - Processing file /home/airflow/.local/lib/python3.8/site-packages/airflow/example_dags/example_branch_python_dop_operator_3.py for tasks to queue
[2024-06-04T07:58:27.249+0000] {logging_mixin.py:188} INFO - [2024-06-04T07:58:27.248+0000] {dagbag.py:540} INFO - Filling up the DagBag from /home/airflow/.local/lib/python3.8/site-packages/airflow/example_dags/example_branch_python_dop_operator_3.py
[2024-06-04T07:58:27.258+0000] {processor.py:840} INFO - DAG(s) 'example_branch_dop_operator_v3' retrieved from /home/airflow/.local/lib/python3.8/site-packages/airflow/example_dags/example_branch_python_dop_operator_3.py
[2024-06-04T07:58:27.280+0000] {logging_mixin.py:188} INFO - [2024-06-04T07:58:27.280+0000] {dag.py:3047} INFO - Sync 1 DAGs
[2024-06-04T07:58:27.309+0000] {logging_mixin.py:188} INFO - [2024-06-04T07:58:27.309+0000] {dag.py:3834} INFO - Setting next_dagrun for example_branch_dop_operator_v3 to 2024-06-04 07:57:00+00:00, run_after=2024-06-04 07:58:00+00:00
[2024-06-04T07:58:27.327+0000] {processor.py:183} INFO - Processing /home/airflow/.local/lib/python3.8/site-packages/airflow/example_dags/example_branch_python_dop_operator_3.py took 0.085 seconds
[2024-06-04T07:58:58.135+0000] {processor.py:161} INFO - Started process (PID=1036) to work on /home/airflow/.local/lib/python3.8/site-packages/airflow/example_dags/example_branch_python_dop_operator_3.py
[2024-06-04T07:58:58.137+0000] {processor.py:830} INFO - Processing file /home/airflow/.local/lib/python3.8/site-packages/airflow/example_dags/example_branch_python_dop_operator_3.py for tasks to queue
[2024-06-04T07:58:58.139+0000] {logging_mixin.py:188} INFO - [2024-06-04T07:58:58.138+0000] {dagbag.py:540} INFO - Filling up the DagBag from /home/airflow/.local/lib/python3.8/site-packages/airflow/example_dags/example_branch_python_dop_operator_3.py
[2024-06-04T07:58:58.149+0000] {processor.py:840} INFO - DAG(s) 'example_branch_dop_operator_v3' retrieved from /home/airflow/.local/lib/python3.8/site-packages/airflow/example_dags/example_branch_python_dop_operator_3.py
[2024-06-04T07:58:58.223+0000] {logging_mixin.py:188} INFO - [2024-06-04T07:58:58.223+0000] {dag.py:3047} INFO - Sync 1 DAGs
[2024-06-04T07:58:58.302+0000] {logging_mixin.py:188} INFO - [2024-06-04T07:58:58.301+0000] {dag.py:3834} INFO - Setting next_dagrun for example_branch_dop_operator_v3 to 2024-06-04 07:57:00+00:00, run_after=2024-06-04 07:58:00+00:00
[2024-06-04T07:58:58.324+0000] {processor.py:183} INFO - Processing /home/airflow/.local/lib/python3.8/site-packages/airflow/example_dags/example_branch_python_dop_operator_3.py took 0.192 seconds
