[2024-06-04T07:51:24.007+0000] {processor.py:161} INFO - Started process (PID=176) to work on /home/airflow/.local/lib/python3.8/site-packages/airflow/example_dags/example_local_kubernetes_executor.py
[2024-06-04T07:51:24.009+0000] {processor.py:830} INFO - Processing file /home/airflow/.local/lib/python3.8/site-packages/airflow/example_dags/example_local_kubernetes_executor.py for tasks to queue
[2024-06-04T07:51:24.010+0000] {logging_mixin.py:188} INFO - [2024-06-04T07:51:24.010+0000] {dagbag.py:540} INFO - Filling up the DagBag from /home/airflow/.local/lib/python3.8/site-packages/airflow/example_dags/example_local_kubernetes_executor.py
[2024-06-04T07:51:24.024+0000] {processor.py:840} INFO - DAG(s) 'example_local_kubernetes_executor' retrieved from /home/airflow/.local/lib/python3.8/site-packages/airflow/example_dags/example_local_kubernetes_executor.py
[2024-06-04T07:51:24.209+0000] {logging_mixin.py:188} INFO - [2024-06-04T07:51:24.208+0000] {dag.py:3047} INFO - Sync 1 DAGs
[2024-06-04T07:51:24.221+0000] {logging_mixin.py:188} INFO - [2024-06-04T07:51:24.221+0000] {dag.py:3834} INFO - Setting next_dagrun for example_local_kubernetes_executor to None, run_after=None
[2024-06-04T07:51:24.243+0000] {processor.py:183} INFO - Processing /home/airflow/.local/lib/python3.8/site-packages/airflow/example_dags/example_local_kubernetes_executor.py took 0.240 seconds
[2024-06-04T07:51:54.993+0000] {processor.py:161} INFO - Started process (PID=234) to work on /home/airflow/.local/lib/python3.8/site-packages/airflow/example_dags/example_local_kubernetes_executor.py
[2024-06-04T07:51:54.994+0000] {processor.py:830} INFO - Processing file /home/airflow/.local/lib/python3.8/site-packages/airflow/example_dags/example_local_kubernetes_executor.py for tasks to queue
[2024-06-04T07:51:54.996+0000] {logging_mixin.py:188} INFO - [2024-06-04T07:51:54.996+0000] {dagbag.py:540} INFO - Filling up the DagBag from /home/airflow/.local/lib/python3.8/site-packages/airflow/example_dags/example_local_kubernetes_executor.py
[2024-06-04T07:51:55.006+0000] {processor.py:840} INFO - DAG(s) 'example_local_kubernetes_executor' retrieved from /home/airflow/.local/lib/python3.8/site-packages/airflow/example_dags/example_local_kubernetes_executor.py
[2024-06-04T07:51:55.037+0000] {logging_mixin.py:188} INFO - [2024-06-04T07:51:55.036+0000] {dag.py:3047} INFO - Sync 1 DAGs
[2024-06-04T07:51:55.051+0000] {logging_mixin.py:188} INFO - [2024-06-04T07:51:55.050+0000] {dag.py:3834} INFO - Setting next_dagrun for example_local_kubernetes_executor to None, run_after=None
[2024-06-04T07:51:55.070+0000] {processor.py:183} INFO - Processing /home/airflow/.local/lib/python3.8/site-packages/airflow/example_dags/example_local_kubernetes_executor.py took 0.081 seconds
[2024-06-04T07:52:25.441+0000] {processor.py:161} INFO - Started process (PID=292) to work on /home/airflow/.local/lib/python3.8/site-packages/airflow/example_dags/example_local_kubernetes_executor.py
[2024-06-04T07:52:25.443+0000] {processor.py:830} INFO - Processing file /home/airflow/.local/lib/python3.8/site-packages/airflow/example_dags/example_local_kubernetes_executor.py for tasks to queue
[2024-06-04T07:52:25.445+0000] {logging_mixin.py:188} INFO - [2024-06-04T07:52:25.445+0000] {dagbag.py:540} INFO - Filling up the DagBag from /home/airflow/.local/lib/python3.8/site-packages/airflow/example_dags/example_local_kubernetes_executor.py
[2024-06-04T07:52:25.456+0000] {processor.py:840} INFO - DAG(s) 'example_local_kubernetes_executor' retrieved from /home/airflow/.local/lib/python3.8/site-packages/airflow/example_dags/example_local_kubernetes_executor.py
[2024-06-04T07:52:25.520+0000] {logging_mixin.py:188} INFO - [2024-06-04T07:52:25.520+0000] {dag.py:3047} INFO - Sync 1 DAGs
[2024-06-04T07:52:25.537+0000] {logging_mixin.py:188} INFO - [2024-06-04T07:52:25.537+0000] {dag.py:3834} INFO - Setting next_dagrun for example_local_kubernetes_executor to None, run_after=None
[2024-06-04T07:52:25.560+0000] {processor.py:183} INFO - Processing /home/airflow/.local/lib/python3.8/site-packages/airflow/example_dags/example_local_kubernetes_executor.py took 0.124 seconds
[2024-06-04T07:52:55.649+0000] {processor.py:161} INFO - Started process (PID=350) to work on /home/airflow/.local/lib/python3.8/site-packages/airflow/example_dags/example_local_kubernetes_executor.py
[2024-06-04T07:52:55.650+0000] {processor.py:830} INFO - Processing file /home/airflow/.local/lib/python3.8/site-packages/airflow/example_dags/example_local_kubernetes_executor.py for tasks to queue
[2024-06-04T07:52:55.652+0000] {logging_mixin.py:188} INFO - [2024-06-04T07:52:55.652+0000] {dagbag.py:540} INFO - Filling up the DagBag from /home/airflow/.local/lib/python3.8/site-packages/airflow/example_dags/example_local_kubernetes_executor.py
[2024-06-04T07:52:55.661+0000] {processor.py:840} INFO - DAG(s) 'example_local_kubernetes_executor' retrieved from /home/airflow/.local/lib/python3.8/site-packages/airflow/example_dags/example_local_kubernetes_executor.py
[2024-06-04T07:52:55.687+0000] {logging_mixin.py:188} INFO - [2024-06-04T07:52:55.686+0000] {dag.py:3047} INFO - Sync 1 DAGs
[2024-06-04T07:52:55.700+0000] {logging_mixin.py:188} INFO - [2024-06-04T07:52:55.699+0000] {dag.py:3834} INFO - Setting next_dagrun for example_local_kubernetes_executor to None, run_after=None
[2024-06-04T07:52:55.726+0000] {processor.py:183} INFO - Processing /home/airflow/.local/lib/python3.8/site-packages/airflow/example_dags/example_local_kubernetes_executor.py took 0.081 seconds
[2024-06-04T07:53:25.938+0000] {processor.py:161} INFO - Started process (PID=408) to work on /home/airflow/.local/lib/python3.8/site-packages/airflow/example_dags/example_local_kubernetes_executor.py
[2024-06-04T07:53:25.939+0000] {processor.py:830} INFO - Processing file /home/airflow/.local/lib/python3.8/site-packages/airflow/example_dags/example_local_kubernetes_executor.py for tasks to queue
[2024-06-04T07:53:25.942+0000] {logging_mixin.py:188} INFO - [2024-06-04T07:53:25.941+0000] {dagbag.py:540} INFO - Filling up the DagBag from /home/airflow/.local/lib/python3.8/site-packages/airflow/example_dags/example_local_kubernetes_executor.py
[2024-06-04T07:53:25.952+0000] {processor.py:840} INFO - DAG(s) 'example_local_kubernetes_executor' retrieved from /home/airflow/.local/lib/python3.8/site-packages/airflow/example_dags/example_local_kubernetes_executor.py
[2024-06-04T07:53:25.985+0000] {logging_mixin.py:188} INFO - [2024-06-04T07:53:25.985+0000] {dag.py:3047} INFO - Sync 1 DAGs
[2024-06-04T07:53:26.001+0000] {logging_mixin.py:188} INFO - [2024-06-04T07:53:26.001+0000] {dag.py:3834} INFO - Setting next_dagrun for example_local_kubernetes_executor to None, run_after=None
[2024-06-04T07:53:26.025+0000] {processor.py:183} INFO - Processing /home/airflow/.local/lib/python3.8/site-packages/airflow/example_dags/example_local_kubernetes_executor.py took 0.092 seconds
[2024-06-04T07:53:56.506+0000] {processor.py:161} INFO - Started process (PID=466) to work on /home/airflow/.local/lib/python3.8/site-packages/airflow/example_dags/example_local_kubernetes_executor.py
[2024-06-04T07:53:56.507+0000] {processor.py:830} INFO - Processing file /home/airflow/.local/lib/python3.8/site-packages/airflow/example_dags/example_local_kubernetes_executor.py for tasks to queue
[2024-06-04T07:53:56.510+0000] {logging_mixin.py:188} INFO - [2024-06-04T07:53:56.509+0000] {dagbag.py:540} INFO - Filling up the DagBag from /home/airflow/.local/lib/python3.8/site-packages/airflow/example_dags/example_local_kubernetes_executor.py
[2024-06-04T07:53:56.520+0000] {processor.py:840} INFO - DAG(s) 'example_local_kubernetes_executor' retrieved from /home/airflow/.local/lib/python3.8/site-packages/airflow/example_dags/example_local_kubernetes_executor.py
[2024-06-04T07:53:56.602+0000] {logging_mixin.py:188} INFO - [2024-06-04T07:53:56.601+0000] {dag.py:3047} INFO - Sync 1 DAGs
[2024-06-04T07:53:56.616+0000] {logging_mixin.py:188} INFO - [2024-06-04T07:53:56.616+0000] {dag.py:3834} INFO - Setting next_dagrun for example_local_kubernetes_executor to None, run_after=None
[2024-06-04T07:53:56.642+0000] {processor.py:183} INFO - Processing /home/airflow/.local/lib/python3.8/site-packages/airflow/example_dags/example_local_kubernetes_executor.py took 0.140 seconds
[2024-06-04T07:54:27.535+0000] {processor.py:161} INFO - Started process (PID=524) to work on /home/airflow/.local/lib/python3.8/site-packages/airflow/example_dags/example_local_kubernetes_executor.py
[2024-06-04T07:54:27.536+0000] {processor.py:830} INFO - Processing file /home/airflow/.local/lib/python3.8/site-packages/airflow/example_dags/example_local_kubernetes_executor.py for tasks to queue
[2024-06-04T07:54:27.537+0000] {logging_mixin.py:188} INFO - [2024-06-04T07:54:27.537+0000] {dagbag.py:540} INFO - Filling up the DagBag from /home/airflow/.local/lib/python3.8/site-packages/airflow/example_dags/example_local_kubernetes_executor.py
[2024-06-04T07:54:27.547+0000] {processor.py:840} INFO - DAG(s) 'example_local_kubernetes_executor' retrieved from /home/airflow/.local/lib/python3.8/site-packages/airflow/example_dags/example_local_kubernetes_executor.py
[2024-06-04T07:54:27.575+0000] {logging_mixin.py:188} INFO - [2024-06-04T07:54:27.574+0000] {dag.py:3047} INFO - Sync 1 DAGs
[2024-06-04T07:54:27.589+0000] {logging_mixin.py:188} INFO - [2024-06-04T07:54:27.589+0000] {dag.py:3834} INFO - Setting next_dagrun for example_local_kubernetes_executor to None, run_after=None
[2024-06-04T07:54:27.609+0000] {processor.py:183} INFO - Processing /home/airflow/.local/lib/python3.8/site-packages/airflow/example_dags/example_local_kubernetes_executor.py took 0.078 seconds
[2024-06-04T07:54:58.061+0000] {processor.py:161} INFO - Started process (PID=582) to work on /home/airflow/.local/lib/python3.8/site-packages/airflow/example_dags/example_local_kubernetes_executor.py
[2024-06-04T07:54:58.062+0000] {processor.py:830} INFO - Processing file /home/airflow/.local/lib/python3.8/site-packages/airflow/example_dags/example_local_kubernetes_executor.py for tasks to queue
[2024-06-04T07:54:58.064+0000] {logging_mixin.py:188} INFO - [2024-06-04T07:54:58.064+0000] {dagbag.py:540} INFO - Filling up the DagBag from /home/airflow/.local/lib/python3.8/site-packages/airflow/example_dags/example_local_kubernetes_executor.py
[2024-06-04T07:54:58.073+0000] {processor.py:840} INFO - DAG(s) 'example_local_kubernetes_executor' retrieved from /home/airflow/.local/lib/python3.8/site-packages/airflow/example_dags/example_local_kubernetes_executor.py
[2024-06-04T07:54:58.100+0000] {logging_mixin.py:188} INFO - [2024-06-04T07:54:58.100+0000] {dag.py:3047} INFO - Sync 1 DAGs
[2024-06-04T07:54:58.115+0000] {logging_mixin.py:188} INFO - [2024-06-04T07:54:58.114+0000] {dag.py:3834} INFO - Setting next_dagrun for example_local_kubernetes_executor to None, run_after=None
[2024-06-04T07:54:58.136+0000] {processor.py:183} INFO - Processing /home/airflow/.local/lib/python3.8/site-packages/airflow/example_dags/example_local_kubernetes_executor.py took 0.079 seconds
[2024-06-04T07:55:28.339+0000] {processor.py:161} INFO - Started process (PID=640) to work on /home/airflow/.local/lib/python3.8/site-packages/airflow/example_dags/example_local_kubernetes_executor.py
[2024-06-04T07:55:28.340+0000] {processor.py:830} INFO - Processing file /home/airflow/.local/lib/python3.8/site-packages/airflow/example_dags/example_local_kubernetes_executor.py for tasks to queue
[2024-06-04T07:55:28.342+0000] {logging_mixin.py:188} INFO - [2024-06-04T07:55:28.342+0000] {dagbag.py:540} INFO - Filling up the DagBag from /home/airflow/.local/lib/python3.8/site-packages/airflow/example_dags/example_local_kubernetes_executor.py
[2024-06-04T07:55:28.351+0000] {processor.py:840} INFO - DAG(s) 'example_local_kubernetes_executor' retrieved from /home/airflow/.local/lib/python3.8/site-packages/airflow/example_dags/example_local_kubernetes_executor.py
[2024-06-04T07:55:28.378+0000] {logging_mixin.py:188} INFO - [2024-06-04T07:55:28.378+0000] {dag.py:3047} INFO - Sync 1 DAGs
[2024-06-04T07:55:28.391+0000] {logging_mixin.py:188} INFO - [2024-06-04T07:55:28.391+0000] {dag.py:3834} INFO - Setting next_dagrun for example_local_kubernetes_executor to None, run_after=None
[2024-06-04T07:55:28.409+0000] {processor.py:183} INFO - Processing /home/airflow/.local/lib/python3.8/site-packages/airflow/example_dags/example_local_kubernetes_executor.py took 0.074 seconds
[2024-06-04T07:55:59.051+0000] {processor.py:161} INFO - Started process (PID=698) to work on /home/airflow/.local/lib/python3.8/site-packages/airflow/example_dags/example_local_kubernetes_executor.py
[2024-06-04T07:55:59.052+0000] {processor.py:830} INFO - Processing file /home/airflow/.local/lib/python3.8/site-packages/airflow/example_dags/example_local_kubernetes_executor.py for tasks to queue
[2024-06-04T07:55:59.054+0000] {logging_mixin.py:188} INFO - [2024-06-04T07:55:59.054+0000] {dagbag.py:540} INFO - Filling up the DagBag from /home/airflow/.local/lib/python3.8/site-packages/airflow/example_dags/example_local_kubernetes_executor.py
[2024-06-04T07:55:59.063+0000] {processor.py:840} INFO - DAG(s) 'example_local_kubernetes_executor' retrieved from /home/airflow/.local/lib/python3.8/site-packages/airflow/example_dags/example_local_kubernetes_executor.py
[2024-06-04T07:55:59.091+0000] {logging_mixin.py:188} INFO - [2024-06-04T07:55:59.090+0000] {dag.py:3047} INFO - Sync 1 DAGs
[2024-06-04T07:55:59.104+0000] {logging_mixin.py:188} INFO - [2024-06-04T07:55:59.104+0000] {dag.py:3834} INFO - Setting next_dagrun for example_local_kubernetes_executor to None, run_after=None
[2024-06-04T07:55:59.126+0000] {processor.py:183} INFO - Processing /home/airflow/.local/lib/python3.8/site-packages/airflow/example_dags/example_local_kubernetes_executor.py took 0.078 seconds
[2024-06-04T07:56:29.794+0000] {processor.py:161} INFO - Started process (PID=756) to work on /home/airflow/.local/lib/python3.8/site-packages/airflow/example_dags/example_local_kubernetes_executor.py
[2024-06-04T07:56:29.796+0000] {processor.py:830} INFO - Processing file /home/airflow/.local/lib/python3.8/site-packages/airflow/example_dags/example_local_kubernetes_executor.py for tasks to queue
[2024-06-04T07:56:29.798+0000] {logging_mixin.py:188} INFO - [2024-06-04T07:56:29.797+0000] {dagbag.py:540} INFO - Filling up the DagBag from /home/airflow/.local/lib/python3.8/site-packages/airflow/example_dags/example_local_kubernetes_executor.py
[2024-06-04T07:56:29.806+0000] {processor.py:840} INFO - DAG(s) 'example_local_kubernetes_executor' retrieved from /home/airflow/.local/lib/python3.8/site-packages/airflow/example_dags/example_local_kubernetes_executor.py
[2024-06-04T07:56:29.834+0000] {logging_mixin.py:188} INFO - [2024-06-04T07:56:29.833+0000] {dag.py:3047} INFO - Sync 1 DAGs
[2024-06-04T07:56:29.847+0000] {logging_mixin.py:188} INFO - [2024-06-04T07:56:29.847+0000] {dag.py:3834} INFO - Setting next_dagrun for example_local_kubernetes_executor to None, run_after=None
[2024-06-04T07:56:29.866+0000] {processor.py:183} INFO - Processing /home/airflow/.local/lib/python3.8/site-packages/airflow/example_dags/example_local_kubernetes_executor.py took 0.075 seconds
[2024-06-04T07:57:00.377+0000] {processor.py:161} INFO - Started process (PID=814) to work on /home/airflow/.local/lib/python3.8/site-packages/airflow/example_dags/example_local_kubernetes_executor.py
[2024-06-04T07:57:00.378+0000] {processor.py:830} INFO - Processing file /home/airflow/.local/lib/python3.8/site-packages/airflow/example_dags/example_local_kubernetes_executor.py for tasks to queue
[2024-06-04T07:57:00.380+0000] {logging_mixin.py:188} INFO - [2024-06-04T07:57:00.380+0000] {dagbag.py:540} INFO - Filling up the DagBag from /home/airflow/.local/lib/python3.8/site-packages/airflow/example_dags/example_local_kubernetes_executor.py
[2024-06-04T07:57:00.389+0000] {processor.py:840} INFO - DAG(s) 'example_local_kubernetes_executor' retrieved from /home/airflow/.local/lib/python3.8/site-packages/airflow/example_dags/example_local_kubernetes_executor.py
[2024-06-04T07:57:00.417+0000] {logging_mixin.py:188} INFO - [2024-06-04T07:57:00.417+0000] {dag.py:3047} INFO - Sync 1 DAGs
[2024-06-04T07:57:00.430+0000] {logging_mixin.py:188} INFO - [2024-06-04T07:57:00.430+0000] {dag.py:3834} INFO - Setting next_dagrun for example_local_kubernetes_executor to None, run_after=None
[2024-06-04T07:57:00.452+0000] {processor.py:183} INFO - Processing /home/airflow/.local/lib/python3.8/site-packages/airflow/example_dags/example_local_kubernetes_executor.py took 0.079 seconds
[2024-06-04T07:57:30.920+0000] {processor.py:161} INFO - Started process (PID=872) to work on /home/airflow/.local/lib/python3.8/site-packages/airflow/example_dags/example_local_kubernetes_executor.py
[2024-06-04T07:57:30.922+0000] {processor.py:830} INFO - Processing file /home/airflow/.local/lib/python3.8/site-packages/airflow/example_dags/example_local_kubernetes_executor.py for tasks to queue
[2024-06-04T07:57:30.924+0000] {logging_mixin.py:188} INFO - [2024-06-04T07:57:30.923+0000] {dagbag.py:540} INFO - Filling up the DagBag from /home/airflow/.local/lib/python3.8/site-packages/airflow/example_dags/example_local_kubernetes_executor.py
[2024-06-04T07:57:30.933+0000] {processor.py:840} INFO - DAG(s) 'example_local_kubernetes_executor' retrieved from /home/airflow/.local/lib/python3.8/site-packages/airflow/example_dags/example_local_kubernetes_executor.py
[2024-06-04T07:57:30.961+0000] {logging_mixin.py:188} INFO - [2024-06-04T07:57:30.961+0000] {dag.py:3047} INFO - Sync 1 DAGs
[2024-06-04T07:57:30.974+0000] {logging_mixin.py:188} INFO - [2024-06-04T07:57:30.973+0000] {dag.py:3834} INFO - Setting next_dagrun for example_local_kubernetes_executor to None, run_after=None
[2024-06-04T07:57:30.992+0000] {processor.py:183} INFO - Processing /home/airflow/.local/lib/python3.8/site-packages/airflow/example_dags/example_local_kubernetes_executor.py took 0.076 seconds
[2024-06-04T07:58:01.411+0000] {processor.py:161} INFO - Started process (PID=930) to work on /home/airflow/.local/lib/python3.8/site-packages/airflow/example_dags/example_local_kubernetes_executor.py
[2024-06-04T07:58:01.412+0000] {processor.py:830} INFO - Processing file /home/airflow/.local/lib/python3.8/site-packages/airflow/example_dags/example_local_kubernetes_executor.py for tasks to queue
[2024-06-04T07:58:01.414+0000] {logging_mixin.py:188} INFO - [2024-06-04T07:58:01.414+0000] {dagbag.py:540} INFO - Filling up the DagBag from /home/airflow/.local/lib/python3.8/site-packages/airflow/example_dags/example_local_kubernetes_executor.py
[2024-06-04T07:58:01.424+0000] {processor.py:840} INFO - DAG(s) 'example_local_kubernetes_executor' retrieved from /home/airflow/.local/lib/python3.8/site-packages/airflow/example_dags/example_local_kubernetes_executor.py
[2024-06-04T07:58:01.453+0000] {logging_mixin.py:188} INFO - [2024-06-04T07:58:01.453+0000] {dag.py:3047} INFO - Sync 1 DAGs
[2024-06-04T07:58:01.465+0000] {logging_mixin.py:188} INFO - [2024-06-04T07:58:01.465+0000] {dag.py:3834} INFO - Setting next_dagrun for example_local_kubernetes_executor to None, run_after=None
[2024-06-04T07:58:01.484+0000] {processor.py:183} INFO - Processing /home/airflow/.local/lib/python3.8/site-packages/airflow/example_dags/example_local_kubernetes_executor.py took 0.077 seconds
[2024-06-04T07:58:31.868+0000] {processor.py:161} INFO - Started process (PID=988) to work on /home/airflow/.local/lib/python3.8/site-packages/airflow/example_dags/example_local_kubernetes_executor.py
[2024-06-04T07:58:31.870+0000] {processor.py:830} INFO - Processing file /home/airflow/.local/lib/python3.8/site-packages/airflow/example_dags/example_local_kubernetes_executor.py for tasks to queue
[2024-06-04T07:58:31.872+0000] {logging_mixin.py:188} INFO - [2024-06-04T07:58:31.871+0000] {dagbag.py:540} INFO - Filling up the DagBag from /home/airflow/.local/lib/python3.8/site-packages/airflow/example_dags/example_local_kubernetes_executor.py
[2024-06-04T07:58:31.881+0000] {processor.py:840} INFO - DAG(s) 'example_local_kubernetes_executor' retrieved from /home/airflow/.local/lib/python3.8/site-packages/airflow/example_dags/example_local_kubernetes_executor.py
[2024-06-04T07:58:31.906+0000] {logging_mixin.py:188} INFO - [2024-06-04T07:58:31.906+0000] {dag.py:3047} INFO - Sync 1 DAGs
[2024-06-04T07:58:31.919+0000] {logging_mixin.py:188} INFO - [2024-06-04T07:58:31.919+0000] {dag.py:3834} INFO - Setting next_dagrun for example_local_kubernetes_executor to None, run_after=None
[2024-06-04T07:58:31.943+0000] {processor.py:183} INFO - Processing /home/airflow/.local/lib/python3.8/site-packages/airflow/example_dags/example_local_kubernetes_executor.py took 0.078 seconds
[2024-06-04T07:59:02.794+0000] {processor.py:161} INFO - Started process (PID=1046) to work on /home/airflow/.local/lib/python3.8/site-packages/airflow/example_dags/example_local_kubernetes_executor.py
[2024-06-04T07:59:02.795+0000] {processor.py:830} INFO - Processing file /home/airflow/.local/lib/python3.8/site-packages/airflow/example_dags/example_local_kubernetes_executor.py for tasks to queue
[2024-06-04T07:59:02.797+0000] {logging_mixin.py:188} INFO - [2024-06-04T07:59:02.796+0000] {dagbag.py:540} INFO - Filling up the DagBag from /home/airflow/.local/lib/python3.8/site-packages/airflow/example_dags/example_local_kubernetes_executor.py
[2024-06-04T07:59:02.806+0000] {processor.py:840} INFO - DAG(s) 'example_local_kubernetes_executor' retrieved from /home/airflow/.local/lib/python3.8/site-packages/airflow/example_dags/example_local_kubernetes_executor.py
[2024-06-04T07:59:02.834+0000] {logging_mixin.py:188} INFO - [2024-06-04T07:59:02.834+0000] {dag.py:3047} INFO - Sync 1 DAGs
[2024-06-04T07:59:02.850+0000] {logging_mixin.py:188} INFO - [2024-06-04T07:59:02.850+0000] {dag.py:3834} INFO - Setting next_dagrun for example_local_kubernetes_executor to None, run_after=None
[2024-06-04T07:59:02.870+0000] {processor.py:183} INFO - Processing /home/airflow/.local/lib/python3.8/site-packages/airflow/example_dags/example_local_kubernetes_executor.py took 0.080 seconds
[2024-06-04T07:59:33.191+0000] {processor.py:161} INFO - Started process (PID=1105) to work on /home/airflow/.local/lib/python3.8/site-packages/airflow/example_dags/example_local_kubernetes_executor.py
[2024-06-04T07:59:33.192+0000] {processor.py:830} INFO - Processing file /home/airflow/.local/lib/python3.8/site-packages/airflow/example_dags/example_local_kubernetes_executor.py for tasks to queue
[2024-06-04T07:59:33.194+0000] {logging_mixin.py:188} INFO - [2024-06-04T07:59:33.194+0000] {dagbag.py:540} INFO - Filling up the DagBag from /home/airflow/.local/lib/python3.8/site-packages/airflow/example_dags/example_local_kubernetes_executor.py
[2024-06-04T07:59:33.203+0000] {processor.py:840} INFO - DAG(s) 'example_local_kubernetes_executor' retrieved from /home/airflow/.local/lib/python3.8/site-packages/airflow/example_dags/example_local_kubernetes_executor.py
[2024-06-04T07:59:33.234+0000] {logging_mixin.py:188} INFO - [2024-06-04T07:59:33.234+0000] {dag.py:3047} INFO - Sync 1 DAGs
[2024-06-04T07:59:33.249+0000] {logging_mixin.py:188} INFO - [2024-06-04T07:59:33.248+0000] {dag.py:3834} INFO - Setting next_dagrun for example_local_kubernetes_executor to None, run_after=None
[2024-06-04T07:59:33.269+0000] {processor.py:183} INFO - Processing /home/airflow/.local/lib/python3.8/site-packages/airflow/example_dags/example_local_kubernetes_executor.py took 0.082 seconds
[2024-06-04T08:00:03.629+0000] {processor.py:161} INFO - Started process (PID=1163) to work on /home/airflow/.local/lib/python3.8/site-packages/airflow/example_dags/example_local_kubernetes_executor.py
[2024-06-04T08:00:03.630+0000] {processor.py:830} INFO - Processing file /home/airflow/.local/lib/python3.8/site-packages/airflow/example_dags/example_local_kubernetes_executor.py for tasks to queue
[2024-06-04T08:00:03.632+0000] {logging_mixin.py:188} INFO - [2024-06-04T08:00:03.631+0000] {dagbag.py:540} INFO - Filling up the DagBag from /home/airflow/.local/lib/python3.8/site-packages/airflow/example_dags/example_local_kubernetes_executor.py
[2024-06-04T08:00:03.641+0000] {processor.py:840} INFO - DAG(s) 'example_local_kubernetes_executor' retrieved from /home/airflow/.local/lib/python3.8/site-packages/airflow/example_dags/example_local_kubernetes_executor.py
[2024-06-04T08:00:03.724+0000] {logging_mixin.py:188} INFO - [2024-06-04T08:00:03.723+0000] {dag.py:3047} INFO - Sync 1 DAGs
[2024-06-04T08:00:03.738+0000] {logging_mixin.py:188} INFO - [2024-06-04T08:00:03.737+0000] {dag.py:3834} INFO - Setting next_dagrun for example_local_kubernetes_executor to None, run_after=None
[2024-06-04T08:00:03.814+0000] {processor.py:183} INFO - Processing /home/airflow/.local/lib/python3.8/site-packages/airflow/example_dags/example_local_kubernetes_executor.py took 0.188 seconds
[2024-06-04T08:00:34.087+0000] {processor.py:161} INFO - Started process (PID=1221) to work on /home/airflow/.local/lib/python3.8/site-packages/airflow/example_dags/example_local_kubernetes_executor.py
[2024-06-04T08:00:34.100+0000] {processor.py:830} INFO - Processing file /home/airflow/.local/lib/python3.8/site-packages/airflow/example_dags/example_local_kubernetes_executor.py for tasks to queue
[2024-06-04T08:00:34.102+0000] {logging_mixin.py:188} INFO - [2024-06-04T08:00:34.102+0000] {dagbag.py:540} INFO - Filling up the DagBag from /home/airflow/.local/lib/python3.8/site-packages/airflow/example_dags/example_local_kubernetes_executor.py
[2024-06-04T08:00:34.112+0000] {processor.py:840} INFO - DAG(s) 'example_local_kubernetes_executor' retrieved from /home/airflow/.local/lib/python3.8/site-packages/airflow/example_dags/example_local_kubernetes_executor.py
[2024-06-04T08:00:34.142+0000] {logging_mixin.py:188} INFO - [2024-06-04T08:00:34.141+0000] {dag.py:3047} INFO - Sync 1 DAGs
[2024-06-04T08:00:34.155+0000] {logging_mixin.py:188} INFO - [2024-06-04T08:00:34.155+0000] {dag.py:3834} INFO - Setting next_dagrun for example_local_kubernetes_executor to None, run_after=None
[2024-06-04T08:00:34.209+0000] {processor.py:183} INFO - Processing /home/airflow/.local/lib/python3.8/site-packages/airflow/example_dags/example_local_kubernetes_executor.py took 0.126 seconds
[2024-06-04T08:01:04.276+0000] {processor.py:161} INFO - Started process (PID=1278) to work on /home/airflow/.local/lib/python3.8/site-packages/airflow/example_dags/example_local_kubernetes_executor.py
[2024-06-04T08:01:04.277+0000] {processor.py:830} INFO - Processing file /home/airflow/.local/lib/python3.8/site-packages/airflow/example_dags/example_local_kubernetes_executor.py for tasks to queue
[2024-06-04T08:01:04.279+0000] {logging_mixin.py:188} INFO - [2024-06-04T08:01:04.279+0000] {dagbag.py:540} INFO - Filling up the DagBag from /home/airflow/.local/lib/python3.8/site-packages/airflow/example_dags/example_local_kubernetes_executor.py
[2024-06-04T08:01:04.289+0000] {processor.py:840} INFO - DAG(s) 'example_local_kubernetes_executor' retrieved from /home/airflow/.local/lib/python3.8/site-packages/airflow/example_dags/example_local_kubernetes_executor.py
[2024-06-04T08:01:04.319+0000] {logging_mixin.py:188} INFO - [2024-06-04T08:01:04.319+0000] {dag.py:3047} INFO - Sync 1 DAGs
[2024-06-04T08:01:04.333+0000] {logging_mixin.py:188} INFO - [2024-06-04T08:01:04.333+0000] {dag.py:3834} INFO - Setting next_dagrun for example_local_kubernetes_executor to None, run_after=None
[2024-06-04T08:01:04.356+0000] {processor.py:183} INFO - Processing /home/airflow/.local/lib/python3.8/site-packages/airflow/example_dags/example_local_kubernetes_executor.py took 0.084 seconds
[2024-06-04T08:01:34.575+0000] {processor.py:161} INFO - Started process (PID=1336) to work on /home/airflow/.local/lib/python3.8/site-packages/airflow/example_dags/example_local_kubernetes_executor.py
[2024-06-04T08:01:34.577+0000] {processor.py:830} INFO - Processing file /home/airflow/.local/lib/python3.8/site-packages/airflow/example_dags/example_local_kubernetes_executor.py for tasks to queue
[2024-06-04T08:01:34.579+0000] {logging_mixin.py:188} INFO - [2024-06-04T08:01:34.578+0000] {dagbag.py:540} INFO - Filling up the DagBag from /home/airflow/.local/lib/python3.8/site-packages/airflow/example_dags/example_local_kubernetes_executor.py
[2024-06-04T08:01:34.588+0000] {processor.py:840} INFO - DAG(s) 'example_local_kubernetes_executor' retrieved from /home/airflow/.local/lib/python3.8/site-packages/airflow/example_dags/example_local_kubernetes_executor.py
[2024-06-04T08:01:34.618+0000] {logging_mixin.py:188} INFO - [2024-06-04T08:01:34.618+0000] {dag.py:3047} INFO - Sync 1 DAGs
[2024-06-04T08:01:34.634+0000] {logging_mixin.py:188} INFO - [2024-06-04T08:01:34.634+0000] {dag.py:3834} INFO - Setting next_dagrun for example_local_kubernetes_executor to None, run_after=None
[2024-06-04T08:01:34.656+0000] {processor.py:183} INFO - Processing /home/airflow/.local/lib/python3.8/site-packages/airflow/example_dags/example_local_kubernetes_executor.py took 0.085 seconds
[2024-06-04T08:02:04.856+0000] {processor.py:161} INFO - Started process (PID=1394) to work on /home/airflow/.local/lib/python3.8/site-packages/airflow/example_dags/example_local_kubernetes_executor.py
[2024-06-04T08:02:04.857+0000] {processor.py:830} INFO - Processing file /home/airflow/.local/lib/python3.8/site-packages/airflow/example_dags/example_local_kubernetes_executor.py for tasks to queue
[2024-06-04T08:02:04.859+0000] {logging_mixin.py:188} INFO - [2024-06-04T08:02:04.859+0000] {dagbag.py:540} INFO - Filling up the DagBag from /home/airflow/.local/lib/python3.8/site-packages/airflow/example_dags/example_local_kubernetes_executor.py
[2024-06-04T08:02:04.869+0000] {processor.py:840} INFO - DAG(s) 'example_local_kubernetes_executor' retrieved from /home/airflow/.local/lib/python3.8/site-packages/airflow/example_dags/example_local_kubernetes_executor.py
[2024-06-04T08:02:04.896+0000] {logging_mixin.py:188} INFO - [2024-06-04T08:02:04.896+0000] {dag.py:3047} INFO - Sync 1 DAGs
[2024-06-04T08:02:04.912+0000] {logging_mixin.py:188} INFO - [2024-06-04T08:02:04.912+0000] {dag.py:3834} INFO - Setting next_dagrun for example_local_kubernetes_executor to None, run_after=None
[2024-06-04T08:02:04.936+0000] {processor.py:183} INFO - Processing /home/airflow/.local/lib/python3.8/site-packages/airflow/example_dags/example_local_kubernetes_executor.py took 0.084 seconds
[2024-06-04T08:02:35.027+0000] {processor.py:161} INFO - Started process (PID=1452) to work on /home/airflow/.local/lib/python3.8/site-packages/airflow/example_dags/example_local_kubernetes_executor.py
[2024-06-04T08:02:35.028+0000] {processor.py:830} INFO - Processing file /home/airflow/.local/lib/python3.8/site-packages/airflow/example_dags/example_local_kubernetes_executor.py for tasks to queue
[2024-06-04T08:02:35.030+0000] {logging_mixin.py:188} INFO - [2024-06-04T08:02:35.030+0000] {dagbag.py:540} INFO - Filling up the DagBag from /home/airflow/.local/lib/python3.8/site-packages/airflow/example_dags/example_local_kubernetes_executor.py
[2024-06-04T08:02:35.039+0000] {processor.py:840} INFO - DAG(s) 'example_local_kubernetes_executor' retrieved from /home/airflow/.local/lib/python3.8/site-packages/airflow/example_dags/example_local_kubernetes_executor.py
[2024-06-04T08:02:35.069+0000] {logging_mixin.py:188} INFO - [2024-06-04T08:02:35.068+0000] {dag.py:3047} INFO - Sync 1 DAGs
[2024-06-04T08:02:35.084+0000] {logging_mixin.py:188} INFO - [2024-06-04T08:02:35.083+0000] {dag.py:3834} INFO - Setting next_dagrun for example_local_kubernetes_executor to None, run_after=None
[2024-06-04T08:02:35.117+0000] {processor.py:183} INFO - Processing /home/airflow/.local/lib/python3.8/site-packages/airflow/example_dags/example_local_kubernetes_executor.py took 0.094 seconds
[2024-06-04T08:03:05.361+0000] {processor.py:161} INFO - Started process (PID=1510) to work on /home/airflow/.local/lib/python3.8/site-packages/airflow/example_dags/example_local_kubernetes_executor.py
[2024-06-04T08:03:05.363+0000] {processor.py:830} INFO - Processing file /home/airflow/.local/lib/python3.8/site-packages/airflow/example_dags/example_local_kubernetes_executor.py for tasks to queue
[2024-06-04T08:03:05.365+0000] {logging_mixin.py:188} INFO - [2024-06-04T08:03:05.364+0000] {dagbag.py:540} INFO - Filling up the DagBag from /home/airflow/.local/lib/python3.8/site-packages/airflow/example_dags/example_local_kubernetes_executor.py
[2024-06-04T08:03:05.374+0000] {processor.py:840} INFO - DAG(s) 'example_local_kubernetes_executor' retrieved from /home/airflow/.local/lib/python3.8/site-packages/airflow/example_dags/example_local_kubernetes_executor.py
[2024-06-04T08:03:05.404+0000] {logging_mixin.py:188} INFO - [2024-06-04T08:03:05.404+0000] {dag.py:3047} INFO - Sync 1 DAGs
[2024-06-04T08:03:05.420+0000] {logging_mixin.py:188} INFO - [2024-06-04T08:03:05.419+0000] {dag.py:3834} INFO - Setting next_dagrun for example_local_kubernetes_executor to None, run_after=None
[2024-06-04T08:03:05.441+0000] {processor.py:183} INFO - Processing /home/airflow/.local/lib/python3.8/site-packages/airflow/example_dags/example_local_kubernetes_executor.py took 0.084 seconds
[2024-06-04T08:03:35.672+0000] {processor.py:161} INFO - Started process (PID=1574) to work on /home/airflow/.local/lib/python3.8/site-packages/airflow/example_dags/example_local_kubernetes_executor.py
[2024-06-04T08:03:35.673+0000] {processor.py:830} INFO - Processing file /home/airflow/.local/lib/python3.8/site-packages/airflow/example_dags/example_local_kubernetes_executor.py for tasks to queue
[2024-06-04T08:03:35.675+0000] {logging_mixin.py:188} INFO - [2024-06-04T08:03:35.675+0000] {dagbag.py:540} INFO - Filling up the DagBag from /home/airflow/.local/lib/python3.8/site-packages/airflow/example_dags/example_local_kubernetes_executor.py
[2024-06-04T08:03:35.684+0000] {processor.py:840} INFO - DAG(s) 'example_local_kubernetes_executor' retrieved from /home/airflow/.local/lib/python3.8/site-packages/airflow/example_dags/example_local_kubernetes_executor.py
[2024-06-04T08:03:35.714+0000] {logging_mixin.py:188} INFO - [2024-06-04T08:03:35.714+0000] {dag.py:3047} INFO - Sync 1 DAGs
[2024-06-04T08:03:35.728+0000] {logging_mixin.py:188} INFO - [2024-06-04T08:03:35.728+0000] {dag.py:3834} INFO - Setting next_dagrun for example_local_kubernetes_executor to None, run_after=None
[2024-06-04T08:03:35.749+0000] {processor.py:183} INFO - Processing /home/airflow/.local/lib/python3.8/site-packages/airflow/example_dags/example_local_kubernetes_executor.py took 0.082 seconds
[2024-06-04T08:04:06.205+0000] {processor.py:161} INFO - Started process (PID=1632) to work on /home/airflow/.local/lib/python3.8/site-packages/airflow/example_dags/example_local_kubernetes_executor.py
[2024-06-04T08:04:06.207+0000] {processor.py:830} INFO - Processing file /home/airflow/.local/lib/python3.8/site-packages/airflow/example_dags/example_local_kubernetes_executor.py for tasks to queue
[2024-06-04T08:04:06.209+0000] {logging_mixin.py:188} INFO - [2024-06-04T08:04:06.208+0000] {dagbag.py:540} INFO - Filling up the DagBag from /home/airflow/.local/lib/python3.8/site-packages/airflow/example_dags/example_local_kubernetes_executor.py
[2024-06-04T08:04:06.218+0000] {processor.py:840} INFO - DAG(s) 'example_local_kubernetes_executor' retrieved from /home/airflow/.local/lib/python3.8/site-packages/airflow/example_dags/example_local_kubernetes_executor.py
[2024-06-04T08:04:06.245+0000] {logging_mixin.py:188} INFO - [2024-06-04T08:04:06.244+0000] {dag.py:3047} INFO - Sync 1 DAGs
[2024-06-04T08:04:06.258+0000] {logging_mixin.py:188} INFO - [2024-06-04T08:04:06.257+0000] {dag.py:3834} INFO - Setting next_dagrun for example_local_kubernetes_executor to None, run_after=None
[2024-06-04T08:04:06.277+0000] {processor.py:183} INFO - Processing /home/airflow/.local/lib/python3.8/site-packages/airflow/example_dags/example_local_kubernetes_executor.py took 0.076 seconds
[2024-06-04T08:04:36.512+0000] {processor.py:161} INFO - Started process (PID=1690) to work on /home/airflow/.local/lib/python3.8/site-packages/airflow/example_dags/example_local_kubernetes_executor.py
[2024-06-04T08:04:36.514+0000] {processor.py:830} INFO - Processing file /home/airflow/.local/lib/python3.8/site-packages/airflow/example_dags/example_local_kubernetes_executor.py for tasks to queue
[2024-06-04T08:04:36.516+0000] {logging_mixin.py:188} INFO - [2024-06-04T08:04:36.515+0000] {dagbag.py:540} INFO - Filling up the DagBag from /home/airflow/.local/lib/python3.8/site-packages/airflow/example_dags/example_local_kubernetes_executor.py
[2024-06-04T08:04:36.525+0000] {processor.py:840} INFO - DAG(s) 'example_local_kubernetes_executor' retrieved from /home/airflow/.local/lib/python3.8/site-packages/airflow/example_dags/example_local_kubernetes_executor.py
[2024-06-04T08:04:36.552+0000] {logging_mixin.py:188} INFO - [2024-06-04T08:04:36.552+0000] {dag.py:3047} INFO - Sync 1 DAGs
[2024-06-04T08:04:36.566+0000] {logging_mixin.py:188} INFO - [2024-06-04T08:04:36.565+0000] {dag.py:3834} INFO - Setting next_dagrun for example_local_kubernetes_executor to None, run_after=None
[2024-06-04T08:04:36.583+0000] {processor.py:183} INFO - Processing /home/airflow/.local/lib/python3.8/site-packages/airflow/example_dags/example_local_kubernetes_executor.py took 0.075 seconds
[2024-06-04T08:05:07.042+0000] {processor.py:161} INFO - Started process (PID=1748) to work on /home/airflow/.local/lib/python3.8/site-packages/airflow/example_dags/example_local_kubernetes_executor.py
[2024-06-04T08:05:07.043+0000] {processor.py:830} INFO - Processing file /home/airflow/.local/lib/python3.8/site-packages/airflow/example_dags/example_local_kubernetes_executor.py for tasks to queue
[2024-06-04T08:05:07.045+0000] {logging_mixin.py:188} INFO - [2024-06-04T08:05:07.045+0000] {dagbag.py:540} INFO - Filling up the DagBag from /home/airflow/.local/lib/python3.8/site-packages/airflow/example_dags/example_local_kubernetes_executor.py
[2024-06-04T08:05:07.054+0000] {processor.py:840} INFO - DAG(s) 'example_local_kubernetes_executor' retrieved from /home/airflow/.local/lib/python3.8/site-packages/airflow/example_dags/example_local_kubernetes_executor.py
[2024-06-04T08:05:07.081+0000] {logging_mixin.py:188} INFO - [2024-06-04T08:05:07.080+0000] {dag.py:3047} INFO - Sync 1 DAGs
[2024-06-04T08:05:07.095+0000] {logging_mixin.py:188} INFO - [2024-06-04T08:05:07.094+0000] {dag.py:3834} INFO - Setting next_dagrun for example_local_kubernetes_executor to None, run_after=None
[2024-06-04T08:05:07.115+0000] {processor.py:183} INFO - Processing /home/airflow/.local/lib/python3.8/site-packages/airflow/example_dags/example_local_kubernetes_executor.py took 0.077 seconds
[2024-06-04T08:05:37.362+0000] {processor.py:161} INFO - Started process (PID=1806) to work on /home/airflow/.local/lib/python3.8/site-packages/airflow/example_dags/example_local_kubernetes_executor.py
[2024-06-04T08:05:37.363+0000] {processor.py:830} INFO - Processing file /home/airflow/.local/lib/python3.8/site-packages/airflow/example_dags/example_local_kubernetes_executor.py for tasks to queue
[2024-06-04T08:05:37.365+0000] {logging_mixin.py:188} INFO - [2024-06-04T08:05:37.364+0000] {dagbag.py:540} INFO - Filling up the DagBag from /home/airflow/.local/lib/python3.8/site-packages/airflow/example_dags/example_local_kubernetes_executor.py
[2024-06-04T08:05:37.373+0000] {processor.py:840} INFO - DAG(s) 'example_local_kubernetes_executor' retrieved from /home/airflow/.local/lib/python3.8/site-packages/airflow/example_dags/example_local_kubernetes_executor.py
[2024-06-04T08:05:37.400+0000] {logging_mixin.py:188} INFO - [2024-06-04T08:05:37.400+0000] {dag.py:3047} INFO - Sync 1 DAGs
[2024-06-04T08:05:37.412+0000] {logging_mixin.py:188} INFO - [2024-06-04T08:05:37.412+0000] {dag.py:3834} INFO - Setting next_dagrun for example_local_kubernetes_executor to None, run_after=None
[2024-06-04T08:05:37.431+0000] {processor.py:183} INFO - Processing /home/airflow/.local/lib/python3.8/site-packages/airflow/example_dags/example_local_kubernetes_executor.py took 0.073 seconds
[2024-06-04T08:06:08.172+0000] {processor.py:161} INFO - Started process (PID=1864) to work on /home/airflow/.local/lib/python3.8/site-packages/airflow/example_dags/example_local_kubernetes_executor.py
[2024-06-04T08:06:08.174+0000] {processor.py:830} INFO - Processing file /home/airflow/.local/lib/python3.8/site-packages/airflow/example_dags/example_local_kubernetes_executor.py for tasks to queue
[2024-06-04T08:06:08.176+0000] {logging_mixin.py:188} INFO - [2024-06-04T08:06:08.176+0000] {dagbag.py:540} INFO - Filling up the DagBag from /home/airflow/.local/lib/python3.8/site-packages/airflow/example_dags/example_local_kubernetes_executor.py
[2024-06-04T08:06:08.185+0000] {processor.py:840} INFO - DAG(s) 'example_local_kubernetes_executor' retrieved from /home/airflow/.local/lib/python3.8/site-packages/airflow/example_dags/example_local_kubernetes_executor.py
[2024-06-04T08:06:08.220+0000] {logging_mixin.py:188} INFO - [2024-06-04T08:06:08.220+0000] {dag.py:3047} INFO - Sync 1 DAGs
[2024-06-04T08:06:08.237+0000] {logging_mixin.py:188} INFO - [2024-06-04T08:06:08.236+0000] {dag.py:3834} INFO - Setting next_dagrun for example_local_kubernetes_executor to None, run_after=None
[2024-06-04T08:06:08.261+0000] {processor.py:183} INFO - Processing /home/airflow/.local/lib/python3.8/site-packages/airflow/example_dags/example_local_kubernetes_executor.py took 0.092 seconds
[2024-06-04T08:06:38.536+0000] {processor.py:161} INFO - Started process (PID=1922) to work on /home/airflow/.local/lib/python3.8/site-packages/airflow/example_dags/example_local_kubernetes_executor.py
[2024-06-04T08:06:38.538+0000] {processor.py:830} INFO - Processing file /home/airflow/.local/lib/python3.8/site-packages/airflow/example_dags/example_local_kubernetes_executor.py for tasks to queue
[2024-06-04T08:06:38.540+0000] {logging_mixin.py:188} INFO - [2024-06-04T08:06:38.539+0000] {dagbag.py:540} INFO - Filling up the DagBag from /home/airflow/.local/lib/python3.8/site-packages/airflow/example_dags/example_local_kubernetes_executor.py
[2024-06-04T08:06:38.551+0000] {processor.py:840} INFO - DAG(s) 'example_local_kubernetes_executor' retrieved from /home/airflow/.local/lib/python3.8/site-packages/airflow/example_dags/example_local_kubernetes_executor.py
[2024-06-04T08:06:38.627+0000] {logging_mixin.py:188} INFO - [2024-06-04T08:06:38.627+0000] {dag.py:3047} INFO - Sync 1 DAGs
[2024-06-04T08:06:38.643+0000] {logging_mixin.py:188} INFO - [2024-06-04T08:06:38.643+0000] {dag.py:3834} INFO - Setting next_dagrun for example_local_kubernetes_executor to None, run_after=None
[2024-06-04T08:06:38.723+0000] {processor.py:183} INFO - Processing /home/airflow/.local/lib/python3.8/site-packages/airflow/example_dags/example_local_kubernetes_executor.py took 0.191 seconds
[2024-06-04T08:07:09.096+0000] {processor.py:161} INFO - Started process (PID=1980) to work on /home/airflow/.local/lib/python3.8/site-packages/airflow/example_dags/example_local_kubernetes_executor.py
[2024-06-04T08:07:09.097+0000] {processor.py:830} INFO - Processing file /home/airflow/.local/lib/python3.8/site-packages/airflow/example_dags/example_local_kubernetes_executor.py for tasks to queue
[2024-06-04T08:07:09.099+0000] {logging_mixin.py:188} INFO - [2024-06-04T08:07:09.098+0000] {dagbag.py:540} INFO - Filling up the DagBag from /home/airflow/.local/lib/python3.8/site-packages/airflow/example_dags/example_local_kubernetes_executor.py
[2024-06-04T08:07:09.110+0000] {processor.py:840} INFO - DAG(s) 'example_local_kubernetes_executor' retrieved from /home/airflow/.local/lib/python3.8/site-packages/airflow/example_dags/example_local_kubernetes_executor.py
[2024-06-04T08:07:09.153+0000] {logging_mixin.py:188} INFO - [2024-06-04T08:07:09.153+0000] {dag.py:3047} INFO - Sync 1 DAGs
[2024-06-04T08:07:09.168+0000] {logging_mixin.py:188} INFO - [2024-06-04T08:07:09.168+0000] {dag.py:3834} INFO - Setting next_dagrun for example_local_kubernetes_executor to None, run_after=None
[2024-06-04T08:07:09.396+0000] {processor.py:183} INFO - Processing /home/airflow/.local/lib/python3.8/site-packages/airflow/example_dags/example_local_kubernetes_executor.py took 0.304 seconds
[2024-06-04T08:07:40.278+0000] {processor.py:161} INFO - Started process (PID=2038) to work on /home/airflow/.local/lib/python3.8/site-packages/airflow/example_dags/example_local_kubernetes_executor.py
[2024-06-04T08:07:40.280+0000] {processor.py:830} INFO - Processing file /home/airflow/.local/lib/python3.8/site-packages/airflow/example_dags/example_local_kubernetes_executor.py for tasks to queue
[2024-06-04T08:07:40.282+0000] {logging_mixin.py:188} INFO - [2024-06-04T08:07:40.282+0000] {dagbag.py:540} INFO - Filling up the DagBag from /home/airflow/.local/lib/python3.8/site-packages/airflow/example_dags/example_local_kubernetes_executor.py
[2024-06-04T08:07:40.292+0000] {processor.py:840} INFO - DAG(s) 'example_local_kubernetes_executor' retrieved from /home/airflow/.local/lib/python3.8/site-packages/airflow/example_dags/example_local_kubernetes_executor.py
[2024-06-04T08:07:40.322+0000] {logging_mixin.py:188} INFO - [2024-06-04T08:07:40.322+0000] {dag.py:3047} INFO - Sync 1 DAGs
[2024-06-04T08:07:40.339+0000] {logging_mixin.py:188} INFO - [2024-06-04T08:07:40.338+0000] {dag.py:3834} INFO - Setting next_dagrun for example_local_kubernetes_executor to None, run_after=None
[2024-06-04T08:07:40.362+0000] {processor.py:183} INFO - Processing /home/airflow/.local/lib/python3.8/site-packages/airflow/example_dags/example_local_kubernetes_executor.py took 0.088 seconds
[2024-06-04T08:08:10.529+0000] {processor.py:161} INFO - Started process (PID=2095) to work on /home/airflow/.local/lib/python3.8/site-packages/airflow/example_dags/example_local_kubernetes_executor.py
[2024-06-04T08:08:10.534+0000] {processor.py:830} INFO - Processing file /home/airflow/.local/lib/python3.8/site-packages/airflow/example_dags/example_local_kubernetes_executor.py for tasks to queue
[2024-06-04T08:08:10.537+0000] {logging_mixin.py:188} INFO - [2024-06-04T08:08:10.536+0000] {dagbag.py:540} INFO - Filling up the DagBag from /home/airflow/.local/lib/python3.8/site-packages/airflow/example_dags/example_local_kubernetes_executor.py
[2024-06-04T08:08:10.549+0000] {processor.py:840} INFO - DAG(s) 'example_local_kubernetes_executor' retrieved from /home/airflow/.local/lib/python3.8/site-packages/airflow/example_dags/example_local_kubernetes_executor.py
[2024-06-04T08:08:10.678+0000] {logging_mixin.py:188} INFO - [2024-06-04T08:08:10.678+0000] {dag.py:3047} INFO - Sync 1 DAGs
[2024-06-04T08:08:10.696+0000] {logging_mixin.py:188} INFO - [2024-06-04T08:08:10.696+0000] {dag.py:3834} INFO - Setting next_dagrun for example_local_kubernetes_executor to None, run_after=None
[2024-06-04T08:08:10.757+0000] {processor.py:183} INFO - Processing /home/airflow/.local/lib/python3.8/site-packages/airflow/example_dags/example_local_kubernetes_executor.py took 0.232 seconds
[2024-06-04T08:08:41.063+0000] {processor.py:161} INFO - Started process (PID=2152) to work on /home/airflow/.local/lib/python3.8/site-packages/airflow/example_dags/example_local_kubernetes_executor.py
[2024-06-04T08:08:41.066+0000] {processor.py:830} INFO - Processing file /home/airflow/.local/lib/python3.8/site-packages/airflow/example_dags/example_local_kubernetes_executor.py for tasks to queue
[2024-06-04T08:08:41.069+0000] {logging_mixin.py:188} INFO - [2024-06-04T08:08:41.068+0000] {dagbag.py:540} INFO - Filling up the DagBag from /home/airflow/.local/lib/python3.8/site-packages/airflow/example_dags/example_local_kubernetes_executor.py
[2024-06-04T08:08:41.080+0000] {processor.py:840} INFO - DAG(s) 'example_local_kubernetes_executor' retrieved from /home/airflow/.local/lib/python3.8/site-packages/airflow/example_dags/example_local_kubernetes_executor.py
[2024-06-04T08:08:41.118+0000] {logging_mixin.py:188} INFO - [2024-06-04T08:08:41.117+0000] {dag.py:3047} INFO - Sync 1 DAGs
[2024-06-04T08:08:41.136+0000] {logging_mixin.py:188} INFO - [2024-06-04T08:08:41.135+0000] {dag.py:3834} INFO - Setting next_dagrun for example_local_kubernetes_executor to None, run_after=None
[2024-06-04T08:08:41.166+0000] {processor.py:183} INFO - Processing /home/airflow/.local/lib/python3.8/site-packages/airflow/example_dags/example_local_kubernetes_executor.py took 0.108 seconds
[2024-06-04T08:09:11.951+0000] {processor.py:161} INFO - Started process (PID=2211) to work on /home/airflow/.local/lib/python3.8/site-packages/airflow/example_dags/example_local_kubernetes_executor.py
[2024-06-04T08:09:11.952+0000] {processor.py:830} INFO - Processing file /home/airflow/.local/lib/python3.8/site-packages/airflow/example_dags/example_local_kubernetes_executor.py for tasks to queue
[2024-06-04T08:09:11.954+0000] {logging_mixin.py:188} INFO - [2024-06-04T08:09:11.953+0000] {dagbag.py:540} INFO - Filling up the DagBag from /home/airflow/.local/lib/python3.8/site-packages/airflow/example_dags/example_local_kubernetes_executor.py
[2024-06-04T08:09:11.963+0000] {processor.py:840} INFO - DAG(s) 'example_local_kubernetes_executor' retrieved from /home/airflow/.local/lib/python3.8/site-packages/airflow/example_dags/example_local_kubernetes_executor.py
[2024-06-04T08:09:12.203+0000] {logging_mixin.py:188} INFO - [2024-06-04T08:09:12.202+0000] {dag.py:3047} INFO - Sync 1 DAGs
[2024-06-04T08:09:12.216+0000] {logging_mixin.py:188} INFO - [2024-06-04T08:09:12.215+0000] {dag.py:3834} INFO - Setting next_dagrun for example_local_kubernetes_executor to None, run_after=None
[2024-06-04T08:09:12.240+0000] {processor.py:183} INFO - Processing /home/airflow/.local/lib/python3.8/site-packages/airflow/example_dags/example_local_kubernetes_executor.py took 0.293 seconds
[2024-06-04T08:09:42.376+0000] {processor.py:161} INFO - Started process (PID=2269) to work on /home/airflow/.local/lib/python3.8/site-packages/airflow/example_dags/example_local_kubernetes_executor.py
[2024-06-04T08:09:42.377+0000] {processor.py:830} INFO - Processing file /home/airflow/.local/lib/python3.8/site-packages/airflow/example_dags/example_local_kubernetes_executor.py for tasks to queue
[2024-06-04T08:09:42.379+0000] {logging_mixin.py:188} INFO - [2024-06-04T08:09:42.379+0000] {dagbag.py:540} INFO - Filling up the DagBag from /home/airflow/.local/lib/python3.8/site-packages/airflow/example_dags/example_local_kubernetes_executor.py
[2024-06-04T08:09:42.388+0000] {processor.py:840} INFO - DAG(s) 'example_local_kubernetes_executor' retrieved from /home/airflow/.local/lib/python3.8/site-packages/airflow/example_dags/example_local_kubernetes_executor.py
[2024-06-04T08:09:42.415+0000] {logging_mixin.py:188} INFO - [2024-06-04T08:09:42.415+0000] {dag.py:3047} INFO - Sync 1 DAGs
[2024-06-04T08:09:42.429+0000] {logging_mixin.py:188} INFO - [2024-06-04T08:09:42.428+0000] {dag.py:3834} INFO - Setting next_dagrun for example_local_kubernetes_executor to None, run_after=None
[2024-06-04T08:09:42.450+0000] {processor.py:183} INFO - Processing /home/airflow/.local/lib/python3.8/site-packages/airflow/example_dags/example_local_kubernetes_executor.py took 0.078 seconds
[2024-06-04T08:10:12.881+0000] {processor.py:161} INFO - Started process (PID=2327) to work on /home/airflow/.local/lib/python3.8/site-packages/airflow/example_dags/example_local_kubernetes_executor.py
[2024-06-04T08:10:12.883+0000] {processor.py:830} INFO - Processing file /home/airflow/.local/lib/python3.8/site-packages/airflow/example_dags/example_local_kubernetes_executor.py for tasks to queue
[2024-06-04T08:10:12.885+0000] {logging_mixin.py:188} INFO - [2024-06-04T08:10:12.884+0000] {dagbag.py:540} INFO - Filling up the DagBag from /home/airflow/.local/lib/python3.8/site-packages/airflow/example_dags/example_local_kubernetes_executor.py
[2024-06-04T08:10:12.894+0000] {processor.py:840} INFO - DAG(s) 'example_local_kubernetes_executor' retrieved from /home/airflow/.local/lib/python3.8/site-packages/airflow/example_dags/example_local_kubernetes_executor.py
[2024-06-04T08:10:12.923+0000] {logging_mixin.py:188} INFO - [2024-06-04T08:10:12.923+0000] {dag.py:3047} INFO - Sync 1 DAGs
[2024-06-04T08:10:12.937+0000] {logging_mixin.py:188} INFO - [2024-06-04T08:10:12.937+0000] {dag.py:3834} INFO - Setting next_dagrun for example_local_kubernetes_executor to None, run_after=None
[2024-06-04T08:10:12.959+0000] {processor.py:183} INFO - Processing /home/airflow/.local/lib/python3.8/site-packages/airflow/example_dags/example_local_kubernetes_executor.py took 0.082 seconds
[2024-06-04T08:10:43.374+0000] {processor.py:161} INFO - Started process (PID=2385) to work on /home/airflow/.local/lib/python3.8/site-packages/airflow/example_dags/example_local_kubernetes_executor.py
[2024-06-04T08:10:43.375+0000] {processor.py:830} INFO - Processing file /home/airflow/.local/lib/python3.8/site-packages/airflow/example_dags/example_local_kubernetes_executor.py for tasks to queue
[2024-06-04T08:10:43.377+0000] {logging_mixin.py:188} INFO - [2024-06-04T08:10:43.376+0000] {dagbag.py:540} INFO - Filling up the DagBag from /home/airflow/.local/lib/python3.8/site-packages/airflow/example_dags/example_local_kubernetes_executor.py
[2024-06-04T08:10:43.385+0000] {processor.py:840} INFO - DAG(s) 'example_local_kubernetes_executor' retrieved from /home/airflow/.local/lib/python3.8/site-packages/airflow/example_dags/example_local_kubernetes_executor.py
[2024-06-04T08:10:43.411+0000] {logging_mixin.py:188} INFO - [2024-06-04T08:10:43.410+0000] {dag.py:3047} INFO - Sync 1 DAGs
[2024-06-04T08:10:43.425+0000] {logging_mixin.py:188} INFO - [2024-06-04T08:10:43.425+0000] {dag.py:3834} INFO - Setting next_dagrun for example_local_kubernetes_executor to None, run_after=None
[2024-06-04T08:10:43.446+0000] {processor.py:183} INFO - Processing /home/airflow/.local/lib/python3.8/site-packages/airflow/example_dags/example_local_kubernetes_executor.py took 0.076 seconds
[2024-06-04T08:11:14.189+0000] {processor.py:161} INFO - Started process (PID=2443) to work on /home/airflow/.local/lib/python3.8/site-packages/airflow/example_dags/example_local_kubernetes_executor.py
[2024-06-04T08:11:14.190+0000] {processor.py:830} INFO - Processing file /home/airflow/.local/lib/python3.8/site-packages/airflow/example_dags/example_local_kubernetes_executor.py for tasks to queue
[2024-06-04T08:11:14.192+0000] {logging_mixin.py:188} INFO - [2024-06-04T08:11:14.192+0000] {dagbag.py:540} INFO - Filling up the DagBag from /home/airflow/.local/lib/python3.8/site-packages/airflow/example_dags/example_local_kubernetes_executor.py
[2024-06-04T08:11:14.201+0000] {processor.py:840} INFO - DAG(s) 'example_local_kubernetes_executor' retrieved from /home/airflow/.local/lib/python3.8/site-packages/airflow/example_dags/example_local_kubernetes_executor.py
[2024-06-04T08:11:14.230+0000] {logging_mixin.py:188} INFO - [2024-06-04T08:11:14.230+0000] {dag.py:3047} INFO - Sync 1 DAGs
[2024-06-04T08:11:14.245+0000] {logging_mixin.py:188} INFO - [2024-06-04T08:11:14.244+0000] {dag.py:3834} INFO - Setting next_dagrun for example_local_kubernetes_executor to None, run_after=None
[2024-06-04T08:11:14.267+0000] {processor.py:183} INFO - Processing /home/airflow/.local/lib/python3.8/site-packages/airflow/example_dags/example_local_kubernetes_executor.py took 0.082 seconds
[2024-06-04T08:11:44.487+0000] {processor.py:161} INFO - Started process (PID=2502) to work on /home/airflow/.local/lib/python3.8/site-packages/airflow/example_dags/example_local_kubernetes_executor.py
[2024-06-04T08:11:44.489+0000] {processor.py:830} INFO - Processing file /home/airflow/.local/lib/python3.8/site-packages/airflow/example_dags/example_local_kubernetes_executor.py for tasks to queue
[2024-06-04T08:11:44.491+0000] {logging_mixin.py:188} INFO - [2024-06-04T08:11:44.490+0000] {dagbag.py:540} INFO - Filling up the DagBag from /home/airflow/.local/lib/python3.8/site-packages/airflow/example_dags/example_local_kubernetes_executor.py
[2024-06-04T08:11:44.500+0000] {processor.py:840} INFO - DAG(s) 'example_local_kubernetes_executor' retrieved from /home/airflow/.local/lib/python3.8/site-packages/airflow/example_dags/example_local_kubernetes_executor.py
[2024-06-04T08:11:44.535+0000] {logging_mixin.py:188} INFO - [2024-06-04T08:11:44.535+0000] {dag.py:3047} INFO - Sync 1 DAGs
[2024-06-04T08:11:44.552+0000] {logging_mixin.py:188} INFO - [2024-06-04T08:11:44.552+0000] {dag.py:3834} INFO - Setting next_dagrun for example_local_kubernetes_executor to None, run_after=None
[2024-06-04T08:11:44.575+0000] {processor.py:183} INFO - Processing /home/airflow/.local/lib/python3.8/site-packages/airflow/example_dags/example_local_kubernetes_executor.py took 0.092 seconds
[2024-06-04T08:12:15.371+0000] {processor.py:161} INFO - Started process (PID=2561) to work on /home/airflow/.local/lib/python3.8/site-packages/airflow/example_dags/example_local_kubernetes_executor.py
[2024-06-04T08:12:15.372+0000] {processor.py:830} INFO - Processing file /home/airflow/.local/lib/python3.8/site-packages/airflow/example_dags/example_local_kubernetes_executor.py for tasks to queue
[2024-06-04T08:12:15.374+0000] {logging_mixin.py:188} INFO - [2024-06-04T08:12:15.374+0000] {dagbag.py:540} INFO - Filling up the DagBag from /home/airflow/.local/lib/python3.8/site-packages/airflow/example_dags/example_local_kubernetes_executor.py
[2024-06-04T08:12:15.384+0000] {processor.py:840} INFO - DAG(s) 'example_local_kubernetes_executor' retrieved from /home/airflow/.local/lib/python3.8/site-packages/airflow/example_dags/example_local_kubernetes_executor.py
[2024-06-04T08:12:15.430+0000] {logging_mixin.py:188} INFO - [2024-06-04T08:12:15.430+0000] {dag.py:3047} INFO - Sync 1 DAGs
[2024-06-04T08:12:15.448+0000] {logging_mixin.py:188} INFO - [2024-06-04T08:12:15.448+0000] {dag.py:3834} INFO - Setting next_dagrun for example_local_kubernetes_executor to None, run_after=None
[2024-06-04T08:12:15.508+0000] {processor.py:183} INFO - Processing /home/airflow/.local/lib/python3.8/site-packages/airflow/example_dags/example_local_kubernetes_executor.py took 0.142 seconds
[2024-06-04T08:12:45.720+0000] {processor.py:161} INFO - Started process (PID=2620) to work on /home/airflow/.local/lib/python3.8/site-packages/airflow/example_dags/example_local_kubernetes_executor.py
[2024-06-04T08:12:45.721+0000] {processor.py:830} INFO - Processing file /home/airflow/.local/lib/python3.8/site-packages/airflow/example_dags/example_local_kubernetes_executor.py for tasks to queue
[2024-06-04T08:12:45.723+0000] {logging_mixin.py:188} INFO - [2024-06-04T08:12:45.723+0000] {dagbag.py:540} INFO - Filling up the DagBag from /home/airflow/.local/lib/python3.8/site-packages/airflow/example_dags/example_local_kubernetes_executor.py
[2024-06-04T08:12:45.734+0000] {processor.py:840} INFO - DAG(s) 'example_local_kubernetes_executor' retrieved from /home/airflow/.local/lib/python3.8/site-packages/airflow/example_dags/example_local_kubernetes_executor.py
[2024-06-04T08:12:45.767+0000] {logging_mixin.py:188} INFO - [2024-06-04T08:12:45.767+0000] {dag.py:3047} INFO - Sync 1 DAGs
[2024-06-04T08:12:45.782+0000] {logging_mixin.py:188} INFO - [2024-06-04T08:12:45.782+0000] {dag.py:3834} INFO - Setting next_dagrun for example_local_kubernetes_executor to None, run_after=None
[2024-06-04T08:12:45.801+0000] {processor.py:183} INFO - Processing /home/airflow/.local/lib/python3.8/site-packages/airflow/example_dags/example_local_kubernetes_executor.py took 0.087 seconds
[2024-06-04T08:13:16.060+0000] {processor.py:161} INFO - Started process (PID=2678) to work on /home/airflow/.local/lib/python3.8/site-packages/airflow/example_dags/example_local_kubernetes_executor.py
[2024-06-04T08:13:16.061+0000] {processor.py:830} INFO - Processing file /home/airflow/.local/lib/python3.8/site-packages/airflow/example_dags/example_local_kubernetes_executor.py for tasks to queue
[2024-06-04T08:13:16.064+0000] {logging_mixin.py:188} INFO - [2024-06-04T08:13:16.063+0000] {dagbag.py:540} INFO - Filling up the DagBag from /home/airflow/.local/lib/python3.8/site-packages/airflow/example_dags/example_local_kubernetes_executor.py
[2024-06-04T08:13:16.077+0000] {processor.py:840} INFO - DAG(s) 'example_local_kubernetes_executor' retrieved from /home/airflow/.local/lib/python3.8/site-packages/airflow/example_dags/example_local_kubernetes_executor.py
[2024-06-04T08:13:16.114+0000] {logging_mixin.py:188} INFO - [2024-06-04T08:13:16.113+0000] {dag.py:3047} INFO - Sync 1 DAGs
[2024-06-04T08:13:16.141+0000] {logging_mixin.py:188} INFO - [2024-06-04T08:13:16.140+0000] {dag.py:3834} INFO - Setting next_dagrun for example_local_kubernetes_executor to None, run_after=None
[2024-06-04T08:13:16.171+0000] {processor.py:183} INFO - Processing /home/airflow/.local/lib/python3.8/site-packages/airflow/example_dags/example_local_kubernetes_executor.py took 0.116 seconds
[2024-06-04T08:13:46.876+0000] {processor.py:161} INFO - Started process (PID=2737) to work on /home/airflow/.local/lib/python3.8/site-packages/airflow/example_dags/example_local_kubernetes_executor.py
[2024-06-04T08:13:46.878+0000] {processor.py:830} INFO - Processing file /home/airflow/.local/lib/python3.8/site-packages/airflow/example_dags/example_local_kubernetes_executor.py for tasks to queue
[2024-06-04T08:13:46.880+0000] {logging_mixin.py:188} INFO - [2024-06-04T08:13:46.880+0000] {dagbag.py:540} INFO - Filling up the DagBag from /home/airflow/.local/lib/python3.8/site-packages/airflow/example_dags/example_local_kubernetes_executor.py
[2024-06-04T08:13:46.890+0000] {processor.py:840} INFO - DAG(s) 'example_local_kubernetes_executor' retrieved from /home/airflow/.local/lib/python3.8/site-packages/airflow/example_dags/example_local_kubernetes_executor.py
[2024-06-04T08:13:46.914+0000] {logging_mixin.py:188} INFO - [2024-06-04T08:13:46.913+0000] {dag.py:3047} INFO - Sync 1 DAGs
[2024-06-04T08:13:46.932+0000] {logging_mixin.py:188} INFO - [2024-06-04T08:13:46.932+0000] {dag.py:3834} INFO - Setting next_dagrun for example_local_kubernetes_executor to None, run_after=None
[2024-06-04T08:13:46.963+0000] {processor.py:183} INFO - Processing /home/airflow/.local/lib/python3.8/site-packages/airflow/example_dags/example_local_kubernetes_executor.py took 0.092 seconds
[2024-06-04T08:14:17.611+0000] {processor.py:161} INFO - Started process (PID=2796) to work on /home/airflow/.local/lib/python3.8/site-packages/airflow/example_dags/example_local_kubernetes_executor.py
[2024-06-04T08:14:17.613+0000] {processor.py:830} INFO - Processing file /home/airflow/.local/lib/python3.8/site-packages/airflow/example_dags/example_local_kubernetes_executor.py for tasks to queue
[2024-06-04T08:14:17.614+0000] {logging_mixin.py:188} INFO - [2024-06-04T08:14:17.614+0000] {dagbag.py:540} INFO - Filling up the DagBag from /home/airflow/.local/lib/python3.8/site-packages/airflow/example_dags/example_local_kubernetes_executor.py
[2024-06-04T08:14:17.625+0000] {processor.py:840} INFO - DAG(s) 'example_local_kubernetes_executor' retrieved from /home/airflow/.local/lib/python3.8/site-packages/airflow/example_dags/example_local_kubernetes_executor.py
[2024-06-04T08:14:17.764+0000] {logging_mixin.py:188} INFO - [2024-06-04T08:14:17.764+0000] {dag.py:3047} INFO - Sync 1 DAGs
[2024-06-04T08:14:17.780+0000] {logging_mixin.py:188} INFO - [2024-06-04T08:14:17.779+0000] {dag.py:3834} INFO - Setting next_dagrun for example_local_kubernetes_executor to None, run_after=None
[2024-06-04T08:14:17.810+0000] {processor.py:183} INFO - Processing /home/airflow/.local/lib/python3.8/site-packages/airflow/example_dags/example_local_kubernetes_executor.py took 0.203 seconds
[2024-06-04T08:14:48.245+0000] {processor.py:161} INFO - Started process (PID=2855) to work on /home/airflow/.local/lib/python3.8/site-packages/airflow/example_dags/example_local_kubernetes_executor.py
[2024-06-04T08:14:48.246+0000] {processor.py:830} INFO - Processing file /home/airflow/.local/lib/python3.8/site-packages/airflow/example_dags/example_local_kubernetes_executor.py for tasks to queue
[2024-06-04T08:14:48.248+0000] {logging_mixin.py:188} INFO - [2024-06-04T08:14:48.248+0000] {dagbag.py:540} INFO - Filling up the DagBag from /home/airflow/.local/lib/python3.8/site-packages/airflow/example_dags/example_local_kubernetes_executor.py
[2024-06-04T08:14:48.258+0000] {processor.py:840} INFO - DAG(s) 'example_local_kubernetes_executor' retrieved from /home/airflow/.local/lib/python3.8/site-packages/airflow/example_dags/example_local_kubernetes_executor.py
[2024-06-04T08:14:48.312+0000] {logging_mixin.py:188} INFO - [2024-06-04T08:14:48.311+0000] {dag.py:3047} INFO - Sync 1 DAGs
[2024-06-04T08:14:48.328+0000] {logging_mixin.py:188} INFO - [2024-06-04T08:14:48.327+0000] {dag.py:3834} INFO - Setting next_dagrun for example_local_kubernetes_executor to None, run_after=None
[2024-06-04T08:14:48.416+0000] {processor.py:183} INFO - Processing /home/airflow/.local/lib/python3.8/site-packages/airflow/example_dags/example_local_kubernetes_executor.py took 0.175 seconds
[2024-06-04T08:15:29.811+0000] {processor.py:161} INFO - Started process (PID=2953) to work on /home/airflow/.local/lib/python3.8/site-packages/airflow/example_dags/example_local_kubernetes_executor.py
[2024-06-04T08:15:29.900+0000] {processor.py:830} INFO - Processing file /home/airflow/.local/lib/python3.8/site-packages/airflow/example_dags/example_local_kubernetes_executor.py for tasks to queue
[2024-06-04T08:15:29.909+0000] {logging_mixin.py:188} INFO - [2024-06-04T08:15:29.909+0000] {dagbag.py:540} INFO - Filling up the DagBag from /home/airflow/.local/lib/python3.8/site-packages/airflow/example_dags/example_local_kubernetes_executor.py
[2024-06-04T08:15:30.003+0000] {processor.py:840} INFO - DAG(s) 'example_local_kubernetes_executor' retrieved from /home/airflow/.local/lib/python3.8/site-packages/airflow/example_dags/example_local_kubernetes_executor.py
[2024-06-04T08:15:30.309+0000] {logging_mixin.py:188} INFO - [2024-06-04T08:15:30.308+0000] {dag.py:3047} INFO - Sync 1 DAGs
[2024-06-04T08:15:30.414+0000] {logging_mixin.py:188} INFO - [2024-06-04T08:15:30.414+0000] {dag.py:3834} INFO - Setting next_dagrun for example_local_kubernetes_executor to None, run_after=None
[2024-06-04T08:15:31.000+0000] {processor.py:183} INFO - Processing /home/airflow/.local/lib/python3.8/site-packages/airflow/example_dags/example_local_kubernetes_executor.py took 1.194 seconds
[2024-06-04T08:16:01.622+0000] {processor.py:161} INFO - Started process (PID=3021) to work on /home/airflow/.local/lib/python3.8/site-packages/airflow/example_dags/example_local_kubernetes_executor.py
[2024-06-04T08:16:01.624+0000] {processor.py:830} INFO - Processing file /home/airflow/.local/lib/python3.8/site-packages/airflow/example_dags/example_local_kubernetes_executor.py for tasks to queue
[2024-06-04T08:16:01.627+0000] {logging_mixin.py:188} INFO - [2024-06-04T08:16:01.626+0000] {dagbag.py:540} INFO - Filling up the DagBag from /home/airflow/.local/lib/python3.8/site-packages/airflow/example_dags/example_local_kubernetes_executor.py
[2024-06-04T08:16:01.706+0000] {processor.py:840} INFO - DAG(s) 'example_local_kubernetes_executor' retrieved from /home/airflow/.local/lib/python3.8/site-packages/airflow/example_dags/example_local_kubernetes_executor.py
[2024-06-04T08:16:01.817+0000] {logging_mixin.py:188} INFO - [2024-06-04T08:16:01.817+0000] {dag.py:3047} INFO - Sync 1 DAGs
[2024-06-04T08:16:01.835+0000] {logging_mixin.py:188} INFO - [2024-06-04T08:16:01.835+0000] {dag.py:3834} INFO - Setting next_dagrun for example_local_kubernetes_executor to None, run_after=None
[2024-06-04T08:16:01.934+0000] {processor.py:183} INFO - Processing /home/airflow/.local/lib/python3.8/site-packages/airflow/example_dags/example_local_kubernetes_executor.py took 0.317 seconds
[2024-06-04T08:16:33.815+0000] {processor.py:161} INFO - Started process (PID=3117) to work on /home/airflow/.local/lib/python3.8/site-packages/airflow/example_dags/example_local_kubernetes_executor.py
[2024-06-04T08:16:33.820+0000] {processor.py:830} INFO - Processing file /home/airflow/.local/lib/python3.8/site-packages/airflow/example_dags/example_local_kubernetes_executor.py for tasks to queue
[2024-06-04T08:16:33.823+0000] {logging_mixin.py:188} INFO - [2024-06-04T08:16:33.823+0000] {dagbag.py:540} INFO - Filling up the DagBag from /home/airflow/.local/lib/python3.8/site-packages/airflow/example_dags/example_local_kubernetes_executor.py
[2024-06-04T08:16:33.836+0000] {processor.py:840} INFO - DAG(s) 'example_local_kubernetes_executor' retrieved from /home/airflow/.local/lib/python3.8/site-packages/airflow/example_dags/example_local_kubernetes_executor.py
[2024-06-04T08:16:34.209+0000] {logging_mixin.py:188} INFO - [2024-06-04T08:16:34.209+0000] {dag.py:3047} INFO - Sync 1 DAGs
[2024-06-04T08:16:34.235+0000] {logging_mixin.py:188} INFO - [2024-06-04T08:16:34.234+0000] {dag.py:3834} INFO - Setting next_dagrun for example_local_kubernetes_executor to None, run_after=None
[2024-06-04T08:16:34.405+0000] {processor.py:183} INFO - Processing /home/airflow/.local/lib/python3.8/site-packages/airflow/example_dags/example_local_kubernetes_executor.py took 0.596 seconds
[2024-06-04T08:17:05.513+0000] {processor.py:161} INFO - Started process (PID=3187) to work on /home/airflow/.local/lib/python3.8/site-packages/airflow/example_dags/example_local_kubernetes_executor.py
[2024-06-04T08:17:05.514+0000] {processor.py:830} INFO - Processing file /home/airflow/.local/lib/python3.8/site-packages/airflow/example_dags/example_local_kubernetes_executor.py for tasks to queue
[2024-06-04T08:17:05.516+0000] {logging_mixin.py:188} INFO - [2024-06-04T08:17:05.516+0000] {dagbag.py:540} INFO - Filling up the DagBag from /home/airflow/.local/lib/python3.8/site-packages/airflow/example_dags/example_local_kubernetes_executor.py
[2024-06-04T08:17:05.527+0000] {processor.py:840} INFO - DAG(s) 'example_local_kubernetes_executor' retrieved from /home/airflow/.local/lib/python3.8/site-packages/airflow/example_dags/example_local_kubernetes_executor.py
[2024-06-04T08:17:05.613+0000] {logging_mixin.py:188} INFO - [2024-06-04T08:17:05.613+0000] {dag.py:3047} INFO - Sync 1 DAGs
[2024-06-04T08:17:05.631+0000] {logging_mixin.py:188} INFO - [2024-06-04T08:17:05.631+0000] {dag.py:3834} INFO - Setting next_dagrun for example_local_kubernetes_executor to None, run_after=None
[2024-06-04T08:17:05.721+0000] {processor.py:183} INFO - Processing /home/airflow/.local/lib/python3.8/site-packages/airflow/example_dags/example_local_kubernetes_executor.py took 0.213 seconds
[2024-06-04T08:17:36.718+0000] {processor.py:161} INFO - Started process (PID=3285) to work on /home/airflow/.local/lib/python3.8/site-packages/airflow/example_dags/example_local_kubernetes_executor.py
[2024-06-04T08:17:36.720+0000] {processor.py:830} INFO - Processing file /home/airflow/.local/lib/python3.8/site-packages/airflow/example_dags/example_local_kubernetes_executor.py for tasks to queue
[2024-06-04T08:17:36.722+0000] {logging_mixin.py:188} INFO - [2024-06-04T08:17:36.722+0000] {dagbag.py:540} INFO - Filling up the DagBag from /home/airflow/.local/lib/python3.8/site-packages/airflow/example_dags/example_local_kubernetes_executor.py
[2024-06-04T08:17:36.812+0000] {processor.py:840} INFO - DAG(s) 'example_local_kubernetes_executor' retrieved from /home/airflow/.local/lib/python3.8/site-packages/airflow/example_dags/example_local_kubernetes_executor.py
[2024-06-04T08:17:36.922+0000] {logging_mixin.py:188} INFO - [2024-06-04T08:17:36.922+0000] {dag.py:3047} INFO - Sync 1 DAGs
[2024-06-04T08:17:37.007+0000] {logging_mixin.py:188} INFO - [2024-06-04T08:17:37.007+0000] {dag.py:3834} INFO - Setting next_dagrun for example_local_kubernetes_executor to None, run_after=None
[2024-06-04T08:17:37.037+0000] {processor.py:183} INFO - Processing /home/airflow/.local/lib/python3.8/site-packages/airflow/example_dags/example_local_kubernetes_executor.py took 0.325 seconds
