[2024-06-04T07:51:27.147+0000] {processor.py:161} INFO - Started process (PID=192) to work on /home/airflow/.local/lib/python3.8/site-packages/airflow/example_dags/example_task_group.py
[2024-06-04T07:51:27.148+0000] {processor.py:830} INFO - Processing file /home/airflow/.local/lib/python3.8/site-packages/airflow/example_dags/example_task_group.py for tasks to queue
[2024-06-04T07:51:27.150+0000] {logging_mixin.py:188} INFO - [2024-06-04T07:51:27.150+0000] {dagbag.py:540} INFO - Filling up the DagBag from /home/airflow/.local/lib/python3.8/site-packages/airflow/example_dags/example_task_group.py
[2024-06-04T07:51:27.158+0000] {processor.py:840} INFO - DAG(s) 'example_task_group' retrieved from /home/airflow/.local/lib/python3.8/site-packages/airflow/example_dags/example_task_group.py
[2024-06-04T07:51:27.361+0000] {logging_mixin.py:188} INFO - [2024-06-04T07:51:27.361+0000] {dag.py:3047} INFO - Sync 1 DAGs
[2024-06-04T07:51:27.422+0000] {logging_mixin.py:188} INFO - [2024-06-04T07:51:27.422+0000] {dag.py:3834} INFO - Setting next_dagrun for example_task_group to 2024-06-03 00:00:00+00:00, run_after=2024-06-04 00:00:00+00:00
[2024-06-04T07:51:27.443+0000] {processor.py:183} INFO - Processing /home/airflow/.local/lib/python3.8/site-packages/airflow/example_dags/example_task_group.py took 0.300 seconds
[2024-06-04T07:51:58.066+0000] {processor.py:161} INFO - Started process (PID=250) to work on /home/airflow/.local/lib/python3.8/site-packages/airflow/example_dags/example_task_group.py
[2024-06-04T07:51:58.067+0000] {processor.py:830} INFO - Processing file /home/airflow/.local/lib/python3.8/site-packages/airflow/example_dags/example_task_group.py for tasks to queue
[2024-06-04T07:51:58.069+0000] {logging_mixin.py:188} INFO - [2024-06-04T07:51:58.069+0000] {dagbag.py:540} INFO - Filling up the DagBag from /home/airflow/.local/lib/python3.8/site-packages/airflow/example_dags/example_task_group.py
[2024-06-04T07:51:58.076+0000] {processor.py:840} INFO - DAG(s) 'example_task_group' retrieved from /home/airflow/.local/lib/python3.8/site-packages/airflow/example_dags/example_task_group.py
[2024-06-04T07:51:58.105+0000] {logging_mixin.py:188} INFO - [2024-06-04T07:51:58.104+0000] {dag.py:3047} INFO - Sync 1 DAGs
[2024-06-04T07:51:58.137+0000] {logging_mixin.py:188} INFO - [2024-06-04T07:51:58.137+0000] {dag.py:3834} INFO - Setting next_dagrun for example_task_group to 2024-06-03 00:00:00+00:00, run_after=2024-06-04 00:00:00+00:00
[2024-06-04T07:51:58.152+0000] {processor.py:183} INFO - Processing /home/airflow/.local/lib/python3.8/site-packages/airflow/example_dags/example_task_group.py took 0.089 seconds
[2024-06-04T07:52:28.450+0000] {processor.py:161} INFO - Started process (PID=308) to work on /home/airflow/.local/lib/python3.8/site-packages/airflow/example_dags/example_task_group.py
[2024-06-04T07:52:28.451+0000] {processor.py:830} INFO - Processing file /home/airflow/.local/lib/python3.8/site-packages/airflow/example_dags/example_task_group.py for tasks to queue
[2024-06-04T07:52:28.453+0000] {logging_mixin.py:188} INFO - [2024-06-04T07:52:28.453+0000] {dagbag.py:540} INFO - Filling up the DagBag from /home/airflow/.local/lib/python3.8/site-packages/airflow/example_dags/example_task_group.py
[2024-06-04T07:52:28.460+0000] {processor.py:840} INFO - DAG(s) 'example_task_group' retrieved from /home/airflow/.local/lib/python3.8/site-packages/airflow/example_dags/example_task_group.py
[2024-06-04T07:52:28.484+0000] {logging_mixin.py:188} INFO - [2024-06-04T07:52:28.484+0000] {dag.py:3047} INFO - Sync 1 DAGs
[2024-06-04T07:52:28.506+0000] {logging_mixin.py:188} INFO - [2024-06-04T07:52:28.506+0000] {dag.py:3834} INFO - Setting next_dagrun for example_task_group to 2024-06-03 00:00:00+00:00, run_after=2024-06-04 00:00:00+00:00
[2024-06-04T07:52:28.527+0000] {processor.py:183} INFO - Processing /home/airflow/.local/lib/python3.8/site-packages/airflow/example_dags/example_task_group.py took 0.081 seconds
[2024-06-04T07:52:58.781+0000] {processor.py:161} INFO - Started process (PID=366) to work on /home/airflow/.local/lib/python3.8/site-packages/airflow/example_dags/example_task_group.py
[2024-06-04T07:52:58.782+0000] {processor.py:830} INFO - Processing file /home/airflow/.local/lib/python3.8/site-packages/airflow/example_dags/example_task_group.py for tasks to queue
[2024-06-04T07:52:58.784+0000] {logging_mixin.py:188} INFO - [2024-06-04T07:52:58.784+0000] {dagbag.py:540} INFO - Filling up the DagBag from /home/airflow/.local/lib/python3.8/site-packages/airflow/example_dags/example_task_group.py
[2024-06-04T07:52:58.792+0000] {processor.py:840} INFO - DAG(s) 'example_task_group' retrieved from /home/airflow/.local/lib/python3.8/site-packages/airflow/example_dags/example_task_group.py
[2024-06-04T07:52:58.821+0000] {logging_mixin.py:188} INFO - [2024-06-04T07:52:58.821+0000] {dag.py:3047} INFO - Sync 1 DAGs
[2024-06-04T07:52:58.848+0000] {logging_mixin.py:188} INFO - [2024-06-04T07:52:58.847+0000] {dag.py:3834} INFO - Setting next_dagrun for example_task_group to 2024-06-03 00:00:00+00:00, run_after=2024-06-04 00:00:00+00:00
[2024-06-04T07:52:58.869+0000] {processor.py:183} INFO - Processing /home/airflow/.local/lib/python3.8/site-packages/airflow/example_dags/example_task_group.py took 0.092 seconds
[2024-06-04T07:53:29.122+0000] {processor.py:161} INFO - Started process (PID=424) to work on /home/airflow/.local/lib/python3.8/site-packages/airflow/example_dags/example_task_group.py
[2024-06-04T07:53:29.123+0000] {processor.py:830} INFO - Processing file /home/airflow/.local/lib/python3.8/site-packages/airflow/example_dags/example_task_group.py for tasks to queue
[2024-06-04T07:53:29.126+0000] {logging_mixin.py:188} INFO - [2024-06-04T07:53:29.125+0000] {dagbag.py:540} INFO - Filling up the DagBag from /home/airflow/.local/lib/python3.8/site-packages/airflow/example_dags/example_task_group.py
[2024-06-04T07:53:29.136+0000] {processor.py:840} INFO - DAG(s) 'example_task_group' retrieved from /home/airflow/.local/lib/python3.8/site-packages/airflow/example_dags/example_task_group.py
[2024-06-04T07:53:29.160+0000] {logging_mixin.py:188} INFO - [2024-06-04T07:53:29.160+0000] {dag.py:3047} INFO - Sync 1 DAGs
[2024-06-04T07:53:29.182+0000] {logging_mixin.py:188} INFO - [2024-06-04T07:53:29.182+0000] {dag.py:3834} INFO - Setting next_dagrun for example_task_group to 2024-06-03 00:00:00+00:00, run_after=2024-06-04 00:00:00+00:00
[2024-06-04T07:53:29.199+0000] {processor.py:183} INFO - Processing /home/airflow/.local/lib/python3.8/site-packages/airflow/example_dags/example_task_group.py took 0.082 seconds
[2024-06-04T07:53:59.642+0000] {processor.py:161} INFO - Started process (PID=482) to work on /home/airflow/.local/lib/python3.8/site-packages/airflow/example_dags/example_task_group.py
[2024-06-04T07:53:59.643+0000] {processor.py:830} INFO - Processing file /home/airflow/.local/lib/python3.8/site-packages/airflow/example_dags/example_task_group.py for tasks to queue
[2024-06-04T07:53:59.645+0000] {logging_mixin.py:188} INFO - [2024-06-04T07:53:59.645+0000] {dagbag.py:540} INFO - Filling up the DagBag from /home/airflow/.local/lib/python3.8/site-packages/airflow/example_dags/example_task_group.py
[2024-06-04T07:53:59.705+0000] {processor.py:840} INFO - DAG(s) 'example_task_group' retrieved from /home/airflow/.local/lib/python3.8/site-packages/airflow/example_dags/example_task_group.py
[2024-06-04T07:53:59.800+0000] {logging_mixin.py:188} INFO - [2024-06-04T07:53:59.739+0000] {dag.py:3047} INFO - Sync 1 DAGs
[2024-06-04T07:53:59.828+0000] {logging_mixin.py:188} INFO - [2024-06-04T07:53:59.827+0000] {dag.py:3834} INFO - Setting next_dagrun for example_task_group to 2024-06-03 00:00:00+00:00, run_after=2024-06-04 00:00:00+00:00
[2024-06-04T07:53:59.904+0000] {processor.py:183} INFO - Processing /home/airflow/.local/lib/python3.8/site-packages/airflow/example_dags/example_task_group.py took 0.266 seconds
[2024-06-04T07:54:30.765+0000] {processor.py:161} INFO - Started process (PID=540) to work on /home/airflow/.local/lib/python3.8/site-packages/airflow/example_dags/example_task_group.py
[2024-06-04T07:54:30.800+0000] {processor.py:830} INFO - Processing file /home/airflow/.local/lib/python3.8/site-packages/airflow/example_dags/example_task_group.py for tasks to queue
[2024-06-04T07:54:30.802+0000] {logging_mixin.py:188} INFO - [2024-06-04T07:54:30.802+0000] {dagbag.py:540} INFO - Filling up the DagBag from /home/airflow/.local/lib/python3.8/site-packages/airflow/example_dags/example_task_group.py
[2024-06-04T07:54:30.811+0000] {processor.py:840} INFO - DAG(s) 'example_task_group' retrieved from /home/airflow/.local/lib/python3.8/site-packages/airflow/example_dags/example_task_group.py
[2024-06-04T07:54:30.842+0000] {logging_mixin.py:188} INFO - [2024-06-04T07:54:30.841+0000] {dag.py:3047} INFO - Sync 1 DAGs
[2024-06-04T07:54:30.920+0000] {logging_mixin.py:188} INFO - [2024-06-04T07:54:30.920+0000] {dag.py:3834} INFO - Setting next_dagrun for example_task_group to 2024-06-03 00:00:00+00:00, run_after=2024-06-04 00:00:00+00:00
[2024-06-04T07:54:31.006+0000] {processor.py:183} INFO - Processing /home/airflow/.local/lib/python3.8/site-packages/airflow/example_dags/example_task_group.py took 0.244 seconds
[2024-06-04T07:55:01.159+0000] {processor.py:161} INFO - Started process (PID=598) to work on /home/airflow/.local/lib/python3.8/site-packages/airflow/example_dags/example_task_group.py
[2024-06-04T07:55:01.160+0000] {processor.py:830} INFO - Processing file /home/airflow/.local/lib/python3.8/site-packages/airflow/example_dags/example_task_group.py for tasks to queue
[2024-06-04T07:55:01.162+0000] {logging_mixin.py:188} INFO - [2024-06-04T07:55:01.162+0000] {dagbag.py:540} INFO - Filling up the DagBag from /home/airflow/.local/lib/python3.8/site-packages/airflow/example_dags/example_task_group.py
[2024-06-04T07:55:01.170+0000] {processor.py:840} INFO - DAG(s) 'example_task_group' retrieved from /home/airflow/.local/lib/python3.8/site-packages/airflow/example_dags/example_task_group.py
[2024-06-04T07:55:01.198+0000] {logging_mixin.py:188} INFO - [2024-06-04T07:55:01.198+0000] {dag.py:3047} INFO - Sync 1 DAGs
[2024-06-04T07:55:01.223+0000] {logging_mixin.py:188} INFO - [2024-06-04T07:55:01.223+0000] {dag.py:3834} INFO - Setting next_dagrun for example_task_group to 2024-06-03 00:00:00+00:00, run_after=2024-06-04 00:00:00+00:00
[2024-06-04T07:55:01.246+0000] {processor.py:183} INFO - Processing /home/airflow/.local/lib/python3.8/site-packages/airflow/example_dags/example_task_group.py took 0.091 seconds
[2024-06-04T07:55:31.326+0000] {processor.py:161} INFO - Started process (PID=656) to work on /home/airflow/.local/lib/python3.8/site-packages/airflow/example_dags/example_task_group.py
[2024-06-04T07:55:31.328+0000] {processor.py:830} INFO - Processing file /home/airflow/.local/lib/python3.8/site-packages/airflow/example_dags/example_task_group.py for tasks to queue
[2024-06-04T07:55:31.329+0000] {logging_mixin.py:188} INFO - [2024-06-04T07:55:31.329+0000] {dagbag.py:540} INFO - Filling up the DagBag from /home/airflow/.local/lib/python3.8/site-packages/airflow/example_dags/example_task_group.py
[2024-06-04T07:55:31.338+0000] {processor.py:840} INFO - DAG(s) 'example_task_group' retrieved from /home/airflow/.local/lib/python3.8/site-packages/airflow/example_dags/example_task_group.py
[2024-06-04T07:55:31.363+0000] {logging_mixin.py:188} INFO - [2024-06-04T07:55:31.362+0000] {dag.py:3047} INFO - Sync 1 DAGs
[2024-06-04T07:55:31.386+0000] {logging_mixin.py:188} INFO - [2024-06-04T07:55:31.386+0000] {dag.py:3834} INFO - Setting next_dagrun for example_task_group to 2024-06-03 00:00:00+00:00, run_after=2024-06-04 00:00:00+00:00
[2024-06-04T07:55:31.405+0000] {processor.py:183} INFO - Processing /home/airflow/.local/lib/python3.8/site-packages/airflow/example_dags/example_task_group.py took 0.082 seconds
[2024-06-04T07:56:02.126+0000] {processor.py:161} INFO - Started process (PID=714) to work on /home/airflow/.local/lib/python3.8/site-packages/airflow/example_dags/example_task_group.py
[2024-06-04T07:56:02.128+0000] {processor.py:830} INFO - Processing file /home/airflow/.local/lib/python3.8/site-packages/airflow/example_dags/example_task_group.py for tasks to queue
[2024-06-04T07:56:02.129+0000] {logging_mixin.py:188} INFO - [2024-06-04T07:56:02.129+0000] {dagbag.py:540} INFO - Filling up the DagBag from /home/airflow/.local/lib/python3.8/site-packages/airflow/example_dags/example_task_group.py
[2024-06-04T07:56:02.138+0000] {processor.py:840} INFO - DAG(s) 'example_task_group' retrieved from /home/airflow/.local/lib/python3.8/site-packages/airflow/example_dags/example_task_group.py
[2024-06-04T07:56:02.166+0000] {logging_mixin.py:188} INFO - [2024-06-04T07:56:02.166+0000] {dag.py:3047} INFO - Sync 1 DAGs
[2024-06-04T07:56:02.191+0000] {logging_mixin.py:188} INFO - [2024-06-04T07:56:02.191+0000] {dag.py:3834} INFO - Setting next_dagrun for example_task_group to 2024-06-03 00:00:00+00:00, run_after=2024-06-04 00:00:00+00:00
[2024-06-04T07:56:02.212+0000] {processor.py:183} INFO - Processing /home/airflow/.local/lib/python3.8/site-packages/airflow/example_dags/example_task_group.py took 0.089 seconds
[2024-06-04T07:56:32.859+0000] {processor.py:161} INFO - Started process (PID=772) to work on /home/airflow/.local/lib/python3.8/site-packages/airflow/example_dags/example_task_group.py
[2024-06-04T07:56:32.860+0000] {processor.py:830} INFO - Processing file /home/airflow/.local/lib/python3.8/site-packages/airflow/example_dags/example_task_group.py for tasks to queue
[2024-06-04T07:56:32.862+0000] {logging_mixin.py:188} INFO - [2024-06-04T07:56:32.862+0000] {dagbag.py:540} INFO - Filling up the DagBag from /home/airflow/.local/lib/python3.8/site-packages/airflow/example_dags/example_task_group.py
[2024-06-04T07:56:32.869+0000] {processor.py:840} INFO - DAG(s) 'example_task_group' retrieved from /home/airflow/.local/lib/python3.8/site-packages/airflow/example_dags/example_task_group.py
[2024-06-04T07:56:32.894+0000] {logging_mixin.py:188} INFO - [2024-06-04T07:56:32.893+0000] {dag.py:3047} INFO - Sync 1 DAGs
[2024-06-04T07:56:32.916+0000] {logging_mixin.py:188} INFO - [2024-06-04T07:56:32.916+0000] {dag.py:3834} INFO - Setting next_dagrun for example_task_group to 2024-06-03 00:00:00+00:00, run_after=2024-06-04 00:00:00+00:00
[2024-06-04T07:56:32.934+0000] {processor.py:183} INFO - Processing /home/airflow/.local/lib/python3.8/site-packages/airflow/example_dags/example_task_group.py took 0.079 seconds
[2024-06-04T07:57:03.445+0000] {processor.py:161} INFO - Started process (PID=830) to work on /home/airflow/.local/lib/python3.8/site-packages/airflow/example_dags/example_task_group.py
[2024-06-04T07:57:03.447+0000] {processor.py:830} INFO - Processing file /home/airflow/.local/lib/python3.8/site-packages/airflow/example_dags/example_task_group.py for tasks to queue
[2024-06-04T07:57:03.449+0000] {logging_mixin.py:188} INFO - [2024-06-04T07:57:03.448+0000] {dagbag.py:540} INFO - Filling up the DagBag from /home/airflow/.local/lib/python3.8/site-packages/airflow/example_dags/example_task_group.py
[2024-06-04T07:57:03.458+0000] {processor.py:840} INFO - DAG(s) 'example_task_group' retrieved from /home/airflow/.local/lib/python3.8/site-packages/airflow/example_dags/example_task_group.py
[2024-06-04T07:57:03.483+0000] {logging_mixin.py:188} INFO - [2024-06-04T07:57:03.483+0000] {dag.py:3047} INFO - Sync 1 DAGs
[2024-06-04T07:57:03.513+0000] {logging_mixin.py:188} INFO - [2024-06-04T07:57:03.512+0000] {dag.py:3834} INFO - Setting next_dagrun for example_task_group to 2024-06-03 00:00:00+00:00, run_after=2024-06-04 00:00:00+00:00
[2024-06-04T07:57:03.533+0000] {processor.py:183} INFO - Processing /home/airflow/.local/lib/python3.8/site-packages/airflow/example_dags/example_task_group.py took 0.091 seconds
[2024-06-04T07:57:33.960+0000] {processor.py:161} INFO - Started process (PID=888) to work on /home/airflow/.local/lib/python3.8/site-packages/airflow/example_dags/example_task_group.py
[2024-06-04T07:57:33.961+0000] {processor.py:830} INFO - Processing file /home/airflow/.local/lib/python3.8/site-packages/airflow/example_dags/example_task_group.py for tasks to queue
[2024-06-04T07:57:33.963+0000] {logging_mixin.py:188} INFO - [2024-06-04T07:57:33.963+0000] {dagbag.py:540} INFO - Filling up the DagBag from /home/airflow/.local/lib/python3.8/site-packages/airflow/example_dags/example_task_group.py
[2024-06-04T07:57:33.971+0000] {processor.py:840} INFO - DAG(s) 'example_task_group' retrieved from /home/airflow/.local/lib/python3.8/site-packages/airflow/example_dags/example_task_group.py
[2024-06-04T07:57:33.995+0000] {logging_mixin.py:188} INFO - [2024-06-04T07:57:33.994+0000] {dag.py:3047} INFO - Sync 1 DAGs
[2024-06-04T07:57:34.018+0000] {logging_mixin.py:188} INFO - [2024-06-04T07:57:34.018+0000] {dag.py:3834} INFO - Setting next_dagrun for example_task_group to 2024-06-03 00:00:00+00:00, run_after=2024-06-04 00:00:00+00:00
[2024-06-04T07:57:34.037+0000] {processor.py:183} INFO - Processing /home/airflow/.local/lib/python3.8/site-packages/airflow/example_dags/example_task_group.py took 0.080 seconds
[2024-06-04T07:58:04.376+0000] {processor.py:161} INFO - Started process (PID=946) to work on /home/airflow/.local/lib/python3.8/site-packages/airflow/example_dags/example_task_group.py
[2024-06-04T07:58:04.377+0000] {processor.py:830} INFO - Processing file /home/airflow/.local/lib/python3.8/site-packages/airflow/example_dags/example_task_group.py for tasks to queue
[2024-06-04T07:58:04.379+0000] {logging_mixin.py:188} INFO - [2024-06-04T07:58:04.378+0000] {dagbag.py:540} INFO - Filling up the DagBag from /home/airflow/.local/lib/python3.8/site-packages/airflow/example_dags/example_task_group.py
[2024-06-04T07:58:04.387+0000] {processor.py:840} INFO - DAG(s) 'example_task_group' retrieved from /home/airflow/.local/lib/python3.8/site-packages/airflow/example_dags/example_task_group.py
[2024-06-04T07:58:04.413+0000] {logging_mixin.py:188} INFO - [2024-06-04T07:58:04.412+0000] {dag.py:3047} INFO - Sync 1 DAGs
[2024-06-04T07:58:04.440+0000] {logging_mixin.py:188} INFO - [2024-06-04T07:58:04.439+0000] {dag.py:3834} INFO - Setting next_dagrun for example_task_group to 2024-06-03 00:00:00+00:00, run_after=2024-06-04 00:00:00+00:00
[2024-06-04T07:58:04.463+0000] {processor.py:183} INFO - Processing /home/airflow/.local/lib/python3.8/site-packages/airflow/example_dags/example_task_group.py took 0.091 seconds
[2024-06-04T07:58:34.804+0000] {processor.py:161} INFO - Started process (PID=1010) to work on /home/airflow/.local/lib/python3.8/site-packages/airflow/example_dags/example_task_group.py
[2024-06-04T07:58:34.805+0000] {processor.py:830} INFO - Processing file /home/airflow/.local/lib/python3.8/site-packages/airflow/example_dags/example_task_group.py for tasks to queue
[2024-06-04T07:58:34.807+0000] {logging_mixin.py:188} INFO - [2024-06-04T07:58:34.806+0000] {dagbag.py:540} INFO - Filling up the DagBag from /home/airflow/.local/lib/python3.8/site-packages/airflow/example_dags/example_task_group.py
[2024-06-04T07:58:34.814+0000] {processor.py:840} INFO - DAG(s) 'example_task_group' retrieved from /home/airflow/.local/lib/python3.8/site-packages/airflow/example_dags/example_task_group.py
[2024-06-04T07:58:34.841+0000] {logging_mixin.py:188} INFO - [2024-06-04T07:58:34.840+0000] {dag.py:3047} INFO - Sync 1 DAGs
[2024-06-04T07:58:34.864+0000] {logging_mixin.py:188} INFO - [2024-06-04T07:58:34.864+0000] {dag.py:3834} INFO - Setting next_dagrun for example_task_group to 2024-06-03 00:00:00+00:00, run_after=2024-06-04 00:00:00+00:00
[2024-06-04T07:58:34.887+0000] {processor.py:183} INFO - Processing /home/airflow/.local/lib/python3.8/site-packages/airflow/example_dags/example_task_group.py took 0.087 seconds
[2024-06-04T07:59:04.986+0000] {processor.py:161} INFO - Started process (PID=1069) to work on /home/airflow/.local/lib/python3.8/site-packages/airflow/example_dags/example_task_group.py
[2024-06-04T07:59:04.988+0000] {processor.py:830} INFO - Processing file /home/airflow/.local/lib/python3.8/site-packages/airflow/example_dags/example_task_group.py for tasks to queue
[2024-06-04T07:59:04.990+0000] {logging_mixin.py:188} INFO - [2024-06-04T07:59:04.989+0000] {dagbag.py:540} INFO - Filling up the DagBag from /home/airflow/.local/lib/python3.8/site-packages/airflow/example_dags/example_task_group.py
[2024-06-04T07:59:04.997+0000] {processor.py:840} INFO - DAG(s) 'example_task_group' retrieved from /home/airflow/.local/lib/python3.8/site-packages/airflow/example_dags/example_task_group.py
[2024-06-04T07:59:05.026+0000] {logging_mixin.py:188} INFO - [2024-06-04T07:59:05.026+0000] {dag.py:3047} INFO - Sync 1 DAGs
[2024-06-04T07:59:05.051+0000] {logging_mixin.py:188} INFO - [2024-06-04T07:59:05.051+0000] {dag.py:3834} INFO - Setting next_dagrun for example_task_group to 2024-06-03 00:00:00+00:00, run_after=2024-06-04 00:00:00+00:00
[2024-06-04T07:59:05.070+0000] {processor.py:183} INFO - Processing /home/airflow/.local/lib/python3.8/site-packages/airflow/example_dags/example_task_group.py took 0.087 seconds
