[2024-06-04T07:51:23.424+0000] {processor.py:161} INFO - Started process (PID=173) to work on /home/airflow/.local/lib/python3.8/site-packages/airflow/example_dags/example_kubernetes_executor.py
[2024-06-04T07:51:23.425+0000] {processor.py:830} INFO - Processing file /home/airflow/.local/lib/python3.8/site-packages/airflow/example_dags/example_kubernetes_executor.py for tasks to queue
[2024-06-04T07:51:23.427+0000] {logging_mixin.py:188} INFO - [2024-06-04T07:51:23.427+0000] {dagbag.py:540} INFO - Filling up the DagBag from /home/airflow/.local/lib/python3.8/site-packages/airflow/example_dags/example_kubernetes_executor.py
[2024-06-04T07:51:23.503+0000] {processor.py:840} INFO - DAG(s) 'example_kubernetes_executor' retrieved from /home/airflow/.local/lib/python3.8/site-packages/airflow/example_dags/example_kubernetes_executor.py
[2024-06-04T07:51:23.806+0000] {logging_mixin.py:188} INFO - [2024-06-04T07:51:23.806+0000] {dag.py:3047} INFO - Sync 1 DAGs
[2024-06-04T07:51:23.820+0000] {logging_mixin.py:188} INFO - [2024-06-04T07:51:23.820+0000] {dag.py:3834} INFO - Setting next_dagrun for example_kubernetes_executor to None, run_after=None
[2024-06-04T07:51:23.844+0000] {processor.py:183} INFO - Processing /home/airflow/.local/lib/python3.8/site-packages/airflow/example_dags/example_kubernetes_executor.py took 0.425 seconds
[2024-06-04T07:51:54.770+0000] {processor.py:161} INFO - Started process (PID=231) to work on /home/airflow/.local/lib/python3.8/site-packages/airflow/example_dags/example_kubernetes_executor.py
[2024-06-04T07:51:54.771+0000] {processor.py:830} INFO - Processing file /home/airflow/.local/lib/python3.8/site-packages/airflow/example_dags/example_kubernetes_executor.py for tasks to queue
[2024-06-04T07:51:54.773+0000] {logging_mixin.py:188} INFO - [2024-06-04T07:51:54.773+0000] {dagbag.py:540} INFO - Filling up the DagBag from /home/airflow/.local/lib/python3.8/site-packages/airflow/example_dags/example_kubernetes_executor.py
[2024-06-04T07:51:54.788+0000] {processor.py:840} INFO - DAG(s) 'example_kubernetes_executor' retrieved from /home/airflow/.local/lib/python3.8/site-packages/airflow/example_dags/example_kubernetes_executor.py
[2024-06-04T07:51:54.820+0000] {logging_mixin.py:188} INFO - [2024-06-04T07:51:54.820+0000] {dag.py:3047} INFO - Sync 1 DAGs
[2024-06-04T07:51:54.833+0000] {logging_mixin.py:188} INFO - [2024-06-04T07:51:54.833+0000] {dag.py:3834} INFO - Setting next_dagrun for example_kubernetes_executor to None, run_after=None
[2024-06-04T07:51:54.855+0000] {processor.py:183} INFO - Processing /home/airflow/.local/lib/python3.8/site-packages/airflow/example_dags/example_kubernetes_executor.py took 0.088 seconds
[2024-06-04T07:52:25.194+0000] {processor.py:161} INFO - Started process (PID=289) to work on /home/airflow/.local/lib/python3.8/site-packages/airflow/example_dags/example_kubernetes_executor.py
[2024-06-04T07:52:25.195+0000] {processor.py:830} INFO - Processing file /home/airflow/.local/lib/python3.8/site-packages/airflow/example_dags/example_kubernetes_executor.py for tasks to queue
[2024-06-04T07:52:25.197+0000] {logging_mixin.py:188} INFO - [2024-06-04T07:52:25.197+0000] {dagbag.py:540} INFO - Filling up the DagBag from /home/airflow/.local/lib/python3.8/site-packages/airflow/example_dags/example_kubernetes_executor.py
[2024-06-04T07:52:25.217+0000] {processor.py:840} INFO - DAG(s) 'example_kubernetes_executor' retrieved from /home/airflow/.local/lib/python3.8/site-packages/airflow/example_dags/example_kubernetes_executor.py
[2024-06-04T07:52:25.257+0000] {logging_mixin.py:188} INFO - [2024-06-04T07:52:25.257+0000] {dag.py:3047} INFO - Sync 1 DAGs
[2024-06-04T07:52:25.273+0000] {logging_mixin.py:188} INFO - [2024-06-04T07:52:25.273+0000] {dag.py:3834} INFO - Setting next_dagrun for example_kubernetes_executor to None, run_after=None
[2024-06-04T07:52:25.296+0000] {processor.py:183} INFO - Processing /home/airflow/.local/lib/python3.8/site-packages/airflow/example_dags/example_kubernetes_executor.py took 0.105 seconds
[2024-06-04T07:52:55.420+0000] {processor.py:161} INFO - Started process (PID=347) to work on /home/airflow/.local/lib/python3.8/site-packages/airflow/example_dags/example_kubernetes_executor.py
[2024-06-04T07:52:55.422+0000] {processor.py:830} INFO - Processing file /home/airflow/.local/lib/python3.8/site-packages/airflow/example_dags/example_kubernetes_executor.py for tasks to queue
[2024-06-04T07:52:55.424+0000] {logging_mixin.py:188} INFO - [2024-06-04T07:52:55.424+0000] {dagbag.py:540} INFO - Filling up the DagBag from /home/airflow/.local/lib/python3.8/site-packages/airflow/example_dags/example_kubernetes_executor.py
[2024-06-04T07:52:55.443+0000] {processor.py:840} INFO - DAG(s) 'example_kubernetes_executor' retrieved from /home/airflow/.local/lib/python3.8/site-packages/airflow/example_dags/example_kubernetes_executor.py
[2024-06-04T07:52:55.472+0000] {logging_mixin.py:188} INFO - [2024-06-04T07:52:55.472+0000] {dag.py:3047} INFO - Sync 1 DAGs
[2024-06-04T07:52:55.484+0000] {logging_mixin.py:188} INFO - [2024-06-04T07:52:55.484+0000] {dag.py:3834} INFO - Setting next_dagrun for example_kubernetes_executor to None, run_after=None
[2024-06-04T07:52:55.504+0000] {processor.py:183} INFO - Processing /home/airflow/.local/lib/python3.8/site-packages/airflow/example_dags/example_kubernetes_executor.py took 0.087 seconds
[2024-06-04T07:53:25.664+0000] {processor.py:161} INFO - Started process (PID=405) to work on /home/airflow/.local/lib/python3.8/site-packages/airflow/example_dags/example_kubernetes_executor.py
[2024-06-04T07:53:25.665+0000] {processor.py:830} INFO - Processing file /home/airflow/.local/lib/python3.8/site-packages/airflow/example_dags/example_kubernetes_executor.py for tasks to queue
[2024-06-04T07:53:25.667+0000] {logging_mixin.py:188} INFO - [2024-06-04T07:53:25.666+0000] {dagbag.py:540} INFO - Filling up the DagBag from /home/airflow/.local/lib/python3.8/site-packages/airflow/example_dags/example_kubernetes_executor.py
[2024-06-04T07:53:25.684+0000] {processor.py:840} INFO - DAG(s) 'example_kubernetes_executor' retrieved from /home/airflow/.local/lib/python3.8/site-packages/airflow/example_dags/example_kubernetes_executor.py
[2024-06-04T07:53:25.723+0000] {logging_mixin.py:188} INFO - [2024-06-04T07:53:25.722+0000] {dag.py:3047} INFO - Sync 1 DAGs
[2024-06-04T07:53:25.742+0000] {logging_mixin.py:188} INFO - [2024-06-04T07:53:25.741+0000] {dag.py:3834} INFO - Setting next_dagrun for example_kubernetes_executor to None, run_after=None
[2024-06-04T07:53:25.768+0000] {processor.py:183} INFO - Processing /home/airflow/.local/lib/python3.8/site-packages/airflow/example_dags/example_kubernetes_executor.py took 0.109 seconds
[2024-06-04T07:53:56.005+0000] {processor.py:161} INFO - Started process (PID=463) to work on /home/airflow/.local/lib/python3.8/site-packages/airflow/example_dags/example_kubernetes_executor.py
[2024-06-04T07:53:56.007+0000] {processor.py:830} INFO - Processing file /home/airflow/.local/lib/python3.8/site-packages/airflow/example_dags/example_kubernetes_executor.py for tasks to queue
[2024-06-04T07:53:56.010+0000] {logging_mixin.py:188} INFO - [2024-06-04T07:53:56.009+0000] {dagbag.py:540} INFO - Filling up the DagBag from /home/airflow/.local/lib/python3.8/site-packages/airflow/example_dags/example_kubernetes_executor.py
[2024-06-04T07:53:56.028+0000] {processor.py:840} INFO - DAG(s) 'example_kubernetes_executor' retrieved from /home/airflow/.local/lib/python3.8/site-packages/airflow/example_dags/example_kubernetes_executor.py
[2024-06-04T07:53:56.117+0000] {logging_mixin.py:188} INFO - [2024-06-04T07:53:56.117+0000] {dag.py:3047} INFO - Sync 1 DAGs
[2024-06-04T07:53:56.131+0000] {logging_mixin.py:188} INFO - [2024-06-04T07:53:56.130+0000] {dag.py:3834} INFO - Setting next_dagrun for example_kubernetes_executor to None, run_after=None
[2024-06-04T07:53:56.213+0000] {processor.py:183} INFO - Processing /home/airflow/.local/lib/python3.8/site-packages/airflow/example_dags/example_kubernetes_executor.py took 0.212 seconds
[2024-06-04T07:54:26.397+0000] {processor.py:161} INFO - Started process (PID=521) to work on /home/airflow/.local/lib/python3.8/site-packages/airflow/example_dags/example_kubernetes_executor.py
[2024-06-04T07:54:26.398+0000] {processor.py:830} INFO - Processing file /home/airflow/.local/lib/python3.8/site-packages/airflow/example_dags/example_kubernetes_executor.py for tasks to queue
[2024-06-04T07:54:26.400+0000] {logging_mixin.py:188} INFO - [2024-06-04T07:54:26.400+0000] {dagbag.py:540} INFO - Filling up the DagBag from /home/airflow/.local/lib/python3.8/site-packages/airflow/example_dags/example_kubernetes_executor.py
[2024-06-04T07:54:26.419+0000] {processor.py:840} INFO - DAG(s) 'example_kubernetes_executor' retrieved from /home/airflow/.local/lib/python3.8/site-packages/airflow/example_dags/example_kubernetes_executor.py
[2024-06-04T07:54:26.455+0000] {logging_mixin.py:188} INFO - [2024-06-04T07:54:26.455+0000] {dag.py:3047} INFO - Sync 1 DAGs
[2024-06-04T07:54:26.469+0000] {logging_mixin.py:188} INFO - [2024-06-04T07:54:26.469+0000] {dag.py:3834} INFO - Setting next_dagrun for example_kubernetes_executor to None, run_after=None
[2024-06-04T07:54:26.488+0000] {processor.py:183} INFO - Processing /home/airflow/.local/lib/python3.8/site-packages/airflow/example_dags/example_kubernetes_executor.py took 0.094 seconds
[2024-06-04T07:54:56.928+0000] {processor.py:161} INFO - Started process (PID=579) to work on /home/airflow/.local/lib/python3.8/site-packages/airflow/example_dags/example_kubernetes_executor.py
[2024-06-04T07:54:56.930+0000] {processor.py:830} INFO - Processing file /home/airflow/.local/lib/python3.8/site-packages/airflow/example_dags/example_kubernetes_executor.py for tasks to queue
[2024-06-04T07:54:56.932+0000] {logging_mixin.py:188} INFO - [2024-06-04T07:54:56.931+0000] {dagbag.py:540} INFO - Filling up the DagBag from /home/airflow/.local/lib/python3.8/site-packages/airflow/example_dags/example_kubernetes_executor.py
[2024-06-04T07:54:56.947+0000] {processor.py:840} INFO - DAG(s) 'example_kubernetes_executor' retrieved from /home/airflow/.local/lib/python3.8/site-packages/airflow/example_dags/example_kubernetes_executor.py
[2024-06-04T07:54:56.977+0000] {logging_mixin.py:188} INFO - [2024-06-04T07:54:56.977+0000] {dag.py:3047} INFO - Sync 1 DAGs
[2024-06-04T07:54:56.991+0000] {logging_mixin.py:188} INFO - [2024-06-04T07:54:56.991+0000] {dag.py:3834} INFO - Setting next_dagrun for example_kubernetes_executor to None, run_after=None
[2024-06-04T07:54:57.011+0000] {processor.py:183} INFO - Processing /home/airflow/.local/lib/python3.8/site-packages/airflow/example_dags/example_kubernetes_executor.py took 0.087 seconds
[2024-06-04T07:55:27.213+0000] {processor.py:161} INFO - Started process (PID=637) to work on /home/airflow/.local/lib/python3.8/site-packages/airflow/example_dags/example_kubernetes_executor.py
[2024-06-04T07:55:27.214+0000] {processor.py:830} INFO - Processing file /home/airflow/.local/lib/python3.8/site-packages/airflow/example_dags/example_kubernetes_executor.py for tasks to queue
[2024-06-04T07:55:27.216+0000] {logging_mixin.py:188} INFO - [2024-06-04T07:55:27.216+0000] {dagbag.py:540} INFO - Filling up the DagBag from /home/airflow/.local/lib/python3.8/site-packages/airflow/example_dags/example_kubernetes_executor.py
[2024-06-04T07:55:27.234+0000] {processor.py:840} INFO - DAG(s) 'example_kubernetes_executor' retrieved from /home/airflow/.local/lib/python3.8/site-packages/airflow/example_dags/example_kubernetes_executor.py
[2024-06-04T07:55:27.265+0000] {logging_mixin.py:188} INFO - [2024-06-04T07:55:27.265+0000] {dag.py:3047} INFO - Sync 1 DAGs
[2024-06-04T07:55:27.277+0000] {logging_mixin.py:188} INFO - [2024-06-04T07:55:27.277+0000] {dag.py:3834} INFO - Setting next_dagrun for example_kubernetes_executor to None, run_after=None
[2024-06-04T07:55:27.294+0000] {processor.py:183} INFO - Processing /home/airflow/.local/lib/python3.8/site-packages/airflow/example_dags/example_kubernetes_executor.py took 0.086 seconds
[2024-06-04T07:55:57.784+0000] {processor.py:161} INFO - Started process (PID=695) to work on /home/airflow/.local/lib/python3.8/site-packages/airflow/example_dags/example_kubernetes_executor.py
[2024-06-04T07:55:57.786+0000] {processor.py:830} INFO - Processing file /home/airflow/.local/lib/python3.8/site-packages/airflow/example_dags/example_kubernetes_executor.py for tasks to queue
[2024-06-04T07:55:57.787+0000] {logging_mixin.py:188} INFO - [2024-06-04T07:55:57.787+0000] {dagbag.py:540} INFO - Filling up the DagBag from /home/airflow/.local/lib/python3.8/site-packages/airflow/example_dags/example_kubernetes_executor.py
[2024-06-04T07:55:57.803+0000] {processor.py:840} INFO - DAG(s) 'example_kubernetes_executor' retrieved from /home/airflow/.local/lib/python3.8/site-packages/airflow/example_dags/example_kubernetes_executor.py
[2024-06-04T07:55:57.837+0000] {logging_mixin.py:188} INFO - [2024-06-04T07:55:57.836+0000] {dag.py:3047} INFO - Sync 1 DAGs
[2024-06-04T07:55:57.851+0000] {logging_mixin.py:188} INFO - [2024-06-04T07:55:57.851+0000] {dag.py:3834} INFO - Setting next_dagrun for example_kubernetes_executor to None, run_after=None
[2024-06-04T07:55:57.872+0000] {processor.py:183} INFO - Processing /home/airflow/.local/lib/python3.8/site-packages/airflow/example_dags/example_kubernetes_executor.py took 0.091 seconds
[2024-06-04T07:56:28.512+0000] {processor.py:161} INFO - Started process (PID=753) to work on /home/airflow/.local/lib/python3.8/site-packages/airflow/example_dags/example_kubernetes_executor.py
[2024-06-04T07:56:28.513+0000] {processor.py:830} INFO - Processing file /home/airflow/.local/lib/python3.8/site-packages/airflow/example_dags/example_kubernetes_executor.py for tasks to queue
[2024-06-04T07:56:28.515+0000] {logging_mixin.py:188} INFO - [2024-06-04T07:56:28.515+0000] {dagbag.py:540} INFO - Filling up the DagBag from /home/airflow/.local/lib/python3.8/site-packages/airflow/example_dags/example_kubernetes_executor.py
[2024-06-04T07:56:28.531+0000] {processor.py:840} INFO - DAG(s) 'example_kubernetes_executor' retrieved from /home/airflow/.local/lib/python3.8/site-packages/airflow/example_dags/example_kubernetes_executor.py
[2024-06-04T07:56:28.563+0000] {logging_mixin.py:188} INFO - [2024-06-04T07:56:28.563+0000] {dag.py:3047} INFO - Sync 1 DAGs
[2024-06-04T07:56:28.577+0000] {logging_mixin.py:188} INFO - [2024-06-04T07:56:28.577+0000] {dag.py:3834} INFO - Setting next_dagrun for example_kubernetes_executor to None, run_after=None
[2024-06-04T07:56:28.596+0000] {processor.py:183} INFO - Processing /home/airflow/.local/lib/python3.8/site-packages/airflow/example_dags/example_kubernetes_executor.py took 0.088 seconds
[2024-06-04T07:56:59.030+0000] {processor.py:161} INFO - Started process (PID=811) to work on /home/airflow/.local/lib/python3.8/site-packages/airflow/example_dags/example_kubernetes_executor.py
[2024-06-04T07:56:59.031+0000] {processor.py:830} INFO - Processing file /home/airflow/.local/lib/python3.8/site-packages/airflow/example_dags/example_kubernetes_executor.py for tasks to queue
[2024-06-04T07:56:59.033+0000] {logging_mixin.py:188} INFO - [2024-06-04T07:56:59.033+0000] {dagbag.py:540} INFO - Filling up the DagBag from /home/airflow/.local/lib/python3.8/site-packages/airflow/example_dags/example_kubernetes_executor.py
[2024-06-04T07:56:59.050+0000] {processor.py:840} INFO - DAG(s) 'example_kubernetes_executor' retrieved from /home/airflow/.local/lib/python3.8/site-packages/airflow/example_dags/example_kubernetes_executor.py
[2024-06-04T07:56:59.082+0000] {logging_mixin.py:188} INFO - [2024-06-04T07:56:59.082+0000] {dag.py:3047} INFO - Sync 1 DAGs
[2024-06-04T07:56:59.095+0000] {logging_mixin.py:188} INFO - [2024-06-04T07:56:59.095+0000] {dag.py:3834} INFO - Setting next_dagrun for example_kubernetes_executor to None, run_after=None
[2024-06-04T07:56:59.119+0000] {processor.py:183} INFO - Processing /home/airflow/.local/lib/python3.8/site-packages/airflow/example_dags/example_kubernetes_executor.py took 0.094 seconds
[2024-06-04T07:57:29.576+0000] {processor.py:161} INFO - Started process (PID=869) to work on /home/airflow/.local/lib/python3.8/site-packages/airflow/example_dags/example_kubernetes_executor.py
[2024-06-04T07:57:29.577+0000] {processor.py:830} INFO - Processing file /home/airflow/.local/lib/python3.8/site-packages/airflow/example_dags/example_kubernetes_executor.py for tasks to queue
[2024-06-04T07:57:29.579+0000] {logging_mixin.py:188} INFO - [2024-06-04T07:57:29.579+0000] {dagbag.py:540} INFO - Filling up the DagBag from /home/airflow/.local/lib/python3.8/site-packages/airflow/example_dags/example_kubernetes_executor.py
[2024-06-04T07:57:29.596+0000] {processor.py:840} INFO - DAG(s) 'example_kubernetes_executor' retrieved from /home/airflow/.local/lib/python3.8/site-packages/airflow/example_dags/example_kubernetes_executor.py
[2024-06-04T07:57:29.626+0000] {logging_mixin.py:188} INFO - [2024-06-04T07:57:29.626+0000] {dag.py:3047} INFO - Sync 1 DAGs
[2024-06-04T07:57:29.640+0000] {logging_mixin.py:188} INFO - [2024-06-04T07:57:29.640+0000] {dag.py:3834} INFO - Setting next_dagrun for example_kubernetes_executor to None, run_after=None
[2024-06-04T07:57:29.660+0000] {processor.py:183} INFO - Processing /home/airflow/.local/lib/python3.8/site-packages/airflow/example_dags/example_kubernetes_executor.py took 0.088 seconds
[2024-06-04T07:58:00.056+0000] {processor.py:161} INFO - Started process (PID=927) to work on /home/airflow/.local/lib/python3.8/site-packages/airflow/example_dags/example_kubernetes_executor.py
[2024-06-04T07:58:00.057+0000] {processor.py:830} INFO - Processing file /home/airflow/.local/lib/python3.8/site-packages/airflow/example_dags/example_kubernetes_executor.py for tasks to queue
[2024-06-04T07:58:00.059+0000] {logging_mixin.py:188} INFO - [2024-06-04T07:58:00.059+0000] {dagbag.py:540} INFO - Filling up the DagBag from /home/airflow/.local/lib/python3.8/site-packages/airflow/example_dags/example_kubernetes_executor.py
[2024-06-04T07:58:00.075+0000] {processor.py:840} INFO - DAG(s) 'example_kubernetes_executor' retrieved from /home/airflow/.local/lib/python3.8/site-packages/airflow/example_dags/example_kubernetes_executor.py
[2024-06-04T07:58:00.103+0000] {logging_mixin.py:188} INFO - [2024-06-04T07:58:00.103+0000] {dag.py:3047} INFO - Sync 1 DAGs
[2024-06-04T07:58:00.118+0000] {logging_mixin.py:188} INFO - [2024-06-04T07:58:00.118+0000] {dag.py:3834} INFO - Setting next_dagrun for example_kubernetes_executor to None, run_after=None
[2024-06-04T07:58:00.140+0000] {processor.py:183} INFO - Processing /home/airflow/.local/lib/python3.8/site-packages/airflow/example_dags/example_kubernetes_executor.py took 0.087 seconds
[2024-06-04T07:58:30.524+0000] {processor.py:161} INFO - Started process (PID=985) to work on /home/airflow/.local/lib/python3.8/site-packages/airflow/example_dags/example_kubernetes_executor.py
[2024-06-04T07:58:30.525+0000] {processor.py:830} INFO - Processing file /home/airflow/.local/lib/python3.8/site-packages/airflow/example_dags/example_kubernetes_executor.py for tasks to queue
[2024-06-04T07:58:30.527+0000] {logging_mixin.py:188} INFO - [2024-06-04T07:58:30.527+0000] {dagbag.py:540} INFO - Filling up the DagBag from /home/airflow/.local/lib/python3.8/site-packages/airflow/example_dags/example_kubernetes_executor.py
[2024-06-04T07:58:30.544+0000] {processor.py:840} INFO - DAG(s) 'example_kubernetes_executor' retrieved from /home/airflow/.local/lib/python3.8/site-packages/airflow/example_dags/example_kubernetes_executor.py
[2024-06-04T07:58:30.577+0000] {logging_mixin.py:188} INFO - [2024-06-04T07:58:30.577+0000] {dag.py:3047} INFO - Sync 1 DAGs
[2024-06-04T07:58:30.591+0000] {logging_mixin.py:188} INFO - [2024-06-04T07:58:30.591+0000] {dag.py:3834} INFO - Setting next_dagrun for example_kubernetes_executor to None, run_after=None
[2024-06-04T07:58:30.611+0000] {processor.py:183} INFO - Processing /home/airflow/.local/lib/python3.8/site-packages/airflow/example_dags/example_kubernetes_executor.py took 0.091 seconds
[2024-06-04T07:59:01.406+0000] {processor.py:161} INFO - Started process (PID=1043) to work on /home/airflow/.local/lib/python3.8/site-packages/airflow/example_dags/example_kubernetes_executor.py
[2024-06-04T07:59:01.408+0000] {processor.py:830} INFO - Processing file /home/airflow/.local/lib/python3.8/site-packages/airflow/example_dags/example_kubernetes_executor.py for tasks to queue
[2024-06-04T07:59:01.409+0000] {logging_mixin.py:188} INFO - [2024-06-04T07:59:01.409+0000] {dagbag.py:540} INFO - Filling up the DagBag from /home/airflow/.local/lib/python3.8/site-packages/airflow/example_dags/example_kubernetes_executor.py
[2024-06-04T07:59:01.427+0000] {processor.py:840} INFO - DAG(s) 'example_kubernetes_executor' retrieved from /home/airflow/.local/lib/python3.8/site-packages/airflow/example_dags/example_kubernetes_executor.py
[2024-06-04T07:59:01.460+0000] {logging_mixin.py:188} INFO - [2024-06-04T07:59:01.460+0000] {dag.py:3047} INFO - Sync 1 DAGs
[2024-06-04T07:59:01.475+0000] {logging_mixin.py:188} INFO - [2024-06-04T07:59:01.475+0000] {dag.py:3834} INFO - Setting next_dagrun for example_kubernetes_executor to None, run_after=None
[2024-06-04T07:59:01.496+0000] {processor.py:183} INFO - Processing /home/airflow/.local/lib/python3.8/site-packages/airflow/example_dags/example_kubernetes_executor.py took 0.093 seconds
