[2024-06-04T07:51:25.319+0000] {processor.py:161} INFO - Started process (PID=183) to work on /home/airflow/.local/lib/python3.8/site-packages/airflow/example_dags/example_sensor_decorator.py
[2024-06-04T07:51:25.320+0000] {processor.py:830} INFO - Processing file /home/airflow/.local/lib/python3.8/site-packages/airflow/example_dags/example_sensor_decorator.py for tasks to queue
[2024-06-04T07:51:25.322+0000] {logging_mixin.py:188} INFO - [2024-06-04T07:51:25.322+0000] {dagbag.py:540} INFO - Filling up the DagBag from /home/airflow/.local/lib/python3.8/site-packages/airflow/example_dags/example_sensor_decorator.py
[2024-06-04T07:51:25.332+0000] {processor.py:840} INFO - DAG(s) 'example_sensor_decorator' retrieved from /home/airflow/.local/lib/python3.8/site-packages/airflow/example_dags/example_sensor_decorator.py
[2024-06-04T07:51:25.538+0000] {logging_mixin.py:188} INFO - [2024-06-04T07:51:25.538+0000] {dag.py:3047} INFO - Sync 1 DAGs
[2024-06-04T07:51:25.550+0000] {logging_mixin.py:188} INFO - [2024-06-04T07:51:25.549+0000] {dag.py:3834} INFO - Setting next_dagrun for example_sensor_decorator to None, run_after=None
[2024-06-04T07:51:25.612+0000] {processor.py:183} INFO - Processing /home/airflow/.local/lib/python3.8/site-packages/airflow/example_dags/example_sensor_decorator.py took 0.297 seconds
[2024-06-04T07:51:56.398+0000] {processor.py:161} INFO - Started process (PID=241) to work on /home/airflow/.local/lib/python3.8/site-packages/airflow/example_dags/example_sensor_decorator.py
[2024-06-04T07:51:56.399+0000] {processor.py:830} INFO - Processing file /home/airflow/.local/lib/python3.8/site-packages/airflow/example_dags/example_sensor_decorator.py for tasks to queue
[2024-06-04T07:51:56.401+0000] {logging_mixin.py:188} INFO - [2024-06-04T07:51:56.400+0000] {dagbag.py:540} INFO - Filling up the DagBag from /home/airflow/.local/lib/python3.8/site-packages/airflow/example_dags/example_sensor_decorator.py
[2024-06-04T07:51:56.408+0000] {processor.py:840} INFO - DAG(s) 'example_sensor_decorator' retrieved from /home/airflow/.local/lib/python3.8/site-packages/airflow/example_dags/example_sensor_decorator.py
[2024-06-04T07:51:56.434+0000] {logging_mixin.py:188} INFO - [2024-06-04T07:51:56.433+0000] {dag.py:3047} INFO - Sync 1 DAGs
[2024-06-04T07:51:56.447+0000] {logging_mixin.py:188} INFO - [2024-06-04T07:51:56.447+0000] {dag.py:3834} INFO - Setting next_dagrun for example_sensor_decorator to None, run_after=None
[2024-06-04T07:51:56.466+0000] {processor.py:183} INFO - Processing /home/airflow/.local/lib/python3.8/site-packages/airflow/example_dags/example_sensor_decorator.py took 0.072 seconds
[2024-06-04T07:52:26.876+0000] {processor.py:161} INFO - Started process (PID=299) to work on /home/airflow/.local/lib/python3.8/site-packages/airflow/example_dags/example_sensor_decorator.py
[2024-06-04T07:52:26.877+0000] {processor.py:830} INFO - Processing file /home/airflow/.local/lib/python3.8/site-packages/airflow/example_dags/example_sensor_decorator.py for tasks to queue
[2024-06-04T07:52:26.879+0000] {logging_mixin.py:188} INFO - [2024-06-04T07:52:26.879+0000] {dagbag.py:540} INFO - Filling up the DagBag from /home/airflow/.local/lib/python3.8/site-packages/airflow/example_dags/example_sensor_decorator.py
[2024-06-04T07:52:26.885+0000] {processor.py:840} INFO - DAG(s) 'example_sensor_decorator' retrieved from /home/airflow/.local/lib/python3.8/site-packages/airflow/example_dags/example_sensor_decorator.py
[2024-06-04T07:52:26.908+0000] {logging_mixin.py:188} INFO - [2024-06-04T07:52:26.908+0000] {dag.py:3047} INFO - Sync 1 DAGs
[2024-06-04T07:52:26.924+0000] {logging_mixin.py:188} INFO - [2024-06-04T07:52:26.924+0000] {dag.py:3834} INFO - Setting next_dagrun for example_sensor_decorator to None, run_after=None
[2024-06-04T07:52:26.945+0000] {processor.py:183} INFO - Processing /home/airflow/.local/lib/python3.8/site-packages/airflow/example_dags/example_sensor_decorator.py took 0.072 seconds
[2024-06-04T07:52:57.046+0000] {processor.py:161} INFO - Started process (PID=357) to work on /home/airflow/.local/lib/python3.8/site-packages/airflow/example_dags/example_sensor_decorator.py
[2024-06-04T07:52:57.047+0000] {processor.py:830} INFO - Processing file /home/airflow/.local/lib/python3.8/site-packages/airflow/example_dags/example_sensor_decorator.py for tasks to queue
[2024-06-04T07:52:57.050+0000] {logging_mixin.py:188} INFO - [2024-06-04T07:52:57.049+0000] {dagbag.py:540} INFO - Filling up the DagBag from /home/airflow/.local/lib/python3.8/site-packages/airflow/example_dags/example_sensor_decorator.py
[2024-06-04T07:52:57.058+0000] {processor.py:840} INFO - DAG(s) 'example_sensor_decorator' retrieved from /home/airflow/.local/lib/python3.8/site-packages/airflow/example_dags/example_sensor_decorator.py
[2024-06-04T07:52:57.080+0000] {logging_mixin.py:188} INFO - [2024-06-04T07:52:57.080+0000] {dag.py:3047} INFO - Sync 1 DAGs
[2024-06-04T07:52:57.092+0000] {logging_mixin.py:188} INFO - [2024-06-04T07:52:57.092+0000] {dag.py:3834} INFO - Setting next_dagrun for example_sensor_decorator to None, run_after=None
[2024-06-04T07:52:57.112+0000] {processor.py:183} INFO - Processing /home/airflow/.local/lib/python3.8/site-packages/airflow/example_dags/example_sensor_decorator.py took 0.070 seconds
[2024-06-04T07:53:27.375+0000] {processor.py:161} INFO - Started process (PID=415) to work on /home/airflow/.local/lib/python3.8/site-packages/airflow/example_dags/example_sensor_decorator.py
[2024-06-04T07:53:27.377+0000] {processor.py:830} INFO - Processing file /home/airflow/.local/lib/python3.8/site-packages/airflow/example_dags/example_sensor_decorator.py for tasks to queue
[2024-06-04T07:53:27.378+0000] {logging_mixin.py:188} INFO - [2024-06-04T07:53:27.378+0000] {dagbag.py:540} INFO - Filling up the DagBag from /home/airflow/.local/lib/python3.8/site-packages/airflow/example_dags/example_sensor_decorator.py
[2024-06-04T07:53:27.385+0000] {processor.py:840} INFO - DAG(s) 'example_sensor_decorator' retrieved from /home/airflow/.local/lib/python3.8/site-packages/airflow/example_dags/example_sensor_decorator.py
[2024-06-04T07:53:27.409+0000] {logging_mixin.py:188} INFO - [2024-06-04T07:53:27.409+0000] {dag.py:3047} INFO - Sync 1 DAGs
[2024-06-04T07:53:27.427+0000] {logging_mixin.py:188} INFO - [2024-06-04T07:53:27.426+0000] {dag.py:3834} INFO - Setting next_dagrun for example_sensor_decorator to None, run_after=None
[2024-06-04T07:53:27.452+0000] {processor.py:183} INFO - Processing /home/airflow/.local/lib/python3.8/site-packages/airflow/example_dags/example_sensor_decorator.py took 0.080 seconds
[2024-06-04T07:53:58.362+0000] {processor.py:161} INFO - Started process (PID=473) to work on /home/airflow/.local/lib/python3.8/site-packages/airflow/example_dags/example_sensor_decorator.py
[2024-06-04T07:53:58.363+0000] {processor.py:830} INFO - Processing file /home/airflow/.local/lib/python3.8/site-packages/airflow/example_dags/example_sensor_decorator.py for tasks to queue
[2024-06-04T07:53:58.367+0000] {logging_mixin.py:188} INFO - [2024-06-04T07:53:58.366+0000] {dagbag.py:540} INFO - Filling up the DagBag from /home/airflow/.local/lib/python3.8/site-packages/airflow/example_dags/example_sensor_decorator.py
[2024-06-04T07:53:58.408+0000] {processor.py:840} INFO - DAG(s) 'example_sensor_decorator' retrieved from /home/airflow/.local/lib/python3.8/site-packages/airflow/example_dags/example_sensor_decorator.py
[2024-06-04T07:53:58.437+0000] {logging_mixin.py:188} INFO - [2024-06-04T07:53:58.437+0000] {dag.py:3047} INFO - Sync 1 DAGs
[2024-06-04T07:53:58.506+0000] {logging_mixin.py:188} INFO - [2024-06-04T07:53:58.506+0000] {dag.py:3834} INFO - Setting next_dagrun for example_sensor_decorator to None, run_after=None
[2024-06-04T07:53:58.531+0000] {processor.py:183} INFO - Processing /home/airflow/.local/lib/python3.8/site-packages/airflow/example_dags/example_sensor_decorator.py took 0.173 seconds
[2024-06-04T07:54:28.977+0000] {processor.py:161} INFO - Started process (PID=531) to work on /home/airflow/.local/lib/python3.8/site-packages/airflow/example_dags/example_sensor_decorator.py
[2024-06-04T07:54:28.978+0000] {processor.py:830} INFO - Processing file /home/airflow/.local/lib/python3.8/site-packages/airflow/example_dags/example_sensor_decorator.py for tasks to queue
[2024-06-04T07:54:28.980+0000] {logging_mixin.py:188} INFO - [2024-06-04T07:54:28.980+0000] {dagbag.py:540} INFO - Filling up the DagBag from /home/airflow/.local/lib/python3.8/site-packages/airflow/example_dags/example_sensor_decorator.py
[2024-06-04T07:54:28.987+0000] {processor.py:840} INFO - DAG(s) 'example_sensor_decorator' retrieved from /home/airflow/.local/lib/python3.8/site-packages/airflow/example_dags/example_sensor_decorator.py
[2024-06-04T07:54:29.009+0000] {logging_mixin.py:188} INFO - [2024-06-04T07:54:29.009+0000] {dag.py:3047} INFO - Sync 1 DAGs
[2024-06-04T07:54:29.023+0000] {logging_mixin.py:188} INFO - [2024-06-04T07:54:29.023+0000] {dag.py:3834} INFO - Setting next_dagrun for example_sensor_decorator to None, run_after=None
[2024-06-04T07:54:29.042+0000] {processor.py:183} INFO - Processing /home/airflow/.local/lib/python3.8/site-packages/airflow/example_dags/example_sensor_decorator.py took 0.068 seconds
[2024-06-04T07:54:59.479+0000] {processor.py:161} INFO - Started process (PID=589) to work on /home/airflow/.local/lib/python3.8/site-packages/airflow/example_dags/example_sensor_decorator.py
[2024-06-04T07:54:59.480+0000] {processor.py:830} INFO - Processing file /home/airflow/.local/lib/python3.8/site-packages/airflow/example_dags/example_sensor_decorator.py for tasks to queue
[2024-06-04T07:54:59.482+0000] {logging_mixin.py:188} INFO - [2024-06-04T07:54:59.481+0000] {dagbag.py:540} INFO - Filling up the DagBag from /home/airflow/.local/lib/python3.8/site-packages/airflow/example_dags/example_sensor_decorator.py
[2024-06-04T07:54:59.487+0000] {processor.py:840} INFO - DAG(s) 'example_sensor_decorator' retrieved from /home/airflow/.local/lib/python3.8/site-packages/airflow/example_dags/example_sensor_decorator.py
[2024-06-04T07:54:59.507+0000] {logging_mixin.py:188} INFO - [2024-06-04T07:54:59.507+0000] {dag.py:3047} INFO - Sync 1 DAGs
[2024-06-04T07:54:59.519+0000] {logging_mixin.py:188} INFO - [2024-06-04T07:54:59.519+0000] {dag.py:3834} INFO - Setting next_dagrun for example_sensor_decorator to None, run_after=None
[2024-06-04T07:54:59.538+0000] {processor.py:183} INFO - Processing /home/airflow/.local/lib/python3.8/site-packages/airflow/example_dags/example_sensor_decorator.py took 0.062 seconds
[2024-06-04T07:55:29.756+0000] {processor.py:161} INFO - Started process (PID=647) to work on /home/airflow/.local/lib/python3.8/site-packages/airflow/example_dags/example_sensor_decorator.py
[2024-06-04T07:55:29.757+0000] {processor.py:830} INFO - Processing file /home/airflow/.local/lib/python3.8/site-packages/airflow/example_dags/example_sensor_decorator.py for tasks to queue
[2024-06-04T07:55:29.759+0000] {logging_mixin.py:188} INFO - [2024-06-04T07:55:29.758+0000] {dagbag.py:540} INFO - Filling up the DagBag from /home/airflow/.local/lib/python3.8/site-packages/airflow/example_dags/example_sensor_decorator.py
[2024-06-04T07:55:29.765+0000] {processor.py:840} INFO - DAG(s) 'example_sensor_decorator' retrieved from /home/airflow/.local/lib/python3.8/site-packages/airflow/example_dags/example_sensor_decorator.py
[2024-06-04T07:55:29.786+0000] {logging_mixin.py:188} INFO - [2024-06-04T07:55:29.786+0000] {dag.py:3047} INFO - Sync 1 DAGs
[2024-06-04T07:55:29.798+0000] {logging_mixin.py:188} INFO - [2024-06-04T07:55:29.797+0000] {dag.py:3834} INFO - Setting next_dagrun for example_sensor_decorator to None, run_after=None
[2024-06-04T07:55:29.818+0000] {processor.py:183} INFO - Processing /home/airflow/.local/lib/python3.8/site-packages/airflow/example_dags/example_sensor_decorator.py took 0.065 seconds
[2024-06-04T07:56:00.440+0000] {processor.py:161} INFO - Started process (PID=705) to work on /home/airflow/.local/lib/python3.8/site-packages/airflow/example_dags/example_sensor_decorator.py
[2024-06-04T07:56:00.441+0000] {processor.py:830} INFO - Processing file /home/airflow/.local/lib/python3.8/site-packages/airflow/example_dags/example_sensor_decorator.py for tasks to queue
[2024-06-04T07:56:00.443+0000] {logging_mixin.py:188} INFO - [2024-06-04T07:56:00.442+0000] {dagbag.py:540} INFO - Filling up the DagBag from /home/airflow/.local/lib/python3.8/site-packages/airflow/example_dags/example_sensor_decorator.py
[2024-06-04T07:56:00.450+0000] {processor.py:840} INFO - DAG(s) 'example_sensor_decorator' retrieved from /home/airflow/.local/lib/python3.8/site-packages/airflow/example_dags/example_sensor_decorator.py
[2024-06-04T07:56:00.476+0000] {logging_mixin.py:188} INFO - [2024-06-04T07:56:00.476+0000] {dag.py:3047} INFO - Sync 1 DAGs
[2024-06-04T07:56:00.489+0000] {logging_mixin.py:188} INFO - [2024-06-04T07:56:00.488+0000] {dag.py:3834} INFO - Setting next_dagrun for example_sensor_decorator to None, run_after=None
[2024-06-04T07:56:00.508+0000] {processor.py:183} INFO - Processing /home/airflow/.local/lib/python3.8/site-packages/airflow/example_dags/example_sensor_decorator.py took 0.072 seconds
[2024-06-04T07:56:31.174+0000] {processor.py:161} INFO - Started process (PID=763) to work on /home/airflow/.local/lib/python3.8/site-packages/airflow/example_dags/example_sensor_decorator.py
[2024-06-04T07:56:31.176+0000] {processor.py:830} INFO - Processing file /home/airflow/.local/lib/python3.8/site-packages/airflow/example_dags/example_sensor_decorator.py for tasks to queue
[2024-06-04T07:56:31.177+0000] {logging_mixin.py:188} INFO - [2024-06-04T07:56:31.177+0000] {dagbag.py:540} INFO - Filling up the DagBag from /home/airflow/.local/lib/python3.8/site-packages/airflow/example_dags/example_sensor_decorator.py
[2024-06-04T07:56:31.184+0000] {processor.py:840} INFO - DAG(s) 'example_sensor_decorator' retrieved from /home/airflow/.local/lib/python3.8/site-packages/airflow/example_dags/example_sensor_decorator.py
[2024-06-04T07:56:31.206+0000] {logging_mixin.py:188} INFO - [2024-06-04T07:56:31.206+0000] {dag.py:3047} INFO - Sync 1 DAGs
[2024-06-04T07:56:31.218+0000] {logging_mixin.py:188} INFO - [2024-06-04T07:56:31.218+0000] {dag.py:3834} INFO - Setting next_dagrun for example_sensor_decorator to None, run_after=None
[2024-06-04T07:56:31.238+0000] {processor.py:183} INFO - Processing /home/airflow/.local/lib/python3.8/site-packages/airflow/example_dags/example_sensor_decorator.py took 0.066 seconds
[2024-06-04T07:57:01.757+0000] {processor.py:161} INFO - Started process (PID=821) to work on /home/airflow/.local/lib/python3.8/site-packages/airflow/example_dags/example_sensor_decorator.py
[2024-06-04T07:57:01.759+0000] {processor.py:830} INFO - Processing file /home/airflow/.local/lib/python3.8/site-packages/airflow/example_dags/example_sensor_decorator.py for tasks to queue
[2024-06-04T07:57:01.761+0000] {logging_mixin.py:188} INFO - [2024-06-04T07:57:01.760+0000] {dagbag.py:540} INFO - Filling up the DagBag from /home/airflow/.local/lib/python3.8/site-packages/airflow/example_dags/example_sensor_decorator.py
[2024-06-04T07:57:01.767+0000] {processor.py:840} INFO - DAG(s) 'example_sensor_decorator' retrieved from /home/airflow/.local/lib/python3.8/site-packages/airflow/example_dags/example_sensor_decorator.py
[2024-06-04T07:57:01.791+0000] {logging_mixin.py:188} INFO - [2024-06-04T07:57:01.790+0000] {dag.py:3047} INFO - Sync 1 DAGs
[2024-06-04T07:57:01.805+0000] {logging_mixin.py:188} INFO - [2024-06-04T07:57:01.804+0000] {dag.py:3834} INFO - Setting next_dagrun for example_sensor_decorator to None, run_after=None
[2024-06-04T07:57:01.824+0000] {processor.py:183} INFO - Processing /home/airflow/.local/lib/python3.8/site-packages/airflow/example_dags/example_sensor_decorator.py took 0.070 seconds
[2024-06-04T07:57:32.315+0000] {processor.py:161} INFO - Started process (PID=879) to work on /home/airflow/.local/lib/python3.8/site-packages/airflow/example_dags/example_sensor_decorator.py
[2024-06-04T07:57:32.316+0000] {processor.py:830} INFO - Processing file /home/airflow/.local/lib/python3.8/site-packages/airflow/example_dags/example_sensor_decorator.py for tasks to queue
[2024-06-04T07:57:32.318+0000] {logging_mixin.py:188} INFO - [2024-06-04T07:57:32.318+0000] {dagbag.py:540} INFO - Filling up the DagBag from /home/airflow/.local/lib/python3.8/site-packages/airflow/example_dags/example_sensor_decorator.py
[2024-06-04T07:57:32.325+0000] {processor.py:840} INFO - DAG(s) 'example_sensor_decorator' retrieved from /home/airflow/.local/lib/python3.8/site-packages/airflow/example_dags/example_sensor_decorator.py
[2024-06-04T07:57:32.346+0000] {logging_mixin.py:188} INFO - [2024-06-04T07:57:32.345+0000] {dag.py:3047} INFO - Sync 1 DAGs
[2024-06-04T07:57:32.359+0000] {logging_mixin.py:188} INFO - [2024-06-04T07:57:32.358+0000] {dag.py:3834} INFO - Setting next_dagrun for example_sensor_decorator to None, run_after=None
[2024-06-04T07:57:32.377+0000] {processor.py:183} INFO - Processing /home/airflow/.local/lib/python3.8/site-packages/airflow/example_dags/example_sensor_decorator.py took 0.065 seconds
[2024-06-04T07:58:02.813+0000] {processor.py:161} INFO - Started process (PID=937) to work on /home/airflow/.local/lib/python3.8/site-packages/airflow/example_dags/example_sensor_decorator.py
[2024-06-04T07:58:02.814+0000] {processor.py:830} INFO - Processing file /home/airflow/.local/lib/python3.8/site-packages/airflow/example_dags/example_sensor_decorator.py for tasks to queue
[2024-06-04T07:58:02.816+0000] {logging_mixin.py:188} INFO - [2024-06-04T07:58:02.815+0000] {dagbag.py:540} INFO - Filling up the DagBag from /home/airflow/.local/lib/python3.8/site-packages/airflow/example_dags/example_sensor_decorator.py
[2024-06-04T07:58:02.822+0000] {processor.py:840} INFO - DAG(s) 'example_sensor_decorator' retrieved from /home/airflow/.local/lib/python3.8/site-packages/airflow/example_dags/example_sensor_decorator.py
[2024-06-04T07:58:02.845+0000] {logging_mixin.py:188} INFO - [2024-06-04T07:58:02.845+0000] {dag.py:3047} INFO - Sync 1 DAGs
[2024-06-04T07:58:02.860+0000] {logging_mixin.py:188} INFO - [2024-06-04T07:58:02.859+0000] {dag.py:3834} INFO - Setting next_dagrun for example_sensor_decorator to None, run_after=None
[2024-06-04T07:58:02.877+0000] {processor.py:183} INFO - Processing /home/airflow/.local/lib/python3.8/site-packages/airflow/example_dags/example_sensor_decorator.py took 0.067 seconds
[2024-06-04T07:58:33.258+0000] {processor.py:161} INFO - Started process (PID=995) to work on /home/airflow/.local/lib/python3.8/site-packages/airflow/example_dags/example_sensor_decorator.py
[2024-06-04T07:58:33.259+0000] {processor.py:830} INFO - Processing file /home/airflow/.local/lib/python3.8/site-packages/airflow/example_dags/example_sensor_decorator.py for tasks to queue
[2024-06-04T07:58:33.261+0000] {logging_mixin.py:188} INFO - [2024-06-04T07:58:33.260+0000] {dagbag.py:540} INFO - Filling up the DagBag from /home/airflow/.local/lib/python3.8/site-packages/airflow/example_dags/example_sensor_decorator.py
[2024-06-04T07:58:33.268+0000] {processor.py:840} INFO - DAG(s) 'example_sensor_decorator' retrieved from /home/airflow/.local/lib/python3.8/site-packages/airflow/example_dags/example_sensor_decorator.py
[2024-06-04T07:58:33.291+0000] {logging_mixin.py:188} INFO - [2024-06-04T07:58:33.291+0000] {dag.py:3047} INFO - Sync 1 DAGs
[2024-06-04T07:58:33.306+0000] {logging_mixin.py:188} INFO - [2024-06-04T07:58:33.306+0000] {dag.py:3834} INFO - Setting next_dagrun for example_sensor_decorator to None, run_after=None
[2024-06-04T07:58:33.327+0000] {processor.py:183} INFO - Processing /home/airflow/.local/lib/python3.8/site-packages/airflow/example_dags/example_sensor_decorator.py took 0.074 seconds
[2024-06-04T07:59:04.203+0000] {processor.py:161} INFO - Started process (PID=1053) to work on /home/airflow/.local/lib/python3.8/site-packages/airflow/example_dags/example_sensor_decorator.py
[2024-06-04T07:59:04.205+0000] {processor.py:830} INFO - Processing file /home/airflow/.local/lib/python3.8/site-packages/airflow/example_dags/example_sensor_decorator.py for tasks to queue
[2024-06-04T07:59:04.206+0000] {logging_mixin.py:188} INFO - [2024-06-04T07:59:04.206+0000] {dagbag.py:540} INFO - Filling up the DagBag from /home/airflow/.local/lib/python3.8/site-packages/airflow/example_dags/example_sensor_decorator.py
[2024-06-04T07:59:04.213+0000] {processor.py:840} INFO - DAG(s) 'example_sensor_decorator' retrieved from /home/airflow/.local/lib/python3.8/site-packages/airflow/example_dags/example_sensor_decorator.py
[2024-06-04T07:59:04.234+0000] {logging_mixin.py:188} INFO - [2024-06-04T07:59:04.234+0000] {dag.py:3047} INFO - Sync 1 DAGs
[2024-06-04T07:59:04.247+0000] {logging_mixin.py:188} INFO - [2024-06-04T07:59:04.247+0000] {dag.py:3834} INFO - Setting next_dagrun for example_sensor_decorator to None, run_after=None
[2024-06-04T07:59:04.270+0000] {processor.py:183} INFO - Processing /home/airflow/.local/lib/python3.8/site-packages/airflow/example_dags/example_sensor_decorator.py took 0.070 seconds
