[2024-06-04T07:51:21.225+0000] {processor.py:161} INFO - Started process (PID=168) to work on /home/airflow/.local/lib/python3.8/site-packages/airflow/example_dags/example_dag_decorator.py
[2024-06-04T07:51:21.226+0000] {processor.py:830} INFO - Processing file /home/airflow/.local/lib/python3.8/site-packages/airflow/example_dags/example_dag_decorator.py for tasks to queue
[2024-06-04T07:51:21.228+0000] {logging_mixin.py:188} INFO - [2024-06-04T07:51:21.227+0000] {dagbag.py:540} INFO - Filling up the DagBag from /home/airflow/.local/lib/python3.8/site-packages/airflow/example_dags/example_dag_decorator.py
[2024-06-04T07:51:21.837+0000] {processor.py:840} INFO - DAG(s) 'example_dag_decorator' retrieved from /home/airflow/.local/lib/python3.8/site-packages/airflow/example_dags/example_dag_decorator.py
[2024-06-04T07:51:22.148+0000] {logging_mixin.py:188} INFO - [2024-06-04T07:51:22.147+0000] {dag.py:3047} INFO - Sync 1 DAGs
[2024-06-04T07:51:22.210+0000] {logging_mixin.py:188} INFO - [2024-06-04T07:51:22.210+0000] {dag.py:3834} INFO - Setting next_dagrun for example_dag_decorator to None, run_after=None
[2024-06-04T07:51:22.238+0000] {processor.py:183} INFO - Processing /home/airflow/.local/lib/python3.8/site-packages/airflow/example_dags/example_dag_decorator.py took 1.018 seconds
[2024-06-04T07:51:52.357+0000] {processor.py:161} INFO - Started process (PID=226) to work on /home/airflow/.local/lib/python3.8/site-packages/airflow/example_dags/example_dag_decorator.py
[2024-06-04T07:51:52.358+0000] {processor.py:830} INFO - Processing file /home/airflow/.local/lib/python3.8/site-packages/airflow/example_dags/example_dag_decorator.py for tasks to queue
[2024-06-04T07:51:52.360+0000] {logging_mixin.py:188} INFO - [2024-06-04T07:51:52.359+0000] {dagbag.py:540} INFO - Filling up the DagBag from /home/airflow/.local/lib/python3.8/site-packages/airflow/example_dags/example_dag_decorator.py
[2024-06-04T07:51:52.455+0000] {processor.py:840} INFO - DAG(s) 'example_dag_decorator' retrieved from /home/airflow/.local/lib/python3.8/site-packages/airflow/example_dags/example_dag_decorator.py
[2024-06-04T07:51:52.573+0000] {logging_mixin.py:188} INFO - [2024-06-04T07:51:52.572+0000] {dag.py:3047} INFO - Sync 1 DAGs
[2024-06-04T07:51:52.585+0000] {logging_mixin.py:188} INFO - [2024-06-04T07:51:52.585+0000] {dag.py:3834} INFO - Setting next_dagrun for example_dag_decorator to None, run_after=None
[2024-06-04T07:51:52.622+0000] {processor.py:183} INFO - Processing /home/airflow/.local/lib/python3.8/site-packages/airflow/example_dags/example_dag_decorator.py took 0.269 seconds
[2024-06-04T07:52:22.790+0000] {processor.py:161} INFO - Started process (PID=284) to work on /home/airflow/.local/lib/python3.8/site-packages/airflow/example_dags/example_dag_decorator.py
[2024-06-04T07:52:22.792+0000] {processor.py:830} INFO - Processing file /home/airflow/.local/lib/python3.8/site-packages/airflow/example_dags/example_dag_decorator.py for tasks to queue
[2024-06-04T07:52:22.793+0000] {logging_mixin.py:188} INFO - [2024-06-04T07:52:22.793+0000] {dagbag.py:540} INFO - Filling up the DagBag from /home/airflow/.local/lib/python3.8/site-packages/airflow/example_dags/example_dag_decorator.py
[2024-06-04T07:52:22.888+0000] {processor.py:840} INFO - DAG(s) 'example_dag_decorator' retrieved from /home/airflow/.local/lib/python3.8/site-packages/airflow/example_dags/example_dag_decorator.py
[2024-06-04T07:52:23.004+0000] {logging_mixin.py:188} INFO - [2024-06-04T07:52:23.003+0000] {dag.py:3047} INFO - Sync 1 DAGs
[2024-06-04T07:52:23.018+0000] {logging_mixin.py:188} INFO - [2024-06-04T07:52:23.018+0000] {dag.py:3834} INFO - Setting next_dagrun for example_dag_decorator to None, run_after=None
[2024-06-04T07:52:23.041+0000] {processor.py:183} INFO - Processing /home/airflow/.local/lib/python3.8/site-packages/airflow/example_dags/example_dag_decorator.py took 0.254 seconds
[2024-06-04T07:52:53.194+0000] {processor.py:161} INFO - Started process (PID=343) to work on /home/airflow/.local/lib/python3.8/site-packages/airflow/example_dags/example_dag_decorator.py
[2024-06-04T07:52:53.195+0000] {processor.py:830} INFO - Processing file /home/airflow/.local/lib/python3.8/site-packages/airflow/example_dags/example_dag_decorator.py for tasks to queue
[2024-06-04T07:52:53.197+0000] {logging_mixin.py:188} INFO - [2024-06-04T07:52:53.197+0000] {dagbag.py:540} INFO - Filling up the DagBag from /home/airflow/.local/lib/python3.8/site-packages/airflow/example_dags/example_dag_decorator.py
[2024-06-04T07:52:53.298+0000] {processor.py:840} INFO - DAG(s) 'example_dag_decorator' retrieved from /home/airflow/.local/lib/python3.8/site-packages/airflow/example_dags/example_dag_decorator.py
[2024-06-04T07:52:53.409+0000] {logging_mixin.py:188} INFO - [2024-06-04T07:52:53.409+0000] {dag.py:3047} INFO - Sync 1 DAGs
[2024-06-04T07:52:53.422+0000] {logging_mixin.py:188} INFO - [2024-06-04T07:52:53.421+0000] {dag.py:3834} INFO - Setting next_dagrun for example_dag_decorator to None, run_after=None
[2024-06-04T07:52:53.443+0000] {processor.py:183} INFO - Processing /home/airflow/.local/lib/python3.8/site-packages/airflow/example_dags/example_dag_decorator.py took 0.253 seconds
[2024-06-04T07:53:23.493+0000] {processor.py:161} INFO - Started process (PID=401) to work on /home/airflow/.local/lib/python3.8/site-packages/airflow/example_dags/example_dag_decorator.py
[2024-06-04T07:53:23.494+0000] {processor.py:830} INFO - Processing file /home/airflow/.local/lib/python3.8/site-packages/airflow/example_dags/example_dag_decorator.py for tasks to queue
[2024-06-04T07:53:23.496+0000] {logging_mixin.py:188} INFO - [2024-06-04T07:53:23.495+0000] {dagbag.py:540} INFO - Filling up the DagBag from /home/airflow/.local/lib/python3.8/site-packages/airflow/example_dags/example_dag_decorator.py
[2024-06-04T07:53:23.591+0000] {processor.py:840} INFO - DAG(s) 'example_dag_decorator' retrieved from /home/airflow/.local/lib/python3.8/site-packages/airflow/example_dags/example_dag_decorator.py
[2024-06-04T07:53:23.712+0000] {logging_mixin.py:188} INFO - [2024-06-04T07:53:23.712+0000] {dag.py:3047} INFO - Sync 1 DAGs
[2024-06-04T07:53:23.727+0000] {logging_mixin.py:188} INFO - [2024-06-04T07:53:23.727+0000] {dag.py:3834} INFO - Setting next_dagrun for example_dag_decorator to None, run_after=None
[2024-06-04T07:53:23.751+0000] {processor.py:183} INFO - Processing /home/airflow/.local/lib/python3.8/site-packages/airflow/example_dags/example_dag_decorator.py took 0.262 seconds
[2024-06-04T07:53:53.855+0000] {processor.py:161} INFO - Started process (PID=459) to work on /home/airflow/.local/lib/python3.8/site-packages/airflow/example_dags/example_dag_decorator.py
[2024-06-04T07:53:53.856+0000] {processor.py:830} INFO - Processing file /home/airflow/.local/lib/python3.8/site-packages/airflow/example_dags/example_dag_decorator.py for tasks to queue
[2024-06-04T07:53:53.858+0000] {logging_mixin.py:188} INFO - [2024-06-04T07:53:53.858+0000] {dagbag.py:540} INFO - Filling up the DagBag from /home/airflow/.local/lib/python3.8/site-packages/airflow/example_dags/example_dag_decorator.py
[2024-06-04T07:53:53.947+0000] {processor.py:840} INFO - DAG(s) 'example_dag_decorator' retrieved from /home/airflow/.local/lib/python3.8/site-packages/airflow/example_dags/example_dag_decorator.py
[2024-06-04T07:53:54.068+0000] {logging_mixin.py:188} INFO - [2024-06-04T07:53:54.067+0000] {dag.py:3047} INFO - Sync 1 DAGs
[2024-06-04T07:53:54.078+0000] {logging_mixin.py:188} INFO - [2024-06-04T07:53:54.078+0000] {dag.py:3834} INFO - Setting next_dagrun for example_dag_decorator to None, run_after=None
[2024-06-04T07:53:54.094+0000] {processor.py:183} INFO - Processing /home/airflow/.local/lib/python3.8/site-packages/airflow/example_dags/example_dag_decorator.py took 0.244 seconds
[2024-06-04T07:54:24.206+0000] {processor.py:161} INFO - Started process (PID=517) to work on /home/airflow/.local/lib/python3.8/site-packages/airflow/example_dags/example_dag_decorator.py
[2024-06-04T07:54:24.207+0000] {processor.py:830} INFO - Processing file /home/airflow/.local/lib/python3.8/site-packages/airflow/example_dags/example_dag_decorator.py for tasks to queue
[2024-06-04T07:54:24.209+0000] {logging_mixin.py:188} INFO - [2024-06-04T07:54:24.209+0000] {dagbag.py:540} INFO - Filling up the DagBag from /home/airflow/.local/lib/python3.8/site-packages/airflow/example_dags/example_dag_decorator.py
[2024-06-04T07:54:24.303+0000] {processor.py:840} INFO - DAG(s) 'example_dag_decorator' retrieved from /home/airflow/.local/lib/python3.8/site-packages/airflow/example_dags/example_dag_decorator.py
[2024-06-04T07:54:24.418+0000] {logging_mixin.py:188} INFO - [2024-06-04T07:54:24.418+0000] {dag.py:3047} INFO - Sync 1 DAGs
[2024-06-04T07:54:24.604+0000] {logging_mixin.py:188} INFO - [2024-06-04T07:54:24.604+0000] {dag.py:3834} INFO - Setting next_dagrun for example_dag_decorator to None, run_after=None
[2024-06-04T07:54:24.625+0000] {processor.py:183} INFO - Processing /home/airflow/.local/lib/python3.8/site-packages/airflow/example_dags/example_dag_decorator.py took 0.422 seconds
[2024-06-04T07:54:55.555+0000] {processor.py:161} INFO - Started process (PID=575) to work on /home/airflow/.local/lib/python3.8/site-packages/airflow/example_dags/example_dag_decorator.py
[2024-06-04T07:54:55.556+0000] {processor.py:830} INFO - Processing file /home/airflow/.local/lib/python3.8/site-packages/airflow/example_dags/example_dag_decorator.py for tasks to queue
[2024-06-04T07:54:55.558+0000] {logging_mixin.py:188} INFO - [2024-06-04T07:54:55.558+0000] {dagbag.py:540} INFO - Filling up the DagBag from /home/airflow/.local/lib/python3.8/site-packages/airflow/example_dags/example_dag_decorator.py
[2024-06-04T07:54:55.669+0000] {processor.py:840} INFO - DAG(s) 'example_dag_decorator' retrieved from /home/airflow/.local/lib/python3.8/site-packages/airflow/example_dags/example_dag_decorator.py
[2024-06-04T07:54:55.782+0000] {logging_mixin.py:188} INFO - [2024-06-04T07:54:55.782+0000] {dag.py:3047} INFO - Sync 1 DAGs
[2024-06-04T07:54:55.811+0000] {logging_mixin.py:188} INFO - [2024-06-04T07:54:55.810+0000] {dag.py:3834} INFO - Setting next_dagrun for example_dag_decorator to None, run_after=None
[2024-06-04T07:54:56.010+0000] {processor.py:183} INFO - Processing /home/airflow/.local/lib/python3.8/site-packages/airflow/example_dags/example_dag_decorator.py took 0.460 seconds
[2024-06-04T07:55:26.942+0000] {processor.py:161} INFO - Started process (PID=636) to work on /home/airflow/.local/lib/python3.8/site-packages/airflow/example_dags/example_dag_decorator.py
[2024-06-04T07:55:26.943+0000] {processor.py:830} INFO - Processing file /home/airflow/.local/lib/python3.8/site-packages/airflow/example_dags/example_dag_decorator.py for tasks to queue
[2024-06-04T07:55:26.945+0000] {logging_mixin.py:188} INFO - [2024-06-04T07:55:26.944+0000] {dagbag.py:540} INFO - Filling up the DagBag from /home/airflow/.local/lib/python3.8/site-packages/airflow/example_dags/example_dag_decorator.py
[2024-06-04T07:55:27.034+0000] {processor.py:840} INFO - DAG(s) 'example_dag_decorator' retrieved from /home/airflow/.local/lib/python3.8/site-packages/airflow/example_dags/example_dag_decorator.py
[2024-06-04T07:55:27.146+0000] {logging_mixin.py:188} INFO - [2024-06-04T07:55:27.145+0000] {dag.py:3047} INFO - Sync 1 DAGs
[2024-06-04T07:55:27.157+0000] {logging_mixin.py:188} INFO - [2024-06-04T07:55:27.157+0000] {dag.py:3834} INFO - Setting next_dagrun for example_dag_decorator to None, run_after=None
[2024-06-04T07:55:27.177+0000] {processor.py:183} INFO - Processing /home/airflow/.local/lib/python3.8/site-packages/airflow/example_dags/example_dag_decorator.py took 0.239 seconds
[2024-06-04T07:55:57.774+0000] {processor.py:161} INFO - Started process (PID=694) to work on /home/airflow/.local/lib/python3.8/site-packages/airflow/example_dags/example_dag_decorator.py
[2024-06-04T07:55:57.775+0000] {processor.py:830} INFO - Processing file /home/airflow/.local/lib/python3.8/site-packages/airflow/example_dags/example_dag_decorator.py for tasks to queue
[2024-06-04T07:55:57.777+0000] {logging_mixin.py:188} INFO - [2024-06-04T07:55:57.777+0000] {dagbag.py:540} INFO - Filling up the DagBag from /home/airflow/.local/lib/python3.8/site-packages/airflow/example_dags/example_dag_decorator.py
[2024-06-04T07:55:57.870+0000] {processor.py:840} INFO - DAG(s) 'example_dag_decorator' retrieved from /home/airflow/.local/lib/python3.8/site-packages/airflow/example_dags/example_dag_decorator.py
[2024-06-04T07:55:57.979+0000] {logging_mixin.py:188} INFO - [2024-06-04T07:55:57.978+0000] {dag.py:3047} INFO - Sync 1 DAGs
[2024-06-04T07:55:57.989+0000] {logging_mixin.py:188} INFO - [2024-06-04T07:55:57.989+0000] {dag.py:3834} INFO - Setting next_dagrun for example_dag_decorator to None, run_after=None
[2024-06-04T07:55:58.011+0000] {processor.py:183} INFO - Processing /home/airflow/.local/lib/python3.8/site-packages/airflow/example_dags/example_dag_decorator.py took 0.240 seconds
[2024-06-04T07:56:28.500+0000] {processor.py:161} INFO - Started process (PID=752) to work on /home/airflow/.local/lib/python3.8/site-packages/airflow/example_dags/example_dag_decorator.py
[2024-06-04T07:56:28.501+0000] {processor.py:830} INFO - Processing file /home/airflow/.local/lib/python3.8/site-packages/airflow/example_dags/example_dag_decorator.py for tasks to queue
[2024-06-04T07:56:28.503+0000] {logging_mixin.py:188} INFO - [2024-06-04T07:56:28.502+0000] {dagbag.py:540} INFO - Filling up the DagBag from /home/airflow/.local/lib/python3.8/site-packages/airflow/example_dags/example_dag_decorator.py
[2024-06-04T07:56:28.606+0000] {processor.py:840} INFO - DAG(s) 'example_dag_decorator' retrieved from /home/airflow/.local/lib/python3.8/site-packages/airflow/example_dags/example_dag_decorator.py
[2024-06-04T07:56:28.715+0000] {logging_mixin.py:188} INFO - [2024-06-04T07:56:28.715+0000] {dag.py:3047} INFO - Sync 1 DAGs
[2024-06-04T07:56:28.730+0000] {logging_mixin.py:188} INFO - [2024-06-04T07:56:28.729+0000] {dag.py:3834} INFO - Setting next_dagrun for example_dag_decorator to None, run_after=None
[2024-06-04T07:56:28.754+0000] {processor.py:183} INFO - Processing /home/airflow/.local/lib/python3.8/site-packages/airflow/example_dags/example_dag_decorator.py took 0.258 seconds
[2024-06-04T07:56:59.015+0000] {processor.py:161} INFO - Started process (PID=810) to work on /home/airflow/.local/lib/python3.8/site-packages/airflow/example_dags/example_dag_decorator.py
[2024-06-04T07:56:59.016+0000] {processor.py:830} INFO - Processing file /home/airflow/.local/lib/python3.8/site-packages/airflow/example_dags/example_dag_decorator.py for tasks to queue
[2024-06-04T07:56:59.018+0000] {logging_mixin.py:188} INFO - [2024-06-04T07:56:59.018+0000] {dagbag.py:540} INFO - Filling up the DagBag from /home/airflow/.local/lib/python3.8/site-packages/airflow/example_dags/example_dag_decorator.py
[2024-06-04T07:56:59.112+0000] {processor.py:840} INFO - DAG(s) 'example_dag_decorator' retrieved from /home/airflow/.local/lib/python3.8/site-packages/airflow/example_dags/example_dag_decorator.py
[2024-06-04T07:56:59.406+0000] {logging_mixin.py:188} INFO - [2024-06-04T07:56:59.406+0000] {dag.py:3047} INFO - Sync 1 DAGs
[2024-06-04T07:56:59.416+0000] {logging_mixin.py:188} INFO - [2024-06-04T07:56:59.416+0000] {dag.py:3834} INFO - Setting next_dagrun for example_dag_decorator to None, run_after=None
[2024-06-04T07:56:59.434+0000] {processor.py:183} INFO - Processing /home/airflow/.local/lib/python3.8/site-packages/airflow/example_dags/example_dag_decorator.py took 0.423 seconds
[2024-06-04T07:57:29.563+0000] {processor.py:161} INFO - Started process (PID=868) to work on /home/airflow/.local/lib/python3.8/site-packages/airflow/example_dags/example_dag_decorator.py
[2024-06-04T07:57:29.564+0000] {processor.py:830} INFO - Processing file /home/airflow/.local/lib/python3.8/site-packages/airflow/example_dags/example_dag_decorator.py for tasks to queue
[2024-06-04T07:57:29.566+0000] {logging_mixin.py:188} INFO - [2024-06-04T07:57:29.565+0000] {dagbag.py:540} INFO - Filling up the DagBag from /home/airflow/.local/lib/python3.8/site-packages/airflow/example_dags/example_dag_decorator.py
[2024-06-04T07:57:29.654+0000] {processor.py:840} INFO - DAG(s) 'example_dag_decorator' retrieved from /home/airflow/.local/lib/python3.8/site-packages/airflow/example_dags/example_dag_decorator.py
[2024-06-04T07:57:29.757+0000] {logging_mixin.py:188} INFO - [2024-06-04T07:57:29.757+0000] {dag.py:3047} INFO - Sync 1 DAGs
[2024-06-04T07:57:29.937+0000] {logging_mixin.py:188} INFO - [2024-06-04T07:57:29.937+0000] {dag.py:3834} INFO - Setting next_dagrun for example_dag_decorator to None, run_after=None
[2024-06-04T07:57:29.954+0000] {processor.py:183} INFO - Processing /home/airflow/.local/lib/python3.8/site-packages/airflow/example_dags/example_dag_decorator.py took 0.395 seconds
[2024-06-04T07:58:00.041+0000] {processor.py:161} INFO - Started process (PID=926) to work on /home/airflow/.local/lib/python3.8/site-packages/airflow/example_dags/example_dag_decorator.py
[2024-06-04T07:58:00.042+0000] {processor.py:830} INFO - Processing file /home/airflow/.local/lib/python3.8/site-packages/airflow/example_dags/example_dag_decorator.py for tasks to queue
[2024-06-04T07:58:00.044+0000] {logging_mixin.py:188} INFO - [2024-06-04T07:58:00.043+0000] {dagbag.py:540} INFO - Filling up the DagBag from /home/airflow/.local/lib/python3.8/site-packages/airflow/example_dags/example_dag_decorator.py
[2024-06-04T07:58:00.134+0000] {processor.py:840} INFO - DAG(s) 'example_dag_decorator' retrieved from /home/airflow/.local/lib/python3.8/site-packages/airflow/example_dags/example_dag_decorator.py
[2024-06-04T07:58:00.247+0000] {logging_mixin.py:188} INFO - [2024-06-04T07:58:00.246+0000] {dag.py:3047} INFO - Sync 1 DAGs
[2024-06-04T07:58:00.258+0000] {logging_mixin.py:188} INFO - [2024-06-04T07:58:00.258+0000] {dag.py:3834} INFO - Setting next_dagrun for example_dag_decorator to None, run_after=None
[2024-06-04T07:58:00.458+0000] {processor.py:183} INFO - Processing /home/airflow/.local/lib/python3.8/site-packages/airflow/example_dags/example_dag_decorator.py took 0.421 seconds
[2024-06-04T07:58:30.512+0000] {processor.py:161} INFO - Started process (PID=984) to work on /home/airflow/.local/lib/python3.8/site-packages/airflow/example_dags/example_dag_decorator.py
[2024-06-04T07:58:30.513+0000] {processor.py:830} INFO - Processing file /home/airflow/.local/lib/python3.8/site-packages/airflow/example_dags/example_dag_decorator.py for tasks to queue
[2024-06-04T07:58:30.515+0000] {logging_mixin.py:188} INFO - [2024-06-04T07:58:30.515+0000] {dagbag.py:540} INFO - Filling up the DagBag from /home/airflow/.local/lib/python3.8/site-packages/airflow/example_dags/example_dag_decorator.py
[2024-06-04T07:58:30.607+0000] {processor.py:840} INFO - DAG(s) 'example_dag_decorator' retrieved from /home/airflow/.local/lib/python3.8/site-packages/airflow/example_dags/example_dag_decorator.py
[2024-06-04T07:58:30.887+0000] {logging_mixin.py:188} INFO - [2024-06-04T07:58:30.887+0000] {dag.py:3047} INFO - Sync 1 DAGs
[2024-06-04T07:58:30.896+0000] {logging_mixin.py:188} INFO - [2024-06-04T07:58:30.896+0000] {dag.py:3834} INFO - Setting next_dagrun for example_dag_decorator to None, run_after=None
[2024-06-04T07:58:30.914+0000] {processor.py:183} INFO - Processing /home/airflow/.local/lib/python3.8/site-packages/airflow/example_dags/example_dag_decorator.py took 0.406 seconds
[2024-06-04T07:59:01.395+0000] {processor.py:161} INFO - Started process (PID=1042) to work on /home/airflow/.local/lib/python3.8/site-packages/airflow/example_dags/example_dag_decorator.py
[2024-06-04T07:59:01.396+0000] {processor.py:830} INFO - Processing file /home/airflow/.local/lib/python3.8/site-packages/airflow/example_dags/example_dag_decorator.py for tasks to queue
[2024-06-04T07:59:01.398+0000] {logging_mixin.py:188} INFO - [2024-06-04T07:59:01.398+0000] {dagbag.py:540} INFO - Filling up the DagBag from /home/airflow/.local/lib/python3.8/site-packages/airflow/example_dags/example_dag_decorator.py
[2024-06-04T07:59:01.511+0000] {processor.py:840} INFO - DAG(s) 'example_dag_decorator' retrieved from /home/airflow/.local/lib/python3.8/site-packages/airflow/example_dags/example_dag_decorator.py
[2024-06-04T07:59:01.867+0000] {logging_mixin.py:188} INFO - [2024-06-04T07:59:01.866+0000] {dag.py:3047} INFO - Sync 1 DAGs
[2024-06-04T07:59:01.877+0000] {logging_mixin.py:188} INFO - [2024-06-04T07:59:01.877+0000] {dag.py:3834} INFO - Setting next_dagrun for example_dag_decorator to None, run_after=None
[2024-06-04T07:59:01.895+0000] {processor.py:183} INFO - Processing /home/airflow/.local/lib/python3.8/site-packages/airflow/example_dags/example_dag_decorator.py took 0.503 seconds
[2024-06-04T07:59:32.175+0000] {processor.py:161} INFO - Started process (PID=1104) to work on /home/airflow/.local/lib/python3.8/site-packages/airflow/example_dags/example_dag_decorator.py
[2024-06-04T07:59:32.177+0000] {processor.py:830} INFO - Processing file /home/airflow/.local/lib/python3.8/site-packages/airflow/example_dags/example_dag_decorator.py for tasks to queue
[2024-06-04T07:59:32.179+0000] {logging_mixin.py:188} INFO - [2024-06-04T07:59:32.178+0000] {dagbag.py:540} INFO - Filling up the DagBag from /home/airflow/.local/lib/python3.8/site-packages/airflow/example_dags/example_dag_decorator.py
[2024-06-04T07:59:32.283+0000] {processor.py:840} INFO - DAG(s) 'example_dag_decorator' retrieved from /home/airflow/.local/lib/python3.8/site-packages/airflow/example_dags/example_dag_decorator.py
[2024-06-04T07:59:32.588+0000] {logging_mixin.py:188} INFO - [2024-06-04T07:59:32.588+0000] {dag.py:3047} INFO - Sync 1 DAGs
[2024-06-04T07:59:32.599+0000] {logging_mixin.py:188} INFO - [2024-06-04T07:59:32.598+0000] {dag.py:3834} INFO - Setting next_dagrun for example_dag_decorator to None, run_after=None
[2024-06-04T07:59:32.617+0000] {processor.py:183} INFO - Processing /home/airflow/.local/lib/python3.8/site-packages/airflow/example_dags/example_dag_decorator.py took 0.446 seconds
[2024-06-04T08:00:02.835+0000] {processor.py:161} INFO - Started process (PID=1162) to work on /home/airflow/.local/lib/python3.8/site-packages/airflow/example_dags/example_dag_decorator.py
[2024-06-04T08:00:02.836+0000] {processor.py:830} INFO - Processing file /home/airflow/.local/lib/python3.8/site-packages/airflow/example_dags/example_dag_decorator.py for tasks to queue
[2024-06-04T08:00:02.838+0000] {logging_mixin.py:188} INFO - [2024-06-04T08:00:02.837+0000] {dagbag.py:540} INFO - Filling up the DagBag from /home/airflow/.local/lib/python3.8/site-packages/airflow/example_dags/example_dag_decorator.py
[2024-06-04T08:00:03.050+0000] {processor.py:840} INFO - DAG(s) 'example_dag_decorator' retrieved from /home/airflow/.local/lib/python3.8/site-packages/airflow/example_dags/example_dag_decorator.py
[2024-06-04T08:00:03.530+0000] {logging_mixin.py:188} INFO - [2024-06-04T08:00:03.530+0000] {dag.py:3047} INFO - Sync 1 DAGs
[2024-06-04T08:00:03.539+0000] {logging_mixin.py:188} INFO - [2024-06-04T08:00:03.539+0000] {dag.py:3834} INFO - Setting next_dagrun for example_dag_decorator to None, run_after=None
[2024-06-04T08:00:03.559+0000] {processor.py:183} INFO - Processing /home/airflow/.local/lib/python3.8/site-packages/airflow/example_dags/example_dag_decorator.py took 0.728 seconds
[2024-06-04T08:00:33.964+0000] {processor.py:161} INFO - Started process (PID=1219) to work on /home/airflow/.local/lib/python3.8/site-packages/airflow/example_dags/example_dag_decorator.py
[2024-06-04T08:00:33.965+0000] {processor.py:830} INFO - Processing file /home/airflow/.local/lib/python3.8/site-packages/airflow/example_dags/example_dag_decorator.py for tasks to queue
[2024-06-04T08:00:33.967+0000] {logging_mixin.py:188} INFO - [2024-06-04T08:00:33.966+0000] {dagbag.py:540} INFO - Filling up the DagBag from /home/airflow/.local/lib/python3.8/site-packages/airflow/example_dags/example_dag_decorator.py
[2024-06-04T08:00:34.058+0000] {processor.py:840} INFO - DAG(s) 'example_dag_decorator' retrieved from /home/airflow/.local/lib/python3.8/site-packages/airflow/example_dags/example_dag_decorator.py
[2024-06-04T08:00:34.425+0000] {logging_mixin.py:188} INFO - [2024-06-04T08:00:34.424+0000] {dag.py:3047} INFO - Sync 1 DAGs
[2024-06-04T08:00:34.436+0000] {logging_mixin.py:188} INFO - [2024-06-04T08:00:34.435+0000] {dag.py:3834} INFO - Setting next_dagrun for example_dag_decorator to None, run_after=None
[2024-06-04T08:00:34.458+0000] {processor.py:183} INFO - Processing /home/airflow/.local/lib/python3.8/site-packages/airflow/example_dags/example_dag_decorator.py took 0.498 seconds
[2024-06-04T08:01:05.399+0000] {processor.py:161} INFO - Started process (PID=1286) to work on /home/airflow/.local/lib/python3.8/site-packages/airflow/example_dags/example_dag_decorator.py
[2024-06-04T08:01:05.400+0000] {processor.py:830} INFO - Processing file /home/airflow/.local/lib/python3.8/site-packages/airflow/example_dags/example_dag_decorator.py for tasks to queue
[2024-06-04T08:01:05.402+0000] {logging_mixin.py:188} INFO - [2024-06-04T08:01:05.402+0000] {dagbag.py:540} INFO - Filling up the DagBag from /home/airflow/.local/lib/python3.8/site-packages/airflow/example_dags/example_dag_decorator.py
[2024-06-04T08:01:05.490+0000] {processor.py:840} INFO - DAG(s) 'example_dag_decorator' retrieved from /home/airflow/.local/lib/python3.8/site-packages/airflow/example_dags/example_dag_decorator.py
[2024-06-04T08:01:05.763+0000] {logging_mixin.py:188} INFO - [2024-06-04T08:01:05.763+0000] {dag.py:3047} INFO - Sync 1 DAGs
[2024-06-04T08:01:05.774+0000] {logging_mixin.py:188} INFO - [2024-06-04T08:01:05.773+0000] {dag.py:3834} INFO - Setting next_dagrun for example_dag_decorator to None, run_after=None
[2024-06-04T08:01:05.794+0000] {processor.py:183} INFO - Processing /home/airflow/.local/lib/python3.8/site-packages/airflow/example_dags/example_dag_decorator.py took 0.399 seconds
[2024-06-04T08:01:35.862+0000] {processor.py:161} INFO - Started process (PID=1346) to work on /home/airflow/.local/lib/python3.8/site-packages/airflow/example_dags/example_dag_decorator.py
[2024-06-04T08:01:35.863+0000] {processor.py:830} INFO - Processing file /home/airflow/.local/lib/python3.8/site-packages/airflow/example_dags/example_dag_decorator.py for tasks to queue
[2024-06-04T08:01:35.866+0000] {logging_mixin.py:188} INFO - [2024-06-04T08:01:35.865+0000] {dagbag.py:540} INFO - Filling up the DagBag from /home/airflow/.local/lib/python3.8/site-packages/airflow/example_dags/example_dag_decorator.py
[2024-06-04T08:01:35.965+0000] {processor.py:840} INFO - DAG(s) 'example_dag_decorator' retrieved from /home/airflow/.local/lib/python3.8/site-packages/airflow/example_dags/example_dag_decorator.py
[2024-06-04T08:01:36.265+0000] {logging_mixin.py:188} INFO - [2024-06-04T08:01:36.265+0000] {dag.py:3047} INFO - Sync 1 DAGs
[2024-06-04T08:01:36.277+0000] {logging_mixin.py:188} INFO - [2024-06-04T08:01:36.277+0000] {dag.py:3834} INFO - Setting next_dagrun for example_dag_decorator to None, run_after=None
[2024-06-04T08:01:36.297+0000] {processor.py:183} INFO - Processing /home/airflow/.local/lib/python3.8/site-packages/airflow/example_dags/example_dag_decorator.py took 0.439 seconds
[2024-06-04T08:02:07.173+0000] {processor.py:161} INFO - Started process (PID=1404) to work on /home/airflow/.local/lib/python3.8/site-packages/airflow/example_dags/example_dag_decorator.py
[2024-06-04T08:02:07.175+0000] {processor.py:830} INFO - Processing file /home/airflow/.local/lib/python3.8/site-packages/airflow/example_dags/example_dag_decorator.py for tasks to queue
[2024-06-04T08:02:07.176+0000] {logging_mixin.py:188} INFO - [2024-06-04T08:02:07.176+0000] {dagbag.py:540} INFO - Filling up the DagBag from /home/airflow/.local/lib/python3.8/site-packages/airflow/example_dags/example_dag_decorator.py
[2024-06-04T08:02:07.274+0000] {processor.py:840} INFO - DAG(s) 'example_dag_decorator' retrieved from /home/airflow/.local/lib/python3.8/site-packages/airflow/example_dags/example_dag_decorator.py
[2024-06-04T08:02:07.579+0000] {logging_mixin.py:188} INFO - [2024-06-04T08:02:07.579+0000] {dag.py:3047} INFO - Sync 1 DAGs
[2024-06-04T08:02:07.591+0000] {logging_mixin.py:188} INFO - [2024-06-04T08:02:07.591+0000] {dag.py:3834} INFO - Setting next_dagrun for example_dag_decorator to None, run_after=None
[2024-06-04T08:02:07.610+0000] {processor.py:183} INFO - Processing /home/airflow/.local/lib/python3.8/site-packages/airflow/example_dags/example_dag_decorator.py took 0.440 seconds
[2024-06-04T08:02:38.605+0000] {processor.py:161} INFO - Started process (PID=1464) to work on /home/airflow/.local/lib/python3.8/site-packages/airflow/example_dags/example_dag_decorator.py
[2024-06-04T08:02:38.606+0000] {processor.py:830} INFO - Processing file /home/airflow/.local/lib/python3.8/site-packages/airflow/example_dags/example_dag_decorator.py for tasks to queue
[2024-06-04T08:02:38.608+0000] {logging_mixin.py:188} INFO - [2024-06-04T08:02:38.608+0000] {dagbag.py:540} INFO - Filling up the DagBag from /home/airflow/.local/lib/python3.8/site-packages/airflow/example_dags/example_dag_decorator.py
[2024-06-04T08:02:38.696+0000] {processor.py:840} INFO - DAG(s) 'example_dag_decorator' retrieved from /home/airflow/.local/lib/python3.8/site-packages/airflow/example_dags/example_dag_decorator.py
[2024-06-04T08:02:38.986+0000] {logging_mixin.py:188} INFO - [2024-06-04T08:02:38.985+0000] {dag.py:3047} INFO - Sync 1 DAGs
[2024-06-04T08:02:38.996+0000] {logging_mixin.py:188} INFO - [2024-06-04T08:02:38.996+0000] {dag.py:3834} INFO - Setting next_dagrun for example_dag_decorator to None, run_after=None
[2024-06-04T08:02:39.018+0000] {processor.py:183} INFO - Processing /home/airflow/.local/lib/python3.8/site-packages/airflow/example_dags/example_dag_decorator.py took 0.416 seconds
[2024-06-04T08:03:09.128+0000] {processor.py:161} INFO - Started process (PID=1525) to work on /home/airflow/.local/lib/python3.8/site-packages/airflow/example_dags/example_dag_decorator.py
[2024-06-04T08:03:09.130+0000] {processor.py:830} INFO - Processing file /home/airflow/.local/lib/python3.8/site-packages/airflow/example_dags/example_dag_decorator.py for tasks to queue
[2024-06-04T08:03:09.132+0000] {logging_mixin.py:188} INFO - [2024-06-04T08:03:09.131+0000] {dagbag.py:540} INFO - Filling up the DagBag from /home/airflow/.local/lib/python3.8/site-packages/airflow/example_dags/example_dag_decorator.py
[2024-06-04T08:03:09.233+0000] {processor.py:840} INFO - DAG(s) 'example_dag_decorator' retrieved from /home/airflow/.local/lib/python3.8/site-packages/airflow/example_dags/example_dag_decorator.py
[2024-06-04T08:03:09.560+0000] {logging_mixin.py:188} INFO - [2024-06-04T08:03:09.560+0000] {dag.py:3047} INFO - Sync 1 DAGs
[2024-06-04T08:03:09.572+0000] {logging_mixin.py:188} INFO - [2024-06-04T08:03:09.571+0000] {dag.py:3834} INFO - Setting next_dagrun for example_dag_decorator to None, run_after=None
[2024-06-04T08:03:09.594+0000] {processor.py:183} INFO - Processing /home/airflow/.local/lib/python3.8/site-packages/airflow/example_dags/example_dag_decorator.py took 0.469 seconds
[2024-06-04T08:03:39.676+0000] {processor.py:161} INFO - Started process (PID=1586) to work on /home/airflow/.local/lib/python3.8/site-packages/airflow/example_dags/example_dag_decorator.py
[2024-06-04T08:03:39.677+0000] {processor.py:830} INFO - Processing file /home/airflow/.local/lib/python3.8/site-packages/airflow/example_dags/example_dag_decorator.py for tasks to queue
[2024-06-04T08:03:39.679+0000] {logging_mixin.py:188} INFO - [2024-06-04T08:03:39.679+0000] {dagbag.py:540} INFO - Filling up the DagBag from /home/airflow/.local/lib/python3.8/site-packages/airflow/example_dags/example_dag_decorator.py
[2024-06-04T08:03:39.770+0000] {processor.py:840} INFO - DAG(s) 'example_dag_decorator' retrieved from /home/airflow/.local/lib/python3.8/site-packages/airflow/example_dags/example_dag_decorator.py
[2024-06-04T08:03:40.063+0000] {logging_mixin.py:188} INFO - [2024-06-04T08:03:40.062+0000] {dag.py:3047} INFO - Sync 1 DAGs
[2024-06-04T08:03:40.073+0000] {logging_mixin.py:188} INFO - [2024-06-04T08:03:40.073+0000] {dag.py:3834} INFO - Setting next_dagrun for example_dag_decorator to None, run_after=None
[2024-06-04T08:03:40.090+0000] {processor.py:183} INFO - Processing /home/airflow/.local/lib/python3.8/site-packages/airflow/example_dags/example_dag_decorator.py took 0.417 seconds
[2024-06-04T08:04:10.863+0000] {processor.py:161} INFO - Started process (PID=1644) to work on /home/airflow/.local/lib/python3.8/site-packages/airflow/example_dags/example_dag_decorator.py
[2024-06-04T08:04:10.864+0000] {processor.py:830} INFO - Processing file /home/airflow/.local/lib/python3.8/site-packages/airflow/example_dags/example_dag_decorator.py for tasks to queue
[2024-06-04T08:04:10.866+0000] {logging_mixin.py:188} INFO - [2024-06-04T08:04:10.865+0000] {dagbag.py:540} INFO - Filling up the DagBag from /home/airflow/.local/lib/python3.8/site-packages/airflow/example_dags/example_dag_decorator.py
[2024-06-04T08:04:10.955+0000] {processor.py:840} INFO - DAG(s) 'example_dag_decorator' retrieved from /home/airflow/.local/lib/python3.8/site-packages/airflow/example_dags/example_dag_decorator.py
[2024-06-04T08:04:11.260+0000] {logging_mixin.py:188} INFO - [2024-06-04T08:04:11.259+0000] {dag.py:3047} INFO - Sync 1 DAGs
[2024-06-04T08:04:11.272+0000] {logging_mixin.py:188} INFO - [2024-06-04T08:04:11.272+0000] {dag.py:3834} INFO - Setting next_dagrun for example_dag_decorator to None, run_after=None
[2024-06-04T08:04:11.292+0000] {processor.py:183} INFO - Processing /home/airflow/.local/lib/python3.8/site-packages/airflow/example_dags/example_dag_decorator.py took 0.433 seconds
[2024-06-04T08:04:41.516+0000] {processor.py:161} INFO - Started process (PID=1705) to work on /home/airflow/.local/lib/python3.8/site-packages/airflow/example_dags/example_dag_decorator.py
[2024-06-04T08:04:41.518+0000] {processor.py:830} INFO - Processing file /home/airflow/.local/lib/python3.8/site-packages/airflow/example_dags/example_dag_decorator.py for tasks to queue
[2024-06-04T08:04:41.520+0000] {logging_mixin.py:188} INFO - [2024-06-04T08:04:41.520+0000] {dagbag.py:540} INFO - Filling up the DagBag from /home/airflow/.local/lib/python3.8/site-packages/airflow/example_dags/example_dag_decorator.py
[2024-06-04T08:04:41.618+0000] {processor.py:840} INFO - DAG(s) 'example_dag_decorator' retrieved from /home/airflow/.local/lib/python3.8/site-packages/airflow/example_dags/example_dag_decorator.py
[2024-06-04T08:04:41.925+0000] {logging_mixin.py:188} INFO - [2024-06-04T08:04:41.925+0000] {dag.py:3047} INFO - Sync 1 DAGs
[2024-06-04T08:04:41.938+0000] {logging_mixin.py:188} INFO - [2024-06-04T08:04:41.938+0000] {dag.py:3834} INFO - Setting next_dagrun for example_dag_decorator to None, run_after=None
[2024-06-04T08:04:41.956+0000] {processor.py:183} INFO - Processing /home/airflow/.local/lib/python3.8/site-packages/airflow/example_dags/example_dag_decorator.py took 0.444 seconds
[2024-06-04T08:05:12.835+0000] {processor.py:161} INFO - Started process (PID=1765) to work on /home/airflow/.local/lib/python3.8/site-packages/airflow/example_dags/example_dag_decorator.py
[2024-06-04T08:05:12.837+0000] {processor.py:830} INFO - Processing file /home/airflow/.local/lib/python3.8/site-packages/airflow/example_dags/example_dag_decorator.py for tasks to queue
[2024-06-04T08:05:12.839+0000] {logging_mixin.py:188} INFO - [2024-06-04T08:05:12.839+0000] {dagbag.py:540} INFO - Filling up the DagBag from /home/airflow/.local/lib/python3.8/site-packages/airflow/example_dags/example_dag_decorator.py
[2024-06-04T08:05:12.932+0000] {processor.py:840} INFO - DAG(s) 'example_dag_decorator' retrieved from /home/airflow/.local/lib/python3.8/site-packages/airflow/example_dags/example_dag_decorator.py
[2024-06-04T08:05:13.236+0000] {logging_mixin.py:188} INFO - [2024-06-04T08:05:13.235+0000] {dag.py:3047} INFO - Sync 1 DAGs
[2024-06-04T08:05:13.247+0000] {logging_mixin.py:188} INFO - [2024-06-04T08:05:13.247+0000] {dag.py:3834} INFO - Setting next_dagrun for example_dag_decorator to None, run_after=None
[2024-06-04T08:05:13.268+0000] {processor.py:183} INFO - Processing /home/airflow/.local/lib/python3.8/site-packages/airflow/example_dags/example_dag_decorator.py took 0.437 seconds
[2024-06-04T08:05:44.199+0000] {processor.py:161} INFO - Started process (PID=1823) to work on /home/airflow/.local/lib/python3.8/site-packages/airflow/example_dags/example_dag_decorator.py
[2024-06-04T08:05:44.201+0000] {processor.py:830} INFO - Processing file /home/airflow/.local/lib/python3.8/site-packages/airflow/example_dags/example_dag_decorator.py for tasks to queue
[2024-06-04T08:05:44.203+0000] {logging_mixin.py:188} INFO - [2024-06-04T08:05:44.202+0000] {dagbag.py:540} INFO - Filling up the DagBag from /home/airflow/.local/lib/python3.8/site-packages/airflow/example_dags/example_dag_decorator.py
[2024-06-04T08:05:44.487+0000] {processor.py:840} INFO - DAG(s) 'example_dag_decorator' retrieved from /home/airflow/.local/lib/python3.8/site-packages/airflow/example_dags/example_dag_decorator.py
[2024-06-04T08:05:44.596+0000] {logging_mixin.py:188} INFO - [2024-06-04T08:05:44.596+0000] {dag.py:3047} INFO - Sync 1 DAGs
[2024-06-04T08:05:44.609+0000] {logging_mixin.py:188} INFO - [2024-06-04T08:05:44.609+0000] {dag.py:3834} INFO - Setting next_dagrun for example_dag_decorator to None, run_after=None
[2024-06-04T08:05:44.636+0000] {processor.py:183} INFO - Processing /home/airflow/.local/lib/python3.8/site-packages/airflow/example_dags/example_dag_decorator.py took 0.440 seconds
[2024-06-04T08:06:15.263+0000] {processor.py:161} INFO - Started process (PID=1881) to work on /home/airflow/.local/lib/python3.8/site-packages/airflow/example_dags/example_dag_decorator.py
[2024-06-04T08:06:15.264+0000] {processor.py:830} INFO - Processing file /home/airflow/.local/lib/python3.8/site-packages/airflow/example_dags/example_dag_decorator.py for tasks to queue
[2024-06-04T08:06:15.267+0000] {logging_mixin.py:188} INFO - [2024-06-04T08:06:15.267+0000] {dagbag.py:540} INFO - Filling up the DagBag from /home/airflow/.local/lib/python3.8/site-packages/airflow/example_dags/example_dag_decorator.py
[2024-06-04T08:06:15.616+0000] {processor.py:840} INFO - DAG(s) 'example_dag_decorator' retrieved from /home/airflow/.local/lib/python3.8/site-packages/airflow/example_dags/example_dag_decorator.py
[2024-06-04T08:06:15.755+0000] {logging_mixin.py:188} INFO - [2024-06-04T08:06:15.755+0000] {dag.py:3047} INFO - Sync 1 DAGs
[2024-06-04T08:06:15.768+0000] {logging_mixin.py:188} INFO - [2024-06-04T08:06:15.767+0000] {dag.py:3834} INFO - Setting next_dagrun for example_dag_decorator to None, run_after=None
[2024-06-04T08:06:15.804+0000] {processor.py:183} INFO - Processing /home/airflow/.local/lib/python3.8/site-packages/airflow/example_dags/example_dag_decorator.py took 0.545 seconds
[2024-06-04T08:06:45.875+0000] {processor.py:161} INFO - Started process (PID=1939) to work on /home/airflow/.local/lib/python3.8/site-packages/airflow/example_dags/example_dag_decorator.py
[2024-06-04T08:06:45.877+0000] {processor.py:830} INFO - Processing file /home/airflow/.local/lib/python3.8/site-packages/airflow/example_dags/example_dag_decorator.py for tasks to queue
[2024-06-04T08:06:45.878+0000] {logging_mixin.py:188} INFO - [2024-06-04T08:06:45.878+0000] {dagbag.py:540} INFO - Filling up the DagBag from /home/airflow/.local/lib/python3.8/site-packages/airflow/example_dags/example_dag_decorator.py
[2024-06-04T08:06:46.240+0000] {processor.py:840} INFO - DAG(s) 'example_dag_decorator' retrieved from /home/airflow/.local/lib/python3.8/site-packages/airflow/example_dags/example_dag_decorator.py
[2024-06-04T08:06:46.376+0000] {logging_mixin.py:188} INFO - [2024-06-04T08:06:46.376+0000] {dag.py:3047} INFO - Sync 1 DAGs
[2024-06-04T08:06:46.388+0000] {logging_mixin.py:188} INFO - [2024-06-04T08:06:46.387+0000] {dag.py:3834} INFO - Setting next_dagrun for example_dag_decorator to None, run_after=None
[2024-06-04T08:06:46.426+0000] {processor.py:183} INFO - Processing /home/airflow/.local/lib/python3.8/site-packages/airflow/example_dags/example_dag_decorator.py took 0.554 seconds
[2024-06-04T08:07:16.547+0000] {processor.py:161} INFO - Started process (PID=1997) to work on /home/airflow/.local/lib/python3.8/site-packages/airflow/example_dags/example_dag_decorator.py
[2024-06-04T08:07:16.551+0000] {processor.py:830} INFO - Processing file /home/airflow/.local/lib/python3.8/site-packages/airflow/example_dags/example_dag_decorator.py for tasks to queue
[2024-06-04T08:07:16.554+0000] {logging_mixin.py:188} INFO - [2024-06-04T08:07:16.553+0000] {dagbag.py:540} INFO - Filling up the DagBag from /home/airflow/.local/lib/python3.8/site-packages/airflow/example_dags/example_dag_decorator.py
[2024-06-04T08:07:16.657+0000] {processor.py:840} INFO - DAG(s) 'example_dag_decorator' retrieved from /home/airflow/.local/lib/python3.8/site-packages/airflow/example_dags/example_dag_decorator.py
[2024-06-04T08:07:17.005+0000] {logging_mixin.py:188} INFO - [2024-06-04T08:07:17.005+0000] {dag.py:3047} INFO - Sync 1 DAGs
[2024-06-04T08:07:17.021+0000] {logging_mixin.py:188} INFO - [2024-06-04T08:07:17.020+0000] {dag.py:3834} INFO - Setting next_dagrun for example_dag_decorator to None, run_after=None
[2024-06-04T08:07:17.053+0000] {processor.py:183} INFO - Processing /home/airflow/.local/lib/python3.8/site-packages/airflow/example_dags/example_dag_decorator.py took 0.511 seconds
[2024-06-04T08:07:47.516+0000] {processor.py:161} INFO - Started process (PID=2055) to work on /home/airflow/.local/lib/python3.8/site-packages/airflow/example_dags/example_dag_decorator.py
[2024-06-04T08:07:47.517+0000] {processor.py:830} INFO - Processing file /home/airflow/.local/lib/python3.8/site-packages/airflow/example_dags/example_dag_decorator.py for tasks to queue
[2024-06-04T08:07:47.520+0000] {logging_mixin.py:188} INFO - [2024-06-04T08:07:47.519+0000] {dagbag.py:540} INFO - Filling up the DagBag from /home/airflow/.local/lib/python3.8/site-packages/airflow/example_dags/example_dag_decorator.py
[2024-06-04T08:07:48.107+0000] {processor.py:840} INFO - DAG(s) 'example_dag_decorator' retrieved from /home/airflow/.local/lib/python3.8/site-packages/airflow/example_dags/example_dag_decorator.py
[2024-06-04T08:07:48.311+0000] {logging_mixin.py:188} INFO - [2024-06-04T08:07:48.310+0000] {dag.py:3047} INFO - Sync 1 DAGs
[2024-06-04T08:07:48.326+0000] {logging_mixin.py:188} INFO - [2024-06-04T08:07:48.326+0000] {dag.py:3834} INFO - Setting next_dagrun for example_dag_decorator to None, run_after=None
[2024-06-04T08:07:48.354+0000] {processor.py:183} INFO - Processing /home/airflow/.local/lib/python3.8/site-packages/airflow/example_dags/example_dag_decorator.py took 0.843 seconds
[2024-06-04T08:08:18.627+0000] {processor.py:161} INFO - Started process (PID=2114) to work on /home/airflow/.local/lib/python3.8/site-packages/airflow/example_dags/example_dag_decorator.py
[2024-06-04T08:08:18.628+0000] {processor.py:830} INFO - Processing file /home/airflow/.local/lib/python3.8/site-packages/airflow/example_dags/example_dag_decorator.py for tasks to queue
[2024-06-04T08:08:18.630+0000] {logging_mixin.py:188} INFO - [2024-06-04T08:08:18.630+0000] {dagbag.py:540} INFO - Filling up the DagBag from /home/airflow/.local/lib/python3.8/site-packages/airflow/example_dags/example_dag_decorator.py
[2024-06-04T08:08:18.949+0000] {processor.py:840} INFO - DAG(s) 'example_dag_decorator' retrieved from /home/airflow/.local/lib/python3.8/site-packages/airflow/example_dags/example_dag_decorator.py
[2024-06-04T08:08:19.060+0000] {logging_mixin.py:188} INFO - [2024-06-04T08:08:19.059+0000] {dag.py:3047} INFO - Sync 1 DAGs
[2024-06-04T08:08:19.071+0000] {logging_mixin.py:188} INFO - [2024-06-04T08:08:19.071+0000] {dag.py:3834} INFO - Setting next_dagrun for example_dag_decorator to None, run_after=None
[2024-06-04T08:08:19.091+0000] {processor.py:183} INFO - Processing /home/airflow/.local/lib/python3.8/site-packages/airflow/example_dags/example_dag_decorator.py took 0.468 seconds
[2024-06-04T08:08:49.164+0000] {processor.py:161} INFO - Started process (PID=2171) to work on /home/airflow/.local/lib/python3.8/site-packages/airflow/example_dags/example_dag_decorator.py
[2024-06-04T08:08:49.166+0000] {processor.py:830} INFO - Processing file /home/airflow/.local/lib/python3.8/site-packages/airflow/example_dags/example_dag_decorator.py for tasks to queue
[2024-06-04T08:08:49.168+0000] {logging_mixin.py:188} INFO - [2024-06-04T08:08:49.168+0000] {dagbag.py:540} INFO - Filling up the DagBag from /home/airflow/.local/lib/python3.8/site-packages/airflow/example_dags/example_dag_decorator.py
[2024-06-04T08:08:49.465+0000] {processor.py:840} INFO - DAG(s) 'example_dag_decorator' retrieved from /home/airflow/.local/lib/python3.8/site-packages/airflow/example_dags/example_dag_decorator.py
[2024-06-04T08:08:49.574+0000] {logging_mixin.py:188} INFO - [2024-06-04T08:08:49.574+0000] {dag.py:3047} INFO - Sync 1 DAGs
[2024-06-04T08:08:49.590+0000] {logging_mixin.py:188} INFO - [2024-06-04T08:08:49.590+0000] {dag.py:3834} INFO - Setting next_dagrun for example_dag_decorator to None, run_after=None
[2024-06-04T08:08:49.613+0000] {processor.py:183} INFO - Processing /home/airflow/.local/lib/python3.8/site-packages/airflow/example_dags/example_dag_decorator.py took 0.454 seconds
[2024-06-04T08:09:19.703+0000] {processor.py:161} INFO - Started process (PID=2227) to work on /home/airflow/.local/lib/python3.8/site-packages/airflow/example_dags/example_dag_decorator.py
[2024-06-04T08:09:19.704+0000] {processor.py:830} INFO - Processing file /home/airflow/.local/lib/python3.8/site-packages/airflow/example_dags/example_dag_decorator.py for tasks to queue
[2024-06-04T08:09:19.707+0000] {logging_mixin.py:188} INFO - [2024-06-04T08:09:19.707+0000] {dagbag.py:540} INFO - Filling up the DagBag from /home/airflow/.local/lib/python3.8/site-packages/airflow/example_dags/example_dag_decorator.py
[2024-06-04T08:09:19.806+0000] {processor.py:840} INFO - DAG(s) 'example_dag_decorator' retrieved from /home/airflow/.local/lib/python3.8/site-packages/airflow/example_dags/example_dag_decorator.py
[2024-06-04T08:09:19.936+0000] {logging_mixin.py:188} INFO - [2024-06-04T08:09:19.935+0000] {dag.py:3047} INFO - Sync 1 DAGs
[2024-06-04T08:09:19.950+0000] {logging_mixin.py:188} INFO - [2024-06-04T08:09:19.950+0000] {dag.py:3834} INFO - Setting next_dagrun for example_dag_decorator to None, run_after=None
[2024-06-04T08:09:19.972+0000] {processor.py:183} INFO - Processing /home/airflow/.local/lib/python3.8/site-packages/airflow/example_dags/example_dag_decorator.py took 0.273 seconds
[2024-06-04T08:09:50.355+0000] {processor.py:161} INFO - Started process (PID=2285) to work on /home/airflow/.local/lib/python3.8/site-packages/airflow/example_dags/example_dag_decorator.py
[2024-06-04T08:09:50.357+0000] {processor.py:830} INFO - Processing file /home/airflow/.local/lib/python3.8/site-packages/airflow/example_dags/example_dag_decorator.py for tasks to queue
[2024-06-04T08:09:50.360+0000] {logging_mixin.py:188} INFO - [2024-06-04T08:09:50.359+0000] {dagbag.py:540} INFO - Filling up the DagBag from /home/airflow/.local/lib/python3.8/site-packages/airflow/example_dags/example_dag_decorator.py
[2024-06-04T08:09:50.478+0000] {processor.py:840} INFO - DAG(s) 'example_dag_decorator' retrieved from /home/airflow/.local/lib/python3.8/site-packages/airflow/example_dags/example_dag_decorator.py
[2024-06-04T08:09:50.621+0000] {logging_mixin.py:188} INFO - [2024-06-04T08:09:50.620+0000] {dag.py:3047} INFO - Sync 1 DAGs
[2024-06-04T08:09:50.634+0000] {logging_mixin.py:188} INFO - [2024-06-04T08:09:50.633+0000] {dag.py:3834} INFO - Setting next_dagrun for example_dag_decorator to None, run_after=None
[2024-06-04T08:09:50.660+0000] {processor.py:183} INFO - Processing /home/airflow/.local/lib/python3.8/site-packages/airflow/example_dags/example_dag_decorator.py took 0.309 seconds
[2024-06-04T08:10:20.762+0000] {processor.py:161} INFO - Started process (PID=2343) to work on /home/airflow/.local/lib/python3.8/site-packages/airflow/example_dags/example_dag_decorator.py
[2024-06-04T08:10:20.763+0000] {processor.py:830} INFO - Processing file /home/airflow/.local/lib/python3.8/site-packages/airflow/example_dags/example_dag_decorator.py for tasks to queue
[2024-06-04T08:10:20.766+0000] {logging_mixin.py:188} INFO - [2024-06-04T08:10:20.766+0000] {dagbag.py:540} INFO - Filling up the DagBag from /home/airflow/.local/lib/python3.8/site-packages/airflow/example_dags/example_dag_decorator.py
[2024-06-04T08:10:20.880+0000] {processor.py:840} INFO - DAG(s) 'example_dag_decorator' retrieved from /home/airflow/.local/lib/python3.8/site-packages/airflow/example_dags/example_dag_decorator.py
[2024-06-04T08:10:20.926+0000] {logging_mixin.py:188} INFO - [2024-06-04T08:10:20.925+0000] {dag.py:3047} INFO - Sync 1 DAGs
[2024-06-04T08:10:20.941+0000] {logging_mixin.py:188} INFO - [2024-06-04T08:10:20.941+0000] {dag.py:3834} INFO - Setting next_dagrun for example_dag_decorator to None, run_after=None
[2024-06-04T08:10:20.966+0000] {processor.py:183} INFO - Processing /home/airflow/.local/lib/python3.8/site-packages/airflow/example_dags/example_dag_decorator.py took 0.208 seconds
[2024-06-04T08:10:51.333+0000] {processor.py:161} INFO - Started process (PID=2401) to work on /home/airflow/.local/lib/python3.8/site-packages/airflow/example_dags/example_dag_decorator.py
[2024-06-04T08:10:51.334+0000] {processor.py:830} INFO - Processing file /home/airflow/.local/lib/python3.8/site-packages/airflow/example_dags/example_dag_decorator.py for tasks to queue
[2024-06-04T08:10:51.336+0000] {logging_mixin.py:188} INFO - [2024-06-04T08:10:51.336+0000] {dagbag.py:540} INFO - Filling up the DagBag from /home/airflow/.local/lib/python3.8/site-packages/airflow/example_dags/example_dag_decorator.py
[2024-06-04T08:10:51.432+0000] {processor.py:840} INFO - DAG(s) 'example_dag_decorator' retrieved from /home/airflow/.local/lib/python3.8/site-packages/airflow/example_dags/example_dag_decorator.py
[2024-06-04T08:10:51.558+0000] {logging_mixin.py:188} INFO - [2024-06-04T08:10:51.558+0000] {dag.py:3047} INFO - Sync 1 DAGs
[2024-06-04T08:10:51.573+0000] {logging_mixin.py:188} INFO - [2024-06-04T08:10:51.572+0000] {dag.py:3834} INFO - Setting next_dagrun for example_dag_decorator to None, run_after=None
[2024-06-04T08:10:51.597+0000] {processor.py:183} INFO - Processing /home/airflow/.local/lib/python3.8/site-packages/airflow/example_dags/example_dag_decorator.py took 0.269 seconds
[2024-06-04T08:11:21.652+0000] {processor.py:161} INFO - Started process (PID=2461) to work on /home/airflow/.local/lib/python3.8/site-packages/airflow/example_dags/example_dag_decorator.py
[2024-06-04T08:11:21.654+0000] {processor.py:830} INFO - Processing file /home/airflow/.local/lib/python3.8/site-packages/airflow/example_dags/example_dag_decorator.py for tasks to queue
[2024-06-04T08:11:21.657+0000] {logging_mixin.py:188} INFO - [2024-06-04T08:11:21.656+0000] {dagbag.py:540} INFO - Filling up the DagBag from /home/airflow/.local/lib/python3.8/site-packages/airflow/example_dags/example_dag_decorator.py
[2024-06-04T08:11:21.760+0000] {processor.py:840} INFO - DAG(s) 'example_dag_decorator' retrieved from /home/airflow/.local/lib/python3.8/site-packages/airflow/example_dags/example_dag_decorator.py
[2024-06-04T08:11:21.881+0000] {logging_mixin.py:188} INFO - [2024-06-04T08:11:21.881+0000] {dag.py:3047} INFO - Sync 1 DAGs
[2024-06-04T08:11:21.895+0000] {logging_mixin.py:188} INFO - [2024-06-04T08:11:21.895+0000] {dag.py:3834} INFO - Setting next_dagrun for example_dag_decorator to None, run_after=None
[2024-06-04T08:11:21.931+0000] {processor.py:183} INFO - Processing /home/airflow/.local/lib/python3.8/site-packages/airflow/example_dags/example_dag_decorator.py took 0.284 seconds
[2024-06-04T08:11:52.779+0000] {processor.py:161} INFO - Started process (PID=2520) to work on /home/airflow/.local/lib/python3.8/site-packages/airflow/example_dags/example_dag_decorator.py
[2024-06-04T08:11:52.780+0000] {processor.py:830} INFO - Processing file /home/airflow/.local/lib/python3.8/site-packages/airflow/example_dags/example_dag_decorator.py for tasks to queue
[2024-06-04T08:11:52.783+0000] {logging_mixin.py:188} INFO - [2024-06-04T08:11:52.782+0000] {dagbag.py:540} INFO - Filling up the DagBag from /home/airflow/.local/lib/python3.8/site-packages/airflow/example_dags/example_dag_decorator.py
[2024-06-04T08:11:52.892+0000] {processor.py:840} INFO - DAG(s) 'example_dag_decorator' retrieved from /home/airflow/.local/lib/python3.8/site-packages/airflow/example_dags/example_dag_decorator.py
[2024-06-04T08:11:52.930+0000] {logging_mixin.py:188} INFO - [2024-06-04T08:11:52.929+0000] {dag.py:3047} INFO - Sync 1 DAGs
[2024-06-04T08:11:52.945+0000] {logging_mixin.py:188} INFO - [2024-06-04T08:11:52.945+0000] {dag.py:3834} INFO - Setting next_dagrun for example_dag_decorator to None, run_after=None
[2024-06-04T08:11:52.968+0000] {processor.py:183} INFO - Processing /home/airflow/.local/lib/python3.8/site-packages/airflow/example_dags/example_dag_decorator.py took 0.193 seconds
[2024-06-04T08:12:23.780+0000] {processor.py:161} INFO - Started process (PID=2579) to work on /home/airflow/.local/lib/python3.8/site-packages/airflow/example_dags/example_dag_decorator.py
[2024-06-04T08:12:23.782+0000] {processor.py:830} INFO - Processing file /home/airflow/.local/lib/python3.8/site-packages/airflow/example_dags/example_dag_decorator.py for tasks to queue
[2024-06-04T08:12:23.784+0000] {logging_mixin.py:188} INFO - [2024-06-04T08:12:23.783+0000] {dagbag.py:540} INFO - Filling up the DagBag from /home/airflow/.local/lib/python3.8/site-packages/airflow/example_dags/example_dag_decorator.py
[2024-06-04T08:12:23.904+0000] {processor.py:840} INFO - DAG(s) 'example_dag_decorator' retrieved from /home/airflow/.local/lib/python3.8/site-packages/airflow/example_dags/example_dag_decorator.py
[2024-06-04T08:12:24.055+0000] {logging_mixin.py:188} INFO - [2024-06-04T08:12:24.055+0000] {dag.py:3047} INFO - Sync 1 DAGs
[2024-06-04T08:12:24.071+0000] {logging_mixin.py:188} INFO - [2024-06-04T08:12:24.070+0000] {dag.py:3834} INFO - Setting next_dagrun for example_dag_decorator to None, run_after=None
[2024-06-04T08:12:24.097+0000] {processor.py:183} INFO - Processing /home/airflow/.local/lib/python3.8/site-packages/airflow/example_dags/example_dag_decorator.py took 0.321 seconds
[2024-06-04T08:12:54.320+0000] {processor.py:161} INFO - Started process (PID=2638) to work on /home/airflow/.local/lib/python3.8/site-packages/airflow/example_dags/example_dag_decorator.py
[2024-06-04T08:12:54.321+0000] {processor.py:830} INFO - Processing file /home/airflow/.local/lib/python3.8/site-packages/airflow/example_dags/example_dag_decorator.py for tasks to queue
[2024-06-04T08:12:54.324+0000] {logging_mixin.py:188} INFO - [2024-06-04T08:12:54.323+0000] {dagbag.py:540} INFO - Filling up the DagBag from /home/airflow/.local/lib/python3.8/site-packages/airflow/example_dags/example_dag_decorator.py
[2024-06-04T08:12:54.459+0000] {processor.py:840} INFO - DAG(s) 'example_dag_decorator' retrieved from /home/airflow/.local/lib/python3.8/site-packages/airflow/example_dags/example_dag_decorator.py
[2024-06-04T08:12:54.501+0000] {logging_mixin.py:188} INFO - [2024-06-04T08:12:54.501+0000] {dag.py:3047} INFO - Sync 1 DAGs
[2024-06-04T08:12:54.519+0000] {logging_mixin.py:188} INFO - [2024-06-04T08:12:54.519+0000] {dag.py:3834} INFO - Setting next_dagrun for example_dag_decorator to None, run_after=None
[2024-06-04T08:12:54.544+0000] {processor.py:183} INFO - Processing /home/airflow/.local/lib/python3.8/site-packages/airflow/example_dags/example_dag_decorator.py took 0.229 seconds
[2024-06-04T08:13:24.692+0000] {processor.py:161} INFO - Started process (PID=2696) to work on /home/airflow/.local/lib/python3.8/site-packages/airflow/example_dags/example_dag_decorator.py
[2024-06-04T08:13:24.756+0000] {processor.py:830} INFO - Processing file /home/airflow/.local/lib/python3.8/site-packages/airflow/example_dags/example_dag_decorator.py for tasks to queue
[2024-06-04T08:13:24.759+0000] {logging_mixin.py:188} INFO - [2024-06-04T08:13:24.758+0000] {dagbag.py:540} INFO - Filling up the DagBag from /home/airflow/.local/lib/python3.8/site-packages/airflow/example_dags/example_dag_decorator.py
[2024-06-04T08:13:24.963+0000] {processor.py:840} INFO - DAG(s) 'example_dag_decorator' retrieved from /home/airflow/.local/lib/python3.8/site-packages/airflow/example_dags/example_dag_decorator.py
[2024-06-04T08:13:25.126+0000] {logging_mixin.py:188} INFO - [2024-06-04T08:13:25.126+0000] {dag.py:3047} INFO - Sync 1 DAGs
[2024-06-04T08:13:25.156+0000] {logging_mixin.py:188} INFO - [2024-06-04T08:13:25.155+0000] {dag.py:3834} INFO - Setting next_dagrun for example_dag_decorator to None, run_after=None
[2024-06-04T08:13:25.198+0000] {processor.py:183} INFO - Processing /home/airflow/.local/lib/python3.8/site-packages/airflow/example_dags/example_dag_decorator.py took 0.511 seconds
[2024-06-04T08:13:55.309+0000] {processor.py:161} INFO - Started process (PID=2756) to work on /home/airflow/.local/lib/python3.8/site-packages/airflow/example_dags/example_dag_decorator.py
[2024-06-04T08:13:55.310+0000] {processor.py:830} INFO - Processing file /home/airflow/.local/lib/python3.8/site-packages/airflow/example_dags/example_dag_decorator.py for tasks to queue
[2024-06-04T08:13:55.313+0000] {logging_mixin.py:188} INFO - [2024-06-04T08:13:55.313+0000] {dagbag.py:540} INFO - Filling up the DagBag from /home/airflow/.local/lib/python3.8/site-packages/airflow/example_dags/example_dag_decorator.py
[2024-06-04T08:13:55.520+0000] {processor.py:840} INFO - DAG(s) 'example_dag_decorator' retrieved from /home/airflow/.local/lib/python3.8/site-packages/airflow/example_dags/example_dag_decorator.py
[2024-06-04T08:13:55.536+0000] {logging_mixin.py:188} INFO - [2024-06-04T08:13:55.536+0000] {dag.py:3047} INFO - Sync 1 DAGs
[2024-06-04T08:13:55.554+0000] {logging_mixin.py:188} INFO - [2024-06-04T08:13:55.554+0000] {dag.py:3834} INFO - Setting next_dagrun for example_dag_decorator to None, run_after=None
[2024-06-04T08:13:55.628+0000] {processor.py:183} INFO - Processing /home/airflow/.local/lib/python3.8/site-packages/airflow/example_dags/example_dag_decorator.py took 0.324 seconds
[2024-06-04T08:14:25.987+0000] {processor.py:161} INFO - Started process (PID=2814) to work on /home/airflow/.local/lib/python3.8/site-packages/airflow/example_dags/example_dag_decorator.py
[2024-06-04T08:14:25.989+0000] {processor.py:830} INFO - Processing file /home/airflow/.local/lib/python3.8/site-packages/airflow/example_dags/example_dag_decorator.py for tasks to queue
[2024-06-04T08:14:25.991+0000] {logging_mixin.py:188} INFO - [2024-06-04T08:14:25.990+0000] {dagbag.py:540} INFO - Filling up the DagBag from /home/airflow/.local/lib/python3.8/site-packages/airflow/example_dags/example_dag_decorator.py
[2024-06-04T08:14:26.101+0000] {processor.py:840} INFO - DAG(s) 'example_dag_decorator' retrieved from /home/airflow/.local/lib/python3.8/site-packages/airflow/example_dags/example_dag_decorator.py
[2024-06-04T08:14:26.258+0000] {logging_mixin.py:188} INFO - [2024-06-04T08:14:26.257+0000] {dag.py:3047} INFO - Sync 1 DAGs
[2024-06-04T08:14:26.275+0000] {logging_mixin.py:188} INFO - [2024-06-04T08:14:26.274+0000] {dag.py:3834} INFO - Setting next_dagrun for example_dag_decorator to None, run_after=None
[2024-06-04T08:14:26.301+0000] {processor.py:183} INFO - Processing /home/airflow/.local/lib/python3.8/site-packages/airflow/example_dags/example_dag_decorator.py took 0.318 seconds
[2024-06-04T08:14:56.510+0000] {processor.py:161} INFO - Started process (PID=2873) to work on /home/airflow/.local/lib/python3.8/site-packages/airflow/example_dags/example_dag_decorator.py
[2024-06-04T08:14:56.512+0000] {processor.py:830} INFO - Processing file /home/airflow/.local/lib/python3.8/site-packages/airflow/example_dags/example_dag_decorator.py for tasks to queue
[2024-06-04T08:14:56.516+0000] {logging_mixin.py:188} INFO - [2024-06-04T08:14:56.515+0000] {dagbag.py:540} INFO - Filling up the DagBag from /home/airflow/.local/lib/python3.8/site-packages/airflow/example_dags/example_dag_decorator.py
[2024-06-04T08:14:57.004+0000] {processor.py:840} INFO - DAG(s) 'example_dag_decorator' retrieved from /home/airflow/.local/lib/python3.8/site-packages/airflow/example_dags/example_dag_decorator.py
[2024-06-04T08:14:57.428+0000] {logging_mixin.py:188} INFO - [2024-06-04T08:14:57.427+0000] {dag.py:3047} INFO - Sync 1 DAGs
[2024-06-04T08:14:57.515+0000] {logging_mixin.py:188} INFO - [2024-06-04T08:14:57.514+0000] {dag.py:3834} INFO - Setting next_dagrun for example_dag_decorator to None, run_after=None
[2024-06-04T08:14:57.611+0000] {processor.py:183} INFO - Processing /home/airflow/.local/lib/python3.8/site-packages/airflow/example_dags/example_dag_decorator.py took 1.106 seconds
[2024-06-04T08:15:46.125+0000] {processor.py:161} INFO - Started process (PID=2988) to work on /home/airflow/.local/lib/python3.8/site-packages/airflow/example_dags/example_dag_decorator.py
[2024-06-04T08:15:46.204+0000] {processor.py:830} INFO - Processing file /home/airflow/.local/lib/python3.8/site-packages/airflow/example_dags/example_dag_decorator.py for tasks to queue
[2024-06-04T08:15:46.207+0000] {logging_mixin.py:188} INFO - [2024-06-04T08:15:46.206+0000] {dagbag.py:540} INFO - Filling up the DagBag from /home/airflow/.local/lib/python3.8/site-packages/airflow/example_dags/example_dag_decorator.py
[2024-06-04T08:15:47.223+0000] {processor.py:840} INFO - DAG(s) 'example_dag_decorator' retrieved from /home/airflow/.local/lib/python3.8/site-packages/airflow/example_dags/example_dag_decorator.py
[2024-06-04T08:15:48.725+0000] {logging_mixin.py:188} INFO - [2024-06-04T08:15:48.720+0000] {dag.py:3047} INFO - Sync 1 DAGs
[2024-06-04T08:15:49.000+0000] {logging_mixin.py:188} INFO - [2024-06-04T08:15:48.931+0000] {dag.py:3834} INFO - Setting next_dagrun for example_dag_decorator to None, run_after=None
[2024-06-04T08:15:49.818+0000] {processor.py:183} INFO - Processing /home/airflow/.local/lib/python3.8/site-packages/airflow/example_dags/example_dag_decorator.py took 3.698 seconds
[2024-06-04T08:16:20.714+0000] {processor.py:161} INFO - Started process (PID=3063) to work on /home/airflow/.local/lib/python3.8/site-packages/airflow/example_dags/example_dag_decorator.py
[2024-06-04T08:16:20.723+0000] {processor.py:830} INFO - Processing file /home/airflow/.local/lib/python3.8/site-packages/airflow/example_dags/example_dag_decorator.py for tasks to queue
[2024-06-04T08:16:20.802+0000] {logging_mixin.py:188} INFO - [2024-06-04T08:16:20.801+0000] {dagbag.py:540} INFO - Filling up the DagBag from /home/airflow/.local/lib/python3.8/site-packages/airflow/example_dags/example_dag_decorator.py
[2024-06-04T08:16:21.707+0000] {processor.py:840} INFO - DAG(s) 'example_dag_decorator' retrieved from /home/airflow/.local/lib/python3.8/site-packages/airflow/example_dags/example_dag_decorator.py
[2024-06-04T08:16:22.529+0000] {logging_mixin.py:188} INFO - [2024-06-04T08:16:22.528+0000] {dag.py:3047} INFO - Sync 1 DAGs
[2024-06-04T08:16:22.616+0000] {logging_mixin.py:188} INFO - [2024-06-04T08:16:22.615+0000] {dag.py:3834} INFO - Setting next_dagrun for example_dag_decorator to None, run_after=None
[2024-06-04T08:16:22.722+0000] {processor.py:183} INFO - Processing /home/airflow/.local/lib/python3.8/site-packages/airflow/example_dags/example_dag_decorator.py took 2.017 seconds
[2024-06-04T08:16:53.206+0000] {processor.py:161} INFO - Started process (PID=3158) to work on /home/airflow/.local/lib/python3.8/site-packages/airflow/example_dags/example_dag_decorator.py
[2024-06-04T08:16:53.211+0000] {processor.py:830} INFO - Processing file /home/airflow/.local/lib/python3.8/site-packages/airflow/example_dags/example_dag_decorator.py for tasks to queue
[2024-06-04T08:16:53.214+0000] {logging_mixin.py:188} INFO - [2024-06-04T08:16:53.214+0000] {dagbag.py:540} INFO - Filling up the DagBag from /home/airflow/.local/lib/python3.8/site-packages/airflow/example_dags/example_dag_decorator.py
[2024-06-04T08:16:53.920+0000] {processor.py:840} INFO - DAG(s) 'example_dag_decorator' retrieved from /home/airflow/.local/lib/python3.8/site-packages/airflow/example_dags/example_dag_decorator.py
[2024-06-04T08:16:54.919+0000] {logging_mixin.py:188} INFO - [2024-06-04T08:16:54.919+0000] {dag.py:3047} INFO - Sync 1 DAGs
[2024-06-04T08:16:55.105+0000] {logging_mixin.py:188} INFO - [2024-06-04T08:16:55.105+0000] {dag.py:3834} INFO - Setting next_dagrun for example_dag_decorator to None, run_after=None
[2024-06-04T08:16:55.313+0000] {processor.py:183} INFO - Processing /home/airflow/.local/lib/python3.8/site-packages/airflow/example_dags/example_dag_decorator.py took 2.112 seconds
[2024-06-04T08:17:26.010+0000] {processor.py:161} INFO - Started process (PID=3233) to work on /home/airflow/.local/lib/python3.8/site-packages/airflow/example_dags/example_dag_decorator.py
[2024-06-04T08:17:26.015+0000] {processor.py:830} INFO - Processing file /home/airflow/.local/lib/python3.8/site-packages/airflow/example_dags/example_dag_decorator.py for tasks to queue
[2024-06-04T08:17:26.017+0000] {logging_mixin.py:188} INFO - [2024-06-04T08:17:26.017+0000] {dagbag.py:540} INFO - Filling up the DagBag from /home/airflow/.local/lib/python3.8/site-packages/airflow/example_dags/example_dag_decorator.py
[2024-06-04T08:17:26.504+0000] {processor.py:840} INFO - DAG(s) 'example_dag_decorator' retrieved from /home/airflow/.local/lib/python3.8/site-packages/airflow/example_dags/example_dag_decorator.py
[2024-06-04T08:17:27.213+0000] {logging_mixin.py:188} INFO - [2024-06-04T08:17:27.212+0000] {dag.py:3047} INFO - Sync 1 DAGs
[2024-06-04T08:17:27.231+0000] {logging_mixin.py:188} INFO - [2024-06-04T08:17:27.230+0000] {dag.py:3834} INFO - Setting next_dagrun for example_dag_decorator to None, run_after=None
[2024-06-04T08:17:27.324+0000] {processor.py:183} INFO - Processing /home/airflow/.local/lib/python3.8/site-packages/airflow/example_dags/example_dag_decorator.py took 1.319 seconds
