[2024-06-04T07:51:23.929+0000] {processor.py:161} INFO - Started process (PID=175) to work on /home/airflow/.local/lib/python3.8/site-packages/airflow/example_dags/example_latest_only_with_trigger.py
[2024-06-04T07:51:23.931+0000] {processor.py:830} INFO - Processing file /home/airflow/.local/lib/python3.8/site-packages/airflow/example_dags/example_latest_only_with_trigger.py for tasks to queue
[2024-06-04T07:51:23.932+0000] {logging_mixin.py:188} INFO - [2024-06-04T07:51:23.932+0000] {dagbag.py:540} INFO - Filling up the DagBag from /home/airflow/.local/lib/python3.8/site-packages/airflow/example_dags/example_latest_only_with_trigger.py
[2024-06-04T07:51:23.943+0000] {processor.py:840} INFO - DAG(s) 'latest_only_with_trigger' retrieved from /home/airflow/.local/lib/python3.8/site-packages/airflow/example_dags/example_latest_only_with_trigger.py
[2024-06-04T07:51:24.143+0000] {logging_mixin.py:188} INFO - [2024-06-04T07:51:24.142+0000] {dag.py:3047} INFO - Sync 1 DAGs
[2024-06-04T07:51:24.162+0000] {logging_mixin.py:188} INFO - [2024-06-04T07:51:24.161+0000] {dag.py:3834} INFO - Setting next_dagrun for latest_only_with_trigger to 2024-06-04 00:00:00+00:00, run_after=2024-06-04 04:00:00+00:00
[2024-06-04T07:51:24.222+0000] {processor.py:183} INFO - Processing /home/airflow/.local/lib/python3.8/site-packages/airflow/example_dags/example_latest_only_with_trigger.py took 0.297 seconds
[2024-06-04T07:51:54.884+0000] {processor.py:161} INFO - Started process (PID=233) to work on /home/airflow/.local/lib/python3.8/site-packages/airflow/example_dags/example_latest_only_with_trigger.py
[2024-06-04T07:51:54.886+0000] {processor.py:830} INFO - Processing file /home/airflow/.local/lib/python3.8/site-packages/airflow/example_dags/example_latest_only_with_trigger.py for tasks to queue
[2024-06-04T07:51:54.887+0000] {logging_mixin.py:188} INFO - [2024-06-04T07:51:54.887+0000] {dagbag.py:540} INFO - Filling up the DagBag from /home/airflow/.local/lib/python3.8/site-packages/airflow/example_dags/example_latest_only_with_trigger.py
[2024-06-04T07:51:54.893+0000] {processor.py:840} INFO - DAG(s) 'latest_only_with_trigger' retrieved from /home/airflow/.local/lib/python3.8/site-packages/airflow/example_dags/example_latest_only_with_trigger.py
[2024-06-04T07:51:54.922+0000] {logging_mixin.py:188} INFO - [2024-06-04T07:51:54.921+0000] {dag.py:3047} INFO - Sync 1 DAGs
[2024-06-04T07:51:54.948+0000] {logging_mixin.py:188} INFO - [2024-06-04T07:51:54.947+0000] {dag.py:3834} INFO - Setting next_dagrun for latest_only_with_trigger to 2024-06-04 00:00:00+00:00, run_after=2024-06-04 04:00:00+00:00
[2024-06-04T07:51:54.964+0000] {processor.py:183} INFO - Processing /home/airflow/.local/lib/python3.8/site-packages/airflow/example_dags/example_latest_only_with_trigger.py took 0.083 seconds
[2024-06-04T07:52:25.317+0000] {processor.py:161} INFO - Started process (PID=291) to work on /home/airflow/.local/lib/python3.8/site-packages/airflow/example_dags/example_latest_only_with_trigger.py
[2024-06-04T07:52:25.319+0000] {processor.py:830} INFO - Processing file /home/airflow/.local/lib/python3.8/site-packages/airflow/example_dags/example_latest_only_with_trigger.py for tasks to queue
[2024-06-04T07:52:25.321+0000] {logging_mixin.py:188} INFO - [2024-06-04T07:52:25.320+0000] {dagbag.py:540} INFO - Filling up the DagBag from /home/airflow/.local/lib/python3.8/site-packages/airflow/example_dags/example_latest_only_with_trigger.py
[2024-06-04T07:52:25.327+0000] {processor.py:840} INFO - DAG(s) 'latest_only_with_trigger' retrieved from /home/airflow/.local/lib/python3.8/site-packages/airflow/example_dags/example_latest_only_with_trigger.py
[2024-06-04T07:52:25.352+0000] {logging_mixin.py:188} INFO - [2024-06-04T07:52:25.351+0000] {dag.py:3047} INFO - Sync 1 DAGs
[2024-06-04T07:52:25.379+0000] {logging_mixin.py:188} INFO - [2024-06-04T07:52:25.378+0000] {dag.py:3834} INFO - Setting next_dagrun for latest_only_with_trigger to 2024-06-04 00:00:00+00:00, run_after=2024-06-04 04:00:00+00:00
[2024-06-04T07:52:25.402+0000] {processor.py:183} INFO - Processing /home/airflow/.local/lib/python3.8/site-packages/airflow/example_dags/example_latest_only_with_trigger.py took 0.088 seconds
[2024-06-04T07:52:55.541+0000] {processor.py:161} INFO - Started process (PID=349) to work on /home/airflow/.local/lib/python3.8/site-packages/airflow/example_dags/example_latest_only_with_trigger.py
[2024-06-04T07:52:55.542+0000] {processor.py:830} INFO - Processing file /home/airflow/.local/lib/python3.8/site-packages/airflow/example_dags/example_latest_only_with_trigger.py for tasks to queue
[2024-06-04T07:52:55.544+0000] {logging_mixin.py:188} INFO - [2024-06-04T07:52:55.544+0000] {dagbag.py:540} INFO - Filling up the DagBag from /home/airflow/.local/lib/python3.8/site-packages/airflow/example_dags/example_latest_only_with_trigger.py
[2024-06-04T07:52:55.551+0000] {processor.py:840} INFO - DAG(s) 'latest_only_with_trigger' retrieved from /home/airflow/.local/lib/python3.8/site-packages/airflow/example_dags/example_latest_only_with_trigger.py
[2024-06-04T07:52:55.574+0000] {logging_mixin.py:188} INFO - [2024-06-04T07:52:55.573+0000] {dag.py:3047} INFO - Sync 1 DAGs
[2024-06-04T07:52:55.595+0000] {logging_mixin.py:188} INFO - [2024-06-04T07:52:55.595+0000] {dag.py:3834} INFO - Setting next_dagrun for latest_only_with_trigger to 2024-06-04 00:00:00+00:00, run_after=2024-06-04 04:00:00+00:00
[2024-06-04T07:52:55.617+0000] {processor.py:183} INFO - Processing /home/airflow/.local/lib/python3.8/site-packages/airflow/example_dags/example_latest_only_with_trigger.py took 0.080 seconds
[2024-06-04T07:53:25.801+0000] {processor.py:161} INFO - Started process (PID=407) to work on /home/airflow/.local/lib/python3.8/site-packages/airflow/example_dags/example_latest_only_with_trigger.py
[2024-06-04T07:53:25.802+0000] {processor.py:830} INFO - Processing file /home/airflow/.local/lib/python3.8/site-packages/airflow/example_dags/example_latest_only_with_trigger.py for tasks to queue
[2024-06-04T07:53:25.805+0000] {logging_mixin.py:188} INFO - [2024-06-04T07:53:25.804+0000] {dagbag.py:540} INFO - Filling up the DagBag from /home/airflow/.local/lib/python3.8/site-packages/airflow/example_dags/example_latest_only_with_trigger.py
[2024-06-04T07:53:25.812+0000] {processor.py:840} INFO - DAG(s) 'latest_only_with_trigger' retrieved from /home/airflow/.local/lib/python3.8/site-packages/airflow/example_dags/example_latest_only_with_trigger.py
[2024-06-04T07:53:25.841+0000] {logging_mixin.py:188} INFO - [2024-06-04T07:53:25.841+0000] {dag.py:3047} INFO - Sync 1 DAGs
[2024-06-04T07:53:25.869+0000] {logging_mixin.py:188} INFO - [2024-06-04T07:53:25.869+0000] {dag.py:3834} INFO - Setting next_dagrun for latest_only_with_trigger to 2024-06-04 00:00:00+00:00, run_after=2024-06-04 04:00:00+00:00
[2024-06-04T07:53:25.892+0000] {processor.py:183} INFO - Processing /home/airflow/.local/lib/python3.8/site-packages/airflow/example_dags/example_latest_only_with_trigger.py took 0.095 seconds
[2024-06-04T07:53:56.250+0000] {processor.py:161} INFO - Started process (PID=465) to work on /home/airflow/.local/lib/python3.8/site-packages/airflow/example_dags/example_latest_only_with_trigger.py
[2024-06-04T07:53:56.301+0000] {processor.py:830} INFO - Processing file /home/airflow/.local/lib/python3.8/site-packages/airflow/example_dags/example_latest_only_with_trigger.py for tasks to queue
[2024-06-04T07:53:56.303+0000] {logging_mixin.py:188} INFO - [2024-06-04T07:53:56.303+0000] {dagbag.py:540} INFO - Filling up the DagBag from /home/airflow/.local/lib/python3.8/site-packages/airflow/example_dags/example_latest_only_with_trigger.py
[2024-06-04T07:53:56.311+0000] {processor.py:840} INFO - DAG(s) 'latest_only_with_trigger' retrieved from /home/airflow/.local/lib/python3.8/site-packages/airflow/example_dags/example_latest_only_with_trigger.py
[2024-06-04T07:53:56.339+0000] {logging_mixin.py:188} INFO - [2024-06-04T07:53:56.339+0000] {dag.py:3047} INFO - Sync 1 DAGs
[2024-06-04T07:53:56.404+0000] {logging_mixin.py:188} INFO - [2024-06-04T07:53:56.403+0000] {dag.py:3834} INFO - Setting next_dagrun for latest_only_with_trigger to 2024-06-04 00:00:00+00:00, run_after=2024-06-04 04:00:00+00:00
[2024-06-04T07:53:56.427+0000] {processor.py:183} INFO - Processing /home/airflow/.local/lib/python3.8/site-packages/airflow/example_dags/example_latest_only_with_trigger.py took 0.181 seconds
[2024-06-04T07:54:26.522+0000] {processor.py:161} INFO - Started process (PID=523) to work on /home/airflow/.local/lib/python3.8/site-packages/airflow/example_dags/example_latest_only_with_trigger.py
[2024-06-04T07:54:26.523+0000] {processor.py:830} INFO - Processing file /home/airflow/.local/lib/python3.8/site-packages/airflow/example_dags/example_latest_only_with_trigger.py for tasks to queue
[2024-06-04T07:54:26.525+0000] {logging_mixin.py:188} INFO - [2024-06-04T07:54:26.525+0000] {dagbag.py:540} INFO - Filling up the DagBag from /home/airflow/.local/lib/python3.8/site-packages/airflow/example_dags/example_latest_only_with_trigger.py
[2024-06-04T07:54:26.531+0000] {processor.py:840} INFO - DAG(s) 'latest_only_with_trigger' retrieved from /home/airflow/.local/lib/python3.8/site-packages/airflow/example_dags/example_latest_only_with_trigger.py
[2024-06-04T07:54:26.557+0000] {logging_mixin.py:188} INFO - [2024-06-04T07:54:26.556+0000] {dag.py:3047} INFO - Sync 1 DAGs
[2024-06-04T07:54:26.580+0000] {logging_mixin.py:188} INFO - [2024-06-04T07:54:26.580+0000] {dag.py:3834} INFO - Setting next_dagrun for latest_only_with_trigger to 2024-06-04 00:00:00+00:00, run_after=2024-06-04 04:00:00+00:00
[2024-06-04T07:54:26.599+0000] {processor.py:183} INFO - Processing /home/airflow/.local/lib/python3.8/site-packages/airflow/example_dags/example_latest_only_with_trigger.py took 0.082 seconds
[2024-06-04T07:54:57.047+0000] {processor.py:161} INFO - Started process (PID=581) to work on /home/airflow/.local/lib/python3.8/site-packages/airflow/example_dags/example_latest_only_with_trigger.py
[2024-06-04T07:54:57.048+0000] {processor.py:830} INFO - Processing file /home/airflow/.local/lib/python3.8/site-packages/airflow/example_dags/example_latest_only_with_trigger.py for tasks to queue
[2024-06-04T07:54:57.051+0000] {logging_mixin.py:188} INFO - [2024-06-04T07:54:57.050+0000] {dagbag.py:540} INFO - Filling up the DagBag from /home/airflow/.local/lib/python3.8/site-packages/airflow/example_dags/example_latest_only_with_trigger.py
[2024-06-04T07:54:57.057+0000] {processor.py:840} INFO - DAG(s) 'latest_only_with_trigger' retrieved from /home/airflow/.local/lib/python3.8/site-packages/airflow/example_dags/example_latest_only_with_trigger.py
[2024-06-04T07:54:57.080+0000] {logging_mixin.py:188} INFO - [2024-06-04T07:54:57.080+0000] {dag.py:3047} INFO - Sync 1 DAGs
[2024-06-04T07:54:57.108+0000] {logging_mixin.py:188} INFO - [2024-06-04T07:54:57.108+0000] {dag.py:3834} INFO - Setting next_dagrun for latest_only_with_trigger to 2024-06-04 00:00:00+00:00, run_after=2024-06-04 04:00:00+00:00
[2024-06-04T07:54:57.130+0000] {processor.py:183} INFO - Processing /home/airflow/.local/lib/python3.8/site-packages/airflow/example_dags/example_latest_only_with_trigger.py took 0.087 seconds
[2024-06-04T07:55:27.323+0000] {processor.py:161} INFO - Started process (PID=639) to work on /home/airflow/.local/lib/python3.8/site-packages/airflow/example_dags/example_latest_only_with_trigger.py
[2024-06-04T07:55:27.325+0000] {processor.py:830} INFO - Processing file /home/airflow/.local/lib/python3.8/site-packages/airflow/example_dags/example_latest_only_with_trigger.py for tasks to queue
[2024-06-04T07:55:27.327+0000] {logging_mixin.py:188} INFO - [2024-06-04T07:55:27.326+0000] {dagbag.py:540} INFO - Filling up the DagBag from /home/airflow/.local/lib/python3.8/site-packages/airflow/example_dags/example_latest_only_with_trigger.py
[2024-06-04T07:55:27.334+0000] {processor.py:840} INFO - DAG(s) 'latest_only_with_trigger' retrieved from /home/airflow/.local/lib/python3.8/site-packages/airflow/example_dags/example_latest_only_with_trigger.py
[2024-06-04T07:55:27.359+0000] {logging_mixin.py:188} INFO - [2024-06-04T07:55:27.359+0000] {dag.py:3047} INFO - Sync 1 DAGs
[2024-06-04T07:55:27.381+0000] {logging_mixin.py:188} INFO - [2024-06-04T07:55:27.380+0000] {dag.py:3834} INFO - Setting next_dagrun for latest_only_with_trigger to 2024-06-04 00:00:00+00:00, run_after=2024-06-04 04:00:00+00:00
[2024-06-04T07:55:27.399+0000] {processor.py:183} INFO - Processing /home/airflow/.local/lib/python3.8/site-packages/airflow/example_dags/example_latest_only_with_trigger.py took 0.080 seconds
[2024-06-04T07:55:58.013+0000] {processor.py:161} INFO - Started process (PID=697) to work on /home/airflow/.local/lib/python3.8/site-packages/airflow/example_dags/example_latest_only_with_trigger.py
[2024-06-04T07:55:58.014+0000] {processor.py:830} INFO - Processing file /home/airflow/.local/lib/python3.8/site-packages/airflow/example_dags/example_latest_only_with_trigger.py for tasks to queue
[2024-06-04T07:55:58.016+0000] {logging_mixin.py:188} INFO - [2024-06-04T07:55:58.015+0000] {dagbag.py:540} INFO - Filling up the DagBag from /home/airflow/.local/lib/python3.8/site-packages/airflow/example_dags/example_latest_only_with_trigger.py
[2024-06-04T07:55:58.022+0000] {processor.py:840} INFO - DAG(s) 'latest_only_with_trigger' retrieved from /home/airflow/.local/lib/python3.8/site-packages/airflow/example_dags/example_latest_only_with_trigger.py
[2024-06-04T07:55:58.047+0000] {logging_mixin.py:188} INFO - [2024-06-04T07:55:58.047+0000] {dag.py:3047} INFO - Sync 1 DAGs
[2024-06-04T07:55:58.069+0000] {logging_mixin.py:188} INFO - [2024-06-04T07:55:58.069+0000] {dag.py:3834} INFO - Setting next_dagrun for latest_only_with_trigger to 2024-06-04 00:00:00+00:00, run_after=2024-06-04 04:00:00+00:00
[2024-06-04T07:55:58.087+0000] {processor.py:183} INFO - Processing /home/airflow/.local/lib/python3.8/site-packages/airflow/example_dags/example_latest_only_with_trigger.py took 0.078 seconds
[2024-06-04T07:56:28.741+0000] {processor.py:161} INFO - Started process (PID=755) to work on /home/airflow/.local/lib/python3.8/site-packages/airflow/example_dags/example_latest_only_with_trigger.py
[2024-06-04T07:56:28.742+0000] {processor.py:830} INFO - Processing file /home/airflow/.local/lib/python3.8/site-packages/airflow/example_dags/example_latest_only_with_trigger.py for tasks to queue
[2024-06-04T07:56:28.744+0000] {logging_mixin.py:188} INFO - [2024-06-04T07:56:28.743+0000] {dagbag.py:540} INFO - Filling up the DagBag from /home/airflow/.local/lib/python3.8/site-packages/airflow/example_dags/example_latest_only_with_trigger.py
[2024-06-04T07:56:28.750+0000] {processor.py:840} INFO - DAG(s) 'latest_only_with_trigger' retrieved from /home/airflow/.local/lib/python3.8/site-packages/airflow/example_dags/example_latest_only_with_trigger.py
[2024-06-04T07:56:28.773+0000] {logging_mixin.py:188} INFO - [2024-06-04T07:56:28.773+0000] {dag.py:3047} INFO - Sync 1 DAGs
[2024-06-04T07:56:28.794+0000] {logging_mixin.py:188} INFO - [2024-06-04T07:56:28.794+0000] {dag.py:3834} INFO - Setting next_dagrun for latest_only_with_trigger to 2024-06-04 00:00:00+00:00, run_after=2024-06-04 04:00:00+00:00
[2024-06-04T07:56:28.814+0000] {processor.py:183} INFO - Processing /home/airflow/.local/lib/python3.8/site-packages/airflow/example_dags/example_latest_only_with_trigger.py took 0.077 seconds
[2024-06-04T07:56:59.261+0000] {processor.py:161} INFO - Started process (PID=813) to work on /home/airflow/.local/lib/python3.8/site-packages/airflow/example_dags/example_latest_only_with_trigger.py
[2024-06-04T07:56:59.262+0000] {processor.py:830} INFO - Processing file /home/airflow/.local/lib/python3.8/site-packages/airflow/example_dags/example_latest_only_with_trigger.py for tasks to queue
[2024-06-04T07:56:59.264+0000] {logging_mixin.py:188} INFO - [2024-06-04T07:56:59.263+0000] {dagbag.py:540} INFO - Filling up the DagBag from /home/airflow/.local/lib/python3.8/site-packages/airflow/example_dags/example_latest_only_with_trigger.py
[2024-06-04T07:56:59.269+0000] {processor.py:840} INFO - DAG(s) 'latest_only_with_trigger' retrieved from /home/airflow/.local/lib/python3.8/site-packages/airflow/example_dags/example_latest_only_with_trigger.py
[2024-06-04T07:56:59.294+0000] {logging_mixin.py:188} INFO - [2024-06-04T07:56:59.294+0000] {dag.py:3047} INFO - Sync 1 DAGs
[2024-06-04T07:56:59.318+0000] {logging_mixin.py:188} INFO - [2024-06-04T07:56:59.317+0000] {dag.py:3834} INFO - Setting next_dagrun for latest_only_with_trigger to 2024-06-04 00:00:00+00:00, run_after=2024-06-04 04:00:00+00:00
[2024-06-04T07:56:59.337+0000] {processor.py:183} INFO - Processing /home/airflow/.local/lib/python3.8/site-packages/airflow/example_dags/example_latest_only_with_trigger.py took 0.081 seconds
[2024-06-04T07:57:29.802+0000] {processor.py:161} INFO - Started process (PID=871) to work on /home/airflow/.local/lib/python3.8/site-packages/airflow/example_dags/example_latest_only_with_trigger.py
[2024-06-04T07:57:29.804+0000] {processor.py:830} INFO - Processing file /home/airflow/.local/lib/python3.8/site-packages/airflow/example_dags/example_latest_only_with_trigger.py for tasks to queue
[2024-06-04T07:57:29.806+0000] {logging_mixin.py:188} INFO - [2024-06-04T07:57:29.805+0000] {dagbag.py:540} INFO - Filling up the DagBag from /home/airflow/.local/lib/python3.8/site-packages/airflow/example_dags/example_latest_only_with_trigger.py
[2024-06-04T07:57:29.811+0000] {processor.py:840} INFO - DAG(s) 'latest_only_with_trigger' retrieved from /home/airflow/.local/lib/python3.8/site-packages/airflow/example_dags/example_latest_only_with_trigger.py
[2024-06-04T07:57:29.836+0000] {logging_mixin.py:188} INFO - [2024-06-04T07:57:29.836+0000] {dag.py:3047} INFO - Sync 1 DAGs
[2024-06-04T07:57:29.860+0000] {logging_mixin.py:188} INFO - [2024-06-04T07:57:29.859+0000] {dag.py:3834} INFO - Setting next_dagrun for latest_only_with_trigger to 2024-06-04 00:00:00+00:00, run_after=2024-06-04 04:00:00+00:00
[2024-06-04T07:57:29.878+0000] {processor.py:183} INFO - Processing /home/airflow/.local/lib/python3.8/site-packages/airflow/example_dags/example_latest_only_with_trigger.py took 0.080 seconds
[2024-06-04T07:58:00.289+0000] {processor.py:161} INFO - Started process (PID=929) to work on /home/airflow/.local/lib/python3.8/site-packages/airflow/example_dags/example_latest_only_with_trigger.py
[2024-06-04T07:58:00.290+0000] {processor.py:830} INFO - Processing file /home/airflow/.local/lib/python3.8/site-packages/airflow/example_dags/example_latest_only_with_trigger.py for tasks to queue
[2024-06-04T07:58:00.291+0000] {logging_mixin.py:188} INFO - [2024-06-04T07:58:00.291+0000] {dagbag.py:540} INFO - Filling up the DagBag from /home/airflow/.local/lib/python3.8/site-packages/airflow/example_dags/example_latest_only_with_trigger.py
[2024-06-04T07:58:00.297+0000] {processor.py:840} INFO - DAG(s) 'latest_only_with_trigger' retrieved from /home/airflow/.local/lib/python3.8/site-packages/airflow/example_dags/example_latest_only_with_trigger.py
[2024-06-04T07:58:00.325+0000] {logging_mixin.py:188} INFO - [2024-06-04T07:58:00.325+0000] {dag.py:3047} INFO - Sync 1 DAGs
[2024-06-04T07:58:00.351+0000] {logging_mixin.py:188} INFO - [2024-06-04T07:58:00.351+0000] {dag.py:3834} INFO - Setting next_dagrun for latest_only_with_trigger to 2024-06-04 00:00:00+00:00, run_after=2024-06-04 04:00:00+00:00
[2024-06-04T07:58:00.375+0000] {processor.py:183} INFO - Processing /home/airflow/.local/lib/python3.8/site-packages/airflow/example_dags/example_latest_only_with_trigger.py took 0.091 seconds
[2024-06-04T07:58:30.754+0000] {processor.py:161} INFO - Started process (PID=987) to work on /home/airflow/.local/lib/python3.8/site-packages/airflow/example_dags/example_latest_only_with_trigger.py
[2024-06-04T07:58:30.755+0000] {processor.py:830} INFO - Processing file /home/airflow/.local/lib/python3.8/site-packages/airflow/example_dags/example_latest_only_with_trigger.py for tasks to queue
[2024-06-04T07:58:30.757+0000] {logging_mixin.py:188} INFO - [2024-06-04T07:58:30.757+0000] {dagbag.py:540} INFO - Filling up the DagBag from /home/airflow/.local/lib/python3.8/site-packages/airflow/example_dags/example_latest_only_with_trigger.py
[2024-06-04T07:58:30.763+0000] {processor.py:840} INFO - DAG(s) 'latest_only_with_trigger' retrieved from /home/airflow/.local/lib/python3.8/site-packages/airflow/example_dags/example_latest_only_with_trigger.py
[2024-06-04T07:58:30.789+0000] {logging_mixin.py:188} INFO - [2024-06-04T07:58:30.788+0000] {dag.py:3047} INFO - Sync 1 DAGs
[2024-06-04T07:58:30.814+0000] {logging_mixin.py:188} INFO - [2024-06-04T07:58:30.813+0000] {dag.py:3834} INFO - Setting next_dagrun for latest_only_with_trigger to 2024-06-04 00:00:00+00:00, run_after=2024-06-04 04:00:00+00:00
[2024-06-04T07:58:30.833+0000] {processor.py:183} INFO - Processing /home/airflow/.local/lib/python3.8/site-packages/airflow/example_dags/example_latest_only_with_trigger.py took 0.083 seconds
[2024-06-04T07:59:01.653+0000] {processor.py:161} INFO - Started process (PID=1045) to work on /home/airflow/.local/lib/python3.8/site-packages/airflow/example_dags/example_latest_only_with_trigger.py
[2024-06-04T07:59:01.654+0000] {processor.py:830} INFO - Processing file /home/airflow/.local/lib/python3.8/site-packages/airflow/example_dags/example_latest_only_with_trigger.py for tasks to queue
[2024-06-04T07:59:01.656+0000] {logging_mixin.py:188} INFO - [2024-06-04T07:59:01.656+0000] {dagbag.py:540} INFO - Filling up the DagBag from /home/airflow/.local/lib/python3.8/site-packages/airflow/example_dags/example_latest_only_with_trigger.py
[2024-06-04T07:59:01.662+0000] {processor.py:840} INFO - DAG(s) 'latest_only_with_trigger' retrieved from /home/airflow/.local/lib/python3.8/site-packages/airflow/example_dags/example_latest_only_with_trigger.py
[2024-06-04T07:59:01.702+0000] {logging_mixin.py:188} INFO - [2024-06-04T07:59:01.702+0000] {dag.py:3047} INFO - Sync 1 DAGs
[2024-06-04T07:59:01.731+0000] {logging_mixin.py:188} INFO - [2024-06-04T07:59:01.731+0000] {dag.py:3834} INFO - Setting next_dagrun for latest_only_with_trigger to 2024-06-04 00:00:00+00:00, run_after=2024-06-04 04:00:00+00:00
[2024-06-04T07:59:01.755+0000] {processor.py:183} INFO - Processing /home/airflow/.local/lib/python3.8/site-packages/airflow/example_dags/example_latest_only_with_trigger.py took 0.105 seconds
