[2024-06-04T07:51:19.936+0000] {processor.py:161} INFO - Started process (PID=164) to work on /home/airflow/.local/lib/python3.8/site-packages/airflow/example_dags/example_branch_operator.py
[2024-06-04T07:51:19.937+0000] {processor.py:830} INFO - Processing file /home/airflow/.local/lib/python3.8/site-packages/airflow/example_dags/example_branch_operator.py for tasks to queue
[2024-06-04T07:51:19.939+0000] {logging_mixin.py:188} INFO - [2024-06-04T07:51:19.939+0000] {dagbag.py:540} INFO - Filling up the DagBag from /home/airflow/.local/lib/python3.8/site-packages/airflow/example_dags/example_branch_operator.py
[2024-06-04T07:51:20.023+0000] {processor.py:840} INFO - DAG(s) 'example_branch_operator' retrieved from /home/airflow/.local/lib/python3.8/site-packages/airflow/example_dags/example_branch_operator.py
[2024-06-04T07:51:20.344+0000] {logging_mixin.py:188} INFO - [2024-06-04T07:51:20.343+0000] {dag.py:3047} INFO - Sync 1 DAGs
[2024-06-04T07:51:20.423+0000] {logging_mixin.py:188} INFO - [2024-06-04T07:51:20.423+0000] {dag.py:3834} INFO - Setting next_dagrun for example_branch_operator to 2024-06-03 00:00:00+00:00, run_after=2024-06-04 00:00:00+00:00
[2024-06-04T07:51:20.505+0000] {processor.py:183} INFO - Processing /home/airflow/.local/lib/python3.8/site-packages/airflow/example_dags/example_branch_operator.py took 0.573 seconds
[2024-06-04T07:51:51.194+0000] {processor.py:161} INFO - Started process (PID=222) to work on /home/airflow/.local/lib/python3.8/site-packages/airflow/example_dags/example_branch_operator.py
[2024-06-04T07:51:51.195+0000] {processor.py:830} INFO - Processing file /home/airflow/.local/lib/python3.8/site-packages/airflow/example_dags/example_branch_operator.py for tasks to queue
[2024-06-04T07:51:51.197+0000] {logging_mixin.py:188} INFO - [2024-06-04T07:51:51.196+0000] {dagbag.py:540} INFO - Filling up the DagBag from /home/airflow/.local/lib/python3.8/site-packages/airflow/example_dags/example_branch_operator.py
[2024-06-04T07:51:51.219+0000] {processor.py:840} INFO - DAG(s) 'example_branch_operator' retrieved from /home/airflow/.local/lib/python3.8/site-packages/airflow/example_dags/example_branch_operator.py
[2024-06-04T07:51:51.250+0000] {logging_mixin.py:188} INFO - [2024-06-04T07:51:51.249+0000] {dag.py:3047} INFO - Sync 1 DAGs
[2024-06-04T07:51:51.273+0000] {logging_mixin.py:188} INFO - [2024-06-04T07:51:51.273+0000] {dag.py:3834} INFO - Setting next_dagrun for example_branch_operator to 2024-06-03 00:00:00+00:00, run_after=2024-06-04 00:00:00+00:00
[2024-06-04T07:51:51.291+0000] {processor.py:183} INFO - Processing /home/airflow/.local/lib/python3.8/site-packages/airflow/example_dags/example_branch_operator.py took 0.102 seconds
[2024-06-04T07:52:21.619+0000] {processor.py:161} INFO - Started process (PID=280) to work on /home/airflow/.local/lib/python3.8/site-packages/airflow/example_dags/example_branch_operator.py
[2024-06-04T07:52:21.620+0000] {processor.py:830} INFO - Processing file /home/airflow/.local/lib/python3.8/site-packages/airflow/example_dags/example_branch_operator.py for tasks to queue
[2024-06-04T07:52:21.623+0000] {logging_mixin.py:188} INFO - [2024-06-04T07:52:21.622+0000] {dagbag.py:540} INFO - Filling up the DagBag from /home/airflow/.local/lib/python3.8/site-packages/airflow/example_dags/example_branch_operator.py
[2024-06-04T07:52:21.642+0000] {processor.py:840} INFO - DAG(s) 'example_branch_operator' retrieved from /home/airflow/.local/lib/python3.8/site-packages/airflow/example_dags/example_branch_operator.py
[2024-06-04T07:52:21.674+0000] {logging_mixin.py:188} INFO - [2024-06-04T07:52:21.674+0000] {dag.py:3047} INFO - Sync 1 DAGs
[2024-06-04T07:52:21.699+0000] {logging_mixin.py:188} INFO - [2024-06-04T07:52:21.698+0000] {dag.py:3834} INFO - Setting next_dagrun for example_branch_operator to 2024-06-03 00:00:00+00:00, run_after=2024-06-04 00:00:00+00:00
[2024-06-04T07:52:21.723+0000] {processor.py:183} INFO - Processing /home/airflow/.local/lib/python3.8/site-packages/airflow/example_dags/example_branch_operator.py took 0.108 seconds
[2024-06-04T07:52:51.852+0000] {processor.py:161} INFO - Started process (PID=338) to work on /home/airflow/.local/lib/python3.8/site-packages/airflow/example_dags/example_branch_operator.py
[2024-06-04T07:52:51.853+0000] {processor.py:830} INFO - Processing file /home/airflow/.local/lib/python3.8/site-packages/airflow/example_dags/example_branch_operator.py for tasks to queue
[2024-06-04T07:52:51.855+0000] {logging_mixin.py:188} INFO - [2024-06-04T07:52:51.854+0000] {dagbag.py:540} INFO - Filling up the DagBag from /home/airflow/.local/lib/python3.8/site-packages/airflow/example_dags/example_branch_operator.py
[2024-06-04T07:52:51.874+0000] {processor.py:840} INFO - DAG(s) 'example_branch_operator' retrieved from /home/airflow/.local/lib/python3.8/site-packages/airflow/example_dags/example_branch_operator.py
[2024-06-04T07:52:51.917+0000] {logging_mixin.py:188} INFO - [2024-06-04T07:52:51.917+0000] {dag.py:3047} INFO - Sync 1 DAGs
[2024-06-04T07:52:51.947+0000] {logging_mixin.py:188} INFO - [2024-06-04T07:52:51.946+0000] {dag.py:3834} INFO - Setting next_dagrun for example_branch_operator to 2024-06-03 00:00:00+00:00, run_after=2024-06-04 00:00:00+00:00
[2024-06-04T07:52:52.002+0000] {processor.py:183} INFO - Processing /home/airflow/.local/lib/python3.8/site-packages/airflow/example_dags/example_branch_operator.py took 0.154 seconds
[2024-06-04T07:53:22.120+0000] {processor.py:161} INFO - Started process (PID=396) to work on /home/airflow/.local/lib/python3.8/site-packages/airflow/example_dags/example_branch_operator.py
[2024-06-04T07:53:22.121+0000] {processor.py:830} INFO - Processing file /home/airflow/.local/lib/python3.8/site-packages/airflow/example_dags/example_branch_operator.py for tasks to queue
[2024-06-04T07:53:22.124+0000] {logging_mixin.py:188} INFO - [2024-06-04T07:53:22.123+0000] {dagbag.py:540} INFO - Filling up the DagBag from /home/airflow/.local/lib/python3.8/site-packages/airflow/example_dags/example_branch_operator.py
[2024-06-04T07:53:22.144+0000] {processor.py:840} INFO - DAG(s) 'example_branch_operator' retrieved from /home/airflow/.local/lib/python3.8/site-packages/airflow/example_dags/example_branch_operator.py
[2024-06-04T07:53:22.180+0000] {logging_mixin.py:188} INFO - [2024-06-04T07:53:22.179+0000] {dag.py:3047} INFO - Sync 1 DAGs
[2024-06-04T07:53:22.206+0000] {logging_mixin.py:188} INFO - [2024-06-04T07:53:22.205+0000] {dag.py:3834} INFO - Setting next_dagrun for example_branch_operator to 2024-06-03 00:00:00+00:00, run_after=2024-06-04 00:00:00+00:00
[2024-06-04T07:53:22.228+0000] {processor.py:183} INFO - Processing /home/airflow/.local/lib/python3.8/site-packages/airflow/example_dags/example_branch_operator.py took 0.112 seconds
[2024-06-04T07:53:52.512+0000] {processor.py:161} INFO - Started process (PID=454) to work on /home/airflow/.local/lib/python3.8/site-packages/airflow/example_dags/example_branch_operator.py
[2024-06-04T07:53:52.513+0000] {processor.py:830} INFO - Processing file /home/airflow/.local/lib/python3.8/site-packages/airflow/example_dags/example_branch_operator.py for tasks to queue
[2024-06-04T07:53:52.515+0000] {logging_mixin.py:188} INFO - [2024-06-04T07:53:52.515+0000] {dagbag.py:540} INFO - Filling up the DagBag from /home/airflow/.local/lib/python3.8/site-packages/airflow/example_dags/example_branch_operator.py
[2024-06-04T07:53:52.535+0000] {processor.py:840} INFO - DAG(s) 'example_branch_operator' retrieved from /home/airflow/.local/lib/python3.8/site-packages/airflow/example_dags/example_branch_operator.py
[2024-06-04T07:53:52.569+0000] {logging_mixin.py:188} INFO - [2024-06-04T07:53:52.568+0000] {dag.py:3047} INFO - Sync 1 DAGs
[2024-06-04T07:53:52.611+0000] {logging_mixin.py:188} INFO - [2024-06-04T07:53:52.611+0000] {dag.py:3834} INFO - Setting next_dagrun for example_branch_operator to 2024-06-03 00:00:00+00:00, run_after=2024-06-04 00:00:00+00:00
[2024-06-04T07:53:52.635+0000] {processor.py:183} INFO - Processing /home/airflow/.local/lib/python3.8/site-packages/airflow/example_dags/example_branch_operator.py took 0.128 seconds
[2024-06-04T07:54:22.923+0000] {processor.py:161} INFO - Started process (PID=512) to work on /home/airflow/.local/lib/python3.8/site-packages/airflow/example_dags/example_branch_operator.py
[2024-06-04T07:54:22.924+0000] {processor.py:830} INFO - Processing file /home/airflow/.local/lib/python3.8/site-packages/airflow/example_dags/example_branch_operator.py for tasks to queue
[2024-06-04T07:54:22.926+0000] {logging_mixin.py:188} INFO - [2024-06-04T07:54:22.926+0000] {dagbag.py:540} INFO - Filling up the DagBag from /home/airflow/.local/lib/python3.8/site-packages/airflow/example_dags/example_branch_operator.py
[2024-06-04T07:54:22.945+0000] {processor.py:840} INFO - DAG(s) 'example_branch_operator' retrieved from /home/airflow/.local/lib/python3.8/site-packages/airflow/example_dags/example_branch_operator.py
[2024-06-04T07:54:22.975+0000] {logging_mixin.py:188} INFO - [2024-06-04T07:54:22.975+0000] {dag.py:3047} INFO - Sync 1 DAGs
[2024-06-04T07:54:22.999+0000] {logging_mixin.py:188} INFO - [2024-06-04T07:54:22.998+0000] {dag.py:3834} INFO - Setting next_dagrun for example_branch_operator to 2024-06-03 00:00:00+00:00, run_after=2024-06-04 00:00:00+00:00
[2024-06-04T07:54:23.018+0000] {processor.py:183} INFO - Processing /home/airflow/.local/lib/python3.8/site-packages/airflow/example_dags/example_branch_operator.py took 0.099 seconds
[2024-06-04T07:54:53.273+0000] {processor.py:161} INFO - Started process (PID=570) to work on /home/airflow/.local/lib/python3.8/site-packages/airflow/example_dags/example_branch_operator.py
[2024-06-04T07:54:53.275+0000] {processor.py:830} INFO - Processing file /home/airflow/.local/lib/python3.8/site-packages/airflow/example_dags/example_branch_operator.py for tasks to queue
[2024-06-04T07:54:53.276+0000] {logging_mixin.py:188} INFO - [2024-06-04T07:54:53.276+0000] {dagbag.py:540} INFO - Filling up the DagBag from /home/airflow/.local/lib/python3.8/site-packages/airflow/example_dags/example_branch_operator.py
[2024-06-04T07:54:53.295+0000] {processor.py:840} INFO - DAG(s) 'example_branch_operator' retrieved from /home/airflow/.local/lib/python3.8/site-packages/airflow/example_dags/example_branch_operator.py
[2024-06-04T07:54:53.328+0000] {logging_mixin.py:188} INFO - [2024-06-04T07:54:53.327+0000] {dag.py:3047} INFO - Sync 1 DAGs
[2024-06-04T07:54:53.354+0000] {logging_mixin.py:188} INFO - [2024-06-04T07:54:53.354+0000] {dag.py:3834} INFO - Setting next_dagrun for example_branch_operator to 2024-06-03 00:00:00+00:00, run_after=2024-06-04 00:00:00+00:00
[2024-06-04T07:54:53.377+0000] {processor.py:183} INFO - Processing /home/airflow/.local/lib/python3.8/site-packages/airflow/example_dags/example_branch_operator.py took 0.107 seconds
[2024-06-04T07:55:23.491+0000] {processor.py:161} INFO - Started process (PID=628) to work on /home/airflow/.local/lib/python3.8/site-packages/airflow/example_dags/example_branch_operator.py
[2024-06-04T07:55:23.493+0000] {processor.py:830} INFO - Processing file /home/airflow/.local/lib/python3.8/site-packages/airflow/example_dags/example_branch_operator.py for tasks to queue
[2024-06-04T07:55:23.494+0000] {logging_mixin.py:188} INFO - [2024-06-04T07:55:23.494+0000] {dagbag.py:540} INFO - Filling up the DagBag from /home/airflow/.local/lib/python3.8/site-packages/airflow/example_dags/example_branch_operator.py
[2024-06-04T07:55:23.511+0000] {processor.py:840} INFO - DAG(s) 'example_branch_operator' retrieved from /home/airflow/.local/lib/python3.8/site-packages/airflow/example_dags/example_branch_operator.py
[2024-06-04T07:55:23.540+0000] {logging_mixin.py:188} INFO - [2024-06-04T07:55:23.540+0000] {dag.py:3047} INFO - Sync 1 DAGs
[2024-06-04T07:55:23.563+0000] {logging_mixin.py:188} INFO - [2024-06-04T07:55:23.563+0000] {dag.py:3834} INFO - Setting next_dagrun for example_branch_operator to 2024-06-03 00:00:00+00:00, run_after=2024-06-04 00:00:00+00:00
[2024-06-04T07:55:23.579+0000] {processor.py:183} INFO - Processing /home/airflow/.local/lib/python3.8/site-packages/airflow/example_dags/example_branch_operator.py took 0.091 seconds
[2024-06-04T07:55:54.381+0000] {processor.py:161} INFO - Started process (PID=686) to work on /home/airflow/.local/lib/python3.8/site-packages/airflow/example_dags/example_branch_operator.py
[2024-06-04T07:55:54.382+0000] {processor.py:830} INFO - Processing file /home/airflow/.local/lib/python3.8/site-packages/airflow/example_dags/example_branch_operator.py for tasks to queue
[2024-06-04T07:55:54.384+0000] {logging_mixin.py:188} INFO - [2024-06-04T07:55:54.384+0000] {dagbag.py:540} INFO - Filling up the DagBag from /home/airflow/.local/lib/python3.8/site-packages/airflow/example_dags/example_branch_operator.py
[2024-06-04T07:55:54.403+0000] {processor.py:840} INFO - DAG(s) 'example_branch_operator' retrieved from /home/airflow/.local/lib/python3.8/site-packages/airflow/example_dags/example_branch_operator.py
[2024-06-04T07:55:54.434+0000] {logging_mixin.py:188} INFO - [2024-06-04T07:55:54.433+0000] {dag.py:3047} INFO - Sync 1 DAGs
[2024-06-04T07:55:54.458+0000] {logging_mixin.py:188} INFO - [2024-06-04T07:55:54.458+0000] {dag.py:3834} INFO - Setting next_dagrun for example_branch_operator to 2024-06-03 00:00:00+00:00, run_after=2024-06-04 00:00:00+00:00
[2024-06-04T07:55:54.479+0000] {processor.py:183} INFO - Processing /home/airflow/.local/lib/python3.8/site-packages/airflow/example_dags/example_branch_operator.py took 0.101 seconds
[2024-06-04T07:56:25.102+0000] {processor.py:161} INFO - Started process (PID=744) to work on /home/airflow/.local/lib/python3.8/site-packages/airflow/example_dags/example_branch_operator.py
[2024-06-04T07:56:25.103+0000] {processor.py:830} INFO - Processing file /home/airflow/.local/lib/python3.8/site-packages/airflow/example_dags/example_branch_operator.py for tasks to queue
[2024-06-04T07:56:25.105+0000] {logging_mixin.py:188} INFO - [2024-06-04T07:56:25.105+0000] {dagbag.py:540} INFO - Filling up the DagBag from /home/airflow/.local/lib/python3.8/site-packages/airflow/example_dags/example_branch_operator.py
[2024-06-04T07:56:25.123+0000] {processor.py:840} INFO - DAG(s) 'example_branch_operator' retrieved from /home/airflow/.local/lib/python3.8/site-packages/airflow/example_dags/example_branch_operator.py
[2024-06-04T07:56:25.154+0000] {logging_mixin.py:188} INFO - [2024-06-04T07:56:25.154+0000] {dag.py:3047} INFO - Sync 1 DAGs
[2024-06-04T07:56:25.180+0000] {logging_mixin.py:188} INFO - [2024-06-04T07:56:25.180+0000] {dag.py:3834} INFO - Setting next_dagrun for example_branch_operator to 2024-06-03 00:00:00+00:00, run_after=2024-06-04 00:00:00+00:00
[2024-06-04T07:56:25.201+0000] {processor.py:183} INFO - Processing /home/airflow/.local/lib/python3.8/site-packages/airflow/example_dags/example_branch_operator.py took 0.103 seconds
[2024-06-04T07:56:55.615+0000] {processor.py:161} INFO - Started process (PID=802) to work on /home/airflow/.local/lib/python3.8/site-packages/airflow/example_dags/example_branch_operator.py
[2024-06-04T07:56:55.617+0000] {processor.py:830} INFO - Processing file /home/airflow/.local/lib/python3.8/site-packages/airflow/example_dags/example_branch_operator.py for tasks to queue
[2024-06-04T07:56:55.618+0000] {logging_mixin.py:188} INFO - [2024-06-04T07:56:55.618+0000] {dagbag.py:540} INFO - Filling up the DagBag from /home/airflow/.local/lib/python3.8/site-packages/airflow/example_dags/example_branch_operator.py
[2024-06-04T07:56:55.637+0000] {processor.py:840} INFO - DAG(s) 'example_branch_operator' retrieved from /home/airflow/.local/lib/python3.8/site-packages/airflow/example_dags/example_branch_operator.py
[2024-06-04T07:56:55.671+0000] {logging_mixin.py:188} INFO - [2024-06-04T07:56:55.670+0000] {dag.py:3047} INFO - Sync 1 DAGs
[2024-06-04T07:56:55.698+0000] {logging_mixin.py:188} INFO - [2024-06-04T07:56:55.697+0000] {dag.py:3834} INFO - Setting next_dagrun for example_branch_operator to 2024-06-03 00:00:00+00:00, run_after=2024-06-04 00:00:00+00:00
[2024-06-04T07:56:55.719+0000] {processor.py:183} INFO - Processing /home/airflow/.local/lib/python3.8/site-packages/airflow/example_dags/example_branch_operator.py took 0.107 seconds
[2024-06-04T07:57:26.144+0000] {processor.py:161} INFO - Started process (PID=860) to work on /home/airflow/.local/lib/python3.8/site-packages/airflow/example_dags/example_branch_operator.py
[2024-06-04T07:57:26.146+0000] {processor.py:830} INFO - Processing file /home/airflow/.local/lib/python3.8/site-packages/airflow/example_dags/example_branch_operator.py for tasks to queue
[2024-06-04T07:57:26.147+0000] {logging_mixin.py:188} INFO - [2024-06-04T07:57:26.147+0000] {dagbag.py:540} INFO - Filling up the DagBag from /home/airflow/.local/lib/python3.8/site-packages/airflow/example_dags/example_branch_operator.py
[2024-06-04T07:57:26.165+0000] {processor.py:840} INFO - DAG(s) 'example_branch_operator' retrieved from /home/airflow/.local/lib/python3.8/site-packages/airflow/example_dags/example_branch_operator.py
[2024-06-04T07:57:26.196+0000] {logging_mixin.py:188} INFO - [2024-06-04T07:57:26.195+0000] {dag.py:3047} INFO - Sync 1 DAGs
[2024-06-04T07:57:26.222+0000] {logging_mixin.py:188} INFO - [2024-06-04T07:57:26.221+0000] {dag.py:3834} INFO - Setting next_dagrun for example_branch_operator to 2024-06-03 00:00:00+00:00, run_after=2024-06-04 00:00:00+00:00
[2024-06-04T07:57:26.241+0000] {processor.py:183} INFO - Processing /home/airflow/.local/lib/python3.8/site-packages/airflow/example_dags/example_branch_operator.py took 0.101 seconds
[2024-06-04T07:57:56.643+0000] {processor.py:161} INFO - Started process (PID=918) to work on /home/airflow/.local/lib/python3.8/site-packages/airflow/example_dags/example_branch_operator.py
[2024-06-04T07:57:56.644+0000] {processor.py:830} INFO - Processing file /home/airflow/.local/lib/python3.8/site-packages/airflow/example_dags/example_branch_operator.py for tasks to queue
[2024-06-04T07:57:56.646+0000] {logging_mixin.py:188} INFO - [2024-06-04T07:57:56.645+0000] {dagbag.py:540} INFO - Filling up the DagBag from /home/airflow/.local/lib/python3.8/site-packages/airflow/example_dags/example_branch_operator.py
[2024-06-04T07:57:56.663+0000] {processor.py:840} INFO - DAG(s) 'example_branch_operator' retrieved from /home/airflow/.local/lib/python3.8/site-packages/airflow/example_dags/example_branch_operator.py
[2024-06-04T07:57:56.691+0000] {logging_mixin.py:188} INFO - [2024-06-04T07:57:56.690+0000] {dag.py:3047} INFO - Sync 1 DAGs
[2024-06-04T07:57:56.715+0000] {logging_mixin.py:188} INFO - [2024-06-04T07:57:56.715+0000] {dag.py:3834} INFO - Setting next_dagrun for example_branch_operator to 2024-06-03 00:00:00+00:00, run_after=2024-06-04 00:00:00+00:00
[2024-06-04T07:57:56.734+0000] {processor.py:183} INFO - Processing /home/airflow/.local/lib/python3.8/site-packages/airflow/example_dags/example_branch_operator.py took 0.095 seconds
[2024-06-04T07:58:27.114+0000] {processor.py:161} INFO - Started process (PID=976) to work on /home/airflow/.local/lib/python3.8/site-packages/airflow/example_dags/example_branch_operator.py
[2024-06-04T07:58:27.115+0000] {processor.py:830} INFO - Processing file /home/airflow/.local/lib/python3.8/site-packages/airflow/example_dags/example_branch_operator.py for tasks to queue
[2024-06-04T07:58:27.117+0000] {logging_mixin.py:188} INFO - [2024-06-04T07:58:27.117+0000] {dagbag.py:540} INFO - Filling up the DagBag from /home/airflow/.local/lib/python3.8/site-packages/airflow/example_dags/example_branch_operator.py
[2024-06-04T07:58:27.136+0000] {processor.py:840} INFO - DAG(s) 'example_branch_operator' retrieved from /home/airflow/.local/lib/python3.8/site-packages/airflow/example_dags/example_branch_operator.py
[2024-06-04T07:58:27.169+0000] {logging_mixin.py:188} INFO - [2024-06-04T07:58:27.169+0000] {dag.py:3047} INFO - Sync 1 DAGs
[2024-06-04T07:58:27.195+0000] {logging_mixin.py:188} INFO - [2024-06-04T07:58:27.195+0000] {dag.py:3834} INFO - Setting next_dagrun for example_branch_operator to 2024-06-03 00:00:00+00:00, run_after=2024-06-04 00:00:00+00:00
[2024-06-04T07:58:27.212+0000] {processor.py:183} INFO - Processing /home/airflow/.local/lib/python3.8/site-packages/airflow/example_dags/example_branch_operator.py took 0.102 seconds
[2024-06-04T07:58:57.858+0000] {processor.py:161} INFO - Started process (PID=1034) to work on /home/airflow/.local/lib/python3.8/site-packages/airflow/example_dags/example_branch_operator.py
[2024-06-04T07:58:57.859+0000] {processor.py:830} INFO - Processing file /home/airflow/.local/lib/python3.8/site-packages/airflow/example_dags/example_branch_operator.py for tasks to queue
[2024-06-04T07:58:57.861+0000] {logging_mixin.py:188} INFO - [2024-06-04T07:58:57.861+0000] {dagbag.py:540} INFO - Filling up the DagBag from /home/airflow/.local/lib/python3.8/site-packages/airflow/example_dags/example_branch_operator.py
[2024-06-04T07:58:57.902+0000] {processor.py:840} INFO - DAG(s) 'example_branch_operator' retrieved from /home/airflow/.local/lib/python3.8/site-packages/airflow/example_dags/example_branch_operator.py
[2024-06-04T07:58:57.937+0000] {logging_mixin.py:188} INFO - [2024-06-04T07:58:57.936+0000] {dag.py:3047} INFO - Sync 1 DAGs
[2024-06-04T07:58:58.015+0000] {logging_mixin.py:188} INFO - [2024-06-04T07:58:58.015+0000] {dag.py:3834} INFO - Setting next_dagrun for example_branch_operator to 2024-06-03 00:00:00+00:00, run_after=2024-06-04 00:00:00+00:00
[2024-06-04T07:58:58.038+0000] {processor.py:183} INFO - Processing /home/airflow/.local/lib/python3.8/site-packages/airflow/example_dags/example_branch_operator.py took 0.184 seconds
[2024-06-04T07:59:28.948+0000] {processor.py:161} INFO - Started process (PID=1093) to work on /home/airflow/.local/lib/python3.8/site-packages/airflow/example_dags/example_branch_operator.py
[2024-06-04T07:59:28.949+0000] {processor.py:830} INFO - Processing file /home/airflow/.local/lib/python3.8/site-packages/airflow/example_dags/example_branch_operator.py for tasks to queue
[2024-06-04T07:59:28.951+0000] {logging_mixin.py:188} INFO - [2024-06-04T07:59:28.951+0000] {dagbag.py:540} INFO - Filling up the DagBag from /home/airflow/.local/lib/python3.8/site-packages/airflow/example_dags/example_branch_operator.py
[2024-06-04T07:59:28.970+0000] {processor.py:840} INFO - DAG(s) 'example_branch_operator' retrieved from /home/airflow/.local/lib/python3.8/site-packages/airflow/example_dags/example_branch_operator.py
[2024-06-04T07:59:29.011+0000] {logging_mixin.py:188} INFO - [2024-06-04T07:59:29.010+0000] {dag.py:3047} INFO - Sync 1 DAGs
[2024-06-04T07:59:29.036+0000] {logging_mixin.py:188} INFO - [2024-06-04T07:59:29.036+0000] {dag.py:3834} INFO - Setting next_dagrun for example_branch_operator to 2024-06-03 00:00:00+00:00, run_after=2024-06-04 00:00:00+00:00
[2024-06-04T07:59:29.111+0000] {processor.py:183} INFO - Processing /home/airflow/.local/lib/python3.8/site-packages/airflow/example_dags/example_branch_operator.py took 0.167 seconds
[2024-06-04T08:00:00.094+0000] {processor.py:161} INFO - Started process (PID=1151) to work on /home/airflow/.local/lib/python3.8/site-packages/airflow/example_dags/example_branch_operator.py
[2024-06-04T08:00:00.095+0000] {processor.py:830} INFO - Processing file /home/airflow/.local/lib/python3.8/site-packages/airflow/example_dags/example_branch_operator.py for tasks to queue
[2024-06-04T08:00:00.097+0000] {logging_mixin.py:188} INFO - [2024-06-04T08:00:00.097+0000] {dagbag.py:540} INFO - Filling up the DagBag from /home/airflow/.local/lib/python3.8/site-packages/airflow/example_dags/example_branch_operator.py
[2024-06-04T08:00:00.116+0000] {processor.py:840} INFO - DAG(s) 'example_branch_operator' retrieved from /home/airflow/.local/lib/python3.8/site-packages/airflow/example_dags/example_branch_operator.py
[2024-06-04T08:00:00.148+0000] {logging_mixin.py:188} INFO - [2024-06-04T08:00:00.148+0000] {dag.py:3047} INFO - Sync 1 DAGs
[2024-06-04T08:00:00.173+0000] {logging_mixin.py:188} INFO - [2024-06-04T08:00:00.173+0000] {dag.py:3834} INFO - Setting next_dagrun for example_branch_operator to 2024-06-03 00:00:00+00:00, run_after=2024-06-04 00:00:00+00:00
[2024-06-04T08:00:00.207+0000] {processor.py:183} INFO - Processing /home/airflow/.local/lib/python3.8/site-packages/airflow/example_dags/example_branch_operator.py took 0.117 seconds
[2024-06-04T08:00:30.326+0000] {processor.py:161} INFO - Started process (PID=1209) to work on /home/airflow/.local/lib/python3.8/site-packages/airflow/example_dags/example_branch_operator.py
[2024-06-04T08:00:30.327+0000] {processor.py:830} INFO - Processing file /home/airflow/.local/lib/python3.8/site-packages/airflow/example_dags/example_branch_operator.py for tasks to queue
[2024-06-04T08:00:30.329+0000] {logging_mixin.py:188} INFO - [2024-06-04T08:00:30.328+0000] {dagbag.py:540} INFO - Filling up the DagBag from /home/airflow/.local/lib/python3.8/site-packages/airflow/example_dags/example_branch_operator.py
[2024-06-04T08:00:30.348+0000] {processor.py:840} INFO - DAG(s) 'example_branch_operator' retrieved from /home/airflow/.local/lib/python3.8/site-packages/airflow/example_dags/example_branch_operator.py
[2024-06-04T08:00:30.382+0000] {logging_mixin.py:188} INFO - [2024-06-04T08:00:30.381+0000] {dag.py:3047} INFO - Sync 1 DAGs
[2024-06-04T08:00:30.420+0000] {logging_mixin.py:188} INFO - [2024-06-04T08:00:30.420+0000] {dag.py:3834} INFO - Setting next_dagrun for example_branch_operator to 2024-06-03 00:00:00+00:00, run_after=2024-06-04 00:00:00+00:00
[2024-06-04T08:00:30.444+0000] {processor.py:183} INFO - Processing /home/airflow/.local/lib/python3.8/site-packages/airflow/example_dags/example_branch_operator.py took 0.122 seconds
[2024-06-04T08:01:00.560+0000] {processor.py:161} INFO - Started process (PID=1267) to work on /home/airflow/.local/lib/python3.8/site-packages/airflow/example_dags/example_branch_operator.py
[2024-06-04T08:01:00.562+0000] {processor.py:830} INFO - Processing file /home/airflow/.local/lib/python3.8/site-packages/airflow/example_dags/example_branch_operator.py for tasks to queue
[2024-06-04T08:01:00.564+0000] {logging_mixin.py:188} INFO - [2024-06-04T08:01:00.563+0000] {dagbag.py:540} INFO - Filling up the DagBag from /home/airflow/.local/lib/python3.8/site-packages/airflow/example_dags/example_branch_operator.py
[2024-06-04T08:01:00.582+0000] {processor.py:840} INFO - DAG(s) 'example_branch_operator' retrieved from /home/airflow/.local/lib/python3.8/site-packages/airflow/example_dags/example_branch_operator.py
[2024-06-04T08:01:00.612+0000] {logging_mixin.py:188} INFO - [2024-06-04T08:01:00.612+0000] {dag.py:3047} INFO - Sync 1 DAGs
[2024-06-04T08:01:00.635+0000] {logging_mixin.py:188} INFO - [2024-06-04T08:01:00.634+0000] {dag.py:3834} INFO - Setting next_dagrun for example_branch_operator to 2024-06-03 00:00:00+00:00, run_after=2024-06-04 00:00:00+00:00
[2024-06-04T08:01:00.653+0000] {processor.py:183} INFO - Processing /home/airflow/.local/lib/python3.8/site-packages/airflow/example_dags/example_branch_operator.py took 0.097 seconds
[2024-06-04T08:01:30.908+0000] {processor.py:161} INFO - Started process (PID=1325) to work on /home/airflow/.local/lib/python3.8/site-packages/airflow/example_dags/example_branch_operator.py
[2024-06-04T08:01:30.909+0000] {processor.py:830} INFO - Processing file /home/airflow/.local/lib/python3.8/site-packages/airflow/example_dags/example_branch_operator.py for tasks to queue
[2024-06-04T08:01:30.912+0000] {logging_mixin.py:188} INFO - [2024-06-04T08:01:30.911+0000] {dagbag.py:540} INFO - Filling up the DagBag from /home/airflow/.local/lib/python3.8/site-packages/airflow/example_dags/example_branch_operator.py
[2024-06-04T08:01:30.937+0000] {processor.py:840} INFO - DAG(s) 'example_branch_operator' retrieved from /home/airflow/.local/lib/python3.8/site-packages/airflow/example_dags/example_branch_operator.py
[2024-06-04T08:01:30.977+0000] {logging_mixin.py:188} INFO - [2024-06-04T08:01:30.977+0000] {dag.py:3047} INFO - Sync 1 DAGs
[2024-06-04T08:01:31.009+0000] {logging_mixin.py:188} INFO - [2024-06-04T08:01:31.009+0000] {dag.py:3834} INFO - Setting next_dagrun for example_branch_operator to 2024-06-03 00:00:00+00:00, run_after=2024-06-04 00:00:00+00:00
[2024-06-04T08:01:31.038+0000] {processor.py:183} INFO - Processing /home/airflow/.local/lib/python3.8/site-packages/airflow/example_dags/example_branch_operator.py took 0.134 seconds
[2024-06-04T08:02:01.145+0000] {processor.py:161} INFO - Started process (PID=1383) to work on /home/airflow/.local/lib/python3.8/site-packages/airflow/example_dags/example_branch_operator.py
[2024-06-04T08:02:01.147+0000] {processor.py:830} INFO - Processing file /home/airflow/.local/lib/python3.8/site-packages/airflow/example_dags/example_branch_operator.py for tasks to queue
[2024-06-04T08:02:01.149+0000] {logging_mixin.py:188} INFO - [2024-06-04T08:02:01.149+0000] {dagbag.py:540} INFO - Filling up the DagBag from /home/airflow/.local/lib/python3.8/site-packages/airflow/example_dags/example_branch_operator.py
[2024-06-04T08:02:01.174+0000] {processor.py:840} INFO - DAG(s) 'example_branch_operator' retrieved from /home/airflow/.local/lib/python3.8/site-packages/airflow/example_dags/example_branch_operator.py
[2024-06-04T08:02:01.214+0000] {logging_mixin.py:188} INFO - [2024-06-04T08:02:01.214+0000] {dag.py:3047} INFO - Sync 1 DAGs
[2024-06-04T08:02:01.246+0000] {logging_mixin.py:188} INFO - [2024-06-04T08:02:01.246+0000] {dag.py:3834} INFO - Setting next_dagrun for example_branch_operator to 2024-06-03 00:00:00+00:00, run_after=2024-06-04 00:00:00+00:00
[2024-06-04T08:02:01.272+0000] {processor.py:183} INFO - Processing /home/airflow/.local/lib/python3.8/site-packages/airflow/example_dags/example_branch_operator.py took 0.132 seconds
[2024-06-04T08:02:31.362+0000] {processor.py:161} INFO - Started process (PID=1441) to work on /home/airflow/.local/lib/python3.8/site-packages/airflow/example_dags/example_branch_operator.py
[2024-06-04T08:02:31.363+0000] {processor.py:830} INFO - Processing file /home/airflow/.local/lib/python3.8/site-packages/airflow/example_dags/example_branch_operator.py for tasks to queue
[2024-06-04T08:02:31.365+0000] {logging_mixin.py:188} INFO - [2024-06-04T08:02:31.365+0000] {dagbag.py:540} INFO - Filling up the DagBag from /home/airflow/.local/lib/python3.8/site-packages/airflow/example_dags/example_branch_operator.py
[2024-06-04T08:02:31.382+0000] {processor.py:840} INFO - DAG(s) 'example_branch_operator' retrieved from /home/airflow/.local/lib/python3.8/site-packages/airflow/example_dags/example_branch_operator.py
[2024-06-04T08:02:31.413+0000] {logging_mixin.py:188} INFO - [2024-06-04T08:02:31.413+0000] {dag.py:3047} INFO - Sync 1 DAGs
[2024-06-04T08:02:31.440+0000] {logging_mixin.py:188} INFO - [2024-06-04T08:02:31.440+0000] {dag.py:3834} INFO - Setting next_dagrun for example_branch_operator to 2024-06-03 00:00:00+00:00, run_after=2024-06-04 00:00:00+00:00
[2024-06-04T08:02:31.458+0000] {processor.py:183} INFO - Processing /home/airflow/.local/lib/python3.8/site-packages/airflow/example_dags/example_branch_operator.py took 0.099 seconds
[2024-06-04T08:03:01.808+0000] {processor.py:161} INFO - Started process (PID=1499) to work on /home/airflow/.local/lib/python3.8/site-packages/airflow/example_dags/example_branch_operator.py
[2024-06-04T08:03:01.809+0000] {processor.py:830} INFO - Processing file /home/airflow/.local/lib/python3.8/site-packages/airflow/example_dags/example_branch_operator.py for tasks to queue
[2024-06-04T08:03:01.811+0000] {logging_mixin.py:188} INFO - [2024-06-04T08:03:01.811+0000] {dagbag.py:540} INFO - Filling up the DagBag from /home/airflow/.local/lib/python3.8/site-packages/airflow/example_dags/example_branch_operator.py
[2024-06-04T08:03:01.829+0000] {processor.py:840} INFO - DAG(s) 'example_branch_operator' retrieved from /home/airflow/.local/lib/python3.8/site-packages/airflow/example_dags/example_branch_operator.py
[2024-06-04T08:03:01.865+0000] {logging_mixin.py:188} INFO - [2024-06-04T08:03:01.865+0000] {dag.py:3047} INFO - Sync 1 DAGs
[2024-06-04T08:03:01.890+0000] {logging_mixin.py:188} INFO - [2024-06-04T08:03:01.890+0000] {dag.py:3834} INFO - Setting next_dagrun for example_branch_operator to 2024-06-03 00:00:00+00:00, run_after=2024-06-04 00:00:00+00:00
[2024-06-04T08:03:01.918+0000] {processor.py:183} INFO - Processing /home/airflow/.local/lib/python3.8/site-packages/airflow/example_dags/example_branch_operator.py took 0.114 seconds
[2024-06-04T08:03:32.116+0000] {processor.py:161} INFO - Started process (PID=1557) to work on /home/airflow/.local/lib/python3.8/site-packages/airflow/example_dags/example_branch_operator.py
[2024-06-04T08:03:32.117+0000] {processor.py:830} INFO - Processing file /home/airflow/.local/lib/python3.8/site-packages/airflow/example_dags/example_branch_operator.py for tasks to queue
[2024-06-04T08:03:32.119+0000] {logging_mixin.py:188} INFO - [2024-06-04T08:03:32.118+0000] {dagbag.py:540} INFO - Filling up the DagBag from /home/airflow/.local/lib/python3.8/site-packages/airflow/example_dags/example_branch_operator.py
[2024-06-04T08:03:32.138+0000] {processor.py:840} INFO - DAG(s) 'example_branch_operator' retrieved from /home/airflow/.local/lib/python3.8/site-packages/airflow/example_dags/example_branch_operator.py
[2024-06-04T08:03:32.170+0000] {logging_mixin.py:188} INFO - [2024-06-04T08:03:32.169+0000] {dag.py:3047} INFO - Sync 1 DAGs
[2024-06-04T08:03:32.203+0000] {logging_mixin.py:188} INFO - [2024-06-04T08:03:32.203+0000] {dag.py:3834} INFO - Setting next_dagrun for example_branch_operator to 2024-06-03 00:00:00+00:00, run_after=2024-06-04 00:00:00+00:00
[2024-06-04T08:03:32.226+0000] {processor.py:183} INFO - Processing /home/airflow/.local/lib/python3.8/site-packages/airflow/example_dags/example_branch_operator.py took 0.115 seconds
[2024-06-04T08:04:02.408+0000] {processor.py:161} INFO - Started process (PID=1615) to work on /home/airflow/.local/lib/python3.8/site-packages/airflow/example_dags/example_branch_operator.py
[2024-06-04T08:04:02.410+0000] {processor.py:830} INFO - Processing file /home/airflow/.local/lib/python3.8/site-packages/airflow/example_dags/example_branch_operator.py for tasks to queue
[2024-06-04T08:04:02.411+0000] {logging_mixin.py:188} INFO - [2024-06-04T08:04:02.411+0000] {dagbag.py:540} INFO - Filling up the DagBag from /home/airflow/.local/lib/python3.8/site-packages/airflow/example_dags/example_branch_operator.py
[2024-06-04T08:04:02.430+0000] {processor.py:840} INFO - DAG(s) 'example_branch_operator' retrieved from /home/airflow/.local/lib/python3.8/site-packages/airflow/example_dags/example_branch_operator.py
[2024-06-04T08:04:02.462+0000] {logging_mixin.py:188} INFO - [2024-06-04T08:04:02.461+0000] {dag.py:3047} INFO - Sync 1 DAGs
[2024-06-04T08:04:02.508+0000] {logging_mixin.py:188} INFO - [2024-06-04T08:04:02.508+0000] {dag.py:3834} INFO - Setting next_dagrun for example_branch_operator to 2024-06-03 00:00:00+00:00, run_after=2024-06-04 00:00:00+00:00
[2024-06-04T08:04:02.715+0000] {processor.py:183} INFO - Processing /home/airflow/.local/lib/python3.8/site-packages/airflow/example_dags/example_branch_operator.py took 0.311 seconds
[2024-06-04T08:04:33.614+0000] {processor.py:161} INFO - Started process (PID=1673) to work on /home/airflow/.local/lib/python3.8/site-packages/airflow/example_dags/example_branch_operator.py
[2024-06-04T08:04:33.615+0000] {processor.py:830} INFO - Processing file /home/airflow/.local/lib/python3.8/site-packages/airflow/example_dags/example_branch_operator.py for tasks to queue
[2024-06-04T08:04:33.617+0000] {logging_mixin.py:188} INFO - [2024-06-04T08:04:33.617+0000] {dagbag.py:540} INFO - Filling up the DagBag from /home/airflow/.local/lib/python3.8/site-packages/airflow/example_dags/example_branch_operator.py
[2024-06-04T08:04:33.636+0000] {processor.py:840} INFO - DAG(s) 'example_branch_operator' retrieved from /home/airflow/.local/lib/python3.8/site-packages/airflow/example_dags/example_branch_operator.py
[2024-06-04T08:04:33.667+0000] {logging_mixin.py:188} INFO - [2024-06-04T08:04:33.667+0000] {dag.py:3047} INFO - Sync 1 DAGs
[2024-06-04T08:04:33.691+0000] {logging_mixin.py:188} INFO - [2024-06-04T08:04:33.691+0000] {dag.py:3834} INFO - Setting next_dagrun for example_branch_operator to 2024-06-03 00:00:00+00:00, run_after=2024-06-04 00:00:00+00:00
[2024-06-04T08:04:33.714+0000] {processor.py:183} INFO - Processing /home/airflow/.local/lib/python3.8/site-packages/airflow/example_dags/example_branch_operator.py took 0.104 seconds
[2024-06-04T08:05:04.291+0000] {processor.py:161} INFO - Started process (PID=1731) to work on /home/airflow/.local/lib/python3.8/site-packages/airflow/example_dags/example_branch_operator.py
[2024-06-04T08:05:04.293+0000] {processor.py:830} INFO - Processing file /home/airflow/.local/lib/python3.8/site-packages/airflow/example_dags/example_branch_operator.py for tasks to queue
[2024-06-04T08:05:04.295+0000] {logging_mixin.py:188} INFO - [2024-06-04T08:05:04.295+0000] {dagbag.py:540} INFO - Filling up the DagBag from /home/airflow/.local/lib/python3.8/site-packages/airflow/example_dags/example_branch_operator.py
[2024-06-04T08:05:04.315+0000] {processor.py:840} INFO - DAG(s) 'example_branch_operator' retrieved from /home/airflow/.local/lib/python3.8/site-packages/airflow/example_dags/example_branch_operator.py
[2024-06-04T08:05:04.348+0000] {logging_mixin.py:188} INFO - [2024-06-04T08:05:04.348+0000] {dag.py:3047} INFO - Sync 1 DAGs
[2024-06-04T08:05:04.374+0000] {logging_mixin.py:188} INFO - [2024-06-04T08:05:04.374+0000] {dag.py:3834} INFO - Setting next_dagrun for example_branch_operator to 2024-06-03 00:00:00+00:00, run_after=2024-06-04 00:00:00+00:00
[2024-06-04T08:05:04.407+0000] {processor.py:183} INFO - Processing /home/airflow/.local/lib/python3.8/site-packages/airflow/example_dags/example_branch_operator.py took 0.120 seconds
[2024-06-04T08:05:34.459+0000] {processor.py:161} INFO - Started process (PID=1789) to work on /home/airflow/.local/lib/python3.8/site-packages/airflow/example_dags/example_branch_operator.py
[2024-06-04T08:05:34.460+0000] {processor.py:830} INFO - Processing file /home/airflow/.local/lib/python3.8/site-packages/airflow/example_dags/example_branch_operator.py for tasks to queue
[2024-06-04T08:05:34.462+0000] {logging_mixin.py:188} INFO - [2024-06-04T08:05:34.462+0000] {dagbag.py:540} INFO - Filling up the DagBag from /home/airflow/.local/lib/python3.8/site-packages/airflow/example_dags/example_branch_operator.py
[2024-06-04T08:05:34.481+0000] {processor.py:840} INFO - DAG(s) 'example_branch_operator' retrieved from /home/airflow/.local/lib/python3.8/site-packages/airflow/example_dags/example_branch_operator.py
[2024-06-04T08:05:34.524+0000] {logging_mixin.py:188} INFO - [2024-06-04T08:05:34.524+0000] {dag.py:3047} INFO - Sync 1 DAGs
[2024-06-04T08:05:34.549+0000] {logging_mixin.py:188} INFO - [2024-06-04T08:05:34.549+0000] {dag.py:3834} INFO - Setting next_dagrun for example_branch_operator to 2024-06-03 00:00:00+00:00, run_after=2024-06-04 00:00:00+00:00
[2024-06-04T08:05:34.611+0000] {processor.py:183} INFO - Processing /home/airflow/.local/lib/python3.8/site-packages/airflow/example_dags/example_branch_operator.py took 0.156 seconds
[2024-06-04T08:06:05.013+0000] {processor.py:161} INFO - Started process (PID=1847) to work on /home/airflow/.local/lib/python3.8/site-packages/airflow/example_dags/example_branch_operator.py
[2024-06-04T08:06:05.014+0000] {processor.py:830} INFO - Processing file /home/airflow/.local/lib/python3.8/site-packages/airflow/example_dags/example_branch_operator.py for tasks to queue
[2024-06-04T08:06:05.016+0000] {logging_mixin.py:188} INFO - [2024-06-04T08:06:05.016+0000] {dagbag.py:540} INFO - Filling up the DagBag from /home/airflow/.local/lib/python3.8/site-packages/airflow/example_dags/example_branch_operator.py
[2024-06-04T08:06:05.038+0000] {processor.py:840} INFO - DAG(s) 'example_branch_operator' retrieved from /home/airflow/.local/lib/python3.8/site-packages/airflow/example_dags/example_branch_operator.py
[2024-06-04T08:06:05.111+0000] {logging_mixin.py:188} INFO - [2024-06-04T08:06:05.110+0000] {dag.py:3047} INFO - Sync 1 DAGs
[2024-06-04T08:06:05.137+0000] {logging_mixin.py:188} INFO - [2024-06-04T08:06:05.137+0000] {dag.py:3834} INFO - Setting next_dagrun for example_branch_operator to 2024-06-03 00:00:00+00:00, run_after=2024-06-04 00:00:00+00:00
[2024-06-04T08:06:05.158+0000] {processor.py:183} INFO - Processing /home/airflow/.local/lib/python3.8/site-packages/airflow/example_dags/example_branch_operator.py took 0.149 seconds
[2024-06-04T08:06:35.367+0000] {processor.py:161} INFO - Started process (PID=1905) to work on /home/airflow/.local/lib/python3.8/site-packages/airflow/example_dags/example_branch_operator.py
[2024-06-04T08:06:35.368+0000] {processor.py:830} INFO - Processing file /home/airflow/.local/lib/python3.8/site-packages/airflow/example_dags/example_branch_operator.py for tasks to queue
[2024-06-04T08:06:35.370+0000] {logging_mixin.py:188} INFO - [2024-06-04T08:06:35.370+0000] {dagbag.py:540} INFO - Filling up the DagBag from /home/airflow/.local/lib/python3.8/site-packages/airflow/example_dags/example_branch_operator.py
[2024-06-04T08:06:35.388+0000] {processor.py:840} INFO - DAG(s) 'example_branch_operator' retrieved from /home/airflow/.local/lib/python3.8/site-packages/airflow/example_dags/example_branch_operator.py
[2024-06-04T08:06:35.426+0000] {logging_mixin.py:188} INFO - [2024-06-04T08:06:35.426+0000] {dag.py:3047} INFO - Sync 1 DAGs
[2024-06-04T08:06:35.649+0000] {logging_mixin.py:188} INFO - [2024-06-04T08:06:35.649+0000] {dag.py:3834} INFO - Setting next_dagrun for example_branch_operator to 2024-06-03 00:00:00+00:00, run_after=2024-06-04 00:00:00+00:00
[2024-06-04T08:06:35.669+0000] {processor.py:183} INFO - Processing /home/airflow/.local/lib/python3.8/site-packages/airflow/example_dags/example_branch_operator.py took 0.306 seconds
[2024-06-04T08:07:06.111+0000] {processor.py:161} INFO - Started process (PID=1969) to work on /home/airflow/.local/lib/python3.8/site-packages/airflow/example_dags/example_branch_operator.py
[2024-06-04T08:07:06.113+0000] {processor.py:830} INFO - Processing file /home/airflow/.local/lib/python3.8/site-packages/airflow/example_dags/example_branch_operator.py for tasks to queue
[2024-06-04T08:07:06.116+0000] {logging_mixin.py:188} INFO - [2024-06-04T08:07:06.115+0000] {dagbag.py:540} INFO - Filling up the DagBag from /home/airflow/.local/lib/python3.8/site-packages/airflow/example_dags/example_branch_operator.py
[2024-06-04T08:07:06.141+0000] {processor.py:840} INFO - DAG(s) 'example_branch_operator' retrieved from /home/airflow/.local/lib/python3.8/site-packages/airflow/example_dags/example_branch_operator.py
[2024-06-04T08:07:06.215+0000] {logging_mixin.py:188} INFO - [2024-06-04T08:07:06.215+0000] {dag.py:3047} INFO - Sync 1 DAGs
[2024-06-04T08:07:06.531+0000] {logging_mixin.py:188} INFO - [2024-06-04T08:07:06.530+0000] {dag.py:3834} INFO - Setting next_dagrun for example_branch_operator to 2024-06-03 00:00:00+00:00, run_after=2024-06-04 00:00:00+00:00
[2024-06-04T08:07:06.557+0000] {processor.py:183} INFO - Processing /home/airflow/.local/lib/python3.8/site-packages/airflow/example_dags/example_branch_operator.py took 0.451 seconds
[2024-06-04T08:07:37.038+0000] {processor.py:161} INFO - Started process (PID=2027) to work on /home/airflow/.local/lib/python3.8/site-packages/airflow/example_dags/example_branch_operator.py
[2024-06-04T08:07:37.039+0000] {processor.py:830} INFO - Processing file /home/airflow/.local/lib/python3.8/site-packages/airflow/example_dags/example_branch_operator.py for tasks to queue
[2024-06-04T08:07:37.041+0000] {logging_mixin.py:188} INFO - [2024-06-04T08:07:37.040+0000] {dagbag.py:540} INFO - Filling up the DagBag from /home/airflow/.local/lib/python3.8/site-packages/airflow/example_dags/example_branch_operator.py
[2024-06-04T08:07:37.060+0000] {processor.py:840} INFO - DAG(s) 'example_branch_operator' retrieved from /home/airflow/.local/lib/python3.8/site-packages/airflow/example_dags/example_branch_operator.py
[2024-06-04T08:07:37.097+0000] {logging_mixin.py:188} INFO - [2024-06-04T08:07:37.097+0000] {dag.py:3047} INFO - Sync 1 DAGs
[2024-06-04T08:07:37.125+0000] {logging_mixin.py:188} INFO - [2024-06-04T08:07:37.125+0000] {dag.py:3834} INFO - Setting next_dagrun for example_branch_operator to 2024-06-03 00:00:00+00:00, run_after=2024-06-04 00:00:00+00:00
[2024-06-04T08:07:37.151+0000] {processor.py:183} INFO - Processing /home/airflow/.local/lib/python3.8/site-packages/airflow/example_dags/example_branch_operator.py took 0.117 seconds
[2024-06-04T08:08:07.628+0000] {processor.py:161} INFO - Started process (PID=2085) to work on /home/airflow/.local/lib/python3.8/site-packages/airflow/example_dags/example_branch_operator.py
[2024-06-04T08:08:07.630+0000] {processor.py:830} INFO - Processing file /home/airflow/.local/lib/python3.8/site-packages/airflow/example_dags/example_branch_operator.py for tasks to queue
[2024-06-04T08:08:07.632+0000] {logging_mixin.py:188} INFO - [2024-06-04T08:08:07.631+0000] {dagbag.py:540} INFO - Filling up the DagBag from /home/airflow/.local/lib/python3.8/site-packages/airflow/example_dags/example_branch_operator.py
[2024-06-04T08:08:07.654+0000] {processor.py:840} INFO - DAG(s) 'example_branch_operator' retrieved from /home/airflow/.local/lib/python3.8/site-packages/airflow/example_dags/example_branch_operator.py
[2024-06-04T08:08:07.691+0000] {logging_mixin.py:188} INFO - [2024-06-04T08:08:07.691+0000] {dag.py:3047} INFO - Sync 1 DAGs
[2024-06-04T08:08:07.725+0000] {logging_mixin.py:188} INFO - [2024-06-04T08:08:07.724+0000] {dag.py:3834} INFO - Setting next_dagrun for example_branch_operator to 2024-06-03 00:00:00+00:00, run_after=2024-06-04 00:00:00+00:00
[2024-06-04T08:08:07.763+0000] {processor.py:183} INFO - Processing /home/airflow/.local/lib/python3.8/site-packages/airflow/example_dags/example_branch_operator.py took 0.140 seconds
[2024-06-04T08:08:38.390+0000] {processor.py:161} INFO - Started process (PID=2142) to work on /home/airflow/.local/lib/python3.8/site-packages/airflow/example_dags/example_branch_operator.py
[2024-06-04T08:08:38.391+0000] {processor.py:830} INFO - Processing file /home/airflow/.local/lib/python3.8/site-packages/airflow/example_dags/example_branch_operator.py for tasks to queue
[2024-06-04T08:08:38.393+0000] {logging_mixin.py:188} INFO - [2024-06-04T08:08:38.393+0000] {dagbag.py:540} INFO - Filling up the DagBag from /home/airflow/.local/lib/python3.8/site-packages/airflow/example_dags/example_branch_operator.py
[2024-06-04T08:08:38.416+0000] {processor.py:840} INFO - DAG(s) 'example_branch_operator' retrieved from /home/airflow/.local/lib/python3.8/site-packages/airflow/example_dags/example_branch_operator.py
[2024-06-04T08:08:38.454+0000] {logging_mixin.py:188} INFO - [2024-06-04T08:08:38.453+0000] {dag.py:3047} INFO - Sync 1 DAGs
[2024-06-04T08:08:38.481+0000] {logging_mixin.py:188} INFO - [2024-06-04T08:08:38.481+0000] {dag.py:3834} INFO - Setting next_dagrun for example_branch_operator to 2024-06-03 00:00:00+00:00, run_after=2024-06-04 00:00:00+00:00
[2024-06-04T08:08:38.505+0000] {processor.py:183} INFO - Processing /home/airflow/.local/lib/python3.8/site-packages/airflow/example_dags/example_branch_operator.py took 0.119 seconds
[2024-06-04T08:09:09.055+0000] {processor.py:161} INFO - Started process (PID=2200) to work on /home/airflow/.local/lib/python3.8/site-packages/airflow/example_dags/example_branch_operator.py
[2024-06-04T08:09:09.056+0000] {processor.py:830} INFO - Processing file /home/airflow/.local/lib/python3.8/site-packages/airflow/example_dags/example_branch_operator.py for tasks to queue
[2024-06-04T08:09:09.058+0000] {logging_mixin.py:188} INFO - [2024-06-04T08:09:09.058+0000] {dagbag.py:540} INFO - Filling up the DagBag from /home/airflow/.local/lib/python3.8/site-packages/airflow/example_dags/example_branch_operator.py
[2024-06-04T08:09:09.079+0000] {processor.py:840} INFO - DAG(s) 'example_branch_operator' retrieved from /home/airflow/.local/lib/python3.8/site-packages/airflow/example_dags/example_branch_operator.py
[2024-06-04T08:09:09.326+0000] {logging_mixin.py:188} INFO - [2024-06-04T08:09:09.326+0000] {dag.py:3047} INFO - Sync 1 DAGs
[2024-06-04T08:09:09.354+0000] {logging_mixin.py:188} INFO - [2024-06-04T08:09:09.354+0000] {dag.py:3834} INFO - Setting next_dagrun for example_branch_operator to 2024-06-03 00:00:00+00:00, run_after=2024-06-04 00:00:00+00:00
[2024-06-04T08:09:09.378+0000] {processor.py:183} INFO - Processing /home/airflow/.local/lib/python3.8/site-packages/airflow/example_dags/example_branch_operator.py took 0.327 seconds
[2024-06-04T08:09:39.491+0000] {processor.py:161} INFO - Started process (PID=2258) to work on /home/airflow/.local/lib/python3.8/site-packages/airflow/example_dags/example_branch_operator.py
[2024-06-04T08:09:39.493+0000] {processor.py:830} INFO - Processing file /home/airflow/.local/lib/python3.8/site-packages/airflow/example_dags/example_branch_operator.py for tasks to queue
[2024-06-04T08:09:39.494+0000] {logging_mixin.py:188} INFO - [2024-06-04T08:09:39.494+0000] {dagbag.py:540} INFO - Filling up the DagBag from /home/airflow/.local/lib/python3.8/site-packages/airflow/example_dags/example_branch_operator.py
[2024-06-04T08:09:39.514+0000] {processor.py:840} INFO - DAG(s) 'example_branch_operator' retrieved from /home/airflow/.local/lib/python3.8/site-packages/airflow/example_dags/example_branch_operator.py
[2024-06-04T08:09:39.553+0000] {logging_mixin.py:188} INFO - [2024-06-04T08:09:39.553+0000] {dag.py:3047} INFO - Sync 1 DAGs
[2024-06-04T08:09:39.578+0000] {logging_mixin.py:188} INFO - [2024-06-04T08:09:39.577+0000] {dag.py:3834} INFO - Setting next_dagrun for example_branch_operator to 2024-06-03 00:00:00+00:00, run_after=2024-06-04 00:00:00+00:00
[2024-06-04T08:09:39.612+0000] {processor.py:183} INFO - Processing /home/airflow/.local/lib/python3.8/site-packages/airflow/example_dags/example_branch_operator.py took 0.124 seconds
[2024-06-04T08:10:10.130+0000] {processor.py:161} INFO - Started process (PID=2316) to work on /home/airflow/.local/lib/python3.8/site-packages/airflow/example_dags/example_branch_operator.py
[2024-06-04T08:10:10.132+0000] {processor.py:830} INFO - Processing file /home/airflow/.local/lib/python3.8/site-packages/airflow/example_dags/example_branch_operator.py for tasks to queue
[2024-06-04T08:10:10.134+0000] {logging_mixin.py:188} INFO - [2024-06-04T08:10:10.133+0000] {dagbag.py:540} INFO - Filling up the DagBag from /home/airflow/.local/lib/python3.8/site-packages/airflow/example_dags/example_branch_operator.py
[2024-06-04T08:10:10.152+0000] {processor.py:840} INFO - DAG(s) 'example_branch_operator' retrieved from /home/airflow/.local/lib/python3.8/site-packages/airflow/example_dags/example_branch_operator.py
[2024-06-04T08:10:10.183+0000] {logging_mixin.py:188} INFO - [2024-06-04T08:10:10.183+0000] {dag.py:3047} INFO - Sync 1 DAGs
[2024-06-04T08:10:10.209+0000] {logging_mixin.py:188} INFO - [2024-06-04T08:10:10.208+0000] {dag.py:3834} INFO - Setting next_dagrun for example_branch_operator to 2024-06-03 00:00:00+00:00, run_after=2024-06-04 00:00:00+00:00
[2024-06-04T08:10:10.234+0000] {processor.py:183} INFO - Processing /home/airflow/.local/lib/python3.8/site-packages/airflow/example_dags/example_branch_operator.py took 0.107 seconds
[2024-06-04T08:10:40.491+0000] {processor.py:161} INFO - Started process (PID=2374) to work on /home/airflow/.local/lib/python3.8/site-packages/airflow/example_dags/example_branch_operator.py
[2024-06-04T08:10:40.492+0000] {processor.py:830} INFO - Processing file /home/airflow/.local/lib/python3.8/site-packages/airflow/example_dags/example_branch_operator.py for tasks to queue
[2024-06-04T08:10:40.494+0000] {logging_mixin.py:188} INFO - [2024-06-04T08:10:40.494+0000] {dagbag.py:540} INFO - Filling up the DagBag from /home/airflow/.local/lib/python3.8/site-packages/airflow/example_dags/example_branch_operator.py
[2024-06-04T08:10:40.514+0000] {processor.py:840} INFO - DAG(s) 'example_branch_operator' retrieved from /home/airflow/.local/lib/python3.8/site-packages/airflow/example_dags/example_branch_operator.py
[2024-06-04T08:10:40.553+0000] {logging_mixin.py:188} INFO - [2024-06-04T08:10:40.552+0000] {dag.py:3047} INFO - Sync 1 DAGs
[2024-06-04T08:10:40.584+0000] {logging_mixin.py:188} INFO - [2024-06-04T08:10:40.584+0000] {dag.py:3834} INFO - Setting next_dagrun for example_branch_operator to 2024-06-03 00:00:00+00:00, run_after=2024-06-04 00:00:00+00:00
[2024-06-04T08:10:40.609+0000] {processor.py:183} INFO - Processing /home/airflow/.local/lib/python3.8/site-packages/airflow/example_dags/example_branch_operator.py took 0.121 seconds
[2024-06-04T08:11:11.237+0000] {processor.py:161} INFO - Started process (PID=2432) to work on /home/airflow/.local/lib/python3.8/site-packages/airflow/example_dags/example_branch_operator.py
[2024-06-04T08:11:11.238+0000] {processor.py:830} INFO - Processing file /home/airflow/.local/lib/python3.8/site-packages/airflow/example_dags/example_branch_operator.py for tasks to queue
[2024-06-04T08:11:11.240+0000] {logging_mixin.py:188} INFO - [2024-06-04T08:11:11.240+0000] {dagbag.py:540} INFO - Filling up the DagBag from /home/airflow/.local/lib/python3.8/site-packages/airflow/example_dags/example_branch_operator.py
[2024-06-04T08:11:11.259+0000] {processor.py:840} INFO - DAG(s) 'example_branch_operator' retrieved from /home/airflow/.local/lib/python3.8/site-packages/airflow/example_dags/example_branch_operator.py
[2024-06-04T08:11:11.291+0000] {logging_mixin.py:188} INFO - [2024-06-04T08:11:11.291+0000] {dag.py:3047} INFO - Sync 1 DAGs
[2024-06-04T08:11:11.319+0000] {logging_mixin.py:188} INFO - [2024-06-04T08:11:11.318+0000] {dag.py:3834} INFO - Setting next_dagrun for example_branch_operator to 2024-06-03 00:00:00+00:00, run_after=2024-06-04 00:00:00+00:00
[2024-06-04T08:11:11.347+0000] {processor.py:183} INFO - Processing /home/airflow/.local/lib/python3.8/site-packages/airflow/example_dags/example_branch_operator.py took 0.115 seconds
[2024-06-04T08:11:41.618+0000] {processor.py:161} INFO - Started process (PID=2491) to work on /home/airflow/.local/lib/python3.8/site-packages/airflow/example_dags/example_branch_operator.py
[2024-06-04T08:11:41.619+0000] {processor.py:830} INFO - Processing file /home/airflow/.local/lib/python3.8/site-packages/airflow/example_dags/example_branch_operator.py for tasks to queue
[2024-06-04T08:11:41.621+0000] {logging_mixin.py:188} INFO - [2024-06-04T08:11:41.621+0000] {dagbag.py:540} INFO - Filling up the DagBag from /home/airflow/.local/lib/python3.8/site-packages/airflow/example_dags/example_branch_operator.py
[2024-06-04T08:11:41.644+0000] {processor.py:840} INFO - DAG(s) 'example_branch_operator' retrieved from /home/airflow/.local/lib/python3.8/site-packages/airflow/example_dags/example_branch_operator.py
[2024-06-04T08:11:41.713+0000] {logging_mixin.py:188} INFO - [2024-06-04T08:11:41.713+0000] {dag.py:3047} INFO - Sync 1 DAGs
[2024-06-04T08:11:41.742+0000] {logging_mixin.py:188} INFO - [2024-06-04T08:11:41.742+0000] {dag.py:3834} INFO - Setting next_dagrun for example_branch_operator to 2024-06-03 00:00:00+00:00, run_after=2024-06-04 00:00:00+00:00
[2024-06-04T08:11:41.806+0000] {processor.py:183} INFO - Processing /home/airflow/.local/lib/python3.8/site-packages/airflow/example_dags/example_branch_operator.py took 0.192 seconds
[2024-06-04T08:12:12.060+0000] {processor.py:161} INFO - Started process (PID=2550) to work on /home/airflow/.local/lib/python3.8/site-packages/airflow/example_dags/example_branch_operator.py
[2024-06-04T08:12:12.062+0000] {processor.py:830} INFO - Processing file /home/airflow/.local/lib/python3.8/site-packages/airflow/example_dags/example_branch_operator.py for tasks to queue
[2024-06-04T08:12:12.064+0000] {logging_mixin.py:188} INFO - [2024-06-04T08:12:12.064+0000] {dagbag.py:540} INFO - Filling up the DagBag from /home/airflow/.local/lib/python3.8/site-packages/airflow/example_dags/example_branch_operator.py
[2024-06-04T08:12:12.087+0000] {processor.py:840} INFO - DAG(s) 'example_branch_operator' retrieved from /home/airflow/.local/lib/python3.8/site-packages/airflow/example_dags/example_branch_operator.py
[2024-06-04T08:12:12.129+0000] {logging_mixin.py:188} INFO - [2024-06-04T08:12:12.129+0000] {dag.py:3047} INFO - Sync 1 DAGs
[2024-06-04T08:12:12.161+0000] {logging_mixin.py:188} INFO - [2024-06-04T08:12:12.161+0000] {dag.py:3834} INFO - Setting next_dagrun for example_branch_operator to 2024-06-03 00:00:00+00:00, run_after=2024-06-04 00:00:00+00:00
[2024-06-04T08:12:12.186+0000] {processor.py:183} INFO - Processing /home/airflow/.local/lib/python3.8/site-packages/airflow/example_dags/example_branch_operator.py took 0.130 seconds
[2024-06-04T08:12:42.528+0000] {processor.py:161} INFO - Started process (PID=2609) to work on /home/airflow/.local/lib/python3.8/site-packages/airflow/example_dags/example_branch_operator.py
[2024-06-04T08:12:42.529+0000] {processor.py:830} INFO - Processing file /home/airflow/.local/lib/python3.8/site-packages/airflow/example_dags/example_branch_operator.py for tasks to queue
[2024-06-04T08:12:42.531+0000] {logging_mixin.py:188} INFO - [2024-06-04T08:12:42.531+0000] {dagbag.py:540} INFO - Filling up the DagBag from /home/airflow/.local/lib/python3.8/site-packages/airflow/example_dags/example_branch_operator.py
[2024-06-04T08:12:42.555+0000] {processor.py:840} INFO - DAG(s) 'example_branch_operator' retrieved from /home/airflow/.local/lib/python3.8/site-packages/airflow/example_dags/example_branch_operator.py
[2024-06-04T08:12:42.626+0000] {logging_mixin.py:188} INFO - [2024-06-04T08:12:42.626+0000] {dag.py:3047} INFO - Sync 1 DAGs
[2024-06-04T08:12:42.659+0000] {logging_mixin.py:188} INFO - [2024-06-04T08:12:42.658+0000] {dag.py:3834} INFO - Setting next_dagrun for example_branch_operator to 2024-06-03 00:00:00+00:00, run_after=2024-06-04 00:00:00+00:00
[2024-06-04T08:12:42.723+0000] {processor.py:183} INFO - Processing /home/airflow/.local/lib/python3.8/site-packages/airflow/example_dags/example_branch_operator.py took 0.199 seconds
[2024-06-04T08:13:13.119+0000] {processor.py:161} INFO - Started process (PID=2665) to work on /home/airflow/.local/lib/python3.8/site-packages/airflow/example_dags/example_branch_operator.py
[2024-06-04T08:13:13.121+0000] {processor.py:830} INFO - Processing file /home/airflow/.local/lib/python3.8/site-packages/airflow/example_dags/example_branch_operator.py for tasks to queue
[2024-06-04T08:13:13.123+0000] {logging_mixin.py:188} INFO - [2024-06-04T08:13:13.123+0000] {dagbag.py:540} INFO - Filling up the DagBag from /home/airflow/.local/lib/python3.8/site-packages/airflow/example_dags/example_branch_operator.py
[2024-06-04T08:13:13.150+0000] {processor.py:840} INFO - DAG(s) 'example_branch_operator' retrieved from /home/airflow/.local/lib/python3.8/site-packages/airflow/example_dags/example_branch_operator.py
[2024-06-04T08:13:13.195+0000] {logging_mixin.py:188} INFO - [2024-06-04T08:13:13.195+0000] {dag.py:3047} INFO - Sync 1 DAGs
[2024-06-04T08:13:13.231+0000] {logging_mixin.py:188} INFO - [2024-06-04T08:13:13.230+0000] {dag.py:3834} INFO - Setting next_dagrun for example_branch_operator to 2024-06-03 00:00:00+00:00, run_after=2024-06-04 00:00:00+00:00
[2024-06-04T08:13:13.262+0000] {processor.py:183} INFO - Processing /home/airflow/.local/lib/python3.8/site-packages/airflow/example_dags/example_branch_operator.py took 0.148 seconds
[2024-06-04T08:13:43.520+0000] {processor.py:161} INFO - Started process (PID=2724) to work on /home/airflow/.local/lib/python3.8/site-packages/airflow/example_dags/example_branch_operator.py
[2024-06-04T08:13:43.521+0000] {processor.py:830} INFO - Processing file /home/airflow/.local/lib/python3.8/site-packages/airflow/example_dags/example_branch_operator.py for tasks to queue
[2024-06-04T08:13:43.524+0000] {logging_mixin.py:188} INFO - [2024-06-04T08:13:43.524+0000] {dagbag.py:540} INFO - Filling up the DagBag from /home/airflow/.local/lib/python3.8/site-packages/airflow/example_dags/example_branch_operator.py
[2024-06-04T08:13:43.550+0000] {processor.py:840} INFO - DAG(s) 'example_branch_operator' retrieved from /home/airflow/.local/lib/python3.8/site-packages/airflow/example_dags/example_branch_operator.py
[2024-06-04T08:13:43.571+0000] {logging_mixin.py:188} INFO - [2024-06-04T08:13:43.571+0000] {dag.py:3047} INFO - Sync 1 DAGs
[2024-06-04T08:13:43.640+0000] {logging_mixin.py:188} INFO - [2024-06-04T08:13:43.640+0000] {dag.py:3834} INFO - Setting next_dagrun for example_branch_operator to 2024-06-03 00:00:00+00:00, run_after=2024-06-04 00:00:00+00:00
[2024-06-04T08:13:43.717+0000] {processor.py:183} INFO - Processing /home/airflow/.local/lib/python3.8/site-packages/airflow/example_dags/example_branch_operator.py took 0.202 seconds
[2024-06-04T08:14:14.489+0000] {processor.py:161} INFO - Started process (PID=2783) to work on /home/airflow/.local/lib/python3.8/site-packages/airflow/example_dags/example_branch_operator.py
[2024-06-04T08:14:14.490+0000] {processor.py:830} INFO - Processing file /home/airflow/.local/lib/python3.8/site-packages/airflow/example_dags/example_branch_operator.py for tasks to queue
[2024-06-04T08:14:14.492+0000] {logging_mixin.py:188} INFO - [2024-06-04T08:14:14.492+0000] {dagbag.py:540} INFO - Filling up the DagBag from /home/airflow/.local/lib/python3.8/site-packages/airflow/example_dags/example_branch_operator.py
[2024-06-04T08:14:14.516+0000] {processor.py:840} INFO - DAG(s) 'example_branch_operator' retrieved from /home/airflow/.local/lib/python3.8/site-packages/airflow/example_dags/example_branch_operator.py
[2024-06-04T08:14:14.662+0000] {logging_mixin.py:188} INFO - [2024-06-04T08:14:14.662+0000] {dag.py:3047} INFO - Sync 1 DAGs
[2024-06-04T08:14:14.692+0000] {logging_mixin.py:188} INFO - [2024-06-04T08:14:14.692+0000] {dag.py:3834} INFO - Setting next_dagrun for example_branch_operator to 2024-06-03 00:00:00+00:00, run_after=2024-06-04 00:00:00+00:00
[2024-06-04T08:14:14.720+0000] {processor.py:183} INFO - Processing /home/airflow/.local/lib/python3.8/site-packages/airflow/example_dags/example_branch_operator.py took 0.236 seconds
[2024-06-04T08:14:45.095+0000] {processor.py:161} INFO - Started process (PID=2842) to work on /home/airflow/.local/lib/python3.8/site-packages/airflow/example_dags/example_branch_operator.py
[2024-06-04T08:14:45.097+0000] {processor.py:830} INFO - Processing file /home/airflow/.local/lib/python3.8/site-packages/airflow/example_dags/example_branch_operator.py for tasks to queue
[2024-06-04T08:14:45.099+0000] {logging_mixin.py:188} INFO - [2024-06-04T08:14:45.099+0000] {dagbag.py:540} INFO - Filling up the DagBag from /home/airflow/.local/lib/python3.8/site-packages/airflow/example_dags/example_branch_operator.py
[2024-06-04T08:14:45.118+0000] {processor.py:840} INFO - DAG(s) 'example_branch_operator' retrieved from /home/airflow/.local/lib/python3.8/site-packages/airflow/example_dags/example_branch_operator.py
[2024-06-04T08:14:45.154+0000] {logging_mixin.py:188} INFO - [2024-06-04T08:14:45.153+0000] {dag.py:3047} INFO - Sync 1 DAGs
[2024-06-04T08:14:45.181+0000] {logging_mixin.py:188} INFO - [2024-06-04T08:14:45.180+0000] {dag.py:3834} INFO - Setting next_dagrun for example_branch_operator to 2024-06-03 00:00:00+00:00, run_after=2024-06-04 00:00:00+00:00
[2024-06-04T08:14:45.212+0000] {processor.py:183} INFO - Processing /home/airflow/.local/lib/python3.8/site-packages/airflow/example_dags/example_branch_operator.py took 0.121 seconds
[2024-06-04T08:15:18.207+0000] {processor.py:161} INFO - Started process (PID=2920) to work on /home/airflow/.local/lib/python3.8/site-packages/airflow/example_dags/example_branch_operator.py
[2024-06-04T08:15:18.217+0000] {processor.py:830} INFO - Processing file /home/airflow/.local/lib/python3.8/site-packages/airflow/example_dags/example_branch_operator.py for tasks to queue
[2024-06-04T08:15:18.220+0000] {logging_mixin.py:188} INFO - [2024-06-04T08:15:18.219+0000] {dagbag.py:540} INFO - Filling up the DagBag from /home/airflow/.local/lib/python3.8/site-packages/airflow/example_dags/example_branch_operator.py
[2024-06-04T08:15:18.510+0000] {processor.py:840} INFO - DAG(s) 'example_branch_operator' retrieved from /home/airflow/.local/lib/python3.8/site-packages/airflow/example_dags/example_branch_operator.py
[2024-06-04T08:15:18.909+0000] {logging_mixin.py:188} INFO - [2024-06-04T08:15:18.909+0000] {dag.py:3047} INFO - Sync 1 DAGs
[2024-06-04T08:15:19.300+0000] {logging_mixin.py:188} INFO - [2024-06-04T08:15:19.211+0000] {dag.py:3834} INFO - Setting next_dagrun for example_branch_operator to 2024-06-03 00:00:00+00:00, run_after=2024-06-04 00:00:00+00:00
[2024-06-04T08:15:19.513+0000] {processor.py:183} INFO - Processing /home/airflow/.local/lib/python3.8/site-packages/airflow/example_dags/example_branch_operator.py took 1.398 seconds
[2024-06-04T08:15:57.516+0000] {processor.py:161} INFO - Started process (PID=3007) to work on /home/airflow/.local/lib/python3.8/site-packages/airflow/example_dags/example_branch_operator.py
[2024-06-04T08:15:57.518+0000] {processor.py:830} INFO - Processing file /home/airflow/.local/lib/python3.8/site-packages/airflow/example_dags/example_branch_operator.py for tasks to queue
[2024-06-04T08:15:57.522+0000] {logging_mixin.py:188} INFO - [2024-06-04T08:15:57.521+0000] {dagbag.py:540} INFO - Filling up the DagBag from /home/airflow/.local/lib/python3.8/site-packages/airflow/example_dags/example_branch_operator.py
[2024-06-04T08:15:57.616+0000] {processor.py:840} INFO - DAG(s) 'example_branch_operator' retrieved from /home/airflow/.local/lib/python3.8/site-packages/airflow/example_dags/example_branch_operator.py
[2024-06-04T08:15:57.803+0000] {logging_mixin.py:188} INFO - [2024-06-04T08:15:57.802+0000] {dag.py:3047} INFO - Sync 1 DAGs
[2024-06-04T08:15:57.838+0000] {logging_mixin.py:188} INFO - [2024-06-04T08:15:57.837+0000] {dag.py:3834} INFO - Setting next_dagrun for example_branch_operator to 2024-06-03 00:00:00+00:00, run_after=2024-06-04 00:00:00+00:00
[2024-06-04T08:15:58.005+0000] {processor.py:183} INFO - Processing /home/airflow/.local/lib/python3.8/site-packages/airflow/example_dags/example_branch_operator.py took 0.500 seconds
[2024-06-04T08:16:29.012+0000] {processor.py:161} INFO - Started process (PID=3096) to work on /home/airflow/.local/lib/python3.8/site-packages/airflow/example_dags/example_branch_operator.py
[2024-06-04T08:16:29.018+0000] {processor.py:830} INFO - Processing file /home/airflow/.local/lib/python3.8/site-packages/airflow/example_dags/example_branch_operator.py for tasks to queue
[2024-06-04T08:16:29.021+0000] {logging_mixin.py:188} INFO - [2024-06-04T08:16:29.020+0000] {dagbag.py:540} INFO - Filling up the DagBag from /home/airflow/.local/lib/python3.8/site-packages/airflow/example_dags/example_branch_operator.py
[2024-06-04T08:16:29.135+0000] {processor.py:840} INFO - DAG(s) 'example_branch_operator' retrieved from /home/airflow/.local/lib/python3.8/site-packages/airflow/example_dags/example_branch_operator.py
[2024-06-04T08:16:29.317+0000] {logging_mixin.py:188} INFO - [2024-06-04T08:16:29.316+0000] {dag.py:3047} INFO - Sync 1 DAGs
[2024-06-04T08:16:29.504+0000] {logging_mixin.py:188} INFO - [2024-06-04T08:16:29.503+0000] {dag.py:3834} INFO - Setting next_dagrun for example_branch_operator to 2024-06-03 00:00:00+00:00, run_after=2024-06-04 00:00:00+00:00
[2024-06-04T08:16:29.802+0000] {processor.py:183} INFO - Processing /home/airflow/.local/lib/python3.8/site-packages/airflow/example_dags/example_branch_operator.py took 0.795 seconds
[2024-06-04T08:17:00.816+0000] {processor.py:161} INFO - Started process (PID=3175) to work on /home/airflow/.local/lib/python3.8/site-packages/airflow/example_dags/example_branch_operator.py
[2024-06-04T08:17:00.818+0000] {processor.py:830} INFO - Processing file /home/airflow/.local/lib/python3.8/site-packages/airflow/example_dags/example_branch_operator.py for tasks to queue
[2024-06-04T08:17:00.820+0000] {logging_mixin.py:188} INFO - [2024-06-04T08:17:00.820+0000] {dagbag.py:540} INFO - Filling up the DagBag from /home/airflow/.local/lib/python3.8/site-packages/airflow/example_dags/example_branch_operator.py
[2024-06-04T08:17:00.917+0000] {processor.py:840} INFO - DAG(s) 'example_branch_operator' retrieved from /home/airflow/.local/lib/python3.8/site-packages/airflow/example_dags/example_branch_operator.py
[2024-06-04T08:17:01.202+0000] {logging_mixin.py:188} INFO - [2024-06-04T08:17:01.201+0000] {dag.py:3047} INFO - Sync 1 DAGs
[2024-06-04T08:17:01.314+0000] {logging_mixin.py:188} INFO - [2024-06-04T08:17:01.313+0000] {dag.py:3834} INFO - Setting next_dagrun for example_branch_operator to 2024-06-03 00:00:00+00:00, run_after=2024-06-04 00:00:00+00:00
[2024-06-04T08:17:01.414+0000] {processor.py:183} INFO - Processing /home/airflow/.local/lib/python3.8/site-packages/airflow/example_dags/example_branch_operator.py took 0.602 seconds
[2024-06-04T08:17:32.030+0000] {processor.py:161} INFO - Started process (PID=3265) to work on /home/airflow/.local/lib/python3.8/site-packages/airflow/example_dags/example_branch_operator.py
[2024-06-04T08:17:32.101+0000] {processor.py:830} INFO - Processing file /home/airflow/.local/lib/python3.8/site-packages/airflow/example_dags/example_branch_operator.py for tasks to queue
[2024-06-04T08:17:32.104+0000] {logging_mixin.py:188} INFO - [2024-06-04T08:17:32.103+0000] {dagbag.py:540} INFO - Filling up the DagBag from /home/airflow/.local/lib/python3.8/site-packages/airflow/example_dags/example_branch_operator.py
[2024-06-04T08:17:32.217+0000] {processor.py:840} INFO - DAG(s) 'example_branch_operator' retrieved from /home/airflow/.local/lib/python3.8/site-packages/airflow/example_dags/example_branch_operator.py
[2024-06-04T08:17:32.503+0000] {logging_mixin.py:188} INFO - [2024-06-04T08:17:32.502+0000] {dag.py:3047} INFO - Sync 1 DAGs
[2024-06-04T08:17:32.615+0000] {logging_mixin.py:188} INFO - [2024-06-04T08:17:32.615+0000] {dag.py:3834} INFO - Setting next_dagrun for example_branch_operator to 2024-06-03 00:00:00+00:00, run_after=2024-06-04 00:00:00+00:00
[2024-06-04T08:17:32.714+0000] {processor.py:183} INFO - Processing /home/airflow/.local/lib/python3.8/site-packages/airflow/example_dags/example_branch_operator.py took 0.707 seconds
