[2024-06-04T07:51:26.447+0000] {processor.py:161} INFO - Started process (PID=189) to work on /home/airflow/.local/lib/python3.8/site-packages/airflow/example_dags/example_skip_dag.py
[2024-06-04T07:51:26.448+0000] {processor.py:830} INFO - Processing file /home/airflow/.local/lib/python3.8/site-packages/airflow/example_dags/example_skip_dag.py for tasks to queue
[2024-06-04T07:51:26.450+0000] {logging_mixin.py:188} INFO - [2024-06-04T07:51:26.450+0000] {dagbag.py:540} INFO - Filling up the DagBag from /home/airflow/.local/lib/python3.8/site-packages/airflow/example_dags/example_skip_dag.py
[2024-06-04T07:51:26.461+0000] {processor.py:840} INFO - DAG(s) 'example_skip_dag' retrieved from /home/airflow/.local/lib/python3.8/site-packages/airflow/example_dags/example_skip_dag.py
[2024-06-04T07:51:26.640+0000] {logging_mixin.py:188} INFO - [2024-06-04T07:51:26.639+0000] {dag.py:3047} INFO - Sync 1 DAGs
[2024-06-04T07:51:26.661+0000] {logging_mixin.py:188} INFO - [2024-06-04T07:51:26.660+0000] {dag.py:3834} INFO - Setting next_dagrun for example_skip_dag to 2024-06-03 00:00:00+00:00, run_after=2024-06-04 00:00:00+00:00
[2024-06-04T07:51:26.725+0000] {processor.py:183} INFO - Processing /home/airflow/.local/lib/python3.8/site-packages/airflow/example_dags/example_skip_dag.py took 0.282 seconds
[2024-06-04T07:51:56.837+0000] {processor.py:161} INFO - Started process (PID=247) to work on /home/airflow/.local/lib/python3.8/site-packages/airflow/example_dags/example_skip_dag.py
[2024-06-04T07:51:56.838+0000] {processor.py:830} INFO - Processing file /home/airflow/.local/lib/python3.8/site-packages/airflow/example_dags/example_skip_dag.py for tasks to queue
[2024-06-04T07:51:56.840+0000] {logging_mixin.py:188} INFO - [2024-06-04T07:51:56.840+0000] {dagbag.py:540} INFO - Filling up the DagBag from /home/airflow/.local/lib/python3.8/site-packages/airflow/example_dags/example_skip_dag.py
[2024-06-04T07:51:56.848+0000] {processor.py:840} INFO - DAG(s) 'example_skip_dag' retrieved from /home/airflow/.local/lib/python3.8/site-packages/airflow/example_dags/example_skip_dag.py
[2024-06-04T07:51:56.875+0000] {logging_mixin.py:188} INFO - [2024-06-04T07:51:56.874+0000] {dag.py:3047} INFO - Sync 1 DAGs
[2024-06-04T07:51:56.897+0000] {logging_mixin.py:188} INFO - [2024-06-04T07:51:56.897+0000] {dag.py:3834} INFO - Setting next_dagrun for example_skip_dag to 2024-06-03 00:00:00+00:00, run_after=2024-06-04 00:00:00+00:00
[2024-06-04T07:51:56.921+0000] {processor.py:183} INFO - Processing /home/airflow/.local/lib/python3.8/site-packages/airflow/example_dags/example_skip_dag.py took 0.089 seconds
[2024-06-04T07:52:27.239+0000] {processor.py:161} INFO - Started process (PID=305) to work on /home/airflow/.local/lib/python3.8/site-packages/airflow/example_dags/example_skip_dag.py
[2024-06-04T07:52:27.240+0000] {processor.py:830} INFO - Processing file /home/airflow/.local/lib/python3.8/site-packages/airflow/example_dags/example_skip_dag.py for tasks to queue
[2024-06-04T07:52:27.242+0000] {logging_mixin.py:188} INFO - [2024-06-04T07:52:27.242+0000] {dagbag.py:540} INFO - Filling up the DagBag from /home/airflow/.local/lib/python3.8/site-packages/airflow/example_dags/example_skip_dag.py
[2024-06-04T07:52:27.250+0000] {processor.py:840} INFO - DAG(s) 'example_skip_dag' retrieved from /home/airflow/.local/lib/python3.8/site-packages/airflow/example_dags/example_skip_dag.py
[2024-06-04T07:52:27.275+0000] {logging_mixin.py:188} INFO - [2024-06-04T07:52:27.275+0000] {dag.py:3047} INFO - Sync 1 DAGs
[2024-06-04T07:52:27.296+0000] {logging_mixin.py:188} INFO - [2024-06-04T07:52:27.296+0000] {dag.py:3834} INFO - Setting next_dagrun for example_skip_dag to 2024-06-03 00:00:00+00:00, run_after=2024-06-04 00:00:00+00:00
[2024-06-04T07:52:27.318+0000] {processor.py:183} INFO - Processing /home/airflow/.local/lib/python3.8/site-packages/airflow/example_dags/example_skip_dag.py took 0.083 seconds
[2024-06-04T07:52:57.634+0000] {processor.py:161} INFO - Started process (PID=363) to work on /home/airflow/.local/lib/python3.8/site-packages/airflow/example_dags/example_skip_dag.py
[2024-06-04T07:52:57.635+0000] {processor.py:830} INFO - Processing file /home/airflow/.local/lib/python3.8/site-packages/airflow/example_dags/example_skip_dag.py for tasks to queue
[2024-06-04T07:52:57.638+0000] {logging_mixin.py:188} INFO - [2024-06-04T07:52:57.637+0000] {dagbag.py:540} INFO - Filling up the DagBag from /home/airflow/.local/lib/python3.8/site-packages/airflow/example_dags/example_skip_dag.py
[2024-06-04T07:52:57.646+0000] {processor.py:840} INFO - DAG(s) 'example_skip_dag' retrieved from /home/airflow/.local/lib/python3.8/site-packages/airflow/example_dags/example_skip_dag.py
[2024-06-04T07:52:57.674+0000] {logging_mixin.py:188} INFO - [2024-06-04T07:52:57.674+0000] {dag.py:3047} INFO - Sync 1 DAGs
[2024-06-04T07:52:57.698+0000] {logging_mixin.py:188} INFO - [2024-06-04T07:52:57.697+0000] {dag.py:3834} INFO - Setting next_dagrun for example_skip_dag to 2024-06-03 00:00:00+00:00, run_after=2024-06-04 00:00:00+00:00
[2024-06-04T07:52:57.722+0000] {processor.py:183} INFO - Processing /home/airflow/.local/lib/python3.8/site-packages/airflow/example_dags/example_skip_dag.py took 0.093 seconds
[2024-06-04T07:53:27.881+0000] {processor.py:161} INFO - Started process (PID=421) to work on /home/airflow/.local/lib/python3.8/site-packages/airflow/example_dags/example_skip_dag.py
[2024-06-04T07:53:27.882+0000] {processor.py:830} INFO - Processing file /home/airflow/.local/lib/python3.8/site-packages/airflow/example_dags/example_skip_dag.py for tasks to queue
[2024-06-04T07:53:27.884+0000] {logging_mixin.py:188} INFO - [2024-06-04T07:53:27.883+0000] {dagbag.py:540} INFO - Filling up the DagBag from /home/airflow/.local/lib/python3.8/site-packages/airflow/example_dags/example_skip_dag.py
[2024-06-04T07:53:27.890+0000] {processor.py:840} INFO - DAG(s) 'example_skip_dag' retrieved from /home/airflow/.local/lib/python3.8/site-packages/airflow/example_dags/example_skip_dag.py
[2024-06-04T07:53:27.920+0000] {logging_mixin.py:188} INFO - [2024-06-04T07:53:27.920+0000] {dag.py:3047} INFO - Sync 1 DAGs
[2024-06-04T07:53:27.950+0000] {logging_mixin.py:188} INFO - [2024-06-04T07:53:27.950+0000] {dag.py:3834} INFO - Setting next_dagrun for example_skip_dag to 2024-06-03 00:00:00+00:00, run_after=2024-06-04 00:00:00+00:00
[2024-06-04T07:53:27.970+0000] {processor.py:183} INFO - Processing /home/airflow/.local/lib/python3.8/site-packages/airflow/example_dags/example_skip_dag.py took 0.093 seconds
[2024-06-04T07:53:59.205+0000] {processor.py:161} INFO - Started process (PID=479) to work on /home/airflow/.local/lib/python3.8/site-packages/airflow/example_dags/example_skip_dag.py
[2024-06-04T07:53:59.206+0000] {processor.py:830} INFO - Processing file /home/airflow/.local/lib/python3.8/site-packages/airflow/example_dags/example_skip_dag.py for tasks to queue
[2024-06-04T07:53:59.209+0000] {logging_mixin.py:188} INFO - [2024-06-04T07:53:59.208+0000] {dagbag.py:540} INFO - Filling up the DagBag from /home/airflow/.local/lib/python3.8/site-packages/airflow/example_dags/example_skip_dag.py
[2024-06-04T07:53:59.216+0000] {processor.py:840} INFO - DAG(s) 'example_skip_dag' retrieved from /home/airflow/.local/lib/python3.8/site-packages/airflow/example_dags/example_skip_dag.py
[2024-06-04T07:53:59.242+0000] {logging_mixin.py:188} INFO - [2024-06-04T07:53:59.242+0000] {dag.py:3047} INFO - Sync 1 DAGs
[2024-06-04T07:53:59.319+0000] {logging_mixin.py:188} INFO - [2024-06-04T07:53:59.318+0000] {dag.py:3834} INFO - Setting next_dagrun for example_skip_dag to 2024-06-03 00:00:00+00:00, run_after=2024-06-04 00:00:00+00:00
[2024-06-04T07:53:59.344+0000] {processor.py:183} INFO - Processing /home/airflow/.local/lib/python3.8/site-packages/airflow/example_dags/example_skip_dag.py took 0.143 seconds
[2024-06-04T07:54:29.530+0000] {processor.py:161} INFO - Started process (PID=537) to work on /home/airflow/.local/lib/python3.8/site-packages/airflow/example_dags/example_skip_dag.py
[2024-06-04T07:54:29.531+0000] {processor.py:830} INFO - Processing file /home/airflow/.local/lib/python3.8/site-packages/airflow/example_dags/example_skip_dag.py for tasks to queue
[2024-06-04T07:54:29.533+0000] {logging_mixin.py:188} INFO - [2024-06-04T07:54:29.533+0000] {dagbag.py:540} INFO - Filling up the DagBag from /home/airflow/.local/lib/python3.8/site-packages/airflow/example_dags/example_skip_dag.py
[2024-06-04T07:54:29.540+0000] {processor.py:840} INFO - DAG(s) 'example_skip_dag' retrieved from /home/airflow/.local/lib/python3.8/site-packages/airflow/example_dags/example_skip_dag.py
[2024-06-04T07:54:29.565+0000] {logging_mixin.py:188} INFO - [2024-06-04T07:54:29.564+0000] {dag.py:3047} INFO - Sync 1 DAGs
[2024-06-04T07:54:29.587+0000] {logging_mixin.py:188} INFO - [2024-06-04T07:54:29.586+0000] {dag.py:3834} INFO - Setting next_dagrun for example_skip_dag to 2024-06-03 00:00:00+00:00, run_after=2024-06-04 00:00:00+00:00
[2024-06-04T07:54:29.606+0000] {processor.py:183} INFO - Processing /home/airflow/.local/lib/python3.8/site-packages/airflow/example_dags/example_skip_dag.py took 0.079 seconds
[2024-06-04T07:54:59.922+0000] {processor.py:161} INFO - Started process (PID=595) to work on /home/airflow/.local/lib/python3.8/site-packages/airflow/example_dags/example_skip_dag.py
[2024-06-04T07:54:59.924+0000] {processor.py:830} INFO - Processing file /home/airflow/.local/lib/python3.8/site-packages/airflow/example_dags/example_skip_dag.py for tasks to queue
[2024-06-04T07:54:59.926+0000] {logging_mixin.py:188} INFO - [2024-06-04T07:54:59.925+0000] {dagbag.py:540} INFO - Filling up the DagBag from /home/airflow/.local/lib/python3.8/site-packages/airflow/example_dags/example_skip_dag.py
[2024-06-04T07:54:59.935+0000] {processor.py:840} INFO - DAG(s) 'example_skip_dag' retrieved from /home/airflow/.local/lib/python3.8/site-packages/airflow/example_dags/example_skip_dag.py
[2024-06-04T07:54:59.958+0000] {logging_mixin.py:188} INFO - [2024-06-04T07:54:59.958+0000] {dag.py:3047} INFO - Sync 1 DAGs
[2024-06-04T07:54:59.981+0000] {logging_mixin.py:188} INFO - [2024-06-04T07:54:59.980+0000] {dag.py:3834} INFO - Setting next_dagrun for example_skip_dag to 2024-06-03 00:00:00+00:00, run_after=2024-06-04 00:00:00+00:00
[2024-06-04T07:55:00.004+0000] {processor.py:183} INFO - Processing /home/airflow/.local/lib/python3.8/site-packages/airflow/example_dags/example_skip_dag.py took 0.086 seconds
[2024-06-04T07:55:30.189+0000] {processor.py:161} INFO - Started process (PID=653) to work on /home/airflow/.local/lib/python3.8/site-packages/airflow/example_dags/example_skip_dag.py
[2024-06-04T07:55:30.190+0000] {processor.py:830} INFO - Processing file /home/airflow/.local/lib/python3.8/site-packages/airflow/example_dags/example_skip_dag.py for tasks to queue
[2024-06-04T07:55:30.192+0000] {logging_mixin.py:188} INFO - [2024-06-04T07:55:30.192+0000] {dagbag.py:540} INFO - Filling up the DagBag from /home/airflow/.local/lib/python3.8/site-packages/airflow/example_dags/example_skip_dag.py
[2024-06-04T07:55:30.199+0000] {processor.py:840} INFO - DAG(s) 'example_skip_dag' retrieved from /home/airflow/.local/lib/python3.8/site-packages/airflow/example_dags/example_skip_dag.py
[2024-06-04T07:55:30.224+0000] {logging_mixin.py:188} INFO - [2024-06-04T07:55:30.224+0000] {dag.py:3047} INFO - Sync 1 DAGs
[2024-06-04T07:55:30.249+0000] {logging_mixin.py:188} INFO - [2024-06-04T07:55:30.249+0000] {dag.py:3834} INFO - Setting next_dagrun for example_skip_dag to 2024-06-03 00:00:00+00:00, run_after=2024-06-04 00:00:00+00:00
[2024-06-04T07:55:30.269+0000] {processor.py:183} INFO - Processing /home/airflow/.local/lib/python3.8/site-packages/airflow/example_dags/example_skip_dag.py took 0.084 seconds
[2024-06-04T07:56:00.891+0000] {processor.py:161} INFO - Started process (PID=711) to work on /home/airflow/.local/lib/python3.8/site-packages/airflow/example_dags/example_skip_dag.py
[2024-06-04T07:56:00.892+0000] {processor.py:830} INFO - Processing file /home/airflow/.local/lib/python3.8/site-packages/airflow/example_dags/example_skip_dag.py for tasks to queue
[2024-06-04T07:56:00.894+0000] {logging_mixin.py:188} INFO - [2024-06-04T07:56:00.894+0000] {dagbag.py:540} INFO - Filling up the DagBag from /home/airflow/.local/lib/python3.8/site-packages/airflow/example_dags/example_skip_dag.py
[2024-06-04T07:56:00.901+0000] {processor.py:840} INFO - DAG(s) 'example_skip_dag' retrieved from /home/airflow/.local/lib/python3.8/site-packages/airflow/example_dags/example_skip_dag.py
[2024-06-04T07:56:00.928+0000] {logging_mixin.py:188} INFO - [2024-06-04T07:56:00.927+0000] {dag.py:3047} INFO - Sync 1 DAGs
[2024-06-04T07:56:00.951+0000] {logging_mixin.py:188} INFO - [2024-06-04T07:56:00.951+0000] {dag.py:3834} INFO - Setting next_dagrun for example_skip_dag to 2024-06-03 00:00:00+00:00, run_after=2024-06-04 00:00:00+00:00
[2024-06-04T07:56:00.972+0000] {processor.py:183} INFO - Processing /home/airflow/.local/lib/python3.8/site-packages/airflow/example_dags/example_skip_dag.py took 0.084 seconds
[2024-06-04T07:56:31.629+0000] {processor.py:161} INFO - Started process (PID=769) to work on /home/airflow/.local/lib/python3.8/site-packages/airflow/example_dags/example_skip_dag.py
[2024-06-04T07:56:31.630+0000] {processor.py:830} INFO - Processing file /home/airflow/.local/lib/python3.8/site-packages/airflow/example_dags/example_skip_dag.py for tasks to queue
[2024-06-04T07:56:31.632+0000] {logging_mixin.py:188} INFO - [2024-06-04T07:56:31.632+0000] {dagbag.py:540} INFO - Filling up the DagBag from /home/airflow/.local/lib/python3.8/site-packages/airflow/example_dags/example_skip_dag.py
[2024-06-04T07:56:31.640+0000] {processor.py:840} INFO - DAG(s) 'example_skip_dag' retrieved from /home/airflow/.local/lib/python3.8/site-packages/airflow/example_dags/example_skip_dag.py
[2024-06-04T07:56:31.663+0000] {logging_mixin.py:188} INFO - [2024-06-04T07:56:31.663+0000] {dag.py:3047} INFO - Sync 1 DAGs
[2024-06-04T07:56:31.685+0000] {logging_mixin.py:188} INFO - [2024-06-04T07:56:31.685+0000] {dag.py:3834} INFO - Setting next_dagrun for example_skip_dag to 2024-06-03 00:00:00+00:00, run_after=2024-06-04 00:00:00+00:00
[2024-06-04T07:56:31.702+0000] {processor.py:183} INFO - Processing /home/airflow/.local/lib/python3.8/site-packages/airflow/example_dags/example_skip_dag.py took 0.077 seconds
[2024-06-04T07:57:02.213+0000] {processor.py:161} INFO - Started process (PID=827) to work on /home/airflow/.local/lib/python3.8/site-packages/airflow/example_dags/example_skip_dag.py
[2024-06-04T07:57:02.215+0000] {processor.py:830} INFO - Processing file /home/airflow/.local/lib/python3.8/site-packages/airflow/example_dags/example_skip_dag.py for tasks to queue
[2024-06-04T07:57:02.217+0000] {logging_mixin.py:188} INFO - [2024-06-04T07:57:02.216+0000] {dagbag.py:540} INFO - Filling up the DagBag from /home/airflow/.local/lib/python3.8/site-packages/airflow/example_dags/example_skip_dag.py
[2024-06-04T07:57:02.224+0000] {processor.py:840} INFO - DAG(s) 'example_skip_dag' retrieved from /home/airflow/.local/lib/python3.8/site-packages/airflow/example_dags/example_skip_dag.py
[2024-06-04T07:57:02.249+0000] {logging_mixin.py:188} INFO - [2024-06-04T07:57:02.249+0000] {dag.py:3047} INFO - Sync 1 DAGs
[2024-06-04T07:57:02.273+0000] {logging_mixin.py:188} INFO - [2024-06-04T07:57:02.273+0000] {dag.py:3834} INFO - Setting next_dagrun for example_skip_dag to 2024-06-03 00:00:00+00:00, run_after=2024-06-04 00:00:00+00:00
[2024-06-04T07:57:02.294+0000] {processor.py:183} INFO - Processing /home/airflow/.local/lib/python3.8/site-packages/airflow/example_dags/example_skip_dag.py took 0.084 seconds
[2024-06-04T07:57:32.740+0000] {processor.py:161} INFO - Started process (PID=885) to work on /home/airflow/.local/lib/python3.8/site-packages/airflow/example_dags/example_skip_dag.py
[2024-06-04T07:57:32.742+0000] {processor.py:830} INFO - Processing file /home/airflow/.local/lib/python3.8/site-packages/airflow/example_dags/example_skip_dag.py for tasks to queue
[2024-06-04T07:57:32.743+0000] {logging_mixin.py:188} INFO - [2024-06-04T07:57:32.743+0000] {dagbag.py:540} INFO - Filling up the DagBag from /home/airflow/.local/lib/python3.8/site-packages/airflow/example_dags/example_skip_dag.py
[2024-06-04T07:57:32.751+0000] {processor.py:840} INFO - DAG(s) 'example_skip_dag' retrieved from /home/airflow/.local/lib/python3.8/site-packages/airflow/example_dags/example_skip_dag.py
[2024-06-04T07:57:32.774+0000] {logging_mixin.py:188} INFO - [2024-06-04T07:57:32.774+0000] {dag.py:3047} INFO - Sync 1 DAGs
[2024-06-04T07:57:32.797+0000] {logging_mixin.py:188} INFO - [2024-06-04T07:57:32.797+0000] {dag.py:3834} INFO - Setting next_dagrun for example_skip_dag to 2024-06-03 00:00:00+00:00, run_after=2024-06-04 00:00:00+00:00
[2024-06-04T07:57:32.816+0000] {processor.py:183} INFO - Processing /home/airflow/.local/lib/python3.8/site-packages/airflow/example_dags/example_skip_dag.py took 0.079 seconds
[2024-06-04T07:58:03.233+0000] {processor.py:161} INFO - Started process (PID=943) to work on /home/airflow/.local/lib/python3.8/site-packages/airflow/example_dags/example_skip_dag.py
[2024-06-04T07:58:03.234+0000] {processor.py:830} INFO - Processing file /home/airflow/.local/lib/python3.8/site-packages/airflow/example_dags/example_skip_dag.py for tasks to queue
[2024-06-04T07:58:03.236+0000] {logging_mixin.py:188} INFO - [2024-06-04T07:58:03.236+0000] {dagbag.py:540} INFO - Filling up the DagBag from /home/airflow/.local/lib/python3.8/site-packages/airflow/example_dags/example_skip_dag.py
[2024-06-04T07:58:03.243+0000] {processor.py:840} INFO - DAG(s) 'example_skip_dag' retrieved from /home/airflow/.local/lib/python3.8/site-packages/airflow/example_dags/example_skip_dag.py
[2024-06-04T07:58:03.269+0000] {logging_mixin.py:188} INFO - [2024-06-04T07:58:03.269+0000] {dag.py:3047} INFO - Sync 1 DAGs
[2024-06-04T07:58:03.292+0000] {logging_mixin.py:188} INFO - [2024-06-04T07:58:03.292+0000] {dag.py:3834} INFO - Setting next_dagrun for example_skip_dag to 2024-06-03 00:00:00+00:00, run_after=2024-06-04 00:00:00+00:00
[2024-06-04T07:58:03.315+0000] {processor.py:183} INFO - Processing /home/airflow/.local/lib/python3.8/site-packages/airflow/example_dags/example_skip_dag.py took 0.086 seconds
[2024-06-04T07:58:33.682+0000] {processor.py:161} INFO - Started process (PID=1001) to work on /home/airflow/.local/lib/python3.8/site-packages/airflow/example_dags/example_skip_dag.py
[2024-06-04T07:58:33.684+0000] {processor.py:830} INFO - Processing file /home/airflow/.local/lib/python3.8/site-packages/airflow/example_dags/example_skip_dag.py for tasks to queue
[2024-06-04T07:58:33.686+0000] {logging_mixin.py:188} INFO - [2024-06-04T07:58:33.685+0000] {dagbag.py:540} INFO - Filling up the DagBag from /home/airflow/.local/lib/python3.8/site-packages/airflow/example_dags/example_skip_dag.py
[2024-06-04T07:58:33.693+0000] {processor.py:840} INFO - DAG(s) 'example_skip_dag' retrieved from /home/airflow/.local/lib/python3.8/site-packages/airflow/example_dags/example_skip_dag.py
[2024-06-04T07:58:33.716+0000] {logging_mixin.py:188} INFO - [2024-06-04T07:58:33.716+0000] {dag.py:3047} INFO - Sync 1 DAGs
[2024-06-04T07:58:33.740+0000] {logging_mixin.py:188} INFO - [2024-06-04T07:58:33.739+0000] {dag.py:3834} INFO - Setting next_dagrun for example_skip_dag to 2024-06-03 00:00:00+00:00, run_after=2024-06-04 00:00:00+00:00
[2024-06-04T07:58:33.757+0000] {processor.py:183} INFO - Processing /home/airflow/.local/lib/python3.8/site-packages/airflow/example_dags/example_skip_dag.py took 0.079 seconds
[2024-06-04T07:59:04.604+0000] {processor.py:161} INFO - Started process (PID=1066) to work on /home/airflow/.local/lib/python3.8/site-packages/airflow/example_dags/example_skip_dag.py
[2024-06-04T07:59:04.605+0000] {processor.py:830} INFO - Processing file /home/airflow/.local/lib/python3.8/site-packages/airflow/example_dags/example_skip_dag.py for tasks to queue
[2024-06-04T07:59:04.607+0000] {logging_mixin.py:188} INFO - [2024-06-04T07:59:04.607+0000] {dagbag.py:540} INFO - Filling up the DagBag from /home/airflow/.local/lib/python3.8/site-packages/airflow/example_dags/example_skip_dag.py
[2024-06-04T07:59:04.615+0000] {processor.py:840} INFO - DAG(s) 'example_skip_dag' retrieved from /home/airflow/.local/lib/python3.8/site-packages/airflow/example_dags/example_skip_dag.py
[2024-06-04T07:59:04.640+0000] {logging_mixin.py:188} INFO - [2024-06-04T07:59:04.640+0000] {dag.py:3047} INFO - Sync 1 DAGs
[2024-06-04T07:59:04.662+0000] {logging_mixin.py:188} INFO - [2024-06-04T07:59:04.662+0000] {dag.py:3834} INFO - Setting next_dagrun for example_skip_dag to 2024-06-03 00:00:00+00:00, run_after=2024-06-04 00:00:00+00:00
[2024-06-04T07:59:04.715+0000] {processor.py:183} INFO - Processing /home/airflow/.local/lib/python3.8/site-packages/airflow/example_dags/example_skip_dag.py took 0.115 seconds
[2024-06-04T07:59:35.140+0000] {processor.py:161} INFO - Started process (PID=1124) to work on /home/airflow/.local/lib/python3.8/site-packages/airflow/example_dags/example_skip_dag.py
[2024-06-04T07:59:35.141+0000] {processor.py:830} INFO - Processing file /home/airflow/.local/lib/python3.8/site-packages/airflow/example_dags/example_skip_dag.py for tasks to queue
[2024-06-04T07:59:35.143+0000] {logging_mixin.py:188} INFO - [2024-06-04T07:59:35.143+0000] {dagbag.py:540} INFO - Filling up the DagBag from /home/airflow/.local/lib/python3.8/site-packages/airflow/example_dags/example_skip_dag.py
[2024-06-04T07:59:35.151+0000] {processor.py:840} INFO - DAG(s) 'example_skip_dag' retrieved from /home/airflow/.local/lib/python3.8/site-packages/airflow/example_dags/example_skip_dag.py
[2024-06-04T07:59:35.174+0000] {logging_mixin.py:188} INFO - [2024-06-04T07:59:35.174+0000] {dag.py:3047} INFO - Sync 1 DAGs
[2024-06-04T07:59:35.210+0000] {logging_mixin.py:188} INFO - [2024-06-04T07:59:35.210+0000] {dag.py:3834} INFO - Setting next_dagrun for example_skip_dag to 2024-06-03 00:00:00+00:00, run_after=2024-06-04 00:00:00+00:00
[2024-06-04T07:59:35.231+0000] {processor.py:183} INFO - Processing /home/airflow/.local/lib/python3.8/site-packages/airflow/example_dags/example_skip_dag.py took 0.095 seconds
[2024-06-04T08:00:06.126+0000] {processor.py:161} INFO - Started process (PID=1182) to work on /home/airflow/.local/lib/python3.8/site-packages/airflow/example_dags/example_skip_dag.py
[2024-06-04T08:00:06.128+0000] {processor.py:830} INFO - Processing file /home/airflow/.local/lib/python3.8/site-packages/airflow/example_dags/example_skip_dag.py for tasks to queue
[2024-06-04T08:00:06.130+0000] {logging_mixin.py:188} INFO - [2024-06-04T08:00:06.129+0000] {dagbag.py:540} INFO - Filling up the DagBag from /home/airflow/.local/lib/python3.8/site-packages/airflow/example_dags/example_skip_dag.py
[2024-06-04T08:00:06.137+0000] {processor.py:840} INFO - DAG(s) 'example_skip_dag' retrieved from /home/airflow/.local/lib/python3.8/site-packages/airflow/example_dags/example_skip_dag.py
[2024-06-04T08:00:06.167+0000] {logging_mixin.py:188} INFO - [2024-06-04T08:00:06.167+0000] {dag.py:3047} INFO - Sync 1 DAGs
[2024-06-04T08:00:06.220+0000] {logging_mixin.py:188} INFO - [2024-06-04T08:00:06.220+0000] {dag.py:3834} INFO - Setting next_dagrun for example_skip_dag to 2024-06-03 00:00:00+00:00, run_after=2024-06-04 00:00:00+00:00
[2024-06-04T08:00:06.240+0000] {processor.py:183} INFO - Processing /home/airflow/.local/lib/python3.8/site-packages/airflow/example_dags/example_skip_dag.py took 0.117 seconds
[2024-06-04T08:00:36.636+0000] {processor.py:161} INFO - Started process (PID=1240) to work on /home/airflow/.local/lib/python3.8/site-packages/airflow/example_dags/example_skip_dag.py
[2024-06-04T08:00:36.637+0000] {processor.py:830} INFO - Processing file /home/airflow/.local/lib/python3.8/site-packages/airflow/example_dags/example_skip_dag.py for tasks to queue
[2024-06-04T08:00:36.639+0000] {logging_mixin.py:188} INFO - [2024-06-04T08:00:36.639+0000] {dagbag.py:540} INFO - Filling up the DagBag from /home/airflow/.local/lib/python3.8/site-packages/airflow/example_dags/example_skip_dag.py
[2024-06-04T08:00:36.647+0000] {processor.py:840} INFO - DAG(s) 'example_skip_dag' retrieved from /home/airflow/.local/lib/python3.8/site-packages/airflow/example_dags/example_skip_dag.py
[2024-06-04T08:00:36.726+0000] {logging_mixin.py:188} INFO - [2024-06-04T08:00:36.725+0000] {dag.py:3047} INFO - Sync 1 DAGs
[2024-06-04T08:00:36.814+0000] {logging_mixin.py:188} INFO - [2024-06-04T08:00:36.813+0000] {dag.py:3834} INFO - Setting next_dagrun for example_skip_dag to 2024-06-03 00:00:00+00:00, run_after=2024-06-04 00:00:00+00:00
[2024-06-04T08:00:36.902+0000] {processor.py:183} INFO - Processing /home/airflow/.local/lib/python3.8/site-packages/airflow/example_dags/example_skip_dag.py took 0.270 seconds
[2024-06-04T08:01:07.303+0000] {processor.py:161} INFO - Started process (PID=1298) to work on /home/airflow/.local/lib/python3.8/site-packages/airflow/example_dags/example_skip_dag.py
[2024-06-04T08:01:07.304+0000] {processor.py:830} INFO - Processing file /home/airflow/.local/lib/python3.8/site-packages/airflow/example_dags/example_skip_dag.py for tasks to queue
[2024-06-04T08:01:07.306+0000] {logging_mixin.py:188} INFO - [2024-06-04T08:01:07.306+0000] {dagbag.py:540} INFO - Filling up the DagBag from /home/airflow/.local/lib/python3.8/site-packages/airflow/example_dags/example_skip_dag.py
[2024-06-04T08:01:07.313+0000] {processor.py:840} INFO - DAG(s) 'example_skip_dag' retrieved from /home/airflow/.local/lib/python3.8/site-packages/airflow/example_dags/example_skip_dag.py
[2024-06-04T08:01:07.336+0000] {logging_mixin.py:188} INFO - [2024-06-04T08:01:07.335+0000] {dag.py:3047} INFO - Sync 1 DAGs
[2024-06-04T08:01:07.359+0000] {logging_mixin.py:188} INFO - [2024-06-04T08:01:07.359+0000] {dag.py:3834} INFO - Setting next_dagrun for example_skip_dag to 2024-06-03 00:00:00+00:00, run_after=2024-06-04 00:00:00+00:00
[2024-06-04T08:01:07.378+0000] {processor.py:183} INFO - Processing /home/airflow/.local/lib/python3.8/site-packages/airflow/example_dags/example_skip_dag.py took 0.079 seconds
[2024-06-04T08:01:37.975+0000] {processor.py:161} INFO - Started process (PID=1356) to work on /home/airflow/.local/lib/python3.8/site-packages/airflow/example_dags/example_skip_dag.py
[2024-06-04T08:01:37.976+0000] {processor.py:830} INFO - Processing file /home/airflow/.local/lib/python3.8/site-packages/airflow/example_dags/example_skip_dag.py for tasks to queue
[2024-06-04T08:01:37.978+0000] {logging_mixin.py:188} INFO - [2024-06-04T08:01:37.978+0000] {dagbag.py:540} INFO - Filling up the DagBag from /home/airflow/.local/lib/python3.8/site-packages/airflow/example_dags/example_skip_dag.py
[2024-06-04T08:01:37.987+0000] {processor.py:840} INFO - DAG(s) 'example_skip_dag' retrieved from /home/airflow/.local/lib/python3.8/site-packages/airflow/example_dags/example_skip_dag.py
[2024-06-04T08:01:38.018+0000] {logging_mixin.py:188} INFO - [2024-06-04T08:01:38.018+0000] {dag.py:3047} INFO - Sync 1 DAGs
[2024-06-04T08:01:38.048+0000] {logging_mixin.py:188} INFO - [2024-06-04T08:01:38.047+0000] {dag.py:3834} INFO - Setting next_dagrun for example_skip_dag to 2024-06-03 00:00:00+00:00, run_after=2024-06-04 00:00:00+00:00
[2024-06-04T08:01:38.074+0000] {processor.py:183} INFO - Processing /home/airflow/.local/lib/python3.8/site-packages/airflow/example_dags/example_skip_dag.py took 0.104 seconds
[2024-06-04T08:02:08.124+0000] {processor.py:161} INFO - Started process (PID=1414) to work on /home/airflow/.local/lib/python3.8/site-packages/airflow/example_dags/example_skip_dag.py
[2024-06-04T08:02:08.125+0000] {processor.py:830} INFO - Processing file /home/airflow/.local/lib/python3.8/site-packages/airflow/example_dags/example_skip_dag.py for tasks to queue
[2024-06-04T08:02:08.127+0000] {logging_mixin.py:188} INFO - [2024-06-04T08:02:08.127+0000] {dagbag.py:540} INFO - Filling up the DagBag from /home/airflow/.local/lib/python3.8/site-packages/airflow/example_dags/example_skip_dag.py
[2024-06-04T08:02:08.135+0000] {processor.py:840} INFO - DAG(s) 'example_skip_dag' retrieved from /home/airflow/.local/lib/python3.8/site-packages/airflow/example_dags/example_skip_dag.py
[2024-06-04T08:02:08.161+0000] {logging_mixin.py:188} INFO - [2024-06-04T08:02:08.160+0000] {dag.py:3047} INFO - Sync 1 DAGs
[2024-06-04T08:02:08.185+0000] {logging_mixin.py:188} INFO - [2024-06-04T08:02:08.184+0000] {dag.py:3834} INFO - Setting next_dagrun for example_skip_dag to 2024-06-03 00:00:00+00:00, run_after=2024-06-04 00:00:00+00:00
[2024-06-04T08:02:08.206+0000] {processor.py:183} INFO - Processing /home/airflow/.local/lib/python3.8/site-packages/airflow/example_dags/example_skip_dag.py took 0.086 seconds
[2024-06-04T08:02:39.278+0000] {processor.py:161} INFO - Started process (PID=1472) to work on /home/airflow/.local/lib/python3.8/site-packages/airflow/example_dags/example_skip_dag.py
[2024-06-04T08:02:39.279+0000] {processor.py:830} INFO - Processing file /home/airflow/.local/lib/python3.8/site-packages/airflow/example_dags/example_skip_dag.py for tasks to queue
[2024-06-04T08:02:39.281+0000] {logging_mixin.py:188} INFO - [2024-06-04T08:02:39.281+0000] {dagbag.py:540} INFO - Filling up the DagBag from /home/airflow/.local/lib/python3.8/site-packages/airflow/example_dags/example_skip_dag.py
[2024-06-04T08:02:39.287+0000] {processor.py:840} INFO - DAG(s) 'example_skip_dag' retrieved from /home/airflow/.local/lib/python3.8/site-packages/airflow/example_dags/example_skip_dag.py
[2024-06-04T08:02:39.312+0000] {logging_mixin.py:188} INFO - [2024-06-04T08:02:39.311+0000] {dag.py:3047} INFO - Sync 1 DAGs
[2024-06-04T08:02:39.336+0000] {logging_mixin.py:188} INFO - [2024-06-04T08:02:39.336+0000] {dag.py:3834} INFO - Setting next_dagrun for example_skip_dag to 2024-06-03 00:00:00+00:00, run_after=2024-06-04 00:00:00+00:00
[2024-06-04T08:02:39.355+0000] {processor.py:183} INFO - Processing /home/airflow/.local/lib/python3.8/site-packages/airflow/example_dags/example_skip_dag.py took 0.080 seconds
[2024-06-04T08:03:09.638+0000] {processor.py:161} INFO - Started process (PID=1530) to work on /home/airflow/.local/lib/python3.8/site-packages/airflow/example_dags/example_skip_dag.py
[2024-06-04T08:03:09.640+0000] {processor.py:830} INFO - Processing file /home/airflow/.local/lib/python3.8/site-packages/airflow/example_dags/example_skip_dag.py for tasks to queue
[2024-06-04T08:03:09.642+0000] {logging_mixin.py:188} INFO - [2024-06-04T08:03:09.641+0000] {dagbag.py:540} INFO - Filling up the DagBag from /home/airflow/.local/lib/python3.8/site-packages/airflow/example_dags/example_skip_dag.py
[2024-06-04T08:03:09.649+0000] {processor.py:840} INFO - DAG(s) 'example_skip_dag' retrieved from /home/airflow/.local/lib/python3.8/site-packages/airflow/example_dags/example_skip_dag.py
[2024-06-04T08:03:09.677+0000] {logging_mixin.py:188} INFO - [2024-06-04T08:03:09.677+0000] {dag.py:3047} INFO - Sync 1 DAGs
[2024-06-04T08:03:09.706+0000] {logging_mixin.py:188} INFO - [2024-06-04T08:03:09.705+0000] {dag.py:3834} INFO - Setting next_dagrun for example_skip_dag to 2024-06-03 00:00:00+00:00, run_after=2024-06-04 00:00:00+00:00
[2024-06-04T08:03:09.728+0000] {processor.py:183} INFO - Processing /home/airflow/.local/lib/python3.8/site-packages/airflow/example_dags/example_skip_dag.py took 0.093 seconds
[2024-06-04T08:03:40.137+0000] {processor.py:161} INFO - Started process (PID=1588) to work on /home/airflow/.local/lib/python3.8/site-packages/airflow/example_dags/example_skip_dag.py
[2024-06-04T08:03:40.139+0000] {processor.py:830} INFO - Processing file /home/airflow/.local/lib/python3.8/site-packages/airflow/example_dags/example_skip_dag.py for tasks to queue
[2024-06-04T08:03:40.141+0000] {logging_mixin.py:188} INFO - [2024-06-04T08:03:40.141+0000] {dagbag.py:540} INFO - Filling up the DagBag from /home/airflow/.local/lib/python3.8/site-packages/airflow/example_dags/example_skip_dag.py
[2024-06-04T08:03:40.149+0000] {processor.py:840} INFO - DAG(s) 'example_skip_dag' retrieved from /home/airflow/.local/lib/python3.8/site-packages/airflow/example_dags/example_skip_dag.py
[2024-06-04T08:03:40.173+0000] {logging_mixin.py:188} INFO - [2024-06-04T08:03:40.173+0000] {dag.py:3047} INFO - Sync 1 DAGs
[2024-06-04T08:03:40.195+0000] {logging_mixin.py:188} INFO - [2024-06-04T08:03:40.195+0000] {dag.py:3834} INFO - Setting next_dagrun for example_skip_dag to 2024-06-03 00:00:00+00:00, run_after=2024-06-04 00:00:00+00:00
[2024-06-04T08:03:40.212+0000] {processor.py:183} INFO - Processing /home/airflow/.local/lib/python3.8/site-packages/airflow/example_dags/example_skip_dag.py took 0.079 seconds
[2024-06-04T08:04:10.989+0000] {processor.py:161} INFO - Started process (PID=1646) to work on /home/airflow/.local/lib/python3.8/site-packages/airflow/example_dags/example_skip_dag.py
[2024-06-04T08:04:10.990+0000] {processor.py:830} INFO - Processing file /home/airflow/.local/lib/python3.8/site-packages/airflow/example_dags/example_skip_dag.py for tasks to queue
[2024-06-04T08:04:10.992+0000] {logging_mixin.py:188} INFO - [2024-06-04T08:04:10.992+0000] {dagbag.py:540} INFO - Filling up the DagBag from /home/airflow/.local/lib/python3.8/site-packages/airflow/example_dags/example_skip_dag.py
[2024-06-04T08:04:11.000+0000] {processor.py:840} INFO - DAG(s) 'example_skip_dag' retrieved from /home/airflow/.local/lib/python3.8/site-packages/airflow/example_dags/example_skip_dag.py
[2024-06-04T08:04:11.030+0000] {logging_mixin.py:188} INFO - [2024-06-04T08:04:11.029+0000] {dag.py:3047} INFO - Sync 1 DAGs
[2024-06-04T08:04:11.055+0000] {logging_mixin.py:188} INFO - [2024-06-04T08:04:11.055+0000] {dag.py:3834} INFO - Setting next_dagrun for example_skip_dag to 2024-06-03 00:00:00+00:00, run_after=2024-06-04 00:00:00+00:00
[2024-06-04T08:04:11.078+0000] {processor.py:183} INFO - Processing /home/airflow/.local/lib/python3.8/site-packages/airflow/example_dags/example_skip_dag.py took 0.092 seconds
[2024-06-04T08:04:41.284+0000] {processor.py:161} INFO - Started process (PID=1703) to work on /home/airflow/.local/lib/python3.8/site-packages/airflow/example_dags/example_skip_dag.py
[2024-06-04T08:04:41.286+0000] {processor.py:830} INFO - Processing file /home/airflow/.local/lib/python3.8/site-packages/airflow/example_dags/example_skip_dag.py for tasks to queue
[2024-06-04T08:04:41.287+0000] {logging_mixin.py:188} INFO - [2024-06-04T08:04:41.287+0000] {dagbag.py:540} INFO - Filling up the DagBag from /home/airflow/.local/lib/python3.8/site-packages/airflow/example_dags/example_skip_dag.py
[2024-06-04T08:04:41.295+0000] {processor.py:840} INFO - DAG(s) 'example_skip_dag' retrieved from /home/airflow/.local/lib/python3.8/site-packages/airflow/example_dags/example_skip_dag.py
[2024-06-04T08:04:41.322+0000] {logging_mixin.py:188} INFO - [2024-06-04T08:04:41.322+0000] {dag.py:3047} INFO - Sync 1 DAGs
[2024-06-04T08:04:41.347+0000] {logging_mixin.py:188} INFO - [2024-06-04T08:04:41.347+0000] {dag.py:3834} INFO - Setting next_dagrun for example_skip_dag to 2024-06-03 00:00:00+00:00, run_after=2024-06-04 00:00:00+00:00
[2024-06-04T08:04:41.365+0000] {processor.py:183} INFO - Processing /home/airflow/.local/lib/python3.8/site-packages/airflow/example_dags/example_skip_dag.py took 0.085 seconds
[2024-06-04T08:05:11.914+0000] {processor.py:161} INFO - Started process (PID=1761) to work on /home/airflow/.local/lib/python3.8/site-packages/airflow/example_dags/example_skip_dag.py
[2024-06-04T08:05:11.915+0000] {processor.py:830} INFO - Processing file /home/airflow/.local/lib/python3.8/site-packages/airflow/example_dags/example_skip_dag.py for tasks to queue
[2024-06-04T08:05:11.917+0000] {logging_mixin.py:188} INFO - [2024-06-04T08:05:11.917+0000] {dagbag.py:540} INFO - Filling up the DagBag from /home/airflow/.local/lib/python3.8/site-packages/airflow/example_dags/example_skip_dag.py
[2024-06-04T08:05:11.924+0000] {processor.py:840} INFO - DAG(s) 'example_skip_dag' retrieved from /home/airflow/.local/lib/python3.8/site-packages/airflow/example_dags/example_skip_dag.py
[2024-06-04T08:05:11.950+0000] {logging_mixin.py:188} INFO - [2024-06-04T08:05:11.950+0000] {dag.py:3047} INFO - Sync 1 DAGs
[2024-06-04T08:05:11.976+0000] {logging_mixin.py:188} INFO - [2024-06-04T08:05:11.975+0000] {dag.py:3834} INFO - Setting next_dagrun for example_skip_dag to 2024-06-03 00:00:00+00:00, run_after=2024-06-04 00:00:00+00:00
[2024-06-04T08:05:12.175+0000] {processor.py:183} INFO - Processing /home/airflow/.local/lib/python3.8/site-packages/airflow/example_dags/example_skip_dag.py took 0.265 seconds
[2024-06-04T08:05:42.918+0000] {processor.py:161} INFO - Started process (PID=1819) to work on /home/airflow/.local/lib/python3.8/site-packages/airflow/example_dags/example_skip_dag.py
[2024-06-04T08:05:42.920+0000] {processor.py:830} INFO - Processing file /home/airflow/.local/lib/python3.8/site-packages/airflow/example_dags/example_skip_dag.py for tasks to queue
[2024-06-04T08:05:42.922+0000] {logging_mixin.py:188} INFO - [2024-06-04T08:05:42.922+0000] {dagbag.py:540} INFO - Filling up the DagBag from /home/airflow/.local/lib/python3.8/site-packages/airflow/example_dags/example_skip_dag.py
[2024-06-04T08:05:42.930+0000] {processor.py:840} INFO - DAG(s) 'example_skip_dag' retrieved from /home/airflow/.local/lib/python3.8/site-packages/airflow/example_dags/example_skip_dag.py
[2024-06-04T08:05:42.957+0000] {logging_mixin.py:188} INFO - [2024-06-04T08:05:42.957+0000] {dag.py:3047} INFO - Sync 1 DAGs
[2024-06-04T08:05:42.984+0000] {logging_mixin.py:188} INFO - [2024-06-04T08:05:42.984+0000] {dag.py:3834} INFO - Setting next_dagrun for example_skip_dag to 2024-06-03 00:00:00+00:00, run_after=2024-06-04 00:00:00+00:00
[2024-06-04T08:05:43.003+0000] {processor.py:183} INFO - Processing /home/airflow/.local/lib/python3.8/site-packages/airflow/example_dags/example_skip_dag.py took 0.089 seconds
[2024-06-04T08:06:13.879+0000] {processor.py:161} INFO - Started process (PID=1877) to work on /home/airflow/.local/lib/python3.8/site-packages/airflow/example_dags/example_skip_dag.py
[2024-06-04T08:06:13.881+0000] {processor.py:830} INFO - Processing file /home/airflow/.local/lib/python3.8/site-packages/airflow/example_dags/example_skip_dag.py for tasks to queue
[2024-06-04T08:06:13.882+0000] {logging_mixin.py:188} INFO - [2024-06-04T08:06:13.882+0000] {dagbag.py:540} INFO - Filling up the DagBag from /home/airflow/.local/lib/python3.8/site-packages/airflow/example_dags/example_skip_dag.py
[2024-06-04T08:06:13.889+0000] {processor.py:840} INFO - DAG(s) 'example_skip_dag' retrieved from /home/airflow/.local/lib/python3.8/site-packages/airflow/example_dags/example_skip_dag.py
[2024-06-04T08:06:13.914+0000] {logging_mixin.py:188} INFO - [2024-06-04T08:06:13.913+0000] {dag.py:3047} INFO - Sync 1 DAGs
[2024-06-04T08:06:13.944+0000] {logging_mixin.py:188} INFO - [2024-06-04T08:06:13.944+0000] {dag.py:3834} INFO - Setting next_dagrun for example_skip_dag to 2024-06-03 00:00:00+00:00, run_after=2024-06-04 00:00:00+00:00
[2024-06-04T08:06:13.969+0000] {processor.py:183} INFO - Processing /home/airflow/.local/lib/python3.8/site-packages/airflow/example_dags/example_skip_dag.py took 0.092 seconds
[2024-06-04T08:06:44.525+0000] {processor.py:161} INFO - Started process (PID=1935) to work on /home/airflow/.local/lib/python3.8/site-packages/airflow/example_dags/example_skip_dag.py
[2024-06-04T08:06:44.527+0000] {processor.py:830} INFO - Processing file /home/airflow/.local/lib/python3.8/site-packages/airflow/example_dags/example_skip_dag.py for tasks to queue
[2024-06-04T08:06:44.529+0000] {logging_mixin.py:188} INFO - [2024-06-04T08:06:44.529+0000] {dagbag.py:540} INFO - Filling up the DagBag from /home/airflow/.local/lib/python3.8/site-packages/airflow/example_dags/example_skip_dag.py
[2024-06-04T08:06:44.539+0000] {processor.py:840} INFO - DAG(s) 'example_skip_dag' retrieved from /home/airflow/.local/lib/python3.8/site-packages/airflow/example_dags/example_skip_dag.py
[2024-06-04T08:06:44.574+0000] {logging_mixin.py:188} INFO - [2024-06-04T08:06:44.573+0000] {dag.py:3047} INFO - Sync 1 DAGs
[2024-06-04T08:06:44.602+0000] {logging_mixin.py:188} INFO - [2024-06-04T08:06:44.601+0000] {dag.py:3834} INFO - Setting next_dagrun for example_skip_dag to 2024-06-03 00:00:00+00:00, run_after=2024-06-04 00:00:00+00:00
[2024-06-04T08:06:44.629+0000] {processor.py:183} INFO - Processing /home/airflow/.local/lib/python3.8/site-packages/airflow/example_dags/example_skip_dag.py took 0.109 seconds
[2024-06-04T08:07:15.107+0000] {processor.py:161} INFO - Started process (PID=1993) to work on /home/airflow/.local/lib/python3.8/site-packages/airflow/example_dags/example_skip_dag.py
[2024-06-04T08:07:15.109+0000] {processor.py:830} INFO - Processing file /home/airflow/.local/lib/python3.8/site-packages/airflow/example_dags/example_skip_dag.py for tasks to queue
[2024-06-04T08:07:15.112+0000] {logging_mixin.py:188} INFO - [2024-06-04T08:07:15.111+0000] {dagbag.py:540} INFO - Filling up the DagBag from /home/airflow/.local/lib/python3.8/site-packages/airflow/example_dags/example_skip_dag.py
[2024-06-04T08:07:15.122+0000] {processor.py:840} INFO - DAG(s) 'example_skip_dag' retrieved from /home/airflow/.local/lib/python3.8/site-packages/airflow/example_dags/example_skip_dag.py
[2024-06-04T08:07:15.157+0000] {logging_mixin.py:188} INFO - [2024-06-04T08:07:15.157+0000] {dag.py:3047} INFO - Sync 1 DAGs
[2024-06-04T08:07:15.186+0000] {logging_mixin.py:188} INFO - [2024-06-04T08:07:15.185+0000] {dag.py:3834} INFO - Setting next_dagrun for example_skip_dag to 2024-06-03 00:00:00+00:00, run_after=2024-06-04 00:00:00+00:00
[2024-06-04T08:07:15.212+0000] {processor.py:183} INFO - Processing /home/airflow/.local/lib/python3.8/site-packages/airflow/example_dags/example_skip_dag.py took 0.110 seconds
[2024-06-04T08:07:45.707+0000] {processor.py:161} INFO - Started process (PID=2051) to work on /home/airflow/.local/lib/python3.8/site-packages/airflow/example_dags/example_skip_dag.py
[2024-06-04T08:07:45.708+0000] {processor.py:830} INFO - Processing file /home/airflow/.local/lib/python3.8/site-packages/airflow/example_dags/example_skip_dag.py for tasks to queue
[2024-06-04T08:07:45.711+0000] {logging_mixin.py:188} INFO - [2024-06-04T08:07:45.710+0000] {dagbag.py:540} INFO - Filling up the DagBag from /home/airflow/.local/lib/python3.8/site-packages/airflow/example_dags/example_skip_dag.py
[2024-06-04T08:07:45.720+0000] {processor.py:840} INFO - DAG(s) 'example_skip_dag' retrieved from /home/airflow/.local/lib/python3.8/site-packages/airflow/example_dags/example_skip_dag.py
[2024-06-04T08:07:45.753+0000] {logging_mixin.py:188} INFO - [2024-06-04T08:07:45.753+0000] {dag.py:3047} INFO - Sync 1 DAGs
[2024-06-04T08:07:46.211+0000] {logging_mixin.py:188} INFO - [2024-06-04T08:07:46.211+0000] {dag.py:3834} INFO - Setting next_dagrun for example_skip_dag to 2024-06-03 00:00:00+00:00, run_after=2024-06-04 00:00:00+00:00
[2024-06-04T08:07:46.237+0000] {processor.py:183} INFO - Processing /home/airflow/.local/lib/python3.8/site-packages/airflow/example_dags/example_skip_dag.py took 0.535 seconds
[2024-06-04T08:08:16.714+0000] {processor.py:161} INFO - Started process (PID=2109) to work on /home/airflow/.local/lib/python3.8/site-packages/airflow/example_dags/example_skip_dag.py
[2024-06-04T08:08:16.716+0000] {processor.py:830} INFO - Processing file /home/airflow/.local/lib/python3.8/site-packages/airflow/example_dags/example_skip_dag.py for tasks to queue
[2024-06-04T08:08:16.718+0000] {logging_mixin.py:188} INFO - [2024-06-04T08:08:16.717+0000] {dagbag.py:540} INFO - Filling up the DagBag from /home/airflow/.local/lib/python3.8/site-packages/airflow/example_dags/example_skip_dag.py
[2024-06-04T08:08:16.726+0000] {processor.py:840} INFO - DAG(s) 'example_skip_dag' retrieved from /home/airflow/.local/lib/python3.8/site-packages/airflow/example_dags/example_skip_dag.py
[2024-06-04T08:08:16.757+0000] {logging_mixin.py:188} INFO - [2024-06-04T08:08:16.756+0000] {dag.py:3047} INFO - Sync 1 DAGs
[2024-06-04T08:08:16.781+0000] {logging_mixin.py:188} INFO - [2024-06-04T08:08:16.781+0000] {dag.py:3834} INFO - Setting next_dagrun for example_skip_dag to 2024-06-03 00:00:00+00:00, run_after=2024-06-04 00:00:00+00:00
[2024-06-04T08:08:17.046+0000] {processor.py:183} INFO - Processing /home/airflow/.local/lib/python3.8/site-packages/airflow/example_dags/example_skip_dag.py took 0.337 seconds
[2024-06-04T08:08:47.242+0000] {processor.py:161} INFO - Started process (PID=2166) to work on /home/airflow/.local/lib/python3.8/site-packages/airflow/example_dags/example_skip_dag.py
[2024-06-04T08:08:47.243+0000] {processor.py:830} INFO - Processing file /home/airflow/.local/lib/python3.8/site-packages/airflow/example_dags/example_skip_dag.py for tasks to queue
[2024-06-04T08:08:47.246+0000] {logging_mixin.py:188} INFO - [2024-06-04T08:08:47.245+0000] {dagbag.py:540} INFO - Filling up the DagBag from /home/airflow/.local/lib/python3.8/site-packages/airflow/example_dags/example_skip_dag.py
[2024-06-04T08:08:47.257+0000] {processor.py:840} INFO - DAG(s) 'example_skip_dag' retrieved from /home/airflow/.local/lib/python3.8/site-packages/airflow/example_dags/example_skip_dag.py
[2024-06-04T08:08:47.287+0000] {logging_mixin.py:188} INFO - [2024-06-04T08:08:47.287+0000] {dag.py:3047} INFO - Sync 1 DAGs
[2024-06-04T08:08:47.314+0000] {logging_mixin.py:188} INFO - [2024-06-04T08:08:47.314+0000] {dag.py:3834} INFO - Setting next_dagrun for example_skip_dag to 2024-06-03 00:00:00+00:00, run_after=2024-06-04 00:00:00+00:00
[2024-06-04T08:08:47.338+0000] {processor.py:183} INFO - Processing /home/airflow/.local/lib/python3.8/site-packages/airflow/example_dags/example_skip_dag.py took 0.100 seconds
[2024-06-04T08:09:17.573+0000] {processor.py:161} INFO - Started process (PID=2224) to work on /home/airflow/.local/lib/python3.8/site-packages/airflow/example_dags/example_skip_dag.py
[2024-06-04T08:09:17.575+0000] {processor.py:830} INFO - Processing file /home/airflow/.local/lib/python3.8/site-packages/airflow/example_dags/example_skip_dag.py for tasks to queue
[2024-06-04T08:09:17.576+0000] {logging_mixin.py:188} INFO - [2024-06-04T08:09:17.576+0000] {dagbag.py:540} INFO - Filling up the DagBag from /home/airflow/.local/lib/python3.8/site-packages/airflow/example_dags/example_skip_dag.py
[2024-06-04T08:09:17.584+0000] {processor.py:840} INFO - DAG(s) 'example_skip_dag' retrieved from /home/airflow/.local/lib/python3.8/site-packages/airflow/example_dags/example_skip_dag.py
[2024-06-04T08:09:17.611+0000] {logging_mixin.py:188} INFO - [2024-06-04T08:09:17.610+0000] {dag.py:3047} INFO - Sync 1 DAGs
[2024-06-04T08:09:17.634+0000] {logging_mixin.py:188} INFO - [2024-06-04T08:09:17.634+0000] {dag.py:3834} INFO - Setting next_dagrun for example_skip_dag to 2024-06-03 00:00:00+00:00, run_after=2024-06-04 00:00:00+00:00
[2024-06-04T08:09:17.656+0000] {processor.py:183} INFO - Processing /home/airflow/.local/lib/python3.8/site-packages/airflow/example_dags/example_skip_dag.py took 0.087 seconds
[2024-06-04T08:09:48.175+0000] {processor.py:161} INFO - Started process (PID=2282) to work on /home/airflow/.local/lib/python3.8/site-packages/airflow/example_dags/example_skip_dag.py
[2024-06-04T08:09:48.176+0000] {processor.py:830} INFO - Processing file /home/airflow/.local/lib/python3.8/site-packages/airflow/example_dags/example_skip_dag.py for tasks to queue
[2024-06-04T08:09:48.178+0000] {logging_mixin.py:188} INFO - [2024-06-04T08:09:48.178+0000] {dagbag.py:540} INFO - Filling up the DagBag from /home/airflow/.local/lib/python3.8/site-packages/airflow/example_dags/example_skip_dag.py
[2024-06-04T08:09:48.186+0000] {processor.py:840} INFO - DAG(s) 'example_skip_dag' retrieved from /home/airflow/.local/lib/python3.8/site-packages/airflow/example_dags/example_skip_dag.py
[2024-06-04T08:09:48.232+0000] {logging_mixin.py:188} INFO - [2024-06-04T08:09:48.231+0000] {dag.py:3047} INFO - Sync 1 DAGs
[2024-06-04T08:09:48.269+0000] {logging_mixin.py:188} INFO - [2024-06-04T08:09:48.268+0000] {dag.py:3834} INFO - Setting next_dagrun for example_skip_dag to 2024-06-03 00:00:00+00:00, run_after=2024-06-04 00:00:00+00:00
[2024-06-04T08:09:48.288+0000] {processor.py:183} INFO - Processing /home/airflow/.local/lib/python3.8/site-packages/airflow/example_dags/example_skip_dag.py took 0.117 seconds
[2024-06-04T08:10:18.594+0000] {processor.py:161} INFO - Started process (PID=2340) to work on /home/airflow/.local/lib/python3.8/site-packages/airflow/example_dags/example_skip_dag.py
[2024-06-04T08:10:18.600+0000] {processor.py:830} INFO - Processing file /home/airflow/.local/lib/python3.8/site-packages/airflow/example_dags/example_skip_dag.py for tasks to queue
[2024-06-04T08:10:18.603+0000] {logging_mixin.py:188} INFO - [2024-06-04T08:10:18.602+0000] {dagbag.py:540} INFO - Filling up the DagBag from /home/airflow/.local/lib/python3.8/site-packages/airflow/example_dags/example_skip_dag.py
[2024-06-04T08:10:18.613+0000] {processor.py:840} INFO - DAG(s) 'example_skip_dag' retrieved from /home/airflow/.local/lib/python3.8/site-packages/airflow/example_dags/example_skip_dag.py
[2024-06-04T08:10:18.643+0000] {logging_mixin.py:188} INFO - [2024-06-04T08:10:18.642+0000] {dag.py:3047} INFO - Sync 1 DAGs
[2024-06-04T08:10:18.674+0000] {logging_mixin.py:188} INFO - [2024-06-04T08:10:18.674+0000] {dag.py:3834} INFO - Setting next_dagrun for example_skip_dag to 2024-06-03 00:00:00+00:00, run_after=2024-06-04 00:00:00+00:00
[2024-06-04T08:10:18.700+0000] {processor.py:183} INFO - Processing /home/airflow/.local/lib/python3.8/site-packages/airflow/example_dags/example_skip_dag.py took 0.111 seconds
[2024-06-04T08:10:49.081+0000] {processor.py:161} INFO - Started process (PID=2398) to work on /home/airflow/.local/lib/python3.8/site-packages/airflow/example_dags/example_skip_dag.py
[2024-06-04T08:10:49.083+0000] {processor.py:830} INFO - Processing file /home/airflow/.local/lib/python3.8/site-packages/airflow/example_dags/example_skip_dag.py for tasks to queue
[2024-06-04T08:10:49.085+0000] {logging_mixin.py:188} INFO - [2024-06-04T08:10:49.084+0000] {dagbag.py:540} INFO - Filling up the DagBag from /home/airflow/.local/lib/python3.8/site-packages/airflow/example_dags/example_skip_dag.py
[2024-06-04T08:10:49.092+0000] {processor.py:840} INFO - DAG(s) 'example_skip_dag' retrieved from /home/airflow/.local/lib/python3.8/site-packages/airflow/example_dags/example_skip_dag.py
[2024-06-04T08:10:49.117+0000] {logging_mixin.py:188} INFO - [2024-06-04T08:10:49.117+0000] {dag.py:3047} INFO - Sync 1 DAGs
[2024-06-04T08:10:49.148+0000] {logging_mixin.py:188} INFO - [2024-06-04T08:10:49.147+0000] {dag.py:3834} INFO - Setting next_dagrun for example_skip_dag to 2024-06-03 00:00:00+00:00, run_after=2024-06-04 00:00:00+00:00
[2024-06-04T08:10:49.173+0000] {processor.py:183} INFO - Processing /home/airflow/.local/lib/python3.8/site-packages/airflow/example_dags/example_skip_dag.py took 0.096 seconds
[2024-06-04T08:11:19.342+0000] {processor.py:161} INFO - Started process (PID=2457) to work on /home/airflow/.local/lib/python3.8/site-packages/airflow/example_dags/example_skip_dag.py
[2024-06-04T08:11:19.344+0000] {processor.py:830} INFO - Processing file /home/airflow/.local/lib/python3.8/site-packages/airflow/example_dags/example_skip_dag.py for tasks to queue
[2024-06-04T08:11:19.346+0000] {logging_mixin.py:188} INFO - [2024-06-04T08:11:19.345+0000] {dagbag.py:540} INFO - Filling up the DagBag from /home/airflow/.local/lib/python3.8/site-packages/airflow/example_dags/example_skip_dag.py
[2024-06-04T08:11:19.354+0000] {processor.py:840} INFO - DAG(s) 'example_skip_dag' retrieved from /home/airflow/.local/lib/python3.8/site-packages/airflow/example_dags/example_skip_dag.py
[2024-06-04T08:11:19.383+0000] {logging_mixin.py:188} INFO - [2024-06-04T08:11:19.383+0000] {dag.py:3047} INFO - Sync 1 DAGs
[2024-06-04T08:11:19.419+0000] {logging_mixin.py:188} INFO - [2024-06-04T08:11:19.418+0000] {dag.py:3834} INFO - Setting next_dagrun for example_skip_dag to 2024-06-03 00:00:00+00:00, run_after=2024-06-04 00:00:00+00:00
[2024-06-04T08:11:19.440+0000] {processor.py:183} INFO - Processing /home/airflow/.local/lib/python3.8/site-packages/airflow/example_dags/example_skip_dag.py took 0.102 seconds
[2024-06-04T08:11:50.380+0000] {processor.py:161} INFO - Started process (PID=2516) to work on /home/airflow/.local/lib/python3.8/site-packages/airflow/example_dags/example_skip_dag.py
[2024-06-04T08:11:50.381+0000] {processor.py:830} INFO - Processing file /home/airflow/.local/lib/python3.8/site-packages/airflow/example_dags/example_skip_dag.py for tasks to queue
[2024-06-04T08:11:50.383+0000] {logging_mixin.py:188} INFO - [2024-06-04T08:11:50.383+0000] {dagbag.py:540} INFO - Filling up the DagBag from /home/airflow/.local/lib/python3.8/site-packages/airflow/example_dags/example_skip_dag.py
[2024-06-04T08:11:50.391+0000] {processor.py:840} INFO - DAG(s) 'example_skip_dag' retrieved from /home/airflow/.local/lib/python3.8/site-packages/airflow/example_dags/example_skip_dag.py
[2024-06-04T08:11:50.425+0000] {logging_mixin.py:188} INFO - [2024-06-04T08:11:50.425+0000] {dag.py:3047} INFO - Sync 1 DAGs
[2024-06-04T08:11:50.452+0000] {logging_mixin.py:188} INFO - [2024-06-04T08:11:50.452+0000] {dag.py:3834} INFO - Setting next_dagrun for example_skip_dag to 2024-06-03 00:00:00+00:00, run_after=2024-06-04 00:00:00+00:00
[2024-06-04T08:11:50.475+0000] {processor.py:183} INFO - Processing /home/airflow/.local/lib/python3.8/site-packages/airflow/example_dags/example_skip_dag.py took 0.099 seconds
[2024-06-04T08:12:21.360+0000] {processor.py:161} INFO - Started process (PID=2575) to work on /home/airflow/.local/lib/python3.8/site-packages/airflow/example_dags/example_skip_dag.py
[2024-06-04T08:12:21.361+0000] {processor.py:830} INFO - Processing file /home/airflow/.local/lib/python3.8/site-packages/airflow/example_dags/example_skip_dag.py for tasks to queue
[2024-06-04T08:12:21.363+0000] {logging_mixin.py:188} INFO - [2024-06-04T08:12:21.363+0000] {dagbag.py:540} INFO - Filling up the DagBag from /home/airflow/.local/lib/python3.8/site-packages/airflow/example_dags/example_skip_dag.py
[2024-06-04T08:12:21.371+0000] {processor.py:840} INFO - DAG(s) 'example_skip_dag' retrieved from /home/airflow/.local/lib/python3.8/site-packages/airflow/example_dags/example_skip_dag.py
[2024-06-04T08:12:21.398+0000] {logging_mixin.py:188} INFO - [2024-06-04T08:12:21.398+0000] {dag.py:3047} INFO - Sync 1 DAGs
[2024-06-04T08:12:21.429+0000] {logging_mixin.py:188} INFO - [2024-06-04T08:12:21.429+0000] {dag.py:3834} INFO - Setting next_dagrun for example_skip_dag to 2024-06-03 00:00:00+00:00, run_after=2024-06-04 00:00:00+00:00
[2024-06-04T08:12:21.455+0000] {processor.py:183} INFO - Processing /home/airflow/.local/lib/python3.8/site-packages/airflow/example_dags/example_skip_dag.py took 0.101 seconds
[2024-06-04T08:12:51.915+0000] {processor.py:161} INFO - Started process (PID=2634) to work on /home/airflow/.local/lib/python3.8/site-packages/airflow/example_dags/example_skip_dag.py
[2024-06-04T08:12:51.916+0000] {processor.py:830} INFO - Processing file /home/airflow/.local/lib/python3.8/site-packages/airflow/example_dags/example_skip_dag.py for tasks to queue
[2024-06-04T08:12:51.918+0000] {logging_mixin.py:188} INFO - [2024-06-04T08:12:51.918+0000] {dagbag.py:540} INFO - Filling up the DagBag from /home/airflow/.local/lib/python3.8/site-packages/airflow/example_dags/example_skip_dag.py
[2024-06-04T08:12:51.927+0000] {processor.py:840} INFO - DAG(s) 'example_skip_dag' retrieved from /home/airflow/.local/lib/python3.8/site-packages/airflow/example_dags/example_skip_dag.py
[2024-06-04T08:12:51.957+0000] {logging_mixin.py:188} INFO - [2024-06-04T08:12:51.957+0000] {dag.py:3047} INFO - Sync 1 DAGs
[2024-06-04T08:12:51.987+0000] {logging_mixin.py:188} INFO - [2024-06-04T08:12:51.986+0000] {dag.py:3834} INFO - Setting next_dagrun for example_skip_dag to 2024-06-03 00:00:00+00:00, run_after=2024-06-04 00:00:00+00:00
[2024-06-04T08:12:52.012+0000] {processor.py:183} INFO - Processing /home/airflow/.local/lib/python3.8/site-packages/airflow/example_dags/example_skip_dag.py took 0.101 seconds
[2024-06-04T08:13:22.149+0000] {processor.py:161} INFO - Started process (PID=2692) to work on /home/airflow/.local/lib/python3.8/site-packages/airflow/example_dags/example_skip_dag.py
[2024-06-04T08:13:22.153+0000] {processor.py:830} INFO - Processing file /home/airflow/.local/lib/python3.8/site-packages/airflow/example_dags/example_skip_dag.py for tasks to queue
[2024-06-04T08:13:22.156+0000] {logging_mixin.py:188} INFO - [2024-06-04T08:13:22.155+0000] {dagbag.py:540} INFO - Filling up the DagBag from /home/airflow/.local/lib/python3.8/site-packages/airflow/example_dags/example_skip_dag.py
[2024-06-04T08:13:22.167+0000] {processor.py:840} INFO - DAG(s) 'example_skip_dag' retrieved from /home/airflow/.local/lib/python3.8/site-packages/airflow/example_dags/example_skip_dag.py
[2024-06-04T08:13:22.229+0000] {logging_mixin.py:188} INFO - [2024-06-04T08:13:22.228+0000] {dag.py:3047} INFO - Sync 1 DAGs
[2024-06-04T08:13:22.309+0000] {logging_mixin.py:188} INFO - [2024-06-04T08:13:22.309+0000] {dag.py:3834} INFO - Setting next_dagrun for example_skip_dag to 2024-06-03 00:00:00+00:00, run_after=2024-06-04 00:00:00+00:00
[2024-06-04T08:13:22.338+0000] {processor.py:183} INFO - Processing /home/airflow/.local/lib/python3.8/site-packages/airflow/example_dags/example_skip_dag.py took 0.196 seconds
[2024-06-04T08:13:52.510+0000] {processor.py:161} INFO - Started process (PID=2751) to work on /home/airflow/.local/lib/python3.8/site-packages/airflow/example_dags/example_skip_dag.py
[2024-06-04T08:13:52.511+0000] {processor.py:830} INFO - Processing file /home/airflow/.local/lib/python3.8/site-packages/airflow/example_dags/example_skip_dag.py for tasks to queue
[2024-06-04T08:13:52.514+0000] {logging_mixin.py:188} INFO - [2024-06-04T08:13:52.513+0000] {dagbag.py:540} INFO - Filling up the DagBag from /home/airflow/.local/lib/python3.8/site-packages/airflow/example_dags/example_skip_dag.py
[2024-06-04T08:13:52.523+0000] {processor.py:840} INFO - DAG(s) 'example_skip_dag' retrieved from /home/airflow/.local/lib/python3.8/site-packages/airflow/example_dags/example_skip_dag.py
[2024-06-04T08:13:52.543+0000] {logging_mixin.py:188} INFO - [2024-06-04T08:13:52.542+0000] {dag.py:3047} INFO - Sync 1 DAGs
[2024-06-04T08:13:52.575+0000] {logging_mixin.py:188} INFO - [2024-06-04T08:13:52.574+0000] {dag.py:3834} INFO - Setting next_dagrun for example_skip_dag to 2024-06-03 00:00:00+00:00, run_after=2024-06-04 00:00:00+00:00
[2024-06-04T08:13:52.609+0000] {processor.py:183} INFO - Processing /home/airflow/.local/lib/python3.8/site-packages/airflow/example_dags/example_skip_dag.py took 0.104 seconds
[2024-06-04T08:14:23.257+0000] {processor.py:161} INFO - Started process (PID=2810) to work on /home/airflow/.local/lib/python3.8/site-packages/airflow/example_dags/example_skip_dag.py
[2024-06-04T08:14:23.258+0000] {processor.py:830} INFO - Processing file /home/airflow/.local/lib/python3.8/site-packages/airflow/example_dags/example_skip_dag.py for tasks to queue
[2024-06-04T08:14:23.260+0000] {logging_mixin.py:188} INFO - [2024-06-04T08:14:23.259+0000] {dagbag.py:540} INFO - Filling up the DagBag from /home/airflow/.local/lib/python3.8/site-packages/airflow/example_dags/example_skip_dag.py
[2024-06-04T08:14:23.269+0000] {processor.py:840} INFO - DAG(s) 'example_skip_dag' retrieved from /home/airflow/.local/lib/python3.8/site-packages/airflow/example_dags/example_skip_dag.py
[2024-06-04T08:14:23.401+0000] {logging_mixin.py:188} INFO - [2024-06-04T08:14:23.400+0000] {dag.py:3047} INFO - Sync 1 DAGs
[2024-06-04T08:14:23.432+0000] {logging_mixin.py:188} INFO - [2024-06-04T08:14:23.432+0000] {dag.py:3834} INFO - Setting next_dagrun for example_skip_dag to 2024-06-03 00:00:00+00:00, run_after=2024-06-04 00:00:00+00:00
[2024-06-04T08:14:23.461+0000] {processor.py:183} INFO - Processing /home/airflow/.local/lib/python3.8/site-packages/airflow/example_dags/example_skip_dag.py took 0.210 seconds
[2024-06-04T08:14:53.595+0000] {processor.py:161} INFO - Started process (PID=2869) to work on /home/airflow/.local/lib/python3.8/site-packages/airflow/example_dags/example_skip_dag.py
[2024-06-04T08:14:53.596+0000] {processor.py:830} INFO - Processing file /home/airflow/.local/lib/python3.8/site-packages/airflow/example_dags/example_skip_dag.py for tasks to queue
[2024-06-04T08:14:53.598+0000] {logging_mixin.py:188} INFO - [2024-06-04T08:14:53.598+0000] {dagbag.py:540} INFO - Filling up the DagBag from /home/airflow/.local/lib/python3.8/site-packages/airflow/example_dags/example_skip_dag.py
[2024-06-04T08:14:53.606+0000] {processor.py:840} INFO - DAG(s) 'example_skip_dag' retrieved from /home/airflow/.local/lib/python3.8/site-packages/airflow/example_dags/example_skip_dag.py
[2024-06-04T08:14:53.633+0000] {logging_mixin.py:188} INFO - [2024-06-04T08:14:53.633+0000] {dag.py:3047} INFO - Sync 1 DAGs
[2024-06-04T08:14:53.661+0000] {logging_mixin.py:188} INFO - [2024-06-04T08:14:53.661+0000] {dag.py:3834} INFO - Setting next_dagrun for example_skip_dag to 2024-06-03 00:00:00+00:00, run_after=2024-06-04 00:00:00+00:00
[2024-06-04T08:14:53.682+0000] {processor.py:183} INFO - Processing /home/airflow/.local/lib/python3.8/site-packages/airflow/example_dags/example_skip_dag.py took 0.091 seconds
[2024-06-04T08:15:40.007+0000] {processor.py:161} INFO - Started process (PID=2977) to work on /home/airflow/.local/lib/python3.8/site-packages/airflow/example_dags/example_skip_dag.py
[2024-06-04T08:15:40.012+0000] {processor.py:830} INFO - Processing file /home/airflow/.local/lib/python3.8/site-packages/airflow/example_dags/example_skip_dag.py for tasks to queue
[2024-06-04T08:15:40.015+0000] {logging_mixin.py:188} INFO - [2024-06-04T08:15:40.014+0000] {dagbag.py:540} INFO - Filling up the DagBag from /home/airflow/.local/lib/python3.8/site-packages/airflow/example_dags/example_skip_dag.py
[2024-06-04T08:15:40.106+0000] {processor.py:840} INFO - DAG(s) 'example_skip_dag' retrieved from /home/airflow/.local/lib/python3.8/site-packages/airflow/example_dags/example_skip_dag.py
[2024-06-04T08:15:40.915+0000] {logging_mixin.py:188} INFO - [2024-06-04T08:15:40.915+0000] {dag.py:3047} INFO - Sync 1 DAGs
[2024-06-04T08:15:41.113+0000] {logging_mixin.py:188} INFO - [2024-06-04T08:15:41.113+0000] {dag.py:3834} INFO - Setting next_dagrun for example_skip_dag to 2024-06-03 00:00:00+00:00, run_after=2024-06-04 00:00:00+00:00
[2024-06-04T08:15:41.501+0000] {processor.py:183} INFO - Processing /home/airflow/.local/lib/python3.8/site-packages/airflow/example_dags/example_skip_dag.py took 1.500 seconds
[2024-06-04T08:16:12.101+0000] {processor.py:161} INFO - Started process (PID=3044) to work on /home/airflow/.local/lib/python3.8/site-packages/airflow/example_dags/example_skip_dag.py
[2024-06-04T08:16:12.104+0000] {processor.py:830} INFO - Processing file /home/airflow/.local/lib/python3.8/site-packages/airflow/example_dags/example_skip_dag.py for tasks to queue
[2024-06-04T08:16:12.107+0000] {logging_mixin.py:188} INFO - [2024-06-04T08:16:12.107+0000] {dagbag.py:540} INFO - Filling up the DagBag from /home/airflow/.local/lib/python3.8/site-packages/airflow/example_dags/example_skip_dag.py
[2024-06-04T08:16:12.118+0000] {processor.py:840} INFO - DAG(s) 'example_skip_dag' retrieved from /home/airflow/.local/lib/python3.8/site-packages/airflow/example_dags/example_skip_dag.py
[2024-06-04T08:16:12.402+0000] {logging_mixin.py:188} INFO - [2024-06-04T08:16:12.401+0000] {dag.py:3047} INFO - Sync 1 DAGs
[2024-06-04T08:16:12.607+0000] {logging_mixin.py:188} INFO - [2024-06-04T08:16:12.606+0000] {dag.py:3834} INFO - Setting next_dagrun for example_skip_dag to 2024-06-03 00:00:00+00:00, run_after=2024-06-04 00:00:00+00:00
[2024-06-04T08:16:12.802+0000] {processor.py:183} INFO - Processing /home/airflow/.local/lib/python3.8/site-packages/airflow/example_dags/example_skip_dag.py took 0.791 seconds
[2024-06-04T08:16:43.617+0000] {processor.py:161} INFO - Started process (PID=3146) to work on /home/airflow/.local/lib/python3.8/site-packages/airflow/example_dags/example_skip_dag.py
[2024-06-04T08:16:43.700+0000] {processor.py:830} INFO - Processing file /home/airflow/.local/lib/python3.8/site-packages/airflow/example_dags/example_skip_dag.py for tasks to queue
[2024-06-04T08:16:43.703+0000] {logging_mixin.py:188} INFO - [2024-06-04T08:16:43.703+0000] {dagbag.py:540} INFO - Filling up the DagBag from /home/airflow/.local/lib/python3.8/site-packages/airflow/example_dags/example_skip_dag.py
[2024-06-04T08:16:43.812+0000] {processor.py:840} INFO - DAG(s) 'example_skip_dag' retrieved from /home/airflow/.local/lib/python3.8/site-packages/airflow/example_dags/example_skip_dag.py
[2024-06-04T08:16:44.107+0000] {logging_mixin.py:188} INFO - [2024-06-04T08:16:44.106+0000] {dag.py:3047} INFO - Sync 1 DAGs
[2024-06-04T08:16:44.312+0000] {logging_mixin.py:188} INFO - [2024-06-04T08:16:44.312+0000] {dag.py:3834} INFO - Setting next_dagrun for example_skip_dag to 2024-06-03 00:00:00+00:00, run_after=2024-06-04 00:00:00+00:00
[2024-06-04T08:16:44.606+0000] {processor.py:183} INFO - Processing /home/airflow/.local/lib/python3.8/site-packages/airflow/example_dags/example_skip_dag.py took 0.995 seconds
[2024-06-04T08:17:15.015+0000] {processor.py:161} INFO - Started process (PID=3207) to work on /home/airflow/.local/lib/python3.8/site-packages/airflow/example_dags/example_skip_dag.py
[2024-06-04T08:17:15.017+0000] {processor.py:830} INFO - Processing file /home/airflow/.local/lib/python3.8/site-packages/airflow/example_dags/example_skip_dag.py for tasks to queue
[2024-06-04T08:17:15.020+0000] {logging_mixin.py:188} INFO - [2024-06-04T08:17:15.019+0000] {dagbag.py:540} INFO - Filling up the DagBag from /home/airflow/.local/lib/python3.8/site-packages/airflow/example_dags/example_skip_dag.py
[2024-06-04T08:17:15.107+0000] {processor.py:840} INFO - DAG(s) 'example_skip_dag' retrieved from /home/airflow/.local/lib/python3.8/site-packages/airflow/example_dags/example_skip_dag.py
[2024-06-04T08:17:15.312+0000] {logging_mixin.py:188} INFO - [2024-06-04T08:17:15.311+0000] {dag.py:3047} INFO - Sync 1 DAGs
[2024-06-04T08:17:15.506+0000] {logging_mixin.py:188} INFO - [2024-06-04T08:17:15.506+0000] {dag.py:3834} INFO - Setting next_dagrun for example_skip_dag to 2024-06-03 00:00:00+00:00, run_after=2024-06-04 00:00:00+00:00
[2024-06-04T08:17:15.702+0000] {processor.py:183} INFO - Processing /home/airflow/.local/lib/python3.8/site-packages/airflow/example_dags/example_skip_dag.py took 0.692 seconds
