[2024-06-04T07:51:20.910+0000] {processor.py:161} INFO - Started process (PID=167) to work on /home/airflow/.local/lib/python3.8/site-packages/airflow/example_dags/example_complex.py
[2024-06-04T07:51:20.911+0000] {processor.py:830} INFO - Processing file /home/airflow/.local/lib/python3.8/site-packages/airflow/example_dags/example_complex.py for tasks to queue
[2024-06-04T07:51:20.914+0000] {logging_mixin.py:188} INFO - [2024-06-04T07:51:20.913+0000] {dagbag.py:540} INFO - Filling up the DagBag from /home/airflow/.local/lib/python3.8/site-packages/airflow/example_dags/example_complex.py
[2024-06-04T07:51:20.936+0000] {processor.py:840} INFO - DAG(s) 'example_complex' retrieved from /home/airflow/.local/lib/python3.8/site-packages/airflow/example_dags/example_complex.py
[2024-06-04T07:51:21.308+0000] {logging_mixin.py:188} INFO - [2024-06-04T07:51:21.307+0000] {dag.py:3047} INFO - Sync 1 DAGs
[2024-06-04T07:51:21.327+0000] {logging_mixin.py:188} INFO - [2024-06-04T07:51:21.327+0000] {dag.py:3834} INFO - Setting next_dagrun for example_complex to None, run_after=None
[2024-06-04T07:51:21.417+0000] {processor.py:183} INFO - Processing /home/airflow/.local/lib/python3.8/site-packages/airflow/example_dags/example_complex.py took 0.513 seconds
[2024-06-04T07:51:52.345+0000] {processor.py:161} INFO - Started process (PID=225) to work on /home/airflow/.local/lib/python3.8/site-packages/airflow/example_dags/example_complex.py
[2024-06-04T07:51:52.347+0000] {processor.py:830} INFO - Processing file /home/airflow/.local/lib/python3.8/site-packages/airflow/example_dags/example_complex.py for tasks to queue
[2024-06-04T07:51:52.348+0000] {logging_mixin.py:188} INFO - [2024-06-04T07:51:52.348+0000] {dagbag.py:540} INFO - Filling up the DagBag from /home/airflow/.local/lib/python3.8/site-packages/airflow/example_dags/example_complex.py
[2024-06-04T07:51:52.361+0000] {processor.py:840} INFO - DAG(s) 'example_complex' retrieved from /home/airflow/.local/lib/python3.8/site-packages/airflow/example_dags/example_complex.py
[2024-06-04T07:51:52.394+0000] {logging_mixin.py:188} INFO - [2024-06-04T07:51:52.394+0000] {dag.py:3047} INFO - Sync 1 DAGs
[2024-06-04T07:51:52.410+0000] {logging_mixin.py:188} INFO - [2024-06-04T07:51:52.409+0000] {dag.py:3834} INFO - Setting next_dagrun for example_complex to None, run_after=None
[2024-06-04T07:51:52.431+0000] {processor.py:183} INFO - Processing /home/airflow/.local/lib/python3.8/site-packages/airflow/example_dags/example_complex.py took 0.090 seconds
[2024-06-04T07:52:22.779+0000] {processor.py:161} INFO - Started process (PID=283) to work on /home/airflow/.local/lib/python3.8/site-packages/airflow/example_dags/example_complex.py
[2024-06-04T07:52:22.780+0000] {processor.py:830} INFO - Processing file /home/airflow/.local/lib/python3.8/site-packages/airflow/example_dags/example_complex.py for tasks to queue
[2024-06-04T07:52:22.782+0000] {logging_mixin.py:188} INFO - [2024-06-04T07:52:22.782+0000] {dagbag.py:540} INFO - Filling up the DagBag from /home/airflow/.local/lib/python3.8/site-packages/airflow/example_dags/example_complex.py
[2024-06-04T07:52:22.794+0000] {processor.py:840} INFO - DAG(s) 'example_complex' retrieved from /home/airflow/.local/lib/python3.8/site-packages/airflow/example_dags/example_complex.py
[2024-06-04T07:52:22.835+0000] {logging_mixin.py:188} INFO - [2024-06-04T07:52:22.834+0000] {dag.py:3047} INFO - Sync 1 DAGs
[2024-06-04T07:52:22.849+0000] {logging_mixin.py:188} INFO - [2024-06-04T07:52:22.849+0000] {dag.py:3834} INFO - Setting next_dagrun for example_complex to None, run_after=None
[2024-06-04T07:52:22.871+0000] {processor.py:183} INFO - Processing /home/airflow/.local/lib/python3.8/site-packages/airflow/example_dags/example_complex.py took 0.095 seconds
[2024-06-04T07:52:53.069+0000] {processor.py:161} INFO - Started process (PID=341) to work on /home/airflow/.local/lib/python3.8/site-packages/airflow/example_dags/example_complex.py
[2024-06-04T07:52:53.071+0000] {processor.py:830} INFO - Processing file /home/airflow/.local/lib/python3.8/site-packages/airflow/example_dags/example_complex.py for tasks to queue
[2024-06-04T07:52:53.073+0000] {logging_mixin.py:188} INFO - [2024-06-04T07:52:53.072+0000] {dagbag.py:540} INFO - Filling up the DagBag from /home/airflow/.local/lib/python3.8/site-packages/airflow/example_dags/example_complex.py
[2024-06-04T07:52:53.085+0000] {processor.py:840} INFO - DAG(s) 'example_complex' retrieved from /home/airflow/.local/lib/python3.8/site-packages/airflow/example_dags/example_complex.py
[2024-06-04T07:52:53.121+0000] {logging_mixin.py:188} INFO - [2024-06-04T07:52:53.120+0000] {dag.py:3047} INFO - Sync 1 DAGs
[2024-06-04T07:52:53.135+0000] {logging_mixin.py:188} INFO - [2024-06-04T07:52:53.135+0000] {dag.py:3834} INFO - Setting next_dagrun for example_complex to None, run_after=None
[2024-06-04T07:52:53.158+0000] {processor.py:183} INFO - Processing /home/airflow/.local/lib/python3.8/site-packages/airflow/example_dags/example_complex.py took 0.092 seconds
[2024-06-04T07:53:23.299+0000] {processor.py:161} INFO - Started process (PID=399) to work on /home/airflow/.local/lib/python3.8/site-packages/airflow/example_dags/example_complex.py
[2024-06-04T07:53:23.300+0000] {processor.py:830} INFO - Processing file /home/airflow/.local/lib/python3.8/site-packages/airflow/example_dags/example_complex.py for tasks to queue
[2024-06-04T07:53:23.303+0000] {logging_mixin.py:188} INFO - [2024-06-04T07:53:23.302+0000] {dagbag.py:540} INFO - Filling up the DagBag from /home/airflow/.local/lib/python3.8/site-packages/airflow/example_dags/example_complex.py
[2024-06-04T07:53:23.318+0000] {processor.py:840} INFO - DAG(s) 'example_complex' retrieved from /home/airflow/.local/lib/python3.8/site-packages/airflow/example_dags/example_complex.py
[2024-06-04T07:53:23.355+0000] {logging_mixin.py:188} INFO - [2024-06-04T07:53:23.354+0000] {dag.py:3047} INFO - Sync 1 DAGs
[2024-06-04T07:53:23.370+0000] {logging_mixin.py:188} INFO - [2024-06-04T07:53:23.369+0000] {dag.py:3834} INFO - Setting next_dagrun for example_complex to None, run_after=None
[2024-06-04T07:53:23.402+0000] {processor.py:183} INFO - Processing /home/airflow/.local/lib/python3.8/site-packages/airflow/example_dags/example_complex.py took 0.107 seconds
[2024-06-04T07:53:53.682+0000] {processor.py:161} INFO - Started process (PID=457) to work on /home/airflow/.local/lib/python3.8/site-packages/airflow/example_dags/example_complex.py
[2024-06-04T07:53:53.683+0000] {processor.py:830} INFO - Processing file /home/airflow/.local/lib/python3.8/site-packages/airflow/example_dags/example_complex.py for tasks to queue
[2024-06-04T07:53:53.685+0000] {logging_mixin.py:188} INFO - [2024-06-04T07:53:53.685+0000] {dagbag.py:540} INFO - Filling up the DagBag from /home/airflow/.local/lib/python3.8/site-packages/airflow/example_dags/example_complex.py
[2024-06-04T07:53:53.697+0000] {processor.py:840} INFO - DAG(s) 'example_complex' retrieved from /home/airflow/.local/lib/python3.8/site-packages/airflow/example_dags/example_complex.py
[2024-06-04T07:53:53.733+0000] {logging_mixin.py:188} INFO - [2024-06-04T07:53:53.733+0000] {dag.py:3047} INFO - Sync 1 DAGs
[2024-06-04T07:53:53.747+0000] {logging_mixin.py:188} INFO - [2024-06-04T07:53:53.747+0000] {dag.py:3834} INFO - Setting next_dagrun for example_complex to None, run_after=None
[2024-06-04T07:53:53.767+0000] {processor.py:183} INFO - Processing /home/airflow/.local/lib/python3.8/site-packages/airflow/example_dags/example_complex.py took 0.089 seconds
[2024-06-04T07:54:24.090+0000] {processor.py:161} INFO - Started process (PID=515) to work on /home/airflow/.local/lib/python3.8/site-packages/airflow/example_dags/example_complex.py
[2024-06-04T07:54:24.091+0000] {processor.py:830} INFO - Processing file /home/airflow/.local/lib/python3.8/site-packages/airflow/example_dags/example_complex.py for tasks to queue
[2024-06-04T07:54:24.093+0000] {logging_mixin.py:188} INFO - [2024-06-04T07:54:24.092+0000] {dagbag.py:540} INFO - Filling up the DagBag from /home/airflow/.local/lib/python3.8/site-packages/airflow/example_dags/example_complex.py
[2024-06-04T07:54:24.104+0000] {processor.py:840} INFO - DAG(s) 'example_complex' retrieved from /home/airflow/.local/lib/python3.8/site-packages/airflow/example_dags/example_complex.py
[2024-06-04T07:54:24.139+0000] {logging_mixin.py:188} INFO - [2024-06-04T07:54:24.138+0000] {dag.py:3047} INFO - Sync 1 DAGs
[2024-06-04T07:54:24.151+0000] {logging_mixin.py:188} INFO - [2024-06-04T07:54:24.151+0000] {dag.py:3834} INFO - Setting next_dagrun for example_complex to None, run_after=None
[2024-06-04T07:54:24.171+0000] {processor.py:183} INFO - Processing /home/airflow/.local/lib/python3.8/site-packages/airflow/example_dags/example_complex.py took 0.085 seconds
[2024-06-04T07:54:54.430+0000] {processor.py:161} INFO - Started process (PID=573) to work on /home/airflow/.local/lib/python3.8/site-packages/airflow/example_dags/example_complex.py
[2024-06-04T07:54:54.432+0000] {processor.py:830} INFO - Processing file /home/airflow/.local/lib/python3.8/site-packages/airflow/example_dags/example_complex.py for tasks to queue
[2024-06-04T07:54:54.433+0000] {logging_mixin.py:188} INFO - [2024-06-04T07:54:54.433+0000] {dagbag.py:540} INFO - Filling up the DagBag from /home/airflow/.local/lib/python3.8/site-packages/airflow/example_dags/example_complex.py
[2024-06-04T07:54:54.445+0000] {processor.py:840} INFO - DAG(s) 'example_complex' retrieved from /home/airflow/.local/lib/python3.8/site-packages/airflow/example_dags/example_complex.py
[2024-06-04T07:54:54.477+0000] {logging_mixin.py:188} INFO - [2024-06-04T07:54:54.477+0000] {dag.py:3047} INFO - Sync 1 DAGs
[2024-06-04T07:54:54.490+0000] {logging_mixin.py:188} INFO - [2024-06-04T07:54:54.490+0000] {dag.py:3834} INFO - Setting next_dagrun for example_complex to None, run_after=None
[2024-06-04T07:54:54.514+0000] {processor.py:183} INFO - Processing /home/airflow/.local/lib/python3.8/site-packages/airflow/example_dags/example_complex.py took 0.087 seconds
[2024-06-04T07:55:24.646+0000] {processor.py:161} INFO - Started process (PID=631) to work on /home/airflow/.local/lib/python3.8/site-packages/airflow/example_dags/example_complex.py
[2024-06-04T07:55:24.648+0000] {processor.py:830} INFO - Processing file /home/airflow/.local/lib/python3.8/site-packages/airflow/example_dags/example_complex.py for tasks to queue
[2024-06-04T07:55:24.650+0000] {logging_mixin.py:188} INFO - [2024-06-04T07:55:24.650+0000] {dagbag.py:540} INFO - Filling up the DagBag from /home/airflow/.local/lib/python3.8/site-packages/airflow/example_dags/example_complex.py
[2024-06-04T07:55:24.663+0000] {processor.py:840} INFO - DAG(s) 'example_complex' retrieved from /home/airflow/.local/lib/python3.8/site-packages/airflow/example_dags/example_complex.py
[2024-06-04T07:55:24.697+0000] {logging_mixin.py:188} INFO - [2024-06-04T07:55:24.697+0000] {dag.py:3047} INFO - Sync 1 DAGs
[2024-06-04T07:55:24.710+0000] {logging_mixin.py:188} INFO - [2024-06-04T07:55:24.710+0000] {dag.py:3834} INFO - Setting next_dagrun for example_complex to None, run_after=None
[2024-06-04T07:55:24.731+0000] {processor.py:183} INFO - Processing /home/airflow/.local/lib/python3.8/site-packages/airflow/example_dags/example_complex.py took 0.089 seconds
[2024-06-04T07:55:55.533+0000] {processor.py:161} INFO - Started process (PID=689) to work on /home/airflow/.local/lib/python3.8/site-packages/airflow/example_dags/example_complex.py
[2024-06-04T07:55:55.534+0000] {processor.py:830} INFO - Processing file /home/airflow/.local/lib/python3.8/site-packages/airflow/example_dags/example_complex.py for tasks to queue
[2024-06-04T07:55:55.536+0000] {logging_mixin.py:188} INFO - [2024-06-04T07:55:55.536+0000] {dagbag.py:540} INFO - Filling up the DagBag from /home/airflow/.local/lib/python3.8/site-packages/airflow/example_dags/example_complex.py
[2024-06-04T07:55:55.549+0000] {processor.py:840} INFO - DAG(s) 'example_complex' retrieved from /home/airflow/.local/lib/python3.8/site-packages/airflow/example_dags/example_complex.py
[2024-06-04T07:55:55.583+0000] {logging_mixin.py:188} INFO - [2024-06-04T07:55:55.582+0000] {dag.py:3047} INFO - Sync 1 DAGs
[2024-06-04T07:55:55.595+0000] {logging_mixin.py:188} INFO - [2024-06-04T07:55:55.595+0000] {dag.py:3834} INFO - Setting next_dagrun for example_complex to None, run_after=None
[2024-06-04T07:55:55.617+0000] {processor.py:183} INFO - Processing /home/airflow/.local/lib/python3.8/site-packages/airflow/example_dags/example_complex.py took 0.088 seconds
[2024-06-04T07:56:26.259+0000] {processor.py:161} INFO - Started process (PID=747) to work on /home/airflow/.local/lib/python3.8/site-packages/airflow/example_dags/example_complex.py
[2024-06-04T07:56:26.260+0000] {processor.py:830} INFO - Processing file /home/airflow/.local/lib/python3.8/site-packages/airflow/example_dags/example_complex.py for tasks to queue
[2024-06-04T07:56:26.262+0000] {logging_mixin.py:188} INFO - [2024-06-04T07:56:26.262+0000] {dagbag.py:540} INFO - Filling up the DagBag from /home/airflow/.local/lib/python3.8/site-packages/airflow/example_dags/example_complex.py
[2024-06-04T07:56:26.274+0000] {processor.py:840} INFO - DAG(s) 'example_complex' retrieved from /home/airflow/.local/lib/python3.8/site-packages/airflow/example_dags/example_complex.py
[2024-06-04T07:56:26.308+0000] {logging_mixin.py:188} INFO - [2024-06-04T07:56:26.308+0000] {dag.py:3047} INFO - Sync 1 DAGs
[2024-06-04T07:56:26.321+0000] {logging_mixin.py:188} INFO - [2024-06-04T07:56:26.321+0000] {dag.py:3834} INFO - Setting next_dagrun for example_complex to None, run_after=None
[2024-06-04T07:56:26.340+0000] {processor.py:183} INFO - Processing /home/airflow/.local/lib/python3.8/site-packages/airflow/example_dags/example_complex.py took 0.085 seconds
[2024-06-04T07:56:56.771+0000] {processor.py:161} INFO - Started process (PID=805) to work on /home/airflow/.local/lib/python3.8/site-packages/airflow/example_dags/example_complex.py
[2024-06-04T07:56:56.773+0000] {processor.py:830} INFO - Processing file /home/airflow/.local/lib/python3.8/site-packages/airflow/example_dags/example_complex.py for tasks to queue
[2024-06-04T07:56:56.774+0000] {logging_mixin.py:188} INFO - [2024-06-04T07:56:56.774+0000] {dagbag.py:540} INFO - Filling up the DagBag from /home/airflow/.local/lib/python3.8/site-packages/airflow/example_dags/example_complex.py
[2024-06-04T07:56:56.786+0000] {processor.py:840} INFO - DAG(s) 'example_complex' retrieved from /home/airflow/.local/lib/python3.8/site-packages/airflow/example_dags/example_complex.py
[2024-06-04T07:56:56.820+0000] {logging_mixin.py:188} INFO - [2024-06-04T07:56:56.820+0000] {dag.py:3047} INFO - Sync 1 DAGs
[2024-06-04T07:56:56.833+0000] {logging_mixin.py:188} INFO - [2024-06-04T07:56:56.833+0000] {dag.py:3834} INFO - Setting next_dagrun for example_complex to None, run_after=None
[2024-06-04T07:56:56.852+0000] {processor.py:183} INFO - Processing /home/airflow/.local/lib/python3.8/site-packages/airflow/example_dags/example_complex.py took 0.084 seconds
[2024-06-04T07:57:27.302+0000] {processor.py:161} INFO - Started process (PID=863) to work on /home/airflow/.local/lib/python3.8/site-packages/airflow/example_dags/example_complex.py
[2024-06-04T07:57:27.304+0000] {processor.py:830} INFO - Processing file /home/airflow/.local/lib/python3.8/site-packages/airflow/example_dags/example_complex.py for tasks to queue
[2024-06-04T07:57:27.305+0000] {logging_mixin.py:188} INFO - [2024-06-04T07:57:27.305+0000] {dagbag.py:540} INFO - Filling up the DagBag from /home/airflow/.local/lib/python3.8/site-packages/airflow/example_dags/example_complex.py
[2024-06-04T07:57:27.318+0000] {processor.py:840} INFO - DAG(s) 'example_complex' retrieved from /home/airflow/.local/lib/python3.8/site-packages/airflow/example_dags/example_complex.py
[2024-06-04T07:57:27.351+0000] {logging_mixin.py:188} INFO - [2024-06-04T07:57:27.351+0000] {dag.py:3047} INFO - Sync 1 DAGs
[2024-06-04T07:57:27.365+0000] {logging_mixin.py:188} INFO - [2024-06-04T07:57:27.365+0000] {dag.py:3834} INFO - Setting next_dagrun for example_complex to None, run_after=None
[2024-06-04T07:57:27.388+0000] {processor.py:183} INFO - Processing /home/airflow/.local/lib/python3.8/site-packages/airflow/example_dags/example_complex.py took 0.089 seconds
[2024-06-04T07:57:57.796+0000] {processor.py:161} INFO - Started process (PID=921) to work on /home/airflow/.local/lib/python3.8/site-packages/airflow/example_dags/example_complex.py
[2024-06-04T07:57:57.797+0000] {processor.py:830} INFO - Processing file /home/airflow/.local/lib/python3.8/site-packages/airflow/example_dags/example_complex.py for tasks to queue
[2024-06-04T07:57:57.799+0000] {logging_mixin.py:188} INFO - [2024-06-04T07:57:57.798+0000] {dagbag.py:540} INFO - Filling up the DagBag from /home/airflow/.local/lib/python3.8/site-packages/airflow/example_dags/example_complex.py
[2024-06-04T07:57:57.810+0000] {processor.py:840} INFO - DAG(s) 'example_complex' retrieved from /home/airflow/.local/lib/python3.8/site-packages/airflow/example_dags/example_complex.py
[2024-06-04T07:57:57.846+0000] {logging_mixin.py:188} INFO - [2024-06-04T07:57:57.846+0000] {dag.py:3047} INFO - Sync 1 DAGs
[2024-06-04T07:57:57.861+0000] {logging_mixin.py:188} INFO - [2024-06-04T07:57:57.860+0000] {dag.py:3834} INFO - Setting next_dagrun for example_complex to None, run_after=None
[2024-06-04T07:57:57.882+0000] {processor.py:183} INFO - Processing /home/airflow/.local/lib/python3.8/site-packages/airflow/example_dags/example_complex.py took 0.090 seconds
[2024-06-04T07:58:28.271+0000] {processor.py:161} INFO - Started process (PID=979) to work on /home/airflow/.local/lib/python3.8/site-packages/airflow/example_dags/example_complex.py
[2024-06-04T07:58:28.272+0000] {processor.py:830} INFO - Processing file /home/airflow/.local/lib/python3.8/site-packages/airflow/example_dags/example_complex.py for tasks to queue
[2024-06-04T07:58:28.274+0000] {logging_mixin.py:188} INFO - [2024-06-04T07:58:28.274+0000] {dagbag.py:540} INFO - Filling up the DagBag from /home/airflow/.local/lib/python3.8/site-packages/airflow/example_dags/example_complex.py
[2024-06-04T07:58:28.287+0000] {processor.py:840} INFO - DAG(s) 'example_complex' retrieved from /home/airflow/.local/lib/python3.8/site-packages/airflow/example_dags/example_complex.py
[2024-06-04T07:58:28.323+0000] {logging_mixin.py:188} INFO - [2024-06-04T07:58:28.323+0000] {dag.py:3047} INFO - Sync 1 DAGs
[2024-06-04T07:58:28.338+0000] {logging_mixin.py:188} INFO - [2024-06-04T07:58:28.338+0000] {dag.py:3834} INFO - Setting next_dagrun for example_complex to None, run_after=None
[2024-06-04T07:58:28.357+0000] {processor.py:183} INFO - Processing /home/airflow/.local/lib/python3.8/site-packages/airflow/example_dags/example_complex.py took 0.090 seconds
[2024-06-04T07:58:59.149+0000] {processor.py:161} INFO - Started process (PID=1037) to work on /home/airflow/.local/lib/python3.8/site-packages/airflow/example_dags/example_complex.py
[2024-06-04T07:58:59.150+0000] {processor.py:830} INFO - Processing file /home/airflow/.local/lib/python3.8/site-packages/airflow/example_dags/example_complex.py for tasks to queue
[2024-06-04T07:58:59.152+0000] {logging_mixin.py:188} INFO - [2024-06-04T07:58:59.152+0000] {dagbag.py:540} INFO - Filling up the DagBag from /home/airflow/.local/lib/python3.8/site-packages/airflow/example_dags/example_complex.py
[2024-06-04T07:58:59.164+0000] {processor.py:840} INFO - DAG(s) 'example_complex' retrieved from /home/airflow/.local/lib/python3.8/site-packages/airflow/example_dags/example_complex.py
[2024-06-04T07:58:59.199+0000] {logging_mixin.py:188} INFO - [2024-06-04T07:58:59.198+0000] {dag.py:3047} INFO - Sync 1 DAGs
[2024-06-04T07:58:59.212+0000] {logging_mixin.py:188} INFO - [2024-06-04T07:58:59.212+0000] {dag.py:3834} INFO - Setting next_dagrun for example_complex to None, run_after=None
[2024-06-04T07:58:59.233+0000] {processor.py:183} INFO - Processing /home/airflow/.local/lib/python3.8/site-packages/airflow/example_dags/example_complex.py took 0.089 seconds
