[2024-06-04T07:51:28.336+0000] {processor.py:161} INFO - Started process (PID=199) to work on /home/airflow/.local/lib/python3.8/site-packages/airflow/example_dags/tutorial.py
[2024-06-04T07:51:28.337+0000] {processor.py:830} INFO - Processing file /home/airflow/.local/lib/python3.8/site-packages/airflow/example_dags/tutorial.py for tasks to queue
[2024-06-04T07:51:28.339+0000] {logging_mixin.py:188} INFO - [2024-06-04T07:51:28.338+0000] {dagbag.py:540} INFO - Filling up the DagBag from /home/airflow/.local/lib/python3.8/site-packages/airflow/example_dags/tutorial.py
[2024-06-04T07:51:28.346+0000] {processor.py:840} INFO - DAG(s) 'tutorial' retrieved from /home/airflow/.local/lib/python3.8/site-packages/airflow/example_dags/tutorial.py
[2024-06-04T07:51:28.557+0000] {logging_mixin.py:188} INFO - [2024-06-04T07:51:28.556+0000] {dag.py:3047} INFO - Sync 1 DAGs
[2024-06-04T07:51:28.625+0000] {logging_mixin.py:188} INFO - [2024-06-04T07:51:28.625+0000] {dag.py:3834} INFO - Setting next_dagrun for tutorial to 2024-06-03 00:00:00+00:00, run_after=2024-06-04 00:00:00+00:00
[2024-06-04T07:51:28.653+0000] {processor.py:183} INFO - Processing /home/airflow/.local/lib/python3.8/site-packages/airflow/example_dags/tutorial.py took 0.321 seconds
[2024-06-04T07:51:59.414+0000] {processor.py:161} INFO - Started process (PID=257) to work on /home/airflow/.local/lib/python3.8/site-packages/airflow/example_dags/tutorial.py
[2024-06-04T07:51:59.416+0000] {processor.py:830} INFO - Processing file /home/airflow/.local/lib/python3.8/site-packages/airflow/example_dags/tutorial.py for tasks to queue
[2024-06-04T07:51:59.418+0000] {logging_mixin.py:188} INFO - [2024-06-04T07:51:59.417+0000] {dagbag.py:540} INFO - Filling up the DagBag from /home/airflow/.local/lib/python3.8/site-packages/airflow/example_dags/tutorial.py
[2024-06-04T07:51:59.425+0000] {processor.py:840} INFO - DAG(s) 'tutorial' retrieved from /home/airflow/.local/lib/python3.8/site-packages/airflow/example_dags/tutorial.py
[2024-06-04T07:51:59.449+0000] {logging_mixin.py:188} INFO - [2024-06-04T07:51:59.449+0000] {dag.py:3047} INFO - Sync 1 DAGs
[2024-06-04T07:51:59.473+0000] {logging_mixin.py:188} INFO - [2024-06-04T07:51:59.473+0000] {dag.py:3834} INFO - Setting next_dagrun for tutorial to 2024-06-03 00:00:00+00:00, run_after=2024-06-04 00:00:00+00:00
[2024-06-04T07:51:59.491+0000] {processor.py:183} INFO - Processing /home/airflow/.local/lib/python3.8/site-packages/airflow/example_dags/tutorial.py took 0.080 seconds
[2024-06-04T07:52:29.776+0000] {processor.py:161} INFO - Started process (PID=315) to work on /home/airflow/.local/lib/python3.8/site-packages/airflow/example_dags/tutorial.py
[2024-06-04T07:52:29.777+0000] {processor.py:830} INFO - Processing file /home/airflow/.local/lib/python3.8/site-packages/airflow/example_dags/tutorial.py for tasks to queue
[2024-06-04T07:52:29.779+0000] {logging_mixin.py:188} INFO - [2024-06-04T07:52:29.779+0000] {dagbag.py:540} INFO - Filling up the DagBag from /home/airflow/.local/lib/python3.8/site-packages/airflow/example_dags/tutorial.py
[2024-06-04T07:52:29.785+0000] {processor.py:840} INFO - DAG(s) 'tutorial' retrieved from /home/airflow/.local/lib/python3.8/site-packages/airflow/example_dags/tutorial.py
[2024-06-04T07:52:29.808+0000] {logging_mixin.py:188} INFO - [2024-06-04T07:52:29.808+0000] {dag.py:3047} INFO - Sync 1 DAGs
[2024-06-04T07:52:29.837+0000] {logging_mixin.py:188} INFO - [2024-06-04T07:52:29.836+0000] {dag.py:3834} INFO - Setting next_dagrun for tutorial to 2024-06-03 00:00:00+00:00, run_after=2024-06-04 00:00:00+00:00
[2024-06-04T07:52:29.857+0000] {processor.py:183} INFO - Processing /home/airflow/.local/lib/python3.8/site-packages/airflow/example_dags/tutorial.py took 0.084 seconds
[2024-06-04T07:53:00.134+0000] {processor.py:161} INFO - Started process (PID=373) to work on /home/airflow/.local/lib/python3.8/site-packages/airflow/example_dags/tutorial.py
[2024-06-04T07:53:00.135+0000] {processor.py:830} INFO - Processing file /home/airflow/.local/lib/python3.8/site-packages/airflow/example_dags/tutorial.py for tasks to queue
[2024-06-04T07:53:00.138+0000] {logging_mixin.py:188} INFO - [2024-06-04T07:53:00.137+0000] {dagbag.py:540} INFO - Filling up the DagBag from /home/airflow/.local/lib/python3.8/site-packages/airflow/example_dags/tutorial.py
[2024-06-04T07:53:00.145+0000] {processor.py:840} INFO - DAG(s) 'tutorial' retrieved from /home/airflow/.local/lib/python3.8/site-packages/airflow/example_dags/tutorial.py
[2024-06-04T07:53:00.172+0000] {logging_mixin.py:188} INFO - [2024-06-04T07:53:00.172+0000] {dag.py:3047} INFO - Sync 1 DAGs
[2024-06-04T07:53:00.202+0000] {logging_mixin.py:188} INFO - [2024-06-04T07:53:00.202+0000] {dag.py:3834} INFO - Setting next_dagrun for tutorial to 2024-06-03 00:00:00+00:00, run_after=2024-06-04 00:00:00+00:00
[2024-06-04T07:53:00.230+0000] {processor.py:183} INFO - Processing /home/airflow/.local/lib/python3.8/site-packages/airflow/example_dags/tutorial.py took 0.101 seconds
[2024-06-04T07:53:30.492+0000] {processor.py:161} INFO - Started process (PID=431) to work on /home/airflow/.local/lib/python3.8/site-packages/airflow/example_dags/tutorial.py
[2024-06-04T07:53:30.493+0000] {processor.py:830} INFO - Processing file /home/airflow/.local/lib/python3.8/site-packages/airflow/example_dags/tutorial.py for tasks to queue
[2024-06-04T07:53:30.495+0000] {logging_mixin.py:188} INFO - [2024-06-04T07:53:30.495+0000] {dagbag.py:540} INFO - Filling up the DagBag from /home/airflow/.local/lib/python3.8/site-packages/airflow/example_dags/tutorial.py
[2024-06-04T07:53:30.502+0000] {processor.py:840} INFO - DAG(s) 'tutorial' retrieved from /home/airflow/.local/lib/python3.8/site-packages/airflow/example_dags/tutorial.py
[2024-06-04T07:53:30.531+0000] {logging_mixin.py:188} INFO - [2024-06-04T07:53:30.530+0000] {dag.py:3047} INFO - Sync 1 DAGs
[2024-06-04T07:53:30.557+0000] {logging_mixin.py:188} INFO - [2024-06-04T07:53:30.557+0000] {dag.py:3834} INFO - Setting next_dagrun for tutorial to 2024-06-03 00:00:00+00:00, run_after=2024-06-04 00:00:00+00:00
[2024-06-04T07:53:30.575+0000] {processor.py:183} INFO - Processing /home/airflow/.local/lib/python3.8/site-packages/airflow/example_dags/tutorial.py took 0.087 seconds
[2024-06-04T07:54:01.481+0000] {processor.py:161} INFO - Started process (PID=489) to work on /home/airflow/.local/lib/python3.8/site-packages/airflow/example_dags/tutorial.py
[2024-06-04T07:54:01.482+0000] {processor.py:830} INFO - Processing file /home/airflow/.local/lib/python3.8/site-packages/airflow/example_dags/tutorial.py for tasks to queue
[2024-06-04T07:54:01.484+0000] {logging_mixin.py:188} INFO - [2024-06-04T07:54:01.484+0000] {dagbag.py:540} INFO - Filling up the DagBag from /home/airflow/.local/lib/python3.8/site-packages/airflow/example_dags/tutorial.py
[2024-06-04T07:54:01.491+0000] {processor.py:840} INFO - DAG(s) 'tutorial' retrieved from /home/airflow/.local/lib/python3.8/site-packages/airflow/example_dags/tutorial.py
[2024-06-04T07:54:01.518+0000] {logging_mixin.py:188} INFO - [2024-06-04T07:54:01.518+0000] {dag.py:3047} INFO - Sync 1 DAGs
[2024-06-04T07:54:01.548+0000] {logging_mixin.py:188} INFO - [2024-06-04T07:54:01.548+0000] {dag.py:3834} INFO - Setting next_dagrun for tutorial to 2024-06-03 00:00:00+00:00, run_after=2024-06-04 00:00:00+00:00
[2024-06-04T07:54:01.569+0000] {processor.py:183} INFO - Processing /home/airflow/.local/lib/python3.8/site-packages/airflow/example_dags/tutorial.py took 0.092 seconds
[2024-06-04T07:54:31.718+0000] {processor.py:161} INFO - Started process (PID=547) to work on /home/airflow/.local/lib/python3.8/site-packages/airflow/example_dags/tutorial.py
[2024-06-04T07:54:31.720+0000] {processor.py:830} INFO - Processing file /home/airflow/.local/lib/python3.8/site-packages/airflow/example_dags/tutorial.py for tasks to queue
[2024-06-04T07:54:31.722+0000] {logging_mixin.py:188} INFO - [2024-06-04T07:54:31.722+0000] {dagbag.py:540} INFO - Filling up the DagBag from /home/airflow/.local/lib/python3.8/site-packages/airflow/example_dags/tutorial.py
[2024-06-04T07:54:31.730+0000] {processor.py:840} INFO - DAG(s) 'tutorial' retrieved from /home/airflow/.local/lib/python3.8/site-packages/airflow/example_dags/tutorial.py
[2024-06-04T07:54:31.819+0000] {logging_mixin.py:188} INFO - [2024-06-04T07:54:31.819+0000] {dag.py:3047} INFO - Sync 1 DAGs
[2024-06-04T07:54:31.846+0000] {logging_mixin.py:188} INFO - [2024-06-04T07:54:31.846+0000] {dag.py:3834} INFO - Setting next_dagrun for tutorial to 2024-06-03 00:00:00+00:00, run_after=2024-06-04 00:00:00+00:00
[2024-06-04T07:54:31.919+0000] {processor.py:183} INFO - Processing /home/airflow/.local/lib/python3.8/site-packages/airflow/example_dags/tutorial.py took 0.205 seconds
[2024-06-04T07:55:02.535+0000] {processor.py:161} INFO - Started process (PID=605) to work on /home/airflow/.local/lib/python3.8/site-packages/airflow/example_dags/tutorial.py
[2024-06-04T07:55:02.537+0000] {processor.py:830} INFO - Processing file /home/airflow/.local/lib/python3.8/site-packages/airflow/example_dags/tutorial.py for tasks to queue
[2024-06-04T07:55:02.538+0000] {logging_mixin.py:188} INFO - [2024-06-04T07:55:02.538+0000] {dagbag.py:540} INFO - Filling up the DagBag from /home/airflow/.local/lib/python3.8/site-packages/airflow/example_dags/tutorial.py
[2024-06-04T07:55:02.545+0000] {processor.py:840} INFO - DAG(s) 'tutorial' retrieved from /home/airflow/.local/lib/python3.8/site-packages/airflow/example_dags/tutorial.py
[2024-06-04T07:55:02.569+0000] {logging_mixin.py:188} INFO - [2024-06-04T07:55:02.569+0000] {dag.py:3047} INFO - Sync 1 DAGs
[2024-06-04T07:55:02.593+0000] {logging_mixin.py:188} INFO - [2024-06-04T07:55:02.593+0000] {dag.py:3834} INFO - Setting next_dagrun for tutorial to 2024-06-03 00:00:00+00:00, run_after=2024-06-04 00:00:00+00:00
[2024-06-04T07:55:02.616+0000] {processor.py:183} INFO - Processing /home/airflow/.local/lib/python3.8/site-packages/airflow/example_dags/tutorial.py took 0.086 seconds
[2024-06-04T07:55:32.689+0000] {processor.py:161} INFO - Started process (PID=663) to work on /home/airflow/.local/lib/python3.8/site-packages/airflow/example_dags/tutorial.py
[2024-06-04T07:55:32.690+0000] {processor.py:830} INFO - Processing file /home/airflow/.local/lib/python3.8/site-packages/airflow/example_dags/tutorial.py for tasks to queue
[2024-06-04T07:55:32.692+0000] {logging_mixin.py:188} INFO - [2024-06-04T07:55:32.691+0000] {dagbag.py:540} INFO - Filling up the DagBag from /home/airflow/.local/lib/python3.8/site-packages/airflow/example_dags/tutorial.py
[2024-06-04T07:55:32.698+0000] {processor.py:840} INFO - DAG(s) 'tutorial' retrieved from /home/airflow/.local/lib/python3.8/site-packages/airflow/example_dags/tutorial.py
[2024-06-04T07:55:32.721+0000] {logging_mixin.py:188} INFO - [2024-06-04T07:55:32.721+0000] {dag.py:3047} INFO - Sync 1 DAGs
[2024-06-04T07:55:32.745+0000] {logging_mixin.py:188} INFO - [2024-06-04T07:55:32.744+0000] {dag.py:3834} INFO - Setting next_dagrun for tutorial to 2024-06-03 00:00:00+00:00, run_after=2024-06-04 00:00:00+00:00
[2024-06-04T07:55:32.762+0000] {processor.py:183} INFO - Processing /home/airflow/.local/lib/python3.8/site-packages/airflow/example_dags/tutorial.py took 0.077 seconds
[2024-06-04T07:56:03.478+0000] {processor.py:161} INFO - Started process (PID=721) to work on /home/airflow/.local/lib/python3.8/site-packages/airflow/example_dags/tutorial.py
[2024-06-04T07:56:03.480+0000] {processor.py:830} INFO - Processing file /home/airflow/.local/lib/python3.8/site-packages/airflow/example_dags/tutorial.py for tasks to queue
[2024-06-04T07:56:03.482+0000] {logging_mixin.py:188} INFO - [2024-06-04T07:56:03.481+0000] {dagbag.py:540} INFO - Filling up the DagBag from /home/airflow/.local/lib/python3.8/site-packages/airflow/example_dags/tutorial.py
[2024-06-04T07:56:03.488+0000] {processor.py:840} INFO - DAG(s) 'tutorial' retrieved from /home/airflow/.local/lib/python3.8/site-packages/airflow/example_dags/tutorial.py
[2024-06-04T07:56:03.512+0000] {logging_mixin.py:188} INFO - [2024-06-04T07:56:03.512+0000] {dag.py:3047} INFO - Sync 1 DAGs
[2024-06-04T07:56:03.538+0000] {logging_mixin.py:188} INFO - [2024-06-04T07:56:03.538+0000] {dag.py:3834} INFO - Setting next_dagrun for tutorial to 2024-06-03 00:00:00+00:00, run_after=2024-06-04 00:00:00+00:00
[2024-06-04T07:56:03.558+0000] {processor.py:183} INFO - Processing /home/airflow/.local/lib/python3.8/site-packages/airflow/example_dags/tutorial.py took 0.084 seconds
[2024-06-04T07:56:34.216+0000] {processor.py:161} INFO - Started process (PID=785) to work on /home/airflow/.local/lib/python3.8/site-packages/airflow/example_dags/tutorial.py
[2024-06-04T07:56:34.217+0000] {processor.py:830} INFO - Processing file /home/airflow/.local/lib/python3.8/site-packages/airflow/example_dags/tutorial.py for tasks to queue
[2024-06-04T07:56:34.219+0000] {logging_mixin.py:188} INFO - [2024-06-04T07:56:34.218+0000] {dagbag.py:540} INFO - Filling up the DagBag from /home/airflow/.local/lib/python3.8/site-packages/airflow/example_dags/tutorial.py
[2024-06-04T07:56:34.225+0000] {processor.py:840} INFO - DAG(s) 'tutorial' retrieved from /home/airflow/.local/lib/python3.8/site-packages/airflow/example_dags/tutorial.py
[2024-06-04T07:56:34.248+0000] {logging_mixin.py:188} INFO - [2024-06-04T07:56:34.248+0000] {dag.py:3047} INFO - Sync 1 DAGs
[2024-06-04T07:56:34.274+0000] {logging_mixin.py:188} INFO - [2024-06-04T07:56:34.273+0000] {dag.py:3834} INFO - Setting next_dagrun for tutorial to 2024-06-03 00:00:00+00:00, run_after=2024-06-04 00:00:00+00:00
[2024-06-04T07:56:34.293+0000] {processor.py:183} INFO - Processing /home/airflow/.local/lib/python3.8/site-packages/airflow/example_dags/tutorial.py took 0.081 seconds
[2024-06-04T07:57:04.815+0000] {processor.py:161} INFO - Started process (PID=843) to work on /home/airflow/.local/lib/python3.8/site-packages/airflow/example_dags/tutorial.py
[2024-06-04T07:57:04.816+0000] {processor.py:830} INFO - Processing file /home/airflow/.local/lib/python3.8/site-packages/airflow/example_dags/tutorial.py for tasks to queue
[2024-06-04T07:57:04.819+0000] {logging_mixin.py:188} INFO - [2024-06-04T07:57:04.818+0000] {dagbag.py:540} INFO - Filling up the DagBag from /home/airflow/.local/lib/python3.8/site-packages/airflow/example_dags/tutorial.py
[2024-06-04T07:57:04.825+0000] {processor.py:840} INFO - DAG(s) 'tutorial' retrieved from /home/airflow/.local/lib/python3.8/site-packages/airflow/example_dags/tutorial.py
[2024-06-04T07:57:04.848+0000] {logging_mixin.py:188} INFO - [2024-06-04T07:57:04.848+0000] {dag.py:3047} INFO - Sync 1 DAGs
[2024-06-04T07:57:04.873+0000] {logging_mixin.py:188} INFO - [2024-06-04T07:57:04.873+0000] {dag.py:3834} INFO - Setting next_dagrun for tutorial to 2024-06-03 00:00:00+00:00, run_after=2024-06-04 00:00:00+00:00
[2024-06-04T07:57:04.893+0000] {processor.py:183} INFO - Processing /home/airflow/.local/lib/python3.8/site-packages/airflow/example_dags/tutorial.py took 0.082 seconds
[2024-06-04T07:57:35.303+0000] {processor.py:161} INFO - Started process (PID=901) to work on /home/airflow/.local/lib/python3.8/site-packages/airflow/example_dags/tutorial.py
[2024-06-04T07:57:35.304+0000] {processor.py:830} INFO - Processing file /home/airflow/.local/lib/python3.8/site-packages/airflow/example_dags/tutorial.py for tasks to queue
[2024-06-04T07:57:35.305+0000] {logging_mixin.py:188} INFO - [2024-06-04T07:57:35.305+0000] {dagbag.py:540} INFO - Filling up the DagBag from /home/airflow/.local/lib/python3.8/site-packages/airflow/example_dags/tutorial.py
[2024-06-04T07:57:35.311+0000] {processor.py:840} INFO - DAG(s) 'tutorial' retrieved from /home/airflow/.local/lib/python3.8/site-packages/airflow/example_dags/tutorial.py
[2024-06-04T07:57:35.335+0000] {logging_mixin.py:188} INFO - [2024-06-04T07:57:35.335+0000] {dag.py:3047} INFO - Sync 1 DAGs
[2024-06-04T07:57:35.360+0000] {logging_mixin.py:188} INFO - [2024-06-04T07:57:35.360+0000] {dag.py:3834} INFO - Setting next_dagrun for tutorial to 2024-06-03 00:00:00+00:00, run_after=2024-06-04 00:00:00+00:00
[2024-06-04T07:57:35.381+0000] {processor.py:183} INFO - Processing /home/airflow/.local/lib/python3.8/site-packages/airflow/example_dags/tutorial.py took 0.082 seconds
[2024-06-04T07:58:05.728+0000] {processor.py:161} INFO - Started process (PID=959) to work on /home/airflow/.local/lib/python3.8/site-packages/airflow/example_dags/tutorial.py
[2024-06-04T07:58:05.730+0000] {processor.py:830} INFO - Processing file /home/airflow/.local/lib/python3.8/site-packages/airflow/example_dags/tutorial.py for tasks to queue
[2024-06-04T07:58:05.731+0000] {logging_mixin.py:188} INFO - [2024-06-04T07:58:05.731+0000] {dagbag.py:540} INFO - Filling up the DagBag from /home/airflow/.local/lib/python3.8/site-packages/airflow/example_dags/tutorial.py
[2024-06-04T07:58:05.738+0000] {processor.py:840} INFO - DAG(s) 'tutorial' retrieved from /home/airflow/.local/lib/python3.8/site-packages/airflow/example_dags/tutorial.py
[2024-06-04T07:58:05.763+0000] {logging_mixin.py:188} INFO - [2024-06-04T07:58:05.763+0000] {dag.py:3047} INFO - Sync 1 DAGs
[2024-06-04T07:58:05.787+0000] {logging_mixin.py:188} INFO - [2024-06-04T07:58:05.787+0000] {dag.py:3834} INFO - Setting next_dagrun for tutorial to 2024-06-03 00:00:00+00:00, run_after=2024-06-04 00:00:00+00:00
[2024-06-04T07:58:05.804+0000] {processor.py:183} INFO - Processing /home/airflow/.local/lib/python3.8/site-packages/airflow/example_dags/tutorial.py took 0.080 seconds
[2024-06-04T07:58:36.178+0000] {processor.py:161} INFO - Started process (PID=1017) to work on /home/airflow/.local/lib/python3.8/site-packages/airflow/example_dags/tutorial.py
[2024-06-04T07:58:36.180+0000] {processor.py:830} INFO - Processing file /home/airflow/.local/lib/python3.8/site-packages/airflow/example_dags/tutorial.py for tasks to queue
[2024-06-04T07:58:36.182+0000] {logging_mixin.py:188} INFO - [2024-06-04T07:58:36.181+0000] {dagbag.py:540} INFO - Filling up the DagBag from /home/airflow/.local/lib/python3.8/site-packages/airflow/example_dags/tutorial.py
[2024-06-04T07:58:36.188+0000] {processor.py:840} INFO - DAG(s) 'tutorial' retrieved from /home/airflow/.local/lib/python3.8/site-packages/airflow/example_dags/tutorial.py
[2024-06-04T07:58:36.216+0000] {logging_mixin.py:188} INFO - [2024-06-04T07:58:36.215+0000] {dag.py:3047} INFO - Sync 1 DAGs
[2024-06-04T07:58:36.244+0000] {logging_mixin.py:188} INFO - [2024-06-04T07:58:36.244+0000] {dag.py:3834} INFO - Setting next_dagrun for tutorial to 2024-06-03 00:00:00+00:00, run_after=2024-06-04 00:00:00+00:00
[2024-06-04T07:58:36.269+0000] {processor.py:183} INFO - Processing /home/airflow/.local/lib/python3.8/site-packages/airflow/example_dags/tutorial.py took 0.095 seconds
[2024-06-04T07:59:06.405+0000] {processor.py:161} INFO - Started process (PID=1076) to work on /home/airflow/.local/lib/python3.8/site-packages/airflow/example_dags/tutorial.py
[2024-06-04T07:59:06.406+0000] {processor.py:830} INFO - Processing file /home/airflow/.local/lib/python3.8/site-packages/airflow/example_dags/tutorial.py for tasks to queue
[2024-06-04T07:59:06.408+0000] {logging_mixin.py:188} INFO - [2024-06-04T07:59:06.407+0000] {dagbag.py:540} INFO - Filling up the DagBag from /home/airflow/.local/lib/python3.8/site-packages/airflow/example_dags/tutorial.py
[2024-06-04T07:59:06.414+0000] {processor.py:840} INFO - DAG(s) 'tutorial' retrieved from /home/airflow/.local/lib/python3.8/site-packages/airflow/example_dags/tutorial.py
[2024-06-04T07:59:06.437+0000] {logging_mixin.py:188} INFO - [2024-06-04T07:59:06.437+0000] {dag.py:3047} INFO - Sync 1 DAGs
[2024-06-04T07:59:06.462+0000] {logging_mixin.py:188} INFO - [2024-06-04T07:59:06.462+0000] {dag.py:3834} INFO - Setting next_dagrun for tutorial to 2024-06-03 00:00:00+00:00, run_after=2024-06-04 00:00:00+00:00
[2024-06-04T07:59:06.482+0000] {processor.py:183} INFO - Processing /home/airflow/.local/lib/python3.8/site-packages/airflow/example_dags/tutorial.py took 0.081 seconds
