[2024-06-04T07:51:28.603+0000] {processor.py:161} INFO - Started process (PID=200) to work on /home/airflow/.local/lib/python3.8/site-packages/airflow/example_dags/tutorial_dag.py
[2024-06-04T07:51:28.604+0000] {processor.py:830} INFO - Processing file /home/airflow/.local/lib/python3.8/site-packages/airflow/example_dags/tutorial_dag.py for tasks to queue
[2024-06-04T07:51:28.606+0000] {logging_mixin.py:188} INFO - [2024-06-04T07:51:28.606+0000] {dagbag.py:540} INFO - Filling up the DagBag from /home/airflow/.local/lib/python3.8/site-packages/airflow/example_dags/tutorial_dag.py
[2024-06-04T07:51:28.614+0000] {processor.py:840} INFO - DAG(s) 'tutorial_dag' retrieved from /home/airflow/.local/lib/python3.8/site-packages/airflow/example_dags/tutorial_dag.py
[2024-06-04T07:51:28.805+0000] {logging_mixin.py:188} INFO - [2024-06-04T07:51:28.805+0000] {dag.py:3047} INFO - Sync 1 DAGs
[2024-06-04T07:51:28.820+0000] {logging_mixin.py:188} INFO - [2024-06-04T07:51:28.820+0000] {dag.py:3834} INFO - Setting next_dagrun for tutorial_dag to None, run_after=None
[2024-06-04T07:51:28.844+0000] {processor.py:183} INFO - Processing /home/airflow/.local/lib/python3.8/site-packages/airflow/example_dags/tutorial_dag.py took 0.286 seconds
[2024-06-04T07:51:59.514+0000] {processor.py:161} INFO - Started process (PID=258) to work on /home/airflow/.local/lib/python3.8/site-packages/airflow/example_dags/tutorial_dag.py
[2024-06-04T07:51:59.516+0000] {processor.py:830} INFO - Processing file /home/airflow/.local/lib/python3.8/site-packages/airflow/example_dags/tutorial_dag.py for tasks to queue
[2024-06-04T07:51:59.518+0000] {logging_mixin.py:188} INFO - [2024-06-04T07:51:59.517+0000] {dagbag.py:540} INFO - Filling up the DagBag from /home/airflow/.local/lib/python3.8/site-packages/airflow/example_dags/tutorial_dag.py
[2024-06-04T07:51:59.524+0000] {processor.py:840} INFO - DAG(s) 'tutorial_dag' retrieved from /home/airflow/.local/lib/python3.8/site-packages/airflow/example_dags/tutorial_dag.py
[2024-06-04T07:51:59.548+0000] {logging_mixin.py:188} INFO - [2024-06-04T07:51:59.548+0000] {dag.py:3047} INFO - Sync 1 DAGs
[2024-06-04T07:51:59.562+0000] {logging_mixin.py:188} INFO - [2024-06-04T07:51:59.562+0000] {dag.py:3834} INFO - Setting next_dagrun for tutorial_dag to None, run_after=None
[2024-06-04T07:51:59.583+0000] {processor.py:183} INFO - Processing /home/airflow/.local/lib/python3.8/site-packages/airflow/example_dags/tutorial_dag.py took 0.073 seconds
[2024-06-04T07:52:29.875+0000] {processor.py:161} INFO - Started process (PID=316) to work on /home/airflow/.local/lib/python3.8/site-packages/airflow/example_dags/tutorial_dag.py
[2024-06-04T07:52:29.876+0000] {processor.py:830} INFO - Processing file /home/airflow/.local/lib/python3.8/site-packages/airflow/example_dags/tutorial_dag.py for tasks to queue
[2024-06-04T07:52:29.877+0000] {logging_mixin.py:188} INFO - [2024-06-04T07:52:29.877+0000] {dagbag.py:540} INFO - Filling up the DagBag from /home/airflow/.local/lib/python3.8/site-packages/airflow/example_dags/tutorial_dag.py
[2024-06-04T07:52:29.883+0000] {processor.py:840} INFO - DAG(s) 'tutorial_dag' retrieved from /home/airflow/.local/lib/python3.8/site-packages/airflow/example_dags/tutorial_dag.py
[2024-06-04T07:52:29.907+0000] {logging_mixin.py:188} INFO - [2024-06-04T07:52:29.907+0000] {dag.py:3047} INFO - Sync 1 DAGs
[2024-06-04T07:52:29.922+0000] {logging_mixin.py:188} INFO - [2024-06-04T07:52:29.922+0000] {dag.py:3834} INFO - Setting next_dagrun for tutorial_dag to None, run_after=None
[2024-06-04T07:52:29.939+0000] {processor.py:183} INFO - Processing /home/airflow/.local/lib/python3.8/site-packages/airflow/example_dags/tutorial_dag.py took 0.068 seconds
[2024-06-04T07:53:00.250+0000] {processor.py:161} INFO - Started process (PID=374) to work on /home/airflow/.local/lib/python3.8/site-packages/airflow/example_dags/tutorial_dag.py
[2024-06-04T07:53:00.251+0000] {processor.py:830} INFO - Processing file /home/airflow/.local/lib/python3.8/site-packages/airflow/example_dags/tutorial_dag.py for tasks to queue
[2024-06-04T07:53:00.253+0000] {logging_mixin.py:188} INFO - [2024-06-04T07:53:00.253+0000] {dagbag.py:540} INFO - Filling up the DagBag from /home/airflow/.local/lib/python3.8/site-packages/airflow/example_dags/tutorial_dag.py
[2024-06-04T07:53:00.260+0000] {processor.py:840} INFO - DAG(s) 'tutorial_dag' retrieved from /home/airflow/.local/lib/python3.8/site-packages/airflow/example_dags/tutorial_dag.py
[2024-06-04T07:53:00.285+0000] {logging_mixin.py:188} INFO - [2024-06-04T07:53:00.284+0000] {dag.py:3047} INFO - Sync 1 DAGs
[2024-06-04T07:53:00.298+0000] {logging_mixin.py:188} INFO - [2024-06-04T07:53:00.297+0000] {dag.py:3834} INFO - Setting next_dagrun for tutorial_dag to None, run_after=None
[2024-06-04T07:53:00.318+0000] {processor.py:183} INFO - Processing /home/airflow/.local/lib/python3.8/site-packages/airflow/example_dags/tutorial_dag.py took 0.072 seconds
[2024-06-04T07:53:30.599+0000] {processor.py:161} INFO - Started process (PID=432) to work on /home/airflow/.local/lib/python3.8/site-packages/airflow/example_dags/tutorial_dag.py
[2024-06-04T07:53:30.601+0000] {processor.py:830} INFO - Processing file /home/airflow/.local/lib/python3.8/site-packages/airflow/example_dags/tutorial_dag.py for tasks to queue
[2024-06-04T07:53:30.603+0000] {logging_mixin.py:188} INFO - [2024-06-04T07:53:30.602+0000] {dagbag.py:540} INFO - Filling up the DagBag from /home/airflow/.local/lib/python3.8/site-packages/airflow/example_dags/tutorial_dag.py
[2024-06-04T07:53:30.611+0000] {processor.py:840} INFO - DAG(s) 'tutorial_dag' retrieved from /home/airflow/.local/lib/python3.8/site-packages/airflow/example_dags/tutorial_dag.py
[2024-06-04T07:53:30.641+0000] {logging_mixin.py:188} INFO - [2024-06-04T07:53:30.641+0000] {dag.py:3047} INFO - Sync 1 DAGs
[2024-06-04T07:53:30.654+0000] {logging_mixin.py:188} INFO - [2024-06-04T07:53:30.653+0000] {dag.py:3834} INFO - Setting next_dagrun for tutorial_dag to None, run_after=None
[2024-06-04T07:53:30.671+0000] {processor.py:183} INFO - Processing /home/airflow/.local/lib/python3.8/site-packages/airflow/example_dags/tutorial_dag.py took 0.076 seconds
[2024-06-04T07:54:01.581+0000] {processor.py:161} INFO - Started process (PID=490) to work on /home/airflow/.local/lib/python3.8/site-packages/airflow/example_dags/tutorial_dag.py
[2024-06-04T07:54:01.582+0000] {processor.py:830} INFO - Processing file /home/airflow/.local/lib/python3.8/site-packages/airflow/example_dags/tutorial_dag.py for tasks to queue
[2024-06-04T07:54:01.584+0000] {logging_mixin.py:188} INFO - [2024-06-04T07:54:01.584+0000] {dagbag.py:540} INFO - Filling up the DagBag from /home/airflow/.local/lib/python3.8/site-packages/airflow/example_dags/tutorial_dag.py
[2024-06-04T07:54:01.590+0000] {processor.py:840} INFO - DAG(s) 'tutorial_dag' retrieved from /home/airflow/.local/lib/python3.8/site-packages/airflow/example_dags/tutorial_dag.py
[2024-06-04T07:54:01.622+0000] {logging_mixin.py:188} INFO - [2024-06-04T07:54:01.622+0000] {dag.py:3047} INFO - Sync 1 DAGs
[2024-06-04T07:54:01.638+0000] {logging_mixin.py:188} INFO - [2024-06-04T07:54:01.638+0000] {dag.py:3834} INFO - Setting next_dagrun for tutorial_dag to None, run_after=None
[2024-06-04T07:54:01.659+0000] {processor.py:183} INFO - Processing /home/airflow/.local/lib/python3.8/site-packages/airflow/example_dags/tutorial_dag.py took 0.082 seconds
[2024-06-04T07:54:31.948+0000] {processor.py:161} INFO - Started process (PID=548) to work on /home/airflow/.local/lib/python3.8/site-packages/airflow/example_dags/tutorial_dag.py
[2024-06-04T07:54:32.000+0000] {processor.py:830} INFO - Processing file /home/airflow/.local/lib/python3.8/site-packages/airflow/example_dags/tutorial_dag.py for tasks to queue
[2024-06-04T07:54:32.003+0000] {logging_mixin.py:188} INFO - [2024-06-04T07:54:32.002+0000] {dagbag.py:540} INFO - Filling up the DagBag from /home/airflow/.local/lib/python3.8/site-packages/airflow/example_dags/tutorial_dag.py
[2024-06-04T07:54:32.009+0000] {processor.py:840} INFO - DAG(s) 'tutorial_dag' retrieved from /home/airflow/.local/lib/python3.8/site-packages/airflow/example_dags/tutorial_dag.py
[2024-06-04T07:54:32.036+0000] {logging_mixin.py:188} INFO - [2024-06-04T07:54:32.036+0000] {dag.py:3047} INFO - Sync 1 DAGs
[2024-06-04T07:54:32.049+0000] {logging_mixin.py:188} INFO - [2024-06-04T07:54:32.049+0000] {dag.py:3834} INFO - Setting next_dagrun for tutorial_dag to None, run_after=None
[2024-06-04T07:54:32.109+0000] {processor.py:183} INFO - Processing /home/airflow/.local/lib/python3.8/site-packages/airflow/example_dags/tutorial_dag.py took 0.164 seconds
[2024-06-04T07:55:02.607+0000] {processor.py:161} INFO - Started process (PID=606) to work on /home/airflow/.local/lib/python3.8/site-packages/airflow/example_dags/tutorial_dag.py
[2024-06-04T07:55:02.608+0000] {processor.py:830} INFO - Processing file /home/airflow/.local/lib/python3.8/site-packages/airflow/example_dags/tutorial_dag.py for tasks to queue
[2024-06-04T07:55:02.610+0000] {logging_mixin.py:188} INFO - [2024-06-04T07:55:02.610+0000] {dagbag.py:540} INFO - Filling up the DagBag from /home/airflow/.local/lib/python3.8/site-packages/airflow/example_dags/tutorial_dag.py
[2024-06-04T07:55:02.616+0000] {processor.py:840} INFO - DAG(s) 'tutorial_dag' retrieved from /home/airflow/.local/lib/python3.8/site-packages/airflow/example_dags/tutorial_dag.py
[2024-06-04T07:55:02.640+0000] {logging_mixin.py:188} INFO - [2024-06-04T07:55:02.640+0000] {dag.py:3047} INFO - Sync 1 DAGs
[2024-06-04T07:55:02.654+0000] {logging_mixin.py:188} INFO - [2024-06-04T07:55:02.653+0000] {dag.py:3834} INFO - Setting next_dagrun for tutorial_dag to None, run_after=None
[2024-06-04T07:55:02.672+0000] {processor.py:183} INFO - Processing /home/airflow/.local/lib/python3.8/site-packages/airflow/example_dags/tutorial_dag.py took 0.069 seconds
[2024-06-04T07:55:32.763+0000] {processor.py:161} INFO - Started process (PID=664) to work on /home/airflow/.local/lib/python3.8/site-packages/airflow/example_dags/tutorial_dag.py
[2024-06-04T07:55:32.764+0000] {processor.py:830} INFO - Processing file /home/airflow/.local/lib/python3.8/site-packages/airflow/example_dags/tutorial_dag.py for tasks to queue
[2024-06-04T07:55:32.766+0000] {logging_mixin.py:188} INFO - [2024-06-04T07:55:32.765+0000] {dagbag.py:540} INFO - Filling up the DagBag from /home/airflow/.local/lib/python3.8/site-packages/airflow/example_dags/tutorial_dag.py
[2024-06-04T07:55:32.771+0000] {processor.py:840} INFO - DAG(s) 'tutorial_dag' retrieved from /home/airflow/.local/lib/python3.8/site-packages/airflow/example_dags/tutorial_dag.py
[2024-06-04T07:55:32.794+0000] {logging_mixin.py:188} INFO - [2024-06-04T07:55:32.793+0000] {dag.py:3047} INFO - Sync 1 DAGs
[2024-06-04T07:55:32.809+0000] {logging_mixin.py:188} INFO - [2024-06-04T07:55:32.809+0000] {dag.py:3834} INFO - Setting next_dagrun for tutorial_dag to None, run_after=None
[2024-06-04T07:55:32.835+0000] {processor.py:183} INFO - Processing /home/airflow/.local/lib/python3.8/site-packages/airflow/example_dags/tutorial_dag.py took 0.076 seconds
[2024-06-04T07:56:03.557+0000] {processor.py:161} INFO - Started process (PID=722) to work on /home/airflow/.local/lib/python3.8/site-packages/airflow/example_dags/tutorial_dag.py
[2024-06-04T07:56:03.559+0000] {processor.py:830} INFO - Processing file /home/airflow/.local/lib/python3.8/site-packages/airflow/example_dags/tutorial_dag.py for tasks to queue
[2024-06-04T07:56:03.561+0000] {logging_mixin.py:188} INFO - [2024-06-04T07:56:03.561+0000] {dagbag.py:540} INFO - Filling up the DagBag from /home/airflow/.local/lib/python3.8/site-packages/airflow/example_dags/tutorial_dag.py
[2024-06-04T07:56:03.567+0000] {processor.py:840} INFO - DAG(s) 'tutorial_dag' retrieved from /home/airflow/.local/lib/python3.8/site-packages/airflow/example_dags/tutorial_dag.py
[2024-06-04T07:56:03.590+0000] {logging_mixin.py:188} INFO - [2024-06-04T07:56:03.590+0000] {dag.py:3047} INFO - Sync 1 DAGs
[2024-06-04T07:56:03.604+0000] {logging_mixin.py:188} INFO - [2024-06-04T07:56:03.603+0000] {dag.py:3834} INFO - Setting next_dagrun for tutorial_dag to None, run_after=None
[2024-06-04T07:56:03.624+0000] {processor.py:183} INFO - Processing /home/airflow/.local/lib/python3.8/site-packages/airflow/example_dags/tutorial_dag.py took 0.070 seconds
[2024-06-04T07:56:34.271+0000] {processor.py:161} INFO - Started process (PID=786) to work on /home/airflow/.local/lib/python3.8/site-packages/airflow/example_dags/tutorial_dag.py
[2024-06-04T07:56:34.272+0000] {processor.py:830} INFO - Processing file /home/airflow/.local/lib/python3.8/site-packages/airflow/example_dags/tutorial_dag.py for tasks to queue
[2024-06-04T07:56:34.274+0000] {logging_mixin.py:188} INFO - [2024-06-04T07:56:34.274+0000] {dagbag.py:540} INFO - Filling up the DagBag from /home/airflow/.local/lib/python3.8/site-packages/airflow/example_dags/tutorial_dag.py
[2024-06-04T07:56:34.281+0000] {processor.py:840} INFO - DAG(s) 'tutorial_dag' retrieved from /home/airflow/.local/lib/python3.8/site-packages/airflow/example_dags/tutorial_dag.py
[2024-06-04T07:56:34.302+0000] {logging_mixin.py:188} INFO - [2024-06-04T07:56:34.302+0000] {dag.py:3047} INFO - Sync 1 DAGs
[2024-06-04T07:56:34.316+0000] {logging_mixin.py:188} INFO - [2024-06-04T07:56:34.316+0000] {dag.py:3834} INFO - Setting next_dagrun for tutorial_dag to None, run_after=None
[2024-06-04T07:56:34.334+0000] {processor.py:183} INFO - Processing /home/airflow/.local/lib/python3.8/site-packages/airflow/example_dags/tutorial_dag.py took 0.067 seconds
[2024-06-04T07:57:04.896+0000] {processor.py:161} INFO - Started process (PID=844) to work on /home/airflow/.local/lib/python3.8/site-packages/airflow/example_dags/tutorial_dag.py
[2024-06-04T07:57:04.897+0000] {processor.py:830} INFO - Processing file /home/airflow/.local/lib/python3.8/site-packages/airflow/example_dags/tutorial_dag.py for tasks to queue
[2024-06-04T07:57:04.899+0000] {logging_mixin.py:188} INFO - [2024-06-04T07:57:04.898+0000] {dagbag.py:540} INFO - Filling up the DagBag from /home/airflow/.local/lib/python3.8/site-packages/airflow/example_dags/tutorial_dag.py
[2024-06-04T07:57:04.906+0000] {processor.py:840} INFO - DAG(s) 'tutorial_dag' retrieved from /home/airflow/.local/lib/python3.8/site-packages/airflow/example_dags/tutorial_dag.py
[2024-06-04T07:57:04.932+0000] {logging_mixin.py:188} INFO - [2024-06-04T07:57:04.931+0000] {dag.py:3047} INFO - Sync 1 DAGs
[2024-06-04T07:57:04.945+0000] {logging_mixin.py:188} INFO - [2024-06-04T07:57:04.945+0000] {dag.py:3834} INFO - Setting next_dagrun for tutorial_dag to None, run_after=None
[2024-06-04T07:57:04.963+0000] {processor.py:183} INFO - Processing /home/airflow/.local/lib/python3.8/site-packages/airflow/example_dags/tutorial_dag.py took 0.070 seconds
[2024-06-04T07:57:35.373+0000] {processor.py:161} INFO - Started process (PID=902) to work on /home/airflow/.local/lib/python3.8/site-packages/airflow/example_dags/tutorial_dag.py
[2024-06-04T07:57:35.374+0000] {processor.py:830} INFO - Processing file /home/airflow/.local/lib/python3.8/site-packages/airflow/example_dags/tutorial_dag.py for tasks to queue
[2024-06-04T07:57:35.376+0000] {logging_mixin.py:188} INFO - [2024-06-04T07:57:35.376+0000] {dagbag.py:540} INFO - Filling up the DagBag from /home/airflow/.local/lib/python3.8/site-packages/airflow/example_dags/tutorial_dag.py
[2024-06-04T07:57:35.383+0000] {processor.py:840} INFO - DAG(s) 'tutorial_dag' retrieved from /home/airflow/.local/lib/python3.8/site-packages/airflow/example_dags/tutorial_dag.py
[2024-06-04T07:57:35.406+0000] {logging_mixin.py:188} INFO - [2024-06-04T07:57:35.406+0000] {dag.py:3047} INFO - Sync 1 DAGs
[2024-06-04T07:57:35.420+0000] {logging_mixin.py:188} INFO - [2024-06-04T07:57:35.420+0000] {dag.py:3834} INFO - Setting next_dagrun for tutorial_dag to None, run_after=None
[2024-06-04T07:57:35.440+0000] {processor.py:183} INFO - Processing /home/airflow/.local/lib/python3.8/site-packages/airflow/example_dags/tutorial_dag.py took 0.071 seconds
[2024-06-04T07:58:05.805+0000] {processor.py:161} INFO - Started process (PID=960) to work on /home/airflow/.local/lib/python3.8/site-packages/airflow/example_dags/tutorial_dag.py
[2024-06-04T07:58:05.807+0000] {processor.py:830} INFO - Processing file /home/airflow/.local/lib/python3.8/site-packages/airflow/example_dags/tutorial_dag.py for tasks to queue
[2024-06-04T07:58:05.808+0000] {logging_mixin.py:188} INFO - [2024-06-04T07:58:05.808+0000] {dagbag.py:540} INFO - Filling up the DagBag from /home/airflow/.local/lib/python3.8/site-packages/airflow/example_dags/tutorial_dag.py
[2024-06-04T07:58:05.814+0000] {processor.py:840} INFO - DAG(s) 'tutorial_dag' retrieved from /home/airflow/.local/lib/python3.8/site-packages/airflow/example_dags/tutorial_dag.py
[2024-06-04T07:58:05.837+0000] {logging_mixin.py:188} INFO - [2024-06-04T07:58:05.837+0000] {dag.py:3047} INFO - Sync 1 DAGs
[2024-06-04T07:58:05.851+0000] {logging_mixin.py:188} INFO - [2024-06-04T07:58:05.851+0000] {dag.py:3834} INFO - Setting next_dagrun for tutorial_dag to None, run_after=None
[2024-06-04T07:58:05.871+0000] {processor.py:183} INFO - Processing /home/airflow/.local/lib/python3.8/site-packages/airflow/example_dags/tutorial_dag.py took 0.069 seconds
[2024-06-04T07:58:36.250+0000] {processor.py:161} INFO - Started process (PID=1018) to work on /home/airflow/.local/lib/python3.8/site-packages/airflow/example_dags/tutorial_dag.py
[2024-06-04T07:58:36.251+0000] {processor.py:830} INFO - Processing file /home/airflow/.local/lib/python3.8/site-packages/airflow/example_dags/tutorial_dag.py for tasks to queue
[2024-06-04T07:58:36.253+0000] {logging_mixin.py:188} INFO - [2024-06-04T07:58:36.253+0000] {dagbag.py:540} INFO - Filling up the DagBag from /home/airflow/.local/lib/python3.8/site-packages/airflow/example_dags/tutorial_dag.py
[2024-06-04T07:58:36.260+0000] {processor.py:840} INFO - DAG(s) 'tutorial_dag' retrieved from /home/airflow/.local/lib/python3.8/site-packages/airflow/example_dags/tutorial_dag.py
[2024-06-04T07:58:36.289+0000] {logging_mixin.py:188} INFO - [2024-06-04T07:58:36.288+0000] {dag.py:3047} INFO - Sync 1 DAGs
[2024-06-04T07:58:36.304+0000] {logging_mixin.py:188} INFO - [2024-06-04T07:58:36.303+0000] {dag.py:3834} INFO - Setting next_dagrun for tutorial_dag to None, run_after=None
[2024-06-04T07:58:36.326+0000] {processor.py:183} INFO - Processing /home/airflow/.local/lib/python3.8/site-packages/airflow/example_dags/tutorial_dag.py took 0.080 seconds
[2024-06-04T07:59:06.504+0000] {processor.py:161} INFO - Started process (PID=1077) to work on /home/airflow/.local/lib/python3.8/site-packages/airflow/example_dags/tutorial_dag.py
[2024-06-04T07:59:06.505+0000] {processor.py:830} INFO - Processing file /home/airflow/.local/lib/python3.8/site-packages/airflow/example_dags/tutorial_dag.py for tasks to queue
[2024-06-04T07:59:06.507+0000] {logging_mixin.py:188} INFO - [2024-06-04T07:59:06.507+0000] {dagbag.py:540} INFO - Filling up the DagBag from /home/airflow/.local/lib/python3.8/site-packages/airflow/example_dags/tutorial_dag.py
[2024-06-04T07:59:06.513+0000] {processor.py:840} INFO - DAG(s) 'tutorial_dag' retrieved from /home/airflow/.local/lib/python3.8/site-packages/airflow/example_dags/tutorial_dag.py
[2024-06-04T07:59:06.540+0000] {logging_mixin.py:188} INFO - [2024-06-04T07:59:06.539+0000] {dag.py:3047} INFO - Sync 1 DAGs
[2024-06-04T07:59:06.554+0000] {logging_mixin.py:188} INFO - [2024-06-04T07:59:06.554+0000] {dag.py:3834} INFO - Setting next_dagrun for tutorial_dag to None, run_after=None
[2024-06-04T07:59:06.573+0000] {processor.py:183} INFO - Processing /home/airflow/.local/lib/python3.8/site-packages/airflow/example_dags/tutorial_dag.py took 0.073 seconds
