[2024-06-04T07:51:28.860+0000] {processor.py:161} INFO - Started process (PID=201) to work on /home/airflow/.local/lib/python3.8/site-packages/airflow/example_dags/tutorial_objectstorage.py
[2024-06-04T07:51:28.861+0000] {processor.py:830} INFO - Processing file /home/airflow/.local/lib/python3.8/site-packages/airflow/example_dags/tutorial_objectstorage.py for tasks to queue
[2024-06-04T07:51:28.863+0000] {logging_mixin.py:188} INFO - [2024-06-04T07:51:28.862+0000] {dagbag.py:540} INFO - Filling up the DagBag from /home/airflow/.local/lib/python3.8/site-packages/airflow/example_dags/tutorial_objectstorage.py
[2024-06-04T07:51:28.904+0000] {processor.py:840} INFO - DAG(s) 'tutorial_objectstorage' retrieved from /home/airflow/.local/lib/python3.8/site-packages/airflow/example_dags/tutorial_objectstorage.py
[2024-06-04T07:51:29.054+0000] {logging_mixin.py:188} INFO - [2024-06-04T07:51:29.054+0000] {dag.py:3047} INFO - Sync 1 DAGs
[2024-06-04T07:51:29.103+0000] {logging_mixin.py:188} INFO - [2024-06-04T07:51:29.102+0000] {dag.py:3834} INFO - Setting next_dagrun for tutorial_objectstorage to None, run_after=None
[2024-06-04T07:51:29.127+0000] {processor.py:183} INFO - Processing /home/airflow/.local/lib/python3.8/site-packages/airflow/example_dags/tutorial_objectstorage.py took 0.271 seconds
[2024-06-04T07:51:59.541+0000] {processor.py:161} INFO - Started process (PID=259) to work on /home/airflow/.local/lib/python3.8/site-packages/airflow/example_dags/tutorial_objectstorage.py
[2024-06-04T07:51:59.542+0000] {processor.py:830} INFO - Processing file /home/airflow/.local/lib/python3.8/site-packages/airflow/example_dags/tutorial_objectstorage.py for tasks to queue
[2024-06-04T07:51:59.544+0000] {logging_mixin.py:188} INFO - [2024-06-04T07:51:59.544+0000] {dagbag.py:540} INFO - Filling up the DagBag from /home/airflow/.local/lib/python3.8/site-packages/airflow/example_dags/tutorial_objectstorage.py
[2024-06-04T07:51:59.553+0000] {processor.py:840} INFO - DAG(s) 'tutorial_objectstorage' retrieved from /home/airflow/.local/lib/python3.8/site-packages/airflow/example_dags/tutorial_objectstorage.py
[2024-06-04T07:51:59.577+0000] {logging_mixin.py:188} INFO - [2024-06-04T07:51:59.577+0000] {dag.py:3047} INFO - Sync 1 DAGs
[2024-06-04T07:51:59.593+0000] {logging_mixin.py:188} INFO - [2024-06-04T07:51:59.593+0000] {dag.py:3834} INFO - Setting next_dagrun for tutorial_objectstorage to None, run_after=None
[2024-06-04T07:51:59.621+0000] {processor.py:183} INFO - Processing /home/airflow/.local/lib/python3.8/site-packages/airflow/example_dags/tutorial_objectstorage.py took 0.085 seconds
[2024-06-04T07:52:29.968+0000] {processor.py:161} INFO - Started process (PID=317) to work on /home/airflow/.local/lib/python3.8/site-packages/airflow/example_dags/tutorial_objectstorage.py
[2024-06-04T07:52:29.970+0000] {processor.py:830} INFO - Processing file /home/airflow/.local/lib/python3.8/site-packages/airflow/example_dags/tutorial_objectstorage.py for tasks to queue
[2024-06-04T07:52:29.971+0000] {logging_mixin.py:188} INFO - [2024-06-04T07:52:29.971+0000] {dagbag.py:540} INFO - Filling up the DagBag from /home/airflow/.local/lib/python3.8/site-packages/airflow/example_dags/tutorial_objectstorage.py
[2024-06-04T07:52:29.978+0000] {processor.py:840} INFO - DAG(s) 'tutorial_objectstorage' retrieved from /home/airflow/.local/lib/python3.8/site-packages/airflow/example_dags/tutorial_objectstorage.py
[2024-06-04T07:52:29.999+0000] {logging_mixin.py:188} INFO - [2024-06-04T07:52:29.999+0000] {dag.py:3047} INFO - Sync 1 DAGs
[2024-06-04T07:52:30.014+0000] {logging_mixin.py:188} INFO - [2024-06-04T07:52:30.014+0000] {dag.py:3834} INFO - Setting next_dagrun for tutorial_objectstorage to None, run_after=None
[2024-06-04T07:52:30.038+0000] {processor.py:183} INFO - Processing /home/airflow/.local/lib/python3.8/site-packages/airflow/example_dags/tutorial_objectstorage.py took 0.073 seconds
[2024-06-04T07:53:00.271+0000] {processor.py:161} INFO - Started process (PID=375) to work on /home/airflow/.local/lib/python3.8/site-packages/airflow/example_dags/tutorial_objectstorage.py
[2024-06-04T07:53:00.272+0000] {processor.py:830} INFO - Processing file /home/airflow/.local/lib/python3.8/site-packages/airflow/example_dags/tutorial_objectstorage.py for tasks to queue
[2024-06-04T07:53:00.274+0000] {logging_mixin.py:188} INFO - [2024-06-04T07:53:00.274+0000] {dagbag.py:540} INFO - Filling up the DagBag from /home/airflow/.local/lib/python3.8/site-packages/airflow/example_dags/tutorial_objectstorage.py
[2024-06-04T07:53:00.282+0000] {processor.py:840} INFO - DAG(s) 'tutorial_objectstorage' retrieved from /home/airflow/.local/lib/python3.8/site-packages/airflow/example_dags/tutorial_objectstorage.py
[2024-06-04T07:53:00.306+0000] {logging_mixin.py:188} INFO - [2024-06-04T07:53:00.306+0000] {dag.py:3047} INFO - Sync 1 DAGs
[2024-06-04T07:53:00.322+0000] {logging_mixin.py:188} INFO - [2024-06-04T07:53:00.321+0000] {dag.py:3834} INFO - Setting next_dagrun for tutorial_objectstorage to None, run_after=None
[2024-06-04T07:53:00.348+0000] {processor.py:183} INFO - Processing /home/airflow/.local/lib/python3.8/site-packages/airflow/example_dags/tutorial_objectstorage.py took 0.081 seconds
[2024-06-04T07:53:30.708+0000] {processor.py:161} INFO - Started process (PID=433) to work on /home/airflow/.local/lib/python3.8/site-packages/airflow/example_dags/tutorial_objectstorage.py
[2024-06-04T07:53:30.709+0000] {processor.py:830} INFO - Processing file /home/airflow/.local/lib/python3.8/site-packages/airflow/example_dags/tutorial_objectstorage.py for tasks to queue
[2024-06-04T07:53:30.712+0000] {logging_mixin.py:188} INFO - [2024-06-04T07:53:30.711+0000] {dagbag.py:540} INFO - Filling up the DagBag from /home/airflow/.local/lib/python3.8/site-packages/airflow/example_dags/tutorial_objectstorage.py
[2024-06-04T07:53:30.722+0000] {processor.py:840} INFO - DAG(s) 'tutorial_objectstorage' retrieved from /home/airflow/.local/lib/python3.8/site-packages/airflow/example_dags/tutorial_objectstorage.py
[2024-06-04T07:53:30.751+0000] {logging_mixin.py:188} INFO - [2024-06-04T07:53:30.751+0000] {dag.py:3047} INFO - Sync 1 DAGs
[2024-06-04T07:53:30.765+0000] {logging_mixin.py:188} INFO - [2024-06-04T07:53:30.764+0000] {dag.py:3834} INFO - Setting next_dagrun for tutorial_objectstorage to None, run_after=None
[2024-06-04T07:53:30.784+0000] {processor.py:183} INFO - Processing /home/airflow/.local/lib/python3.8/site-packages/airflow/example_dags/tutorial_objectstorage.py took 0.081 seconds
[2024-06-04T07:54:01.612+0000] {processor.py:161} INFO - Started process (PID=491) to work on /home/airflow/.local/lib/python3.8/site-packages/airflow/example_dags/tutorial_objectstorage.py
[2024-06-04T07:54:01.614+0000] {processor.py:830} INFO - Processing file /home/airflow/.local/lib/python3.8/site-packages/airflow/example_dags/tutorial_objectstorage.py for tasks to queue
[2024-06-04T07:54:01.615+0000] {logging_mixin.py:188} INFO - [2024-06-04T07:54:01.615+0000] {dagbag.py:540} INFO - Filling up the DagBag from /home/airflow/.local/lib/python3.8/site-packages/airflow/example_dags/tutorial_objectstorage.py
[2024-06-04T07:54:01.623+0000] {processor.py:840} INFO - DAG(s) 'tutorial_objectstorage' retrieved from /home/airflow/.local/lib/python3.8/site-packages/airflow/example_dags/tutorial_objectstorage.py
[2024-06-04T07:54:01.651+0000] {logging_mixin.py:188} INFO - [2024-06-04T07:54:01.651+0000] {dag.py:3047} INFO - Sync 1 DAGs
[2024-06-04T07:54:01.668+0000] {logging_mixin.py:188} INFO - [2024-06-04T07:54:01.667+0000] {dag.py:3834} INFO - Setting next_dagrun for tutorial_objectstorage to None, run_after=None
[2024-06-04T07:54:01.712+0000] {processor.py:183} INFO - Processing /home/airflow/.local/lib/python3.8/site-packages/airflow/example_dags/tutorial_objectstorage.py took 0.104 seconds
[2024-06-04T07:54:32.144+0000] {processor.py:161} INFO - Started process (PID=549) to work on /home/airflow/.local/lib/python3.8/site-packages/airflow/example_dags/tutorial_objectstorage.py
[2024-06-04T07:54:32.145+0000] {processor.py:830} INFO - Processing file /home/airflow/.local/lib/python3.8/site-packages/airflow/example_dags/tutorial_objectstorage.py for tasks to queue
[2024-06-04T07:54:32.147+0000] {logging_mixin.py:188} INFO - [2024-06-04T07:54:32.147+0000] {dagbag.py:540} INFO - Filling up the DagBag from /home/airflow/.local/lib/python3.8/site-packages/airflow/example_dags/tutorial_objectstorage.py
[2024-06-04T07:54:32.154+0000] {processor.py:840} INFO - DAG(s) 'tutorial_objectstorage' retrieved from /home/airflow/.local/lib/python3.8/site-packages/airflow/example_dags/tutorial_objectstorage.py
[2024-06-04T07:54:32.231+0000] {logging_mixin.py:188} INFO - [2024-06-04T07:54:32.230+0000] {dag.py:3047} INFO - Sync 1 DAGs
[2024-06-04T07:54:32.302+0000] {logging_mixin.py:188} INFO - [2024-06-04T07:54:32.301+0000] {dag.py:3834} INFO - Setting next_dagrun for tutorial_objectstorage to None, run_after=None
[2024-06-04T07:54:32.327+0000] {processor.py:183} INFO - Processing /home/airflow/.local/lib/python3.8/site-packages/airflow/example_dags/tutorial_objectstorage.py took 0.186 seconds
[2024-06-04T07:55:02.656+0000] {processor.py:161} INFO - Started process (PID=607) to work on /home/airflow/.local/lib/python3.8/site-packages/airflow/example_dags/tutorial_objectstorage.py
[2024-06-04T07:55:02.657+0000] {processor.py:830} INFO - Processing file /home/airflow/.local/lib/python3.8/site-packages/airflow/example_dags/tutorial_objectstorage.py for tasks to queue
[2024-06-04T07:55:02.659+0000] {logging_mixin.py:188} INFO - [2024-06-04T07:55:02.659+0000] {dagbag.py:540} INFO - Filling up the DagBag from /home/airflow/.local/lib/python3.8/site-packages/airflow/example_dags/tutorial_objectstorage.py
[2024-06-04T07:55:02.666+0000] {processor.py:840} INFO - DAG(s) 'tutorial_objectstorage' retrieved from /home/airflow/.local/lib/python3.8/site-packages/airflow/example_dags/tutorial_objectstorage.py
[2024-06-04T07:55:02.689+0000] {logging_mixin.py:188} INFO - [2024-06-04T07:55:02.688+0000] {dag.py:3047} INFO - Sync 1 DAGs
[2024-06-04T07:55:02.706+0000] {logging_mixin.py:188} INFO - [2024-06-04T07:55:02.705+0000] {dag.py:3834} INFO - Setting next_dagrun for tutorial_objectstorage to None, run_after=None
[2024-06-04T07:55:02.727+0000] {processor.py:183} INFO - Processing /home/airflow/.local/lib/python3.8/site-packages/airflow/example_dags/tutorial_objectstorage.py took 0.075 seconds
[2024-06-04T07:55:32.795+0000] {processor.py:161} INFO - Started process (PID=665) to work on /home/airflow/.local/lib/python3.8/site-packages/airflow/example_dags/tutorial_objectstorage.py
[2024-06-04T07:55:32.797+0000] {processor.py:830} INFO - Processing file /home/airflow/.local/lib/python3.8/site-packages/airflow/example_dags/tutorial_objectstorage.py for tasks to queue
[2024-06-04T07:55:32.798+0000] {logging_mixin.py:188} INFO - [2024-06-04T07:55:32.798+0000] {dagbag.py:540} INFO - Filling up the DagBag from /home/airflow/.local/lib/python3.8/site-packages/airflow/example_dags/tutorial_objectstorage.py
[2024-06-04T07:55:32.807+0000] {processor.py:840} INFO - DAG(s) 'tutorial_objectstorage' retrieved from /home/airflow/.local/lib/python3.8/site-packages/airflow/example_dags/tutorial_objectstorage.py
[2024-06-04T07:55:32.833+0000] {logging_mixin.py:188} INFO - [2024-06-04T07:55:32.833+0000] {dag.py:3047} INFO - Sync 1 DAGs
[2024-06-04T07:55:32.850+0000] {logging_mixin.py:188} INFO - [2024-06-04T07:55:32.850+0000] {dag.py:3834} INFO - Setting next_dagrun for tutorial_objectstorage to None, run_after=None
[2024-06-04T07:55:32.871+0000] {processor.py:183} INFO - Processing /home/airflow/.local/lib/python3.8/site-packages/airflow/example_dags/tutorial_objectstorage.py took 0.079 seconds
[2024-06-04T07:56:03.591+0000] {processor.py:161} INFO - Started process (PID=723) to work on /home/airflow/.local/lib/python3.8/site-packages/airflow/example_dags/tutorial_objectstorage.py
[2024-06-04T07:56:03.592+0000] {processor.py:830} INFO - Processing file /home/airflow/.local/lib/python3.8/site-packages/airflow/example_dags/tutorial_objectstorage.py for tasks to queue
[2024-06-04T07:56:03.594+0000] {logging_mixin.py:188} INFO - [2024-06-04T07:56:03.594+0000] {dagbag.py:540} INFO - Filling up the DagBag from /home/airflow/.local/lib/python3.8/site-packages/airflow/example_dags/tutorial_objectstorage.py
[2024-06-04T07:56:03.601+0000] {processor.py:840} INFO - DAG(s) 'tutorial_objectstorage' retrieved from /home/airflow/.local/lib/python3.8/site-packages/airflow/example_dags/tutorial_objectstorage.py
[2024-06-04T07:56:03.623+0000] {logging_mixin.py:188} INFO - [2024-06-04T07:56:03.623+0000] {dag.py:3047} INFO - Sync 1 DAGs
[2024-06-04T07:56:03.637+0000] {logging_mixin.py:188} INFO - [2024-06-04T07:56:03.637+0000] {dag.py:3834} INFO - Setting next_dagrun for tutorial_objectstorage to None, run_after=None
[2024-06-04T07:56:03.659+0000] {processor.py:183} INFO - Processing /home/airflow/.local/lib/python3.8/site-packages/airflow/example_dags/tutorial_objectstorage.py took 0.072 seconds
[2024-06-04T07:56:34.325+0000] {processor.py:161} INFO - Started process (PID=787) to work on /home/airflow/.local/lib/python3.8/site-packages/airflow/example_dags/tutorial_objectstorage.py
[2024-06-04T07:56:34.326+0000] {processor.py:830} INFO - Processing file /home/airflow/.local/lib/python3.8/site-packages/airflow/example_dags/tutorial_objectstorage.py for tasks to queue
[2024-06-04T07:56:34.328+0000] {logging_mixin.py:188} INFO - [2024-06-04T07:56:34.327+0000] {dagbag.py:540} INFO - Filling up the DagBag from /home/airflow/.local/lib/python3.8/site-packages/airflow/example_dags/tutorial_objectstorage.py
[2024-06-04T07:56:34.335+0000] {processor.py:840} INFO - DAG(s) 'tutorial_objectstorage' retrieved from /home/airflow/.local/lib/python3.8/site-packages/airflow/example_dags/tutorial_objectstorage.py
[2024-06-04T07:56:34.357+0000] {logging_mixin.py:188} INFO - [2024-06-04T07:56:34.357+0000] {dag.py:3047} INFO - Sync 1 DAGs
[2024-06-04T07:56:34.370+0000] {logging_mixin.py:188} INFO - [2024-06-04T07:56:34.370+0000] {dag.py:3834} INFO - Setting next_dagrun for tutorial_objectstorage to None, run_after=None
[2024-06-04T07:56:34.392+0000] {processor.py:183} INFO - Processing /home/airflow/.local/lib/python3.8/site-packages/airflow/example_dags/tutorial_objectstorage.py took 0.071 seconds
[2024-06-04T07:57:04.929+0000] {processor.py:161} INFO - Started process (PID=845) to work on /home/airflow/.local/lib/python3.8/site-packages/airflow/example_dags/tutorial_objectstorage.py
[2024-06-04T07:57:04.930+0000] {processor.py:830} INFO - Processing file /home/airflow/.local/lib/python3.8/site-packages/airflow/example_dags/tutorial_objectstorage.py for tasks to queue
[2024-06-04T07:57:04.932+0000] {logging_mixin.py:188} INFO - [2024-06-04T07:57:04.932+0000] {dagbag.py:540} INFO - Filling up the DagBag from /home/airflow/.local/lib/python3.8/site-packages/airflow/example_dags/tutorial_objectstorage.py
[2024-06-04T07:57:04.940+0000] {processor.py:840} INFO - DAG(s) 'tutorial_objectstorage' retrieved from /home/airflow/.local/lib/python3.8/site-packages/airflow/example_dags/tutorial_objectstorage.py
[2024-06-04T07:57:04.962+0000] {logging_mixin.py:188} INFO - [2024-06-04T07:57:04.962+0000] {dag.py:3047} INFO - Sync 1 DAGs
[2024-06-04T07:57:04.974+0000] {logging_mixin.py:188} INFO - [2024-06-04T07:57:04.974+0000] {dag.py:3834} INFO - Setting next_dagrun for tutorial_objectstorage to None, run_after=None
[2024-06-04T07:57:04.993+0000] {processor.py:183} INFO - Processing /home/airflow/.local/lib/python3.8/site-packages/airflow/example_dags/tutorial_objectstorage.py took 0.068 seconds
[2024-06-04T07:57:35.416+0000] {processor.py:161} INFO - Started process (PID=903) to work on /home/airflow/.local/lib/python3.8/site-packages/airflow/example_dags/tutorial_objectstorage.py
[2024-06-04T07:57:35.417+0000] {processor.py:830} INFO - Processing file /home/airflow/.local/lib/python3.8/site-packages/airflow/example_dags/tutorial_objectstorage.py for tasks to queue
[2024-06-04T07:57:35.419+0000] {logging_mixin.py:188} INFO - [2024-06-04T07:57:35.419+0000] {dagbag.py:540} INFO - Filling up the DagBag from /home/airflow/.local/lib/python3.8/site-packages/airflow/example_dags/tutorial_objectstorage.py
[2024-06-04T07:57:35.427+0000] {processor.py:840} INFO - DAG(s) 'tutorial_objectstorage' retrieved from /home/airflow/.local/lib/python3.8/site-packages/airflow/example_dags/tutorial_objectstorage.py
[2024-06-04T07:57:35.454+0000] {logging_mixin.py:188} INFO - [2024-06-04T07:57:35.454+0000] {dag.py:3047} INFO - Sync 1 DAGs
[2024-06-04T07:57:35.470+0000] {logging_mixin.py:188} INFO - [2024-06-04T07:57:35.469+0000] {dag.py:3834} INFO - Setting next_dagrun for tutorial_objectstorage to None, run_after=None
[2024-06-04T07:57:35.491+0000] {processor.py:183} INFO - Processing /home/airflow/.local/lib/python3.8/site-packages/airflow/example_dags/tutorial_objectstorage.py took 0.080 seconds
[2024-06-04T07:58:05.838+0000] {processor.py:161} INFO - Started process (PID=961) to work on /home/airflow/.local/lib/python3.8/site-packages/airflow/example_dags/tutorial_objectstorage.py
[2024-06-04T07:58:05.839+0000] {processor.py:830} INFO - Processing file /home/airflow/.local/lib/python3.8/site-packages/airflow/example_dags/tutorial_objectstorage.py for tasks to queue
[2024-06-04T07:58:05.841+0000] {logging_mixin.py:188} INFO - [2024-06-04T07:58:05.841+0000] {dagbag.py:540} INFO - Filling up the DagBag from /home/airflow/.local/lib/python3.8/site-packages/airflow/example_dags/tutorial_objectstorage.py
[2024-06-04T07:58:05.848+0000] {processor.py:840} INFO - DAG(s) 'tutorial_objectstorage' retrieved from /home/airflow/.local/lib/python3.8/site-packages/airflow/example_dags/tutorial_objectstorage.py
[2024-06-04T07:58:05.869+0000] {logging_mixin.py:188} INFO - [2024-06-04T07:58:05.869+0000] {dag.py:3047} INFO - Sync 1 DAGs
[2024-06-04T07:58:05.882+0000] {logging_mixin.py:188} INFO - [2024-06-04T07:58:05.881+0000] {dag.py:3834} INFO - Setting next_dagrun for tutorial_objectstorage to None, run_after=None
[2024-06-04T07:58:05.902+0000] {processor.py:183} INFO - Processing /home/airflow/.local/lib/python3.8/site-packages/airflow/example_dags/tutorial_objectstorage.py took 0.068 seconds
[2024-06-04T07:58:36.305+0000] {processor.py:161} INFO - Started process (PID=1019) to work on /home/airflow/.local/lib/python3.8/site-packages/airflow/example_dags/tutorial_objectstorage.py
[2024-06-04T07:58:36.306+0000] {processor.py:830} INFO - Processing file /home/airflow/.local/lib/python3.8/site-packages/airflow/example_dags/tutorial_objectstorage.py for tasks to queue
[2024-06-04T07:58:36.308+0000] {logging_mixin.py:188} INFO - [2024-06-04T07:58:36.307+0000] {dagbag.py:540} INFO - Filling up the DagBag from /home/airflow/.local/lib/python3.8/site-packages/airflow/example_dags/tutorial_objectstorage.py
[2024-06-04T07:58:36.315+0000] {processor.py:840} INFO - DAG(s) 'tutorial_objectstorage' retrieved from /home/airflow/.local/lib/python3.8/site-packages/airflow/example_dags/tutorial_objectstorage.py
[2024-06-04T07:58:36.339+0000] {logging_mixin.py:188} INFO - [2024-06-04T07:58:36.339+0000] {dag.py:3047} INFO - Sync 1 DAGs
[2024-06-04T07:58:36.354+0000] {logging_mixin.py:188} INFO - [2024-06-04T07:58:36.353+0000] {dag.py:3834} INFO - Setting next_dagrun for tutorial_objectstorage to None, run_after=None
[2024-06-04T07:58:36.379+0000] {processor.py:183} INFO - Processing /home/airflow/.local/lib/python3.8/site-packages/airflow/example_dags/tutorial_objectstorage.py took 0.078 seconds
[2024-06-04T07:59:06.517+0000] {processor.py:161} INFO - Started process (PID=1078) to work on /home/airflow/.local/lib/python3.8/site-packages/airflow/example_dags/tutorial_objectstorage.py
[2024-06-04T07:59:06.519+0000] {processor.py:830} INFO - Processing file /home/airflow/.local/lib/python3.8/site-packages/airflow/example_dags/tutorial_objectstorage.py for tasks to queue
[2024-06-04T07:59:06.521+0000] {logging_mixin.py:188} INFO - [2024-06-04T07:59:06.520+0000] {dagbag.py:540} INFO - Filling up the DagBag from /home/airflow/.local/lib/python3.8/site-packages/airflow/example_dags/tutorial_objectstorage.py
[2024-06-04T07:59:06.528+0000] {processor.py:840} INFO - DAG(s) 'tutorial_objectstorage' retrieved from /home/airflow/.local/lib/python3.8/site-packages/airflow/example_dags/tutorial_objectstorage.py
[2024-06-04T07:59:06.554+0000] {logging_mixin.py:188} INFO - [2024-06-04T07:59:06.554+0000] {dag.py:3047} INFO - Sync 1 DAGs
[2024-06-04T07:59:06.567+0000] {logging_mixin.py:188} INFO - [2024-06-04T07:59:06.567+0000] {dag.py:3834} INFO - Setting next_dagrun for tutorial_objectstorage to None, run_after=None
[2024-06-04T07:59:06.587+0000] {processor.py:183} INFO - Processing /home/airflow/.local/lib/python3.8/site-packages/airflow/example_dags/tutorial_objectstorage.py took 0.073 seconds
