[2024-06-04T10:06:24.683+0000] {taskinstance.py:1979} INFO - Dependencies all met for dep_context=non-requeueable deps ti=<TaskInstance: dag_runs.delete_data_from_table scheduled__2024-05-31T12:00:00+00:00 [queued]>
[2024-06-04T10:06:24.697+0000] {taskinstance.py:1979} INFO - Dependencies all met for dep_context=requeueable deps ti=<TaskInstance: dag_runs.delete_data_from_table scheduled__2024-05-31T12:00:00+00:00 [queued]>
[2024-06-04T10:06:24.697+0000] {taskinstance.py:2193} INFO - Starting attempt 1 of 2
[2024-06-04T10:06:24.886+0000] {taskinstance.py:2217} INFO - Executing <Task(PostgresOperator): delete_data_from_table> on 2024-05-31 12:00:00+00:00
[2024-06-04T10:06:24.916+0000] {standard_task_runner.py:60} INFO - Started process 535 to run task
[2024-06-04T10:06:25.097+0000] {standard_task_runner.py:87} INFO - Running: ['***', 'tasks', 'run', 'dag_runs', 'delete_data_from_table', 'scheduled__2024-05-31T12:00:00+00:00', '--job-id', '372', '--raw', '--subdir', 'DAGS_FOLDER/dag_runs.py', '--cfg-path', '/tmp/tmpjwt5yigh']
[2024-06-04T10:06:25.099+0000] {standard_task_runner.py:88} INFO - Job 372: Subtask delete_data_from_table
[2024-06-04T10:06:25.683+0000] {task_command.py:423} INFO - Running <TaskInstance: dag_runs.delete_data_from_table scheduled__2024-05-31T12:00:00+00:00 [running]> on host d20949f126de
[2024-06-04T10:06:26.304+0000] {taskinstance.py:2513} INFO - Exporting env vars: AIRFLOW_CTX_DAG_OWNER='***' AIRFLOW_CTX_DAG_ID='dag_runs' AIRFLOW_CTX_TASK_ID='delete_data_from_table' AIRFLOW_CTX_EXECUTION_DATE='2024-05-31T12:00:00+00:00' AIRFLOW_CTX_TRY_NUMBER='1' AIRFLOW_CTX_DAG_RUN_ID='scheduled__2024-05-31T12:00:00+00:00'
[2024-06-04T10:06:26.309+0000] {sql.py:276} INFO - Executing: 
            delete from dag_runs where dt = '2024-05-31' and dag_id = 'dag_runs';
        
[2024-06-04T10:06:26.399+0000] {base.py:83} INFO - Using connection ID 'postgres_localhost' for task execution.
[2024-06-04T10:06:26.583+0000] {base.py:83} INFO - Using connection ID 'postgres_localhost' for task execution.
[2024-06-04T10:06:26.681+0000] {sql.py:457} INFO - Running statement: 
            delete from dag_runs where dt = '2024-05-31' and dag_id = 'dag_runs';
        , parameters: None
[2024-06-04T10:06:26.684+0000] {sql.py:466} INFO - Rows affected: 0
[2024-06-04T10:06:26.685+0000] {warnings.py:109} WARNING - /home/***/.local/lib/python3.8/site-packages/***/providers/common/sql/hooks/sql.py:407: AirflowProviderDeprecationWarning: Call to deprecated method _make_common_data_structure. (The `_make_serializable` method is deprecated and support will be removed in a future version of the common.sql provider. Please update the DbApiHook's provider to a version based on common.sql >= 1.9.1.)
  result = self._make_common_data_structure(handler(cur))

[2024-06-04T10:06:26.802+0000] {taskinstance.py:1149} INFO - Marking task as SUCCESS. dag_id=dag_runs, task_id=delete_data_from_table, execution_date=20240531T120000, start_date=20240604T100624, end_date=20240604T100626
[2024-06-04T10:06:27.083+0000] {local_task_job_runner.py:234} INFO - Task exited with return code 0
[2024-06-04T10:06:27.292+0000] {warnings.py:109} WARNING - /home/***/.local/lib/python3.8/site-packages/***/models/baseoperator.py:1201: AirflowProviderDeprecationWarning: Call to deprecated class PostgresOperator. (Please use `***.providers.common.sql.operators.sql.SQLExecuteQueryOperator`.Also, you can provide `hook_params={'schema': <database>}`.)
  result = cls.__new__(cls)

[2024-06-04T10:06:27.483+0000] {taskinstance.py:3312} INFO - 0 downstream tasks scheduled from follow-on schedule check
[2024-06-04T12:03:01.638+0000] {taskinstance.py:1979} INFO - Dependencies all met for dep_context=non-requeueable deps ti=<TaskInstance: dag_runs.delete_data_from_table scheduled__2024-05-31T12:00:00+00:00 [queued]>
[2024-06-04T12:03:01.717+0000] {taskinstance.py:1979} INFO - Dependencies all met for dep_context=requeueable deps ti=<TaskInstance: dag_runs.delete_data_from_table scheduled__2024-05-31T12:00:00+00:00 [queued]>
[2024-06-04T12:03:01.718+0000] {taskinstance.py:2193} INFO - Starting attempt 1 of 4
[2024-06-04T12:03:02.040+0000] {taskinstance.py:2217} INFO - Executing <Task(PostgresOperator): delete_data_from_table> on 2024-05-31 12:00:00+00:00
[2024-06-04T12:03:02.117+0000] {standard_task_runner.py:60} INFO - Started process 553 to run task
[2024-06-04T12:03:02.126+0000] {standard_task_runner.py:87} INFO - Running: ['***', 'tasks', 'run', 'dag_runs', 'delete_data_from_table', 'scheduled__2024-05-31T12:00:00+00:00', '--job-id', '517', '--raw', '--subdir', 'DAGS_FOLDER/dag_runs.py', '--cfg-path', '/tmp/tmpnjwquaaq']
[2024-06-04T12:03:02.128+0000] {standard_task_runner.py:88} INFO - Job 517: Subtask delete_data_from_table
[2024-06-04T12:03:02.422+0000] {task_command.py:423} INFO - Running <TaskInstance: dag_runs.delete_data_from_table scheduled__2024-05-31T12:00:00+00:00 [running]> on host d20949f126de
[2024-06-04T12:03:02.836+0000] {taskinstance.py:2513} INFO - Exporting env vars: AIRFLOW_CTX_DAG_OWNER='***' AIRFLOW_CTX_DAG_ID='dag_runs' AIRFLOW_CTX_TASK_ID='delete_data_from_table' AIRFLOW_CTX_EXECUTION_DATE='2024-05-31T12:00:00+00:00' AIRFLOW_CTX_TRY_NUMBER='1' AIRFLOW_CTX_DAG_RUN_ID='scheduled__2024-05-31T12:00:00+00:00'
[2024-06-04T12:03:02.838+0000] {sql.py:276} INFO - Executing: 
            delete from dag_runs
        
[2024-06-04T12:03:02.923+0000] {base.py:83} INFO - Using connection ID 'postgres_localhost' for task execution.
[2024-06-04T12:03:02.935+0000] {base.py:83} INFO - Using connection ID 'postgres_localhost' for task execution.
[2024-06-04T12:03:03.016+0000] {sql.py:457} INFO - Running statement: 
            delete from dag_runs
        , parameters: None
[2024-06-04T12:03:03.018+0000] {sql.py:466} INFO - Rows affected: 3
[2024-06-04T12:03:03.019+0000] {warnings.py:109} WARNING - /home/***/.local/lib/python3.8/site-packages/***/providers/common/sql/hooks/sql.py:407: AirflowProviderDeprecationWarning: Call to deprecated method _make_common_data_structure. (The `_make_serializable` method is deprecated and support will be removed in a future version of the common.sql provider. Please update the DbApiHook's provider to a version based on common.sql >= 1.9.1.)
  result = self._make_common_data_structure(handler(cur))

[2024-06-04T12:03:03.033+0000] {taskinstance.py:1149} INFO - Marking task as SUCCESS. dag_id=dag_runs, task_id=delete_data_from_table, execution_date=20240531T120000, start_date=20240604T120301, end_date=20240604T120303
[2024-06-04T12:03:03.155+0000] {local_task_job_runner.py:234} INFO - Task exited with return code 0
[2024-06-04T12:03:03.226+0000] {warnings.py:109} WARNING - /home/***/.local/lib/python3.8/site-packages/***/models/baseoperator.py:1201: AirflowProviderDeprecationWarning: Call to deprecated class PostgresOperator. (Please use `***.providers.common.sql.operators.sql.SQLExecuteQueryOperator`.Also, you can provide `hook_params={'schema': <database>}`.)
  result = cls.__new__(cls)

[2024-06-04T12:03:03.323+0000] {taskinstance.py:3312} INFO - 1 downstream tasks scheduled from follow-on schedule check
[2024-06-04T12:12:27.662+0000] {taskinstance.py:1979} INFO - Dependencies all met for dep_context=non-requeueable deps ti=<TaskInstance: dag_runs.delete_data_from_table scheduled__2024-05-31T12:00:00+00:00 [queued]>
[2024-06-04T12:12:27.717+0000] {taskinstance.py:1979} INFO - Dependencies all met for dep_context=requeueable deps ti=<TaskInstance: dag_runs.delete_data_from_table scheduled__2024-05-31T12:00:00+00:00 [queued]>
[2024-06-04T12:12:27.717+0000] {taskinstance.py:2193} INFO - Starting attempt 1 of 4
[2024-06-04T12:12:27.733+0000] {taskinstance.py:2217} INFO - Executing <Task(PostgresOperator): delete_data_from_table> on 2024-05-31 12:00:00+00:00
[2024-06-04T12:12:27.745+0000] {standard_task_runner.py:60} INFO - Started process 566 to run task
[2024-06-04T12:12:27.749+0000] {standard_task_runner.py:87} INFO - Running: ['***', 'tasks', 'run', 'dag_runs', 'delete_data_from_table', 'scheduled__2024-05-31T12:00:00+00:00', '--job-id', '668', '--raw', '--subdir', 'DAGS_FOLDER/dag_runs.py', '--cfg-path', '/tmp/tmp87wstsze']
[2024-06-04T12:12:27.750+0000] {standard_task_runner.py:88} INFO - Job 668: Subtask delete_data_from_table
[2024-06-04T12:12:27.845+0000] {task_command.py:423} INFO - Running <TaskInstance: dag_runs.delete_data_from_table scheduled__2024-05-31T12:00:00+00:00 [running]> on host d20949f126de
[2024-06-04T12:12:28.022+0000] {taskinstance.py:2513} INFO - Exporting env vars: AIRFLOW_CTX_DAG_OWNER='***' AIRFLOW_CTX_DAG_ID='dag_runs' AIRFLOW_CTX_TASK_ID='delete_data_from_table' AIRFLOW_CTX_EXECUTION_DATE='2024-05-31T12:00:00+00:00' AIRFLOW_CTX_TRY_NUMBER='1' AIRFLOW_CTX_DAG_RUN_ID='scheduled__2024-05-31T12:00:00+00:00'
[2024-06-04T12:12:28.023+0000] {sql.py:276} INFO - Executing: 
            delete from dag_runs where dt = '2024-05-31' and dag_id = 'dag_runs';
        
[2024-06-04T12:12:28.032+0000] {base.py:83} INFO - Using connection ID 'postgres_localhost' for task execution.
[2024-06-04T12:12:28.040+0000] {base.py:83} INFO - Using connection ID 'postgres_localhost' for task execution.
[2024-06-04T12:12:28.044+0000] {sql.py:457} INFO - Running statement: 
            delete from dag_runs where dt = '2024-05-31' and dag_id = 'dag_runs';
        , parameters: None
[2024-06-04T12:12:28.045+0000] {sql.py:466} INFO - Rows affected: 0
[2024-06-04T12:12:28.046+0000] {warnings.py:109} WARNING - /home/***/.local/lib/python3.8/site-packages/***/providers/common/sql/hooks/sql.py:407: AirflowProviderDeprecationWarning: Call to deprecated method _make_common_data_structure. (The `_make_serializable` method is deprecated and support will be removed in a future version of the common.sql provider. Please update the DbApiHook's provider to a version based on common.sql >= 1.9.1.)
  result = self._make_common_data_structure(handler(cur))

[2024-06-04T12:12:28.055+0000] {taskinstance.py:1149} INFO - Marking task as SUCCESS. dag_id=dag_runs, task_id=delete_data_from_table, execution_date=20240531T120000, start_date=20240604T121227, end_date=20240604T121228
[2024-06-04T12:12:28.095+0000] {local_task_job_runner.py:234} INFO - Task exited with return code 0
[2024-06-04T12:12:28.125+0000] {warnings.py:109} WARNING - /home/***/.local/lib/python3.8/site-packages/***/models/baseoperator.py:1201: AirflowProviderDeprecationWarning: Call to deprecated class PostgresOperator. (Please use `***.providers.common.sql.operators.sql.SQLExecuteQueryOperator`.Also, you can provide `hook_params={'schema': <database>}`.)
  result = cls.__new__(cls)

[2024-06-04T12:12:28.141+0000] {taskinstance.py:3312} INFO - 1 downstream tasks scheduled from follow-on schedule check
