[2024-06-04T10:05:12.588+0000] {taskinstance.py:1979} INFO - Dependencies all met for dep_context=non-requeueable deps ti=<TaskInstance: dag_runs.create_postgres_table scheduled__2024-05-03T12:00:00+00:00 [queued]>
[2024-06-04T10:05:12.600+0000] {taskinstance.py:1979} INFO - Dependencies all met for dep_context=requeueable deps ti=<TaskInstance: dag_runs.create_postgres_table scheduled__2024-05-03T12:00:00+00:00 [queued]>
[2024-06-04T10:05:12.600+0000] {taskinstance.py:2193} INFO - Starting attempt 1 of 2
[2024-06-04T10:05:12.617+0000] {taskinstance.py:2217} INFO - Executing <Task(PostgresOperator): create_postgres_table> on 2024-05-03 12:00:00+00:00
[2024-06-04T10:05:12.689+0000] {standard_task_runner.py:60} INFO - Started process 197 to run task
[2024-06-04T10:05:12.694+0000] {standard_task_runner.py:87} INFO - Running: ['***', 'tasks', 'run', 'dag_runs', 'create_postgres_table', 'scheduled__2024-05-03T12:00:00+00:00', '--job-id', '268', '--raw', '--subdir', 'DAGS_FOLDER/dag_runs.py', '--cfg-path', '/tmp/tmprkghqras']
[2024-06-04T10:05:12.696+0000] {standard_task_runner.py:88} INFO - Job 268: Subtask create_postgres_table
[2024-06-04T10:05:12.985+0000] {task_command.py:423} INFO - Running <TaskInstance: dag_runs.create_postgres_table scheduled__2024-05-03T12:00:00+00:00 [running]> on host d20949f126de
[2024-06-04T10:05:13.399+0000] {taskinstance.py:2513} INFO - Exporting env vars: AIRFLOW_CTX_DAG_OWNER='***' AIRFLOW_CTX_DAG_ID='dag_runs' AIRFLOW_CTX_TASK_ID='create_postgres_table' AIRFLOW_CTX_EXECUTION_DATE='2024-05-03T12:00:00+00:00' AIRFLOW_CTX_TRY_NUMBER='1' AIRFLOW_CTX_DAG_RUN_ID='scheduled__2024-05-03T12:00:00+00:00'
[2024-06-04T10:05:13.400+0000] {sql.py:276} INFO - Executing: 
            create table if not exists dag_runs (
                dt date,
                dag_id character varying,
                primary key (dt, dag_id)
            )
        
[2024-06-04T10:05:13.493+0000] {base.py:83} INFO - Using connection ID 'postgres_localhost' for task execution.
[2024-06-04T10:05:13.506+0000] {base.py:83} INFO - Using connection ID 'postgres_localhost' for task execution.
[2024-06-04T10:05:13.513+0000] {sql.py:457} INFO - Running statement: 
            create table if not exists dag_runs (
                dt date,
                dag_id character varying,
                primary key (dt, dag_id)
            )
        , parameters: None
[2024-06-04T10:05:13.514+0000] {warnings.py:109} WARNING - /home/***/.local/lib/python3.8/site-packages/***/providers/common/sql/hooks/sql.py:407: AirflowProviderDeprecationWarning: Call to deprecated method _make_common_data_structure. (The `_make_serializable` method is deprecated and support will be removed in a future version of the common.sql provider. Please update the DbApiHook's provider to a version based on common.sql >= 1.9.1.)
  result = self._make_common_data_structure(handler(cur))

[2024-06-04T10:05:13.595+0000] {taskinstance.py:1149} INFO - Marking task as SUCCESS. dag_id=dag_runs, task_id=create_postgres_table, execution_date=20240503T120000, start_date=20240604T100512, end_date=20240604T100513
[2024-06-04T10:05:13.662+0000] {local_task_job_runner.py:234} INFO - Task exited with return code 0
[2024-06-04T10:05:13.697+0000] {warnings.py:109} WARNING - /home/***/.local/lib/python3.8/site-packages/***/models/baseoperator.py:1201: AirflowProviderDeprecationWarning: Call to deprecated class PostgresOperator. (Please use `***.providers.common.sql.operators.sql.SQLExecuteQueryOperator`.Also, you can provide `hook_params={'schema': <database>}`.)
  result = cls.__new__(cls)

[2024-06-04T10:05:13.787+0000] {taskinstance.py:3312} INFO - 0 downstream tasks scheduled from follow-on schedule check
[2024-06-04T12:01:44.938+0000] {taskinstance.py:1979} INFO - Dependencies all met for dep_context=non-requeueable deps ti=<TaskInstance: dag_runs.create_postgres_table scheduled__2024-05-03T12:00:00+00:00 [queued]>
[2024-06-04T12:01:44.947+0000] {taskinstance.py:1979} INFO - Dependencies all met for dep_context=requeueable deps ti=<TaskInstance: dag_runs.create_postgres_table scheduled__2024-05-03T12:00:00+00:00 [queued]>
[2024-06-04T12:01:44.947+0000] {taskinstance.py:2193} INFO - Starting attempt 1 of 4
[2024-06-04T12:01:45.025+0000] {taskinstance.py:2217} INFO - Executing <Task(PostgresOperator): create_postgres_table> on 2024-05-03 12:00:00+00:00
[2024-06-04T12:01:45.036+0000] {standard_task_runner.py:60} INFO - Started process 204 to run task
[2024-06-04T12:01:45.040+0000] {standard_task_runner.py:87} INFO - Running: ['***', 'tasks', 'run', 'dag_runs', 'create_postgres_table', 'scheduled__2024-05-03T12:00:00+00:00', '--job-id', '408', '--raw', '--subdir', 'DAGS_FOLDER/dag_runs.py', '--cfg-path', '/tmp/tmp0pydpk_m']
[2024-06-04T12:01:45.042+0000] {standard_task_runner.py:88} INFO - Job 408: Subtask create_postgres_table
[2024-06-04T12:01:45.246+0000] {task_command.py:423} INFO - Running <TaskInstance: dag_runs.create_postgres_table scheduled__2024-05-03T12:00:00+00:00 [running]> on host d20949f126de
[2024-06-04T12:01:45.542+0000] {taskinstance.py:2513} INFO - Exporting env vars: AIRFLOW_CTX_DAG_OWNER='***' AIRFLOW_CTX_DAG_ID='dag_runs' AIRFLOW_CTX_TASK_ID='create_postgres_table' AIRFLOW_CTX_EXECUTION_DATE='2024-05-03T12:00:00+00:00' AIRFLOW_CTX_TRY_NUMBER='1' AIRFLOW_CTX_DAG_RUN_ID='scheduled__2024-05-03T12:00:00+00:00'
[2024-06-04T12:01:45.544+0000] {sql.py:276} INFO - Executing: 
            create table if not exists dag_runs (
                dt date,
                dag_id character varying,
                primary key (dt, dag_id)
            )
        
[2024-06-04T12:01:45.626+0000] {base.py:83} INFO - Using connection ID 'postgres_localhost' for task execution.
[2024-06-04T12:01:45.637+0000] {base.py:83} INFO - Using connection ID 'postgres_localhost' for task execution.
[2024-06-04T12:01:45.717+0000] {sql.py:457} INFO - Running statement: 
            create table if not exists dag_runs (
                dt date,
                dag_id character varying,
                primary key (dt, dag_id)
            )
        , parameters: None
[2024-06-04T12:01:45.720+0000] {warnings.py:109} WARNING - /home/***/.local/lib/python3.8/site-packages/***/providers/common/sql/hooks/sql.py:407: AirflowProviderDeprecationWarning: Call to deprecated method _make_common_data_structure. (The `_make_serializable` method is deprecated and support will be removed in a future version of the common.sql provider. Please update the DbApiHook's provider to a version based on common.sql >= 1.9.1.)
  result = self._make_common_data_structure(handler(cur))

[2024-06-04T12:01:45.732+0000] {taskinstance.py:1149} INFO - Marking task as SUCCESS. dag_id=dag_runs, task_id=create_postgres_table, execution_date=20240503T120000, start_date=20240604T120144, end_date=20240604T120145
[2024-06-04T12:01:45.857+0000] {local_task_job_runner.py:234} INFO - Task exited with return code 0
[2024-06-04T12:01:45.945+0000] {warnings.py:109} WARNING - /home/***/.local/lib/python3.8/site-packages/***/models/baseoperator.py:1201: AirflowProviderDeprecationWarning: Call to deprecated class PostgresOperator. (Please use `***.providers.common.sql.operators.sql.SQLExecuteQueryOperator`.Also, you can provide `hook_params={'schema': <database>}`.)
  result = cls.__new__(cls)

[2024-06-04T12:01:46.030+0000] {taskinstance.py:3312} INFO - 0 downstream tasks scheduled from follow-on schedule check
[2024-06-04T12:10:47.919+0000] {taskinstance.py:1979} INFO - Dependencies all met for dep_context=non-requeueable deps ti=<TaskInstance: dag_runs.create_postgres_table scheduled__2024-05-03T12:00:00+00:00 [queued]>
[2024-06-04T12:10:48.022+0000] {taskinstance.py:1979} INFO - Dependencies all met for dep_context=requeueable deps ti=<TaskInstance: dag_runs.create_postgres_table scheduled__2024-05-03T12:00:00+00:00 [queued]>
[2024-06-04T12:10:48.023+0000] {taskinstance.py:2193} INFO - Starting attempt 1 of 4
[2024-06-04T12:10:48.217+0000] {taskinstance.py:2217} INFO - Executing <Task(PostgresOperator): create_postgres_table> on 2024-05-03 12:00:00+00:00
[2024-06-04T12:10:48.317+0000] {standard_task_runner.py:60} INFO - Started process 204 to run task
[2024-06-04T12:10:48.324+0000] {standard_task_runner.py:87} INFO - Running: ['***', 'tasks', 'run', 'dag_runs', 'create_postgres_table', 'scheduled__2024-05-03T12:00:00+00:00', '--job-id', '551', '--raw', '--subdir', 'DAGS_FOLDER/dag_runs.py', '--cfg-path', '/tmp/tmpqs96i0d9']
[2024-06-04T12:10:48.325+0000] {standard_task_runner.py:88} INFO - Job 551: Subtask create_postgres_table
[2024-06-04T12:10:48.925+0000] {task_command.py:423} INFO - Running <TaskInstance: dag_runs.create_postgres_table scheduled__2024-05-03T12:00:00+00:00 [running]> on host d20949f126de
[2024-06-04T12:10:49.627+0000] {taskinstance.py:2513} INFO - Exporting env vars: AIRFLOW_CTX_DAG_OWNER='***' AIRFLOW_CTX_DAG_ID='dag_runs' AIRFLOW_CTX_TASK_ID='create_postgres_table' AIRFLOW_CTX_EXECUTION_DATE='2024-05-03T12:00:00+00:00' AIRFLOW_CTX_TRY_NUMBER='1' AIRFLOW_CTX_DAG_RUN_ID='scheduled__2024-05-03T12:00:00+00:00'
[2024-06-04T12:10:49.629+0000] {sql.py:276} INFO - Executing: 
            create table if not exists dag_runs (
                dt date,
                dag_id character varying,
                primary key (dt, dag_id)
            )
        
[2024-06-04T12:10:49.729+0000] {base.py:83} INFO - Using connection ID 'postgres_localhost' for task execution.
[2024-06-04T12:10:49.824+0000] {base.py:83} INFO - Using connection ID 'postgres_localhost' for task execution.
[2024-06-04T12:10:49.918+0000] {sql.py:457} INFO - Running statement: 
            create table if not exists dag_runs (
                dt date,
                dag_id character varying,
                primary key (dt, dag_id)
            )
        , parameters: None
[2024-06-04T12:10:49.920+0000] {warnings.py:109} WARNING - /home/***/.local/lib/python3.8/site-packages/***/providers/common/sql/hooks/sql.py:407: AirflowProviderDeprecationWarning: Call to deprecated method _make_common_data_structure. (The `_make_serializable` method is deprecated and support will be removed in a future version of the common.sql provider. Please update the DbApiHook's provider to a version based on common.sql >= 1.9.1.)
  result = self._make_common_data_structure(handler(cur))

[2024-06-04T12:10:49.933+0000] {taskinstance.py:1149} INFO - Marking task as SUCCESS. dag_id=dag_runs, task_id=create_postgres_table, execution_date=20240503T120000, start_date=20240604T121047, end_date=20240604T121049
[2024-06-04T12:10:50.215+0000] {local_task_job_runner.py:234} INFO - Task exited with return code 0
[2024-06-04T12:10:50.317+0000] {warnings.py:109} WARNING - /home/***/.local/lib/python3.8/site-packages/***/models/baseoperator.py:1201: AirflowProviderDeprecationWarning: Call to deprecated class PostgresOperator. (Please use `***.providers.common.sql.operators.sql.SQLExecuteQueryOperator`.Also, you can provide `hook_params={'schema': <database>}`.)
  result = cls.__new__(cls)

[2024-06-04T12:10:50.516+0000] {taskinstance.py:3312} INFO - 1 downstream tasks scheduled from follow-on schedule check
