[2024-06-04T08:15:31.114+0000] {taskinstance.py:1979} INFO - Dependencies all met for dep_context=non-requeueable deps ti=<TaskInstance: dag_runs.delete_data_from_table scheduled__2023-04-06T00:00:00+00:00 [queued]>
[2024-06-04T08:15:31.301+0000] {taskinstance.py:1979} INFO - Dependencies all met for dep_context=requeueable deps ti=<TaskInstance: dag_runs.delete_data_from_table scheduled__2023-04-06T00:00:00+00:00 [queued]>
[2024-06-04T08:15:31.302+0000] {taskinstance.py:2193} INFO - Starting attempt 1 of 3
[2024-06-04T08:15:31.412+0000] {taskinstance.py:2217} INFO - Executing <Task(PostgresOperator): delete_data_from_table> on 2023-04-06 00:00:00+00:00
[2024-06-04T08:15:31.515+0000] {standard_task_runner.py:60} INFO - Started process 622 to run task
[2024-06-04T08:15:31.601+0000] {standard_task_runner.py:87} INFO - Running: ['***', 'tasks', 'run', 'dag_runs', 'delete_data_from_table', 'scheduled__2023-04-06T00:00:00+00:00', '--job-id', '31', '--raw', '--subdir', 'DAGS_FOLDER/dag_runs.py', '--cfg-path', '/tmp/tmpez9vqgaz']
[2024-06-04T08:15:31.605+0000] {standard_task_runner.py:88} INFO - Job 31: Subtask delete_data_from_table
[2024-06-04T08:15:32.506+0000] {task_command.py:423} INFO - Running <TaskInstance: dag_runs.delete_data_from_table scheduled__2023-04-06T00:00:00+00:00 [running]> on host d20949f126de
[2024-06-04T08:15:33.905+0000] {taskinstance.py:2513} INFO - Exporting env vars: AIRFLOW_CTX_DAG_OWNER='bsp' AIRFLOW_CTX_DAG_ID='dag_runs' AIRFLOW_CTX_TASK_ID='delete_data_from_table' AIRFLOW_CTX_EXECUTION_DATE='2023-04-06T00:00:00+00:00' AIRFLOW_CTX_TRY_NUMBER='1' AIRFLOW_CTX_DAG_RUN_ID='scheduled__2023-04-06T00:00:00+00:00'
[2024-06-04T08:15:33.907+0000] {sql.py:276} INFO - Executing: 
            delete from dag_runs where dt = '2023-04-06' and dag_id = 'dag_runs';
        
[2024-06-04T08:15:34.113+0000] {base.py:83} INFO - Using connection ID 'postgres_localhost' for task execution.
[2024-06-04T08:15:34.310+0000] {base.py:83} INFO - Using connection ID 'postgres_localhost' for task execution.
[2024-06-04T08:15:34.600+0000] {sql.py:457} INFO - Running statement: 
            delete from dag_runs where dt = '2023-04-06' and dag_id = 'dag_runs';
        , parameters: None
[2024-06-04T08:15:34.608+0000] {sql.py:466} INFO - Rows affected: 0
[2024-06-04T08:15:34.609+0000] {warnings.py:109} WARNING - /home/***/.local/lib/python3.8/site-packages/***/providers/common/sql/hooks/sql.py:407: AirflowProviderDeprecationWarning: Call to deprecated method _make_common_data_structure. (The `_make_serializable` method is deprecated and support will be removed in a future version of the common.sql provider. Please update the DbApiHook's provider to a version based on common.sql >= 1.9.1.)
  result = self._make_common_data_structure(handler(cur))

[2024-06-04T08:15:34.916+0000] {taskinstance.py:1149} INFO - Marking task as SUCCESS. dag_id=dag_runs, task_id=delete_data_from_table, execution_date=20230406T000000, start_date=20240604T081531, end_date=20240604T081534
[2024-06-04T08:15:35.408+0000] {local_task_job_runner.py:234} INFO - Task exited with return code 0
[2024-06-04T08:15:35.718+0000] {warnings.py:109} WARNING - /home/***/.local/lib/python3.8/site-packages/***/models/baseoperator.py:1201: AirflowProviderDeprecationWarning: Call to deprecated class PostgresOperator. (Please use `***.providers.common.sql.operators.sql.SQLExecuteQueryOperator`.Also, you can provide `hook_params={'schema': <database>}`.)
  result = cls.__new__(cls)

[2024-06-04T08:15:36.012+0000] {taskinstance.py:3312} INFO - 1 downstream tasks scheduled from follow-on schedule check
