[2024-06-04T10:06:12.499+0000] {taskinstance.py:1979} INFO - Dependencies all met for dep_context=non-requeueable deps ti=<TaskInstance: dag_runs.delete_data_from_table scheduled__2024-05-24T12:00:00+00:00 [queued]>
[2024-06-04T10:06:12.513+0000] {taskinstance.py:1979} INFO - Dependencies all met for dep_context=requeueable deps ti=<TaskInstance: dag_runs.delete_data_from_table scheduled__2024-05-24T12:00:00+00:00 [queued]>
[2024-06-04T10:06:12.514+0000] {taskinstance.py:2193} INFO - Starting attempt 1 of 2
[2024-06-04T10:06:12.683+0000] {taskinstance.py:2217} INFO - Executing <Task(PostgresOperator): delete_data_from_table> on 2024-05-24 12:00:00+00:00
[2024-06-04T10:06:12.699+0000] {standard_task_runner.py:60} INFO - Started process 472 to run task
[2024-06-04T10:06:12.782+0000] {standard_task_runner.py:87} INFO - Running: ['***', 'tasks', 'run', 'dag_runs', 'delete_data_from_table', 'scheduled__2024-05-24T12:00:00+00:00', '--job-id', '354', '--raw', '--subdir', 'DAGS_FOLDER/dag_runs.py', '--cfg-path', '/tmp/tmprt4i7n85']
[2024-06-04T10:06:12.785+0000] {standard_task_runner.py:88} INFO - Job 354: Subtask delete_data_from_table
[2024-06-04T10:06:13.187+0000] {task_command.py:423} INFO - Running <TaskInstance: dag_runs.delete_data_from_table scheduled__2024-05-24T12:00:00+00:00 [running]> on host d20949f126de
[2024-06-04T10:06:13.903+0000] {taskinstance.py:2513} INFO - Exporting env vars: AIRFLOW_CTX_DAG_OWNER='***' AIRFLOW_CTX_DAG_ID='dag_runs' AIRFLOW_CTX_TASK_ID='delete_data_from_table' AIRFLOW_CTX_EXECUTION_DATE='2024-05-24T12:00:00+00:00' AIRFLOW_CTX_TRY_NUMBER='1' AIRFLOW_CTX_DAG_RUN_ID='scheduled__2024-05-24T12:00:00+00:00'
[2024-06-04T10:06:13.905+0000] {sql.py:276} INFO - Executing: 
            delete from dag_runs where dt = '2024-05-24' and dag_id = 'dag_runs';
        
[2024-06-04T10:06:13.996+0000] {base.py:83} INFO - Using connection ID 'postgres_localhost' for task execution.
[2024-06-04T10:06:14.093+0000] {base.py:83} INFO - Using connection ID 'postgres_localhost' for task execution.
[2024-06-04T10:06:14.183+0000] {sql.py:457} INFO - Running statement: 
            delete from dag_runs where dt = '2024-05-24' and dag_id = 'dag_runs';
        , parameters: None
[2024-06-04T10:06:14.186+0000] {sql.py:466} INFO - Rows affected: 0
[2024-06-04T10:06:14.187+0000] {warnings.py:109} WARNING - /home/***/.local/lib/python3.8/site-packages/***/providers/common/sql/hooks/sql.py:407: AirflowProviderDeprecationWarning: Call to deprecated method _make_common_data_structure. (The `_make_serializable` method is deprecated and support will be removed in a future version of the common.sql provider. Please update the DbApiHook's provider to a version based on common.sql >= 1.9.1.)
  result = self._make_common_data_structure(handler(cur))

[2024-06-04T10:06:14.291+0000] {taskinstance.py:1149} INFO - Marking task as SUCCESS. dag_id=dag_runs, task_id=delete_data_from_table, execution_date=20240524T120000, start_date=20240604T100612, end_date=20240604T100614
[2024-06-04T10:06:14.481+0000] {local_task_job_runner.py:234} INFO - Task exited with return code 0
[2024-06-04T10:06:14.808+0000] {warnings.py:109} WARNING - /home/***/.local/lib/python3.8/site-packages/***/models/baseoperator.py:1201: AirflowProviderDeprecationWarning: Call to deprecated class PostgresOperator. (Please use `***.providers.common.sql.operators.sql.SQLExecuteQueryOperator`.Also, you can provide `hook_params={'schema': <database>}`.)
  result = cls.__new__(cls)

[2024-06-04T10:06:14.984+0000] {taskinstance.py:3312} INFO - 1 downstream tasks scheduled from follow-on schedule check
[2024-06-04T12:02:48.424+0000] {taskinstance.py:1979} INFO - Dependencies all met for dep_context=non-requeueable deps ti=<TaskInstance: dag_runs.delete_data_from_table scheduled__2024-05-24T12:00:00+00:00 [queued]>
[2024-06-04T12:02:48.437+0000] {taskinstance.py:1979} INFO - Dependencies all met for dep_context=requeueable deps ti=<TaskInstance: dag_runs.delete_data_from_table scheduled__2024-05-24T12:00:00+00:00 [queued]>
[2024-06-04T12:02:48.437+0000] {taskinstance.py:2193} INFO - Starting attempt 1 of 4
[2024-06-04T12:02:48.525+0000] {taskinstance.py:2217} INFO - Executing <Task(PostgresOperator): delete_data_from_table> on 2024-05-24 12:00:00+00:00
[2024-06-04T12:02:48.617+0000] {standard_task_runner.py:60} INFO - Started process 488 to run task
[2024-06-04T12:02:48.622+0000] {standard_task_runner.py:87} INFO - Running: ['***', 'tasks', 'run', 'dag_runs', 'delete_data_from_table', 'scheduled__2024-05-24T12:00:00+00:00', '--job-id', '495', '--raw', '--subdir', 'DAGS_FOLDER/dag_runs.py', '--cfg-path', '/tmp/tmpmpb628ur']
[2024-06-04T12:02:48.623+0000] {standard_task_runner.py:88} INFO - Job 495: Subtask delete_data_from_table
[2024-06-04T12:02:49.128+0000] {task_command.py:423} INFO - Running <TaskInstance: dag_runs.delete_data_from_table scheduled__2024-05-24T12:00:00+00:00 [running]> on host d20949f126de
[2024-06-04T12:02:49.935+0000] {taskinstance.py:2513} INFO - Exporting env vars: AIRFLOW_CTX_DAG_OWNER='***' AIRFLOW_CTX_DAG_ID='dag_runs' AIRFLOW_CTX_TASK_ID='delete_data_from_table' AIRFLOW_CTX_EXECUTION_DATE='2024-05-24T12:00:00+00:00' AIRFLOW_CTX_TRY_NUMBER='1' AIRFLOW_CTX_DAG_RUN_ID='scheduled__2024-05-24T12:00:00+00:00'
[2024-06-04T12:02:49.937+0000] {sql.py:276} INFO - Executing: 
            delete from dag_runs
        
[2024-06-04T12:02:50.127+0000] {base.py:83} INFO - Using connection ID 'postgres_localhost' for task execution.
[2024-06-04T12:02:50.224+0000] {base.py:83} INFO - Using connection ID 'postgres_localhost' for task execution.
[2024-06-04T12:02:50.340+0000] {sql.py:457} INFO - Running statement: 
            delete from dag_runs
        , parameters: None
[2024-06-04T12:02:50.415+0000] {sql.py:466} INFO - Rows affected: 0
[2024-06-04T12:02:50.417+0000] {warnings.py:109} WARNING - /home/***/.local/lib/python3.8/site-packages/***/providers/common/sql/hooks/sql.py:407: AirflowProviderDeprecationWarning: Call to deprecated method _make_common_data_structure. (The `_make_serializable` method is deprecated and support will be removed in a future version of the common.sql provider. Please update the DbApiHook's provider to a version based on common.sql >= 1.9.1.)
  result = self._make_common_data_structure(handler(cur))

[2024-06-04T12:02:50.435+0000] {taskinstance.py:1149} INFO - Marking task as SUCCESS. dag_id=dag_runs, task_id=delete_data_from_table, execution_date=20240524T120000, start_date=20240604T120248, end_date=20240604T120250
[2024-06-04T12:02:50.816+0000] {local_task_job_runner.py:234} INFO - Task exited with return code 0
[2024-06-04T12:02:51.219+0000] {warnings.py:109} WARNING - /home/***/.local/lib/python3.8/site-packages/***/models/baseoperator.py:1201: AirflowProviderDeprecationWarning: Call to deprecated class PostgresOperator. (Please use `***.providers.common.sql.operators.sql.SQLExecuteQueryOperator`.Also, you can provide `hook_params={'schema': <database>}`.)
  result = cls.__new__(cls)

[2024-06-04T12:02:51.322+0000] {taskinstance.py:3312} INFO - 1 downstream tasks scheduled from follow-on schedule check
[2024-06-04T12:11:57.746+0000] {taskinstance.py:1979} INFO - Dependencies all met for dep_context=non-requeueable deps ti=<TaskInstance: dag_runs.delete_data_from_table scheduled__2024-05-24T12:00:00+00:00 [queued]>
[2024-06-04T12:11:57.815+0000] {taskinstance.py:1979} INFO - Dependencies all met for dep_context=requeueable deps ti=<TaskInstance: dag_runs.delete_data_from_table scheduled__2024-05-24T12:00:00+00:00 [queued]>
[2024-06-04T12:11:57.816+0000] {taskinstance.py:2193} INFO - Starting attempt 1 of 4
[2024-06-04T12:11:57.832+0000] {taskinstance.py:2217} INFO - Executing <Task(PostgresOperator): delete_data_from_table> on 2024-05-24 12:00:00+00:00
[2024-06-04T12:11:57.845+0000] {standard_task_runner.py:60} INFO - Started process 461 to run task
[2024-06-04T12:11:57.918+0000] {standard_task_runner.py:87} INFO - Running: ['***', 'tasks', 'run', 'dag_runs', 'delete_data_from_table', 'scheduled__2024-05-24T12:00:00+00:00', '--job-id', '633', '--raw', '--subdir', 'DAGS_FOLDER/dag_runs.py', '--cfg-path', '/tmp/tmpf3kfbnmp']
[2024-06-04T12:11:57.922+0000] {standard_task_runner.py:88} INFO - Job 633: Subtask delete_data_from_table
[2024-06-04T12:11:58.126+0000] {task_command.py:423} INFO - Running <TaskInstance: dag_runs.delete_data_from_table scheduled__2024-05-24T12:00:00+00:00 [running]> on host d20949f126de
[2024-06-04T12:11:58.433+0000] {taskinstance.py:2513} INFO - Exporting env vars: AIRFLOW_CTX_DAG_OWNER='***' AIRFLOW_CTX_DAG_ID='dag_runs' AIRFLOW_CTX_TASK_ID='delete_data_from_table' AIRFLOW_CTX_EXECUTION_DATE='2024-05-24T12:00:00+00:00' AIRFLOW_CTX_TRY_NUMBER='1' AIRFLOW_CTX_DAG_RUN_ID='scheduled__2024-05-24T12:00:00+00:00'
[2024-06-04T12:11:58.435+0000] {sql.py:276} INFO - Executing: 
            delete from dag_runs where dt = '2024-05-24' and dag_id = 'dag_runs';
        
[2024-06-04T12:11:58.522+0000] {base.py:83} INFO - Using connection ID 'postgres_localhost' for task execution.
[2024-06-04T12:11:58.540+0000] {base.py:83} INFO - Using connection ID 'postgres_localhost' for task execution.
[2024-06-04T12:11:58.546+0000] {sql.py:457} INFO - Running statement: 
            delete from dag_runs where dt = '2024-05-24' and dag_id = 'dag_runs';
        , parameters: None
[2024-06-04T12:11:58.616+0000] {sql.py:466} INFO - Rows affected: 0
[2024-06-04T12:11:58.617+0000] {warnings.py:109} WARNING - /home/***/.local/lib/python3.8/site-packages/***/providers/common/sql/hooks/sql.py:407: AirflowProviderDeprecationWarning: Call to deprecated method _make_common_data_structure. (The `_make_serializable` method is deprecated and support will be removed in a future version of the common.sql provider. Please update the DbApiHook's provider to a version based on common.sql >= 1.9.1.)
  result = self._make_common_data_structure(handler(cur))

[2024-06-04T12:11:58.635+0000] {taskinstance.py:1149} INFO - Marking task as SUCCESS. dag_id=dag_runs, task_id=delete_data_from_table, execution_date=20240524T120000, start_date=20240604T121157, end_date=20240604T121158
[2024-06-04T12:11:58.775+0000] {local_task_job_runner.py:234} INFO - Task exited with return code 0
[2024-06-04T12:11:58.828+0000] {warnings.py:109} WARNING - /home/***/.local/lib/python3.8/site-packages/***/models/baseoperator.py:1201: AirflowProviderDeprecationWarning: Call to deprecated class PostgresOperator. (Please use `***.providers.common.sql.operators.sql.SQLExecuteQueryOperator`.Also, you can provide `hook_params={'schema': <database>}`.)
  result = cls.__new__(cls)

[2024-06-04T12:11:58.923+0000] {taskinstance.py:3312} INFO - 1 downstream tasks scheduled from follow-on schedule check
