[2024-06-04T10:05:29.498+0000] {taskinstance.py:1979} INFO - Dependencies all met for dep_context=non-requeueable deps ti=<TaskInstance: dag_runs.delete_data_from_table scheduled__2024-05-10T12:00:00+00:00 [queued]>
[2024-06-04T10:05:29.508+0000] {taskinstance.py:1979} INFO - Dependencies all met for dep_context=requeueable deps ti=<TaskInstance: dag_runs.delete_data_from_table scheduled__2024-05-10T12:00:00+00:00 [queued]>
[2024-06-04T10:05:29.509+0000] {taskinstance.py:2193} INFO - Starting attempt 1 of 2
[2024-06-04T10:05:29.600+0000] {taskinstance.py:2217} INFO - Executing <Task(PostgresOperator): delete_data_from_table> on 2024-05-10 12:00:00+00:00
[2024-06-04T10:05:29.695+0000] {standard_task_runner.py:60} INFO - Started process 278 to run task
[2024-06-04T10:05:29.703+0000] {standard_task_runner.py:87} INFO - Running: ['***', 'tasks', 'run', 'dag_runs', 'delete_data_from_table', 'scheduled__2024-05-10T12:00:00+00:00', '--job-id', '292', '--raw', '--subdir', 'DAGS_FOLDER/dag_runs.py', '--cfg-path', '/tmp/tmph6w0sk1p']
[2024-06-04T10:05:29.781+0000] {standard_task_runner.py:88} INFO - Job 292: Subtask delete_data_from_table
[2024-06-04T10:05:30.192+0000] {task_command.py:423} INFO - Running <TaskInstance: dag_runs.delete_data_from_table scheduled__2024-05-10T12:00:00+00:00 [running]> on host d20949f126de
[2024-06-04T10:05:30.991+0000] {taskinstance.py:2513} INFO - Exporting env vars: AIRFLOW_CTX_DAG_OWNER='***' AIRFLOW_CTX_DAG_ID='dag_runs' AIRFLOW_CTX_TASK_ID='delete_data_from_table' AIRFLOW_CTX_EXECUTION_DATE='2024-05-10T12:00:00+00:00' AIRFLOW_CTX_TRY_NUMBER='1' AIRFLOW_CTX_DAG_RUN_ID='scheduled__2024-05-10T12:00:00+00:00'
[2024-06-04T10:05:30.993+0000] {sql.py:276} INFO - Executing: 
            delete from dag_runs where dt = '2024-05-10' and dag_id = 'dag_runs';
        
[2024-06-04T10:05:31.098+0000] {base.py:83} INFO - Using connection ID 'postgres_localhost' for task execution.
[2024-06-04T10:05:31.213+0000] {base.py:83} INFO - Using connection ID 'postgres_localhost' for task execution.
[2024-06-04T10:05:31.291+0000] {sql.py:457} INFO - Running statement: 
            delete from dag_runs where dt = '2024-05-10' and dag_id = 'dag_runs';
        , parameters: None
[2024-06-04T10:05:31.294+0000] {sql.py:466} INFO - Rows affected: 0
[2024-06-04T10:05:31.295+0000] {warnings.py:109} WARNING - /home/***/.local/lib/python3.8/site-packages/***/providers/common/sql/hooks/sql.py:407: AirflowProviderDeprecationWarning: Call to deprecated method _make_common_data_structure. (The `_make_serializable` method is deprecated and support will be removed in a future version of the common.sql provider. Please update the DbApiHook's provider to a version based on common.sql >= 1.9.1.)
  result = self._make_common_data_structure(handler(cur))

[2024-06-04T10:05:31.408+0000] {taskinstance.py:1149} INFO - Marking task as SUCCESS. dag_id=dag_runs, task_id=delete_data_from_table, execution_date=20240510T120000, start_date=20240604T100529, end_date=20240604T100531
[2024-06-04T10:05:31.682+0000] {local_task_job_runner.py:234} INFO - Task exited with return code 0
[2024-06-04T10:05:31.708+0000] {warnings.py:109} WARNING - /home/***/.local/lib/python3.8/site-packages/***/models/baseoperator.py:1201: AirflowProviderDeprecationWarning: Call to deprecated class PostgresOperator. (Please use `***.providers.common.sql.operators.sql.SQLExecuteQueryOperator`.Also, you can provide `hook_params={'schema': <database>}`.)
  result = cls.__new__(cls)

[2024-06-04T10:05:31.882+0000] {taskinstance.py:3312} INFO - 1 downstream tasks scheduled from follow-on schedule check
[2024-06-04T12:02:08.227+0000] {taskinstance.py:1979} INFO - Dependencies all met for dep_context=non-requeueable deps ti=<TaskInstance: dag_runs.delete_data_from_table scheduled__2024-05-10T12:00:00+00:00 [queued]>
[2024-06-04T12:02:08.238+0000] {taskinstance.py:1979} INFO - Dependencies all met for dep_context=requeueable deps ti=<TaskInstance: dag_runs.delete_data_from_table scheduled__2024-05-10T12:00:00+00:00 [queued]>
[2024-06-04T12:02:08.238+0000] {taskinstance.py:2193} INFO - Starting attempt 1 of 4
[2024-06-04T12:02:08.327+0000] {taskinstance.py:2217} INFO - Executing <Task(PostgresOperator): delete_data_from_table> on 2024-05-10 12:00:00+00:00
[2024-06-04T12:02:08.421+0000] {standard_task_runner.py:60} INFO - Started process 293 to run task
[2024-06-04T12:02:08.429+0000] {standard_task_runner.py:87} INFO - Running: ['***', 'tasks', 'run', 'dag_runs', 'delete_data_from_table', 'scheduled__2024-05-10T12:00:00+00:00', '--job-id', '433', '--raw', '--subdir', 'DAGS_FOLDER/dag_runs.py', '--cfg-path', '/tmp/tmpamn32a2g']
[2024-06-04T12:02:08.432+0000] {standard_task_runner.py:88} INFO - Job 433: Subtask delete_data_from_table
[2024-06-04T12:02:09.031+0000] {task_command.py:423} INFO - Running <TaskInstance: dag_runs.delete_data_from_table scheduled__2024-05-10T12:00:00+00:00 [running]> on host d20949f126de
[2024-06-04T12:02:09.617+0000] {taskinstance.py:2513} INFO - Exporting env vars: AIRFLOW_CTX_DAG_OWNER='***' AIRFLOW_CTX_DAG_ID='dag_runs' AIRFLOW_CTX_TASK_ID='delete_data_from_table' AIRFLOW_CTX_EXECUTION_DATE='2024-05-10T12:00:00+00:00' AIRFLOW_CTX_TRY_NUMBER='1' AIRFLOW_CTX_DAG_RUN_ID='scheduled__2024-05-10T12:00:00+00:00'
[2024-06-04T12:02:09.619+0000] {sql.py:276} INFO - Executing: 
            delete from dag_runs
        
[2024-06-04T12:02:09.724+0000] {base.py:83} INFO - Using connection ID 'postgres_localhost' for task execution.
[2024-06-04T12:02:09.740+0000] {base.py:83} INFO - Using connection ID 'postgres_localhost' for task execution.
[2024-06-04T12:02:09.825+0000] {sql.py:457} INFO - Running statement: 
            delete from dag_runs
        , parameters: None
[2024-06-04T12:02:09.828+0000] {sql.py:466} INFO - Rows affected: 1
[2024-06-04T12:02:09.829+0000] {warnings.py:109} WARNING - /home/***/.local/lib/python3.8/site-packages/***/providers/common/sql/hooks/sql.py:407: AirflowProviderDeprecationWarning: Call to deprecated method _make_common_data_structure. (The `_make_serializable` method is deprecated and support will be removed in a future version of the common.sql provider. Please update the DbApiHook's provider to a version based on common.sql >= 1.9.1.)
  result = self._make_common_data_structure(handler(cur))

[2024-06-04T12:02:09.942+0000] {taskinstance.py:1149} INFO - Marking task as SUCCESS. dag_id=dag_runs, task_id=delete_data_from_table, execution_date=20240510T120000, start_date=20240604T120208, end_date=20240604T120209
[2024-06-04T12:02:10.215+0000] {local_task_job_runner.py:234} INFO - Task exited with return code 0
[2024-06-04T12:02:10.239+0000] {warnings.py:109} WARNING - /home/***/.local/lib/python3.8/site-packages/***/models/baseoperator.py:1201: AirflowProviderDeprecationWarning: Call to deprecated class PostgresOperator. (Please use `***.providers.common.sql.operators.sql.SQLExecuteQueryOperator`.Also, you can provide `hook_params={'schema': <database>}`.)
  result = cls.__new__(cls)

[2024-06-04T12:02:10.422+0000] {taskinstance.py:3312} INFO - 1 downstream tasks scheduled from follow-on schedule check
[2024-06-04T12:11:11.319+0000] {taskinstance.py:1979} INFO - Dependencies all met for dep_context=non-requeueable deps ti=<TaskInstance: dag_runs.delete_data_from_table scheduled__2024-05-10T12:00:00+00:00 [queued]>
[2024-06-04T12:11:11.522+0000] {taskinstance.py:1979} INFO - Dependencies all met for dep_context=requeueable deps ti=<TaskInstance: dag_runs.delete_data_from_table scheduled__2024-05-10T12:00:00+00:00 [queued]>
[2024-06-04T12:11:11.522+0000] {taskinstance.py:2193} INFO - Starting attempt 1 of 4
[2024-06-04T12:11:11.626+0000] {taskinstance.py:2217} INFO - Executing <Task(PostgresOperator): delete_data_from_table> on 2024-05-10 12:00:00+00:00
[2024-06-04T12:11:11.717+0000] {standard_task_runner.py:60} INFO - Started process 293 to run task
[2024-06-04T12:11:11.723+0000] {standard_task_runner.py:87} INFO - Running: ['***', 'tasks', 'run', 'dag_runs', 'delete_data_from_table', 'scheduled__2024-05-10T12:00:00+00:00', '--job-id', '580', '--raw', '--subdir', 'DAGS_FOLDER/dag_runs.py', '--cfg-path', '/tmp/tmph5rtso6q']
[2024-06-04T12:11:11.724+0000] {standard_task_runner.py:88} INFO - Job 580: Subtask delete_data_from_table
[2024-06-04T12:11:12.424+0000] {task_command.py:423} INFO - Running <TaskInstance: dag_runs.delete_data_from_table scheduled__2024-05-10T12:00:00+00:00 [running]> on host d20949f126de
[2024-06-04T12:11:13.617+0000] {taskinstance.py:2513} INFO - Exporting env vars: AIRFLOW_CTX_DAG_OWNER='***' AIRFLOW_CTX_DAG_ID='dag_runs' AIRFLOW_CTX_TASK_ID='delete_data_from_table' AIRFLOW_CTX_EXECUTION_DATE='2024-05-10T12:00:00+00:00' AIRFLOW_CTX_TRY_NUMBER='1' AIRFLOW_CTX_DAG_RUN_ID='scheduled__2024-05-10T12:00:00+00:00'
[2024-06-04T12:11:13.618+0000] {sql.py:276} INFO - Executing: 
            delete from dag_runs where dt = '2024-05-10' and dag_id = 'dag_runs';
        
[2024-06-04T12:11:13.816+0000] {base.py:83} INFO - Using connection ID 'postgres_localhost' for task execution.
[2024-06-04T12:11:13.919+0000] {base.py:83} INFO - Using connection ID 'postgres_localhost' for task execution.
[2024-06-04T12:11:14.015+0000] {sql.py:457} INFO - Running statement: 
            delete from dag_runs where dt = '2024-05-10' and dag_id = 'dag_runs';
        , parameters: None
[2024-06-04T12:11:14.020+0000] {sql.py:466} INFO - Rows affected: 0
[2024-06-04T12:11:14.021+0000] {warnings.py:109} WARNING - /home/***/.local/lib/python3.8/site-packages/***/providers/common/sql/hooks/sql.py:407: AirflowProviderDeprecationWarning: Call to deprecated method _make_common_data_structure. (The `_make_serializable` method is deprecated and support will be removed in a future version of the common.sql provider. Please update the DbApiHook's provider to a version based on common.sql >= 1.9.1.)
  result = self._make_common_data_structure(handler(cur))

[2024-06-04T12:11:14.216+0000] {taskinstance.py:1149} INFO - Marking task as SUCCESS. dag_id=dag_runs, task_id=delete_data_from_table, execution_date=20240510T120000, start_date=20240604T121111, end_date=20240604T121114
[2024-06-04T12:11:14.517+0000] {local_task_job_runner.py:234} INFO - Task exited with return code 0
[2024-06-04T12:11:14.625+0000] {warnings.py:109} WARNING - /home/***/.local/lib/python3.8/site-packages/***/models/baseoperator.py:1201: AirflowProviderDeprecationWarning: Call to deprecated class PostgresOperator. (Please use `***.providers.common.sql.operators.sql.SQLExecuteQueryOperator`.Also, you can provide `hook_params={'schema': <database>}`.)
  result = cls.__new__(cls)

[2024-06-04T12:11:14.917+0000] {taskinstance.py:3312} INFO - 1 downstream tasks scheduled from follow-on schedule check
