[2024-06-04T08:15:36.117+0000] {taskinstance.py:1979} INFO - Dependencies all met for dep_context=non-requeueable deps ti=<TaskInstance: dag_runs.insert_into_table scheduled__2023-03-29T00:00:00+00:00 [queued]>
[2024-06-04T08:15:36.311+0000] {taskinstance.py:1979} INFO - Dependencies all met for dep_context=requeueable deps ti=<TaskInstance: dag_runs.insert_into_table scheduled__2023-03-29T00:00:00+00:00 [queued]>
[2024-06-04T08:15:36.312+0000] {taskinstance.py:2193} INFO - Starting attempt 1 of 3
[2024-06-04T08:15:36.609+0000] {taskinstance.py:2217} INFO - Executing <Task(PostgresOperator): insert_into_table> on 2023-03-29 00:00:00+00:00
[2024-06-04T08:15:36.712+0000] {standard_task_runner.py:60} INFO - Started process 636 to run task
[2024-06-04T08:15:36.808+0000] {standard_task_runner.py:87} INFO - Running: ['***', 'tasks', 'run', 'dag_runs', 'insert_into_table', 'scheduled__2023-03-29T00:00:00+00:00', '--job-id', '33', '--raw', '--subdir', 'DAGS_FOLDER/dag_runs.py', '--cfg-path', '/tmp/tmp0b7vjew_']
[2024-06-04T08:15:36.907+0000] {standard_task_runner.py:88} INFO - Job 33: Subtask insert_into_table
[2024-06-04T08:15:37.902+0000] {task_command.py:423} INFO - Running <TaskInstance: dag_runs.insert_into_table scheduled__2023-03-29T00:00:00+00:00 [running]> on host d20949f126de
[2024-06-04T08:15:39.205+0000] {taskinstance.py:2513} INFO - Exporting env vars: AIRFLOW_CTX_DAG_OWNER='bsp' AIRFLOW_CTX_DAG_ID='dag_runs' AIRFLOW_CTX_TASK_ID='insert_into_table' AIRFLOW_CTX_EXECUTION_DATE='2023-03-29T00:00:00+00:00' AIRFLOW_CTX_TRY_NUMBER='1' AIRFLOW_CTX_DAG_RUN_ID='scheduled__2023-03-29T00:00:00+00:00'
[2024-06-04T08:15:39.300+0000] {sql.py:276} INFO - Executing: 
            insert into dag_runs (dt, dag_id) values ('2023-03-29', 'dag_runs')
        
[2024-06-04T08:15:39.502+0000] {base.py:83} INFO - Using connection ID 'postgres_localhost' for task execution.
[2024-06-04T08:15:39.805+0000] {base.py:83} INFO - Using connection ID 'postgres_localhost' for task execution.
[2024-06-04T08:15:39.903+0000] {sql.py:457} INFO - Running statement: 
            insert into dag_runs (dt, dag_id) values ('2023-03-29', 'dag_runs')
        , parameters: None
[2024-06-04T08:15:39.905+0000] {sql.py:466} INFO - Rows affected: 1
[2024-06-04T08:15:39.906+0000] {warnings.py:109} WARNING - /home/***/.local/lib/python3.8/site-packages/***/providers/common/sql/hooks/sql.py:407: AirflowProviderDeprecationWarning: Call to deprecated method _make_common_data_structure. (The `_make_serializable` method is deprecated and support will be removed in a future version of the common.sql provider. Please update the DbApiHook's provider to a version based on common.sql >= 1.9.1.)
  result = self._make_common_data_structure(handler(cur))

[2024-06-04T08:15:40.103+0000] {taskinstance.py:1149} INFO - Marking task as SUCCESS. dag_id=dag_runs, task_id=insert_into_table, execution_date=20230329T000000, start_date=20240604T081536, end_date=20240604T081540
[2024-06-04T08:15:40.426+0000] {local_task_job_runner.py:234} INFO - Task exited with return code 0
[2024-06-04T08:15:41.006+0000] {taskinstance.py:3312} INFO - 0 downstream tasks scheduled from follow-on schedule check
