[2024-06-04T10:05:34.115+0000] {taskinstance.py:1979} INFO - Dependencies all met for dep_context=non-requeueable deps ti=<TaskInstance: dag_runs.delete_data_from_table scheduled__2024-05-13T12:00:00+00:00 [queued]>
[2024-06-04T10:05:34.196+0000] {taskinstance.py:1979} INFO - Dependencies all met for dep_context=requeueable deps ti=<TaskInstance: dag_runs.delete_data_from_table scheduled__2024-05-13T12:00:00+00:00 [queued]>
[2024-06-04T10:05:34.197+0000] {taskinstance.py:2193} INFO - Starting attempt 1 of 2
[2024-06-04T10:05:34.292+0000] {taskinstance.py:2217} INFO - Executing <Task(PostgresOperator): delete_data_from_table> on 2024-05-13 12:00:00+00:00
[2024-06-04T10:05:34.391+0000] {standard_task_runner.py:60} INFO - Started process 296 to run task
[2024-06-04T10:05:34.397+0000] {standard_task_runner.py:87} INFO - Running: ['***', 'tasks', 'run', 'dag_runs', 'delete_data_from_table', 'scheduled__2024-05-13T12:00:00+00:00', '--job-id', '298', '--raw', '--subdir', 'DAGS_FOLDER/dag_runs.py', '--cfg-path', '/tmp/tmp68fgs3au']
[2024-06-04T10:05:34.400+0000] {standard_task_runner.py:88} INFO - Job 298: Subtask delete_data_from_table
[2024-06-04T10:05:34.701+0000] {task_command.py:423} INFO - Running <TaskInstance: dag_runs.delete_data_from_table scheduled__2024-05-13T12:00:00+00:00 [running]> on host d20949f126de
[2024-06-04T10:05:35.185+0000] {taskinstance.py:2513} INFO - Exporting env vars: AIRFLOW_CTX_DAG_OWNER='***' AIRFLOW_CTX_DAG_ID='dag_runs' AIRFLOW_CTX_TASK_ID='delete_data_from_table' AIRFLOW_CTX_EXECUTION_DATE='2024-05-13T12:00:00+00:00' AIRFLOW_CTX_TRY_NUMBER='1' AIRFLOW_CTX_DAG_RUN_ID='scheduled__2024-05-13T12:00:00+00:00'
[2024-06-04T10:05:35.186+0000] {sql.py:276} INFO - Executing: 
            delete from dag_runs where dt = '2024-05-13' and dag_id = 'dag_runs';
        
[2024-06-04T10:05:35.207+0000] {base.py:83} INFO - Using connection ID 'postgres_localhost' for task execution.
[2024-06-04T10:05:35.389+0000] {base.py:83} INFO - Using connection ID 'postgres_localhost' for task execution.
[2024-06-04T10:05:35.405+0000] {sql.py:457} INFO - Running statement: 
            delete from dag_runs where dt = '2024-05-13' and dag_id = 'dag_runs';
        , parameters: None
[2024-06-04T10:05:35.414+0000] {sql.py:466} INFO - Rows affected: 0
[2024-06-04T10:05:35.481+0000] {warnings.py:109} WARNING - /home/***/.local/lib/python3.8/site-packages/***/providers/common/sql/hooks/sql.py:407: AirflowProviderDeprecationWarning: Call to deprecated method _make_common_data_structure. (The `_make_serializable` method is deprecated and support will be removed in a future version of the common.sql provider. Please update the DbApiHook's provider to a version based on common.sql >= 1.9.1.)
  result = self._make_common_data_structure(handler(cur))

[2024-06-04T10:05:35.592+0000] {taskinstance.py:1149} INFO - Marking task as SUCCESS. dag_id=dag_runs, task_id=delete_data_from_table, execution_date=20240513T120000, start_date=20240604T100534, end_date=20240604T100535
[2024-06-04T10:05:35.882+0000] {local_task_job_runner.py:234} INFO - Task exited with return code 0
[2024-06-04T10:05:35.999+0000] {warnings.py:109} WARNING - /home/***/.local/lib/python3.8/site-packages/***/models/baseoperator.py:1201: AirflowProviderDeprecationWarning: Call to deprecated class PostgresOperator. (Please use `***.providers.common.sql.operators.sql.SQLExecuteQueryOperator`.Also, you can provide `hook_params={'schema': <database>}`.)
  result = cls.__new__(cls)

[2024-06-04T10:05:36.216+0000] {taskinstance.py:3312} INFO - 1 downstream tasks scheduled from follow-on schedule check
[2024-06-04T12:02:13.530+0000] {taskinstance.py:1979} INFO - Dependencies all met for dep_context=non-requeueable deps ti=<TaskInstance: dag_runs.delete_data_from_table scheduled__2024-05-13T12:00:00+00:00 [queued]>
[2024-06-04T12:02:13.623+0000] {taskinstance.py:1979} INFO - Dependencies all met for dep_context=requeueable deps ti=<TaskInstance: dag_runs.delete_data_from_table scheduled__2024-05-13T12:00:00+00:00 [queued]>
[2024-06-04T12:02:13.624+0000] {taskinstance.py:2193} INFO - Starting attempt 1 of 4
[2024-06-04T12:02:13.718+0000] {taskinstance.py:2217} INFO - Executing <Task(PostgresOperator): delete_data_from_table> on 2024-05-13 12:00:00+00:00
[2024-06-04T12:02:13.736+0000] {standard_task_runner.py:60} INFO - Started process 314 to run task
[2024-06-04T12:02:13.835+0000] {standard_task_runner.py:87} INFO - Running: ['***', 'tasks', 'run', 'dag_runs', 'delete_data_from_table', 'scheduled__2024-05-13T12:00:00+00:00', '--job-id', '441', '--raw', '--subdir', 'DAGS_FOLDER/dag_runs.py', '--cfg-path', '/tmp/tmpbxcti8l8']
[2024-06-04T12:02:13.837+0000] {standard_task_runner.py:88} INFO - Job 441: Subtask delete_data_from_table
[2024-06-04T12:02:14.341+0000] {task_command.py:423} INFO - Running <TaskInstance: dag_runs.delete_data_from_table scheduled__2024-05-13T12:00:00+00:00 [running]> on host d20949f126de
[2024-06-04T12:02:14.929+0000] {taskinstance.py:2513} INFO - Exporting env vars: AIRFLOW_CTX_DAG_OWNER='***' AIRFLOW_CTX_DAG_ID='dag_runs' AIRFLOW_CTX_TASK_ID='delete_data_from_table' AIRFLOW_CTX_EXECUTION_DATE='2024-05-13T12:00:00+00:00' AIRFLOW_CTX_TRY_NUMBER='1' AIRFLOW_CTX_DAG_RUN_ID='scheduled__2024-05-13T12:00:00+00:00'
[2024-06-04T12:02:14.931+0000] {sql.py:276} INFO - Executing: 
            delete from dag_runs
        
[2024-06-04T12:02:15.017+0000] {base.py:83} INFO - Using connection ID 'postgres_localhost' for task execution.
[2024-06-04T12:02:15.116+0000] {base.py:83} INFO - Using connection ID 'postgres_localhost' for task execution.
[2024-06-04T12:02:15.123+0000] {sql.py:457} INFO - Running statement: 
            delete from dag_runs
        , parameters: None
[2024-06-04T12:02:15.124+0000] {sql.py:466} INFO - Rows affected: 0
[2024-06-04T12:02:15.125+0000] {warnings.py:109} WARNING - /home/***/.local/lib/python3.8/site-packages/***/providers/common/sql/hooks/sql.py:407: AirflowProviderDeprecationWarning: Call to deprecated method _make_common_data_structure. (The `_make_serializable` method is deprecated and support will be removed in a future version of the common.sql provider. Please update the DbApiHook's provider to a version based on common.sql >= 1.9.1.)
  result = self._make_common_data_structure(handler(cur))

[2024-06-04T12:02:15.216+0000] {taskinstance.py:1149} INFO - Marking task as SUCCESS. dag_id=dag_runs, task_id=delete_data_from_table, execution_date=20240513T120000, start_date=20240604T120213, end_date=20240604T120215
[2024-06-04T12:02:15.415+0000] {local_task_job_runner.py:234} INFO - Task exited with return code 0
[2024-06-04T12:02:15.833+0000] {warnings.py:109} WARNING - /home/***/.local/lib/python3.8/site-packages/***/models/baseoperator.py:1201: AirflowProviderDeprecationWarning: Call to deprecated class PostgresOperator. (Please use `***.providers.common.sql.operators.sql.SQLExecuteQueryOperator`.Also, you can provide `hook_params={'schema': <database>}`.)
  result = cls.__new__(cls)

[2024-06-04T12:02:15.935+0000] {taskinstance.py:3312} INFO - 0 downstream tasks scheduled from follow-on schedule check
[2024-06-04T12:11:18.828+0000] {taskinstance.py:1979} INFO - Dependencies all met for dep_context=non-requeueable deps ti=<TaskInstance: dag_runs.delete_data_from_table scheduled__2024-05-13T12:00:00+00:00 [queued]>
[2024-06-04T12:11:18.927+0000] {taskinstance.py:1979} INFO - Dependencies all met for dep_context=requeueable deps ti=<TaskInstance: dag_runs.delete_data_from_table scheduled__2024-05-13T12:00:00+00:00 [queued]>
[2024-06-04T12:11:18.927+0000] {taskinstance.py:2193} INFO - Starting attempt 1 of 4
[2024-06-04T12:11:19.119+0000] {taskinstance.py:2217} INFO - Executing <Task(PostgresOperator): delete_data_from_table> on 2024-05-13 12:00:00+00:00
[2024-06-04T12:11:19.216+0000] {standard_task_runner.py:60} INFO - Started process 313 to run task
[2024-06-04T12:11:19.220+0000] {standard_task_runner.py:87} INFO - Running: ['***', 'tasks', 'run', 'dag_runs', 'delete_data_from_table', 'scheduled__2024-05-13T12:00:00+00:00', '--job-id', '585', '--raw', '--subdir', 'DAGS_FOLDER/dag_runs.py', '--cfg-path', '/tmp/tmpvss51xye']
[2024-06-04T12:11:19.222+0000] {standard_task_runner.py:88} INFO - Job 585: Subtask delete_data_from_table
[2024-06-04T12:11:20.021+0000] {task_command.py:423} INFO - Running <TaskInstance: dag_runs.delete_data_from_table scheduled__2024-05-13T12:00:00+00:00 [running]> on host d20949f126de
[2024-06-04T12:11:21.423+0000] {taskinstance.py:2513} INFO - Exporting env vars: AIRFLOW_CTX_DAG_OWNER='***' AIRFLOW_CTX_DAG_ID='dag_runs' AIRFLOW_CTX_TASK_ID='delete_data_from_table' AIRFLOW_CTX_EXECUTION_DATE='2024-05-13T12:00:00+00:00' AIRFLOW_CTX_TRY_NUMBER='1' AIRFLOW_CTX_DAG_RUN_ID='scheduled__2024-05-13T12:00:00+00:00'
[2024-06-04T12:11:21.424+0000] {sql.py:276} INFO - Executing: 
            delete from dag_runs where dt = '2024-05-13' and dag_id = 'dag_runs';
        
[2024-06-04T12:11:21.522+0000] {base.py:83} INFO - Using connection ID 'postgres_localhost' for task execution.
[2024-06-04T12:11:21.542+0000] {base.py:83} INFO - Using connection ID 'postgres_localhost' for task execution.
[2024-06-04T12:11:21.636+0000] {sql.py:457} INFO - Running statement: 
            delete from dag_runs where dt = '2024-05-13' and dag_id = 'dag_runs';
        , parameters: None
[2024-06-04T12:11:21.720+0000] {sql.py:466} INFO - Rows affected: 0
[2024-06-04T12:11:21.723+0000] {warnings.py:109} WARNING - /home/***/.local/lib/python3.8/site-packages/***/providers/common/sql/hooks/sql.py:407: AirflowProviderDeprecationWarning: Call to deprecated method _make_common_data_structure. (The `_make_serializable` method is deprecated and support will be removed in a future version of the common.sql provider. Please update the DbApiHook's provider to a version based on common.sql >= 1.9.1.)
  result = self._make_common_data_structure(handler(cur))

[2024-06-04T12:11:21.826+0000] {taskinstance.py:1149} INFO - Marking task as SUCCESS. dag_id=dag_runs, task_id=delete_data_from_table, execution_date=20240513T120000, start_date=20240604T121118, end_date=20240604T121121
[2024-06-04T12:11:22.115+0000] {local_task_job_runner.py:234} INFO - Task exited with return code 0
[2024-06-04T12:11:22.641+0000] {warnings.py:109} WARNING - /home/***/.local/lib/python3.8/site-packages/***/models/baseoperator.py:1201: AirflowProviderDeprecationWarning: Call to deprecated class PostgresOperator. (Please use `***.providers.common.sql.operators.sql.SQLExecuteQueryOperator`.Also, you can provide `hook_params={'schema': <database>}`.)
  result = cls.__new__(cls)

[2024-06-04T12:11:22.842+0000] {taskinstance.py:3312} INFO - 0 downstream tasks scheduled from follow-on schedule check
