[2024-06-04T10:05:19.784+0000] {taskinstance.py:1979} INFO - Dependencies all met for dep_context=non-requeueable deps ti=<TaskInstance: dag_runs.delete_data_from_table scheduled__2024-05-01T12:00:00+00:00 [queued]>
[2024-06-04T10:05:19.809+0000] {taskinstance.py:1979} INFO - Dependencies all met for dep_context=requeueable deps ti=<TaskInstance: dag_runs.delete_data_from_table scheduled__2024-05-01T12:00:00+00:00 [queued]>
[2024-06-04T10:05:19.810+0000] {taskinstance.py:2193} INFO - Starting attempt 1 of 2
[2024-06-04T10:05:19.899+0000] {taskinstance.py:2217} INFO - Executing <Task(PostgresOperator): delete_data_from_table> on 2024-05-01 12:00:00+00:00
[2024-06-04T10:05:19.995+0000] {standard_task_runner.py:60} INFO - Started process 233 to run task
[2024-06-04T10:05:19.999+0000] {standard_task_runner.py:87} INFO - Running: ['***', 'tasks', 'run', 'dag_runs', 'delete_data_from_table', 'scheduled__2024-05-01T12:00:00+00:00', '--job-id', '277', '--raw', '--subdir', 'DAGS_FOLDER/dag_runs.py', '--cfg-path', '/tmp/tmppi5y2kya']
[2024-06-04T10:05:20.001+0000] {standard_task_runner.py:88} INFO - Job 277: Subtask delete_data_from_table
[2024-06-04T10:05:20.595+0000] {task_command.py:423} INFO - Running <TaskInstance: dag_runs.delete_data_from_table scheduled__2024-05-01T12:00:00+00:00 [running]> on host d20949f126de
[2024-06-04T10:05:21.310+0000] {taskinstance.py:2513} INFO - Exporting env vars: AIRFLOW_CTX_DAG_OWNER='***' AIRFLOW_CTX_DAG_ID='dag_runs' AIRFLOW_CTX_TASK_ID='delete_data_from_table' AIRFLOW_CTX_EXECUTION_DATE='2024-05-01T12:00:00+00:00' AIRFLOW_CTX_TRY_NUMBER='1' AIRFLOW_CTX_DAG_RUN_ID='scheduled__2024-05-01T12:00:00+00:00'
[2024-06-04T10:05:21.311+0000] {sql.py:276} INFO - Executing: 
            delete from dag_runs where dt = '2024-05-01' and dag_id = 'dag_runs';
        
[2024-06-04T10:05:21.401+0000] {base.py:83} INFO - Using connection ID 'postgres_localhost' for task execution.
[2024-06-04T10:05:21.511+0000] {base.py:83} INFO - Using connection ID 'postgres_localhost' for task execution.
[2024-06-04T10:05:21.595+0000] {sql.py:457} INFO - Running statement: 
            delete from dag_runs where dt = '2024-05-01' and dag_id = 'dag_runs';
        , parameters: None
[2024-06-04T10:05:21.597+0000] {sql.py:466} INFO - Rows affected: 0
[2024-06-04T10:05:21.598+0000] {warnings.py:109} WARNING - /home/***/.local/lib/python3.8/site-packages/***/providers/common/sql/hooks/sql.py:407: AirflowProviderDeprecationWarning: Call to deprecated method _make_common_data_structure. (The `_make_serializable` method is deprecated and support will be removed in a future version of the common.sql provider. Please update the DbApiHook's provider to a version based on common.sql >= 1.9.1.)
  result = self._make_common_data_structure(handler(cur))

[2024-06-04T10:05:21.614+0000] {taskinstance.py:1149} INFO - Marking task as SUCCESS. dag_id=dag_runs, task_id=delete_data_from_table, execution_date=20240501T120000, start_date=20240604T100519, end_date=20240604T100521
[2024-06-04T10:05:21.882+0000] {local_task_job_runner.py:234} INFO - Task exited with return code 0
[2024-06-04T10:05:21.905+0000] {warnings.py:109} WARNING - /home/***/.local/lib/python3.8/site-packages/***/models/baseoperator.py:1201: AirflowProviderDeprecationWarning: Call to deprecated class PostgresOperator. (Please use `***.providers.common.sql.operators.sql.SQLExecuteQueryOperator`.Also, you can provide `hook_params={'schema': <database>}`.)
  result = cls.__new__(cls)

[2024-06-04T10:05:22.002+0000] {taskinstance.py:3312} INFO - 1 downstream tasks scheduled from follow-on schedule check
[2024-06-04T12:01:52.928+0000] {taskinstance.py:1979} INFO - Dependencies all met for dep_context=non-requeueable deps ti=<TaskInstance: dag_runs.delete_data_from_table scheduled__2024-05-01T12:00:00+00:00 [queued]>
[2024-06-04T12:01:53.122+0000] {taskinstance.py:1979} INFO - Dependencies all met for dep_context=requeueable deps ti=<TaskInstance: dag_runs.delete_data_from_table scheduled__2024-05-01T12:00:00+00:00 [queued]>
[2024-06-04T12:01:53.122+0000] {taskinstance.py:2193} INFO - Starting attempt 1 of 4
[2024-06-04T12:01:53.523+0000] {taskinstance.py:2217} INFO - Executing <Task(PostgresOperator): delete_data_from_table> on 2024-05-01 12:00:00+00:00
[2024-06-04T12:01:53.718+0000] {standard_task_runner.py:60} INFO - Started process 246 to run task
[2024-06-04T12:01:53.730+0000] {standard_task_runner.py:87} INFO - Running: ['***', 'tasks', 'run', 'dag_runs', 'delete_data_from_table', 'scheduled__2024-05-01T12:00:00+00:00', '--job-id', '420', '--raw', '--subdir', 'DAGS_FOLDER/dag_runs.py', '--cfg-path', '/tmp/tmpo5wxknhr']
[2024-06-04T12:01:53.825+0000] {standard_task_runner.py:88} INFO - Job 420: Subtask delete_data_from_table
[2024-06-04T12:01:54.329+0000] {task_command.py:423} INFO - Running <TaskInstance: dag_runs.delete_data_from_table scheduled__2024-05-01T12:00:00+00:00 [running]> on host d20949f126de
[2024-06-04T12:01:55.221+0000] {taskinstance.py:2513} INFO - Exporting env vars: AIRFLOW_CTX_DAG_OWNER='***' AIRFLOW_CTX_DAG_ID='dag_runs' AIRFLOW_CTX_TASK_ID='delete_data_from_table' AIRFLOW_CTX_EXECUTION_DATE='2024-05-01T12:00:00+00:00' AIRFLOW_CTX_TRY_NUMBER='1' AIRFLOW_CTX_DAG_RUN_ID='scheduled__2024-05-01T12:00:00+00:00'
[2024-06-04T12:01:55.222+0000] {sql.py:276} INFO - Executing: 
            delete from dag_runs
        
[2024-06-04T12:01:55.320+0000] {base.py:83} INFO - Using connection ID 'postgres_localhost' for task execution.
[2024-06-04T12:01:55.424+0000] {base.py:83} INFO - Using connection ID 'postgres_localhost' for task execution.
[2024-06-04T12:01:55.525+0000] {sql.py:457} INFO - Running statement: 
            delete from dag_runs
        , parameters: None
[2024-06-04T12:01:55.615+0000] {sql.py:466} INFO - Rows affected: 0
[2024-06-04T12:01:55.616+0000] {warnings.py:109} WARNING - /home/***/.local/lib/python3.8/site-packages/***/providers/common/sql/hooks/sql.py:407: AirflowProviderDeprecationWarning: Call to deprecated method _make_common_data_structure. (The `_make_serializable` method is deprecated and support will be removed in a future version of the common.sql provider. Please update the DbApiHook's provider to a version based on common.sql >= 1.9.1.)
  result = self._make_common_data_structure(handler(cur))

[2024-06-04T12:01:55.628+0000] {taskinstance.py:1149} INFO - Marking task as SUCCESS. dag_id=dag_runs, task_id=delete_data_from_table, execution_date=20240501T120000, start_date=20240604T120153, end_date=20240604T120155
[2024-06-04T12:01:56.015+0000] {local_task_job_runner.py:234} INFO - Task exited with return code 0
[2024-06-04T12:01:56.120+0000] {warnings.py:109} WARNING - /home/***/.local/lib/python3.8/site-packages/***/models/baseoperator.py:1201: AirflowProviderDeprecationWarning: Call to deprecated class PostgresOperator. (Please use `***.providers.common.sql.operators.sql.SQLExecuteQueryOperator`.Also, you can provide `hook_params={'schema': <database>}`.)
  result = cls.__new__(cls)

[2024-06-04T12:01:56.224+0000] {taskinstance.py:3312} INFO - 1 downstream tasks scheduled from follow-on schedule check
[2024-06-04T12:10:56.740+0000] {taskinstance.py:1979} INFO - Dependencies all met for dep_context=non-requeueable deps ti=<TaskInstance: dag_runs.delete_data_from_table scheduled__2024-05-01T12:00:00+00:00 [queued]>
[2024-06-04T12:10:56.824+0000] {taskinstance.py:1979} INFO - Dependencies all met for dep_context=requeueable deps ti=<TaskInstance: dag_runs.delete_data_from_table scheduled__2024-05-01T12:00:00+00:00 [queued]>
[2024-06-04T12:10:56.825+0000] {taskinstance.py:2193} INFO - Starting attempt 1 of 4
[2024-06-04T12:10:56.840+0000] {taskinstance.py:2217} INFO - Executing <Task(PostgresOperator): delete_data_from_table> on 2024-05-01 12:00:00+00:00
[2024-06-04T12:10:56.921+0000] {standard_task_runner.py:60} INFO - Started process 237 to run task
[2024-06-04T12:10:56.932+0000] {standard_task_runner.py:87} INFO - Running: ['***', 'tasks', 'run', 'dag_runs', 'delete_data_from_table', 'scheduled__2024-05-01T12:00:00+00:00', '--job-id', '560', '--raw', '--subdir', 'DAGS_FOLDER/dag_runs.py', '--cfg-path', '/tmp/tmp0ckowl04']
[2024-06-04T12:10:56.933+0000] {standard_task_runner.py:88} INFO - Job 560: Subtask delete_data_from_table
[2024-06-04T12:10:57.433+0000] {task_command.py:423} INFO - Running <TaskInstance: dag_runs.delete_data_from_table scheduled__2024-05-01T12:00:00+00:00 [running]> on host d20949f126de
[2024-06-04T12:10:58.016+0000] {taskinstance.py:2513} INFO - Exporting env vars: AIRFLOW_CTX_DAG_OWNER='***' AIRFLOW_CTX_DAG_ID='dag_runs' AIRFLOW_CTX_TASK_ID='delete_data_from_table' AIRFLOW_CTX_EXECUTION_DATE='2024-05-01T12:00:00+00:00' AIRFLOW_CTX_TRY_NUMBER='1' AIRFLOW_CTX_DAG_RUN_ID='scheduled__2024-05-01T12:00:00+00:00'
[2024-06-04T12:10:58.017+0000] {sql.py:276} INFO - Executing: 
            delete from dag_runs where dt = '2024-05-01' and dag_id = 'dag_runs';
        
[2024-06-04T12:10:58.040+0000] {base.py:83} INFO - Using connection ID 'postgres_localhost' for task execution.
[2024-06-04T12:10:58.142+0000] {base.py:83} INFO - Using connection ID 'postgres_localhost' for task execution.
[2024-06-04T12:10:58.225+0000] {sql.py:457} INFO - Running statement: 
            delete from dag_runs where dt = '2024-05-01' and dag_id = 'dag_runs';
        , parameters: None
[2024-06-04T12:10:58.234+0000] {sql.py:466} INFO - Rows affected: 0
[2024-06-04T12:10:58.235+0000] {warnings.py:109} WARNING - /home/***/.local/lib/python3.8/site-packages/***/providers/common/sql/hooks/sql.py:407: AirflowProviderDeprecationWarning: Call to deprecated method _make_common_data_structure. (The `_make_serializable` method is deprecated and support will be removed in a future version of the common.sql provider. Please update the DbApiHook's provider to a version based on common.sql >= 1.9.1.)
  result = self._make_common_data_structure(handler(cur))

[2024-06-04T12:10:58.325+0000] {taskinstance.py:1149} INFO - Marking task as SUCCESS. dag_id=dag_runs, task_id=delete_data_from_table, execution_date=20240501T120000, start_date=20240604T121056, end_date=20240604T121058
[2024-06-04T12:10:58.515+0000] {local_task_job_runner.py:234} INFO - Task exited with return code 0
[2024-06-04T12:10:58.541+0000] {warnings.py:109} WARNING - /home/***/.local/lib/python3.8/site-packages/***/models/baseoperator.py:1201: AirflowProviderDeprecationWarning: Call to deprecated class PostgresOperator. (Please use `***.providers.common.sql.operators.sql.SQLExecuteQueryOperator`.Also, you can provide `hook_params={'schema': <database>}`.)
  result = cls.__new__(cls)

[2024-06-04T12:10:58.631+0000] {taskinstance.py:3312} INFO - 1 downstream tasks scheduled from follow-on schedule check
