[2024-06-04T10:05:22.007+0000] {taskinstance.py:1979} INFO - Dependencies all met for dep_context=non-requeueable deps ti=<TaskInstance: dag_runs.delete_data_from_table scheduled__2024-05-02T12:00:00+00:00 [queued]>
[2024-06-04T10:05:22.091+0000] {taskinstance.py:1979} INFO - Dependencies all met for dep_context=requeueable deps ti=<TaskInstance: dag_runs.delete_data_from_table scheduled__2024-05-02T12:00:00+00:00 [queued]>
[2024-06-04T10:05:22.092+0000] {taskinstance.py:2193} INFO - Starting attempt 1 of 2
[2024-06-04T10:05:22.484+0000] {taskinstance.py:2217} INFO - Executing <Task(PostgresOperator): delete_data_from_table> on 2024-05-02 12:00:00+00:00
[2024-06-04T10:05:22.582+0000] {standard_task_runner.py:87} INFO - Running: ['***', 'tasks', 'run', 'dag_runs', 'delete_data_from_table', 'scheduled__2024-05-02T12:00:00+00:00', '--job-id', '282', '--raw', '--subdir', 'DAGS_FOLDER/dag_runs.py', '--cfg-path', '/tmp/tmp9exnfaub']
[2024-06-04T10:05:22.509+0000] {standard_task_runner.py:60} INFO - Started process 244 to run task
[2024-06-04T10:05:22.583+0000] {standard_task_runner.py:88} INFO - Job 282: Subtask delete_data_from_table
[2024-06-04T10:05:23.082+0000] {task_command.py:423} INFO - Running <TaskInstance: dag_runs.delete_data_from_table scheduled__2024-05-02T12:00:00+00:00 [running]> on host d20949f126de
[2024-06-04T10:05:23.686+0000] {taskinstance.py:2513} INFO - Exporting env vars: AIRFLOW_CTX_DAG_OWNER='***' AIRFLOW_CTX_DAG_ID='dag_runs' AIRFLOW_CTX_TASK_ID='delete_data_from_table' AIRFLOW_CTX_EXECUTION_DATE='2024-05-02T12:00:00+00:00' AIRFLOW_CTX_TRY_NUMBER='1' AIRFLOW_CTX_DAG_RUN_ID='scheduled__2024-05-02T12:00:00+00:00'
[2024-06-04T10:05:23.692+0000] {sql.py:276} INFO - Executing: 
            delete from dag_runs where dt = '2024-05-02' and dag_id = 'dag_runs';
        
[2024-06-04T10:05:23.784+0000] {base.py:83} INFO - Using connection ID 'postgres_localhost' for task execution.
[2024-06-04T10:05:23.801+0000] {base.py:83} INFO - Using connection ID 'postgres_localhost' for task execution.
[2024-06-04T10:05:23.816+0000] {sql.py:457} INFO - Running statement: 
            delete from dag_runs where dt = '2024-05-02' and dag_id = 'dag_runs';
        , parameters: None
[2024-06-04T10:05:23.883+0000] {sql.py:466} INFO - Rows affected: 0
[2024-06-04T10:05:23.884+0000] {warnings.py:109} WARNING - /home/***/.local/lib/python3.8/site-packages/***/providers/common/sql/hooks/sql.py:407: AirflowProviderDeprecationWarning: Call to deprecated method _make_common_data_structure. (The `_make_serializable` method is deprecated and support will be removed in a future version of the common.sql provider. Please update the DbApiHook's provider to a version based on common.sql >= 1.9.1.)
  result = self._make_common_data_structure(handler(cur))

[2024-06-04T10:05:23.902+0000] {taskinstance.py:1149} INFO - Marking task as SUCCESS. dag_id=dag_runs, task_id=delete_data_from_table, execution_date=20240502T120000, start_date=20240604T100522, end_date=20240604T100523
[2024-06-04T10:05:24.181+0000] {local_task_job_runner.py:234} INFO - Task exited with return code 0
[2024-06-04T10:05:24.199+0000] {warnings.py:109} WARNING - /home/***/.local/lib/python3.8/site-packages/***/models/baseoperator.py:1201: AirflowProviderDeprecationWarning: Call to deprecated class PostgresOperator. (Please use `***.providers.common.sql.operators.sql.SQLExecuteQueryOperator`.Also, you can provide `hook_params={'schema': <database>}`.)
  result = cls.__new__(cls)

[2024-06-04T10:05:24.303+0000] {taskinstance.py:3312} INFO - 1 downstream tasks scheduled from follow-on schedule check
[2024-06-04T12:01:51.117+0000] {taskinstance.py:1979} INFO - Dependencies all met for dep_context=non-requeueable deps ti=<TaskInstance: dag_runs.delete_data_from_table scheduled__2024-05-02T12:00:00+00:00 [queued]>
[2024-06-04T12:01:51.223+0000] {taskinstance.py:1979} INFO - Dependencies all met for dep_context=requeueable deps ti=<TaskInstance: dag_runs.delete_data_from_table scheduled__2024-05-02T12:00:00+00:00 [queued]>
[2024-06-04T12:01:51.224+0000] {taskinstance.py:2193} INFO - Starting attempt 1 of 4
[2024-06-04T12:01:51.421+0000] {taskinstance.py:2217} INFO - Executing <Task(PostgresOperator): delete_data_from_table> on 2024-05-02 12:00:00+00:00
[2024-06-04T12:01:51.529+0000] {standard_task_runner.py:60} INFO - Started process 238 to run task
[2024-06-04T12:01:51.620+0000] {standard_task_runner.py:87} INFO - Running: ['***', 'tasks', 'run', 'dag_runs', 'delete_data_from_table', 'scheduled__2024-05-02T12:00:00+00:00', '--job-id', '417', '--raw', '--subdir', 'DAGS_FOLDER/dag_runs.py', '--cfg-path', '/tmp/tmp5eizupb4']
[2024-06-04T12:01:51.622+0000] {standard_task_runner.py:88} INFO - Job 417: Subtask delete_data_from_table
[2024-06-04T12:01:52.423+0000] {task_command.py:423} INFO - Running <TaskInstance: dag_runs.delete_data_from_table scheduled__2024-05-02T12:00:00+00:00 [running]> on host d20949f126de
[2024-06-04T12:01:53.727+0000] {taskinstance.py:2513} INFO - Exporting env vars: AIRFLOW_CTX_DAG_OWNER='***' AIRFLOW_CTX_DAG_ID='dag_runs' AIRFLOW_CTX_TASK_ID='delete_data_from_table' AIRFLOW_CTX_EXECUTION_DATE='2024-05-02T12:00:00+00:00' AIRFLOW_CTX_TRY_NUMBER='1' AIRFLOW_CTX_DAG_RUN_ID='scheduled__2024-05-02T12:00:00+00:00'
[2024-06-04T12:01:53.729+0000] {sql.py:276} INFO - Executing: 
            delete from dag_runs
        
[2024-06-04T12:01:53.827+0000] {base.py:83} INFO - Using connection ID 'postgres_localhost' for task execution.
[2024-06-04T12:01:53.927+0000] {base.py:83} INFO - Using connection ID 'postgres_localhost' for task execution.
[2024-06-04T12:01:54.023+0000] {sql.py:457} INFO - Running statement: 
            delete from dag_runs
        , parameters: None
[2024-06-04T12:01:54.026+0000] {sql.py:466} INFO - Rows affected: 113
[2024-06-04T12:01:54.026+0000] {warnings.py:109} WARNING - /home/***/.local/lib/python3.8/site-packages/***/providers/common/sql/hooks/sql.py:407: AirflowProviderDeprecationWarning: Call to deprecated method _make_common_data_structure. (The `_make_serializable` method is deprecated and support will be removed in a future version of the common.sql provider. Please update the DbApiHook's provider to a version based on common.sql >= 1.9.1.)
  result = self._make_common_data_structure(handler(cur))

[2024-06-04T12:01:54.220+0000] {taskinstance.py:1149} INFO - Marking task as SUCCESS. dag_id=dag_runs, task_id=delete_data_from_table, execution_date=20240502T120000, start_date=20240604T120151, end_date=20240604T120154
[2024-06-04T12:01:54.515+0000] {local_task_job_runner.py:234} INFO - Task exited with return code 0
[2024-06-04T12:01:55.327+0000] {warnings.py:109} WARNING - /home/***/.local/lib/python3.8/site-packages/***/models/baseoperator.py:1201: AirflowProviderDeprecationWarning: Call to deprecated class PostgresOperator. (Please use `***.providers.common.sql.operators.sql.SQLExecuteQueryOperator`.Also, you can provide `hook_params={'schema': <database>}`.)
  result = cls.__new__(cls)

[2024-06-04T12:01:55.520+0000] {taskinstance.py:3312} INFO - 1 downstream tasks scheduled from follow-on schedule check
[2024-06-04T12:10:57.619+0000] {taskinstance.py:1979} INFO - Dependencies all met for dep_context=non-requeueable deps ti=<TaskInstance: dag_runs.delete_data_from_table scheduled__2024-05-02T12:00:00+00:00 [queued]>
[2024-06-04T12:10:57.719+0000] {taskinstance.py:1979} INFO - Dependencies all met for dep_context=requeueable deps ti=<TaskInstance: dag_runs.delete_data_from_table scheduled__2024-05-02T12:00:00+00:00 [queued]>
[2024-06-04T12:10:57.719+0000] {taskinstance.py:2193} INFO - Starting attempt 1 of 4
[2024-06-04T12:10:57.737+0000] {taskinstance.py:2217} INFO - Executing <Task(PostgresOperator): delete_data_from_table> on 2024-05-02 12:00:00+00:00
[2024-06-04T12:10:57.828+0000] {standard_task_runner.py:60} INFO - Started process 240 to run task
[2024-06-04T12:10:57.839+0000] {standard_task_runner.py:87} INFO - Running: ['***', 'tasks', 'run', 'dag_runs', 'delete_data_from_table', 'scheduled__2024-05-02T12:00:00+00:00', '--job-id', '561', '--raw', '--subdir', 'DAGS_FOLDER/dag_runs.py', '--cfg-path', '/tmp/tmpfqo0y1r9']
[2024-06-04T12:10:57.840+0000] {standard_task_runner.py:88} INFO - Job 561: Subtask delete_data_from_table
[2024-06-04T12:10:58.239+0000] {task_command.py:423} INFO - Running <TaskInstance: dag_runs.delete_data_from_table scheduled__2024-05-02T12:00:00+00:00 [running]> on host d20949f126de
[2024-06-04T12:10:58.919+0000] {taskinstance.py:2513} INFO - Exporting env vars: AIRFLOW_CTX_DAG_OWNER='***' AIRFLOW_CTX_DAG_ID='dag_runs' AIRFLOW_CTX_TASK_ID='delete_data_from_table' AIRFLOW_CTX_EXECUTION_DATE='2024-05-02T12:00:00+00:00' AIRFLOW_CTX_TRY_NUMBER='1' AIRFLOW_CTX_DAG_RUN_ID='scheduled__2024-05-02T12:00:00+00:00'
[2024-06-04T12:10:58.921+0000] {sql.py:276} INFO - Executing: 
            delete from dag_runs where dt = '2024-05-02' and dag_id = 'dag_runs';
        
[2024-06-04T12:10:59.024+0000] {base.py:83} INFO - Using connection ID 'postgres_localhost' for task execution.
[2024-06-04T12:10:59.039+0000] {base.py:83} INFO - Using connection ID 'postgres_localhost' for task execution.
[2024-06-04T12:10:59.132+0000] {sql.py:457} INFO - Running statement: 
            delete from dag_runs where dt = '2024-05-02' and dag_id = 'dag_runs';
        , parameters: None
[2024-06-04T12:10:59.216+0000] {sql.py:466} INFO - Rows affected: 0
[2024-06-04T12:10:59.217+0000] {warnings.py:109} WARNING - /home/***/.local/lib/python3.8/site-packages/***/providers/common/sql/hooks/sql.py:407: AirflowProviderDeprecationWarning: Call to deprecated method _make_common_data_structure. (The `_make_serializable` method is deprecated and support will be removed in a future version of the common.sql provider. Please update the DbApiHook's provider to a version based on common.sql >= 1.9.1.)
  result = self._make_common_data_structure(handler(cur))

[2024-06-04T12:10:59.329+0000] {taskinstance.py:1149} INFO - Marking task as SUCCESS. dag_id=dag_runs, task_id=delete_data_from_table, execution_date=20240502T120000, start_date=20240604T121057, end_date=20240604T121059
[2024-06-04T12:10:59.615+0000] {local_task_job_runner.py:234} INFO - Task exited with return code 0
[2024-06-04T12:10:59.639+0000] {warnings.py:109} WARNING - /home/***/.local/lib/python3.8/site-packages/***/models/baseoperator.py:1201: AirflowProviderDeprecationWarning: Call to deprecated class PostgresOperator. (Please use `***.providers.common.sql.operators.sql.SQLExecuteQueryOperator`.Also, you can provide `hook_params={'schema': <database>}`.)
  result = cls.__new__(cls)

[2024-06-04T12:10:59.730+0000] {taskinstance.py:3312} INFO - 1 downstream tasks scheduled from follow-on schedule check
