[2024-06-04T08:16:30.624+0000] {taskinstance.py:1979} INFO - Dependencies all met for dep_context=non-requeueable deps ti=<TaskInstance: dag_runs.delete_data_from_table scheduled__2023-04-15T00:00:00+00:00 [queued]>
[2024-06-04T08:16:30.705+0000] {taskinstance.py:1979} INFO - Dependencies all met for dep_context=requeueable deps ti=<TaskInstance: dag_runs.delete_data_from_table scheduled__2023-04-15T00:00:00+00:00 [queued]>
[2024-06-04T08:16:30.706+0000] {taskinstance.py:2193} INFO - Starting attempt 1 of 3
[2024-06-04T08:16:30.731+0000] {taskinstance.py:2217} INFO - Executing <Task(PostgresOperator): delete_data_from_table> on 2023-04-15 00:00:00+00:00
[2024-06-04T08:16:30.812+0000] {standard_task_runner.py:60} INFO - Started process 755 to run task
[2024-06-04T08:16:30.825+0000] {standard_task_runner.py:87} INFO - Running: ['***', 'tasks', 'run', 'dag_runs', 'delete_data_from_table', 'scheduled__2023-04-15T00:00:00+00:00', '--job-id', '71', '--raw', '--subdir', 'DAGS_FOLDER/dag_runs.py', '--cfg-path', '/tmp/tmp7f4hkhga']
[2024-06-04T08:16:30.829+0000] {standard_task_runner.py:88} INFO - Job 71: Subtask delete_data_from_table
[2024-06-04T08:16:31.401+0000] {task_command.py:423} INFO - Running <TaskInstance: dag_runs.delete_data_from_table scheduled__2023-04-15T00:00:00+00:00 [running]> on host d20949f126de
[2024-06-04T08:16:32.206+0000] {taskinstance.py:2513} INFO - Exporting env vars: AIRFLOW_CTX_DAG_OWNER='bsp' AIRFLOW_CTX_DAG_ID='dag_runs' AIRFLOW_CTX_TASK_ID='delete_data_from_table' AIRFLOW_CTX_EXECUTION_DATE='2023-04-15T00:00:00+00:00' AIRFLOW_CTX_TRY_NUMBER='1' AIRFLOW_CTX_DAG_RUN_ID='scheduled__2023-04-15T00:00:00+00:00'
[2024-06-04T08:16:32.213+0000] {sql.py:276} INFO - Executing: 
            delete from dag_runs where dt = '2023-04-15' and dag_id = 'dag_runs';
        
[2024-06-04T08:16:32.416+0000] {base.py:83} INFO - Using connection ID 'postgres_localhost' for task execution.
[2024-06-04T08:16:32.532+0000] {base.py:83} INFO - Using connection ID 'postgres_localhost' for task execution.
[2024-06-04T08:16:32.615+0000] {sql.py:457} INFO - Running statement: 
            delete from dag_runs where dt = '2023-04-15' and dag_id = 'dag_runs';
        , parameters: None
[2024-06-04T08:16:32.622+0000] {sql.py:466} INFO - Rows affected: 0
[2024-06-04T08:16:32.623+0000] {warnings.py:109} WARNING - /home/***/.local/lib/python3.8/site-packages/***/providers/common/sql/hooks/sql.py:407: AirflowProviderDeprecationWarning: Call to deprecated method _make_common_data_structure. (The `_make_serializable` method is deprecated and support will be removed in a future version of the common.sql provider. Please update the DbApiHook's provider to a version based on common.sql >= 1.9.1.)
  result = self._make_common_data_structure(handler(cur))

[2024-06-04T08:16:32.709+0000] {taskinstance.py:1149} INFO - Marking task as SUCCESS. dag_id=dag_runs, task_id=delete_data_from_table, execution_date=20230415T000000, start_date=20240604T081630, end_date=20240604T081632
[2024-06-04T08:16:32.825+0000] {local_task_job_runner.py:234} INFO - Task exited with return code 0
[2024-06-04T08:16:33.013+0000] {warnings.py:109} WARNING - /home/***/.local/lib/python3.8/site-packages/***/models/baseoperator.py:1201: AirflowProviderDeprecationWarning: Call to deprecated class PostgresOperator. (Please use `***.providers.common.sql.operators.sql.SQLExecuteQueryOperator`.Also, you can provide `hook_params={'schema': <database>}`.)
  result = cls.__new__(cls)

[2024-06-04T08:16:33.103+0000] {taskinstance.py:3312} INFO - 1 downstream tasks scheduled from follow-on schedule check
