[2024-06-04T10:05:31.211+0000] {taskinstance.py:1979} INFO - Dependencies all met for dep_context=non-requeueable deps ti=<TaskInstance: dag_runs.delete_data_from_table scheduled__2024-05-11T12:00:00+00:00 [queued]>
[2024-06-04T10:05:31.294+0000] {taskinstance.py:1979} INFO - Dependencies all met for dep_context=requeueable deps ti=<TaskInstance: dag_runs.delete_data_from_table scheduled__2024-05-11T12:00:00+00:00 [queued]>
[2024-06-04T10:05:31.294+0000] {taskinstance.py:2193} INFO - Starting attempt 1 of 2
[2024-06-04T10:05:31.401+0000] {taskinstance.py:2217} INFO - Executing <Task(PostgresOperator): delete_data_from_table> on 2024-05-11 12:00:00+00:00
[2024-06-04T10:05:31.484+0000] {standard_task_runner.py:60} INFO - Started process 284 to run task
[2024-06-04T10:05:31.494+0000] {standard_task_runner.py:87} INFO - Running: ['***', 'tasks', 'run', 'dag_runs', 'delete_data_from_table', 'scheduled__2024-05-11T12:00:00+00:00', '--job-id', '293', '--raw', '--subdir', 'DAGS_FOLDER/dag_runs.py', '--cfg-path', '/tmp/tmpupoedgyf']
[2024-06-04T10:05:31.496+0000] {standard_task_runner.py:88} INFO - Job 293: Subtask delete_data_from_table
[2024-06-04T10:05:32.093+0000] {task_command.py:423} INFO - Running <TaskInstance: dag_runs.delete_data_from_table scheduled__2024-05-11T12:00:00+00:00 [running]> on host d20949f126de
[2024-06-04T10:05:32.703+0000] {taskinstance.py:2513} INFO - Exporting env vars: AIRFLOW_CTX_DAG_OWNER='***' AIRFLOW_CTX_DAG_ID='dag_runs' AIRFLOW_CTX_TASK_ID='delete_data_from_table' AIRFLOW_CTX_EXECUTION_DATE='2024-05-11T12:00:00+00:00' AIRFLOW_CTX_TRY_NUMBER='1' AIRFLOW_CTX_DAG_RUN_ID='scheduled__2024-05-11T12:00:00+00:00'
[2024-06-04T10:05:32.704+0000] {sql.py:276} INFO - Executing: 
            delete from dag_runs where dt = '2024-05-11' and dag_id = 'dag_runs';
        
[2024-06-04T10:05:32.798+0000] {base.py:83} INFO - Using connection ID 'postgres_localhost' for task execution.
[2024-06-04T10:05:32.899+0000] {base.py:83} INFO - Using connection ID 'postgres_localhost' for task execution.
[2024-06-04T10:05:32.985+0000] {sql.py:457} INFO - Running statement: 
            delete from dag_runs where dt = '2024-05-11' and dag_id = 'dag_runs';
        , parameters: None
[2024-06-04T10:05:32.988+0000] {sql.py:466} INFO - Rows affected: 0
[2024-06-04T10:05:32.990+0000] {warnings.py:109} WARNING - /home/***/.local/lib/python3.8/site-packages/***/providers/common/sql/hooks/sql.py:407: AirflowProviderDeprecationWarning: Call to deprecated method _make_common_data_structure. (The `_make_serializable` method is deprecated and support will be removed in a future version of the common.sql provider. Please update the DbApiHook's provider to a version based on common.sql >= 1.9.1.)
  result = self._make_common_data_structure(handler(cur))

[2024-06-04T10:05:33.097+0000] {taskinstance.py:1149} INFO - Marking task as SUCCESS. dag_id=dag_runs, task_id=delete_data_from_table, execution_date=20240511T120000, start_date=20240604T100531, end_date=20240604T100533
[2024-06-04T10:05:33.382+0000] {local_task_job_runner.py:234} INFO - Task exited with return code 0
[2024-06-04T10:05:33.499+0000] {warnings.py:109} WARNING - /home/***/.local/lib/python3.8/site-packages/***/models/baseoperator.py:1201: AirflowProviderDeprecationWarning: Call to deprecated class PostgresOperator. (Please use `***.providers.common.sql.operators.sql.SQLExecuteQueryOperator`.Also, you can provide `hook_params={'schema': <database>}`.)
  result = cls.__new__(cls)

[2024-06-04T10:05:33.709+0000] {taskinstance.py:3312} INFO - 1 downstream tasks scheduled from follow-on schedule check
[2024-06-04T12:02:08.918+0000] {taskinstance.py:1979} INFO - Dependencies all met for dep_context=non-requeueable deps ti=<TaskInstance: dag_runs.delete_data_from_table scheduled__2024-05-11T12:00:00+00:00 [queued]>
[2024-06-04T12:02:08.931+0000] {taskinstance.py:1979} INFO - Dependencies all met for dep_context=requeueable deps ti=<TaskInstance: dag_runs.delete_data_from_table scheduled__2024-05-11T12:00:00+00:00 [queued]>
[2024-06-04T12:02:08.932+0000] {taskinstance.py:2193} INFO - Starting attempt 1 of 4
[2024-06-04T12:02:09.024+0000] {taskinstance.py:2217} INFO - Executing <Task(PostgresOperator): delete_data_from_table> on 2024-05-11 12:00:00+00:00
[2024-06-04T12:02:09.038+0000] {standard_task_runner.py:60} INFO - Started process 296 to run task
[2024-06-04T12:02:09.120+0000] {standard_task_runner.py:87} INFO - Running: ['***', 'tasks', 'run', 'dag_runs', 'delete_data_from_table', 'scheduled__2024-05-11T12:00:00+00:00', '--job-id', '435', '--raw', '--subdir', 'DAGS_FOLDER/dag_runs.py', '--cfg-path', '/tmp/tmphp79jpoj']
[2024-06-04T12:02:09.123+0000] {standard_task_runner.py:88} INFO - Job 435: Subtask delete_data_from_table
[2024-06-04T12:02:09.520+0000] {task_command.py:423} INFO - Running <TaskInstance: dag_runs.delete_data_from_table scheduled__2024-05-11T12:00:00+00:00 [running]> on host d20949f126de
[2024-06-04T12:02:10.126+0000] {taskinstance.py:2513} INFO - Exporting env vars: AIRFLOW_CTX_DAG_OWNER='***' AIRFLOW_CTX_DAG_ID='dag_runs' AIRFLOW_CTX_TASK_ID='delete_data_from_table' AIRFLOW_CTX_EXECUTION_DATE='2024-05-11T12:00:00+00:00' AIRFLOW_CTX_TRY_NUMBER='1' AIRFLOW_CTX_DAG_RUN_ID='scheduled__2024-05-11T12:00:00+00:00'
[2024-06-04T12:02:10.128+0000] {sql.py:276} INFO - Executing: 
            delete from dag_runs
        
[2024-06-04T12:02:10.227+0000] {base.py:83} INFO - Using connection ID 'postgres_localhost' for task execution.
[2024-06-04T12:02:10.421+0000] {base.py:83} INFO - Using connection ID 'postgres_localhost' for task execution.
[2024-06-04T12:02:10.524+0000] {sql.py:457} INFO - Running statement: 
            delete from dag_runs
        , parameters: None
[2024-06-04T12:02:10.531+0000] {sql.py:466} INFO - Rows affected: 1
[2024-06-04T12:02:10.533+0000] {warnings.py:109} WARNING - /home/***/.local/lib/python3.8/site-packages/***/providers/common/sql/hooks/sql.py:407: AirflowProviderDeprecationWarning: Call to deprecated method _make_common_data_structure. (The `_make_serializable` method is deprecated and support will be removed in a future version of the common.sql provider. Please update the DbApiHook's provider to a version based on common.sql >= 1.9.1.)
  result = self._make_common_data_structure(handler(cur))

[2024-06-04T12:02:10.722+0000] {taskinstance.py:1149} INFO - Marking task as SUCCESS. dag_id=dag_runs, task_id=delete_data_from_table, execution_date=20240511T120000, start_date=20240604T120208, end_date=20240604T120210
[2024-06-04T12:02:10.955+0000] {local_task_job_runner.py:234} INFO - Task exited with return code 0
[2024-06-04T12:02:12.321+0000] {warnings.py:109} WARNING - /home/***/.local/lib/python3.8/site-packages/***/models/baseoperator.py:1201: AirflowProviderDeprecationWarning: Call to deprecated class PostgresOperator. (Please use `***.providers.common.sql.operators.sql.SQLExecuteQueryOperator`.Also, you can provide `hook_params={'schema': <database>}`.)
  result = cls.__new__(cls)

[2024-06-04T12:02:12.422+0000] {taskinstance.py:3312} INFO - 0 downstream tasks scheduled from follow-on schedule check
[2024-06-04T12:11:11.018+0000] {taskinstance.py:1979} INFO - Dependencies all met for dep_context=non-requeueable deps ti=<TaskInstance: dag_runs.delete_data_from_table scheduled__2024-05-11T12:00:00+00:00 [queued]>
[2024-06-04T12:11:11.121+0000] {taskinstance.py:1979} INFO - Dependencies all met for dep_context=requeueable deps ti=<TaskInstance: dag_runs.delete_data_from_table scheduled__2024-05-11T12:00:00+00:00 [queued]>
[2024-06-04T12:11:11.122+0000] {taskinstance.py:2193} INFO - Starting attempt 1 of 4
[2024-06-04T12:11:11.321+0000] {taskinstance.py:2217} INFO - Executing <Task(PostgresOperator): delete_data_from_table> on 2024-05-11 12:00:00+00:00
[2024-06-04T12:11:11.333+0000] {standard_task_runner.py:60} INFO - Started process 292 to run task
[2024-06-04T12:11:11.417+0000] {standard_task_runner.py:87} INFO - Running: ['***', 'tasks', 'run', 'dag_runs', 'delete_data_from_table', 'scheduled__2024-05-11T12:00:00+00:00', '--job-id', '579', '--raw', '--subdir', 'DAGS_FOLDER/dag_runs.py', '--cfg-path', '/tmp/tmpg3g21173']
[2024-06-04T12:11:11.419+0000] {standard_task_runner.py:88} INFO - Job 579: Subtask delete_data_from_table
[2024-06-04T12:11:11.918+0000] {task_command.py:423} INFO - Running <TaskInstance: dag_runs.delete_data_from_table scheduled__2024-05-11T12:00:00+00:00 [running]> on host d20949f126de
[2024-06-04T12:11:12.828+0000] {taskinstance.py:2513} INFO - Exporting env vars: AIRFLOW_CTX_DAG_OWNER='***' AIRFLOW_CTX_DAG_ID='dag_runs' AIRFLOW_CTX_TASK_ID='delete_data_from_table' AIRFLOW_CTX_EXECUTION_DATE='2024-05-11T12:00:00+00:00' AIRFLOW_CTX_TRY_NUMBER='1' AIRFLOW_CTX_DAG_RUN_ID='scheduled__2024-05-11T12:00:00+00:00'
[2024-06-04T12:11:12.829+0000] {sql.py:276} INFO - Executing: 
            delete from dag_runs where dt = '2024-05-11' and dag_id = 'dag_runs';
        
[2024-06-04T12:11:12.929+0000] {base.py:83} INFO - Using connection ID 'postgres_localhost' for task execution.
[2024-06-04T12:11:13.025+0000] {base.py:83} INFO - Using connection ID 'postgres_localhost' for task execution.
[2024-06-04T12:11:13.123+0000] {sql.py:457} INFO - Running statement: 
            delete from dag_runs where dt = '2024-05-11' and dag_id = 'dag_runs';
        , parameters: None
[2024-06-04T12:11:13.127+0000] {sql.py:466} INFO - Rows affected: 0
[2024-06-04T12:11:13.128+0000] {warnings.py:109} WARNING - /home/***/.local/lib/python3.8/site-packages/***/providers/common/sql/hooks/sql.py:407: AirflowProviderDeprecationWarning: Call to deprecated method _make_common_data_structure. (The `_make_serializable` method is deprecated and support will be removed in a future version of the common.sql provider. Please update the DbApiHook's provider to a version based on common.sql >= 1.9.1.)
  result = self._make_common_data_structure(handler(cur))

[2024-06-04T12:11:13.229+0000] {taskinstance.py:1149} INFO - Marking task as SUCCESS. dag_id=dag_runs, task_id=delete_data_from_table, execution_date=20240511T120000, start_date=20240604T121111, end_date=20240604T121113
[2024-06-04T12:11:13.715+0000] {local_task_job_runner.py:234} INFO - Task exited with return code 0
[2024-06-04T12:11:13.822+0000] {warnings.py:109} WARNING - /home/***/.local/lib/python3.8/site-packages/***/models/baseoperator.py:1201: AirflowProviderDeprecationWarning: Call to deprecated class PostgresOperator. (Please use `***.providers.common.sql.operators.sql.SQLExecuteQueryOperator`.Also, you can provide `hook_params={'schema': <database>}`.)
  result = cls.__new__(cls)

[2024-06-04T12:11:14.015+0000] {taskinstance.py:3312} INFO - 1 downstream tasks scheduled from follow-on schedule check
