[2024-06-04T08:22:48.201+0000] {taskinstance.py:1979} INFO - Dependencies all met for dep_context=non-requeueable deps ti=<TaskInstance: dag_runs.create_postgres_table scheduled__2023-05-26T00:00:00+00:00 [queued]>
[2024-06-04T08:22:48.210+0000] {taskinstance.py:1979} INFO - Dependencies all met for dep_context=requeueable deps ti=<TaskInstance: dag_runs.create_postgres_table scheduled__2023-05-26T00:00:00+00:00 [queued]>
[2024-06-04T08:22:48.211+0000] {taskinstance.py:2193} INFO - Starting attempt 1 of 3
[2024-06-04T08:22:48.222+0000] {taskinstance.py:2217} INFO - Executing <Task(PostgresOperator): create_postgres_table> on 2023-05-26 00:00:00+00:00
[2024-06-04T08:22:48.231+0000] {standard_task_runner.py:60} INFO - Started process 334 to run task
[2024-06-04T08:22:48.235+0000] {standard_task_runner.py:87} INFO - Running: ['***', 'tasks', 'run', 'dag_runs', 'create_postgres_table', 'scheduled__2023-05-26T00:00:00+00:00', '--job-id', '176', '--raw', '--subdir', 'DAGS_FOLDER/dag_runs.py', '--cfg-path', '/tmp/tmpy6mn67e3']
[2024-06-04T08:22:48.243+0000] {standard_task_runner.py:88} INFO - Job 176: Subtask create_postgres_table
[2024-06-04T08:22:48.309+0000] {task_command.py:423} INFO - Running <TaskInstance: dag_runs.create_postgres_table scheduled__2023-05-26T00:00:00+00:00 [running]> on host d20949f126de
[2024-06-04T08:22:48.422+0000] {taskinstance.py:2513} INFO - Exporting env vars: AIRFLOW_CTX_DAG_OWNER='bsp' AIRFLOW_CTX_DAG_ID='dag_runs' AIRFLOW_CTX_TASK_ID='create_postgres_table' AIRFLOW_CTX_EXECUTION_DATE='2023-05-26T00:00:00+00:00' AIRFLOW_CTX_TRY_NUMBER='1' AIRFLOW_CTX_DAG_RUN_ID='scheduled__2023-05-26T00:00:00+00:00'
[2024-06-04T08:22:48.424+0000] {sql.py:276} INFO - Executing: 
            create table if not exists dag_runs (
                dt date,
                dag_id character varying,
                primary key (dt, dag_id)
            )
        
[2024-06-04T08:22:48.434+0000] {base.py:83} INFO - Using connection ID 'postgres_localhost' for task execution.
[2024-06-04T08:22:48.446+0000] {base.py:83} INFO - Using connection ID 'postgres_localhost' for task execution.
[2024-06-04T08:22:48.450+0000] {sql.py:457} INFO - Running statement: 
            create table if not exists dag_runs (
                dt date,
                dag_id character varying,
                primary key (dt, dag_id)
            )
        , parameters: None
[2024-06-04T08:22:48.451+0000] {warnings.py:109} WARNING - /home/***/.local/lib/python3.8/site-packages/***/providers/common/sql/hooks/sql.py:407: AirflowProviderDeprecationWarning: Call to deprecated method _make_common_data_structure. (The `_make_serializable` method is deprecated and support will be removed in a future version of the common.sql provider. Please update the DbApiHook's provider to a version based on common.sql >= 1.9.1.)
  result = self._make_common_data_structure(handler(cur))

[2024-06-04T08:22:48.492+0000] {taskinstance.py:1149} INFO - Marking task as SUCCESS. dag_id=dag_runs, task_id=create_postgres_table, execution_date=20230526T000000, start_date=20240604T082248, end_date=20240604T082248
[2024-06-04T08:22:48.528+0000] {local_task_job_runner.py:234} INFO - Task exited with return code 0
[2024-06-04T08:22:48.542+0000] {warnings.py:109} WARNING - /home/***/.local/lib/python3.8/site-packages/***/models/baseoperator.py:1201: AirflowProviderDeprecationWarning: Call to deprecated class PostgresOperator. (Please use `***.providers.common.sql.operators.sql.SQLExecuteQueryOperator`.Also, you can provide `hook_params={'schema': <database>}`.)
  result = cls.__new__(cls)

[2024-06-04T08:22:48.591+0000] {taskinstance.py:3312} INFO - 1 downstream tasks scheduled from follow-on schedule check
