[2024-06-04T10:06:19.186+0000] {taskinstance.py:1979} INFO - Dependencies all met for dep_context=non-requeueable deps ti=<TaskInstance: dag_runs.insert_into_table scheduled__2024-05-22T12:00:00+00:00 [queued]>
[2024-06-04T10:06:19.198+0000] {taskinstance.py:1979} INFO - Dependencies all met for dep_context=requeueable deps ti=<TaskInstance: dag_runs.insert_into_table scheduled__2024-05-22T12:00:00+00:00 [queued]>
[2024-06-04T10:06:19.198+0000] {taskinstance.py:2193} INFO - Starting attempt 1 of 2
[2024-06-04T10:06:19.294+0000] {taskinstance.py:2217} INFO - Executing <Task(PostgresOperator): insert_into_table> on 2024-05-22 12:00:00+00:00
[2024-06-04T10:06:19.384+0000] {standard_task_runner.py:60} INFO - Started process 511 to run task
[2024-06-04T10:06:19.392+0000] {standard_task_runner.py:87} INFO - Running: ['***', 'tasks', 'run', 'dag_runs', 'insert_into_table', 'scheduled__2024-05-22T12:00:00+00:00', '--job-id', '367', '--raw', '--subdir', 'DAGS_FOLDER/dag_runs.py', '--cfg-path', '/tmp/tmpr75m4qyn']
[2024-06-04T10:06:19.394+0000] {standard_task_runner.py:88} INFO - Job 367: Subtask insert_into_table
[2024-06-04T10:06:19.696+0000] {task_command.py:423} INFO - Running <TaskInstance: dag_runs.insert_into_table scheduled__2024-05-22T12:00:00+00:00 [running]> on host d20949f126de
[2024-06-04T10:06:20.295+0000] {taskinstance.py:2513} INFO - Exporting env vars: AIRFLOW_CTX_DAG_OWNER='***' AIRFLOW_CTX_DAG_ID='dag_runs' AIRFLOW_CTX_TASK_ID='insert_into_table' AIRFLOW_CTX_EXECUTION_DATE='2024-05-22T12:00:00+00:00' AIRFLOW_CTX_TRY_NUMBER='1' AIRFLOW_CTX_DAG_RUN_ID='scheduled__2024-05-22T12:00:00+00:00'
[2024-06-04T10:06:20.302+0000] {sql.py:276} INFO - Executing: 
            insert into dag_runs (dt, dag_id) values ('2024-05-22', 'dag_runs')
        
[2024-06-04T10:06:20.402+0000] {base.py:83} INFO - Using connection ID 'postgres_localhost' for task execution.
[2024-06-04T10:06:20.500+0000] {base.py:83} INFO - Using connection ID 'postgres_localhost' for task execution.
[2024-06-04T10:06:20.588+0000] {sql.py:457} INFO - Running statement: 
            insert into dag_runs (dt, dag_id) values ('2024-05-22', 'dag_runs')
        , parameters: None
[2024-06-04T10:06:20.590+0000] {sql.py:466} INFO - Rows affected: 1
[2024-06-04T10:06:20.593+0000] {warnings.py:109} WARNING - /home/***/.local/lib/python3.8/site-packages/***/providers/common/sql/hooks/sql.py:407: AirflowProviderDeprecationWarning: Call to deprecated method _make_common_data_structure. (The `_make_serializable` method is deprecated and support will be removed in a future version of the common.sql provider. Please update the DbApiHook's provider to a version based on common.sql >= 1.9.1.)
  result = self._make_common_data_structure(handler(cur))

[2024-06-04T10:06:20.786+0000] {taskinstance.py:1149} INFO - Marking task as SUCCESS. dag_id=dag_runs, task_id=insert_into_table, execution_date=20240522T120000, start_date=20240604T100619, end_date=20240604T100620
[2024-06-04T10:06:20.981+0000] {local_task_job_runner.py:234} INFO - Task exited with return code 0
[2024-06-04T10:06:21.090+0000] {warnings.py:109} WARNING - /home/***/.local/lib/python3.8/site-packages/***/models/baseoperator.py:1201: AirflowProviderDeprecationWarning: Call to deprecated class PostgresOperator. (Please use `***.providers.common.sql.operators.sql.SQLExecuteQueryOperator`.Also, you can provide `hook_params={'schema': <database>}`.)
  result = cls.__new__(cls)

[2024-06-04T10:06:21.187+0000] {taskinstance.py:3312} INFO - 1 downstream tasks scheduled from follow-on schedule check
[2024-06-04T12:02:55.337+0000] {taskinstance.py:1979} INFO - Dependencies all met for dep_context=non-requeueable deps ti=<TaskInstance: dag_runs.insert_into_table scheduled__2024-05-22T12:00:00+00:00 [queued]>
[2024-06-04T12:02:55.426+0000] {taskinstance.py:1979} INFO - Dependencies all met for dep_context=requeueable deps ti=<TaskInstance: dag_runs.insert_into_table scheduled__2024-05-22T12:00:00+00:00 [queued]>
[2024-06-04T12:02:55.427+0000] {taskinstance.py:2193} INFO - Starting attempt 1 of 4
[2024-06-04T12:02:55.444+0000] {taskinstance.py:2217} INFO - Executing <Task(PostgresOperator): insert_into_table> on 2024-05-22 12:00:00+00:00
[2024-06-04T12:02:55.525+0000] {standard_task_runner.py:60} INFO - Started process 518 to run task
[2024-06-04T12:02:55.534+0000] {standard_task_runner.py:87} INFO - Running: ['***', 'tasks', 'run', 'dag_runs', 'insert_into_table', 'scheduled__2024-05-22T12:00:00+00:00', '--job-id', '507', '--raw', '--subdir', 'DAGS_FOLDER/dag_runs.py', '--cfg-path', '/tmp/tmpzmgav_xk']
[2024-06-04T12:02:55.535+0000] {standard_task_runner.py:88} INFO - Job 507: Subtask insert_into_table
[2024-06-04T12:02:55.819+0000] {task_command.py:423} INFO - Running <TaskInstance: dag_runs.insert_into_table scheduled__2024-05-22T12:00:00+00:00 [running]> on host d20949f126de
[2024-06-04T12:02:56.140+0000] {taskinstance.py:2513} INFO - Exporting env vars: AIRFLOW_CTX_DAG_OWNER='***' AIRFLOW_CTX_DAG_ID='dag_runs' AIRFLOW_CTX_TASK_ID='insert_into_table' AIRFLOW_CTX_EXECUTION_DATE='2024-05-22T12:00:00+00:00' AIRFLOW_CTX_TRY_NUMBER='1' AIRFLOW_CTX_DAG_RUN_ID='scheduled__2024-05-22T12:00:00+00:00'
[2024-06-04T12:02:56.142+0000] {sql.py:276} INFO - Executing: 
            insert into dag_runs (dt, dag_id) values ('2024-05-22', 'dag_runs')
        
[2024-06-04T12:02:56.224+0000] {base.py:83} INFO - Using connection ID 'postgres_localhost' for task execution.
[2024-06-04T12:02:56.235+0000] {base.py:83} INFO - Using connection ID 'postgres_localhost' for task execution.
[2024-06-04T12:02:56.318+0000] {sql.py:457} INFO - Running statement: 
            insert into dag_runs (dt, dag_id) values ('2024-05-22', 'dag_runs')
        , parameters: None
[2024-06-04T12:02:56.320+0000] {sql.py:466} INFO - Rows affected: 1
[2024-06-04T12:02:56.320+0000] {warnings.py:109} WARNING - /home/***/.local/lib/python3.8/site-packages/***/providers/common/sql/hooks/sql.py:407: AirflowProviderDeprecationWarning: Call to deprecated method _make_common_data_structure. (The `_make_serializable` method is deprecated and support will be removed in a future version of the common.sql provider. Please update the DbApiHook's provider to a version based on common.sql >= 1.9.1.)
  result = self._make_common_data_structure(handler(cur))

[2024-06-04T12:02:56.338+0000] {taskinstance.py:1149} INFO - Marking task as SUCCESS. dag_id=dag_runs, task_id=insert_into_table, execution_date=20240522T120000, start_date=20240604T120255, end_date=20240604T120256
[2024-06-04T12:02:56.515+0000] {local_task_job_runner.py:234} INFO - Task exited with return code 0
[2024-06-04T12:02:56.536+0000] {warnings.py:109} WARNING - /home/***/.local/lib/python3.8/site-packages/***/models/baseoperator.py:1201: AirflowProviderDeprecationWarning: Call to deprecated class PostgresOperator. (Please use `***.providers.common.sql.operators.sql.SQLExecuteQueryOperator`.Also, you can provide `hook_params={'schema': <database>}`.)
  result = cls.__new__(cls)

[2024-06-04T12:02:56.733+0000] {taskinstance.py:3312} INFO - 1 downstream tasks scheduled from follow-on schedule check
[2024-06-04T12:12:02.918+0000] {taskinstance.py:1979} INFO - Dependencies all met for dep_context=non-requeueable deps ti=<TaskInstance: dag_runs.insert_into_table scheduled__2024-05-22T12:00:00+00:00 [queued]>
[2024-06-04T12:12:02.930+0000] {taskinstance.py:1979} INFO - Dependencies all met for dep_context=requeueable deps ti=<TaskInstance: dag_runs.insert_into_table scheduled__2024-05-22T12:00:00+00:00 [queued]>
[2024-06-04T12:12:02.930+0000] {taskinstance.py:2193} INFO - Starting attempt 1 of 4
[2024-06-04T12:12:03.016+0000] {taskinstance.py:2217} INFO - Executing <Task(PostgresOperator): insert_into_table> on 2024-05-22 12:00:00+00:00
[2024-06-04T12:12:03.031+0000] {standard_task_runner.py:60} INFO - Started process 487 to run task
[2024-06-04T12:12:03.036+0000] {standard_task_runner.py:87} INFO - Running: ['***', 'tasks', 'run', 'dag_runs', 'insert_into_table', 'scheduled__2024-05-22T12:00:00+00:00', '--job-id', '641', '--raw', '--subdir', 'DAGS_FOLDER/dag_runs.py', '--cfg-path', '/tmp/tmpg15csuph']
[2024-06-04T12:12:03.038+0000] {standard_task_runner.py:88} INFO - Job 641: Subtask insert_into_table
[2024-06-04T12:12:03.330+0000] {task_command.py:423} INFO - Running <TaskInstance: dag_runs.insert_into_table scheduled__2024-05-22T12:00:00+00:00 [running]> on host d20949f126de
[2024-06-04T12:12:03.938+0000] {taskinstance.py:2513} INFO - Exporting env vars: AIRFLOW_CTX_DAG_OWNER='***' AIRFLOW_CTX_DAG_ID='dag_runs' AIRFLOW_CTX_TASK_ID='insert_into_table' AIRFLOW_CTX_EXECUTION_DATE='2024-05-22T12:00:00+00:00' AIRFLOW_CTX_TRY_NUMBER='1' AIRFLOW_CTX_DAG_RUN_ID='scheduled__2024-05-22T12:00:00+00:00'
[2024-06-04T12:12:03.940+0000] {sql.py:276} INFO - Executing: 
            insert into dag_runs (dt, dag_id) values ('2024-05-22', 'dag_runs')
        
[2024-06-04T12:12:04.033+0000] {base.py:83} INFO - Using connection ID 'postgres_localhost' for task execution.
[2024-06-04T12:12:04.129+0000] {base.py:83} INFO - Using connection ID 'postgres_localhost' for task execution.
[2024-06-04T12:12:04.145+0000] {sql.py:457} INFO - Running statement: 
            insert into dag_runs (dt, dag_id) values ('2024-05-22', 'dag_runs')
        , parameters: None
[2024-06-04T12:12:04.215+0000] {sql.py:466} INFO - Rows affected: 1
[2024-06-04T12:12:04.216+0000] {warnings.py:109} WARNING - /home/***/.local/lib/python3.8/site-packages/***/providers/common/sql/hooks/sql.py:407: AirflowProviderDeprecationWarning: Call to deprecated method _make_common_data_structure. (The `_make_serializable` method is deprecated and support will be removed in a future version of the common.sql provider. Please update the DbApiHook's provider to a version based on common.sql >= 1.9.1.)
  result = self._make_common_data_structure(handler(cur))

[2024-06-04T12:12:04.243+0000] {taskinstance.py:1149} INFO - Marking task as SUCCESS. dag_id=dag_runs, task_id=insert_into_table, execution_date=20240522T120000, start_date=20240604T121202, end_date=20240604T121204
[2024-06-04T12:12:04.515+0000] {local_task_job_runner.py:234} INFO - Task exited with return code 0
[2024-06-04T12:12:04.615+0000] {warnings.py:109} WARNING - /home/***/.local/lib/python3.8/site-packages/***/models/baseoperator.py:1201: AirflowProviderDeprecationWarning: Call to deprecated class PostgresOperator. (Please use `***.providers.common.sql.operators.sql.SQLExecuteQueryOperator`.Also, you can provide `hook_params={'schema': <database>}`.)
  result = cls.__new__(cls)

[2024-06-04T12:12:04.729+0000] {taskinstance.py:3312} INFO - 1 downstream tasks scheduled from follow-on schedule check
