[2024-06-04T10:06:08.106+0000] {taskinstance.py:1979} INFO - Dependencies all met for dep_context=non-requeueable deps ti=<TaskInstance: dag_runs.delete_data_from_table scheduled__2024-05-20T12:00:00+00:00 [queued]>
[2024-06-04T10:06:08.188+0000] {taskinstance.py:1979} INFO - Dependencies all met for dep_context=requeueable deps ti=<TaskInstance: dag_runs.delete_data_from_table scheduled__2024-05-20T12:00:00+00:00 [queued]>
[2024-06-04T10:06:08.189+0000] {taskinstance.py:2193} INFO - Starting attempt 1 of 2
[2024-06-04T10:06:08.208+0000] {taskinstance.py:2217} INFO - Executing <Task(PostgresOperator): delete_data_from_table> on 2024-05-20 12:00:00+00:00
[2024-06-04T10:06:08.294+0000] {standard_task_runner.py:60} INFO - Started process 448 to run task
[2024-06-04T10:06:08.301+0000] {standard_task_runner.py:87} INFO - Running: ['***', 'tasks', 'run', 'dag_runs', 'delete_data_from_table', 'scheduled__2024-05-20T12:00:00+00:00', '--job-id', '349', '--raw', '--subdir', 'DAGS_FOLDER/dag_runs.py', '--cfg-path', '/tmp/tmp7fgess11']
[2024-06-04T10:06:08.302+0000] {standard_task_runner.py:88} INFO - Job 349: Subtask delete_data_from_table
[2024-06-04T10:06:08.687+0000] {task_command.py:423} INFO - Running <TaskInstance: dag_runs.delete_data_from_table scheduled__2024-05-20T12:00:00+00:00 [running]> on host d20949f126de
[2024-06-04T10:06:09.291+0000] {taskinstance.py:2513} INFO - Exporting env vars: AIRFLOW_CTX_DAG_OWNER='***' AIRFLOW_CTX_DAG_ID='dag_runs' AIRFLOW_CTX_TASK_ID='delete_data_from_table' AIRFLOW_CTX_EXECUTION_DATE='2024-05-20T12:00:00+00:00' AIRFLOW_CTX_TRY_NUMBER='1' AIRFLOW_CTX_DAG_RUN_ID='scheduled__2024-05-20T12:00:00+00:00'
[2024-06-04T10:06:09.293+0000] {sql.py:276} INFO - Executing: 
            delete from dag_runs where dt = '2024-05-20' and dag_id = 'dag_runs';
        
[2024-06-04T10:06:09.388+0000] {base.py:83} INFO - Using connection ID 'postgres_localhost' for task execution.
[2024-06-04T10:06:09.407+0000] {base.py:83} INFO - Using connection ID 'postgres_localhost' for task execution.
[2024-06-04T10:06:09.490+0000] {sql.py:457} INFO - Running statement: 
            delete from dag_runs where dt = '2024-05-20' and dag_id = 'dag_runs';
        , parameters: None
[2024-06-04T10:06:09.492+0000] {sql.py:466} INFO - Rows affected: 0
[2024-06-04T10:06:09.493+0000] {warnings.py:109} WARNING - /home/***/.local/lib/python3.8/site-packages/***/providers/common/sql/hooks/sql.py:407: AirflowProviderDeprecationWarning: Call to deprecated method _make_common_data_structure. (The `_make_serializable` method is deprecated and support will be removed in a future version of the common.sql provider. Please update the DbApiHook's provider to a version based on common.sql >= 1.9.1.)
  result = self._make_common_data_structure(handler(cur))

[2024-06-04T10:06:09.585+0000] {taskinstance.py:1149} INFO - Marking task as SUCCESS. dag_id=dag_runs, task_id=delete_data_from_table, execution_date=20240520T120000, start_date=20240604T100608, end_date=20240604T100609
[2024-06-04T10:06:09.782+0000] {local_task_job_runner.py:234} INFO - Task exited with return code 0
[2024-06-04T10:06:10.196+0000] {warnings.py:109} WARNING - /home/***/.local/lib/python3.8/site-packages/***/models/baseoperator.py:1201: AirflowProviderDeprecationWarning: Call to deprecated class PostgresOperator. (Please use `***.providers.common.sql.operators.sql.SQLExecuteQueryOperator`.Also, you can provide `hook_params={'schema': <database>}`.)
  result = cls.__new__(cls)

[2024-06-04T10:06:10.385+0000] {taskinstance.py:3312} INFO - 1 downstream tasks scheduled from follow-on schedule check
[2024-06-04T12:02:42.119+0000] {taskinstance.py:1979} INFO - Dependencies all met for dep_context=non-requeueable deps ti=<TaskInstance: dag_runs.delete_data_from_table scheduled__2024-05-20T12:00:00+00:00 [queued]>
[2024-06-04T12:02:42.227+0000] {taskinstance.py:1979} INFO - Dependencies all met for dep_context=requeueable deps ti=<TaskInstance: dag_runs.delete_data_from_table scheduled__2024-05-20T12:00:00+00:00 [queued]>
[2024-06-04T12:02:42.228+0000] {taskinstance.py:2193} INFO - Starting attempt 1 of 4
[2024-06-04T12:02:42.327+0000] {taskinstance.py:2217} INFO - Executing <Task(PostgresOperator): delete_data_from_table> on 2024-05-20 12:00:00+00:00
[2024-06-04T12:02:42.418+0000] {standard_task_runner.py:60} INFO - Started process 464 to run task
[2024-06-04T12:02:42.515+0000] {standard_task_runner.py:87} INFO - Running: ['***', 'tasks', 'run', 'dag_runs', 'delete_data_from_table', 'scheduled__2024-05-20T12:00:00+00:00', '--job-id', '489', '--raw', '--subdir', 'DAGS_FOLDER/dag_runs.py', '--cfg-path', '/tmp/tmpyfsfk7cm']
[2024-06-04T12:02:42.516+0000] {standard_task_runner.py:88} INFO - Job 489: Subtask delete_data_from_table
[2024-06-04T12:02:43.027+0000] {task_command.py:423} INFO - Running <TaskInstance: dag_runs.delete_data_from_table scheduled__2024-05-20T12:00:00+00:00 [running]> on host d20949f126de
[2024-06-04T12:02:43.629+0000] {taskinstance.py:2513} INFO - Exporting env vars: AIRFLOW_CTX_DAG_OWNER='***' AIRFLOW_CTX_DAG_ID='dag_runs' AIRFLOW_CTX_TASK_ID='delete_data_from_table' AIRFLOW_CTX_EXECUTION_DATE='2024-05-20T12:00:00+00:00' AIRFLOW_CTX_TRY_NUMBER='1' AIRFLOW_CTX_DAG_RUN_ID='scheduled__2024-05-20T12:00:00+00:00'
[2024-06-04T12:02:43.631+0000] {sql.py:276} INFO - Executing: 
            delete from dag_runs
        
[2024-06-04T12:02:43.820+0000] {base.py:83} INFO - Using connection ID 'postgres_localhost' for task execution.
[2024-06-04T12:02:43.923+0000] {base.py:83} INFO - Using connection ID 'postgres_localhost' for task execution.
[2024-06-04T12:02:44.020+0000] {sql.py:457} INFO - Running statement: 
            delete from dag_runs
        , parameters: None
[2024-06-04T12:02:44.029+0000] {sql.py:466} INFO - Rows affected: 0
[2024-06-04T12:02:44.030+0000] {warnings.py:109} WARNING - /home/***/.local/lib/python3.8/site-packages/***/providers/common/sql/hooks/sql.py:407: AirflowProviderDeprecationWarning: Call to deprecated method _make_common_data_structure. (The `_make_serializable` method is deprecated and support will be removed in a future version of the common.sql provider. Please update the DbApiHook's provider to a version based on common.sql >= 1.9.1.)
  result = self._make_common_data_structure(handler(cur))

[2024-06-04T12:02:44.127+0000] {taskinstance.py:1149} INFO - Marking task as SUCCESS. dag_id=dag_runs, task_id=delete_data_from_table, execution_date=20240520T120000, start_date=20240604T120242, end_date=20240604T120244
[2024-06-04T12:02:44.315+0000] {local_task_job_runner.py:234} INFO - Task exited with return code 0
[2024-06-04T12:02:44.627+0000] {warnings.py:109} WARNING - /home/***/.local/lib/python3.8/site-packages/***/models/baseoperator.py:1201: AirflowProviderDeprecationWarning: Call to deprecated class PostgresOperator. (Please use `***.providers.common.sql.operators.sql.SQLExecuteQueryOperator`.Also, you can provide `hook_params={'schema': <database>}`.)
  result = cls.__new__(cls)

[2024-06-04T12:02:44.739+0000] {taskinstance.py:3312} INFO - 0 downstream tasks scheduled from follow-on schedule check
[2024-06-04T12:11:55.320+0000] {taskinstance.py:1979} INFO - Dependencies all met for dep_context=non-requeueable deps ti=<TaskInstance: dag_runs.delete_data_from_table scheduled__2024-05-20T12:00:00+00:00 [queued]>
[2024-06-04T12:11:55.335+0000] {taskinstance.py:1979} INFO - Dependencies all met for dep_context=requeueable deps ti=<TaskInstance: dag_runs.delete_data_from_table scheduled__2024-05-20T12:00:00+00:00 [queued]>
[2024-06-04T12:11:55.335+0000] {taskinstance.py:2193} INFO - Starting attempt 1 of 4
[2024-06-04T12:11:55.423+0000] {taskinstance.py:2217} INFO - Executing <Task(PostgresOperator): delete_data_from_table> on 2024-05-20 12:00:00+00:00
[2024-06-04T12:11:55.434+0000] {standard_task_runner.py:60} INFO - Started process 448 to run task
[2024-06-04T12:11:55.439+0000] {standard_task_runner.py:87} INFO - Running: ['***', 'tasks', 'run', 'dag_runs', 'delete_data_from_table', 'scheduled__2024-05-20T12:00:00+00:00', '--job-id', '629', '--raw', '--subdir', 'DAGS_FOLDER/dag_runs.py', '--cfg-path', '/tmp/tmpyz4lszo5']
[2024-06-04T12:11:55.441+0000] {standard_task_runner.py:88} INFO - Job 629: Subtask delete_data_from_table
[2024-06-04T12:11:55.717+0000] {task_command.py:423} INFO - Running <TaskInstance: dag_runs.delete_data_from_table scheduled__2024-05-20T12:00:00+00:00 [running]> on host d20949f126de
[2024-06-04T12:11:56.025+0000] {taskinstance.py:2513} INFO - Exporting env vars: AIRFLOW_CTX_DAG_OWNER='***' AIRFLOW_CTX_DAG_ID='dag_runs' AIRFLOW_CTX_TASK_ID='delete_data_from_table' AIRFLOW_CTX_EXECUTION_DATE='2024-05-20T12:00:00+00:00' AIRFLOW_CTX_TRY_NUMBER='1' AIRFLOW_CTX_DAG_RUN_ID='scheduled__2024-05-20T12:00:00+00:00'
[2024-06-04T12:11:56.027+0000] {sql.py:276} INFO - Executing: 
            delete from dag_runs where dt = '2024-05-20' and dag_id = 'dag_runs';
        
[2024-06-04T12:11:56.038+0000] {base.py:83} INFO - Using connection ID 'postgres_localhost' for task execution.
[2024-06-04T12:11:56.049+0000] {base.py:83} INFO - Using connection ID 'postgres_localhost' for task execution.
[2024-06-04T12:11:56.120+0000] {sql.py:457} INFO - Running statement: 
            delete from dag_runs where dt = '2024-05-20' and dag_id = 'dag_runs';
        , parameters: None
[2024-06-04T12:11:56.121+0000] {sql.py:466} INFO - Rows affected: 0
[2024-06-04T12:11:56.122+0000] {warnings.py:109} WARNING - /home/***/.local/lib/python3.8/site-packages/***/providers/common/sql/hooks/sql.py:407: AirflowProviderDeprecationWarning: Call to deprecated method _make_common_data_structure. (The `_make_serializable` method is deprecated and support will be removed in a future version of the common.sql provider. Please update the DbApiHook's provider to a version based on common.sql >= 1.9.1.)
  result = self._make_common_data_structure(handler(cur))

[2024-06-04T12:11:56.135+0000] {taskinstance.py:1149} INFO - Marking task as SUCCESS. dag_id=dag_runs, task_id=delete_data_from_table, execution_date=20240520T120000, start_date=20240604T121155, end_date=20240604T121156
[2024-06-04T12:11:56.235+0000] {local_task_job_runner.py:234} INFO - Task exited with return code 0
[2024-06-04T12:11:56.318+0000] {warnings.py:109} WARNING - /home/***/.local/lib/python3.8/site-packages/***/models/baseoperator.py:1201: AirflowProviderDeprecationWarning: Call to deprecated class PostgresOperator. (Please use `***.providers.common.sql.operators.sql.SQLExecuteQueryOperator`.Also, you can provide `hook_params={'schema': <database>}`.)
  result = cls.__new__(cls)

[2024-06-04T12:11:56.342+0000] {taskinstance.py:3312} INFO - 1 downstream tasks scheduled from follow-on schedule check
