[2024-06-04T10:05:24.008+0000] {taskinstance.py:1979} INFO - Dependencies all met for dep_context=non-requeueable deps ti=<TaskInstance: dag_runs.delete_data_from_table scheduled__2024-05-06T12:00:00+00:00 [queued]>
[2024-06-04T10:05:24.093+0000] {taskinstance.py:1979} INFO - Dependencies all met for dep_context=requeueable deps ti=<TaskInstance: dag_runs.delete_data_from_table scheduled__2024-05-06T12:00:00+00:00 [queued]>
[2024-06-04T10:05:24.093+0000] {taskinstance.py:2193} INFO - Starting attempt 1 of 2
[2024-06-04T10:05:24.191+0000] {taskinstance.py:2217} INFO - Executing <Task(PostgresOperator): delete_data_from_table> on 2024-05-06 12:00:00+00:00
[2024-06-04T10:05:24.204+0000] {standard_task_runner.py:60} INFO - Started process 250 to run task
[2024-06-04T10:05:24.285+0000] {standard_task_runner.py:87} INFO - Running: ['***', 'tasks', 'run', 'dag_runs', 'delete_data_from_table', 'scheduled__2024-05-06T12:00:00+00:00', '--job-id', '285', '--raw', '--subdir', 'DAGS_FOLDER/dag_runs.py', '--cfg-path', '/tmp/tmpfibjkjhk']
[2024-06-04T10:05:24.287+0000] {standard_task_runner.py:88} INFO - Job 285: Subtask delete_data_from_table
[2024-06-04T10:05:24.695+0000] {task_command.py:423} INFO - Running <TaskInstance: dag_runs.delete_data_from_table scheduled__2024-05-06T12:00:00+00:00 [running]> on host d20949f126de
[2024-06-04T10:05:25.388+0000] {taskinstance.py:2513} INFO - Exporting env vars: AIRFLOW_CTX_DAG_OWNER='***' AIRFLOW_CTX_DAG_ID='dag_runs' AIRFLOW_CTX_TASK_ID='delete_data_from_table' AIRFLOW_CTX_EXECUTION_DATE='2024-05-06T12:00:00+00:00' AIRFLOW_CTX_TRY_NUMBER='1' AIRFLOW_CTX_DAG_RUN_ID='scheduled__2024-05-06T12:00:00+00:00'
[2024-06-04T10:05:25.389+0000] {sql.py:276} INFO - Executing: 
            delete from dag_runs where dt = '2024-05-06' and dag_id = 'dag_runs';
        
[2024-06-04T10:05:25.489+0000] {base.py:83} INFO - Using connection ID 'postgres_localhost' for task execution.
[2024-06-04T10:05:25.583+0000] {base.py:83} INFO - Using connection ID 'postgres_localhost' for task execution.
[2024-06-04T10:05:25.600+0000] {sql.py:457} INFO - Running statement: 
            delete from dag_runs where dt = '2024-05-06' and dag_id = 'dag_runs';
        , parameters: None
[2024-06-04T10:05:25.602+0000] {sql.py:466} INFO - Rows affected: 0
[2024-06-04T10:05:25.604+0000] {warnings.py:109} WARNING - /home/***/.local/lib/python3.8/site-packages/***/providers/common/sql/hooks/sql.py:407: AirflowProviderDeprecationWarning: Call to deprecated method _make_common_data_structure. (The `_make_serializable` method is deprecated and support will be removed in a future version of the common.sql provider. Please update the DbApiHook's provider to a version based on common.sql >= 1.9.1.)
  result = self._make_common_data_structure(handler(cur))

[2024-06-04T10:05:25.783+0000] {taskinstance.py:1149} INFO - Marking task as SUCCESS. dag_id=dag_runs, task_id=delete_data_from_table, execution_date=20240506T120000, start_date=20240604T100524, end_date=20240604T100525
[2024-06-04T10:05:25.982+0000] {local_task_job_runner.py:234} INFO - Task exited with return code 0
[2024-06-04T10:05:26.002+0000] {warnings.py:109} WARNING - /home/***/.local/lib/python3.8/site-packages/***/models/baseoperator.py:1201: AirflowProviderDeprecationWarning: Call to deprecated class PostgresOperator. (Please use `***.providers.common.sql.operators.sql.SQLExecuteQueryOperator`.Also, you can provide `hook_params={'schema': <database>}`.)
  result = cls.__new__(cls)

[2024-06-04T10:05:26.107+0000] {taskinstance.py:3312} INFO - 1 downstream tasks scheduled from follow-on schedule check
[2024-06-04T12:02:00.816+0000] {taskinstance.py:1979} INFO - Dependencies all met for dep_context=non-requeueable deps ti=<TaskInstance: dag_runs.delete_data_from_table scheduled__2024-05-06T12:00:00+00:00 [queued]>
[2024-06-04T12:02:00.921+0000] {taskinstance.py:1979} INFO - Dependencies all met for dep_context=requeueable deps ti=<TaskInstance: dag_runs.delete_data_from_table scheduled__2024-05-06T12:00:00+00:00 [queued]>
[2024-06-04T12:02:00.921+0000] {taskinstance.py:2193} INFO - Starting attempt 1 of 4
[2024-06-04T12:02:01.224+0000] {taskinstance.py:2217} INFO - Executing <Task(PostgresOperator): delete_data_from_table> on 2024-05-06 12:00:00+00:00
[2024-06-04T12:02:01.325+0000] {standard_task_runner.py:60} INFO - Started process 271 to run task
[2024-06-04T12:02:01.419+0000] {standard_task_runner.py:87} INFO - Running: ['***', 'tasks', 'run', 'dag_runs', 'delete_data_from_table', 'scheduled__2024-05-06T12:00:00+00:00', '--job-id', '426', '--raw', '--subdir', 'DAGS_FOLDER/dag_runs.py', '--cfg-path', '/tmp/tmprmqghbun']
[2024-06-04T12:02:01.420+0000] {standard_task_runner.py:88} INFO - Job 426: Subtask delete_data_from_table
[2024-06-04T12:02:02.519+0000] {task_command.py:423} INFO - Running <TaskInstance: dag_runs.delete_data_from_table scheduled__2024-05-06T12:00:00+00:00 [running]> on host d20949f126de
[2024-06-04T12:02:03.919+0000] {taskinstance.py:2513} INFO - Exporting env vars: AIRFLOW_CTX_DAG_OWNER='***' AIRFLOW_CTX_DAG_ID='dag_runs' AIRFLOW_CTX_TASK_ID='delete_data_from_table' AIRFLOW_CTX_EXECUTION_DATE='2024-05-06T12:00:00+00:00' AIRFLOW_CTX_TRY_NUMBER='1' AIRFLOW_CTX_DAG_RUN_ID='scheduled__2024-05-06T12:00:00+00:00'
[2024-06-04T12:02:03.921+0000] {sql.py:276} INFO - Executing: 
            delete from dag_runs
        
[2024-06-04T12:02:04.219+0000] {base.py:83} INFO - Using connection ID 'postgres_localhost' for task execution.
[2024-06-04T12:02:04.423+0000] {base.py:83} INFO - Using connection ID 'postgres_localhost' for task execution.
[2024-06-04T12:02:04.522+0000] {sql.py:457} INFO - Running statement: 
            delete from dag_runs
        , parameters: None
[2024-06-04T12:02:04.523+0000] {sql.py:466} INFO - Rows affected: 0
[2024-06-04T12:02:04.524+0000] {warnings.py:109} WARNING - /home/***/.local/lib/python3.8/site-packages/***/providers/common/sql/hooks/sql.py:407: AirflowProviderDeprecationWarning: Call to deprecated method _make_common_data_structure. (The `_make_serializable` method is deprecated and support will be removed in a future version of the common.sql provider. Please update the DbApiHook's provider to a version based on common.sql >= 1.9.1.)
  result = self._make_common_data_structure(handler(cur))

[2024-06-04T12:02:04.719+0000] {taskinstance.py:1149} INFO - Marking task as SUCCESS. dag_id=dag_runs, task_id=delete_data_from_table, execution_date=20240506T120000, start_date=20240604T120200, end_date=20240604T120204
[2024-06-04T12:02:05.615+0000] {local_task_job_runner.py:234} INFO - Task exited with return code 0
[2024-06-04T12:02:06.127+0000] {warnings.py:109} WARNING - /home/***/.local/lib/python3.8/site-packages/***/models/baseoperator.py:1201: AirflowProviderDeprecationWarning: Call to deprecated class PostgresOperator. (Please use `***.providers.common.sql.operators.sql.SQLExecuteQueryOperator`.Also, you can provide `hook_params={'schema': <database>}`.)
  result = cls.__new__(cls)

[2024-06-04T12:02:06.245+0000] {taskinstance.py:3312} INFO - 0 downstream tasks scheduled from follow-on schedule check
[2024-06-04T12:11:00.917+0000] {taskinstance.py:1979} INFO - Dependencies all met for dep_context=non-requeueable deps ti=<TaskInstance: dag_runs.delete_data_from_table scheduled__2024-05-06T12:00:00+00:00 [queued]>
[2024-06-04T12:11:00.943+0000] {taskinstance.py:1979} INFO - Dependencies all met for dep_context=requeueable deps ti=<TaskInstance: dag_runs.delete_data_from_table scheduled__2024-05-06T12:00:00+00:00 [queued]>
[2024-06-04T12:11:00.943+0000] {taskinstance.py:2193} INFO - Starting attempt 1 of 4
[2024-06-04T12:11:01.030+0000] {taskinstance.py:2217} INFO - Executing <Task(PostgresOperator): delete_data_from_table> on 2024-05-06 12:00:00+00:00
[2024-06-04T12:11:01.122+0000] {standard_task_runner.py:60} INFO - Started process 257 to run task
[2024-06-04T12:11:01.128+0000] {standard_task_runner.py:87} INFO - Running: ['***', 'tasks', 'run', 'dag_runs', 'delete_data_from_table', 'scheduled__2024-05-06T12:00:00+00:00', '--job-id', '568', '--raw', '--subdir', 'DAGS_FOLDER/dag_runs.py', '--cfg-path', '/tmp/tmptzyx8hu5']
[2024-06-04T12:11:01.130+0000] {standard_task_runner.py:88} INFO - Job 568: Subtask delete_data_from_table
[2024-06-04T12:11:01.424+0000] {task_command.py:423} INFO - Running <TaskInstance: dag_runs.delete_data_from_table scheduled__2024-05-06T12:00:00+00:00 [running]> on host d20949f126de
[2024-06-04T12:11:01.925+0000] {taskinstance.py:2513} INFO - Exporting env vars: AIRFLOW_CTX_DAG_OWNER='***' AIRFLOW_CTX_DAG_ID='dag_runs' AIRFLOW_CTX_TASK_ID='delete_data_from_table' AIRFLOW_CTX_EXECUTION_DATE='2024-05-06T12:00:00+00:00' AIRFLOW_CTX_TRY_NUMBER='1' AIRFLOW_CTX_DAG_RUN_ID='scheduled__2024-05-06T12:00:00+00:00'
[2024-06-04T12:11:01.930+0000] {sql.py:276} INFO - Executing: 
            delete from dag_runs where dt = '2024-05-06' and dag_id = 'dag_runs';
        
[2024-06-04T12:11:02.029+0000] {base.py:83} INFO - Using connection ID 'postgres_localhost' for task execution.
[2024-06-04T12:11:02.135+0000] {base.py:83} INFO - Using connection ID 'postgres_localhost' for task execution.
[2024-06-04T12:11:02.223+0000] {sql.py:457} INFO - Running statement: 
            delete from dag_runs where dt = '2024-05-06' and dag_id = 'dag_runs';
        , parameters: None
[2024-06-04T12:11:02.225+0000] {sql.py:466} INFO - Rows affected: 0
[2024-06-04T12:11:02.226+0000] {warnings.py:109} WARNING - /home/***/.local/lib/python3.8/site-packages/***/providers/common/sql/hooks/sql.py:407: AirflowProviderDeprecationWarning: Call to deprecated method _make_common_data_structure. (The `_make_serializable` method is deprecated and support will be removed in a future version of the common.sql provider. Please update the DbApiHook's provider to a version based on common.sql >= 1.9.1.)
  result = self._make_common_data_structure(handler(cur))

[2024-06-04T12:11:02.317+0000] {taskinstance.py:1149} INFO - Marking task as SUCCESS. dag_id=dag_runs, task_id=delete_data_from_table, execution_date=20240506T120000, start_date=20240604T121100, end_date=20240604T121102
[2024-06-04T12:11:02.615+0000] {local_task_job_runner.py:234} INFO - Task exited with return code 0
[2024-06-04T12:11:02.632+0000] {warnings.py:109} WARNING - /home/***/.local/lib/python3.8/site-packages/***/models/baseoperator.py:1201: AirflowProviderDeprecationWarning: Call to deprecated class PostgresOperator. (Please use `***.providers.common.sql.operators.sql.SQLExecuteQueryOperator`.Also, you can provide `hook_params={'schema': <database>}`.)
  result = cls.__new__(cls)

[2024-06-04T12:11:02.734+0000] {taskinstance.py:3312} INFO - 1 downstream tasks scheduled from follow-on schedule check
