[2024-06-04T10:05:11.794+0000] {taskinstance.py:1979} INFO - Dependencies all met for dep_context=non-requeueable deps ti=<TaskInstance: dag_runs.create_postgres_table scheduled__2024-05-01T12:00:00+00:00 [queued]>
[2024-06-04T10:05:11.805+0000] {taskinstance.py:1979} INFO - Dependencies all met for dep_context=requeueable deps ti=<TaskInstance: dag_runs.create_postgres_table scheduled__2024-05-01T12:00:00+00:00 [queued]>
[2024-06-04T10:05:11.806+0000] {taskinstance.py:2193} INFO - Starting attempt 1 of 2
[2024-06-04T10:05:11.929+0000] {taskinstance.py:2217} INFO - Executing <Task(PostgresOperator): create_postgres_table> on 2024-05-01 12:00:00+00:00
[2024-06-04T10:05:11.984+0000] {standard_task_runner.py:60} INFO - Started process 194 to run task
[2024-06-04T10:05:11.988+0000] {standard_task_runner.py:87} INFO - Running: ['***', 'tasks', 'run', 'dag_runs', 'create_postgres_table', 'scheduled__2024-05-01T12:00:00+00:00', '--job-id', '266', '--raw', '--subdir', 'DAGS_FOLDER/dag_runs.py', '--cfg-path', '/tmp/tmp71s6ccju']
[2024-06-04T10:05:11.989+0000] {standard_task_runner.py:88} INFO - Job 266: Subtask create_postgres_table
[2024-06-04T10:05:12.118+0000] {task_command.py:423} INFO - Running <TaskInstance: dag_runs.create_postgres_table scheduled__2024-05-01T12:00:00+00:00 [running]> on host d20949f126de
[2024-06-04T10:05:12.593+0000] {taskinstance.py:2513} INFO - Exporting env vars: AIRFLOW_CTX_DAG_OWNER='***' AIRFLOW_CTX_DAG_ID='dag_runs' AIRFLOW_CTX_TASK_ID='create_postgres_table' AIRFLOW_CTX_EXECUTION_DATE='2024-05-01T12:00:00+00:00' AIRFLOW_CTX_TRY_NUMBER='1' AIRFLOW_CTX_DAG_RUN_ID='scheduled__2024-05-01T12:00:00+00:00'
[2024-06-04T10:05:12.594+0000] {sql.py:276} INFO - Executing: 
            create table if not exists dag_runs (
                dt date,
                dag_id character varying,
                primary key (dt, dag_id)
            )
        
[2024-06-04T10:05:12.607+0000] {base.py:83} INFO - Using connection ID 'postgres_localhost' for task execution.
[2024-06-04T10:05:12.683+0000] {base.py:83} INFO - Using connection ID 'postgres_localhost' for task execution.
[2024-06-04T10:05:12.689+0000] {sql.py:457} INFO - Running statement: 
            create table if not exists dag_runs (
                dt date,
                dag_id character varying,
                primary key (dt, dag_id)
            )
        , parameters: None
[2024-06-04T10:05:12.691+0000] {warnings.py:109} WARNING - /home/***/.local/lib/python3.8/site-packages/***/providers/common/sql/hooks/sql.py:407: AirflowProviderDeprecationWarning: Call to deprecated method _make_common_data_structure. (The `_make_serializable` method is deprecated and support will be removed in a future version of the common.sql provider. Please update the DbApiHook's provider to a version based on common.sql >= 1.9.1.)
  result = self._make_common_data_structure(handler(cur))

[2024-06-04T10:05:12.706+0000] {taskinstance.py:1149} INFO - Marking task as SUCCESS. dag_id=dag_runs, task_id=create_postgres_table, execution_date=20240501T120000, start_date=20240604T100511, end_date=20240604T100512
[2024-06-04T10:05:12.822+0000] {local_task_job_runner.py:234} INFO - Task exited with return code 0
[2024-06-04T10:05:12.911+0000] {warnings.py:109} WARNING - /home/***/.local/lib/python3.8/site-packages/***/models/baseoperator.py:1201: AirflowProviderDeprecationWarning: Call to deprecated class PostgresOperator. (Please use `***.providers.common.sql.operators.sql.SQLExecuteQueryOperator`.Also, you can provide `hook_params={'schema': <database>}`.)
  result = cls.__new__(cls)

[2024-06-04T10:05:13.003+0000] {taskinstance.py:3312} INFO - 1 downstream tasks scheduled from follow-on schedule check
[2024-06-04T12:01:44.740+0000] {taskinstance.py:1979} INFO - Dependencies all met for dep_context=non-requeueable deps ti=<TaskInstance: dag_runs.create_postgres_table scheduled__2024-05-01T12:00:00+00:00 [queued]>
[2024-06-04T12:01:44.751+0000] {taskinstance.py:1979} INFO - Dependencies all met for dep_context=requeueable deps ti=<TaskInstance: dag_runs.create_postgres_table scheduled__2024-05-01T12:00:00+00:00 [queued]>
[2024-06-04T12:01:44.752+0000] {taskinstance.py:2193} INFO - Starting attempt 1 of 4
[2024-06-04T12:01:44.838+0000] {taskinstance.py:2217} INFO - Executing <Task(PostgresOperator): create_postgres_table> on 2024-05-01 12:00:00+00:00
[2024-06-04T12:01:44.850+0000] {standard_task_runner.py:60} INFO - Started process 202 to run task
[2024-06-04T12:01:44.915+0000] {standard_task_runner.py:87} INFO - Running: ['***', 'tasks', 'run', 'dag_runs', 'create_postgres_table', 'scheduled__2024-05-01T12:00:00+00:00', '--job-id', '406', '--raw', '--subdir', 'DAGS_FOLDER/dag_runs.py', '--cfg-path', '/tmp/tmpim1wxnc6']
[2024-06-04T12:01:44.917+0000] {standard_task_runner.py:88} INFO - Job 406: Subtask create_postgres_table
[2024-06-04T12:01:45.041+0000] {task_command.py:423} INFO - Running <TaskInstance: dag_runs.create_postgres_table scheduled__2024-05-01T12:00:00+00:00 [running]> on host d20949f126de
[2024-06-04T12:01:45.343+0000] {taskinstance.py:2513} INFO - Exporting env vars: AIRFLOW_CTX_DAG_OWNER='***' AIRFLOW_CTX_DAG_ID='dag_runs' AIRFLOW_CTX_TASK_ID='create_postgres_table' AIRFLOW_CTX_EXECUTION_DATE='2024-05-01T12:00:00+00:00' AIRFLOW_CTX_TRY_NUMBER='1' AIRFLOW_CTX_DAG_RUN_ID='scheduled__2024-05-01T12:00:00+00:00'
[2024-06-04T12:01:45.344+0000] {sql.py:276} INFO - Executing: 
            create table if not exists dag_runs (
                dt date,
                dag_id character varying,
                primary key (dt, dag_id)
            )
        
[2024-06-04T12:01:45.426+0000] {base.py:83} INFO - Using connection ID 'postgres_localhost' for task execution.
[2024-06-04T12:01:45.443+0000] {base.py:83} INFO - Using connection ID 'postgres_localhost' for task execution.
[2024-06-04T12:01:45.518+0000] {sql.py:457} INFO - Running statement: 
            create table if not exists dag_runs (
                dt date,
                dag_id character varying,
                primary key (dt, dag_id)
            )
        , parameters: None
[2024-06-04T12:01:45.520+0000] {warnings.py:109} WARNING - /home/***/.local/lib/python3.8/site-packages/***/providers/common/sql/hooks/sql.py:407: AirflowProviderDeprecationWarning: Call to deprecated method _make_common_data_structure. (The `_make_serializable` method is deprecated and support will be removed in a future version of the common.sql provider. Please update the DbApiHook's provider to a version based on common.sql >= 1.9.1.)
  result = self._make_common_data_structure(handler(cur))

[2024-06-04T12:01:45.537+0000] {taskinstance.py:1149} INFO - Marking task as SUCCESS. dag_id=dag_runs, task_id=create_postgres_table, execution_date=20240501T120000, start_date=20240604T120144, end_date=20240604T120145
[2024-06-04T12:01:45.658+0000] {local_task_job_runner.py:234} INFO - Task exited with return code 0
[2024-06-04T12:01:45.945+0000] {warnings.py:109} WARNING - /home/***/.local/lib/python3.8/site-packages/***/models/baseoperator.py:1201: AirflowProviderDeprecationWarning: Call to deprecated class PostgresOperator. (Please use `***.providers.common.sql.operators.sql.SQLExecuteQueryOperator`.Also, you can provide `hook_params={'schema': <database>}`.)
  result = cls.__new__(cls)

[2024-06-04T12:01:46.029+0000] {taskinstance.py:3312} INFO - 0 downstream tasks scheduled from follow-on schedule check
[2024-06-04T12:10:45.618+0000] {taskinstance.py:1979} INFO - Dependencies all met for dep_context=non-requeueable deps ti=<TaskInstance: dag_runs.create_postgres_table scheduled__2024-05-01T12:00:00+00:00 [queued]>
[2024-06-04T12:10:45.718+0000] {taskinstance.py:1979} INFO - Dependencies all met for dep_context=requeueable deps ti=<TaskInstance: dag_runs.create_postgres_table scheduled__2024-05-01T12:00:00+00:00 [queued]>
[2024-06-04T12:10:45.719+0000] {taskinstance.py:2193} INFO - Starting attempt 1 of 4
[2024-06-04T12:10:45.820+0000] {taskinstance.py:2217} INFO - Executing <Task(PostgresOperator): create_postgres_table> on 2024-05-01 12:00:00+00:00
[2024-06-04T12:10:45.916+0000] {standard_task_runner.py:60} INFO - Started process 199 to run task
[2024-06-04T12:10:45.923+0000] {standard_task_runner.py:87} INFO - Running: ['***', 'tasks', 'run', 'dag_runs', 'create_postgres_table', 'scheduled__2024-05-01T12:00:00+00:00', '--job-id', '548', '--raw', '--subdir', 'DAGS_FOLDER/dag_runs.py', '--cfg-path', '/tmp/tmp81x6xugv']
[2024-06-04T12:10:45.925+0000] {standard_task_runner.py:88} INFO - Job 548: Subtask create_postgres_table
[2024-06-04T12:10:46.322+0000] {task_command.py:423} INFO - Running <TaskInstance: dag_runs.create_postgres_table scheduled__2024-05-01T12:00:00+00:00 [running]> on host d20949f126de
[2024-06-04T12:10:47.116+0000] {taskinstance.py:2513} INFO - Exporting env vars: AIRFLOW_CTX_DAG_OWNER='***' AIRFLOW_CTX_DAG_ID='dag_runs' AIRFLOW_CTX_TASK_ID='create_postgres_table' AIRFLOW_CTX_EXECUTION_DATE='2024-05-01T12:00:00+00:00' AIRFLOW_CTX_TRY_NUMBER='1' AIRFLOW_CTX_DAG_RUN_ID='scheduled__2024-05-01T12:00:00+00:00'
[2024-06-04T12:10:47.118+0000] {sql.py:276} INFO - Executing: 
            create table if not exists dag_runs (
                dt date,
                dag_id character varying,
                primary key (dt, dag_id)
            )
        
[2024-06-04T12:10:47.223+0000] {base.py:83} INFO - Using connection ID 'postgres_localhost' for task execution.
[2024-06-04T12:10:47.327+0000] {base.py:83} INFO - Using connection ID 'postgres_localhost' for task execution.
[2024-06-04T12:10:47.420+0000] {sql.py:457} INFO - Running statement: 
            create table if not exists dag_runs (
                dt date,
                dag_id character varying,
                primary key (dt, dag_id)
            )
        , parameters: None
[2024-06-04T12:10:47.421+0000] {warnings.py:109} WARNING - /home/***/.local/lib/python3.8/site-packages/***/providers/common/sql/hooks/sql.py:407: AirflowProviderDeprecationWarning: Call to deprecated method _make_common_data_structure. (The `_make_serializable` method is deprecated and support will be removed in a future version of the common.sql provider. Please update the DbApiHook's provider to a version based on common.sql >= 1.9.1.)
  result = self._make_common_data_structure(handler(cur))

[2024-06-04T12:10:47.519+0000] {taskinstance.py:1149} INFO - Marking task as SUCCESS. dag_id=dag_runs, task_id=create_postgres_table, execution_date=20240501T120000, start_date=20240604T121045, end_date=20240604T121047
[2024-06-04T12:10:47.815+0000] {local_task_job_runner.py:234} INFO - Task exited with return code 0
[2024-06-04T12:10:47.915+0000] {warnings.py:109} WARNING - /home/***/.local/lib/python3.8/site-packages/***/models/baseoperator.py:1201: AirflowProviderDeprecationWarning: Call to deprecated class PostgresOperator. (Please use `***.providers.common.sql.operators.sql.SQLExecuteQueryOperator`.Also, you can provide `hook_params={'schema': <database>}`.)
  result = cls.__new__(cls)

[2024-06-04T12:10:48.026+0000] {taskinstance.py:3312} INFO - 1 downstream tasks scheduled from follow-on schedule check
