[2024-06-04T10:05:36.709+0000] {taskinstance.py:1979} INFO - Dependencies all met for dep_context=non-requeueable deps ti=<TaskInstance: dag_runs.delete_data_from_table scheduled__2024-05-15T12:00:00+00:00 [queued]>
[2024-06-04T10:05:36.800+0000] {taskinstance.py:1979} INFO - Dependencies all met for dep_context=requeueable deps ti=<TaskInstance: dag_runs.delete_data_from_table scheduled__2024-05-15T12:00:00+00:00 [queued]>
[2024-06-04T10:05:36.800+0000] {taskinstance.py:2193} INFO - Starting attempt 1 of 2
[2024-06-04T10:05:36.902+0000] {taskinstance.py:2217} INFO - Executing <Task(PostgresOperator): delete_data_from_table> on 2024-05-15 12:00:00+00:00
[2024-06-04T10:05:36.991+0000] {standard_task_runner.py:60} INFO - Started process 309 to run task
[2024-06-04T10:05:37.006+0000] {standard_task_runner.py:87} INFO - Running: ['***', 'tasks', 'run', 'dag_runs', 'delete_data_from_table', 'scheduled__2024-05-15T12:00:00+00:00', '--job-id', '303', '--raw', '--subdir', 'DAGS_FOLDER/dag_runs.py', '--cfg-path', '/tmp/tmp0kkv1lbs']
[2024-06-04T10:05:37.008+0000] {standard_task_runner.py:88} INFO - Job 303: Subtask delete_data_from_table
[2024-06-04T10:05:37.387+0000] {task_command.py:423} INFO - Running <TaskInstance: dag_runs.delete_data_from_table scheduled__2024-05-15T12:00:00+00:00 [running]> on host d20949f126de
[2024-06-04T10:05:37.898+0000] {taskinstance.py:2513} INFO - Exporting env vars: AIRFLOW_CTX_DAG_OWNER='***' AIRFLOW_CTX_DAG_ID='dag_runs' AIRFLOW_CTX_TASK_ID='delete_data_from_table' AIRFLOW_CTX_EXECUTION_DATE='2024-05-15T12:00:00+00:00' AIRFLOW_CTX_TRY_NUMBER='1' AIRFLOW_CTX_DAG_RUN_ID='scheduled__2024-05-15T12:00:00+00:00'
[2024-06-04T10:05:37.902+0000] {sql.py:276} INFO - Executing: 
            delete from dag_runs where dt = '2024-05-15' and dag_id = 'dag_runs';
        
[2024-06-04T10:05:38.012+0000] {base.py:83} INFO - Using connection ID 'postgres_localhost' for task execution.
[2024-06-04T10:05:38.204+0000] {base.py:83} INFO - Using connection ID 'postgres_localhost' for task execution.
[2024-06-04T10:05:38.394+0000] {sql.py:457} INFO - Running statement: 
            delete from dag_runs where dt = '2024-05-15' and dag_id = 'dag_runs';
        , parameters: None
[2024-06-04T10:05:38.401+0000] {sql.py:466} INFO - Rows affected: 0
[2024-06-04T10:05:38.402+0000] {warnings.py:109} WARNING - /home/***/.local/lib/python3.8/site-packages/***/providers/common/sql/hooks/sql.py:407: AirflowProviderDeprecationWarning: Call to deprecated method _make_common_data_structure. (The `_make_serializable` method is deprecated and support will be removed in a future version of the common.sql provider. Please update the DbApiHook's provider to a version based on common.sql >= 1.9.1.)
  result = self._make_common_data_structure(handler(cur))

[2024-06-04T10:05:38.601+0000] {taskinstance.py:1149} INFO - Marking task as SUCCESS. dag_id=dag_runs, task_id=delete_data_from_table, execution_date=20240515T120000, start_date=20240604T100536, end_date=20240604T100538
[2024-06-04T10:05:39.282+0000] {local_task_job_runner.py:234} INFO - Task exited with return code 0
[2024-06-04T10:05:39.394+0000] {warnings.py:109} WARNING - /home/***/.local/lib/python3.8/site-packages/***/models/baseoperator.py:1201: AirflowProviderDeprecationWarning: Call to deprecated class PostgresOperator. (Please use `***.providers.common.sql.operators.sql.SQLExecuteQueryOperator`.Also, you can provide `hook_params={'schema': <database>}`.)
  result = cls.__new__(cls)

[2024-06-04T10:05:39.493+0000] {taskinstance.py:3312} INFO - 1 downstream tasks scheduled from follow-on schedule check
[2024-06-04T12:02:19.938+0000] {taskinstance.py:1979} INFO - Dependencies all met for dep_context=non-requeueable deps ti=<TaskInstance: dag_runs.delete_data_from_table scheduled__2024-05-15T12:00:00+00:00 [queued]>
[2024-06-04T12:02:20.039+0000] {taskinstance.py:1979} INFO - Dependencies all met for dep_context=requeueable deps ti=<TaskInstance: dag_runs.delete_data_from_table scheduled__2024-05-15T12:00:00+00:00 [queued]>
[2024-06-04T12:02:20.115+0000] {taskinstance.py:2193} INFO - Starting attempt 1 of 4
[2024-06-04T12:02:20.230+0000] {taskinstance.py:2217} INFO - Executing <Task(PostgresOperator): delete_data_from_table> on 2024-05-15 12:00:00+00:00
[2024-06-04T12:02:20.331+0000] {standard_task_runner.py:60} INFO - Started process 344 to run task
[2024-06-04T12:02:20.427+0000] {standard_task_runner.py:87} INFO - Running: ['***', 'tasks', 'run', 'dag_runs', 'delete_data_from_table', 'scheduled__2024-05-15T12:00:00+00:00', '--job-id', '448', '--raw', '--subdir', 'DAGS_FOLDER/dag_runs.py', '--cfg-path', '/tmp/tmpyu7v_9ry']
[2024-06-04T12:02:20.429+0000] {standard_task_runner.py:88} INFO - Job 448: Subtask delete_data_from_table
[2024-06-04T12:02:20.839+0000] {task_command.py:423} INFO - Running <TaskInstance: dag_runs.delete_data_from_table scheduled__2024-05-15T12:00:00+00:00 [running]> on host d20949f126de
[2024-06-04T12:02:21.521+0000] {taskinstance.py:2513} INFO - Exporting env vars: AIRFLOW_CTX_DAG_OWNER='***' AIRFLOW_CTX_DAG_ID='dag_runs' AIRFLOW_CTX_TASK_ID='delete_data_from_table' AIRFLOW_CTX_EXECUTION_DATE='2024-05-15T12:00:00+00:00' AIRFLOW_CTX_TRY_NUMBER='1' AIRFLOW_CTX_DAG_RUN_ID='scheduled__2024-05-15T12:00:00+00:00'
[2024-06-04T12:02:21.525+0000] {sql.py:276} INFO - Executing: 
            delete from dag_runs
        
[2024-06-04T12:02:21.540+0000] {base.py:83} INFO - Using connection ID 'postgres_localhost' for task execution.
[2024-06-04T12:02:21.741+0000] {base.py:83} INFO - Using connection ID 'postgres_localhost' for task execution.
[2024-06-04T12:02:21.824+0000] {sql.py:457} INFO - Running statement: 
            delete from dag_runs
        , parameters: None
[2024-06-04T12:02:21.825+0000] {sql.py:466} INFO - Rows affected: 2
[2024-06-04T12:02:21.825+0000] {warnings.py:109} WARNING - /home/***/.local/lib/python3.8/site-packages/***/providers/common/sql/hooks/sql.py:407: AirflowProviderDeprecationWarning: Call to deprecated method _make_common_data_structure. (The `_make_serializable` method is deprecated and support will be removed in a future version of the common.sql provider. Please update the DbApiHook's provider to a version based on common.sql >= 1.9.1.)
  result = self._make_common_data_structure(handler(cur))

[2024-06-04T12:02:21.932+0000] {taskinstance.py:1149} INFO - Marking task as SUCCESS. dag_id=dag_runs, task_id=delete_data_from_table, execution_date=20240515T120000, start_date=20240604T120219, end_date=20240604T120221
[2024-06-04T12:02:22.440+0000] {local_task_job_runner.py:234} INFO - Task exited with return code 0
[2024-06-04T12:02:22.537+0000] {warnings.py:109} WARNING - /home/***/.local/lib/python3.8/site-packages/***/models/baseoperator.py:1201: AirflowProviderDeprecationWarning: Call to deprecated class PostgresOperator. (Please use `***.providers.common.sql.operators.sql.SQLExecuteQueryOperator`.Also, you can provide `hook_params={'schema': <database>}`.)
  result = cls.__new__(cls)

[2024-06-04T12:02:22.638+0000] {taskinstance.py:3312} INFO - 1 downstream tasks scheduled from follow-on schedule check
[2024-06-04T12:11:26.635+0000] {taskinstance.py:1979} INFO - Dependencies all met for dep_context=non-requeueable deps ti=<TaskInstance: dag_runs.delete_data_from_table scheduled__2024-05-15T12:00:00+00:00 [queued]>
[2024-06-04T12:11:26.721+0000] {taskinstance.py:1979} INFO - Dependencies all met for dep_context=requeueable deps ti=<TaskInstance: dag_runs.delete_data_from_table scheduled__2024-05-15T12:00:00+00:00 [queued]>
[2024-06-04T12:11:26.721+0000] {taskinstance.py:2193} INFO - Starting attempt 1 of 4
[2024-06-04T12:11:26.743+0000] {taskinstance.py:2217} INFO - Executing <Task(PostgresOperator): delete_data_from_table> on 2024-05-15 12:00:00+00:00
[2024-06-04T12:11:26.826+0000] {standard_task_runner.py:60} INFO - Started process 348 to run task
[2024-06-04T12:11:26.835+0000] {standard_task_runner.py:87} INFO - Running: ['***', 'tasks', 'run', 'dag_runs', 'delete_data_from_table', 'scheduled__2024-05-15T12:00:00+00:00', '--job-id', '595', '--raw', '--subdir', 'DAGS_FOLDER/dag_runs.py', '--cfg-path', '/tmp/tmpfu8z75v0']
[2024-06-04T12:11:26.836+0000] {standard_task_runner.py:88} INFO - Job 595: Subtask delete_data_from_table
[2024-06-04T12:11:27.230+0000] {task_command.py:423} INFO - Running <TaskInstance: dag_runs.delete_data_from_table scheduled__2024-05-15T12:00:00+00:00 [running]> on host d20949f126de
[2024-06-04T12:11:27.832+0000] {taskinstance.py:2513} INFO - Exporting env vars: AIRFLOW_CTX_DAG_OWNER='***' AIRFLOW_CTX_DAG_ID='dag_runs' AIRFLOW_CTX_TASK_ID='delete_data_from_table' AIRFLOW_CTX_EXECUTION_DATE='2024-05-15T12:00:00+00:00' AIRFLOW_CTX_TRY_NUMBER='1' AIRFLOW_CTX_DAG_RUN_ID='scheduled__2024-05-15T12:00:00+00:00'
[2024-06-04T12:11:27.835+0000] {sql.py:276} INFO - Executing: 
            delete from dag_runs where dt = '2024-05-15' and dag_id = 'dag_runs';
        
[2024-06-04T12:11:27.939+0000] {base.py:83} INFO - Using connection ID 'postgres_localhost' for task execution.
[2024-06-04T12:11:28.118+0000] {base.py:83} INFO - Using connection ID 'postgres_localhost' for task execution.
[2024-06-04T12:11:28.136+0000] {sql.py:457} INFO - Running statement: 
            delete from dag_runs where dt = '2024-05-15' and dag_id = 'dag_runs';
        , parameters: None
[2024-06-04T12:11:28.215+0000] {sql.py:466} INFO - Rows affected: 0
[2024-06-04T12:11:28.216+0000] {warnings.py:109} WARNING - /home/***/.local/lib/python3.8/site-packages/***/providers/common/sql/hooks/sql.py:407: AirflowProviderDeprecationWarning: Call to deprecated method _make_common_data_structure. (The `_make_serializable` method is deprecated and support will be removed in a future version of the common.sql provider. Please update the DbApiHook's provider to a version based on common.sql >= 1.9.1.)
  result = self._make_common_data_structure(handler(cur))

[2024-06-04T12:11:28.233+0000] {taskinstance.py:1149} INFO - Marking task as SUCCESS. dag_id=dag_runs, task_id=delete_data_from_table, execution_date=20240515T120000, start_date=20240604T121126, end_date=20240604T121128
[2024-06-04T12:11:28.515+0000] {local_task_job_runner.py:234} INFO - Task exited with return code 0
[2024-06-04T12:11:28.535+0000] {warnings.py:109} WARNING - /home/***/.local/lib/python3.8/site-packages/***/models/baseoperator.py:1201: AirflowProviderDeprecationWarning: Call to deprecated class PostgresOperator. (Please use `***.providers.common.sql.operators.sql.SQLExecuteQueryOperator`.Also, you can provide `hook_params={'schema': <database>}`.)
  result = cls.__new__(cls)

[2024-06-04T12:11:28.716+0000] {taskinstance.py:3312} INFO - 1 downstream tasks scheduled from follow-on schedule check
