[2024-06-04T08:17:30.818+0000] {taskinstance.py:1979} INFO - Dependencies all met for dep_context=non-requeueable deps ti=<TaskInstance: dag_runs.delete_data_from_table scheduled__2023-05-02T00:00:00+00:00 [queued]>
[2024-06-04T08:17:30.919+0000] {taskinstance.py:1979} INFO - Dependencies all met for dep_context=requeueable deps ti=<TaskInstance: dag_runs.delete_data_from_table scheduled__2023-05-02T00:00:00+00:00 [queued]>
[2024-06-04T08:17:30.923+0000] {taskinstance.py:2193} INFO - Starting attempt 1 of 3
[2024-06-04T08:17:31.016+0000] {taskinstance.py:2217} INFO - Executing <Task(PostgresOperator): delete_data_from_table> on 2023-05-02 00:00:00+00:00
[2024-06-04T08:17:31.114+0000] {standard_task_runner.py:60} INFO - Started process 900 to run task
[2024-06-04T08:17:31.129+0000] {standard_task_runner.py:87} INFO - Running: ['***', 'tasks', 'run', 'dag_runs', 'delete_data_from_table', 'scheduled__2023-05-02T00:00:00+00:00', '--job-id', '116', '--raw', '--subdir', 'DAGS_FOLDER/dag_runs.py', '--cfg-path', '/tmp/tmp47sxgs4d']
[2024-06-04T08:17:31.200+0000] {standard_task_runner.py:88} INFO - Job 116: Subtask delete_data_from_table
[2024-06-04T08:17:31.501+0000] {task_command.py:423} INFO - Running <TaskInstance: dag_runs.delete_data_from_table scheduled__2023-05-02T00:00:00+00:00 [running]> on host d20949f126de
[2024-06-04T08:17:32.204+0000] {taskinstance.py:2513} INFO - Exporting env vars: AIRFLOW_CTX_DAG_OWNER='bsp' AIRFLOW_CTX_DAG_ID='dag_runs' AIRFLOW_CTX_TASK_ID='delete_data_from_table' AIRFLOW_CTX_EXECUTION_DATE='2023-05-02T00:00:00+00:00' AIRFLOW_CTX_TRY_NUMBER='1' AIRFLOW_CTX_DAG_RUN_ID='scheduled__2023-05-02T00:00:00+00:00'
[2024-06-04T08:17:32.206+0000] {sql.py:276} INFO - Executing: 
            delete from dag_runs where dt = '2023-05-02' and dag_id = 'dag_runs';
        
[2024-06-04T08:17:32.305+0000] {base.py:83} INFO - Using connection ID 'postgres_localhost' for task execution.
[2024-06-04T08:17:32.333+0000] {base.py:83} INFO - Using connection ID 'postgres_localhost' for task execution.
[2024-06-04T08:17:32.409+0000] {sql.py:457} INFO - Running statement: 
            delete from dag_runs where dt = '2023-05-02' and dag_id = 'dag_runs';
        , parameters: None
[2024-06-04T08:17:32.420+0000] {sql.py:466} INFO - Rows affected: 0
[2024-06-04T08:17:32.421+0000] {warnings.py:109} WARNING - /home/***/.local/lib/python3.8/site-packages/***/providers/common/sql/hooks/sql.py:407: AirflowProviderDeprecationWarning: Call to deprecated method _make_common_data_structure. (The `_make_serializable` method is deprecated and support will be removed in a future version of the common.sql provider. Please update the DbApiHook's provider to a version based on common.sql >= 1.9.1.)
  result = self._make_common_data_structure(handler(cur))

[2024-06-04T08:17:32.525+0000] {taskinstance.py:1149} INFO - Marking task as SUCCESS. dag_id=dag_runs, task_id=delete_data_from_table, execution_date=20230502T000000, start_date=20240604T081730, end_date=20240604T081732
[2024-06-04T08:17:32.801+0000] {local_task_job_runner.py:234} INFO - Task exited with return code 0
[2024-06-04T08:17:32.921+0000] {warnings.py:109} WARNING - /home/***/.local/lib/python3.8/site-packages/***/models/baseoperator.py:1201: AirflowProviderDeprecationWarning: Call to deprecated class PostgresOperator. (Please use `***.providers.common.sql.operators.sql.SQLExecuteQueryOperator`.Also, you can provide `hook_params={'schema': <database>}`.)
  result = cls.__new__(cls)

[2024-06-04T08:17:33.024+0000] {taskinstance.py:3312} INFO - 1 downstream tasks scheduled from follow-on schedule check
